[2023-12-02T23:45:01.100+0000] {processor.py:157} INFO - Started process (PID=42482) to work on /home/ubuntu/airflow/dags
[2023-12-02T23:45:01.101+0000] {processor.py:829} INFO - Processing file /home/ubuntu/airflow/dags for tasks to queue
[2023-12-02T23:45:01.104+0000] {logging_mixin.py:154} INFO - [2023-12-02T23:45:01.103+0000] {dagbag.py:536} INFO - Filling up the DagBag from /home/ubuntu/airflow/dags
[2023-12-02T23:45:01.121+0000] {processor.py:839} INFO - DAG(s) dict_keys(['zillow_analytics_dag']) retrieved from /home/ubuntu/airflow/dags
[2023-12-02T23:45:01.224+0000] {logging_mixin.py:154} INFO - [2023-12-02T23:45:01.224+0000] {dag.py:2941} INFO - Sync 1 DAGs
[2023-12-02T23:45:01.245+0000] {logging_mixin.py:154} INFO - [2023-12-02T23:45:01.245+0000] {dag.py:3722} INFO - Setting next_dagrun for zillow_analytics_dag to 2023-12-01T00:00:00+00:00, run_after=2023-12-02T00:00:00+00:00
[2023-12-02T23:45:01.270+0000] {processor.py:179} INFO - Processing /home/ubuntu/airflow/dags took 0.174 seconds
[2023-12-02T23:47:32.925+0000] {processor.py:157} INFO - Started process (PID=42627) to work on /home/ubuntu/airflow/dags
[2023-12-02T23:47:32.926+0000] {processor.py:829} INFO - Processing file /home/ubuntu/airflow/dags for tasks to queue
[2023-12-02T23:47:32.929+0000] {logging_mixin.py:154} INFO - [2023-12-02T23:47:32.928+0000] {dagbag.py:536} INFO - Filling up the DagBag from /home/ubuntu/airflow/dags
[2023-12-02T23:47:32.939+0000] {processor.py:839} INFO - DAG(s) dict_keys(['zillow_analytics_dag']) retrieved from /home/ubuntu/airflow/dags
[2023-12-02T23:47:33.043+0000] {logging_mixin.py:154} INFO - [2023-12-02T23:47:33.043+0000] {dag.py:2941} INFO - Sync 1 DAGs
[2023-12-02T23:47:33.061+0000] {logging_mixin.py:154} INFO - [2023-12-02T23:47:33.061+0000] {dag.py:3722} INFO - Setting next_dagrun for zillow_analytics_dag to 2023-12-02T00:00:00+00:00, run_after=2023-12-03T00:00:00+00:00
[2023-12-02T23:47:33.083+0000] {processor.py:179} INFO - Processing /home/ubuntu/airflow/dags took 0.162 seconds
[2023-12-02T23:50:00.376+0000] {processor.py:157} INFO - Started process (PID=42713) to work on /home/ubuntu/airflow/dags
[2023-12-02T23:50:00.378+0000] {processor.py:829} INFO - Processing file /home/ubuntu/airflow/dags for tasks to queue
[2023-12-02T23:50:00.380+0000] {logging_mixin.py:154} INFO - [2023-12-02T23:50:00.380+0000] {dagbag.py:536} INFO - Filling up the DagBag from /home/ubuntu/airflow/dags
[2023-12-02T23:50:00.391+0000] {processor.py:839} INFO - DAG(s) dict_keys(['zillow_analytics_dag']) retrieved from /home/ubuntu/airflow/dags
[2023-12-02T23:50:00.500+0000] {logging_mixin.py:154} INFO - [2023-12-02T23:50:00.500+0000] {dag.py:2941} INFO - Sync 1 DAGs
[2023-12-02T23:50:00.667+0000] {logging_mixin.py:154} INFO - [2023-12-02T23:50:00.667+0000] {dag.py:3722} INFO - Setting next_dagrun for zillow_analytics_dag to 2023-12-02T00:00:00+00:00, run_after=2023-12-03T00:00:00+00:00
[2023-12-02T23:50:00.688+0000] {processor.py:179} INFO - Processing /home/ubuntu/airflow/dags took 0.316 seconds
[2023-12-02T23:52:27.902+0000] {processor.py:157} INFO - Started process (PID=42797) to work on /home/ubuntu/airflow/dags
[2023-12-02T23:52:27.903+0000] {processor.py:829} INFO - Processing file /home/ubuntu/airflow/dags for tasks to queue
[2023-12-02T23:52:27.906+0000] {logging_mixin.py:154} INFO - [2023-12-02T23:52:27.906+0000] {dagbag.py:536} INFO - Filling up the DagBag from /home/ubuntu/airflow/dags
[2023-12-02T23:52:27.917+0000] {processor.py:839} INFO - DAG(s) dict_keys(['zillow_analytics_dag']) retrieved from /home/ubuntu/airflow/dags
[2023-12-02T23:52:28.163+0000] {logging_mixin.py:154} INFO - [2023-12-02T23:52:28.163+0000] {dag.py:2941} INFO - Sync 1 DAGs
[2023-12-02T23:52:28.179+0000] {logging_mixin.py:154} INFO - [2023-12-02T23:52:28.179+0000] {dag.py:3722} INFO - Setting next_dagrun for zillow_analytics_dag to 2023-12-02T00:00:00+00:00, run_after=2023-12-03T00:00:00+00:00
[2023-12-02T23:52:28.199+0000] {processor.py:179} INFO - Processing /home/ubuntu/airflow/dags took 0.301 seconds
[2023-12-02T23:52:58.897+0000] {processor.py:157} INFO - Started process (PID=42834) to work on /home/ubuntu/airflow/dags
[2023-12-02T23:52:58.898+0000] {processor.py:829} INFO - Processing file /home/ubuntu/airflow/dags for tasks to queue
[2023-12-02T23:52:58.900+0000] {logging_mixin.py:154} INFO - [2023-12-02T23:52:58.900+0000] {dagbag.py:536} INFO - Filling up the DagBag from /home/ubuntu/airflow/dags
[2023-12-02T23:52:58.913+0000] {processor.py:839} INFO - DAG(s) dict_keys(['zillow_analytics_dag']) retrieved from /home/ubuntu/airflow/dags
[2023-12-02T23:52:59.152+0000] {logging_mixin.py:154} INFO - [2023-12-02T23:52:59.152+0000] {dag.py:2941} INFO - Sync 1 DAGs
[2023-12-02T23:52:59.168+0000] {logging_mixin.py:154} INFO - [2023-12-02T23:52:59.168+0000] {dag.py:3722} INFO - Setting next_dagrun for zillow_analytics_dag to 2023-12-02T00:00:00+00:00, run_after=2023-12-03T00:00:00+00:00
[2023-12-02T23:52:59.188+0000] {processor.py:179} INFO - Processing /home/ubuntu/airflow/dags took 0.294 seconds
[2023-12-02T23:53:30.178+0000] {processor.py:157} INFO - Started process (PID=42835) to work on /home/ubuntu/airflow/dags
[2023-12-02T23:53:30.180+0000] {processor.py:829} INFO - Processing file /home/ubuntu/airflow/dags for tasks to queue
[2023-12-02T23:53:30.182+0000] {logging_mixin.py:154} INFO - [2023-12-02T23:53:30.181+0000] {dagbag.py:536} INFO - Filling up the DagBag from /home/ubuntu/airflow/dags
[2023-12-02T23:53:30.192+0000] {processor.py:839} INFO - DAG(s) dict_keys(['zillow_analytics_dag']) retrieved from /home/ubuntu/airflow/dags
[2023-12-02T23:53:30.426+0000] {logging_mixin.py:154} INFO - [2023-12-02T23:53:30.425+0000] {dag.py:2941} INFO - Sync 1 DAGs
[2023-12-02T23:53:30.442+0000] {logging_mixin.py:154} INFO - [2023-12-02T23:53:30.442+0000] {dag.py:3722} INFO - Setting next_dagrun for zillow_analytics_dag to 2023-12-02T00:00:00+00:00, run_after=2023-12-03T00:00:00+00:00
[2023-12-02T23:53:30.462+0000] {processor.py:179} INFO - Processing /home/ubuntu/airflow/dags took 0.288 seconds
[2023-12-02T23:54:01.455+0000] {processor.py:157} INFO - Started process (PID=42837) to work on /home/ubuntu/airflow/dags
[2023-12-02T23:54:01.456+0000] {processor.py:829} INFO - Processing file /home/ubuntu/airflow/dags for tasks to queue
[2023-12-02T23:54:01.458+0000] {logging_mixin.py:154} INFO - [2023-12-02T23:54:01.458+0000] {dagbag.py:536} INFO - Filling up the DagBag from /home/ubuntu/airflow/dags
[2023-12-02T23:54:01.469+0000] {processor.py:839} INFO - DAG(s) dict_keys(['zillow_analytics_dag']) retrieved from /home/ubuntu/airflow/dags
[2023-12-02T23:54:01.722+0000] {logging_mixin.py:154} INFO - [2023-12-02T23:54:01.722+0000] {dag.py:2941} INFO - Sync 1 DAGs
[2023-12-02T23:54:01.739+0000] {logging_mixin.py:154} INFO - [2023-12-02T23:54:01.739+0000] {dag.py:3722} INFO - Setting next_dagrun for zillow_analytics_dag to 2023-12-02T00:00:00+00:00, run_after=2023-12-03T00:00:00+00:00
[2023-12-02T23:54:01.761+0000] {processor.py:179} INFO - Processing /home/ubuntu/airflow/dags took 0.310 seconds
[2023-12-02T23:54:32.732+0000] {processor.py:157} INFO - Started process (PID=42838) to work on /home/ubuntu/airflow/dags
[2023-12-02T23:54:32.734+0000] {processor.py:829} INFO - Processing file /home/ubuntu/airflow/dags for tasks to queue
[2023-12-02T23:54:32.735+0000] {logging_mixin.py:154} INFO - [2023-12-02T23:54:32.735+0000] {dagbag.py:536} INFO - Filling up the DagBag from /home/ubuntu/airflow/dags
[2023-12-02T23:54:32.746+0000] {processor.py:839} INFO - DAG(s) dict_keys(['zillow_analytics_dag']) retrieved from /home/ubuntu/airflow/dags
[2023-12-02T23:54:32.995+0000] {logging_mixin.py:154} INFO - [2023-12-02T23:54:32.994+0000] {dag.py:2941} INFO - Sync 1 DAGs
[2023-12-02T23:54:33.013+0000] {logging_mixin.py:154} INFO - [2023-12-02T23:54:33.013+0000] {dag.py:3722} INFO - Setting next_dagrun for zillow_analytics_dag to 2023-12-02T00:00:00+00:00, run_after=2023-12-03T00:00:00+00:00
[2023-12-02T23:54:33.033+0000] {processor.py:179} INFO - Processing /home/ubuntu/airflow/dags took 0.304 seconds
[2023-12-02T23:55:03.884+0000] {processor.py:157} INFO - Started process (PID=42857) to work on /home/ubuntu/airflow/dags
[2023-12-02T23:55:03.885+0000] {processor.py:829} INFO - Processing file /home/ubuntu/airflow/dags for tasks to queue
[2023-12-02T23:55:03.887+0000] {logging_mixin.py:154} INFO - [2023-12-02T23:55:03.886+0000] {dagbag.py:536} INFO - Filling up the DagBag from /home/ubuntu/airflow/dags
[2023-12-02T23:55:03.898+0000] {processor.py:839} INFO - DAG(s) dict_keys(['zillow_analytics_dag']) retrieved from /home/ubuntu/airflow/dags
[2023-12-02T23:55:04.147+0000] {logging_mixin.py:154} INFO - [2023-12-02T23:55:04.147+0000] {dag.py:2941} INFO - Sync 1 DAGs
[2023-12-02T23:55:04.165+0000] {logging_mixin.py:154} INFO - [2023-12-02T23:55:04.165+0000] {dag.py:3722} INFO - Setting next_dagrun for zillow_analytics_dag to 2023-12-02T00:00:00+00:00, run_after=2023-12-03T00:00:00+00:00
[2023-12-02T23:55:04.186+0000] {processor.py:179} INFO - Processing /home/ubuntu/airflow/dags took 0.306 seconds
[2023-12-02T23:55:34.545+0000] {processor.py:157} INFO - Started process (PID=42858) to work on /home/ubuntu/airflow/dags
[2023-12-02T23:55:34.547+0000] {processor.py:829} INFO - Processing file /home/ubuntu/airflow/dags for tasks to queue
[2023-12-02T23:55:34.549+0000] {logging_mixin.py:154} INFO - [2023-12-02T23:55:34.549+0000] {dagbag.py:536} INFO - Filling up the DagBag from /home/ubuntu/airflow/dags
[2023-12-02T23:55:34.560+0000] {processor.py:839} INFO - DAG(s) dict_keys(['zillow_analytics_dag']) retrieved from /home/ubuntu/airflow/dags
[2023-12-02T23:55:34.808+0000] {logging_mixin.py:154} INFO - [2023-12-02T23:55:34.807+0000] {dag.py:2941} INFO - Sync 1 DAGs
[2023-12-02T23:55:34.824+0000] {logging_mixin.py:154} INFO - [2023-12-02T23:55:34.824+0000] {dag.py:3722} INFO - Setting next_dagrun for zillow_analytics_dag to 2023-12-02T00:00:00+00:00, run_after=2023-12-03T00:00:00+00:00
[2023-12-02T23:55:34.845+0000] {processor.py:179} INFO - Processing /home/ubuntu/airflow/dags took 0.304 seconds
[2023-12-02T23:56:05.207+0000] {processor.py:157} INFO - Started process (PID=42859) to work on /home/ubuntu/airflow/dags
[2023-12-02T23:56:05.209+0000] {processor.py:829} INFO - Processing file /home/ubuntu/airflow/dags for tasks to queue
[2023-12-02T23:56:05.211+0000] {logging_mixin.py:154} INFO - [2023-12-02T23:56:05.210+0000] {dagbag.py:536} INFO - Filling up the DagBag from /home/ubuntu/airflow/dags
[2023-12-02T23:56:05.222+0000] {processor.py:839} INFO - DAG(s) dict_keys(['zillow_analytics_dag']) retrieved from /home/ubuntu/airflow/dags
[2023-12-02T23:56:05.471+0000] {logging_mixin.py:154} INFO - [2023-12-02T23:56:05.471+0000] {dag.py:2941} INFO - Sync 1 DAGs
[2023-12-02T23:56:05.488+0000] {logging_mixin.py:154} INFO - [2023-12-02T23:56:05.487+0000] {dag.py:3722} INFO - Setting next_dagrun for zillow_analytics_dag to 2023-12-02T00:00:00+00:00, run_after=2023-12-03T00:00:00+00:00
[2023-12-02T23:56:05.509+0000] {processor.py:179} INFO - Processing /home/ubuntu/airflow/dags took 0.306 seconds
[2023-12-02T23:56:35.856+0000] {processor.py:157} INFO - Started process (PID=42861) to work on /home/ubuntu/airflow/dags
[2023-12-02T23:56:35.857+0000] {processor.py:829} INFO - Processing file /home/ubuntu/airflow/dags for tasks to queue
[2023-12-02T23:56:35.859+0000] {logging_mixin.py:154} INFO - [2023-12-02T23:56:35.859+0000] {dagbag.py:536} INFO - Filling up the DagBag from /home/ubuntu/airflow/dags
[2023-12-02T23:56:35.870+0000] {processor.py:839} INFO - DAG(s) dict_keys(['zillow_analytics_dag']) retrieved from /home/ubuntu/airflow/dags
[2023-12-02T23:56:36.114+0000] {logging_mixin.py:154} INFO - [2023-12-02T23:56:36.114+0000] {dag.py:2941} INFO - Sync 1 DAGs
[2023-12-02T23:56:36.130+0000] {logging_mixin.py:154} INFO - [2023-12-02T23:56:36.130+0000] {dag.py:3722} INFO - Setting next_dagrun for zillow_analytics_dag to 2023-12-02T00:00:00+00:00, run_after=2023-12-03T00:00:00+00:00
[2023-12-02T23:56:36.150+0000] {processor.py:179} INFO - Processing /home/ubuntu/airflow/dags took 0.297 seconds
[2023-12-02T23:57:06.426+0000] {processor.py:157} INFO - Started process (PID=42862) to work on /home/ubuntu/airflow/dags
[2023-12-02T23:57:06.429+0000] {processor.py:829} INFO - Processing file /home/ubuntu/airflow/dags for tasks to queue
[2023-12-02T23:57:06.431+0000] {logging_mixin.py:154} INFO - [2023-12-02T23:57:06.430+0000] {dagbag.py:536} INFO - Filling up the DagBag from /home/ubuntu/airflow/dags
[2023-12-02T23:57:06.442+0000] {processor.py:839} INFO - DAG(s) dict_keys(['zillow_analytics_dag']) retrieved from /home/ubuntu/airflow/dags
[2023-12-02T23:57:06.699+0000] {logging_mixin.py:154} INFO - [2023-12-02T23:57:06.698+0000] {dag.py:2941} INFO - Sync 1 DAGs
[2023-12-02T23:57:06.715+0000] {logging_mixin.py:154} INFO - [2023-12-02T23:57:06.715+0000] {dag.py:3722} INFO - Setting next_dagrun for zillow_analytics_dag to 2023-12-02T00:00:00+00:00, run_after=2023-12-03T00:00:00+00:00
[2023-12-02T23:57:06.736+0000] {processor.py:179} INFO - Processing /home/ubuntu/airflow/dags took 0.313 seconds
[2023-12-02T23:57:37.081+0000] {processor.py:157} INFO - Started process (PID=42863) to work on /home/ubuntu/airflow/dags
[2023-12-02T23:57:37.082+0000] {processor.py:829} INFO - Processing file /home/ubuntu/airflow/dags for tasks to queue
[2023-12-02T23:57:37.084+0000] {logging_mixin.py:154} INFO - [2023-12-02T23:57:37.083+0000] {dagbag.py:536} INFO - Filling up the DagBag from /home/ubuntu/airflow/dags
[2023-12-02T23:57:37.095+0000] {processor.py:839} INFO - DAG(s) dict_keys(['zillow_analytics_dag']) retrieved from /home/ubuntu/airflow/dags
[2023-12-02T23:57:37.338+0000] {logging_mixin.py:154} INFO - [2023-12-02T23:57:37.338+0000] {dag.py:2941} INFO - Sync 1 DAGs
[2023-12-02T23:57:37.355+0000] {logging_mixin.py:154} INFO - [2023-12-02T23:57:37.355+0000] {dag.py:3722} INFO - Setting next_dagrun for zillow_analytics_dag to 2023-12-02T00:00:00+00:00, run_after=2023-12-03T00:00:00+00:00
[2023-12-02T23:57:37.374+0000] {processor.py:179} INFO - Processing /home/ubuntu/airflow/dags took 0.297 seconds
[2023-12-02T23:58:07.644+0000] {processor.py:157} INFO - Started process (PID=42864) to work on /home/ubuntu/airflow/dags
[2023-12-02T23:58:07.646+0000] {processor.py:829} INFO - Processing file /home/ubuntu/airflow/dags for tasks to queue
[2023-12-02T23:58:07.648+0000] {logging_mixin.py:154} INFO - [2023-12-02T23:58:07.647+0000] {dagbag.py:536} INFO - Filling up the DagBag from /home/ubuntu/airflow/dags
[2023-12-02T23:58:07.659+0000] {processor.py:839} INFO - DAG(s) dict_keys(['zillow_analytics_dag']) retrieved from /home/ubuntu/airflow/dags
[2023-12-02T23:58:07.907+0000] {logging_mixin.py:154} INFO - [2023-12-02T23:58:07.906+0000] {dag.py:2941} INFO - Sync 1 DAGs
[2023-12-02T23:58:07.923+0000] {logging_mixin.py:154} INFO - [2023-12-02T23:58:07.923+0000] {dag.py:3722} INFO - Setting next_dagrun for zillow_analytics_dag to 2023-12-02T00:00:00+00:00, run_after=2023-12-03T00:00:00+00:00
[2023-12-02T23:58:07.944+0000] {processor.py:179} INFO - Processing /home/ubuntu/airflow/dags took 0.304 seconds
[2023-12-02T23:58:38.298+0000] {processor.py:157} INFO - Started process (PID=42865) to work on /home/ubuntu/airflow/dags
[2023-12-02T23:58:38.299+0000] {processor.py:829} INFO - Processing file /home/ubuntu/airflow/dags for tasks to queue
[2023-12-02T23:58:38.301+0000] {logging_mixin.py:154} INFO - [2023-12-02T23:58:38.301+0000] {dagbag.py:536} INFO - Filling up the DagBag from /home/ubuntu/airflow/dags
[2023-12-02T23:58:38.312+0000] {processor.py:839} INFO - DAG(s) dict_keys(['zillow_analytics_dag']) retrieved from /home/ubuntu/airflow/dags
[2023-12-02T23:58:38.561+0000] {logging_mixin.py:154} INFO - [2023-12-02T23:58:38.561+0000] {dag.py:2941} INFO - Sync 1 DAGs
[2023-12-02T23:58:38.578+0000] {logging_mixin.py:154} INFO - [2023-12-02T23:58:38.578+0000] {dag.py:3722} INFO - Setting next_dagrun for zillow_analytics_dag to 2023-12-02T00:00:00+00:00, run_after=2023-12-03T00:00:00+00:00
[2023-12-02T23:58:38.600+0000] {processor.py:179} INFO - Processing /home/ubuntu/airflow/dags took 0.305 seconds
[2023-12-02T23:59:08.953+0000] {processor.py:157} INFO - Started process (PID=42866) to work on /home/ubuntu/airflow/dags
[2023-12-02T23:59:08.954+0000] {processor.py:829} INFO - Processing file /home/ubuntu/airflow/dags for tasks to queue
[2023-12-02T23:59:08.956+0000] {logging_mixin.py:154} INFO - [2023-12-02T23:59:08.956+0000] {dagbag.py:536} INFO - Filling up the DagBag from /home/ubuntu/airflow/dags
[2023-12-02T23:59:09.113+0000] {processor.py:839} INFO - DAG(s) dict_keys(['zillow_analytics_dag']) retrieved from /home/ubuntu/airflow/dags
[2023-12-02T23:59:09.206+0000] {logging_mixin.py:154} INFO - [2023-12-02T23:59:09.206+0000] {dag.py:2941} INFO - Sync 1 DAGs
[2023-12-02T23:59:09.223+0000] {logging_mixin.py:154} INFO - [2023-12-02T23:59:09.222+0000] {dag.py:3722} INFO - Setting next_dagrun for zillow_analytics_dag to 2023-12-02T00:00:00+00:00, run_after=2023-12-03T00:00:00+00:00
[2023-12-02T23:59:09.243+0000] {processor.py:179} INFO - Processing /home/ubuntu/airflow/dags took 0.293 seconds
[2023-12-02T23:59:39.527+0000] {processor.py:157} INFO - Started process (PID=42868) to work on /home/ubuntu/airflow/dags
[2023-12-02T23:59:39.528+0000] {processor.py:829} INFO - Processing file /home/ubuntu/airflow/dags for tasks to queue
[2023-12-02T23:59:39.530+0000] {logging_mixin.py:154} INFO - [2023-12-02T23:59:39.530+0000] {dagbag.py:536} INFO - Filling up the DagBag from /home/ubuntu/airflow/dags
[2023-12-02T23:59:39.541+0000] {processor.py:839} INFO - DAG(s) dict_keys(['zillow_analytics_dag']) retrieved from /home/ubuntu/airflow/dags
[2023-12-02T23:59:39.643+0000] {logging_mixin.py:154} INFO - [2023-12-02T23:59:39.643+0000] {dag.py:2941} INFO - Sync 1 DAGs
[2023-12-02T23:59:39.661+0000] {logging_mixin.py:154} INFO - [2023-12-02T23:59:39.660+0000] {dag.py:3722} INFO - Setting next_dagrun for zillow_analytics_dag to 2023-12-02T00:00:00+00:00, run_after=2023-12-03T00:00:00+00:00
[2023-12-02T23:59:39.684+0000] {processor.py:179} INFO - Processing /home/ubuntu/airflow/dags took 0.160 seconds
