[2023-12-04T00:00:25.474+0000] {taskinstance.py:1159} INFO - Dependencies all met for dep_context=non-requeueable deps ti=<TaskInstance: zillow_analytics_dag.tsk_transfer_s3_to_redshift scheduled__2023-12-03T00:00:00+00:00 [queued]>
[2023-12-04T00:00:25.482+0000] {taskinstance.py:1159} INFO - Dependencies all met for dep_context=requeueable deps ti=<TaskInstance: zillow_analytics_dag.tsk_transfer_s3_to_redshift scheduled__2023-12-03T00:00:00+00:00 [queued]>
[2023-12-04T00:00:25.482+0000] {taskinstance.py:1361} INFO - Starting attempt 1 of 3
[2023-12-04T00:00:25.497+0000] {taskinstance.py:1382} INFO - Executing <Task(S3ToRedshiftOperator): tsk_transfer_s3_to_redshift> on 2023-12-03 00:00:00+00:00
[2023-12-04T00:00:25.502+0000] {standard_task_runner.py:57} INFO - Started process 52166 to run task
[2023-12-04T00:00:25.507+0000] {standard_task_runner.py:84} INFO - Running: ['airflow', 'tasks', 'run', 'zillow_analytics_dag', 'tsk_transfer_s3_to_redshift', 'scheduled__2023-12-03T00:00:00+00:00', '--job-id', '133', '--raw', '--subdir', '/home/ubuntu/airflow/dags', '--cfg-path', '/tmp/tmp37vhhtzj']
[2023-12-04T00:00:25.508+0000] {standard_task_runner.py:85} INFO - Job 133: Subtask tsk_transfer_s3_to_redshift
[2023-12-04T00:00:25.545+0000] {task_command.py:416} INFO - Running <TaskInstance: zillow_analytics_dag.tsk_transfer_s3_to_redshift scheduled__2023-12-03T00:00:00+00:00 [running]> on host ip-172-31-24-255.us-west-2.compute.internal
[2023-12-04T00:00:25.619+0000] {taskinstance.py:1662} INFO - Exporting env vars: AIRFLOW_CTX_DAG_EMAIL='myemail@domain.com' AIRFLOW_CTX_DAG_OWNER='airflow' AIRFLOW_CTX_DAG_ID='zillow_analytics_dag' AIRFLOW_CTX_TASK_ID='tsk_transfer_s3_to_redshift' AIRFLOW_CTX_EXECUTION_DATE='2023-12-03T00:00:00+00:00' AIRFLOW_CTX_TRY_NUMBER='1' AIRFLOW_CTX_DAG_RUN_ID='scheduled__2023-12-03T00:00:00+00:00'
[2023-12-04T00:00:25.624+0000] {base.py:73} INFO - Using connection ID 'aws_s3_conn' for task execution.
[2023-12-04T00:00:25.627+0000] {base.py:73} INFO - Using connection ID 'aws_s3_conn' for task execution.
[2023-12-04T00:00:25.627+0000] {connection_wrapper.py:378} INFO - AWS Connection (conn_id='aws_s3_conn', conn_type='aws') credentials retrieved from login and password.
[2023-12-04T00:00:25.639+0000] {s3_to_redshift.py:192} INFO - Executing COPY command...
[2023-12-04T00:00:25.642+0000] {base.py:73} INFO - Using connection ID 'conn_id_redshift' for task execution.
[2023-12-04T00:00:26.508+0000] {sql.py:418} INFO - Running statement: 
                    COPY PUBLIC.zillowdata 
                    FROM 's3://myawsbucket-new/response_data_04122023000004.csv'
                    credentials
                    'aws_access_key_id=AKIA3DHIOLRUR45NCZ37;aws_secret_access_key=***'
                    
                    csv IGNOREHEADER 1;
        , parameters: None
[2023-12-04T00:00:27.349+0000] {s3_to_redshift.py:197} INFO - COPY command complete...
[2023-12-04T00:00:27.354+0000] {taskinstance.py:1400} INFO - Marking task as SUCCESS. dag_id=zillow_analytics_dag, task_id=tsk_transfer_s3_to_redshift, execution_date=20231203T000000, start_date=20231204T000025, end_date=20231204T000027
[2023-12-04T00:00:27.405+0000] {local_task_job_runner.py:228} INFO - Task exited with return code 0
[2023-12-04T00:00:27.418+0000] {taskinstance.py:2778} INFO - 0 downstream tasks scheduled from follow-on schedule check
