[2023-11-28T00:44:56.601+0000] {processor.py:157} INFO - Started process (PID=3449) to work on /usr/local/lib/python3.10/dist-packages/airflow/example_dags/example_branch_python_dop_operator_3.py
[2023-11-28T00:44:56.602+0000] {processor.py:829} INFO - Processing file /usr/local/lib/python3.10/dist-packages/airflow/example_dags/example_branch_python_dop_operator_3.py for tasks to queue
[2023-11-28T00:44:56.603+0000] {logging_mixin.py:154} INFO - [2023-11-28T00:44:56.603+0000] {dagbag.py:536} INFO - Filling up the DagBag from /usr/local/lib/python3.10/dist-packages/airflow/example_dags/example_branch_python_dop_operator_3.py
[2023-11-28T00:44:56.614+0000] {processor.py:839} INFO - DAG(s) dict_keys(['example_branch_dop_operator_v3']) retrieved from /usr/local/lib/python3.10/dist-packages/airflow/example_dags/example_branch_python_dop_operator_3.py
[2023-11-28T00:44:56.734+0000] {logging_mixin.py:154} INFO - [2023-11-28T00:44:56.734+0000] {manager.py:499} INFO - Created Permission View: %s
[2023-11-28T00:44:56.748+0000] {logging_mixin.py:154} INFO - [2023-11-28T00:44:56.748+0000] {manager.py:499} INFO - Created Permission View: %s
[2023-11-28T00:44:56.759+0000] {logging_mixin.py:154} INFO - [2023-11-28T00:44:56.758+0000] {manager.py:499} INFO - Created Permission View: %s
[2023-11-28T00:44:56.759+0000] {logging_mixin.py:154} INFO - [2023-11-28T00:44:56.759+0000] {dag.py:2941} INFO - Sync 1 DAGs
[2023-11-28T00:44:56.771+0000] {logging_mixin.py:154} INFO - [2023-11-28T00:44:56.771+0000] {dag.py:2963} INFO - Creating ORM DAG for example_branch_dop_operator_v3
[2023-11-28T00:44:56.786+0000] {logging_mixin.py:154} INFO - [2023-11-28T00:44:56.785+0000] {dag.py:3722} INFO - Setting next_dagrun for example_branch_dop_operator_v3 to 2023-11-28T00:43:00+00:00, run_after=2023-11-28T00:44:00+00:00
[2023-11-28T00:44:56.852+0000] {processor.py:179} INFO - Processing /usr/local/lib/python3.10/dist-packages/airflow/example_dags/example_branch_python_dop_operator_3.py took 0.255 seconds
[2023-11-28T00:45:45.503+0000] {processor.py:157} INFO - Started process (PID=3571) to work on /usr/local/lib/python3.10/dist-packages/airflow/example_dags/example_branch_python_dop_operator_3.py
[2023-11-28T00:45:45.504+0000] {processor.py:829} INFO - Processing file /usr/local/lib/python3.10/dist-packages/airflow/example_dags/example_branch_python_dop_operator_3.py for tasks to queue
[2023-11-28T00:45:45.505+0000] {logging_mixin.py:154} INFO - [2023-11-28T00:45:45.504+0000] {dagbag.py:536} INFO - Filling up the DagBag from /usr/local/lib/python3.10/dist-packages/airflow/example_dags/example_branch_python_dop_operator_3.py
[2023-11-28T00:45:45.515+0000] {processor.py:839} INFO - DAG(s) dict_keys(['example_branch_dop_operator_v3']) retrieved from /usr/local/lib/python3.10/dist-packages/airflow/example_dags/example_branch_python_dop_operator_3.py
[2023-11-28T00:45:45.532+0000] {logging_mixin.py:154} INFO - [2023-11-28T00:45:45.531+0000] {dag.py:2941} INFO - Sync 1 DAGs
[2023-11-28T00:45:45.557+0000] {logging_mixin.py:154} INFO - [2023-11-28T00:45:45.557+0000] {dag.py:3722} INFO - Setting next_dagrun for example_branch_dop_operator_v3 to 2023-11-28T00:44:00+00:00, run_after=2023-11-28T00:45:00+00:00
[2023-11-28T00:45:45.582+0000] {processor.py:179} INFO - Processing /usr/local/lib/python3.10/dist-packages/airflow/example_dags/example_branch_python_dop_operator_3.py took 0.083 seconds
[2023-11-28T00:46:27.823+0000] {processor.py:157} INFO - Started process (PID=3617) to work on /usr/local/lib/python3.10/dist-packages/airflow/example_dags/example_branch_python_dop_operator_3.py
[2023-11-28T00:46:27.824+0000] {processor.py:829} INFO - Processing file /usr/local/lib/python3.10/dist-packages/airflow/example_dags/example_branch_python_dop_operator_3.py for tasks to queue
[2023-11-28T00:46:27.825+0000] {logging_mixin.py:154} INFO - [2023-11-28T00:46:27.825+0000] {dagbag.py:536} INFO - Filling up the DagBag from /usr/local/lib/python3.10/dist-packages/airflow/example_dags/example_branch_python_dop_operator_3.py
[2023-11-28T00:46:27.835+0000] {processor.py:839} INFO - DAG(s) dict_keys(['example_branch_dop_operator_v3']) retrieved from /usr/local/lib/python3.10/dist-packages/airflow/example_dags/example_branch_python_dop_operator_3.py
[2023-11-28T00:46:27.852+0000] {logging_mixin.py:154} INFO - [2023-11-28T00:46:27.852+0000] {dag.py:2941} INFO - Sync 1 DAGs
[2023-11-28T00:46:27.878+0000] {logging_mixin.py:154} INFO - [2023-11-28T00:46:27.878+0000] {dag.py:3722} INFO - Setting next_dagrun for example_branch_dop_operator_v3 to 2023-11-28T00:45:00+00:00, run_after=2023-11-28T00:46:00+00:00
[2023-11-28T00:46:27.901+0000] {processor.py:179} INFO - Processing /usr/local/lib/python3.10/dist-packages/airflow/example_dags/example_branch_python_dop_operator_3.py took 0.082 seconds
[2023-11-28T00:47:13.356+0000] {processor.py:157} INFO - Started process (PID=3666) to work on /usr/local/lib/python3.10/dist-packages/airflow/example_dags/example_branch_python_dop_operator_3.py
[2023-11-28T00:47:13.357+0000] {processor.py:829} INFO - Processing file /usr/local/lib/python3.10/dist-packages/airflow/example_dags/example_branch_python_dop_operator_3.py for tasks to queue
[2023-11-28T00:47:13.358+0000] {logging_mixin.py:154} INFO - [2023-11-28T00:47:13.358+0000] {dagbag.py:536} INFO - Filling up the DagBag from /usr/local/lib/python3.10/dist-packages/airflow/example_dags/example_branch_python_dop_operator_3.py
[2023-11-28T00:47:13.368+0000] {processor.py:839} INFO - DAG(s) dict_keys(['example_branch_dop_operator_v3']) retrieved from /usr/local/lib/python3.10/dist-packages/airflow/example_dags/example_branch_python_dop_operator_3.py
[2023-11-28T00:47:13.386+0000] {logging_mixin.py:154} INFO - [2023-11-28T00:47:13.385+0000] {dag.py:2941} INFO - Sync 1 DAGs
[2023-11-28T00:47:13.411+0000] {logging_mixin.py:154} INFO - [2023-11-28T00:47:13.411+0000] {dag.py:3722} INFO - Setting next_dagrun for example_branch_dop_operator_v3 to 2023-11-28T00:46:00+00:00, run_after=2023-11-28T00:47:00+00:00
[2023-11-28T00:47:13.434+0000] {processor.py:179} INFO - Processing /usr/local/lib/python3.10/dist-packages/airflow/example_dags/example_branch_python_dop_operator_3.py took 0.081 seconds
[2023-11-28T00:47:57.381+0000] {processor.py:157} INFO - Started process (PID=3714) to work on /usr/local/lib/python3.10/dist-packages/airflow/example_dags/example_branch_python_dop_operator_3.py
[2023-11-28T00:47:57.382+0000] {processor.py:829} INFO - Processing file /usr/local/lib/python3.10/dist-packages/airflow/example_dags/example_branch_python_dop_operator_3.py for tasks to queue
[2023-11-28T00:47:57.383+0000] {logging_mixin.py:154} INFO - [2023-11-28T00:47:57.383+0000] {dagbag.py:536} INFO - Filling up the DagBag from /usr/local/lib/python3.10/dist-packages/airflow/example_dags/example_branch_python_dop_operator_3.py
[2023-11-28T00:47:57.393+0000] {processor.py:839} INFO - DAG(s) dict_keys(['example_branch_dop_operator_v3']) retrieved from /usr/local/lib/python3.10/dist-packages/airflow/example_dags/example_branch_python_dop_operator_3.py
[2023-11-28T00:47:57.410+0000] {logging_mixin.py:154} INFO - [2023-11-28T00:47:57.410+0000] {dag.py:2941} INFO - Sync 1 DAGs
[2023-11-28T00:47:57.436+0000] {logging_mixin.py:154} INFO - [2023-11-28T00:47:57.436+0000] {dag.py:3722} INFO - Setting next_dagrun for example_branch_dop_operator_v3 to 2023-11-28T00:46:00+00:00, run_after=2023-11-28T00:47:00+00:00
[2023-11-28T00:47:57.459+0000] {processor.py:179} INFO - Processing /usr/local/lib/python3.10/dist-packages/airflow/example_dags/example_branch_python_dop_operator_3.py took 0.082 seconds
[2023-11-28T00:48:44.862+0000] {processor.py:157} INFO - Started process (PID=3763) to work on /usr/local/lib/python3.10/dist-packages/airflow/example_dags/example_branch_python_dop_operator_3.py
[2023-11-28T00:48:44.863+0000] {processor.py:829} INFO - Processing file /usr/local/lib/python3.10/dist-packages/airflow/example_dags/example_branch_python_dop_operator_3.py for tasks to queue
[2023-11-28T00:48:44.864+0000] {logging_mixin.py:154} INFO - [2023-11-28T00:48:44.864+0000] {dagbag.py:536} INFO - Filling up the DagBag from /usr/local/lib/python3.10/dist-packages/airflow/example_dags/example_branch_python_dop_operator_3.py
[2023-11-28T00:48:44.875+0000] {processor.py:839} INFO - DAG(s) dict_keys(['example_branch_dop_operator_v3']) retrieved from /usr/local/lib/python3.10/dist-packages/airflow/example_dags/example_branch_python_dop_operator_3.py
[2023-11-28T00:48:44.892+0000] {logging_mixin.py:154} INFO - [2023-11-28T00:48:44.892+0000] {dag.py:2941} INFO - Sync 1 DAGs
[2023-11-28T00:48:44.917+0000] {logging_mixin.py:154} INFO - [2023-11-28T00:48:44.917+0000] {dag.py:3722} INFO - Setting next_dagrun for example_branch_dop_operator_v3 to 2023-11-28T00:47:00+00:00, run_after=2023-11-28T00:48:00+00:00
[2023-11-28T00:48:44.940+0000] {processor.py:179} INFO - Processing /usr/local/lib/python3.10/dist-packages/airflow/example_dags/example_branch_python_dop_operator_3.py took 0.082 seconds
[2023-11-28T00:49:29.412+0000] {processor.py:157} INFO - Started process (PID=3809) to work on /usr/local/lib/python3.10/dist-packages/airflow/example_dags/example_branch_python_dop_operator_3.py
[2023-11-28T00:49:29.414+0000] {processor.py:829} INFO - Processing file /usr/local/lib/python3.10/dist-packages/airflow/example_dags/example_branch_python_dop_operator_3.py for tasks to queue
[2023-11-28T00:49:29.415+0000] {logging_mixin.py:154} INFO - [2023-11-28T00:49:29.414+0000] {dagbag.py:536} INFO - Filling up the DagBag from /usr/local/lib/python3.10/dist-packages/airflow/example_dags/example_branch_python_dop_operator_3.py
[2023-11-28T00:49:29.425+0000] {processor.py:839} INFO - DAG(s) dict_keys(['example_branch_dop_operator_v3']) retrieved from /usr/local/lib/python3.10/dist-packages/airflow/example_dags/example_branch_python_dop_operator_3.py
[2023-11-28T00:49:29.443+0000] {logging_mixin.py:154} INFO - [2023-11-28T00:49:29.443+0000] {dag.py:2941} INFO - Sync 1 DAGs
[2023-11-28T00:49:29.470+0000] {logging_mixin.py:154} INFO - [2023-11-28T00:49:29.470+0000] {dag.py:3722} INFO - Setting next_dagrun for example_branch_dop_operator_v3 to 2023-11-28T00:48:00+00:00, run_after=2023-11-28T00:49:00+00:00
[2023-11-28T00:49:29.494+0000] {processor.py:179} INFO - Processing /usr/local/lib/python3.10/dist-packages/airflow/example_dags/example_branch_python_dop_operator_3.py took 0.085 seconds
[2023-11-28T00:50:15.298+0000] {processor.py:157} INFO - Started process (PID=3857) to work on /usr/local/lib/python3.10/dist-packages/airflow/example_dags/example_branch_python_dop_operator_3.py
[2023-11-28T00:50:15.299+0000] {processor.py:829} INFO - Processing file /usr/local/lib/python3.10/dist-packages/airflow/example_dags/example_branch_python_dop_operator_3.py for tasks to queue
[2023-11-28T00:50:15.300+0000] {logging_mixin.py:154} INFO - [2023-11-28T00:50:15.299+0000] {dagbag.py:536} INFO - Filling up the DagBag from /usr/local/lib/python3.10/dist-packages/airflow/example_dags/example_branch_python_dop_operator_3.py
[2023-11-28T00:50:15.310+0000] {processor.py:839} INFO - DAG(s) dict_keys(['example_branch_dop_operator_v3']) retrieved from /usr/local/lib/python3.10/dist-packages/airflow/example_dags/example_branch_python_dop_operator_3.py
[2023-11-28T00:50:15.328+0000] {logging_mixin.py:154} INFO - [2023-11-28T00:50:15.327+0000] {dag.py:2941} INFO - Sync 1 DAGs
[2023-11-28T00:50:15.354+0000] {logging_mixin.py:154} INFO - [2023-11-28T00:50:15.354+0000] {dag.py:3722} INFO - Setting next_dagrun for example_branch_dop_operator_v3 to 2023-11-28T00:49:00+00:00, run_after=2023-11-28T00:50:00+00:00
[2023-11-28T00:50:15.378+0000] {processor.py:179} INFO - Processing /usr/local/lib/python3.10/dist-packages/airflow/example_dags/example_branch_python_dop_operator_3.py took 0.084 seconds
[2023-11-28T00:51:03.693+0000] {processor.py:157} INFO - Started process (PID=3906) to work on /usr/local/lib/python3.10/dist-packages/airflow/example_dags/example_branch_python_dop_operator_3.py
[2023-11-28T00:51:03.694+0000] {processor.py:829} INFO - Processing file /usr/local/lib/python3.10/dist-packages/airflow/example_dags/example_branch_python_dop_operator_3.py for tasks to queue
[2023-11-28T00:51:03.695+0000] {logging_mixin.py:154} INFO - [2023-11-28T00:51:03.694+0000] {dagbag.py:536} INFO - Filling up the DagBag from /usr/local/lib/python3.10/dist-packages/airflow/example_dags/example_branch_python_dop_operator_3.py
[2023-11-28T00:51:03.705+0000] {processor.py:839} INFO - DAG(s) dict_keys(['example_branch_dop_operator_v3']) retrieved from /usr/local/lib/python3.10/dist-packages/airflow/example_dags/example_branch_python_dop_operator_3.py
[2023-11-28T00:51:03.721+0000] {logging_mixin.py:154} INFO - [2023-11-28T00:51:03.721+0000] {dag.py:2941} INFO - Sync 1 DAGs
[2023-11-28T00:51:03.747+0000] {logging_mixin.py:154} INFO - [2023-11-28T00:51:03.747+0000] {dag.py:3722} INFO - Setting next_dagrun for example_branch_dop_operator_v3 to 2023-11-28T00:50:00+00:00, run_after=2023-11-28T00:51:00+00:00
[2023-11-28T00:51:03.770+0000] {processor.py:179} INFO - Processing /usr/local/lib/python3.10/dist-packages/airflow/example_dags/example_branch_python_dop_operator_3.py took 0.081 seconds
[2023-11-28T00:51:49.764+0000] {processor.py:157} INFO - Started process (PID=3953) to work on /usr/local/lib/python3.10/dist-packages/airflow/example_dags/example_branch_python_dop_operator_3.py
[2023-11-28T00:51:49.765+0000] {processor.py:829} INFO - Processing file /usr/local/lib/python3.10/dist-packages/airflow/example_dags/example_branch_python_dop_operator_3.py for tasks to queue
[2023-11-28T00:51:49.766+0000] {logging_mixin.py:154} INFO - [2023-11-28T00:51:49.766+0000] {dagbag.py:536} INFO - Filling up the DagBag from /usr/local/lib/python3.10/dist-packages/airflow/example_dags/example_branch_python_dop_operator_3.py
[2023-11-28T00:51:49.776+0000] {processor.py:839} INFO - DAG(s) dict_keys(['example_branch_dop_operator_v3']) retrieved from /usr/local/lib/python3.10/dist-packages/airflow/example_dags/example_branch_python_dop_operator_3.py
[2023-11-28T00:51:49.793+0000] {logging_mixin.py:154} INFO - [2023-11-28T00:51:49.793+0000] {dag.py:2941} INFO - Sync 1 DAGs
[2023-11-28T00:51:49.818+0000] {logging_mixin.py:154} INFO - [2023-11-28T00:51:49.818+0000] {dag.py:3722} INFO - Setting next_dagrun for example_branch_dop_operator_v3 to 2023-11-28T00:50:00+00:00, run_after=2023-11-28T00:51:00+00:00
[2023-11-28T00:51:49.841+0000] {processor.py:179} INFO - Processing /usr/local/lib/python3.10/dist-packages/airflow/example_dags/example_branch_python_dop_operator_3.py took 0.081 seconds
[2023-11-28T00:52:35.203+0000] {processor.py:157} INFO - Started process (PID=4345) to work on /usr/local/lib/python3.10/dist-packages/airflow/example_dags/example_branch_python_dop_operator_3.py
[2023-11-28T00:52:35.204+0000] {processor.py:829} INFO - Processing file /usr/local/lib/python3.10/dist-packages/airflow/example_dags/example_branch_python_dop_operator_3.py for tasks to queue
[2023-11-28T00:52:35.205+0000] {logging_mixin.py:154} INFO - [2023-11-28T00:52:35.204+0000] {dagbag.py:536} INFO - Filling up the DagBag from /usr/local/lib/python3.10/dist-packages/airflow/example_dags/example_branch_python_dop_operator_3.py
[2023-11-28T00:52:35.215+0000] {processor.py:839} INFO - DAG(s) dict_keys(['example_branch_dop_operator_v3']) retrieved from /usr/local/lib/python3.10/dist-packages/airflow/example_dags/example_branch_python_dop_operator_3.py
[2023-11-28T00:52:35.232+0000] {logging_mixin.py:154} INFO - [2023-11-28T00:52:35.232+0000] {dag.py:2941} INFO - Sync 1 DAGs
[2023-11-28T00:52:35.259+0000] {logging_mixin.py:154} INFO - [2023-11-28T00:52:35.259+0000] {dag.py:3722} INFO - Setting next_dagrun for example_branch_dop_operator_v3 to 2023-11-28T00:51:00+00:00, run_after=2023-11-28T00:52:00+00:00
[2023-11-28T00:52:35.282+0000] {processor.py:179} INFO - Processing /usr/local/lib/python3.10/dist-packages/airflow/example_dags/example_branch_python_dop_operator_3.py took 0.083 seconds
[2023-11-28T00:53:21.976+0000] {processor.py:157} INFO - Started process (PID=4490) to work on /usr/local/lib/python3.10/dist-packages/airflow/example_dags/example_branch_python_dop_operator_3.py
[2023-11-28T00:53:21.977+0000] {processor.py:829} INFO - Processing file /usr/local/lib/python3.10/dist-packages/airflow/example_dags/example_branch_python_dop_operator_3.py for tasks to queue
[2023-11-28T00:53:21.978+0000] {logging_mixin.py:154} INFO - [2023-11-28T00:53:21.978+0000] {dagbag.py:536} INFO - Filling up the DagBag from /usr/local/lib/python3.10/dist-packages/airflow/example_dags/example_branch_python_dop_operator_3.py
[2023-11-28T00:53:21.988+0000] {processor.py:839} INFO - DAG(s) dict_keys(['example_branch_dop_operator_v3']) retrieved from /usr/local/lib/python3.10/dist-packages/airflow/example_dags/example_branch_python_dop_operator_3.py
[2023-11-28T00:53:22.006+0000] {logging_mixin.py:154} INFO - [2023-11-28T00:53:22.006+0000] {dag.py:2941} INFO - Sync 1 DAGs
[2023-11-28T00:53:22.033+0000] {logging_mixin.py:154} INFO - [2023-11-28T00:53:22.033+0000] {dag.py:3722} INFO - Setting next_dagrun for example_branch_dop_operator_v3 to 2023-11-28T00:52:00+00:00, run_after=2023-11-28T00:53:00+00:00
[2023-11-28T00:53:22.057+0000] {processor.py:179} INFO - Processing /usr/local/lib/python3.10/dist-packages/airflow/example_dags/example_branch_python_dop_operator_3.py took 0.085 seconds
[2023-11-28T00:54:08.364+0000] {processor.py:157} INFO - Started process (PID=4841) to work on /usr/local/lib/python3.10/dist-packages/airflow/example_dags/example_branch_python_dop_operator_3.py
[2023-11-28T00:54:08.365+0000] {processor.py:829} INFO - Processing file /usr/local/lib/python3.10/dist-packages/airflow/example_dags/example_branch_python_dop_operator_3.py for tasks to queue
[2023-11-28T00:54:08.366+0000] {logging_mixin.py:154} INFO - [2023-11-28T00:54:08.365+0000] {dagbag.py:536} INFO - Filling up the DagBag from /usr/local/lib/python3.10/dist-packages/airflow/example_dags/example_branch_python_dop_operator_3.py
[2023-11-28T00:54:08.378+0000] {processor.py:839} INFO - DAG(s) dict_keys(['example_branch_dop_operator_v3']) retrieved from /usr/local/lib/python3.10/dist-packages/airflow/example_dags/example_branch_python_dop_operator_3.py
[2023-11-28T00:54:08.395+0000] {logging_mixin.py:154} INFO - [2023-11-28T00:54:08.395+0000] {dag.py:2941} INFO - Sync 1 DAGs
[2023-11-28T00:54:08.422+0000] {logging_mixin.py:154} INFO - [2023-11-28T00:54:08.422+0000] {dag.py:3722} INFO - Setting next_dagrun for example_branch_dop_operator_v3 to 2023-11-28T00:53:00+00:00, run_after=2023-11-28T00:54:00+00:00
[2023-11-28T00:54:08.445+0000] {processor.py:179} INFO - Processing /usr/local/lib/python3.10/dist-packages/airflow/example_dags/example_branch_python_dop_operator_3.py took 0.085 seconds
[2023-11-28T00:54:51.343+0000] {processor.py:157} INFO - Started process (PID=4920) to work on /usr/local/lib/python3.10/dist-packages/airflow/example_dags/example_branch_python_dop_operator_3.py
[2023-11-28T00:54:51.344+0000] {processor.py:829} INFO - Processing file /usr/local/lib/python3.10/dist-packages/airflow/example_dags/example_branch_python_dop_operator_3.py for tasks to queue
[2023-11-28T00:54:51.345+0000] {logging_mixin.py:154} INFO - [2023-11-28T00:54:51.344+0000] {dagbag.py:536} INFO - Filling up the DagBag from /usr/local/lib/python3.10/dist-packages/airflow/example_dags/example_branch_python_dop_operator_3.py
[2023-11-28T00:54:51.355+0000] {processor.py:839} INFO - DAG(s) dict_keys(['example_branch_dop_operator_v3']) retrieved from /usr/local/lib/python3.10/dist-packages/airflow/example_dags/example_branch_python_dop_operator_3.py
[2023-11-28T00:54:51.372+0000] {logging_mixin.py:154} INFO - [2023-11-28T00:54:51.371+0000] {dag.py:2941} INFO - Sync 1 DAGs
[2023-11-28T00:54:51.397+0000] {logging_mixin.py:154} INFO - [2023-11-28T00:54:51.397+0000] {dag.py:3722} INFO - Setting next_dagrun for example_branch_dop_operator_v3 to 2023-11-28T00:53:00+00:00, run_after=2023-11-28T00:54:00+00:00
[2023-11-28T00:54:51.419+0000] {processor.py:179} INFO - Processing /usr/local/lib/python3.10/dist-packages/airflow/example_dags/example_branch_python_dop_operator_3.py took 0.080 seconds
[2023-11-28T00:55:36.782+0000] {processor.py:157} INFO - Started process (PID=4968) to work on /usr/local/lib/python3.10/dist-packages/airflow/example_dags/example_branch_python_dop_operator_3.py
[2023-11-28T00:55:36.783+0000] {processor.py:829} INFO - Processing file /usr/local/lib/python3.10/dist-packages/airflow/example_dags/example_branch_python_dop_operator_3.py for tasks to queue
[2023-11-28T00:55:36.784+0000] {logging_mixin.py:154} INFO - [2023-11-28T00:55:36.784+0000] {dagbag.py:536} INFO - Filling up the DagBag from /usr/local/lib/python3.10/dist-packages/airflow/example_dags/example_branch_python_dop_operator_3.py
[2023-11-28T00:55:36.794+0000] {processor.py:839} INFO - DAG(s) dict_keys(['example_branch_dop_operator_v3']) retrieved from /usr/local/lib/python3.10/dist-packages/airflow/example_dags/example_branch_python_dop_operator_3.py
[2023-11-28T00:55:36.812+0000] {logging_mixin.py:154} INFO - [2023-11-28T00:55:36.812+0000] {dag.py:2941} INFO - Sync 1 DAGs
[2023-11-28T00:55:36.840+0000] {logging_mixin.py:154} INFO - [2023-11-28T00:55:36.840+0000] {dag.py:3722} INFO - Setting next_dagrun for example_branch_dop_operator_v3 to 2023-11-28T00:54:00+00:00, run_after=2023-11-28T00:55:00+00:00
[2023-11-28T00:55:36.862+0000] {processor.py:179} INFO - Processing /usr/local/lib/python3.10/dist-packages/airflow/example_dags/example_branch_python_dop_operator_3.py took 0.084 seconds
[2023-11-28T00:56:23.368+0000] {processor.py:157} INFO - Started process (PID=5333) to work on /usr/local/lib/python3.10/dist-packages/airflow/example_dags/example_branch_python_dop_operator_3.py
[2023-11-28T00:56:23.369+0000] {processor.py:829} INFO - Processing file /usr/local/lib/python3.10/dist-packages/airflow/example_dags/example_branch_python_dop_operator_3.py for tasks to queue
[2023-11-28T00:56:23.370+0000] {logging_mixin.py:154} INFO - [2023-11-28T00:56:23.369+0000] {dagbag.py:536} INFO - Filling up the DagBag from /usr/local/lib/python3.10/dist-packages/airflow/example_dags/example_branch_python_dop_operator_3.py
[2023-11-28T00:56:23.380+0000] {processor.py:839} INFO - DAG(s) dict_keys(['example_branch_dop_operator_v3']) retrieved from /usr/local/lib/python3.10/dist-packages/airflow/example_dags/example_branch_python_dop_operator_3.py
[2023-11-28T00:56:23.397+0000] {logging_mixin.py:154} INFO - [2023-11-28T00:56:23.396+0000] {dag.py:2941} INFO - Sync 1 DAGs
[2023-11-28T00:56:23.422+0000] {logging_mixin.py:154} INFO - [2023-11-28T00:56:23.422+0000] {dag.py:3722} INFO - Setting next_dagrun for example_branch_dop_operator_v3 to 2023-11-28T00:55:00+00:00, run_after=2023-11-28T00:56:00+00:00
[2023-11-28T00:56:23.445+0000] {processor.py:179} INFO - Processing /usr/local/lib/python3.10/dist-packages/airflow/example_dags/example_branch_python_dop_operator_3.py took 0.081 seconds
[2023-11-28T00:57:10.861+0000] {processor.py:157} INFO - Started process (PID=5382) to work on /usr/local/lib/python3.10/dist-packages/airflow/example_dags/example_branch_python_dop_operator_3.py
[2023-11-28T00:57:10.864+0000] {processor.py:829} INFO - Processing file /usr/local/lib/python3.10/dist-packages/airflow/example_dags/example_branch_python_dop_operator_3.py for tasks to queue
[2023-11-28T00:57:10.865+0000] {logging_mixin.py:154} INFO - [2023-11-28T00:57:10.864+0000] {dagbag.py:536} INFO - Filling up the DagBag from /usr/local/lib/python3.10/dist-packages/airflow/example_dags/example_branch_python_dop_operator_3.py
[2023-11-28T00:57:10.875+0000] {processor.py:839} INFO - DAG(s) dict_keys(['example_branch_dop_operator_v3']) retrieved from /usr/local/lib/python3.10/dist-packages/airflow/example_dags/example_branch_python_dop_operator_3.py
[2023-11-28T00:57:10.893+0000] {logging_mixin.py:154} INFO - [2023-11-28T00:57:10.893+0000] {dag.py:2941} INFO - Sync 1 DAGs
[2023-11-28T00:57:10.920+0000] {logging_mixin.py:154} INFO - [2023-11-28T00:57:10.920+0000] {dag.py:3722} INFO - Setting next_dagrun for example_branch_dop_operator_v3 to 2023-11-28T00:56:00+00:00, run_after=2023-11-28T00:57:00+00:00
[2023-11-28T00:57:10.945+0000] {processor.py:179} INFO - Processing /usr/local/lib/python3.10/dist-packages/airflow/example_dags/example_branch_python_dop_operator_3.py took 0.088 seconds
[2023-11-28T00:57:57.882+0000] {processor.py:157} INFO - Started process (PID=5432) to work on /usr/local/lib/python3.10/dist-packages/airflow/example_dags/example_branch_python_dop_operator_3.py
[2023-11-28T00:57:57.883+0000] {processor.py:829} INFO - Processing file /usr/local/lib/python3.10/dist-packages/airflow/example_dags/example_branch_python_dop_operator_3.py for tasks to queue
[2023-11-28T00:57:57.884+0000] {logging_mixin.py:154} INFO - [2023-11-28T00:57:57.884+0000] {dagbag.py:536} INFO - Filling up the DagBag from /usr/local/lib/python3.10/dist-packages/airflow/example_dags/example_branch_python_dop_operator_3.py
[2023-11-28T00:57:57.894+0000] {processor.py:839} INFO - DAG(s) dict_keys(['example_branch_dop_operator_v3']) retrieved from /usr/local/lib/python3.10/dist-packages/airflow/example_dags/example_branch_python_dop_operator_3.py
[2023-11-28T00:57:57.910+0000] {logging_mixin.py:154} INFO - [2023-11-28T00:57:57.910+0000] {dag.py:2941} INFO - Sync 1 DAGs
[2023-11-28T00:57:57.935+0000] {logging_mixin.py:154} INFO - [2023-11-28T00:57:57.935+0000] {dag.py:3722} INFO - Setting next_dagrun for example_branch_dop_operator_v3 to 2023-11-28T00:56:00+00:00, run_after=2023-11-28T00:57:00+00:00
[2023-11-28T00:57:57.957+0000] {processor.py:179} INFO - Processing /usr/local/lib/python3.10/dist-packages/airflow/example_dags/example_branch_python_dop_operator_3.py took 0.078 seconds
[2023-11-28T00:58:43.709+0000] {processor.py:157} INFO - Started process (PID=5479) to work on /usr/local/lib/python3.10/dist-packages/airflow/example_dags/example_branch_python_dop_operator_3.py
[2023-11-28T00:58:43.711+0000] {processor.py:829} INFO - Processing file /usr/local/lib/python3.10/dist-packages/airflow/example_dags/example_branch_python_dop_operator_3.py for tasks to queue
[2023-11-28T00:58:43.712+0000] {logging_mixin.py:154} INFO - [2023-11-28T00:58:43.711+0000] {dagbag.py:536} INFO - Filling up the DagBag from /usr/local/lib/python3.10/dist-packages/airflow/example_dags/example_branch_python_dop_operator_3.py
[2023-11-28T00:58:43.722+0000] {processor.py:839} INFO - DAG(s) dict_keys(['example_branch_dop_operator_v3']) retrieved from /usr/local/lib/python3.10/dist-packages/airflow/example_dags/example_branch_python_dop_operator_3.py
[2023-11-28T00:58:43.740+0000] {logging_mixin.py:154} INFO - [2023-11-28T00:58:43.740+0000] {dag.py:2941} INFO - Sync 1 DAGs
[2023-11-28T00:58:43.766+0000] {logging_mixin.py:154} INFO - [2023-11-28T00:58:43.766+0000] {dag.py:3722} INFO - Setting next_dagrun for example_branch_dop_operator_v3 to 2023-11-28T00:57:00+00:00, run_after=2023-11-28T00:58:00+00:00
[2023-11-28T00:58:43.790+0000] {processor.py:179} INFO - Processing /usr/local/lib/python3.10/dist-packages/airflow/example_dags/example_branch_python_dop_operator_3.py took 0.084 seconds
[2023-11-28T00:59:31.606+0000] {processor.py:157} INFO - Started process (PID=5529) to work on /usr/local/lib/python3.10/dist-packages/airflow/example_dags/example_branch_python_dop_operator_3.py
[2023-11-28T00:59:31.607+0000] {processor.py:829} INFO - Processing file /usr/local/lib/python3.10/dist-packages/airflow/example_dags/example_branch_python_dop_operator_3.py for tasks to queue
[2023-11-28T00:59:31.608+0000] {logging_mixin.py:154} INFO - [2023-11-28T00:59:31.608+0000] {dagbag.py:536} INFO - Filling up the DagBag from /usr/local/lib/python3.10/dist-packages/airflow/example_dags/example_branch_python_dop_operator_3.py
[2023-11-28T00:59:31.618+0000] {processor.py:839} INFO - DAG(s) dict_keys(['example_branch_dop_operator_v3']) retrieved from /usr/local/lib/python3.10/dist-packages/airflow/example_dags/example_branch_python_dop_operator_3.py
[2023-11-28T00:59:31.635+0000] {logging_mixin.py:154} INFO - [2023-11-28T00:59:31.634+0000] {dag.py:2941} INFO - Sync 1 DAGs
[2023-11-28T00:59:31.660+0000] {logging_mixin.py:154} INFO - [2023-11-28T00:59:31.659+0000] {dag.py:3722} INFO - Setting next_dagrun for example_branch_dop_operator_v3 to 2023-11-28T00:58:00+00:00, run_after=2023-11-28T00:59:00+00:00
[2023-11-28T00:59:31.686+0000] {processor.py:179} INFO - Processing /usr/local/lib/python3.10/dist-packages/airflow/example_dags/example_branch_python_dop_operator_3.py took 0.083 seconds
[2023-11-28T01:00:28.087+0000] {processor.py:157} INFO - Started process (PID=5587) to work on /usr/local/lib/python3.10/dist-packages/airflow/example_dags/example_branch_python_dop_operator_3.py
[2023-11-28T01:00:28.091+0000] {processor.py:829} INFO - Processing file /usr/local/lib/python3.10/dist-packages/airflow/example_dags/example_branch_python_dop_operator_3.py for tasks to queue
[2023-11-28T01:00:28.092+0000] {logging_mixin.py:154} INFO - [2023-11-28T01:00:28.092+0000] {dagbag.py:536} INFO - Filling up the DagBag from /usr/local/lib/python3.10/dist-packages/airflow/example_dags/example_branch_python_dop_operator_3.py
[2023-11-28T01:00:28.102+0000] {processor.py:839} INFO - DAG(s) dict_keys(['example_branch_dop_operator_v3']) retrieved from /usr/local/lib/python3.10/dist-packages/airflow/example_dags/example_branch_python_dop_operator_3.py
[2023-11-28T01:00:28.120+0000] {logging_mixin.py:154} INFO - [2023-11-28T01:00:28.119+0000] {dag.py:2941} INFO - Sync 1 DAGs
[2023-11-28T01:00:28.146+0000] {logging_mixin.py:154} INFO - [2023-11-28T01:00:28.145+0000] {dag.py:3722} INFO - Setting next_dagrun for example_branch_dop_operator_v3 to 2023-11-28T00:59:00+00:00, run_after=2023-11-28T01:00:00+00:00
[2023-11-28T01:00:28.169+0000] {processor.py:179} INFO - Processing /usr/local/lib/python3.10/dist-packages/airflow/example_dags/example_branch_python_dop_operator_3.py took 0.086 seconds
[2023-11-28T01:01:14.649+0000] {processor.py:157} INFO - Started process (PID=5635) to work on /usr/local/lib/python3.10/dist-packages/airflow/example_dags/example_branch_python_dop_operator_3.py
[2023-11-28T01:01:14.651+0000] {processor.py:829} INFO - Processing file /usr/local/lib/python3.10/dist-packages/airflow/example_dags/example_branch_python_dop_operator_3.py for tasks to queue
[2023-11-28T01:01:14.651+0000] {logging_mixin.py:154} INFO - [2023-11-28T01:01:14.651+0000] {dagbag.py:536} INFO - Filling up the DagBag from /usr/local/lib/python3.10/dist-packages/airflow/example_dags/example_branch_python_dop_operator_3.py
[2023-11-28T01:01:14.662+0000] {processor.py:839} INFO - DAG(s) dict_keys(['example_branch_dop_operator_v3']) retrieved from /usr/local/lib/python3.10/dist-packages/airflow/example_dags/example_branch_python_dop_operator_3.py
[2023-11-28T01:01:14.679+0000] {logging_mixin.py:154} INFO - [2023-11-28T01:01:14.678+0000] {dag.py:2941} INFO - Sync 1 DAGs
[2023-11-28T01:01:14.705+0000] {logging_mixin.py:154} INFO - [2023-11-28T01:01:14.705+0000] {dag.py:3722} INFO - Setting next_dagrun for example_branch_dop_operator_v3 to 2023-11-28T01:00:00+00:00, run_after=2023-11-28T01:01:00+00:00
[2023-11-28T01:01:14.728+0000] {processor.py:179} INFO - Processing /usr/local/lib/python3.10/dist-packages/airflow/example_dags/example_branch_python_dop_operator_3.py took 0.082 seconds
[2023-11-28T01:01:58.697+0000] {processor.py:157} INFO - Started process (PID=5681) to work on /usr/local/lib/python3.10/dist-packages/airflow/example_dags/example_branch_python_dop_operator_3.py
[2023-11-28T01:01:58.698+0000] {processor.py:829} INFO - Processing file /usr/local/lib/python3.10/dist-packages/airflow/example_dags/example_branch_python_dop_operator_3.py for tasks to queue
[2023-11-28T01:01:58.699+0000] {logging_mixin.py:154} INFO - [2023-11-28T01:01:58.699+0000] {dagbag.py:536} INFO - Filling up the DagBag from /usr/local/lib/python3.10/dist-packages/airflow/example_dags/example_branch_python_dop_operator_3.py
[2023-11-28T01:01:58.710+0000] {processor.py:839} INFO - DAG(s) dict_keys(['example_branch_dop_operator_v3']) retrieved from /usr/local/lib/python3.10/dist-packages/airflow/example_dags/example_branch_python_dop_operator_3.py
[2023-11-28T01:01:58.727+0000] {logging_mixin.py:154} INFO - [2023-11-28T01:01:58.727+0000] {dag.py:2941} INFO - Sync 1 DAGs
[2023-11-28T01:01:58.753+0000] {logging_mixin.py:154} INFO - [2023-11-28T01:01:58.752+0000] {dag.py:3722} INFO - Setting next_dagrun for example_branch_dop_operator_v3 to 2023-11-28T01:00:00+00:00, run_after=2023-11-28T01:01:00+00:00
[2023-11-28T01:01:58.776+0000] {processor.py:179} INFO - Processing /usr/local/lib/python3.10/dist-packages/airflow/example_dags/example_branch_python_dop_operator_3.py took 0.083 seconds
[2023-11-28T01:02:43.656+0000] {processor.py:157} INFO - Started process (PID=5730) to work on /usr/local/lib/python3.10/dist-packages/airflow/example_dags/example_branch_python_dop_operator_3.py
[2023-11-28T01:02:43.658+0000] {processor.py:829} INFO - Processing file /usr/local/lib/python3.10/dist-packages/airflow/example_dags/example_branch_python_dop_operator_3.py for tasks to queue
[2023-11-28T01:02:43.659+0000] {logging_mixin.py:154} INFO - [2023-11-28T01:02:43.658+0000] {dagbag.py:536} INFO - Filling up the DagBag from /usr/local/lib/python3.10/dist-packages/airflow/example_dags/example_branch_python_dop_operator_3.py
[2023-11-28T01:02:43.668+0000] {processor.py:839} INFO - DAG(s) dict_keys(['example_branch_dop_operator_v3']) retrieved from /usr/local/lib/python3.10/dist-packages/airflow/example_dags/example_branch_python_dop_operator_3.py
[2023-11-28T01:02:43.685+0000] {logging_mixin.py:154} INFO - [2023-11-28T01:02:43.685+0000] {dag.py:2941} INFO - Sync 1 DAGs
[2023-11-28T01:02:43.710+0000] {logging_mixin.py:154} INFO - [2023-11-28T01:02:43.710+0000] {dag.py:3722} INFO - Setting next_dagrun for example_branch_dop_operator_v3 to 2023-11-28T01:01:00+00:00, run_after=2023-11-28T01:02:00+00:00
[2023-11-28T01:02:43.732+0000] {processor.py:179} INFO - Processing /usr/local/lib/python3.10/dist-packages/airflow/example_dags/example_branch_python_dop_operator_3.py took 0.079 seconds
[2023-11-28T01:03:28.681+0000] {processor.py:157} INFO - Started process (PID=5775) to work on /usr/local/lib/python3.10/dist-packages/airflow/example_dags/example_branch_python_dop_operator_3.py
[2023-11-28T01:03:28.682+0000] {processor.py:829} INFO - Processing file /usr/local/lib/python3.10/dist-packages/airflow/example_dags/example_branch_python_dop_operator_3.py for tasks to queue
[2023-11-28T01:03:28.683+0000] {logging_mixin.py:154} INFO - [2023-11-28T01:03:28.683+0000] {dagbag.py:536} INFO - Filling up the DagBag from /usr/local/lib/python3.10/dist-packages/airflow/example_dags/example_branch_python_dop_operator_3.py
[2023-11-28T01:03:28.693+0000] {processor.py:839} INFO - DAG(s) dict_keys(['example_branch_dop_operator_v3']) retrieved from /usr/local/lib/python3.10/dist-packages/airflow/example_dags/example_branch_python_dop_operator_3.py
[2023-11-28T01:03:28.710+0000] {logging_mixin.py:154} INFO - [2023-11-28T01:03:28.710+0000] {dag.py:2941} INFO - Sync 1 DAGs
[2023-11-28T01:03:28.735+0000] {logging_mixin.py:154} INFO - [2023-11-28T01:03:28.734+0000] {dag.py:3722} INFO - Setting next_dagrun for example_branch_dop_operator_v3 to 2023-11-28T01:02:00+00:00, run_after=2023-11-28T01:03:00+00:00
[2023-11-28T01:03:28.757+0000] {processor.py:179} INFO - Processing /usr/local/lib/python3.10/dist-packages/airflow/example_dags/example_branch_python_dop_operator_3.py took 0.079 seconds
[2023-11-28T01:04:13.298+0000] {processor.py:157} INFO - Started process (PID=5935) to work on /usr/local/lib/python3.10/dist-packages/airflow/example_dags/example_branch_python_dop_operator_3.py
[2023-11-28T01:04:13.299+0000] {processor.py:829} INFO - Processing file /usr/local/lib/python3.10/dist-packages/airflow/example_dags/example_branch_python_dop_operator_3.py for tasks to queue
[2023-11-28T01:04:13.300+0000] {logging_mixin.py:154} INFO - [2023-11-28T01:04:13.300+0000] {dagbag.py:536} INFO - Filling up the DagBag from /usr/local/lib/python3.10/dist-packages/airflow/example_dags/example_branch_python_dop_operator_3.py
[2023-11-28T01:04:13.311+0000] {processor.py:839} INFO - DAG(s) dict_keys(['example_branch_dop_operator_v3']) retrieved from /usr/local/lib/python3.10/dist-packages/airflow/example_dags/example_branch_python_dop_operator_3.py
[2023-11-28T01:04:13.328+0000] {logging_mixin.py:154} INFO - [2023-11-28T01:04:13.328+0000] {dag.py:2941} INFO - Sync 1 DAGs
[2023-11-28T01:04:13.355+0000] {logging_mixin.py:154} INFO - [2023-11-28T01:04:13.355+0000] {dag.py:3722} INFO - Setting next_dagrun for example_branch_dop_operator_v3 to 2023-11-28T01:03:00+00:00, run_after=2023-11-28T01:04:00+00:00
[2023-11-28T01:04:13.379+0000] {processor.py:179} INFO - Processing /usr/local/lib/python3.10/dist-packages/airflow/example_dags/example_branch_python_dop_operator_3.py took 0.085 seconds
[2023-11-28T01:04:57.205+0000] {processor.py:157} INFO - Started process (PID=5981) to work on /usr/local/lib/python3.10/dist-packages/airflow/example_dags/example_branch_python_dop_operator_3.py
[2023-11-28T01:04:57.207+0000] {processor.py:829} INFO - Processing file /usr/local/lib/python3.10/dist-packages/airflow/example_dags/example_branch_python_dop_operator_3.py for tasks to queue
[2023-11-28T01:04:57.208+0000] {logging_mixin.py:154} INFO - [2023-11-28T01:04:57.208+0000] {dagbag.py:536} INFO - Filling up the DagBag from /usr/local/lib/python3.10/dist-packages/airflow/example_dags/example_branch_python_dop_operator_3.py
[2023-11-28T01:04:57.218+0000] {processor.py:839} INFO - DAG(s) dict_keys(['example_branch_dop_operator_v3']) retrieved from /usr/local/lib/python3.10/dist-packages/airflow/example_dags/example_branch_python_dop_operator_3.py
[2023-11-28T01:04:57.235+0000] {logging_mixin.py:154} INFO - [2023-11-28T01:04:57.235+0000] {dag.py:2941} INFO - Sync 1 DAGs
[2023-11-28T01:04:57.261+0000] {logging_mixin.py:154} INFO - [2023-11-28T01:04:57.260+0000] {dag.py:3722} INFO - Setting next_dagrun for example_branch_dop_operator_v3 to 2023-11-28T01:03:00+00:00, run_after=2023-11-28T01:04:00+00:00
[2023-11-28T01:04:57.283+0000] {processor.py:179} INFO - Processing /usr/local/lib/python3.10/dist-packages/airflow/example_dags/example_branch_python_dop_operator_3.py took 0.081 seconds
[2023-11-28T01:05:41.263+0000] {processor.py:157} INFO - Started process (PID=6027) to work on /usr/local/lib/python3.10/dist-packages/airflow/example_dags/example_branch_python_dop_operator_3.py
[2023-11-28T01:05:41.264+0000] {processor.py:829} INFO - Processing file /usr/local/lib/python3.10/dist-packages/airflow/example_dags/example_branch_python_dop_operator_3.py for tasks to queue
[2023-11-28T01:05:41.265+0000] {logging_mixin.py:154} INFO - [2023-11-28T01:05:41.265+0000] {dagbag.py:536} INFO - Filling up the DagBag from /usr/local/lib/python3.10/dist-packages/airflow/example_dags/example_branch_python_dop_operator_3.py
[2023-11-28T01:05:41.275+0000] {processor.py:839} INFO - DAG(s) dict_keys(['example_branch_dop_operator_v3']) retrieved from /usr/local/lib/python3.10/dist-packages/airflow/example_dags/example_branch_python_dop_operator_3.py
[2023-11-28T01:05:41.293+0000] {logging_mixin.py:154} INFO - [2023-11-28T01:05:41.292+0000] {dag.py:2941} INFO - Sync 1 DAGs
[2023-11-28T01:05:41.319+0000] {logging_mixin.py:154} INFO - [2023-11-28T01:05:41.319+0000] {dag.py:3722} INFO - Setting next_dagrun for example_branch_dop_operator_v3 to 2023-11-28T01:04:00+00:00, run_after=2023-11-28T01:05:00+00:00
[2023-11-28T01:05:41.341+0000] {processor.py:179} INFO - Processing /usr/local/lib/python3.10/dist-packages/airflow/example_dags/example_branch_python_dop_operator_3.py took 0.082 seconds
[2023-11-28T01:06:28.080+0000] {processor.py:157} INFO - Started process (PID=6076) to work on /usr/local/lib/python3.10/dist-packages/airflow/example_dags/example_branch_python_dop_operator_3.py
[2023-11-28T01:06:28.082+0000] {processor.py:829} INFO - Processing file /usr/local/lib/python3.10/dist-packages/airflow/example_dags/example_branch_python_dop_operator_3.py for tasks to queue
[2023-11-28T01:06:28.083+0000] {logging_mixin.py:154} INFO - [2023-11-28T01:06:28.083+0000] {dagbag.py:536} INFO - Filling up the DagBag from /usr/local/lib/python3.10/dist-packages/airflow/example_dags/example_branch_python_dop_operator_3.py
[2023-11-28T01:06:28.093+0000] {processor.py:839} INFO - DAG(s) dict_keys(['example_branch_dop_operator_v3']) retrieved from /usr/local/lib/python3.10/dist-packages/airflow/example_dags/example_branch_python_dop_operator_3.py
[2023-11-28T01:06:28.110+0000] {logging_mixin.py:154} INFO - [2023-11-28T01:06:28.110+0000] {dag.py:2941} INFO - Sync 1 DAGs
[2023-11-28T01:06:28.135+0000] {logging_mixin.py:154} INFO - [2023-11-28T01:06:28.135+0000] {dag.py:3722} INFO - Setting next_dagrun for example_branch_dop_operator_v3 to 2023-11-28T01:05:00+00:00, run_after=2023-11-28T01:06:00+00:00
[2023-11-28T01:06:28.159+0000] {processor.py:179} INFO - Processing /usr/local/lib/python3.10/dist-packages/airflow/example_dags/example_branch_python_dop_operator_3.py took 0.083 seconds
[2023-11-28T01:07:14.595+0000] {processor.py:157} INFO - Started process (PID=6122) to work on /usr/local/lib/python3.10/dist-packages/airflow/example_dags/example_branch_python_dop_operator_3.py
[2023-11-28T01:07:14.596+0000] {processor.py:829} INFO - Processing file /usr/local/lib/python3.10/dist-packages/airflow/example_dags/example_branch_python_dop_operator_3.py for tasks to queue
[2023-11-28T01:07:14.597+0000] {logging_mixin.py:154} INFO - [2023-11-28T01:07:14.597+0000] {dagbag.py:536} INFO - Filling up the DagBag from /usr/local/lib/python3.10/dist-packages/airflow/example_dags/example_branch_python_dop_operator_3.py
[2023-11-28T01:07:14.607+0000] {processor.py:839} INFO - DAG(s) dict_keys(['example_branch_dop_operator_v3']) retrieved from /usr/local/lib/python3.10/dist-packages/airflow/example_dags/example_branch_python_dop_operator_3.py
[2023-11-28T01:07:14.624+0000] {logging_mixin.py:154} INFO - [2023-11-28T01:07:14.624+0000] {dag.py:2941} INFO - Sync 1 DAGs
[2023-11-28T01:07:14.650+0000] {logging_mixin.py:154} INFO - [2023-11-28T01:07:14.650+0000] {dag.py:3722} INFO - Setting next_dagrun for example_branch_dop_operator_v3 to 2023-11-28T01:06:00+00:00, run_after=2023-11-28T01:07:00+00:00
[2023-11-28T01:07:14.675+0000] {processor.py:179} INFO - Processing /usr/local/lib/python3.10/dist-packages/airflow/example_dags/example_branch_python_dop_operator_3.py took 0.084 seconds
[2023-11-28T01:08:03.182+0000] {processor.py:157} INFO - Started process (PID=6172) to work on /usr/local/lib/python3.10/dist-packages/airflow/example_dags/example_branch_python_dop_operator_3.py
[2023-11-28T01:08:03.183+0000] {processor.py:829} INFO - Processing file /usr/local/lib/python3.10/dist-packages/airflow/example_dags/example_branch_python_dop_operator_3.py for tasks to queue
[2023-11-28T01:08:03.184+0000] {logging_mixin.py:154} INFO - [2023-11-28T01:08:03.184+0000] {dagbag.py:536} INFO - Filling up the DagBag from /usr/local/lib/python3.10/dist-packages/airflow/example_dags/example_branch_python_dop_operator_3.py
[2023-11-28T01:08:03.194+0000] {processor.py:839} INFO - DAG(s) dict_keys(['example_branch_dop_operator_v3']) retrieved from /usr/local/lib/python3.10/dist-packages/airflow/example_dags/example_branch_python_dop_operator_3.py
[2023-11-28T01:08:03.211+0000] {logging_mixin.py:154} INFO - [2023-11-28T01:08:03.211+0000] {dag.py:2941} INFO - Sync 1 DAGs
[2023-11-28T01:08:03.237+0000] {logging_mixin.py:154} INFO - [2023-11-28T01:08:03.236+0000] {dag.py:3722} INFO - Setting next_dagrun for example_branch_dop_operator_v3 to 2023-11-28T01:07:00+00:00, run_after=2023-11-28T01:08:00+00:00
[2023-11-28T01:08:03.260+0000] {processor.py:179} INFO - Processing /usr/local/lib/python3.10/dist-packages/airflow/example_dags/example_branch_python_dop_operator_3.py took 0.081 seconds
[2023-11-28T01:08:49.542+0000] {processor.py:157} INFO - Started process (PID=6222) to work on /usr/local/lib/python3.10/dist-packages/airflow/example_dags/example_branch_python_dop_operator_3.py
[2023-11-28T01:08:49.543+0000] {processor.py:829} INFO - Processing file /usr/local/lib/python3.10/dist-packages/airflow/example_dags/example_branch_python_dop_operator_3.py for tasks to queue
[2023-11-28T01:08:49.544+0000] {logging_mixin.py:154} INFO - [2023-11-28T01:08:49.544+0000] {dagbag.py:536} INFO - Filling up the DagBag from /usr/local/lib/python3.10/dist-packages/airflow/example_dags/example_branch_python_dop_operator_3.py
[2023-11-28T01:08:49.554+0000] {processor.py:839} INFO - DAG(s) dict_keys(['example_branch_dop_operator_v3']) retrieved from /usr/local/lib/python3.10/dist-packages/airflow/example_dags/example_branch_python_dop_operator_3.py
[2023-11-28T01:08:49.572+0000] {logging_mixin.py:154} INFO - [2023-11-28T01:08:49.571+0000] {dag.py:2941} INFO - Sync 1 DAGs
[2023-11-28T01:08:49.598+0000] {logging_mixin.py:154} INFO - [2023-11-28T01:08:49.598+0000] {dag.py:3722} INFO - Setting next_dagrun for example_branch_dop_operator_v3 to 2023-11-28T01:07:00+00:00, run_after=2023-11-28T01:08:00+00:00
[2023-11-28T01:08:49.620+0000] {processor.py:179} INFO - Processing /usr/local/lib/python3.10/dist-packages/airflow/example_dags/example_branch_python_dop_operator_3.py took 0.082 seconds
[2023-11-28T01:09:31.897+0000] {processor.py:157} INFO - Started process (PID=6267) to work on /usr/local/lib/python3.10/dist-packages/airflow/example_dags/example_branch_python_dop_operator_3.py
[2023-11-28T01:09:31.898+0000] {processor.py:829} INFO - Processing file /usr/local/lib/python3.10/dist-packages/airflow/example_dags/example_branch_python_dop_operator_3.py for tasks to queue
[2023-11-28T01:09:31.899+0000] {logging_mixin.py:154} INFO - [2023-11-28T01:09:31.899+0000] {dagbag.py:536} INFO - Filling up the DagBag from /usr/local/lib/python3.10/dist-packages/airflow/example_dags/example_branch_python_dop_operator_3.py
[2023-11-28T01:09:31.911+0000] {processor.py:839} INFO - DAG(s) dict_keys(['example_branch_dop_operator_v3']) retrieved from /usr/local/lib/python3.10/dist-packages/airflow/example_dags/example_branch_python_dop_operator_3.py
[2023-11-28T01:09:31.929+0000] {logging_mixin.py:154} INFO - [2023-11-28T01:09:31.929+0000] {dag.py:2941} INFO - Sync 1 DAGs
[2023-11-28T01:09:31.956+0000] {logging_mixin.py:154} INFO - [2023-11-28T01:09:31.956+0000] {dag.py:3722} INFO - Setting next_dagrun for example_branch_dop_operator_v3 to 2023-11-28T01:08:00+00:00, run_after=2023-11-28T01:09:00+00:00
[2023-11-28T01:09:31.980+0000] {processor.py:179} INFO - Processing /usr/local/lib/python3.10/dist-packages/airflow/example_dags/example_branch_python_dop_operator_3.py took 0.087 seconds
[2023-11-28T01:10:19.111+0000] {processor.py:157} INFO - Started process (PID=6316) to work on /usr/local/lib/python3.10/dist-packages/airflow/example_dags/example_branch_python_dop_operator_3.py
[2023-11-28T01:10:19.113+0000] {processor.py:829} INFO - Processing file /usr/local/lib/python3.10/dist-packages/airflow/example_dags/example_branch_python_dop_operator_3.py for tasks to queue
[2023-11-28T01:10:19.114+0000] {logging_mixin.py:154} INFO - [2023-11-28T01:10:19.113+0000] {dagbag.py:536} INFO - Filling up the DagBag from /usr/local/lib/python3.10/dist-packages/airflow/example_dags/example_branch_python_dop_operator_3.py
[2023-11-28T01:10:19.124+0000] {processor.py:839} INFO - DAG(s) dict_keys(['example_branch_dop_operator_v3']) retrieved from /usr/local/lib/python3.10/dist-packages/airflow/example_dags/example_branch_python_dop_operator_3.py
[2023-11-28T01:10:19.142+0000] {logging_mixin.py:154} INFO - [2023-11-28T01:10:19.142+0000] {dag.py:2941} INFO - Sync 1 DAGs
[2023-11-28T01:10:19.169+0000] {logging_mixin.py:154} INFO - [2023-11-28T01:10:19.169+0000] {dag.py:3722} INFO - Setting next_dagrun for example_branch_dop_operator_v3 to 2023-11-28T01:09:00+00:00, run_after=2023-11-28T01:10:00+00:00
[2023-11-28T01:10:19.195+0000] {processor.py:179} INFO - Processing /usr/local/lib/python3.10/dist-packages/airflow/example_dags/example_branch_python_dop_operator_3.py took 0.087 seconds
[2023-11-28T01:11:07.094+0000] {processor.py:157} INFO - Started process (PID=6364) to work on /usr/local/lib/python3.10/dist-packages/airflow/example_dags/example_branch_python_dop_operator_3.py
[2023-11-28T01:11:07.096+0000] {processor.py:829} INFO - Processing file /usr/local/lib/python3.10/dist-packages/airflow/example_dags/example_branch_python_dop_operator_3.py for tasks to queue
[2023-11-28T01:11:07.097+0000] {logging_mixin.py:154} INFO - [2023-11-28T01:11:07.097+0000] {dagbag.py:536} INFO - Filling up the DagBag from /usr/local/lib/python3.10/dist-packages/airflow/example_dags/example_branch_python_dop_operator_3.py
[2023-11-28T01:11:07.108+0000] {processor.py:839} INFO - DAG(s) dict_keys(['example_branch_dop_operator_v3']) retrieved from /usr/local/lib/python3.10/dist-packages/airflow/example_dags/example_branch_python_dop_operator_3.py
[2023-11-28T01:11:07.125+0000] {logging_mixin.py:154} INFO - [2023-11-28T01:11:07.125+0000] {dag.py:2941} INFO - Sync 1 DAGs
[2023-11-28T01:11:07.151+0000] {logging_mixin.py:154} INFO - [2023-11-28T01:11:07.151+0000] {dag.py:3722} INFO - Setting next_dagrun for example_branch_dop_operator_v3 to 2023-11-28T01:10:00+00:00, run_after=2023-11-28T01:11:00+00:00
[2023-11-28T01:11:07.174+0000] {processor.py:179} INFO - Processing /usr/local/lib/python3.10/dist-packages/airflow/example_dags/example_branch_python_dop_operator_3.py took 0.084 seconds
[2023-11-28T01:11:52.227+0000] {processor.py:157} INFO - Started process (PID=6411) to work on /usr/local/lib/python3.10/dist-packages/airflow/example_dags/example_branch_python_dop_operator_3.py
[2023-11-28T01:11:52.228+0000] {processor.py:829} INFO - Processing file /usr/local/lib/python3.10/dist-packages/airflow/example_dags/example_branch_python_dop_operator_3.py for tasks to queue
[2023-11-28T01:11:52.229+0000] {logging_mixin.py:154} INFO - [2023-11-28T01:11:52.229+0000] {dagbag.py:536} INFO - Filling up the DagBag from /usr/local/lib/python3.10/dist-packages/airflow/example_dags/example_branch_python_dop_operator_3.py
[2023-11-28T01:11:52.240+0000] {processor.py:839} INFO - DAG(s) dict_keys(['example_branch_dop_operator_v3']) retrieved from /usr/local/lib/python3.10/dist-packages/airflow/example_dags/example_branch_python_dop_operator_3.py
[2023-11-28T01:11:52.257+0000] {logging_mixin.py:154} INFO - [2023-11-28T01:11:52.257+0000] {dag.py:2941} INFO - Sync 1 DAGs
[2023-11-28T01:11:52.282+0000] {logging_mixin.py:154} INFO - [2023-11-28T01:11:52.282+0000] {dag.py:3722} INFO - Setting next_dagrun for example_branch_dop_operator_v3 to 2023-11-28T01:10:00+00:00, run_after=2023-11-28T01:11:00+00:00
[2023-11-28T01:11:52.304+0000] {processor.py:179} INFO - Processing /usr/local/lib/python3.10/dist-packages/airflow/example_dags/example_branch_python_dop_operator_3.py took 0.081 seconds
[2023-11-28T01:12:37.570+0000] {processor.py:157} INFO - Started process (PID=6459) to work on /usr/local/lib/python3.10/dist-packages/airflow/example_dags/example_branch_python_dop_operator_3.py
[2023-11-28T01:12:37.571+0000] {processor.py:829} INFO - Processing file /usr/local/lib/python3.10/dist-packages/airflow/example_dags/example_branch_python_dop_operator_3.py for tasks to queue
[2023-11-28T01:12:37.572+0000] {logging_mixin.py:154} INFO - [2023-11-28T01:12:37.572+0000] {dagbag.py:536} INFO - Filling up the DagBag from /usr/local/lib/python3.10/dist-packages/airflow/example_dags/example_branch_python_dop_operator_3.py
[2023-11-28T01:12:37.583+0000] {processor.py:839} INFO - DAG(s) dict_keys(['example_branch_dop_operator_v3']) retrieved from /usr/local/lib/python3.10/dist-packages/airflow/example_dags/example_branch_python_dop_operator_3.py
[2023-11-28T01:12:37.601+0000] {logging_mixin.py:154} INFO - [2023-11-28T01:12:37.600+0000] {dag.py:2941} INFO - Sync 1 DAGs
[2023-11-28T01:12:37.628+0000] {logging_mixin.py:154} INFO - [2023-11-28T01:12:37.628+0000] {dag.py:3722} INFO - Setting next_dagrun for example_branch_dop_operator_v3 to 2023-11-28T01:11:00+00:00, run_after=2023-11-28T01:12:00+00:00
[2023-11-28T01:12:37.650+0000] {processor.py:179} INFO - Processing /usr/local/lib/python3.10/dist-packages/airflow/example_dags/example_branch_python_dop_operator_3.py took 0.084 seconds
[2023-11-28T01:13:29.174+0000] {processor.py:157} INFO - Started process (PID=6511) to work on /usr/local/lib/python3.10/dist-packages/airflow/example_dags/example_branch_python_dop_operator_3.py
[2023-11-28T01:13:29.176+0000] {processor.py:829} INFO - Processing file /usr/local/lib/python3.10/dist-packages/airflow/example_dags/example_branch_python_dop_operator_3.py for tasks to queue
[2023-11-28T01:13:29.177+0000] {logging_mixin.py:154} INFO - [2023-11-28T01:13:29.176+0000] {dagbag.py:536} INFO - Filling up the DagBag from /usr/local/lib/python3.10/dist-packages/airflow/example_dags/example_branch_python_dop_operator_3.py
[2023-11-28T01:13:29.187+0000] {processor.py:839} INFO - DAG(s) dict_keys(['example_branch_dop_operator_v3']) retrieved from /usr/local/lib/python3.10/dist-packages/airflow/example_dags/example_branch_python_dop_operator_3.py
[2023-11-28T01:13:29.204+0000] {logging_mixin.py:154} INFO - [2023-11-28T01:13:29.204+0000] {dag.py:2941} INFO - Sync 1 DAGs
[2023-11-28T01:13:29.230+0000] {logging_mixin.py:154} INFO - [2023-11-28T01:13:29.230+0000] {dag.py:3722} INFO - Setting next_dagrun for example_branch_dop_operator_v3 to 2023-11-28T01:12:00+00:00, run_after=2023-11-28T01:13:00+00:00
[2023-11-28T01:13:29.254+0000] {processor.py:179} INFO - Processing /usr/local/lib/python3.10/dist-packages/airflow/example_dags/example_branch_python_dop_operator_3.py took 0.083 seconds
[2023-11-28T01:14:21.691+0000] {processor.py:157} INFO - Started process (PID=6565) to work on /usr/local/lib/python3.10/dist-packages/airflow/example_dags/example_branch_python_dop_operator_3.py
[2023-11-28T01:14:21.693+0000] {processor.py:829} INFO - Processing file /usr/local/lib/python3.10/dist-packages/airflow/example_dags/example_branch_python_dop_operator_3.py for tasks to queue
[2023-11-28T01:14:21.694+0000] {logging_mixin.py:154} INFO - [2023-11-28T01:14:21.693+0000] {dagbag.py:536} INFO - Filling up the DagBag from /usr/local/lib/python3.10/dist-packages/airflow/example_dags/example_branch_python_dop_operator_3.py
[2023-11-28T01:14:21.703+0000] {processor.py:839} INFO - DAG(s) dict_keys(['example_branch_dop_operator_v3']) retrieved from /usr/local/lib/python3.10/dist-packages/airflow/example_dags/example_branch_python_dop_operator_3.py
[2023-11-28T01:14:21.720+0000] {logging_mixin.py:154} INFO - [2023-11-28T01:14:21.720+0000] {dag.py:2941} INFO - Sync 1 DAGs
[2023-11-28T01:14:21.746+0000] {logging_mixin.py:154} INFO - [2023-11-28T01:14:21.745+0000] {dag.py:3722} INFO - Setting next_dagrun for example_branch_dop_operator_v3 to 2023-11-28T01:13:00+00:00, run_after=2023-11-28T01:14:00+00:00
[2023-11-28T01:14:21.768+0000] {processor.py:179} INFO - Processing /usr/local/lib/python3.10/dist-packages/airflow/example_dags/example_branch_python_dop_operator_3.py took 0.081 seconds
[2023-11-28T01:15:27.771+0000] {processor.py:157} INFO - Started process (PID=6643) to work on /usr/local/lib/python3.10/dist-packages/airflow/example_dags/example_branch_python_dop_operator_3.py
[2023-11-28T01:15:27.773+0000] {processor.py:829} INFO - Processing file /usr/local/lib/python3.10/dist-packages/airflow/example_dags/example_branch_python_dop_operator_3.py for tasks to queue
[2023-11-28T01:15:27.774+0000] {logging_mixin.py:154} INFO - [2023-11-28T01:15:27.773+0000] {dagbag.py:536} INFO - Filling up the DagBag from /usr/local/lib/python3.10/dist-packages/airflow/example_dags/example_branch_python_dop_operator_3.py
[2023-11-28T01:15:27.784+0000] {processor.py:839} INFO - DAG(s) dict_keys(['example_branch_dop_operator_v3']) retrieved from /usr/local/lib/python3.10/dist-packages/airflow/example_dags/example_branch_python_dop_operator_3.py
[2023-11-28T01:15:27.804+0000] {logging_mixin.py:154} INFO - [2023-11-28T01:15:27.804+0000] {dag.py:2941} INFO - Sync 1 DAGs
[2023-11-28T01:15:27.830+0000] {logging_mixin.py:154} INFO - [2023-11-28T01:15:27.830+0000] {dag.py:3722} INFO - Setting next_dagrun for example_branch_dop_operator_v3 to 2023-11-28T01:14:00+00:00, run_after=2023-11-28T01:15:00+00:00
[2023-11-28T01:15:27.853+0000] {processor.py:179} INFO - Processing /usr/local/lib/python3.10/dist-packages/airflow/example_dags/example_branch_python_dop_operator_3.py took 0.085 seconds
[2023-11-28T01:16:12.526+0000] {processor.py:157} INFO - Started process (PID=6689) to work on /usr/local/lib/python3.10/dist-packages/airflow/example_dags/example_branch_python_dop_operator_3.py
[2023-11-28T01:16:12.527+0000] {processor.py:829} INFO - Processing file /usr/local/lib/python3.10/dist-packages/airflow/example_dags/example_branch_python_dop_operator_3.py for tasks to queue
[2023-11-28T01:16:12.528+0000] {logging_mixin.py:154} INFO - [2023-11-28T01:16:12.528+0000] {dagbag.py:536} INFO - Filling up the DagBag from /usr/local/lib/python3.10/dist-packages/airflow/example_dags/example_branch_python_dop_operator_3.py
[2023-11-28T01:16:12.539+0000] {processor.py:839} INFO - DAG(s) dict_keys(['example_branch_dop_operator_v3']) retrieved from /usr/local/lib/python3.10/dist-packages/airflow/example_dags/example_branch_python_dop_operator_3.py
[2023-11-28T01:16:12.557+0000] {logging_mixin.py:154} INFO - [2023-11-28T01:16:12.557+0000] {dag.py:2941} INFO - Sync 1 DAGs
[2023-11-28T01:16:12.583+0000] {logging_mixin.py:154} INFO - [2023-11-28T01:16:12.583+0000] {dag.py:3722} INFO - Setting next_dagrun for example_branch_dop_operator_v3 to 2023-11-28T01:15:00+00:00, run_after=2023-11-28T01:16:00+00:00
[2023-11-28T01:16:12.609+0000] {processor.py:179} INFO - Processing /usr/local/lib/python3.10/dist-packages/airflow/example_dags/example_branch_python_dop_operator_3.py took 0.087 seconds
[2023-11-28T01:17:00.218+0000] {processor.py:157} INFO - Started process (PID=6742) to work on /usr/local/lib/python3.10/dist-packages/airflow/example_dags/example_branch_python_dop_operator_3.py
[2023-11-28T01:17:00.221+0000] {processor.py:829} INFO - Processing file /usr/local/lib/python3.10/dist-packages/airflow/example_dags/example_branch_python_dop_operator_3.py for tasks to queue
[2023-11-28T01:17:00.222+0000] {logging_mixin.py:154} INFO - [2023-11-28T01:17:00.221+0000] {dagbag.py:536} INFO - Filling up the DagBag from /usr/local/lib/python3.10/dist-packages/airflow/example_dags/example_branch_python_dop_operator_3.py
[2023-11-28T01:17:00.240+0000] {processor.py:839} INFO - DAG(s) dict_keys(['example_branch_dop_operator_v3']) retrieved from /usr/local/lib/python3.10/dist-packages/airflow/example_dags/example_branch_python_dop_operator_3.py
[2023-11-28T01:17:00.260+0000] {logging_mixin.py:154} INFO - [2023-11-28T01:17:00.259+0000] {dag.py:2941} INFO - Sync 1 DAGs
[2023-11-28T01:17:00.288+0000] {logging_mixin.py:154} INFO - [2023-11-28T01:17:00.288+0000] {dag.py:3722} INFO - Setting next_dagrun for example_branch_dop_operator_v3 to 2023-11-28T01:16:00+00:00, run_after=2023-11-28T01:17:00+00:00
[2023-11-28T01:17:00.317+0000] {processor.py:179} INFO - Processing /usr/local/lib/python3.10/dist-packages/airflow/example_dags/example_branch_python_dop_operator_3.py took 0.107 seconds
[2023-11-28T01:17:51.615+0000] {processor.py:157} INFO - Started process (PID=6796) to work on /usr/local/lib/python3.10/dist-packages/airflow/example_dags/example_branch_python_dop_operator_3.py
[2023-11-28T01:17:51.617+0000] {processor.py:829} INFO - Processing file /usr/local/lib/python3.10/dist-packages/airflow/example_dags/example_branch_python_dop_operator_3.py for tasks to queue
[2023-11-28T01:17:51.618+0000] {logging_mixin.py:154} INFO - [2023-11-28T01:17:51.617+0000] {dagbag.py:536} INFO - Filling up the DagBag from /usr/local/lib/python3.10/dist-packages/airflow/example_dags/example_branch_python_dop_operator_3.py
[2023-11-28T01:17:51.628+0000] {processor.py:839} INFO - DAG(s) dict_keys(['example_branch_dop_operator_v3']) retrieved from /usr/local/lib/python3.10/dist-packages/airflow/example_dags/example_branch_python_dop_operator_3.py
[2023-11-28T01:17:51.646+0000] {logging_mixin.py:154} INFO - [2023-11-28T01:17:51.646+0000] {dag.py:2941} INFO - Sync 1 DAGs
[2023-11-28T01:17:51.674+0000] {logging_mixin.py:154} INFO - [2023-11-28T01:17:51.673+0000] {dag.py:3722} INFO - Setting next_dagrun for example_branch_dop_operator_v3 to 2023-11-28T01:16:00+00:00, run_after=2023-11-28T01:17:00+00:00
[2023-11-28T01:17:51.697+0000] {processor.py:179} INFO - Processing /usr/local/lib/python3.10/dist-packages/airflow/example_dags/example_branch_python_dop_operator_3.py took 0.085 seconds
[2023-11-28T01:18:34.648+0000] {processor.py:157} INFO - Started process (PID=6842) to work on /usr/local/lib/python3.10/dist-packages/airflow/example_dags/example_branch_python_dop_operator_3.py
[2023-11-28T01:18:34.650+0000] {processor.py:829} INFO - Processing file /usr/local/lib/python3.10/dist-packages/airflow/example_dags/example_branch_python_dop_operator_3.py for tasks to queue
[2023-11-28T01:18:34.651+0000] {logging_mixin.py:154} INFO - [2023-11-28T01:18:34.650+0000] {dagbag.py:536} INFO - Filling up the DagBag from /usr/local/lib/python3.10/dist-packages/airflow/example_dags/example_branch_python_dop_operator_3.py
[2023-11-28T01:18:34.661+0000] {processor.py:839} INFO - DAG(s) dict_keys(['example_branch_dop_operator_v3']) retrieved from /usr/local/lib/python3.10/dist-packages/airflow/example_dags/example_branch_python_dop_operator_3.py
[2023-11-28T01:18:34.678+0000] {logging_mixin.py:154} INFO - [2023-11-28T01:18:34.678+0000] {dag.py:2941} INFO - Sync 1 DAGs
[2023-11-28T01:18:34.703+0000] {logging_mixin.py:154} INFO - [2023-11-28T01:18:34.703+0000] {dag.py:3722} INFO - Setting next_dagrun for example_branch_dop_operator_v3 to 2023-11-28T01:17:00+00:00, run_after=2023-11-28T01:18:00+00:00
[2023-11-28T01:18:34.725+0000] {processor.py:179} INFO - Processing /usr/local/lib/python3.10/dist-packages/airflow/example_dags/example_branch_python_dop_operator_3.py took 0.080 seconds
[2023-11-28T01:19:21.098+0000] {processor.py:157} INFO - Started process (PID=6891) to work on /usr/local/lib/python3.10/dist-packages/airflow/example_dags/example_branch_python_dop_operator_3.py
[2023-11-28T01:19:21.099+0000] {processor.py:829} INFO - Processing file /usr/local/lib/python3.10/dist-packages/airflow/example_dags/example_branch_python_dop_operator_3.py for tasks to queue
[2023-11-28T01:19:21.100+0000] {logging_mixin.py:154} INFO - [2023-11-28T01:19:21.100+0000] {dagbag.py:536} INFO - Filling up the DagBag from /usr/local/lib/python3.10/dist-packages/airflow/example_dags/example_branch_python_dop_operator_3.py
[2023-11-28T01:19:21.110+0000] {processor.py:839} INFO - DAG(s) dict_keys(['example_branch_dop_operator_v3']) retrieved from /usr/local/lib/python3.10/dist-packages/airflow/example_dags/example_branch_python_dop_operator_3.py
[2023-11-28T01:19:21.127+0000] {logging_mixin.py:154} INFO - [2023-11-28T01:19:21.127+0000] {dag.py:2941} INFO - Sync 1 DAGs
[2023-11-28T01:19:21.154+0000] {logging_mixin.py:154} INFO - [2023-11-28T01:19:21.153+0000] {dag.py:3722} INFO - Setting next_dagrun for example_branch_dop_operator_v3 to 2023-11-28T01:18:00+00:00, run_after=2023-11-28T01:19:00+00:00
[2023-11-28T01:19:21.176+0000] {processor.py:179} INFO - Processing /usr/local/lib/python3.10/dist-packages/airflow/example_dags/example_branch_python_dop_operator_3.py took 0.081 seconds
