[2023-11-28T00:45:05.602+0000] {processor.py:157} INFO - Started process (PID=3476) to work on /usr/local/lib/python3.10/dist-packages/airflow/example_dags/example_bash_operator.py
[2023-11-28T00:45:05.603+0000] {processor.py:829} INFO - Processing file /usr/local/lib/python3.10/dist-packages/airflow/example_dags/example_bash_operator.py for tasks to queue
[2023-11-28T00:45:05.604+0000] {logging_mixin.py:154} INFO - [2023-11-28T00:45:05.604+0000] {dagbag.py:536} INFO - Filling up the DagBag from /usr/local/lib/python3.10/dist-packages/airflow/example_dags/example_bash_operator.py
[2023-11-28T00:45:05.617+0000] {processor.py:839} INFO - DAG(s) dict_keys(['example_bash_operator']) retrieved from /usr/local/lib/python3.10/dist-packages/airflow/example_dags/example_bash_operator.py
[2023-11-28T00:45:05.742+0000] {logging_mixin.py:154} INFO - [2023-11-28T00:45:05.742+0000] {manager.py:499} INFO - Created Permission View: %s
[2023-11-28T00:45:05.756+0000] {logging_mixin.py:154} INFO - [2023-11-28T00:45:05.755+0000] {manager.py:499} INFO - Created Permission View: %s
[2023-11-28T00:45:05.786+0000] {logging_mixin.py:154} INFO - [2023-11-28T00:45:05.786+0000] {manager.py:499} INFO - Created Permission View: %s
[2023-11-28T00:45:05.787+0000] {logging_mixin.py:154} INFO - [2023-11-28T00:45:05.787+0000] {dag.py:2941} INFO - Sync 1 DAGs
[2023-11-28T00:45:05.799+0000] {logging_mixin.py:154} INFO - [2023-11-28T00:45:05.799+0000] {dag.py:2963} INFO - Creating ORM DAG for example_bash_operator
[2023-11-28T00:45:05.810+0000] {logging_mixin.py:154} INFO - [2023-11-28T00:45:05.810+0000] {dag.py:3722} INFO - Setting next_dagrun for example_bash_operator to 2023-11-27T00:00:00+00:00, run_after=2023-11-28T00:00:00+00:00
[2023-11-28T00:45:05.835+0000] {processor.py:179} INFO - Processing /usr/local/lib/python3.10/dist-packages/airflow/example_dags/example_bash_operator.py took 0.236 seconds
[2023-11-28T00:46:03.533+0000] {processor.py:157} INFO - Started process (PID=3589) to work on /usr/local/lib/python3.10/dist-packages/airflow/example_dags/example_bash_operator.py
[2023-11-28T00:46:03.535+0000] {processor.py:829} INFO - Processing file /usr/local/lib/python3.10/dist-packages/airflow/example_dags/example_bash_operator.py for tasks to queue
[2023-11-28T00:46:03.536+0000] {logging_mixin.py:154} INFO - [2023-11-28T00:46:03.535+0000] {dagbag.py:536} INFO - Filling up the DagBag from /usr/local/lib/python3.10/dist-packages/airflow/example_dags/example_bash_operator.py
[2023-11-28T00:46:03.549+0000] {processor.py:839} INFO - DAG(s) dict_keys(['example_bash_operator']) retrieved from /usr/local/lib/python3.10/dist-packages/airflow/example_dags/example_bash_operator.py
[2023-11-28T00:46:03.576+0000] {logging_mixin.py:154} INFO - [2023-11-28T00:46:03.575+0000] {dag.py:2941} INFO - Sync 1 DAGs
[2023-11-28T00:46:03.599+0000] {logging_mixin.py:154} INFO - [2023-11-28T00:46:03.599+0000] {dag.py:3722} INFO - Setting next_dagrun for example_bash_operator to 2023-11-27T00:00:00+00:00, run_after=2023-11-28T00:00:00+00:00
[2023-11-28T00:46:03.624+0000] {processor.py:179} INFO - Processing /usr/local/lib/python3.10/dist-packages/airflow/example_dags/example_bash_operator.py took 0.094 seconds
[2023-11-28T00:46:56.565+0000] {processor.py:157} INFO - Started process (PID=3649) to work on /usr/local/lib/python3.10/dist-packages/airflow/example_dags/example_bash_operator.py
[2023-11-28T00:46:56.566+0000] {processor.py:829} INFO - Processing file /usr/local/lib/python3.10/dist-packages/airflow/example_dags/example_bash_operator.py for tasks to queue
[2023-11-28T00:46:56.567+0000] {logging_mixin.py:154} INFO - [2023-11-28T00:46:56.567+0000] {dagbag.py:536} INFO - Filling up the DagBag from /usr/local/lib/python3.10/dist-packages/airflow/example_dags/example_bash_operator.py
[2023-11-28T00:46:56.580+0000] {processor.py:839} INFO - DAG(s) dict_keys(['example_bash_operator']) retrieved from /usr/local/lib/python3.10/dist-packages/airflow/example_dags/example_bash_operator.py
[2023-11-28T00:46:56.606+0000] {logging_mixin.py:154} INFO - [2023-11-28T00:46:56.606+0000] {dag.py:2941} INFO - Sync 1 DAGs
[2023-11-28T00:46:56.628+0000] {logging_mixin.py:154} INFO - [2023-11-28T00:46:56.628+0000] {dag.py:3722} INFO - Setting next_dagrun for example_bash_operator to 2023-11-27T00:00:00+00:00, run_after=2023-11-28T00:00:00+00:00
[2023-11-28T00:46:56.650+0000] {processor.py:179} INFO - Processing /usr/local/lib/python3.10/dist-packages/airflow/example_dags/example_bash_operator.py took 0.089 seconds
[2023-11-28T00:47:41.347+0000] {processor.py:157} INFO - Started process (PID=3697) to work on /usr/local/lib/python3.10/dist-packages/airflow/example_dags/example_bash_operator.py
[2023-11-28T00:47:41.348+0000] {processor.py:829} INFO - Processing file /usr/local/lib/python3.10/dist-packages/airflow/example_dags/example_bash_operator.py for tasks to queue
[2023-11-28T00:47:41.349+0000] {logging_mixin.py:154} INFO - [2023-11-28T00:47:41.349+0000] {dagbag.py:536} INFO - Filling up the DagBag from /usr/local/lib/python3.10/dist-packages/airflow/example_dags/example_bash_operator.py
[2023-11-28T00:47:41.362+0000] {processor.py:839} INFO - DAG(s) dict_keys(['example_bash_operator']) retrieved from /usr/local/lib/python3.10/dist-packages/airflow/example_dags/example_bash_operator.py
[2023-11-28T00:47:41.389+0000] {logging_mixin.py:154} INFO - [2023-11-28T00:47:41.388+0000] {dag.py:2941} INFO - Sync 1 DAGs
[2023-11-28T00:47:41.411+0000] {logging_mixin.py:154} INFO - [2023-11-28T00:47:41.411+0000] {dag.py:3722} INFO - Setting next_dagrun for example_bash_operator to 2023-11-27T00:00:00+00:00, run_after=2023-11-28T00:00:00+00:00
[2023-11-28T00:47:41.435+0000] {processor.py:179} INFO - Processing /usr/local/lib/python3.10/dist-packages/airflow/example_dags/example_bash_operator.py took 0.092 seconds
[2023-11-28T00:48:28.638+0000] {processor.py:157} INFO - Started process (PID=3746) to work on /usr/local/lib/python3.10/dist-packages/airflow/example_dags/example_bash_operator.py
[2023-11-28T00:48:28.639+0000] {processor.py:829} INFO - Processing file /usr/local/lib/python3.10/dist-packages/airflow/example_dags/example_bash_operator.py for tasks to queue
[2023-11-28T00:48:28.640+0000] {logging_mixin.py:154} INFO - [2023-11-28T00:48:28.640+0000] {dagbag.py:536} INFO - Filling up the DagBag from /usr/local/lib/python3.10/dist-packages/airflow/example_dags/example_bash_operator.py
[2023-11-28T00:48:28.653+0000] {processor.py:839} INFO - DAG(s) dict_keys(['example_bash_operator']) retrieved from /usr/local/lib/python3.10/dist-packages/airflow/example_dags/example_bash_operator.py
[2023-11-28T00:48:28.679+0000] {logging_mixin.py:154} INFO - [2023-11-28T00:48:28.678+0000] {dag.py:2941} INFO - Sync 1 DAGs
[2023-11-28T00:48:28.700+0000] {logging_mixin.py:154} INFO - [2023-11-28T00:48:28.700+0000] {dag.py:3722} INFO - Setting next_dagrun for example_bash_operator to 2023-11-27T00:00:00+00:00, run_after=2023-11-28T00:00:00+00:00
[2023-11-28T00:48:28.723+0000] {processor.py:179} INFO - Processing /usr/local/lib/python3.10/dist-packages/airflow/example_dags/example_bash_operator.py took 0.088 seconds
[2023-11-28T00:49:14.466+0000] {processor.py:157} INFO - Started process (PID=3793) to work on /usr/local/lib/python3.10/dist-packages/airflow/example_dags/example_bash_operator.py
[2023-11-28T00:49:14.467+0000] {processor.py:829} INFO - Processing file /usr/local/lib/python3.10/dist-packages/airflow/example_dags/example_bash_operator.py for tasks to queue
[2023-11-28T00:49:14.468+0000] {logging_mixin.py:154} INFO - [2023-11-28T00:49:14.468+0000] {dagbag.py:536} INFO - Filling up the DagBag from /usr/local/lib/python3.10/dist-packages/airflow/example_dags/example_bash_operator.py
[2023-11-28T00:49:14.482+0000] {processor.py:839} INFO - DAG(s) dict_keys(['example_bash_operator']) retrieved from /usr/local/lib/python3.10/dist-packages/airflow/example_dags/example_bash_operator.py
[2023-11-28T00:49:14.508+0000] {logging_mixin.py:154} INFO - [2023-11-28T00:49:14.508+0000] {dag.py:2941} INFO - Sync 1 DAGs
[2023-11-28T00:49:14.532+0000] {logging_mixin.py:154} INFO - [2023-11-28T00:49:14.532+0000] {dag.py:3722} INFO - Setting next_dagrun for example_bash_operator to 2023-11-27T00:00:00+00:00, run_after=2023-11-28T00:00:00+00:00
[2023-11-28T00:49:14.555+0000] {processor.py:179} INFO - Processing /usr/local/lib/python3.10/dist-packages/airflow/example_dags/example_bash_operator.py took 0.092 seconds
[2023-11-28T00:49:59.306+0000] {processor.py:157} INFO - Started process (PID=3840) to work on /usr/local/lib/python3.10/dist-packages/airflow/example_dags/example_bash_operator.py
[2023-11-28T00:49:59.307+0000] {processor.py:829} INFO - Processing file /usr/local/lib/python3.10/dist-packages/airflow/example_dags/example_bash_operator.py for tasks to queue
[2023-11-28T00:49:59.308+0000] {logging_mixin.py:154} INFO - [2023-11-28T00:49:59.308+0000] {dagbag.py:536} INFO - Filling up the DagBag from /usr/local/lib/python3.10/dist-packages/airflow/example_dags/example_bash_operator.py
[2023-11-28T00:49:59.321+0000] {processor.py:839} INFO - DAG(s) dict_keys(['example_bash_operator']) retrieved from /usr/local/lib/python3.10/dist-packages/airflow/example_dags/example_bash_operator.py
[2023-11-28T00:49:59.348+0000] {logging_mixin.py:154} INFO - [2023-11-28T00:49:59.348+0000] {dag.py:2941} INFO - Sync 1 DAGs
[2023-11-28T00:49:59.370+0000] {logging_mixin.py:154} INFO - [2023-11-28T00:49:59.370+0000] {dag.py:3722} INFO - Setting next_dagrun for example_bash_operator to 2023-11-27T00:00:00+00:00, run_after=2023-11-28T00:00:00+00:00
[2023-11-28T00:49:59.392+0000] {processor.py:179} INFO - Processing /usr/local/lib/python3.10/dist-packages/airflow/example_dags/example_bash_operator.py took 0.090 seconds
[2023-11-28T00:50:46.418+0000] {processor.py:157} INFO - Started process (PID=3888) to work on /usr/local/lib/python3.10/dist-packages/airflow/example_dags/example_bash_operator.py
[2023-11-28T00:50:46.420+0000] {processor.py:829} INFO - Processing file /usr/local/lib/python3.10/dist-packages/airflow/example_dags/example_bash_operator.py for tasks to queue
[2023-11-28T00:50:46.420+0000] {logging_mixin.py:154} INFO - [2023-11-28T00:50:46.420+0000] {dagbag.py:536} INFO - Filling up the DagBag from /usr/local/lib/python3.10/dist-packages/airflow/example_dags/example_bash_operator.py
[2023-11-28T00:50:46.433+0000] {processor.py:839} INFO - DAG(s) dict_keys(['example_bash_operator']) retrieved from /usr/local/lib/python3.10/dist-packages/airflow/example_dags/example_bash_operator.py
[2023-11-28T00:50:46.460+0000] {logging_mixin.py:154} INFO - [2023-11-28T00:50:46.459+0000] {dag.py:2941} INFO - Sync 1 DAGs
[2023-11-28T00:50:46.482+0000] {logging_mixin.py:154} INFO - [2023-11-28T00:50:46.482+0000] {dag.py:3722} INFO - Setting next_dagrun for example_bash_operator to 2023-11-27T00:00:00+00:00, run_after=2023-11-28T00:00:00+00:00
[2023-11-28T00:50:46.505+0000] {processor.py:179} INFO - Processing /usr/local/lib/python3.10/dist-packages/airflow/example_dags/example_bash_operator.py took 0.090 seconds
[2023-11-28T00:51:32.498+0000] {processor.py:157} INFO - Started process (PID=3936) to work on /usr/local/lib/python3.10/dist-packages/airflow/example_dags/example_bash_operator.py
[2023-11-28T00:51:32.499+0000] {processor.py:829} INFO - Processing file /usr/local/lib/python3.10/dist-packages/airflow/example_dags/example_bash_operator.py for tasks to queue
[2023-11-28T00:51:32.500+0000] {logging_mixin.py:154} INFO - [2023-11-28T00:51:32.500+0000] {dagbag.py:536} INFO - Filling up the DagBag from /usr/local/lib/python3.10/dist-packages/airflow/example_dags/example_bash_operator.py
[2023-11-28T00:51:32.513+0000] {processor.py:839} INFO - DAG(s) dict_keys(['example_bash_operator']) retrieved from /usr/local/lib/python3.10/dist-packages/airflow/example_dags/example_bash_operator.py
[2023-11-28T00:51:32.539+0000] {logging_mixin.py:154} INFO - [2023-11-28T00:51:32.539+0000] {dag.py:2941} INFO - Sync 1 DAGs
[2023-11-28T00:51:32.561+0000] {logging_mixin.py:154} INFO - [2023-11-28T00:51:32.561+0000] {dag.py:3722} INFO - Setting next_dagrun for example_bash_operator to 2023-11-27T00:00:00+00:00, run_after=2023-11-28T00:00:00+00:00
[2023-11-28T00:51:32.583+0000] {processor.py:179} INFO - Processing /usr/local/lib/python3.10/dist-packages/airflow/example_dags/example_bash_operator.py took 0.089 seconds
[2023-11-28T00:52:19.013+0000] {processor.py:157} INFO - Started process (PID=4179) to work on /usr/local/lib/python3.10/dist-packages/airflow/example_dags/example_bash_operator.py
[2023-11-28T00:52:19.015+0000] {processor.py:829} INFO - Processing file /usr/local/lib/python3.10/dist-packages/airflow/example_dags/example_bash_operator.py for tasks to queue
[2023-11-28T00:52:19.016+0000] {logging_mixin.py:154} INFO - [2023-11-28T00:52:19.015+0000] {dagbag.py:536} INFO - Filling up the DagBag from /usr/local/lib/python3.10/dist-packages/airflow/example_dags/example_bash_operator.py
[2023-11-28T00:52:19.028+0000] {processor.py:839} INFO - DAG(s) dict_keys(['example_bash_operator']) retrieved from /usr/local/lib/python3.10/dist-packages/airflow/example_dags/example_bash_operator.py
[2023-11-28T00:52:19.054+0000] {logging_mixin.py:154} INFO - [2023-11-28T00:52:19.054+0000] {dag.py:2941} INFO - Sync 1 DAGs
[2023-11-28T00:52:19.076+0000] {logging_mixin.py:154} INFO - [2023-11-28T00:52:19.076+0000] {dag.py:3722} INFO - Setting next_dagrun for example_bash_operator to 2023-11-27T00:00:00+00:00, run_after=2023-11-28T00:00:00+00:00
[2023-11-28T00:52:19.098+0000] {processor.py:179} INFO - Processing /usr/local/lib/python3.10/dist-packages/airflow/example_dags/example_bash_operator.py took 0.088 seconds
[2023-11-28T00:53:05.486+0000] {processor.py:157} INFO - Started process (PID=4416) to work on /usr/local/lib/python3.10/dist-packages/airflow/example_dags/example_bash_operator.py
[2023-11-28T00:53:05.488+0000] {processor.py:829} INFO - Processing file /usr/local/lib/python3.10/dist-packages/airflow/example_dags/example_bash_operator.py for tasks to queue
[2023-11-28T00:53:05.489+0000] {logging_mixin.py:154} INFO - [2023-11-28T00:53:05.488+0000] {dagbag.py:536} INFO - Filling up the DagBag from /usr/local/lib/python3.10/dist-packages/airflow/example_dags/example_bash_operator.py
[2023-11-28T00:53:05.502+0000] {processor.py:839} INFO - DAG(s) dict_keys(['example_bash_operator']) retrieved from /usr/local/lib/python3.10/dist-packages/airflow/example_dags/example_bash_operator.py
[2023-11-28T00:53:05.529+0000] {logging_mixin.py:154} INFO - [2023-11-28T00:53:05.529+0000] {dag.py:2941} INFO - Sync 1 DAGs
[2023-11-28T00:53:05.552+0000] {logging_mixin.py:154} INFO - [2023-11-28T00:53:05.552+0000] {dag.py:3722} INFO - Setting next_dagrun for example_bash_operator to 2023-11-27T00:00:00+00:00, run_after=2023-11-28T00:00:00+00:00
[2023-11-28T00:53:05.575+0000] {processor.py:179} INFO - Processing /usr/local/lib/python3.10/dist-packages/airflow/example_dags/example_bash_operator.py took 0.092 seconds
[2023-11-28T00:53:52.059+0000] {processor.py:157} INFO - Started process (PID=4696) to work on /usr/local/lib/python3.10/dist-packages/airflow/example_dags/example_bash_operator.py
[2023-11-28T00:53:52.061+0000] {processor.py:829} INFO - Processing file /usr/local/lib/python3.10/dist-packages/airflow/example_dags/example_bash_operator.py for tasks to queue
[2023-11-28T00:53:52.062+0000] {logging_mixin.py:154} INFO - [2023-11-28T00:53:52.061+0000] {dagbag.py:536} INFO - Filling up the DagBag from /usr/local/lib/python3.10/dist-packages/airflow/example_dags/example_bash_operator.py
[2023-11-28T00:53:52.075+0000] {processor.py:839} INFO - DAG(s) dict_keys(['example_bash_operator']) retrieved from /usr/local/lib/python3.10/dist-packages/airflow/example_dags/example_bash_operator.py
[2023-11-28T00:53:52.102+0000] {logging_mixin.py:154} INFO - [2023-11-28T00:53:52.101+0000] {dag.py:2941} INFO - Sync 1 DAGs
[2023-11-28T00:53:52.130+0000] {logging_mixin.py:154} INFO - [2023-11-28T00:53:52.130+0000] {dag.py:3722} INFO - Setting next_dagrun for example_bash_operator to 2023-11-27T00:00:00+00:00, run_after=2023-11-28T00:00:00+00:00
[2023-11-28T00:53:52.154+0000] {processor.py:179} INFO - Processing /usr/local/lib/python3.10/dist-packages/airflow/example_dags/example_bash_operator.py took 0.098 seconds
[2023-11-28T00:54:35.216+0000] {processor.py:157} INFO - Started process (PID=4903) to work on /usr/local/lib/python3.10/dist-packages/airflow/example_dags/example_bash_operator.py
[2023-11-28T00:54:35.217+0000] {processor.py:829} INFO - Processing file /usr/local/lib/python3.10/dist-packages/airflow/example_dags/example_bash_operator.py for tasks to queue
[2023-11-28T00:54:35.218+0000] {logging_mixin.py:154} INFO - [2023-11-28T00:54:35.218+0000] {dagbag.py:536} INFO - Filling up the DagBag from /usr/local/lib/python3.10/dist-packages/airflow/example_dags/example_bash_operator.py
[2023-11-28T00:54:35.231+0000] {processor.py:839} INFO - DAG(s) dict_keys(['example_bash_operator']) retrieved from /usr/local/lib/python3.10/dist-packages/airflow/example_dags/example_bash_operator.py
[2023-11-28T00:54:35.258+0000] {logging_mixin.py:154} INFO - [2023-11-28T00:54:35.257+0000] {dag.py:2941} INFO - Sync 1 DAGs
[2023-11-28T00:54:35.280+0000] {logging_mixin.py:154} INFO - [2023-11-28T00:54:35.280+0000] {dag.py:3722} INFO - Setting next_dagrun for example_bash_operator to 2023-11-27T00:00:00+00:00, run_after=2023-11-28T00:00:00+00:00
[2023-11-28T00:54:35.303+0000] {processor.py:179} INFO - Processing /usr/local/lib/python3.10/dist-packages/airflow/example_dags/example_bash_operator.py took 0.090 seconds
[2023-11-28T00:55:19.541+0000] {processor.py:157} INFO - Started process (PID=4949) to work on /usr/local/lib/python3.10/dist-packages/airflow/example_dags/example_bash_operator.py
[2023-11-28T00:55:19.543+0000] {processor.py:829} INFO - Processing file /usr/local/lib/python3.10/dist-packages/airflow/example_dags/example_bash_operator.py for tasks to queue
[2023-11-28T00:55:19.543+0000] {logging_mixin.py:154} INFO - [2023-11-28T00:55:19.543+0000] {dagbag.py:536} INFO - Filling up the DagBag from /usr/local/lib/python3.10/dist-packages/airflow/example_dags/example_bash_operator.py
[2023-11-28T00:55:19.556+0000] {processor.py:839} INFO - DAG(s) dict_keys(['example_bash_operator']) retrieved from /usr/local/lib/python3.10/dist-packages/airflow/example_dags/example_bash_operator.py
[2023-11-28T00:55:19.582+0000] {logging_mixin.py:154} INFO - [2023-11-28T00:55:19.582+0000] {dag.py:2941} INFO - Sync 1 DAGs
[2023-11-28T00:55:19.605+0000] {logging_mixin.py:154} INFO - [2023-11-28T00:55:19.605+0000] {dag.py:3722} INFO - Setting next_dagrun for example_bash_operator to 2023-11-27T00:00:00+00:00, run_after=2023-11-28T00:00:00+00:00
[2023-11-28T00:55:19.626+0000] {processor.py:179} INFO - Processing /usr/local/lib/python3.10/dist-packages/airflow/example_dags/example_bash_operator.py took 0.088 seconds
[2023-11-28T00:56:07.069+0000] {processor.py:157} INFO - Started process (PID=5277) to work on /usr/local/lib/python3.10/dist-packages/airflow/example_dags/example_bash_operator.py
[2023-11-28T00:56:07.071+0000] {processor.py:829} INFO - Processing file /usr/local/lib/python3.10/dist-packages/airflow/example_dags/example_bash_operator.py for tasks to queue
[2023-11-28T00:56:07.071+0000] {logging_mixin.py:154} INFO - [2023-11-28T00:56:07.071+0000] {dagbag.py:536} INFO - Filling up the DagBag from /usr/local/lib/python3.10/dist-packages/airflow/example_dags/example_bash_operator.py
[2023-11-28T00:56:07.084+0000] {processor.py:839} INFO - DAG(s) dict_keys(['example_bash_operator']) retrieved from /usr/local/lib/python3.10/dist-packages/airflow/example_dags/example_bash_operator.py
[2023-11-28T00:56:07.111+0000] {logging_mixin.py:154} INFO - [2023-11-28T00:56:07.110+0000] {dag.py:2941} INFO - Sync 1 DAGs
[2023-11-28T00:56:07.134+0000] {logging_mixin.py:154} INFO - [2023-11-28T00:56:07.133+0000] {dag.py:3722} INFO - Setting next_dagrun for example_bash_operator to 2023-11-27T00:00:00+00:00, run_after=2023-11-28T00:00:00+00:00
[2023-11-28T00:56:07.157+0000] {processor.py:179} INFO - Processing /usr/local/lib/python3.10/dist-packages/airflow/example_dags/example_bash_operator.py took 0.091 seconds
[2023-11-28T00:56:54.269+0000] {processor.py:157} INFO - Started process (PID=5365) to work on /usr/local/lib/python3.10/dist-packages/airflow/example_dags/example_bash_operator.py
[2023-11-28T00:56:54.271+0000] {processor.py:829} INFO - Processing file /usr/local/lib/python3.10/dist-packages/airflow/example_dags/example_bash_operator.py for tasks to queue
[2023-11-28T00:56:54.272+0000] {logging_mixin.py:154} INFO - [2023-11-28T00:56:54.271+0000] {dagbag.py:536} INFO - Filling up the DagBag from /usr/local/lib/python3.10/dist-packages/airflow/example_dags/example_bash_operator.py
[2023-11-28T00:56:54.285+0000] {processor.py:839} INFO - DAG(s) dict_keys(['example_bash_operator']) retrieved from /usr/local/lib/python3.10/dist-packages/airflow/example_dags/example_bash_operator.py
[2023-11-28T00:56:54.311+0000] {logging_mixin.py:154} INFO - [2023-11-28T00:56:54.311+0000] {dag.py:2941} INFO - Sync 1 DAGs
[2023-11-28T00:56:54.335+0000] {logging_mixin.py:154} INFO - [2023-11-28T00:56:54.335+0000] {dag.py:3722} INFO - Setting next_dagrun for example_bash_operator to 2023-11-27T00:00:00+00:00, run_after=2023-11-28T00:00:00+00:00
[2023-11-28T00:56:54.360+0000] {processor.py:179} INFO - Processing /usr/local/lib/python3.10/dist-packages/airflow/example_dags/example_bash_operator.py took 0.094 seconds
[2023-11-28T00:57:40.719+0000] {processor.py:157} INFO - Started process (PID=5415) to work on /usr/local/lib/python3.10/dist-packages/airflow/example_dags/example_bash_operator.py
[2023-11-28T00:57:40.720+0000] {processor.py:829} INFO - Processing file /usr/local/lib/python3.10/dist-packages/airflow/example_dags/example_bash_operator.py for tasks to queue
[2023-11-28T00:57:40.721+0000] {logging_mixin.py:154} INFO - [2023-11-28T00:57:40.721+0000] {dagbag.py:536} INFO - Filling up the DagBag from /usr/local/lib/python3.10/dist-packages/airflow/example_dags/example_bash_operator.py
[2023-11-28T00:57:40.734+0000] {processor.py:839} INFO - DAG(s) dict_keys(['example_bash_operator']) retrieved from /usr/local/lib/python3.10/dist-packages/airflow/example_dags/example_bash_operator.py
[2023-11-28T00:57:40.760+0000] {logging_mixin.py:154} INFO - [2023-11-28T00:57:40.759+0000] {dag.py:2941} INFO - Sync 1 DAGs
[2023-11-28T00:57:40.782+0000] {logging_mixin.py:154} INFO - [2023-11-28T00:57:40.781+0000] {dag.py:3722} INFO - Setting next_dagrun for example_bash_operator to 2023-11-27T00:00:00+00:00, run_after=2023-11-28T00:00:00+00:00
[2023-11-28T00:57:40.803+0000] {processor.py:179} INFO - Processing /usr/local/lib/python3.10/dist-packages/airflow/example_dags/example_bash_operator.py took 0.088 seconds
[2023-11-28T00:58:28.264+0000] {processor.py:157} INFO - Started process (PID=5463) to work on /usr/local/lib/python3.10/dist-packages/airflow/example_dags/example_bash_operator.py
[2023-11-28T00:58:28.265+0000] {processor.py:829} INFO - Processing file /usr/local/lib/python3.10/dist-packages/airflow/example_dags/example_bash_operator.py for tasks to queue
[2023-11-28T00:58:28.266+0000] {logging_mixin.py:154} INFO - [2023-11-28T00:58:28.266+0000] {dagbag.py:536} INFO - Filling up the DagBag from /usr/local/lib/python3.10/dist-packages/airflow/example_dags/example_bash_operator.py
[2023-11-28T00:58:28.279+0000] {processor.py:839} INFO - DAG(s) dict_keys(['example_bash_operator']) retrieved from /usr/local/lib/python3.10/dist-packages/airflow/example_dags/example_bash_operator.py
[2023-11-28T00:58:28.304+0000] {logging_mixin.py:154} INFO - [2023-11-28T00:58:28.304+0000] {dag.py:2941} INFO - Sync 1 DAGs
[2023-11-28T00:58:28.327+0000] {logging_mixin.py:154} INFO - [2023-11-28T00:58:28.327+0000] {dag.py:3722} INFO - Setting next_dagrun for example_bash_operator to 2023-11-27T00:00:00+00:00, run_after=2023-11-28T00:00:00+00:00
[2023-11-28T00:58:28.351+0000] {processor.py:179} INFO - Processing /usr/local/lib/python3.10/dist-packages/airflow/example_dags/example_bash_operator.py took 0.090 seconds
[2023-11-28T00:59:15.213+0000] {processor.py:157} INFO - Started process (PID=5511) to work on /usr/local/lib/python3.10/dist-packages/airflow/example_dags/example_bash_operator.py
[2023-11-28T00:59:15.214+0000] {processor.py:829} INFO - Processing file /usr/local/lib/python3.10/dist-packages/airflow/example_dags/example_bash_operator.py for tasks to queue
[2023-11-28T00:59:15.215+0000] {logging_mixin.py:154} INFO - [2023-11-28T00:59:15.215+0000] {dagbag.py:536} INFO - Filling up the DagBag from /usr/local/lib/python3.10/dist-packages/airflow/example_dags/example_bash_operator.py
[2023-11-28T00:59:15.228+0000] {processor.py:839} INFO - DAG(s) dict_keys(['example_bash_operator']) retrieved from /usr/local/lib/python3.10/dist-packages/airflow/example_dags/example_bash_operator.py
[2023-11-28T00:59:15.254+0000] {logging_mixin.py:154} INFO - [2023-11-28T00:59:15.254+0000] {dag.py:2941} INFO - Sync 1 DAGs
[2023-11-28T00:59:15.276+0000] {logging_mixin.py:154} INFO - [2023-11-28T00:59:15.276+0000] {dag.py:3722} INFO - Setting next_dagrun for example_bash_operator to 2023-11-27T00:00:00+00:00, run_after=2023-11-28T00:00:00+00:00
[2023-11-28T00:59:15.299+0000] {processor.py:179} INFO - Processing /usr/local/lib/python3.10/dist-packages/airflow/example_dags/example_bash_operator.py took 0.089 seconds
[2023-11-28T00:59:58.503+0000] {processor.py:157} INFO - Started process (PID=5557) to work on /usr/local/lib/python3.10/dist-packages/airflow/example_dags/example_bash_operator.py
[2023-11-28T00:59:58.504+0000] {processor.py:829} INFO - Processing file /usr/local/lib/python3.10/dist-packages/airflow/example_dags/example_bash_operator.py for tasks to queue
[2023-11-28T00:59:58.505+0000] {logging_mixin.py:154} INFO - [2023-11-28T00:59:58.504+0000] {dagbag.py:536} INFO - Filling up the DagBag from /usr/local/lib/python3.10/dist-packages/airflow/example_dags/example_bash_operator.py
[2023-11-28T00:59:58.518+0000] {processor.py:839} INFO - DAG(s) dict_keys(['example_bash_operator']) retrieved from /usr/local/lib/python3.10/dist-packages/airflow/example_dags/example_bash_operator.py
[2023-11-28T00:59:58.543+0000] {logging_mixin.py:154} INFO - [2023-11-28T00:59:58.543+0000] {dag.py:2941} INFO - Sync 1 DAGs
[2023-11-28T00:59:58.566+0000] {logging_mixin.py:154} INFO - [2023-11-28T00:59:58.566+0000] {dag.py:3722} INFO - Setting next_dagrun for example_bash_operator to 2023-11-27T00:00:00+00:00, run_after=2023-11-28T00:00:00+00:00
[2023-11-28T00:59:58.588+0000] {processor.py:179} INFO - Processing /usr/local/lib/python3.10/dist-packages/airflow/example_dags/example_bash_operator.py took 0.089 seconds
[2023-11-28T01:00:43.742+0000] {processor.py:157} INFO - Started process (PID=5603) to work on /usr/local/lib/python3.10/dist-packages/airflow/example_dags/example_bash_operator.py
[2023-11-28T01:00:43.743+0000] {processor.py:829} INFO - Processing file /usr/local/lib/python3.10/dist-packages/airflow/example_dags/example_bash_operator.py for tasks to queue
[2023-11-28T01:00:43.744+0000] {logging_mixin.py:154} INFO - [2023-11-28T01:00:43.744+0000] {dagbag.py:536} INFO - Filling up the DagBag from /usr/local/lib/python3.10/dist-packages/airflow/example_dags/example_bash_operator.py
[2023-11-28T01:00:43.757+0000] {processor.py:839} INFO - DAG(s) dict_keys(['example_bash_operator']) retrieved from /usr/local/lib/python3.10/dist-packages/airflow/example_dags/example_bash_operator.py
[2023-11-28T01:00:43.783+0000] {logging_mixin.py:154} INFO - [2023-11-28T01:00:43.783+0000] {dag.py:2941} INFO - Sync 1 DAGs
[2023-11-28T01:00:43.806+0000] {logging_mixin.py:154} INFO - [2023-11-28T01:00:43.805+0000] {dag.py:3722} INFO - Setting next_dagrun for example_bash_operator to 2023-11-27T00:00:00+00:00, run_after=2023-11-28T00:00:00+00:00
[2023-11-28T01:00:43.829+0000] {processor.py:179} INFO - Processing /usr/local/lib/python3.10/dist-packages/airflow/example_dags/example_bash_operator.py took 0.090 seconds
[2023-11-28T01:01:28.957+0000] {processor.py:157} INFO - Started process (PID=5651) to work on /usr/local/lib/python3.10/dist-packages/airflow/example_dags/example_bash_operator.py
[2023-11-28T01:01:28.958+0000] {processor.py:829} INFO - Processing file /usr/local/lib/python3.10/dist-packages/airflow/example_dags/example_bash_operator.py for tasks to queue
[2023-11-28T01:01:28.959+0000] {logging_mixin.py:154} INFO - [2023-11-28T01:01:28.959+0000] {dagbag.py:536} INFO - Filling up the DagBag from /usr/local/lib/python3.10/dist-packages/airflow/example_dags/example_bash_operator.py
[2023-11-28T01:01:28.972+0000] {processor.py:839} INFO - DAG(s) dict_keys(['example_bash_operator']) retrieved from /usr/local/lib/python3.10/dist-packages/airflow/example_dags/example_bash_operator.py
[2023-11-28T01:01:28.998+0000] {logging_mixin.py:154} INFO - [2023-11-28T01:01:28.998+0000] {dag.py:2941} INFO - Sync 1 DAGs
[2023-11-28T01:01:29.022+0000] {logging_mixin.py:154} INFO - [2023-11-28T01:01:29.022+0000] {dag.py:3722} INFO - Setting next_dagrun for example_bash_operator to 2023-11-27T00:00:00+00:00, run_after=2023-11-28T00:00:00+00:00
[2023-11-28T01:01:29.046+0000] {processor.py:179} INFO - Processing /usr/local/lib/python3.10/dist-packages/airflow/example_dags/example_bash_operator.py took 0.093 seconds
[2023-11-28T01:02:12.957+0000] {processor.py:157} INFO - Started process (PID=5697) to work on /usr/local/lib/python3.10/dist-packages/airflow/example_dags/example_bash_operator.py
[2023-11-28T01:02:12.958+0000] {processor.py:829} INFO - Processing file /usr/local/lib/python3.10/dist-packages/airflow/example_dags/example_bash_operator.py for tasks to queue
[2023-11-28T01:02:12.959+0000] {logging_mixin.py:154} INFO - [2023-11-28T01:02:12.959+0000] {dagbag.py:536} INFO - Filling up the DagBag from /usr/local/lib/python3.10/dist-packages/airflow/example_dags/example_bash_operator.py
[2023-11-28T01:02:12.972+0000] {processor.py:839} INFO - DAG(s) dict_keys(['example_bash_operator']) retrieved from /usr/local/lib/python3.10/dist-packages/airflow/example_dags/example_bash_operator.py
[2023-11-28T01:02:12.999+0000] {logging_mixin.py:154} INFO - [2023-11-28T01:02:12.999+0000] {dag.py:2941} INFO - Sync 1 DAGs
[2023-11-28T01:02:13.023+0000] {logging_mixin.py:154} INFO - [2023-11-28T01:02:13.023+0000] {dag.py:3722} INFO - Setting next_dagrun for example_bash_operator to 2023-11-27T00:00:00+00:00, run_after=2023-11-28T00:00:00+00:00
[2023-11-28T01:02:13.047+0000] {processor.py:179} INFO - Processing /usr/local/lib/python3.10/dist-packages/airflow/example_dags/example_bash_operator.py took 0.093 seconds
[2023-11-28T01:02:57.249+0000] {processor.py:157} INFO - Started process (PID=5743) to work on /usr/local/lib/python3.10/dist-packages/airflow/example_dags/example_bash_operator.py
[2023-11-28T01:02:57.251+0000] {processor.py:829} INFO - Processing file /usr/local/lib/python3.10/dist-packages/airflow/example_dags/example_bash_operator.py for tasks to queue
[2023-11-28T01:02:57.252+0000] {logging_mixin.py:154} INFO - [2023-11-28T01:02:57.251+0000] {dagbag.py:536} INFO - Filling up the DagBag from /usr/local/lib/python3.10/dist-packages/airflow/example_dags/example_bash_operator.py
[2023-11-28T01:02:57.264+0000] {processor.py:839} INFO - DAG(s) dict_keys(['example_bash_operator']) retrieved from /usr/local/lib/python3.10/dist-packages/airflow/example_dags/example_bash_operator.py
[2023-11-28T01:02:57.290+0000] {logging_mixin.py:154} INFO - [2023-11-28T01:02:57.290+0000] {dag.py:2941} INFO - Sync 1 DAGs
[2023-11-28T01:02:57.313+0000] {logging_mixin.py:154} INFO - [2023-11-28T01:02:57.313+0000] {dag.py:3722} INFO - Setting next_dagrun for example_bash_operator to 2023-11-27T00:00:00+00:00, run_after=2023-11-28T00:00:00+00:00
[2023-11-28T01:02:57.336+0000] {processor.py:179} INFO - Processing /usr/local/lib/python3.10/dist-packages/airflow/example_dags/example_bash_operator.py took 0.091 seconds
[2023-11-28T01:03:42.921+0000] {processor.py:157} INFO - Started process (PID=5904) to work on /usr/local/lib/python3.10/dist-packages/airflow/example_dags/example_bash_operator.py
[2023-11-28T01:03:42.923+0000] {processor.py:829} INFO - Processing file /usr/local/lib/python3.10/dist-packages/airflow/example_dags/example_bash_operator.py for tasks to queue
[2023-11-28T01:03:42.924+0000] {logging_mixin.py:154} INFO - [2023-11-28T01:03:42.923+0000] {dagbag.py:536} INFO - Filling up the DagBag from /usr/local/lib/python3.10/dist-packages/airflow/example_dags/example_bash_operator.py
[2023-11-28T01:03:42.936+0000] {processor.py:839} INFO - DAG(s) dict_keys(['example_bash_operator']) retrieved from /usr/local/lib/python3.10/dist-packages/airflow/example_dags/example_bash_operator.py
[2023-11-28T01:03:42.963+0000] {logging_mixin.py:154} INFO - [2023-11-28T01:03:42.963+0000] {dag.py:2941} INFO - Sync 1 DAGs
[2023-11-28T01:03:42.985+0000] {logging_mixin.py:154} INFO - [2023-11-28T01:03:42.985+0000] {dag.py:3722} INFO - Setting next_dagrun for example_bash_operator to 2023-11-27T00:00:00+00:00, run_after=2023-11-28T00:00:00+00:00
[2023-11-28T01:03:43.010+0000] {processor.py:179} INFO - Processing /usr/local/lib/python3.10/dist-packages/airflow/example_dags/example_bash_operator.py took 0.092 seconds
[2023-11-28T01:04:29.173+0000] {processor.py:157} INFO - Started process (PID=5951) to work on /usr/local/lib/python3.10/dist-packages/airflow/example_dags/example_bash_operator.py
[2023-11-28T01:04:29.174+0000] {processor.py:829} INFO - Processing file /usr/local/lib/python3.10/dist-packages/airflow/example_dags/example_bash_operator.py for tasks to queue
[2023-11-28T01:04:29.175+0000] {logging_mixin.py:154} INFO - [2023-11-28T01:04:29.174+0000] {dagbag.py:536} INFO - Filling up the DagBag from /usr/local/lib/python3.10/dist-packages/airflow/example_dags/example_bash_operator.py
[2023-11-28T01:04:29.188+0000] {processor.py:839} INFO - DAG(s) dict_keys(['example_bash_operator']) retrieved from /usr/local/lib/python3.10/dist-packages/airflow/example_dags/example_bash_operator.py
[2023-11-28T01:04:29.214+0000] {logging_mixin.py:154} INFO - [2023-11-28T01:04:29.214+0000] {dag.py:2941} INFO - Sync 1 DAGs
[2023-11-28T01:04:29.236+0000] {logging_mixin.py:154} INFO - [2023-11-28T01:04:29.236+0000] {dag.py:3722} INFO - Setting next_dagrun for example_bash_operator to 2023-11-27T00:00:00+00:00, run_after=2023-11-28T00:00:00+00:00
[2023-11-28T01:04:29.258+0000] {processor.py:179} INFO - Processing /usr/local/lib/python3.10/dist-packages/airflow/example_dags/example_bash_operator.py took 0.089 seconds
[2023-11-28T01:05:26.935+0000] {processor.py:157} INFO - Started process (PID=6013) to work on /usr/local/lib/python3.10/dist-packages/airflow/example_dags/example_bash_operator.py
[2023-11-28T01:05:26.937+0000] {processor.py:829} INFO - Processing file /usr/local/lib/python3.10/dist-packages/airflow/example_dags/example_bash_operator.py for tasks to queue
[2023-11-28T01:05:26.938+0000] {logging_mixin.py:154} INFO - [2023-11-28T01:05:26.937+0000] {dagbag.py:536} INFO - Filling up the DagBag from /usr/local/lib/python3.10/dist-packages/airflow/example_dags/example_bash_operator.py
[2023-11-28T01:05:26.951+0000] {processor.py:839} INFO - DAG(s) dict_keys(['example_bash_operator']) retrieved from /usr/local/lib/python3.10/dist-packages/airflow/example_dags/example_bash_operator.py
[2023-11-28T01:05:26.977+0000] {logging_mixin.py:154} INFO - [2023-11-28T01:05:26.977+0000] {dag.py:2941} INFO - Sync 1 DAGs
[2023-11-28T01:05:27.001+0000] {logging_mixin.py:154} INFO - [2023-11-28T01:05:27.000+0000] {dag.py:3722} INFO - Setting next_dagrun for example_bash_operator to 2023-11-27T00:00:00+00:00, run_after=2023-11-28T00:00:00+00:00
[2023-11-28T01:05:27.024+0000] {processor.py:179} INFO - Processing /usr/local/lib/python3.10/dist-packages/airflow/example_dags/example_bash_operator.py took 0.092 seconds
[2023-11-28T01:06:13.814+0000] {processor.py:157} INFO - Started process (PID=6060) to work on /usr/local/lib/python3.10/dist-packages/airflow/example_dags/example_bash_operator.py
[2023-11-28T01:06:13.816+0000] {processor.py:829} INFO - Processing file /usr/local/lib/python3.10/dist-packages/airflow/example_dags/example_bash_operator.py for tasks to queue
[2023-11-28T01:06:13.817+0000] {logging_mixin.py:154} INFO - [2023-11-28T01:06:13.816+0000] {dagbag.py:536} INFO - Filling up the DagBag from /usr/local/lib/python3.10/dist-packages/airflow/example_dags/example_bash_operator.py
[2023-11-28T01:06:13.830+0000] {processor.py:839} INFO - DAG(s) dict_keys(['example_bash_operator']) retrieved from /usr/local/lib/python3.10/dist-packages/airflow/example_dags/example_bash_operator.py
[2023-11-28T01:06:13.856+0000] {logging_mixin.py:154} INFO - [2023-11-28T01:06:13.856+0000] {dag.py:2941} INFO - Sync 1 DAGs
[2023-11-28T01:06:13.878+0000] {logging_mixin.py:154} INFO - [2023-11-28T01:06:13.878+0000] {dag.py:3722} INFO - Setting next_dagrun for example_bash_operator to 2023-11-27T00:00:00+00:00, run_after=2023-11-28T00:00:00+00:00
[2023-11-28T01:06:13.901+0000] {processor.py:179} INFO - Processing /usr/local/lib/python3.10/dist-packages/airflow/example_dags/example_bash_operator.py took 0.090 seconds
[2023-11-28T01:06:58.307+0000] {processor.py:157} INFO - Started process (PID=6106) to work on /usr/local/lib/python3.10/dist-packages/airflow/example_dags/example_bash_operator.py
[2023-11-28T01:06:58.308+0000] {processor.py:829} INFO - Processing file /usr/local/lib/python3.10/dist-packages/airflow/example_dags/example_bash_operator.py for tasks to queue
[2023-11-28T01:06:58.309+0000] {logging_mixin.py:154} INFO - [2023-11-28T01:06:58.308+0000] {dagbag.py:536} INFO - Filling up the DagBag from /usr/local/lib/python3.10/dist-packages/airflow/example_dags/example_bash_operator.py
[2023-11-28T01:06:58.322+0000] {processor.py:839} INFO - DAG(s) dict_keys(['example_bash_operator']) retrieved from /usr/local/lib/python3.10/dist-packages/airflow/example_dags/example_bash_operator.py
[2023-11-28T01:06:58.347+0000] {logging_mixin.py:154} INFO - [2023-11-28T01:06:58.347+0000] {dag.py:2941} INFO - Sync 1 DAGs
[2023-11-28T01:06:58.370+0000] {logging_mixin.py:154} INFO - [2023-11-28T01:06:58.370+0000] {dag.py:3722} INFO - Setting next_dagrun for example_bash_operator to 2023-11-27T00:00:00+00:00, run_after=2023-11-28T00:00:00+00:00
[2023-11-28T01:06:58.393+0000] {processor.py:179} INFO - Processing /usr/local/lib/python3.10/dist-packages/airflow/example_dags/example_bash_operator.py took 0.090 seconds
[2023-11-28T01:07:47.731+0000] {processor.py:157} INFO - Started process (PID=6156) to work on /usr/local/lib/python3.10/dist-packages/airflow/example_dags/example_bash_operator.py
[2023-11-28T01:07:47.732+0000] {processor.py:829} INFO - Processing file /usr/local/lib/python3.10/dist-packages/airflow/example_dags/example_bash_operator.py for tasks to queue
[2023-11-28T01:07:47.733+0000] {logging_mixin.py:154} INFO - [2023-11-28T01:07:47.733+0000] {dagbag.py:536} INFO - Filling up the DagBag from /usr/local/lib/python3.10/dist-packages/airflow/example_dags/example_bash_operator.py
[2023-11-28T01:07:47.746+0000] {processor.py:839} INFO - DAG(s) dict_keys(['example_bash_operator']) retrieved from /usr/local/lib/python3.10/dist-packages/airflow/example_dags/example_bash_operator.py
[2023-11-28T01:07:47.772+0000] {logging_mixin.py:154} INFO - [2023-11-28T01:07:47.772+0000] {dag.py:2941} INFO - Sync 1 DAGs
[2023-11-28T01:07:47.795+0000] {logging_mixin.py:154} INFO - [2023-11-28T01:07:47.795+0000] {dag.py:3722} INFO - Setting next_dagrun for example_bash_operator to 2023-11-27T00:00:00+00:00, run_after=2023-11-28T00:00:00+00:00
[2023-11-28T01:07:47.818+0000] {processor.py:179} INFO - Processing /usr/local/lib/python3.10/dist-packages/airflow/example_dags/example_bash_operator.py took 0.090 seconds
[2023-11-28T01:08:36.694+0000] {processor.py:157} INFO - Started process (PID=6208) to work on /usr/local/lib/python3.10/dist-packages/airflow/example_dags/example_bash_operator.py
[2023-11-28T01:08:36.698+0000] {processor.py:829} INFO - Processing file /usr/local/lib/python3.10/dist-packages/airflow/example_dags/example_bash_operator.py for tasks to queue
[2023-11-28T01:08:36.698+0000] {logging_mixin.py:154} INFO - [2023-11-28T01:08:36.698+0000] {dagbag.py:536} INFO - Filling up the DagBag from /usr/local/lib/python3.10/dist-packages/airflow/example_dags/example_bash_operator.py
[2023-11-28T01:08:36.711+0000] {processor.py:839} INFO - DAG(s) dict_keys(['example_bash_operator']) retrieved from /usr/local/lib/python3.10/dist-packages/airflow/example_dags/example_bash_operator.py
[2023-11-28T01:08:36.738+0000] {logging_mixin.py:154} INFO - [2023-11-28T01:08:36.737+0000] {dag.py:2941} INFO - Sync 1 DAGs
[2023-11-28T01:08:36.761+0000] {logging_mixin.py:154} INFO - [2023-11-28T01:08:36.761+0000] {dag.py:3722} INFO - Setting next_dagrun for example_bash_operator to 2023-11-27T00:00:00+00:00, run_after=2023-11-28T00:00:00+00:00
[2023-11-28T01:08:36.784+0000] {processor.py:179} INFO - Processing /usr/local/lib/python3.10/dist-packages/airflow/example_dags/example_bash_operator.py took 0.094 seconds
[2023-11-28T01:09:33.040+0000] {processor.py:157} INFO - Started process (PID=6268) to work on /usr/local/lib/python3.10/dist-packages/airflow/example_dags/example_bash_operator.py
[2023-11-28T01:09:33.041+0000] {processor.py:829} INFO - Processing file /usr/local/lib/python3.10/dist-packages/airflow/example_dags/example_bash_operator.py for tasks to queue
[2023-11-28T01:09:33.042+0000] {logging_mixin.py:154} INFO - [2023-11-28T01:09:33.042+0000] {dagbag.py:536} INFO - Filling up the DagBag from /usr/local/lib/python3.10/dist-packages/airflow/example_dags/example_bash_operator.py
[2023-11-28T01:09:33.056+0000] {processor.py:839} INFO - DAG(s) dict_keys(['example_bash_operator']) retrieved from /usr/local/lib/python3.10/dist-packages/airflow/example_dags/example_bash_operator.py
[2023-11-28T01:09:33.083+0000] {logging_mixin.py:154} INFO - [2023-11-28T01:09:33.083+0000] {dag.py:2941} INFO - Sync 1 DAGs
[2023-11-28T01:09:33.106+0000] {logging_mixin.py:154} INFO - [2023-11-28T01:09:33.106+0000] {dag.py:3722} INFO - Setting next_dagrun for example_bash_operator to 2023-11-27T00:00:00+00:00, run_after=2023-11-28T00:00:00+00:00
[2023-11-28T01:09:33.131+0000] {processor.py:179} INFO - Processing /usr/local/lib/python3.10/dist-packages/airflow/example_dags/example_bash_operator.py took 0.095 seconds
[2023-11-28T01:10:20.254+0000] {processor.py:157} INFO - Started process (PID=6317) to work on /usr/local/lib/python3.10/dist-packages/airflow/example_dags/example_bash_operator.py
[2023-11-28T01:10:20.255+0000] {processor.py:829} INFO - Processing file /usr/local/lib/python3.10/dist-packages/airflow/example_dags/example_bash_operator.py for tasks to queue
[2023-11-28T01:10:20.256+0000] {logging_mixin.py:154} INFO - [2023-11-28T01:10:20.256+0000] {dagbag.py:536} INFO - Filling up the DagBag from /usr/local/lib/python3.10/dist-packages/airflow/example_dags/example_bash_operator.py
[2023-11-28T01:10:20.270+0000] {processor.py:839} INFO - DAG(s) dict_keys(['example_bash_operator']) retrieved from /usr/local/lib/python3.10/dist-packages/airflow/example_dags/example_bash_operator.py
[2023-11-28T01:10:20.297+0000] {logging_mixin.py:154} INFO - [2023-11-28T01:10:20.296+0000] {dag.py:2941} INFO - Sync 1 DAGs
[2023-11-28T01:10:20.320+0000] {logging_mixin.py:154} INFO - [2023-11-28T01:10:20.320+0000] {dag.py:3722} INFO - Setting next_dagrun for example_bash_operator to 2023-11-27T00:00:00+00:00, run_after=2023-11-28T00:00:00+00:00
[2023-11-28T01:10:20.343+0000] {processor.py:179} INFO - Processing /usr/local/lib/python3.10/dist-packages/airflow/example_dags/example_bash_operator.py took 0.093 seconds
[2023-11-28T01:11:07.605+0000] {processor.py:157} INFO - Started process (PID=6365) to work on /usr/local/lib/python3.10/dist-packages/airflow/example_dags/example_bash_operator.py
[2023-11-28T01:11:07.607+0000] {processor.py:829} INFO - Processing file /usr/local/lib/python3.10/dist-packages/airflow/example_dags/example_bash_operator.py for tasks to queue
[2023-11-28T01:11:07.607+0000] {logging_mixin.py:154} INFO - [2023-11-28T01:11:07.607+0000] {dagbag.py:536} INFO - Filling up the DagBag from /usr/local/lib/python3.10/dist-packages/airflow/example_dags/example_bash_operator.py
[2023-11-28T01:11:07.621+0000] {processor.py:839} INFO - DAG(s) dict_keys(['example_bash_operator']) retrieved from /usr/local/lib/python3.10/dist-packages/airflow/example_dags/example_bash_operator.py
[2023-11-28T01:11:07.648+0000] {logging_mixin.py:154} INFO - [2023-11-28T01:11:07.648+0000] {dag.py:2941} INFO - Sync 1 DAGs
[2023-11-28T01:11:07.672+0000] {logging_mixin.py:154} INFO - [2023-11-28T01:11:07.671+0000] {dag.py:3722} INFO - Setting next_dagrun for example_bash_operator to 2023-11-27T00:00:00+00:00, run_after=2023-11-28T00:00:00+00:00
[2023-11-28T01:11:07.695+0000] {processor.py:179} INFO - Processing /usr/local/lib/python3.10/dist-packages/airflow/example_dags/example_bash_operator.py took 0.094 seconds
[2023-11-28T01:11:53.367+0000] {processor.py:157} INFO - Started process (PID=6412) to work on /usr/local/lib/python3.10/dist-packages/airflow/example_dags/example_bash_operator.py
[2023-11-28T01:11:53.368+0000] {processor.py:829} INFO - Processing file /usr/local/lib/python3.10/dist-packages/airflow/example_dags/example_bash_operator.py for tasks to queue
[2023-11-28T01:11:53.369+0000] {logging_mixin.py:154} INFO - [2023-11-28T01:11:53.368+0000] {dagbag.py:536} INFO - Filling up the DagBag from /usr/local/lib/python3.10/dist-packages/airflow/example_dags/example_bash_operator.py
[2023-11-28T01:11:53.382+0000] {processor.py:839} INFO - DAG(s) dict_keys(['example_bash_operator']) retrieved from /usr/local/lib/python3.10/dist-packages/airflow/example_dags/example_bash_operator.py
[2023-11-28T01:11:53.408+0000] {logging_mixin.py:154} INFO - [2023-11-28T01:11:53.408+0000] {dag.py:2941} INFO - Sync 1 DAGs
[2023-11-28T01:11:53.431+0000] {logging_mixin.py:154} INFO - [2023-11-28T01:11:53.431+0000] {dag.py:3722} INFO - Setting next_dagrun for example_bash_operator to 2023-11-27T00:00:00+00:00, run_after=2023-11-28T00:00:00+00:00
[2023-11-28T01:11:53.459+0000] {processor.py:179} INFO - Processing /usr/local/lib/python3.10/dist-packages/airflow/example_dags/example_bash_operator.py took 0.095 seconds
[2023-11-28T01:12:38.710+0000] {processor.py:157} INFO - Started process (PID=6460) to work on /usr/local/lib/python3.10/dist-packages/airflow/example_dags/example_bash_operator.py
[2023-11-28T01:12:38.711+0000] {processor.py:829} INFO - Processing file /usr/local/lib/python3.10/dist-packages/airflow/example_dags/example_bash_operator.py for tasks to queue
[2023-11-28T01:12:38.712+0000] {logging_mixin.py:154} INFO - [2023-11-28T01:12:38.712+0000] {dagbag.py:536} INFO - Filling up the DagBag from /usr/local/lib/python3.10/dist-packages/airflow/example_dags/example_bash_operator.py
[2023-11-28T01:12:38.725+0000] {processor.py:839} INFO - DAG(s) dict_keys(['example_bash_operator']) retrieved from /usr/local/lib/python3.10/dist-packages/airflow/example_dags/example_bash_operator.py
[2023-11-28T01:12:38.751+0000] {logging_mixin.py:154} INFO - [2023-11-28T01:12:38.751+0000] {dag.py:2941} INFO - Sync 1 DAGs
[2023-11-28T01:12:38.774+0000] {logging_mixin.py:154} INFO - [2023-11-28T01:12:38.774+0000] {dag.py:3722} INFO - Setting next_dagrun for example_bash_operator to 2023-11-27T00:00:00+00:00, run_after=2023-11-28T00:00:00+00:00
[2023-11-28T01:12:38.796+0000] {processor.py:179} INFO - Processing /usr/local/lib/python3.10/dist-packages/airflow/example_dags/example_bash_operator.py took 0.090 seconds
[2023-11-28T01:13:36.707+0000] {processor.py:157} INFO - Started process (PID=6518) to work on /usr/local/lib/python3.10/dist-packages/airflow/example_dags/example_bash_operator.py
[2023-11-28T01:13:36.709+0000] {processor.py:829} INFO - Processing file /usr/local/lib/python3.10/dist-packages/airflow/example_dags/example_bash_operator.py for tasks to queue
[2023-11-28T01:13:36.710+0000] {logging_mixin.py:154} INFO - [2023-11-28T01:13:36.710+0000] {dagbag.py:536} INFO - Filling up the DagBag from /usr/local/lib/python3.10/dist-packages/airflow/example_dags/example_bash_operator.py
[2023-11-28T01:13:36.724+0000] {processor.py:839} INFO - DAG(s) dict_keys(['example_bash_operator']) retrieved from /usr/local/lib/python3.10/dist-packages/airflow/example_dags/example_bash_operator.py
[2023-11-28T01:13:36.750+0000] {logging_mixin.py:154} INFO - [2023-11-28T01:13:36.750+0000] {dag.py:2941} INFO - Sync 1 DAGs
[2023-11-28T01:13:36.775+0000] {logging_mixin.py:154} INFO - [2023-11-28T01:13:36.774+0000] {dag.py:3722} INFO - Setting next_dagrun for example_bash_operator to 2023-11-27T00:00:00+00:00, run_after=2023-11-28T00:00:00+00:00
[2023-11-28T01:13:36.800+0000] {processor.py:179} INFO - Processing /usr/local/lib/python3.10/dist-packages/airflow/example_dags/example_bash_operator.py took 0.096 seconds
[2023-11-28T01:14:29.468+0000] {processor.py:157} INFO - Started process (PID=6573) to work on /usr/local/lib/python3.10/dist-packages/airflow/example_dags/example_bash_operator.py
[2023-11-28T01:14:29.469+0000] {processor.py:829} INFO - Processing file /usr/local/lib/python3.10/dist-packages/airflow/example_dags/example_bash_operator.py for tasks to queue
[2023-11-28T01:14:29.470+0000] {logging_mixin.py:154} INFO - [2023-11-28T01:14:29.470+0000] {dagbag.py:536} INFO - Filling up the DagBag from /usr/local/lib/python3.10/dist-packages/airflow/example_dags/example_bash_operator.py
[2023-11-28T01:14:29.484+0000] {processor.py:839} INFO - DAG(s) dict_keys(['example_bash_operator']) retrieved from /usr/local/lib/python3.10/dist-packages/airflow/example_dags/example_bash_operator.py
[2023-11-28T01:14:29.512+0000] {logging_mixin.py:154} INFO - [2023-11-28T01:14:29.512+0000] {dag.py:2941} INFO - Sync 1 DAGs
[2023-11-28T01:14:29.536+0000] {logging_mixin.py:154} INFO - [2023-11-28T01:14:29.535+0000] {dag.py:3722} INFO - Setting next_dagrun for example_bash_operator to 2023-11-27T00:00:00+00:00, run_after=2023-11-28T00:00:00+00:00
[2023-11-28T01:14:29.558+0000] {processor.py:179} INFO - Processing /usr/local/lib/python3.10/dist-packages/airflow/example_dags/example_bash_operator.py took 0.094 seconds
[2023-11-28T01:15:35.213+0000] {processor.py:157} INFO - Started process (PID=6650) to work on /usr/local/lib/python3.10/dist-packages/airflow/example_dags/example_bash_operator.py
[2023-11-28T01:15:35.215+0000] {processor.py:829} INFO - Processing file /usr/local/lib/python3.10/dist-packages/airflow/example_dags/example_bash_operator.py for tasks to queue
[2023-11-28T01:15:35.216+0000] {logging_mixin.py:154} INFO - [2023-11-28T01:15:35.215+0000] {dagbag.py:536} INFO - Filling up the DagBag from /usr/local/lib/python3.10/dist-packages/airflow/example_dags/example_bash_operator.py
[2023-11-28T01:15:35.230+0000] {processor.py:839} INFO - DAG(s) dict_keys(['example_bash_operator']) retrieved from /usr/local/lib/python3.10/dist-packages/airflow/example_dags/example_bash_operator.py
[2023-11-28T01:15:35.257+0000] {logging_mixin.py:154} INFO - [2023-11-28T01:15:35.256+0000] {dag.py:2941} INFO - Sync 1 DAGs
[2023-11-28T01:15:35.279+0000] {logging_mixin.py:154} INFO - [2023-11-28T01:15:35.279+0000] {dag.py:3722} INFO - Setting next_dagrun for example_bash_operator to 2023-11-27T00:00:00+00:00, run_after=2023-11-28T00:00:00+00:00
[2023-11-28T01:15:35.305+0000] {processor.py:179} INFO - Processing /usr/local/lib/python3.10/dist-packages/airflow/example_dags/example_bash_operator.py took 0.095 seconds
[2023-11-28T01:16:19.396+0000] {processor.py:157} INFO - Started process (PID=6696) to work on /usr/local/lib/python3.10/dist-packages/airflow/example_dags/example_bash_operator.py
[2023-11-28T01:16:19.397+0000] {processor.py:829} INFO - Processing file /usr/local/lib/python3.10/dist-packages/airflow/example_dags/example_bash_operator.py for tasks to queue
[2023-11-28T01:16:19.398+0000] {logging_mixin.py:154} INFO - [2023-11-28T01:16:19.397+0000] {dagbag.py:536} INFO - Filling up the DagBag from /usr/local/lib/python3.10/dist-packages/airflow/example_dags/example_bash_operator.py
[2023-11-28T01:16:19.411+0000] {processor.py:839} INFO - DAG(s) dict_keys(['example_bash_operator']) retrieved from /usr/local/lib/python3.10/dist-packages/airflow/example_dags/example_bash_operator.py
[2023-11-28T01:16:19.437+0000] {logging_mixin.py:154} INFO - [2023-11-28T01:16:19.437+0000] {dag.py:2941} INFO - Sync 1 DAGs
[2023-11-28T01:16:19.461+0000] {logging_mixin.py:154} INFO - [2023-11-28T01:16:19.461+0000] {dag.py:3722} INFO - Setting next_dagrun for example_bash_operator to 2023-11-27T00:00:00+00:00, run_after=2023-11-28T00:00:00+00:00
[2023-11-28T01:16:19.484+0000] {processor.py:179} INFO - Processing /usr/local/lib/python3.10/dist-packages/airflow/example_dags/example_bash_operator.py took 0.092 seconds
[2023-11-28T01:17:07.071+0000] {processor.py:157} INFO - Started process (PID=6753) to work on /usr/local/lib/python3.10/dist-packages/airflow/example_dags/example_bash_operator.py
[2023-11-28T01:17:07.084+0000] {processor.py:829} INFO - Processing file /usr/local/lib/python3.10/dist-packages/airflow/example_dags/example_bash_operator.py for tasks to queue
[2023-11-28T01:17:07.085+0000] {logging_mixin.py:154} INFO - [2023-11-28T01:17:07.084+0000] {dagbag.py:536} INFO - Filling up the DagBag from /usr/local/lib/python3.10/dist-packages/airflow/example_dags/example_bash_operator.py
[2023-11-28T01:17:07.099+0000] {processor.py:839} INFO - DAG(s) dict_keys(['example_bash_operator']) retrieved from /usr/local/lib/python3.10/dist-packages/airflow/example_dags/example_bash_operator.py
[2023-11-28T01:17:07.126+0000] {logging_mixin.py:154} INFO - [2023-11-28T01:17:07.125+0000] {dag.py:2941} INFO - Sync 1 DAGs
[2023-11-28T01:17:07.149+0000] {logging_mixin.py:154} INFO - [2023-11-28T01:17:07.149+0000] {dag.py:3722} INFO - Setting next_dagrun for example_bash_operator to 2023-11-27T00:00:00+00:00, run_after=2023-11-28T00:00:00+00:00
[2023-11-28T01:17:07.172+0000] {processor.py:179} INFO - Processing /usr/local/lib/python3.10/dist-packages/airflow/example_dags/example_bash_operator.py took 0.105 seconds
[2023-11-28T01:17:57.193+0000] {processor.py:157} INFO - Started process (PID=6803) to work on /usr/local/lib/python3.10/dist-packages/airflow/example_dags/example_bash_operator.py
[2023-11-28T01:17:57.195+0000] {processor.py:829} INFO - Processing file /usr/local/lib/python3.10/dist-packages/airflow/example_dags/example_bash_operator.py for tasks to queue
[2023-11-28T01:17:57.195+0000] {logging_mixin.py:154} INFO - [2023-11-28T01:17:57.195+0000] {dagbag.py:536} INFO - Filling up the DagBag from /usr/local/lib/python3.10/dist-packages/airflow/example_dags/example_bash_operator.py
[2023-11-28T01:17:57.209+0000] {processor.py:839} INFO - DAG(s) dict_keys(['example_bash_operator']) retrieved from /usr/local/lib/python3.10/dist-packages/airflow/example_dags/example_bash_operator.py
[2023-11-28T01:17:57.235+0000] {logging_mixin.py:154} INFO - [2023-11-28T01:17:57.235+0000] {dag.py:2941} INFO - Sync 1 DAGs
[2023-11-28T01:17:57.259+0000] {logging_mixin.py:154} INFO - [2023-11-28T01:17:57.258+0000] {dag.py:3722} INFO - Setting next_dagrun for example_bash_operator to 2023-11-27T00:00:00+00:00, run_after=2023-11-28T00:00:00+00:00
[2023-11-28T01:17:57.281+0000] {processor.py:179} INFO - Processing /usr/local/lib/python3.10/dist-packages/airflow/example_dags/example_bash_operator.py took 0.091 seconds
[2023-11-28T01:18:54.517+0000] {processor.py:157} INFO - Started process (PID=6864) to work on /usr/local/lib/python3.10/dist-packages/airflow/example_dags/example_bash_operator.py
[2023-11-28T01:18:54.518+0000] {processor.py:829} INFO - Processing file /usr/local/lib/python3.10/dist-packages/airflow/example_dags/example_bash_operator.py for tasks to queue
[2023-11-28T01:18:54.519+0000] {logging_mixin.py:154} INFO - [2023-11-28T01:18:54.519+0000] {dagbag.py:536} INFO - Filling up the DagBag from /usr/local/lib/python3.10/dist-packages/airflow/example_dags/example_bash_operator.py
[2023-11-28T01:18:54.533+0000] {processor.py:839} INFO - DAG(s) dict_keys(['example_bash_operator']) retrieved from /usr/local/lib/python3.10/dist-packages/airflow/example_dags/example_bash_operator.py
[2023-11-28T01:18:54.560+0000] {logging_mixin.py:154} INFO - [2023-11-28T01:18:54.559+0000] {dag.py:2941} INFO - Sync 1 DAGs
[2023-11-28T01:18:54.582+0000] {logging_mixin.py:154} INFO - [2023-11-28T01:18:54.582+0000] {dag.py:3722} INFO - Setting next_dagrun for example_bash_operator to 2023-11-27T00:00:00+00:00, run_after=2023-11-28T00:00:00+00:00
[2023-11-28T01:18:54.603+0000] {processor.py:179} INFO - Processing /usr/local/lib/python3.10/dist-packages/airflow/example_dags/example_bash_operator.py took 0.090 seconds
[2023-11-28T01:19:39.655+0000] {processor.py:157} INFO - Started process (PID=7029) to work on /usr/local/lib/python3.10/dist-packages/airflow/example_dags/example_bash_operator.py
[2023-11-28T01:19:39.658+0000] {processor.py:829} INFO - Processing file /usr/local/lib/python3.10/dist-packages/airflow/example_dags/example_bash_operator.py for tasks to queue
[2023-11-28T01:19:39.659+0000] {logging_mixin.py:154} INFO - [2023-11-28T01:19:39.658+0000] {dagbag.py:536} INFO - Filling up the DagBag from /usr/local/lib/python3.10/dist-packages/airflow/example_dags/example_bash_operator.py
[2023-11-28T01:19:39.672+0000] {processor.py:839} INFO - DAG(s) dict_keys(['example_bash_operator']) retrieved from /usr/local/lib/python3.10/dist-packages/airflow/example_dags/example_bash_operator.py
[2023-11-28T01:19:39.698+0000] {logging_mixin.py:154} INFO - [2023-11-28T01:19:39.697+0000] {dag.py:2941} INFO - Sync 1 DAGs
[2023-11-28T01:19:39.720+0000] {logging_mixin.py:154} INFO - [2023-11-28T01:19:39.720+0000] {dag.py:3722} INFO - Setting next_dagrun for example_bash_operator to 2023-11-27T00:00:00+00:00, run_after=2023-11-28T00:00:00+00:00
[2023-11-28T01:19:39.742+0000] {processor.py:179} INFO - Processing /usr/local/lib/python3.10/dist-packages/airflow/example_dags/example_bash_operator.py took 0.090 seconds
