[2023-11-28T00:44:35.005+0000] {processor.py:157} INFO - Started process (PID=3416) to work on /usr/local/lib/python3.10/dist-packages/airflow/example_dags/example_task_group.py
[2023-11-28T00:44:35.006+0000] {processor.py:829} INFO - Processing file /usr/local/lib/python3.10/dist-packages/airflow/example_dags/example_task_group.py for tasks to queue
[2023-11-28T00:44:35.007+0000] {logging_mixin.py:154} INFO - [2023-11-28T00:44:35.007+0000] {dagbag.py:536} INFO - Filling up the DagBag from /usr/local/lib/python3.10/dist-packages/airflow/example_dags/example_task_group.py
[2023-11-28T00:44:35.019+0000] {processor.py:839} INFO - DAG(s) dict_keys(['example_task_group']) retrieved from /usr/local/lib/python3.10/dist-packages/airflow/example_dags/example_task_group.py
[2023-11-28T00:44:35.134+0000] {logging_mixin.py:154} INFO - [2023-11-28T00:44:35.134+0000] {manager.py:499} INFO - Created Permission View: %s
[2023-11-28T00:44:35.149+0000] {logging_mixin.py:154} INFO - [2023-11-28T00:44:35.148+0000] {manager.py:499} INFO - Created Permission View: %s
[2023-11-28T00:44:35.158+0000] {logging_mixin.py:154} INFO - [2023-11-28T00:44:35.158+0000] {manager.py:499} INFO - Created Permission View: %s
[2023-11-28T00:44:35.159+0000] {logging_mixin.py:154} INFO - [2023-11-28T00:44:35.159+0000] {dag.py:2941} INFO - Sync 1 DAGs
[2023-11-28T00:44:35.172+0000] {logging_mixin.py:154} INFO - [2023-11-28T00:44:35.171+0000] {dag.py:2963} INFO - Creating ORM DAG for example_task_group
[2023-11-28T00:44:35.181+0000] {logging_mixin.py:154} INFO - [2023-11-28T00:44:35.181+0000] {dag.py:3722} INFO - Setting next_dagrun for example_task_group to 2023-11-27T00:44:35.181084+00:00, run_after=2023-11-28T00:44:35.181084+00:00
[2023-11-28T00:44:35.265+0000] {processor.py:179} INFO - Processing /usr/local/lib/python3.10/dist-packages/airflow/example_dags/example_task_group.py took 0.263 seconds
[2023-11-28T00:45:27.759+0000] {processor.py:157} INFO - Started process (PID=3554) to work on /usr/local/lib/python3.10/dist-packages/airflow/example_dags/example_task_group.py
[2023-11-28T00:45:27.761+0000] {processor.py:829} INFO - Processing file /usr/local/lib/python3.10/dist-packages/airflow/example_dags/example_task_group.py for tasks to queue
[2023-11-28T00:45:27.762+0000] {logging_mixin.py:154} INFO - [2023-11-28T00:45:27.761+0000] {dagbag.py:536} INFO - Filling up the DagBag from /usr/local/lib/python3.10/dist-packages/airflow/example_dags/example_task_group.py
[2023-11-28T00:45:27.771+0000] {processor.py:839} INFO - DAG(s) dict_keys(['example_task_group']) retrieved from /usr/local/lib/python3.10/dist-packages/airflow/example_dags/example_task_group.py
[2023-11-28T00:45:27.789+0000] {logging_mixin.py:154} INFO - [2023-11-28T00:45:27.789+0000] {dag.py:2941} INFO - Sync 1 DAGs
[2023-11-28T00:45:27.820+0000] {logging_mixin.py:154} INFO - [2023-11-28T00:45:27.820+0000] {dag.py:3722} INFO - Setting next_dagrun for example_task_group to 2023-11-27T00:45:27.820381+00:00, run_after=2023-11-28T00:45:27.820381+00:00
[2023-11-28T00:45:27.846+0000] {processor.py:179} INFO - Processing /usr/local/lib/python3.10/dist-packages/airflow/example_dags/example_task_group.py took 0.090 seconds
[2023-11-28T00:46:13.511+0000] {processor.py:157} INFO - Started process (PID=3600) to work on /usr/local/lib/python3.10/dist-packages/airflow/example_dags/example_task_group.py
[2023-11-28T00:46:13.512+0000] {processor.py:829} INFO - Processing file /usr/local/lib/python3.10/dist-packages/airflow/example_dags/example_task_group.py for tasks to queue
[2023-11-28T00:46:13.513+0000] {logging_mixin.py:154} INFO - [2023-11-28T00:46:13.513+0000] {dagbag.py:536} INFO - Filling up the DagBag from /usr/local/lib/python3.10/dist-packages/airflow/example_dags/example_task_group.py
[2023-11-28T00:46:13.522+0000] {processor.py:839} INFO - DAG(s) dict_keys(['example_task_group']) retrieved from /usr/local/lib/python3.10/dist-packages/airflow/example_dags/example_task_group.py
[2023-11-28T00:46:13.541+0000] {logging_mixin.py:154} INFO - [2023-11-28T00:46:13.540+0000] {dag.py:2941} INFO - Sync 1 DAGs
[2023-11-28T00:46:13.562+0000] {logging_mixin.py:154} INFO - [2023-11-28T00:46:13.562+0000] {dag.py:3722} INFO - Setting next_dagrun for example_task_group to 2023-11-27T00:46:13.562300+00:00, run_after=2023-11-28T00:46:13.562300+00:00
[2023-11-28T00:46:13.585+0000] {processor.py:179} INFO - Processing /usr/local/lib/python3.10/dist-packages/airflow/example_dags/example_task_group.py took 0.077 seconds
[2023-11-28T00:46:51.417+0000] {processor.py:157} INFO - Started process (PID=3643) to work on /usr/local/lib/python3.10/dist-packages/airflow/example_dags/example_task_group.py
[2023-11-28T00:46:51.419+0000] {processor.py:829} INFO - Processing file /usr/local/lib/python3.10/dist-packages/airflow/example_dags/example_task_group.py for tasks to queue
[2023-11-28T00:46:51.420+0000] {logging_mixin.py:154} INFO - [2023-11-28T00:46:51.419+0000] {dagbag.py:536} INFO - Filling up the DagBag from /usr/local/lib/python3.10/dist-packages/airflow/example_dags/example_task_group.py
[2023-11-28T00:46:51.428+0000] {processor.py:839} INFO - DAG(s) dict_keys(['example_task_group']) retrieved from /usr/local/lib/python3.10/dist-packages/airflow/example_dags/example_task_group.py
[2023-11-28T00:46:51.447+0000] {logging_mixin.py:154} INFO - [2023-11-28T00:46:51.447+0000] {dag.py:2941} INFO - Sync 1 DAGs
[2023-11-28T00:46:51.468+0000] {logging_mixin.py:154} INFO - [2023-11-28T00:46:51.468+0000] {dag.py:3722} INFO - Setting next_dagrun for example_task_group to 2023-11-27T00:46:51.468242+00:00, run_after=2023-11-28T00:46:51.468242+00:00
[2023-11-28T00:46:51.490+0000] {processor.py:179} INFO - Processing /usr/local/lib/python3.10/dist-packages/airflow/example_dags/example_task_group.py took 0.077 seconds
[2023-11-28T00:47:35.533+0000] {processor.py:157} INFO - Started process (PID=3692) to work on /usr/local/lib/python3.10/dist-packages/airflow/example_dags/example_task_group.py
[2023-11-28T00:47:35.534+0000] {processor.py:829} INFO - Processing file /usr/local/lib/python3.10/dist-packages/airflow/example_dags/example_task_group.py for tasks to queue
[2023-11-28T00:47:35.535+0000] {logging_mixin.py:154} INFO - [2023-11-28T00:47:35.535+0000] {dagbag.py:536} INFO - Filling up the DagBag from /usr/local/lib/python3.10/dist-packages/airflow/example_dags/example_task_group.py
[2023-11-28T00:47:35.544+0000] {processor.py:839} INFO - DAG(s) dict_keys(['example_task_group']) retrieved from /usr/local/lib/python3.10/dist-packages/airflow/example_dags/example_task_group.py
[2023-11-28T00:47:35.563+0000] {logging_mixin.py:154} INFO - [2023-11-28T00:47:35.562+0000] {dag.py:2941} INFO - Sync 1 DAGs
[2023-11-28T00:47:35.584+0000] {logging_mixin.py:154} INFO - [2023-11-28T00:47:35.584+0000] {dag.py:3722} INFO - Setting next_dagrun for example_task_group to 2023-11-27T00:47:35.584265+00:00, run_after=2023-11-28T00:47:35.584265+00:00
[2023-11-28T00:47:35.609+0000] {processor.py:179} INFO - Processing /usr/local/lib/python3.10/dist-packages/airflow/example_dags/example_task_group.py took 0.080 seconds
[2023-11-28T00:48:20.778+0000] {processor.py:157} INFO - Started process (PID=3738) to work on /usr/local/lib/python3.10/dist-packages/airflow/example_dags/example_task_group.py
[2023-11-28T00:48:20.780+0000] {processor.py:829} INFO - Processing file /usr/local/lib/python3.10/dist-packages/airflow/example_dags/example_task_group.py for tasks to queue
[2023-11-28T00:48:20.781+0000] {logging_mixin.py:154} INFO - [2023-11-28T00:48:20.780+0000] {dagbag.py:536} INFO - Filling up the DagBag from /usr/local/lib/python3.10/dist-packages/airflow/example_dags/example_task_group.py
[2023-11-28T00:48:20.790+0000] {processor.py:839} INFO - DAG(s) dict_keys(['example_task_group']) retrieved from /usr/local/lib/python3.10/dist-packages/airflow/example_dags/example_task_group.py
[2023-11-28T00:48:20.808+0000] {logging_mixin.py:154} INFO - [2023-11-28T00:48:20.808+0000] {dag.py:2941} INFO - Sync 1 DAGs
[2023-11-28T00:48:20.830+0000] {logging_mixin.py:154} INFO - [2023-11-28T00:48:20.829+0000] {dag.py:3722} INFO - Setting next_dagrun for example_task_group to 2023-11-27T00:48:20.829637+00:00, run_after=2023-11-28T00:48:20.829637+00:00
[2023-11-28T00:48:20.851+0000] {processor.py:179} INFO - Processing /usr/local/lib/python3.10/dist-packages/airflow/example_dags/example_task_group.py took 0.076 seconds
[2023-11-28T00:49:07.606+0000] {processor.py:157} INFO - Started process (PID=3785) to work on /usr/local/lib/python3.10/dist-packages/airflow/example_dags/example_task_group.py
[2023-11-28T00:49:07.607+0000] {processor.py:829} INFO - Processing file /usr/local/lib/python3.10/dist-packages/airflow/example_dags/example_task_group.py for tasks to queue
[2023-11-28T00:49:07.608+0000] {logging_mixin.py:154} INFO - [2023-11-28T00:49:07.608+0000] {dagbag.py:536} INFO - Filling up the DagBag from /usr/local/lib/python3.10/dist-packages/airflow/example_dags/example_task_group.py
[2023-11-28T00:49:07.617+0000] {processor.py:839} INFO - DAG(s) dict_keys(['example_task_group']) retrieved from /usr/local/lib/python3.10/dist-packages/airflow/example_dags/example_task_group.py
[2023-11-28T00:49:07.635+0000] {logging_mixin.py:154} INFO - [2023-11-28T00:49:07.635+0000] {dag.py:2941} INFO - Sync 1 DAGs
[2023-11-28T00:49:07.656+0000] {logging_mixin.py:154} INFO - [2023-11-28T00:49:07.656+0000] {dag.py:3722} INFO - Setting next_dagrun for example_task_group to 2023-11-27T00:49:07.655906+00:00, run_after=2023-11-28T00:49:07.655906+00:00
[2023-11-28T00:49:07.680+0000] {processor.py:179} INFO - Processing /usr/local/lib/python3.10/dist-packages/airflow/example_dags/example_task_group.py took 0.078 seconds
[2023-11-28T00:49:49.697+0000] {processor.py:157} INFO - Started process (PID=3831) to work on /usr/local/lib/python3.10/dist-packages/airflow/example_dags/example_task_group.py
[2023-11-28T00:49:49.699+0000] {processor.py:829} INFO - Processing file /usr/local/lib/python3.10/dist-packages/airflow/example_dags/example_task_group.py for tasks to queue
[2023-11-28T00:49:49.700+0000] {logging_mixin.py:154} INFO - [2023-11-28T00:49:49.699+0000] {dagbag.py:536} INFO - Filling up the DagBag from /usr/local/lib/python3.10/dist-packages/airflow/example_dags/example_task_group.py
[2023-11-28T00:49:49.709+0000] {processor.py:839} INFO - DAG(s) dict_keys(['example_task_group']) retrieved from /usr/local/lib/python3.10/dist-packages/airflow/example_dags/example_task_group.py
[2023-11-28T00:49:49.727+0000] {logging_mixin.py:154} INFO - [2023-11-28T00:49:49.726+0000] {dag.py:2941} INFO - Sync 1 DAGs
[2023-11-28T00:49:49.748+0000] {logging_mixin.py:154} INFO - [2023-11-28T00:49:49.748+0000] {dag.py:3722} INFO - Setting next_dagrun for example_task_group to 2023-11-27T00:49:49.747958+00:00, run_after=2023-11-28T00:49:49.747958+00:00
[2023-11-28T00:49:49.771+0000] {processor.py:179} INFO - Processing /usr/local/lib/python3.10/dist-packages/airflow/example_dags/example_task_group.py took 0.077 seconds
[2023-11-28T00:50:36.751+0000] {processor.py:157} INFO - Started process (PID=3879) to work on /usr/local/lib/python3.10/dist-packages/airflow/example_dags/example_task_group.py
[2023-11-28T00:50:36.752+0000] {processor.py:829} INFO - Processing file /usr/local/lib/python3.10/dist-packages/airflow/example_dags/example_task_group.py for tasks to queue
[2023-11-28T00:50:36.753+0000] {logging_mixin.py:154} INFO - [2023-11-28T00:50:36.752+0000] {dagbag.py:536} INFO - Filling up the DagBag from /usr/local/lib/python3.10/dist-packages/airflow/example_dags/example_task_group.py
[2023-11-28T00:50:36.762+0000] {processor.py:839} INFO - DAG(s) dict_keys(['example_task_group']) retrieved from /usr/local/lib/python3.10/dist-packages/airflow/example_dags/example_task_group.py
[2023-11-28T00:50:36.780+0000] {logging_mixin.py:154} INFO - [2023-11-28T00:50:36.780+0000] {dag.py:2941} INFO - Sync 1 DAGs
[2023-11-28T00:50:36.802+0000] {logging_mixin.py:154} INFO - [2023-11-28T00:50:36.802+0000] {dag.py:3722} INFO - Setting next_dagrun for example_task_group to 2023-11-27T00:50:36.802355+00:00, run_after=2023-11-28T00:50:36.802355+00:00
[2023-11-28T00:50:36.825+0000] {processor.py:179} INFO - Processing /usr/local/lib/python3.10/dist-packages/airflow/example_dags/example_task_group.py took 0.078 seconds
[2023-11-28T00:51:23.115+0000] {processor.py:157} INFO - Started process (PID=3927) to work on /usr/local/lib/python3.10/dist-packages/airflow/example_dags/example_task_group.py
[2023-11-28T00:51:23.116+0000] {processor.py:829} INFO - Processing file /usr/local/lib/python3.10/dist-packages/airflow/example_dags/example_task_group.py for tasks to queue
[2023-11-28T00:51:23.117+0000] {logging_mixin.py:154} INFO - [2023-11-28T00:51:23.116+0000] {dagbag.py:536} INFO - Filling up the DagBag from /usr/local/lib/python3.10/dist-packages/airflow/example_dags/example_task_group.py
[2023-11-28T00:51:23.125+0000] {processor.py:839} INFO - DAG(s) dict_keys(['example_task_group']) retrieved from /usr/local/lib/python3.10/dist-packages/airflow/example_dags/example_task_group.py
[2023-11-28T00:51:23.144+0000] {logging_mixin.py:154} INFO - [2023-11-28T00:51:23.143+0000] {dag.py:2941} INFO - Sync 1 DAGs
[2023-11-28T00:51:23.165+0000] {logging_mixin.py:154} INFO - [2023-11-28T00:51:23.165+0000] {dag.py:3722} INFO - Setting next_dagrun for example_task_group to 2023-11-27T00:51:23.165048+00:00, run_after=2023-11-28T00:51:23.165048+00:00
[2023-11-28T00:51:23.188+0000] {processor.py:179} INFO - Processing /usr/local/lib/python3.10/dist-packages/airflow/example_dags/example_task_group.py took 0.077 seconds
[2023-11-28T00:52:10.683+0000] {processor.py:157} INFO - Started process (PID=3978) to work on /usr/local/lib/python3.10/dist-packages/airflow/example_dags/example_task_group.py
[2023-11-28T00:52:10.685+0000] {processor.py:829} INFO - Processing file /usr/local/lib/python3.10/dist-packages/airflow/example_dags/example_task_group.py for tasks to queue
[2023-11-28T00:52:10.686+0000] {logging_mixin.py:154} INFO - [2023-11-28T00:52:10.685+0000] {dagbag.py:536} INFO - Filling up the DagBag from /usr/local/lib/python3.10/dist-packages/airflow/example_dags/example_task_group.py
[2023-11-28T00:52:10.694+0000] {processor.py:839} INFO - DAG(s) dict_keys(['example_task_group']) retrieved from /usr/local/lib/python3.10/dist-packages/airflow/example_dags/example_task_group.py
[2023-11-28T00:52:10.713+0000] {logging_mixin.py:154} INFO - [2023-11-28T00:52:10.713+0000] {dag.py:2941} INFO - Sync 1 DAGs
[2023-11-28T00:52:10.734+0000] {logging_mixin.py:154} INFO - [2023-11-28T00:52:10.734+0000] {dag.py:3722} INFO - Setting next_dagrun for example_task_group to 2023-11-27T00:52:10.734358+00:00, run_after=2023-11-28T00:52:10.734358+00:00
[2023-11-28T00:52:10.757+0000] {processor.py:179} INFO - Processing /usr/local/lib/python3.10/dist-packages/airflow/example_dags/example_task_group.py took 0.077 seconds
[2023-11-28T00:52:57.164+0000] {processor.py:157} INFO - Started process (PID=4407) to work on /usr/local/lib/python3.10/dist-packages/airflow/example_dags/example_task_group.py
[2023-11-28T00:52:57.166+0000] {processor.py:829} INFO - Processing file /usr/local/lib/python3.10/dist-packages/airflow/example_dags/example_task_group.py for tasks to queue
[2023-11-28T00:52:57.167+0000] {logging_mixin.py:154} INFO - [2023-11-28T00:52:57.166+0000] {dagbag.py:536} INFO - Filling up the DagBag from /usr/local/lib/python3.10/dist-packages/airflow/example_dags/example_task_group.py
[2023-11-28T00:52:57.175+0000] {processor.py:839} INFO - DAG(s) dict_keys(['example_task_group']) retrieved from /usr/local/lib/python3.10/dist-packages/airflow/example_dags/example_task_group.py
[2023-11-28T00:52:57.193+0000] {logging_mixin.py:154} INFO - [2023-11-28T00:52:57.193+0000] {dag.py:2941} INFO - Sync 1 DAGs
[2023-11-28T00:52:57.214+0000] {logging_mixin.py:154} INFO - [2023-11-28T00:52:57.214+0000] {dag.py:3722} INFO - Setting next_dagrun for example_task_group to 2023-11-27T00:52:57.213911+00:00, run_after=2023-11-28T00:52:57.213911+00:00
[2023-11-28T00:52:57.237+0000] {processor.py:179} INFO - Processing /usr/local/lib/python3.10/dist-packages/airflow/example_dags/example_task_group.py took 0.076 seconds
[2023-11-28T00:53:42.575+0000] {processor.py:157} INFO - Started process (PID=4601) to work on /usr/local/lib/python3.10/dist-packages/airflow/example_dags/example_task_group.py
[2023-11-28T00:53:42.577+0000] {processor.py:829} INFO - Processing file /usr/local/lib/python3.10/dist-packages/airflow/example_dags/example_task_group.py for tasks to queue
[2023-11-28T00:53:42.577+0000] {logging_mixin.py:154} INFO - [2023-11-28T00:53:42.577+0000] {dagbag.py:536} INFO - Filling up the DagBag from /usr/local/lib/python3.10/dist-packages/airflow/example_dags/example_task_group.py
[2023-11-28T00:53:42.586+0000] {processor.py:839} INFO - DAG(s) dict_keys(['example_task_group']) retrieved from /usr/local/lib/python3.10/dist-packages/airflow/example_dags/example_task_group.py
[2023-11-28T00:53:42.604+0000] {logging_mixin.py:154} INFO - [2023-11-28T00:53:42.604+0000] {dag.py:2941} INFO - Sync 1 DAGs
[2023-11-28T00:53:42.625+0000] {logging_mixin.py:154} INFO - [2023-11-28T00:53:42.624+0000] {dag.py:3722} INFO - Setting next_dagrun for example_task_group to 2023-11-27T00:53:42.624702+00:00, run_after=2023-11-28T00:53:42.624702+00:00
[2023-11-28T00:53:42.650+0000] {processor.py:179} INFO - Processing /usr/local/lib/python3.10/dist-packages/airflow/example_dags/example_task_group.py took 0.078 seconds
[2023-11-28T00:54:26.205+0000] {processor.py:157} INFO - Started process (PID=4894) to work on /usr/local/lib/python3.10/dist-packages/airflow/example_dags/example_task_group.py
[2023-11-28T00:54:26.206+0000] {processor.py:829} INFO - Processing file /usr/local/lib/python3.10/dist-packages/airflow/example_dags/example_task_group.py for tasks to queue
[2023-11-28T00:54:26.207+0000] {logging_mixin.py:154} INFO - [2023-11-28T00:54:26.206+0000] {dagbag.py:536} INFO - Filling up the DagBag from /usr/local/lib/python3.10/dist-packages/airflow/example_dags/example_task_group.py
[2023-11-28T00:54:26.215+0000] {processor.py:839} INFO - DAG(s) dict_keys(['example_task_group']) retrieved from /usr/local/lib/python3.10/dist-packages/airflow/example_dags/example_task_group.py
[2023-11-28T00:54:26.234+0000] {logging_mixin.py:154} INFO - [2023-11-28T00:54:26.233+0000] {dag.py:2941} INFO - Sync 1 DAGs
[2023-11-28T00:54:26.254+0000] {logging_mixin.py:154} INFO - [2023-11-28T00:54:26.254+0000] {dag.py:3722} INFO - Setting next_dagrun for example_task_group to 2023-11-27T00:54:26.254026+00:00, run_after=2023-11-28T00:54:26.254026+00:00
[2023-11-28T00:54:26.276+0000] {processor.py:179} INFO - Processing /usr/local/lib/python3.10/dist-packages/airflow/example_dags/example_task_group.py took 0.075 seconds
[2023-11-28T00:55:08.774+0000] {processor.py:157} INFO - Started process (PID=4938) to work on /usr/local/lib/python3.10/dist-packages/airflow/example_dags/example_task_group.py
[2023-11-28T00:55:08.775+0000] {processor.py:829} INFO - Processing file /usr/local/lib/python3.10/dist-packages/airflow/example_dags/example_task_group.py for tasks to queue
[2023-11-28T00:55:08.776+0000] {logging_mixin.py:154} INFO - [2023-11-28T00:55:08.776+0000] {dagbag.py:536} INFO - Filling up the DagBag from /usr/local/lib/python3.10/dist-packages/airflow/example_dags/example_task_group.py
[2023-11-28T00:55:08.785+0000] {processor.py:839} INFO - DAG(s) dict_keys(['example_task_group']) retrieved from /usr/local/lib/python3.10/dist-packages/airflow/example_dags/example_task_group.py
[2023-11-28T00:55:08.804+0000] {logging_mixin.py:154} INFO - [2023-11-28T00:55:08.804+0000] {dag.py:2941} INFO - Sync 1 DAGs
[2023-11-28T00:55:08.825+0000] {logging_mixin.py:154} INFO - [2023-11-28T00:55:08.825+0000] {dag.py:3722} INFO - Setting next_dagrun for example_task_group to 2023-11-27T00:55:08.825117+00:00, run_after=2023-11-28T00:55:08.825117+00:00
[2023-11-28T00:55:08.848+0000] {processor.py:179} INFO - Processing /usr/local/lib/python3.10/dist-packages/airflow/example_dags/example_task_group.py took 0.078 seconds
[2023-11-28T00:55:51.924+0000] {processor.py:157} INFO - Started process (PID=5049) to work on /usr/local/lib/python3.10/dist-packages/airflow/example_dags/example_task_group.py
[2023-11-28T00:55:51.926+0000] {processor.py:829} INFO - Processing file /usr/local/lib/python3.10/dist-packages/airflow/example_dags/example_task_group.py for tasks to queue
[2023-11-28T00:55:51.927+0000] {logging_mixin.py:154} INFO - [2023-11-28T00:55:51.926+0000] {dagbag.py:536} INFO - Filling up the DagBag from /usr/local/lib/python3.10/dist-packages/airflow/example_dags/example_task_group.py
[2023-11-28T00:55:51.935+0000] {processor.py:839} INFO - DAG(s) dict_keys(['example_task_group']) retrieved from /usr/local/lib/python3.10/dist-packages/airflow/example_dags/example_task_group.py
[2023-11-28T00:55:51.954+0000] {logging_mixin.py:154} INFO - [2023-11-28T00:55:51.954+0000] {dag.py:2941} INFO - Sync 1 DAGs
[2023-11-28T00:55:51.976+0000] {logging_mixin.py:154} INFO - [2023-11-28T00:55:51.976+0000] {dag.py:3722} INFO - Setting next_dagrun for example_task_group to 2023-11-27T00:55:51.975965+00:00, run_after=2023-11-28T00:55:51.975965+00:00
[2023-11-28T00:55:52.000+0000] {processor.py:179} INFO - Processing /usr/local/lib/python3.10/dist-packages/airflow/example_dags/example_task_group.py took 0.079 seconds
[2023-11-28T00:56:37.668+0000] {processor.py:157} INFO - Started process (PID=5348) to work on /usr/local/lib/python3.10/dist-packages/airflow/example_dags/example_task_group.py
[2023-11-28T00:56:37.669+0000] {processor.py:829} INFO - Processing file /usr/local/lib/python3.10/dist-packages/airflow/example_dags/example_task_group.py for tasks to queue
[2023-11-28T00:56:37.670+0000] {logging_mixin.py:154} INFO - [2023-11-28T00:56:37.670+0000] {dagbag.py:536} INFO - Filling up the DagBag from /usr/local/lib/python3.10/dist-packages/airflow/example_dags/example_task_group.py
[2023-11-28T00:56:37.679+0000] {processor.py:839} INFO - DAG(s) dict_keys(['example_task_group']) retrieved from /usr/local/lib/python3.10/dist-packages/airflow/example_dags/example_task_group.py
[2023-11-28T00:56:37.697+0000] {logging_mixin.py:154} INFO - [2023-11-28T00:56:37.696+0000] {dag.py:2941} INFO - Sync 1 DAGs
[2023-11-28T00:56:37.717+0000] {logging_mixin.py:154} INFO - [2023-11-28T00:56:37.717+0000] {dag.py:3722} INFO - Setting next_dagrun for example_task_group to 2023-11-27T00:56:37.716900+00:00, run_after=2023-11-28T00:56:37.716900+00:00
[2023-11-28T00:56:37.738+0000] {processor.py:179} INFO - Processing /usr/local/lib/python3.10/dist-packages/airflow/example_dags/example_task_group.py took 0.074 seconds
[2023-11-28T00:57:26.309+0000] {processor.py:157} INFO - Started process (PID=5400) to work on /usr/local/lib/python3.10/dist-packages/airflow/example_dags/example_task_group.py
[2023-11-28T00:57:26.310+0000] {processor.py:829} INFO - Processing file /usr/local/lib/python3.10/dist-packages/airflow/example_dags/example_task_group.py for tasks to queue
[2023-11-28T00:57:26.311+0000] {logging_mixin.py:154} INFO - [2023-11-28T00:57:26.311+0000] {dagbag.py:536} INFO - Filling up the DagBag from /usr/local/lib/python3.10/dist-packages/airflow/example_dags/example_task_group.py
[2023-11-28T00:57:26.320+0000] {processor.py:839} INFO - DAG(s) dict_keys(['example_task_group']) retrieved from /usr/local/lib/python3.10/dist-packages/airflow/example_dags/example_task_group.py
[2023-11-28T00:57:26.338+0000] {logging_mixin.py:154} INFO - [2023-11-28T00:57:26.338+0000] {dag.py:2941} INFO - Sync 1 DAGs
[2023-11-28T00:57:26.359+0000] {logging_mixin.py:154} INFO - [2023-11-28T00:57:26.358+0000] {dag.py:3722} INFO - Setting next_dagrun for example_task_group to 2023-11-27T00:57:26.358525+00:00, run_after=2023-11-28T00:57:26.358525+00:00
[2023-11-28T00:57:26.381+0000] {processor.py:179} INFO - Processing /usr/local/lib/python3.10/dist-packages/airflow/example_dags/example_task_group.py took 0.076 seconds
[2023-11-28T00:58:12.862+0000] {processor.py:157} INFO - Started process (PID=5447) to work on /usr/local/lib/python3.10/dist-packages/airflow/example_dags/example_task_group.py
[2023-11-28T00:58:12.864+0000] {processor.py:829} INFO - Processing file /usr/local/lib/python3.10/dist-packages/airflow/example_dags/example_task_group.py for tasks to queue
[2023-11-28T00:58:12.864+0000] {logging_mixin.py:154} INFO - [2023-11-28T00:58:12.864+0000] {dagbag.py:536} INFO - Filling up the DagBag from /usr/local/lib/python3.10/dist-packages/airflow/example_dags/example_task_group.py
[2023-11-28T00:58:12.873+0000] {processor.py:839} INFO - DAG(s) dict_keys(['example_task_group']) retrieved from /usr/local/lib/python3.10/dist-packages/airflow/example_dags/example_task_group.py
[2023-11-28T00:58:12.891+0000] {logging_mixin.py:154} INFO - [2023-11-28T00:58:12.891+0000] {dag.py:2941} INFO - Sync 1 DAGs
[2023-11-28T00:58:12.912+0000] {logging_mixin.py:154} INFO - [2023-11-28T00:58:12.912+0000] {dag.py:3722} INFO - Setting next_dagrun for example_task_group to 2023-11-27T00:58:12.911941+00:00, run_after=2023-11-28T00:58:12.911941+00:00
[2023-11-28T00:58:12.935+0000] {processor.py:179} INFO - Processing /usr/local/lib/python3.10/dist-packages/airflow/example_dags/example_task_group.py took 0.076 seconds
[2023-11-28T00:58:58.690+0000] {processor.py:157} INFO - Started process (PID=5494) to work on /usr/local/lib/python3.10/dist-packages/airflow/example_dags/example_task_group.py
[2023-11-28T00:58:58.692+0000] {processor.py:829} INFO - Processing file /usr/local/lib/python3.10/dist-packages/airflow/example_dags/example_task_group.py for tasks to queue
[2023-11-28T00:58:58.693+0000] {logging_mixin.py:154} INFO - [2023-11-28T00:58:58.692+0000] {dagbag.py:536} INFO - Filling up the DagBag from /usr/local/lib/python3.10/dist-packages/airflow/example_dags/example_task_group.py
[2023-11-28T00:58:58.701+0000] {processor.py:839} INFO - DAG(s) dict_keys(['example_task_group']) retrieved from /usr/local/lib/python3.10/dist-packages/airflow/example_dags/example_task_group.py
[2023-11-28T00:58:58.719+0000] {logging_mixin.py:154} INFO - [2023-11-28T00:58:58.719+0000] {dag.py:2941} INFO - Sync 1 DAGs
[2023-11-28T00:58:58.740+0000] {logging_mixin.py:154} INFO - [2023-11-28T00:58:58.739+0000] {dag.py:3722} INFO - Setting next_dagrun for example_task_group to 2023-11-27T00:58:58.739744+00:00, run_after=2023-11-28T00:58:58.739744+00:00
[2023-11-28T00:58:58.763+0000] {processor.py:179} INFO - Processing /usr/local/lib/python3.10/dist-packages/airflow/example_dags/example_task_group.py took 0.076 seconds
[2023-11-28T00:59:44.605+0000] {processor.py:157} INFO - Started process (PID=5542) to work on /usr/local/lib/python3.10/dist-packages/airflow/example_dags/example_task_group.py
[2023-11-28T00:59:44.606+0000] {processor.py:829} INFO - Processing file /usr/local/lib/python3.10/dist-packages/airflow/example_dags/example_task_group.py for tasks to queue
[2023-11-28T00:59:44.607+0000] {logging_mixin.py:154} INFO - [2023-11-28T00:59:44.607+0000] {dagbag.py:536} INFO - Filling up the DagBag from /usr/local/lib/python3.10/dist-packages/airflow/example_dags/example_task_group.py
[2023-11-28T00:59:44.616+0000] {processor.py:839} INFO - DAG(s) dict_keys(['example_task_group']) retrieved from /usr/local/lib/python3.10/dist-packages/airflow/example_dags/example_task_group.py
[2023-11-28T00:59:44.633+0000] {logging_mixin.py:154} INFO - [2023-11-28T00:59:44.633+0000] {dag.py:2941} INFO - Sync 1 DAGs
[2023-11-28T00:59:44.655+0000] {logging_mixin.py:154} INFO - [2023-11-28T00:59:44.654+0000] {dag.py:3722} INFO - Setting next_dagrun for example_task_group to 2023-11-27T00:59:44.654656+00:00, run_after=2023-11-28T00:59:44.654656+00:00
[2023-11-28T00:59:44.677+0000] {processor.py:179} INFO - Processing /usr/local/lib/python3.10/dist-packages/airflow/example_dags/example_task_group.py took 0.076 seconds
[2023-11-28T01:00:26.946+0000] {processor.py:157} INFO - Started process (PID=5586) to work on /usr/local/lib/python3.10/dist-packages/airflow/example_dags/example_task_group.py
[2023-11-28T01:00:26.948+0000] {processor.py:829} INFO - Processing file /usr/local/lib/python3.10/dist-packages/airflow/example_dags/example_task_group.py for tasks to queue
[2023-11-28T01:00:26.949+0000] {logging_mixin.py:154} INFO - [2023-11-28T01:00:26.948+0000] {dagbag.py:536} INFO - Filling up the DagBag from /usr/local/lib/python3.10/dist-packages/airflow/example_dags/example_task_group.py
[2023-11-28T01:00:26.958+0000] {processor.py:839} INFO - DAG(s) dict_keys(['example_task_group']) retrieved from /usr/local/lib/python3.10/dist-packages/airflow/example_dags/example_task_group.py
[2023-11-28T01:00:26.977+0000] {logging_mixin.py:154} INFO - [2023-11-28T01:00:26.977+0000] {dag.py:2941} INFO - Sync 1 DAGs
[2023-11-28T01:00:27.000+0000] {logging_mixin.py:154} INFO - [2023-11-28T01:00:27.000+0000] {dag.py:3722} INFO - Setting next_dagrun for example_task_group to 2023-11-27T01:00:27.000237+00:00, run_after=2023-11-28T01:00:27.000237+00:00
[2023-11-28T01:00:27.026+0000] {processor.py:179} INFO - Processing /usr/local/lib/python3.10/dist-packages/airflow/example_dags/example_task_group.py took 0.084 seconds
[2023-11-28T01:01:13.507+0000] {processor.py:157} INFO - Started process (PID=5634) to work on /usr/local/lib/python3.10/dist-packages/airflow/example_dags/example_task_group.py
[2023-11-28T01:01:13.509+0000] {processor.py:829} INFO - Processing file /usr/local/lib/python3.10/dist-packages/airflow/example_dags/example_task_group.py for tasks to queue
[2023-11-28T01:01:13.510+0000] {logging_mixin.py:154} INFO - [2023-11-28T01:01:13.509+0000] {dagbag.py:536} INFO - Filling up the DagBag from /usr/local/lib/python3.10/dist-packages/airflow/example_dags/example_task_group.py
[2023-11-28T01:01:13.519+0000] {processor.py:839} INFO - DAG(s) dict_keys(['example_task_group']) retrieved from /usr/local/lib/python3.10/dist-packages/airflow/example_dags/example_task_group.py
[2023-11-28T01:01:13.537+0000] {logging_mixin.py:154} INFO - [2023-11-28T01:01:13.537+0000] {dag.py:2941} INFO - Sync 1 DAGs
[2023-11-28T01:01:13.560+0000] {logging_mixin.py:154} INFO - [2023-11-28T01:01:13.560+0000] {dag.py:3722} INFO - Setting next_dagrun for example_task_group to 2023-11-27T01:01:13.560041+00:00, run_after=2023-11-28T01:01:13.560041+00:00
[2023-11-28T01:01:13.586+0000] {processor.py:179} INFO - Processing /usr/local/lib/python3.10/dist-packages/airflow/example_dags/example_task_group.py took 0.082 seconds
[2023-11-28T01:01:57.547+0000] {processor.py:157} INFO - Started process (PID=5680) to work on /usr/local/lib/python3.10/dist-packages/airflow/example_dags/example_task_group.py
[2023-11-28T01:01:57.548+0000] {processor.py:829} INFO - Processing file /usr/local/lib/python3.10/dist-packages/airflow/example_dags/example_task_group.py for tasks to queue
[2023-11-28T01:01:57.549+0000] {logging_mixin.py:154} INFO - [2023-11-28T01:01:57.549+0000] {dagbag.py:536} INFO - Filling up the DagBag from /usr/local/lib/python3.10/dist-packages/airflow/example_dags/example_task_group.py
[2023-11-28T01:01:57.558+0000] {processor.py:839} INFO - DAG(s) dict_keys(['example_task_group']) retrieved from /usr/local/lib/python3.10/dist-packages/airflow/example_dags/example_task_group.py
[2023-11-28T01:01:57.576+0000] {logging_mixin.py:154} INFO - [2023-11-28T01:01:57.576+0000] {dag.py:2941} INFO - Sync 1 DAGs
[2023-11-28T01:01:57.597+0000] {logging_mixin.py:154} INFO - [2023-11-28T01:01:57.597+0000] {dag.py:3722} INFO - Setting next_dagrun for example_task_group to 2023-11-27T01:01:57.597151+00:00, run_after=2023-11-28T01:01:57.597151+00:00
[2023-11-28T01:01:57.620+0000] {processor.py:179} INFO - Processing /usr/local/lib/python3.10/dist-packages/airflow/example_dags/example_task_group.py took 0.077 seconds
[2023-11-28T01:02:43.246+0000] {processor.py:157} INFO - Started process (PID=5729) to work on /usr/local/lib/python3.10/dist-packages/airflow/example_dags/example_task_group.py
[2023-11-28T01:02:43.248+0000] {processor.py:829} INFO - Processing file /usr/local/lib/python3.10/dist-packages/airflow/example_dags/example_task_group.py for tasks to queue
[2023-11-28T01:02:43.249+0000] {logging_mixin.py:154} INFO - [2023-11-28T01:02:43.248+0000] {dagbag.py:536} INFO - Filling up the DagBag from /usr/local/lib/python3.10/dist-packages/airflow/example_dags/example_task_group.py
[2023-11-28T01:02:43.258+0000] {processor.py:839} INFO - DAG(s) dict_keys(['example_task_group']) retrieved from /usr/local/lib/python3.10/dist-packages/airflow/example_dags/example_task_group.py
[2023-11-28T01:02:43.277+0000] {logging_mixin.py:154} INFO - [2023-11-28T01:02:43.277+0000] {dag.py:2941} INFO - Sync 1 DAGs
[2023-11-28T01:02:43.300+0000] {logging_mixin.py:154} INFO - [2023-11-28T01:02:43.299+0000] {dag.py:3722} INFO - Setting next_dagrun for example_task_group to 2023-11-27T01:02:43.299606+00:00, run_after=2023-11-28T01:02:43.299606+00:00
[2023-11-28T01:02:43.331+0000] {processor.py:179} INFO - Processing /usr/local/lib/python3.10/dist-packages/airflow/example_dags/example_task_group.py took 0.089 seconds
[2023-11-28T01:03:27.542+0000] {processor.py:157} INFO - Started process (PID=5774) to work on /usr/local/lib/python3.10/dist-packages/airflow/example_dags/example_task_group.py
[2023-11-28T01:03:27.545+0000] {processor.py:829} INFO - Processing file /usr/local/lib/python3.10/dist-packages/airflow/example_dags/example_task_group.py for tasks to queue
[2023-11-28T01:03:27.545+0000] {logging_mixin.py:154} INFO - [2023-11-28T01:03:27.545+0000] {dagbag.py:536} INFO - Filling up the DagBag from /usr/local/lib/python3.10/dist-packages/airflow/example_dags/example_task_group.py
[2023-11-28T01:03:27.554+0000] {processor.py:839} INFO - DAG(s) dict_keys(['example_task_group']) retrieved from /usr/local/lib/python3.10/dist-packages/airflow/example_dags/example_task_group.py
[2023-11-28T01:03:27.573+0000] {logging_mixin.py:154} INFO - [2023-11-28T01:03:27.573+0000] {dag.py:2941} INFO - Sync 1 DAGs
[2023-11-28T01:03:27.595+0000] {logging_mixin.py:154} INFO - [2023-11-28T01:03:27.594+0000] {dag.py:3722} INFO - Setting next_dagrun for example_task_group to 2023-11-27T01:03:27.594519+00:00, run_after=2023-11-28T01:03:27.594519+00:00
[2023-11-28T01:03:27.617+0000] {processor.py:179} INFO - Processing /usr/local/lib/python3.10/dist-packages/airflow/example_dags/example_task_group.py took 0.078 seconds
[2023-11-28T01:04:12.154+0000] {processor.py:157} INFO - Started process (PID=5934) to work on /usr/local/lib/python3.10/dist-packages/airflow/example_dags/example_task_group.py
[2023-11-28T01:04:12.156+0000] {processor.py:829} INFO - Processing file /usr/local/lib/python3.10/dist-packages/airflow/example_dags/example_task_group.py for tasks to queue
[2023-11-28T01:04:12.157+0000] {logging_mixin.py:154} INFO - [2023-11-28T01:04:12.156+0000] {dagbag.py:536} INFO - Filling up the DagBag from /usr/local/lib/python3.10/dist-packages/airflow/example_dags/example_task_group.py
[2023-11-28T01:04:12.165+0000] {processor.py:839} INFO - DAG(s) dict_keys(['example_task_group']) retrieved from /usr/local/lib/python3.10/dist-packages/airflow/example_dags/example_task_group.py
[2023-11-28T01:04:12.184+0000] {logging_mixin.py:154} INFO - [2023-11-28T01:04:12.184+0000] {dag.py:2941} INFO - Sync 1 DAGs
[2023-11-28T01:04:12.206+0000] {logging_mixin.py:154} INFO - [2023-11-28T01:04:12.205+0000] {dag.py:3722} INFO - Setting next_dagrun for example_task_group to 2023-11-27T01:04:12.205618+00:00, run_after=2023-11-28T01:04:12.205618+00:00
[2023-11-28T01:04:12.229+0000] {processor.py:179} INFO - Processing /usr/local/lib/python3.10/dist-packages/airflow/example_dags/example_task_group.py took 0.078 seconds
[2023-11-28T01:04:56.066+0000] {processor.py:157} INFO - Started process (PID=5980) to work on /usr/local/lib/python3.10/dist-packages/airflow/example_dags/example_task_group.py
[2023-11-28T01:04:56.067+0000] {processor.py:829} INFO - Processing file /usr/local/lib/python3.10/dist-packages/airflow/example_dags/example_task_group.py for tasks to queue
[2023-11-28T01:04:56.068+0000] {logging_mixin.py:154} INFO - [2023-11-28T01:04:56.067+0000] {dagbag.py:536} INFO - Filling up the DagBag from /usr/local/lib/python3.10/dist-packages/airflow/example_dags/example_task_group.py
[2023-11-28T01:04:56.076+0000] {processor.py:839} INFO - DAG(s) dict_keys(['example_task_group']) retrieved from /usr/local/lib/python3.10/dist-packages/airflow/example_dags/example_task_group.py
[2023-11-28T01:04:56.095+0000] {logging_mixin.py:154} INFO - [2023-11-28T01:04:56.095+0000] {dag.py:2941} INFO - Sync 1 DAGs
[2023-11-28T01:04:56.116+0000] {logging_mixin.py:154} INFO - [2023-11-28T01:04:56.116+0000] {dag.py:3722} INFO - Setting next_dagrun for example_task_group to 2023-11-27T01:04:56.115999+00:00, run_after=2023-11-28T01:04:56.115999+00:00
[2023-11-28T01:04:56.139+0000] {processor.py:179} INFO - Processing /usr/local/lib/python3.10/dist-packages/airflow/example_dags/example_task_group.py took 0.076 seconds
[2023-11-28T01:05:40.120+0000] {processor.py:157} INFO - Started process (PID=6026) to work on /usr/local/lib/python3.10/dist-packages/airflow/example_dags/example_task_group.py
[2023-11-28T01:05:40.122+0000] {processor.py:829} INFO - Processing file /usr/local/lib/python3.10/dist-packages/airflow/example_dags/example_task_group.py for tasks to queue
[2023-11-28T01:05:40.123+0000] {logging_mixin.py:154} INFO - [2023-11-28T01:05:40.122+0000] {dagbag.py:536} INFO - Filling up the DagBag from /usr/local/lib/python3.10/dist-packages/airflow/example_dags/example_task_group.py
[2023-11-28T01:05:40.131+0000] {processor.py:839} INFO - DAG(s) dict_keys(['example_task_group']) retrieved from /usr/local/lib/python3.10/dist-packages/airflow/example_dags/example_task_group.py
[2023-11-28T01:05:40.151+0000] {logging_mixin.py:154} INFO - [2023-11-28T01:05:40.151+0000] {dag.py:2941} INFO - Sync 1 DAGs
[2023-11-28T01:05:40.175+0000] {logging_mixin.py:154} INFO - [2023-11-28T01:05:40.174+0000] {dag.py:3722} INFO - Setting next_dagrun for example_task_group to 2023-11-27T01:05:40.174679+00:00, run_after=2023-11-28T01:05:40.174679+00:00
[2023-11-28T01:05:40.199+0000] {processor.py:179} INFO - Processing /usr/local/lib/python3.10/dist-packages/airflow/example_dags/example_task_group.py took 0.083 seconds
[2023-11-28T01:06:27.589+0000] {processor.py:157} INFO - Started process (PID=6075) to work on /usr/local/lib/python3.10/dist-packages/airflow/example_dags/example_task_group.py
[2023-11-28T01:06:27.592+0000] {processor.py:829} INFO - Processing file /usr/local/lib/python3.10/dist-packages/airflow/example_dags/example_task_group.py for tasks to queue
[2023-11-28T01:06:27.593+0000] {logging_mixin.py:154} INFO - [2023-11-28T01:06:27.593+0000] {dagbag.py:536} INFO - Filling up the DagBag from /usr/local/lib/python3.10/dist-packages/airflow/example_dags/example_task_group.py
[2023-11-28T01:06:27.602+0000] {processor.py:839} INFO - DAG(s) dict_keys(['example_task_group']) retrieved from /usr/local/lib/python3.10/dist-packages/airflow/example_dags/example_task_group.py
[2023-11-28T01:06:27.620+0000] {logging_mixin.py:154} INFO - [2023-11-28T01:06:27.620+0000] {dag.py:2941} INFO - Sync 1 DAGs
[2023-11-28T01:06:27.641+0000] {logging_mixin.py:154} INFO - [2023-11-28T01:06:27.641+0000] {dag.py:3722} INFO - Setting next_dagrun for example_task_group to 2023-11-27T01:06:27.640961+00:00, run_after=2023-11-28T01:06:27.640961+00:00
[2023-11-28T01:06:27.664+0000] {processor.py:179} INFO - Processing /usr/local/lib/python3.10/dist-packages/airflow/example_dags/example_task_group.py took 0.079 seconds
[2023-11-28T01:07:13.452+0000] {processor.py:157} INFO - Started process (PID=6121) to work on /usr/local/lib/python3.10/dist-packages/airflow/example_dags/example_task_group.py
[2023-11-28T01:07:13.453+0000] {processor.py:829} INFO - Processing file /usr/local/lib/python3.10/dist-packages/airflow/example_dags/example_task_group.py for tasks to queue
[2023-11-28T01:07:13.454+0000] {logging_mixin.py:154} INFO - [2023-11-28T01:07:13.454+0000] {dagbag.py:536} INFO - Filling up the DagBag from /usr/local/lib/python3.10/dist-packages/airflow/example_dags/example_task_group.py
[2023-11-28T01:07:13.463+0000] {processor.py:839} INFO - DAG(s) dict_keys(['example_task_group']) retrieved from /usr/local/lib/python3.10/dist-packages/airflow/example_dags/example_task_group.py
[2023-11-28T01:07:13.482+0000] {logging_mixin.py:154} INFO - [2023-11-28T01:07:13.482+0000] {dag.py:2941} INFO - Sync 1 DAGs
[2023-11-28T01:07:13.505+0000] {logging_mixin.py:154} INFO - [2023-11-28T01:07:13.505+0000] {dag.py:3722} INFO - Setting next_dagrun for example_task_group to 2023-11-27T01:07:13.505394+00:00, run_after=2023-11-28T01:07:13.505394+00:00
[2023-11-28T01:07:13.530+0000] {processor.py:179} INFO - Processing /usr/local/lib/python3.10/dist-packages/airflow/example_dags/example_task_group.py took 0.081 seconds
[2023-11-28T01:08:02.461+0000] {processor.py:157} INFO - Started process (PID=6171) to work on /usr/local/lib/python3.10/dist-packages/airflow/example_dags/example_task_group.py
[2023-11-28T01:08:02.463+0000] {processor.py:829} INFO - Processing file /usr/local/lib/python3.10/dist-packages/airflow/example_dags/example_task_group.py for tasks to queue
[2023-11-28T01:08:02.464+0000] {logging_mixin.py:154} INFO - [2023-11-28T01:08:02.464+0000] {dagbag.py:536} INFO - Filling up the DagBag from /usr/local/lib/python3.10/dist-packages/airflow/example_dags/example_task_group.py
[2023-11-28T01:08:02.472+0000] {processor.py:839} INFO - DAG(s) dict_keys(['example_task_group']) retrieved from /usr/local/lib/python3.10/dist-packages/airflow/example_dags/example_task_group.py
[2023-11-28T01:08:02.491+0000] {logging_mixin.py:154} INFO - [2023-11-28T01:08:02.490+0000] {dag.py:2941} INFO - Sync 1 DAGs
[2023-11-28T01:08:02.511+0000] {logging_mixin.py:154} INFO - [2023-11-28T01:08:02.511+0000] {dag.py:3722} INFO - Setting next_dagrun for example_task_group to 2023-11-27T01:08:02.511169+00:00, run_after=2023-11-28T01:08:02.511169+00:00
[2023-11-28T01:08:02.535+0000] {processor.py:179} INFO - Processing /usr/local/lib/python3.10/dist-packages/airflow/example_dags/example_task_group.py took 0.077 seconds
[2023-11-28T01:08:49.117+0000] {processor.py:157} INFO - Started process (PID=6221) to work on /usr/local/lib/python3.10/dist-packages/airflow/example_dags/example_task_group.py
[2023-11-28T01:08:49.118+0000] {processor.py:829} INFO - Processing file /usr/local/lib/python3.10/dist-packages/airflow/example_dags/example_task_group.py for tasks to queue
[2023-11-28T01:08:49.119+0000] {logging_mixin.py:154} INFO - [2023-11-28T01:08:49.119+0000] {dagbag.py:536} INFO - Filling up the DagBag from /usr/local/lib/python3.10/dist-packages/airflow/example_dags/example_task_group.py
[2023-11-28T01:08:49.128+0000] {processor.py:839} INFO - DAG(s) dict_keys(['example_task_group']) retrieved from /usr/local/lib/python3.10/dist-packages/airflow/example_dags/example_task_group.py
[2023-11-28T01:08:49.147+0000] {logging_mixin.py:154} INFO - [2023-11-28T01:08:49.147+0000] {dag.py:2941} INFO - Sync 1 DAGs
[2023-11-28T01:08:49.170+0000] {logging_mixin.py:154} INFO - [2023-11-28T01:08:49.170+0000] {dag.py:3722} INFO - Setting next_dagrun for example_task_group to 2023-11-27T01:08:49.169783+00:00, run_after=2023-11-28T01:08:49.169783+00:00
[2023-11-28T01:08:49.197+0000] {processor.py:179} INFO - Processing /usr/local/lib/python3.10/dist-packages/airflow/example_dags/example_task_group.py took 0.083 seconds
[2023-11-28T01:09:30.743+0000] {processor.py:157} INFO - Started process (PID=6266) to work on /usr/local/lib/python3.10/dist-packages/airflow/example_dags/example_task_group.py
[2023-11-28T01:09:30.744+0000] {processor.py:829} INFO - Processing file /usr/local/lib/python3.10/dist-packages/airflow/example_dags/example_task_group.py for tasks to queue
[2023-11-28T01:09:30.745+0000] {logging_mixin.py:154} INFO - [2023-11-28T01:09:30.745+0000] {dagbag.py:536} INFO - Filling up the DagBag from /usr/local/lib/python3.10/dist-packages/airflow/example_dags/example_task_group.py
[2023-11-28T01:09:30.754+0000] {processor.py:839} INFO - DAG(s) dict_keys(['example_task_group']) retrieved from /usr/local/lib/python3.10/dist-packages/airflow/example_dags/example_task_group.py
[2023-11-28T01:09:30.772+0000] {logging_mixin.py:154} INFO - [2023-11-28T01:09:30.772+0000] {dag.py:2941} INFO - Sync 1 DAGs
[2023-11-28T01:09:30.793+0000] {logging_mixin.py:154} INFO - [2023-11-28T01:09:30.793+0000] {dag.py:3722} INFO - Setting next_dagrun for example_task_group to 2023-11-27T01:09:30.792855+00:00, run_after=2023-11-28T01:09:30.792855+00:00
[2023-11-28T01:09:30.817+0000] {processor.py:179} INFO - Processing /usr/local/lib/python3.10/dist-packages/airflow/example_dags/example_task_group.py took 0.078 seconds
[2023-11-28T01:10:17.196+0000] {processor.py:157} INFO - Started process (PID=6314) to work on /usr/local/lib/python3.10/dist-packages/airflow/example_dags/example_task_group.py
[2023-11-28T01:10:17.197+0000] {processor.py:829} INFO - Processing file /usr/local/lib/python3.10/dist-packages/airflow/example_dags/example_task_group.py for tasks to queue
[2023-11-28T01:10:17.198+0000] {logging_mixin.py:154} INFO - [2023-11-28T01:10:17.197+0000] {dagbag.py:536} INFO - Filling up the DagBag from /usr/local/lib/python3.10/dist-packages/airflow/example_dags/example_task_group.py
[2023-11-28T01:10:17.207+0000] {processor.py:839} INFO - DAG(s) dict_keys(['example_task_group']) retrieved from /usr/local/lib/python3.10/dist-packages/airflow/example_dags/example_task_group.py
[2023-11-28T01:10:17.226+0000] {logging_mixin.py:154} INFO - [2023-11-28T01:10:17.225+0000] {dag.py:2941} INFO - Sync 1 DAGs
[2023-11-28T01:10:17.246+0000] {logging_mixin.py:154} INFO - [2023-11-28T01:10:17.246+0000] {dag.py:3722} INFO - Setting next_dagrun for example_task_group to 2023-11-27T01:10:17.246479+00:00, run_after=2023-11-28T01:10:17.246479+00:00
[2023-11-28T01:10:17.270+0000] {processor.py:179} INFO - Processing /usr/local/lib/python3.10/dist-packages/airflow/example_dags/example_task_group.py took 0.078 seconds
[2023-11-28T01:11:04.809+0000] {processor.py:157} INFO - Started process (PID=6362) to work on /usr/local/lib/python3.10/dist-packages/airflow/example_dags/example_task_group.py
[2023-11-28T01:11:04.811+0000] {processor.py:829} INFO - Processing file /usr/local/lib/python3.10/dist-packages/airflow/example_dags/example_task_group.py for tasks to queue
[2023-11-28T01:11:04.811+0000] {logging_mixin.py:154} INFO - [2023-11-28T01:11:04.811+0000] {dagbag.py:536} INFO - Filling up the DagBag from /usr/local/lib/python3.10/dist-packages/airflow/example_dags/example_task_group.py
[2023-11-28T01:11:04.820+0000] {processor.py:839} INFO - DAG(s) dict_keys(['example_task_group']) retrieved from /usr/local/lib/python3.10/dist-packages/airflow/example_dags/example_task_group.py
[2023-11-28T01:11:04.839+0000] {logging_mixin.py:154} INFO - [2023-11-28T01:11:04.839+0000] {dag.py:2941} INFO - Sync 1 DAGs
[2023-11-28T01:11:04.860+0000] {logging_mixin.py:154} INFO - [2023-11-28T01:11:04.860+0000] {dag.py:3722} INFO - Setting next_dagrun for example_task_group to 2023-11-27T01:11:04.859908+00:00, run_after=2023-11-28T01:11:04.859908+00:00
[2023-11-28T01:11:04.883+0000] {processor.py:179} INFO - Processing /usr/local/lib/python3.10/dist-packages/airflow/example_dags/example_task_group.py took 0.077 seconds
[2023-11-28T01:11:49.929+0000] {processor.py:157} INFO - Started process (PID=6409) to work on /usr/local/lib/python3.10/dist-packages/airflow/example_dags/example_task_group.py
[2023-11-28T01:11:49.931+0000] {processor.py:829} INFO - Processing file /usr/local/lib/python3.10/dist-packages/airflow/example_dags/example_task_group.py for tasks to queue
[2023-11-28T01:11:49.932+0000] {logging_mixin.py:154} INFO - [2023-11-28T01:11:49.931+0000] {dagbag.py:536} INFO - Filling up the DagBag from /usr/local/lib/python3.10/dist-packages/airflow/example_dags/example_task_group.py
[2023-11-28T01:11:49.941+0000] {processor.py:839} INFO - DAG(s) dict_keys(['example_task_group']) retrieved from /usr/local/lib/python3.10/dist-packages/airflow/example_dags/example_task_group.py
[2023-11-28T01:11:49.961+0000] {logging_mixin.py:154} INFO - [2023-11-28T01:11:49.960+0000] {dag.py:2941} INFO - Sync 1 DAGs
[2023-11-28T01:11:49.983+0000] {logging_mixin.py:154} INFO - [2023-11-28T01:11:49.983+0000] {dag.py:3722} INFO - Setting next_dagrun for example_task_group to 2023-11-27T01:11:49.983095+00:00, run_after=2023-11-28T01:11:49.983095+00:00
[2023-11-28T01:11:50.011+0000] {processor.py:179} INFO - Processing /usr/local/lib/python3.10/dist-packages/airflow/example_dags/example_task_group.py took 0.085 seconds
[2023-11-28T01:12:36.191+0000] {processor.py:157} INFO - Started process (PID=6457) to work on /usr/local/lib/python3.10/dist-packages/airflow/example_dags/example_task_group.py
[2023-11-28T01:12:36.192+0000] {processor.py:829} INFO - Processing file /usr/local/lib/python3.10/dist-packages/airflow/example_dags/example_task_group.py for tasks to queue
[2023-11-28T01:12:36.193+0000] {logging_mixin.py:154} INFO - [2023-11-28T01:12:36.193+0000] {dagbag.py:536} INFO - Filling up the DagBag from /usr/local/lib/python3.10/dist-packages/airflow/example_dags/example_task_group.py
[2023-11-28T01:12:36.202+0000] {processor.py:839} INFO - DAG(s) dict_keys(['example_task_group']) retrieved from /usr/local/lib/python3.10/dist-packages/airflow/example_dags/example_task_group.py
[2023-11-28T01:12:36.220+0000] {logging_mixin.py:154} INFO - [2023-11-28T01:12:36.220+0000] {dag.py:2941} INFO - Sync 1 DAGs
[2023-11-28T01:12:36.242+0000] {logging_mixin.py:154} INFO - [2023-11-28T01:12:36.241+0000] {dag.py:3722} INFO - Setting next_dagrun for example_task_group to 2023-11-27T01:12:36.241542+00:00, run_after=2023-11-28T01:12:36.241542+00:00
[2023-11-28T01:12:36.265+0000] {processor.py:179} INFO - Processing /usr/local/lib/python3.10/dist-packages/airflow/example_dags/example_task_group.py took 0.077 seconds
[2023-11-28T01:13:18.402+0000] {processor.py:157} INFO - Started process (PID=6501) to work on /usr/local/lib/python3.10/dist-packages/airflow/example_dags/example_task_group.py
[2023-11-28T01:13:18.403+0000] {processor.py:829} INFO - Processing file /usr/local/lib/python3.10/dist-packages/airflow/example_dags/example_task_group.py for tasks to queue
[2023-11-28T01:13:18.404+0000] {logging_mixin.py:154} INFO - [2023-11-28T01:13:18.404+0000] {dagbag.py:536} INFO - Filling up the DagBag from /usr/local/lib/python3.10/dist-packages/airflow/example_dags/example_task_group.py
[2023-11-28T01:13:18.413+0000] {processor.py:839} INFO - DAG(s) dict_keys(['example_task_group']) retrieved from /usr/local/lib/python3.10/dist-packages/airflow/example_dags/example_task_group.py
[2023-11-28T01:13:18.432+0000] {logging_mixin.py:154} INFO - [2023-11-28T01:13:18.431+0000] {dag.py:2941} INFO - Sync 1 DAGs
[2023-11-28T01:13:18.452+0000] {logging_mixin.py:154} INFO - [2023-11-28T01:13:18.452+0000] {dag.py:3722} INFO - Setting next_dagrun for example_task_group to 2023-11-27T01:13:18.452141+00:00, run_after=2023-11-28T01:13:18.452141+00:00
[2023-11-28T01:13:18.475+0000] {processor.py:179} INFO - Processing /usr/local/lib/python3.10/dist-packages/airflow/example_dags/example_task_group.py took 0.077 seconds
[2023-11-28T01:14:06.478+0000] {processor.py:157} INFO - Started process (PID=6549) to work on /usr/local/lib/python3.10/dist-packages/airflow/example_dags/example_task_group.py
[2023-11-28T01:14:06.479+0000] {processor.py:829} INFO - Processing file /usr/local/lib/python3.10/dist-packages/airflow/example_dags/example_task_group.py for tasks to queue
[2023-11-28T01:14:06.480+0000] {logging_mixin.py:154} INFO - [2023-11-28T01:14:06.479+0000] {dagbag.py:536} INFO - Filling up the DagBag from /usr/local/lib/python3.10/dist-packages/airflow/example_dags/example_task_group.py
[2023-11-28T01:14:06.489+0000] {processor.py:839} INFO - DAG(s) dict_keys(['example_task_group']) retrieved from /usr/local/lib/python3.10/dist-packages/airflow/example_dags/example_task_group.py
[2023-11-28T01:14:06.509+0000] {logging_mixin.py:154} INFO - [2023-11-28T01:14:06.509+0000] {dag.py:2941} INFO - Sync 1 DAGs
[2023-11-28T01:14:06.532+0000] {logging_mixin.py:154} INFO - [2023-11-28T01:14:06.532+0000] {dag.py:3722} INFO - Setting next_dagrun for example_task_group to 2023-11-27T01:14:06.531904+00:00, run_after=2023-11-28T01:14:06.531904+00:00
[2023-11-28T01:14:06.556+0000] {processor.py:179} INFO - Processing /usr/local/lib/python3.10/dist-packages/airflow/example_dags/example_task_group.py took 0.082 seconds
[2023-11-28T01:15:11.841+0000] {processor.py:157} INFO - Started process (PID=6625) to work on /usr/local/lib/python3.10/dist-packages/airflow/example_dags/example_task_group.py
[2023-11-28T01:15:11.843+0000] {processor.py:829} INFO - Processing file /usr/local/lib/python3.10/dist-packages/airflow/example_dags/example_task_group.py for tasks to queue
[2023-11-28T01:15:11.844+0000] {logging_mixin.py:154} INFO - [2023-11-28T01:15:11.843+0000] {dagbag.py:536} INFO - Filling up the DagBag from /usr/local/lib/python3.10/dist-packages/airflow/example_dags/example_task_group.py
[2023-11-28T01:15:11.855+0000] {processor.py:839} INFO - DAG(s) dict_keys(['example_task_group']) retrieved from /usr/local/lib/python3.10/dist-packages/airflow/example_dags/example_task_group.py
[2023-11-28T01:15:11.863+0000] {logging_mixin.py:154} INFO - [2023-11-28T01:15:11.863+0000] {dag.py:2941} INFO - Sync 1 DAGs
[2023-11-28T01:15:11.886+0000] {logging_mixin.py:154} INFO - [2023-11-28T01:15:11.886+0000] {dag.py:3722} INFO - Setting next_dagrun for example_task_group to 2023-11-27T01:15:11.885921+00:00, run_after=2023-11-28T01:15:11.885921+00:00
[2023-11-28T01:15:11.914+0000] {processor.py:179} INFO - Processing /usr/local/lib/python3.10/dist-packages/airflow/example_dags/example_task_group.py took 0.076 seconds
[2023-11-28T01:15:54.679+0000] {processor.py:157} INFO - Started process (PID=6672) to work on /usr/local/lib/python3.10/dist-packages/airflow/example_dags/example_task_group.py
[2023-11-28T01:15:54.680+0000] {processor.py:829} INFO - Processing file /usr/local/lib/python3.10/dist-packages/airflow/example_dags/example_task_group.py for tasks to queue
[2023-11-28T01:15:54.681+0000] {logging_mixin.py:154} INFO - [2023-11-28T01:15:54.681+0000] {dagbag.py:536} INFO - Filling up the DagBag from /usr/local/lib/python3.10/dist-packages/airflow/example_dags/example_task_group.py
[2023-11-28T01:15:54.690+0000] {processor.py:839} INFO - DAG(s) dict_keys(['example_task_group']) retrieved from /usr/local/lib/python3.10/dist-packages/airflow/example_dags/example_task_group.py
[2023-11-28T01:15:54.708+0000] {logging_mixin.py:154} INFO - [2023-11-28T01:15:54.708+0000] {dag.py:2941} INFO - Sync 1 DAGs
[2023-11-28T01:15:54.729+0000] {logging_mixin.py:154} INFO - [2023-11-28T01:15:54.729+0000] {dag.py:3722} INFO - Setting next_dagrun for example_task_group to 2023-11-27T01:15:54.728939+00:00, run_after=2023-11-28T01:15:54.728939+00:00
[2023-11-28T01:15:54.752+0000] {processor.py:179} INFO - Processing /usr/local/lib/python3.10/dist-packages/airflow/example_dags/example_task_group.py took 0.076 seconds
[2023-11-28T01:16:41.221+0000] {processor.py:157} INFO - Started process (PID=6718) to work on /usr/local/lib/python3.10/dist-packages/airflow/example_dags/example_task_group.py
[2023-11-28T01:16:41.222+0000] {processor.py:829} INFO - Processing file /usr/local/lib/python3.10/dist-packages/airflow/example_dags/example_task_group.py for tasks to queue
[2023-11-28T01:16:41.223+0000] {logging_mixin.py:154} INFO - [2023-11-28T01:16:41.223+0000] {dagbag.py:536} INFO - Filling up the DagBag from /usr/local/lib/python3.10/dist-packages/airflow/example_dags/example_task_group.py
[2023-11-28T01:16:41.232+0000] {processor.py:839} INFO - DAG(s) dict_keys(['example_task_group']) retrieved from /usr/local/lib/python3.10/dist-packages/airflow/example_dags/example_task_group.py
[2023-11-28T01:16:41.251+0000] {logging_mixin.py:154} INFO - [2023-11-28T01:16:41.251+0000] {dag.py:2941} INFO - Sync 1 DAGs
[2023-11-28T01:16:41.273+0000] {logging_mixin.py:154} INFO - [2023-11-28T01:16:41.273+0000] {dag.py:3722} INFO - Setting next_dagrun for example_task_group to 2023-11-27T01:16:41.273429+00:00, run_after=2023-11-28T01:16:41.273429+00:00
[2023-11-28T01:16:41.300+0000] {processor.py:179} INFO - Processing /usr/local/lib/python3.10/dist-packages/airflow/example_dags/example_task_group.py took 0.083 seconds
[2023-11-28T01:17:28.810+0000] {processor.py:157} INFO - Started process (PID=6774) to work on /usr/local/lib/python3.10/dist-packages/airflow/example_dags/example_task_group.py
[2023-11-28T01:17:28.812+0000] {processor.py:829} INFO - Processing file /usr/local/lib/python3.10/dist-packages/airflow/example_dags/example_task_group.py for tasks to queue
[2023-11-28T01:17:28.813+0000] {logging_mixin.py:154} INFO - [2023-11-28T01:17:28.812+0000] {dagbag.py:536} INFO - Filling up the DagBag from /usr/local/lib/python3.10/dist-packages/airflow/example_dags/example_task_group.py
[2023-11-28T01:17:28.822+0000] {processor.py:839} INFO - DAG(s) dict_keys(['example_task_group']) retrieved from /usr/local/lib/python3.10/dist-packages/airflow/example_dags/example_task_group.py
[2023-11-28T01:17:28.840+0000] {logging_mixin.py:154} INFO - [2023-11-28T01:17:28.840+0000] {dag.py:2941} INFO - Sync 1 DAGs
[2023-11-28T01:17:28.860+0000] {logging_mixin.py:154} INFO - [2023-11-28T01:17:28.860+0000] {dag.py:3722} INFO - Setting next_dagrun for example_task_group to 2023-11-27T01:17:28.860493+00:00, run_after=2023-11-28T01:17:28.860493+00:00
[2023-11-28T01:17:28.883+0000] {processor.py:179} INFO - Processing /usr/local/lib/python3.10/dist-packages/airflow/example_dags/example_task_group.py took 0.076 seconds
[2023-11-28T01:18:11.368+0000] {processor.py:157} INFO - Started process (PID=6819) to work on /usr/local/lib/python3.10/dist-packages/airflow/example_dags/example_task_group.py
[2023-11-28T01:18:11.369+0000] {processor.py:829} INFO - Processing file /usr/local/lib/python3.10/dist-packages/airflow/example_dags/example_task_group.py for tasks to queue
[2023-11-28T01:18:11.370+0000] {logging_mixin.py:154} INFO - [2023-11-28T01:18:11.370+0000] {dagbag.py:536} INFO - Filling up the DagBag from /usr/local/lib/python3.10/dist-packages/airflow/example_dags/example_task_group.py
[2023-11-28T01:18:11.379+0000] {processor.py:839} INFO - DAG(s) dict_keys(['example_task_group']) retrieved from /usr/local/lib/python3.10/dist-packages/airflow/example_dags/example_task_group.py
[2023-11-28T01:18:11.398+0000] {logging_mixin.py:154} INFO - [2023-11-28T01:18:11.398+0000] {dag.py:2941} INFO - Sync 1 DAGs
[2023-11-28T01:18:11.419+0000] {logging_mixin.py:154} INFO - [2023-11-28T01:18:11.419+0000] {dag.py:3722} INFO - Setting next_dagrun for example_task_group to 2023-11-27T01:18:11.419210+00:00, run_after=2023-11-28T01:18:11.419210+00:00
[2023-11-28T01:18:11.442+0000] {processor.py:179} INFO - Processing /usr/local/lib/python3.10/dist-packages/airflow/example_dags/example_task_group.py took 0.078 seconds
[2023-11-28T01:18:54.197+0000] {processor.py:157} INFO - Started process (PID=6863) to work on /usr/local/lib/python3.10/dist-packages/airflow/example_dags/example_task_group.py
[2023-11-28T01:18:54.199+0000] {processor.py:829} INFO - Processing file /usr/local/lib/python3.10/dist-packages/airflow/example_dags/example_task_group.py for tasks to queue
[2023-11-28T01:18:54.200+0000] {logging_mixin.py:154} INFO - [2023-11-28T01:18:54.199+0000] {dagbag.py:536} INFO - Filling up the DagBag from /usr/local/lib/python3.10/dist-packages/airflow/example_dags/example_task_group.py
[2023-11-28T01:18:54.208+0000] {processor.py:839} INFO - DAG(s) dict_keys(['example_task_group']) retrieved from /usr/local/lib/python3.10/dist-packages/airflow/example_dags/example_task_group.py
[2023-11-28T01:18:54.227+0000] {logging_mixin.py:154} INFO - [2023-11-28T01:18:54.227+0000] {dag.py:2941} INFO - Sync 1 DAGs
[2023-11-28T01:18:54.247+0000] {logging_mixin.py:154} INFO - [2023-11-28T01:18:54.247+0000] {dag.py:3722} INFO - Setting next_dagrun for example_task_group to 2023-11-27T01:18:54.247327+00:00, run_after=2023-11-28T01:18:54.247327+00:00
[2023-11-28T01:18:54.271+0000] {processor.py:179} INFO - Processing /usr/local/lib/python3.10/dist-packages/airflow/example_dags/example_task_group.py took 0.077 seconds
[2023-11-28T01:19:38.516+0000] {processor.py:157} INFO - Started process (PID=7028) to work on /usr/local/lib/python3.10/dist-packages/airflow/example_dags/example_task_group.py
[2023-11-28T01:19:38.517+0000] {processor.py:829} INFO - Processing file /usr/local/lib/python3.10/dist-packages/airflow/example_dags/example_task_group.py for tasks to queue
[2023-11-28T01:19:38.518+0000] {logging_mixin.py:154} INFO - [2023-11-28T01:19:38.517+0000] {dagbag.py:536} INFO - Filling up the DagBag from /usr/local/lib/python3.10/dist-packages/airflow/example_dags/example_task_group.py
[2023-11-28T01:19:38.526+0000] {processor.py:839} INFO - DAG(s) dict_keys(['example_task_group']) retrieved from /usr/local/lib/python3.10/dist-packages/airflow/example_dags/example_task_group.py
[2023-11-28T01:19:38.545+0000] {logging_mixin.py:154} INFO - [2023-11-28T01:19:38.544+0000] {dag.py:2941} INFO - Sync 1 DAGs
[2023-11-28T01:19:38.565+0000] {logging_mixin.py:154} INFO - [2023-11-28T01:19:38.565+0000] {dag.py:3722} INFO - Setting next_dagrun for example_task_group to 2023-11-27T01:19:38.565106+00:00, run_after=2023-11-28T01:19:38.565106+00:00
[2023-11-28T01:19:38.587+0000] {processor.py:179} INFO - Processing /usr/local/lib/python3.10/dist-packages/airflow/example_dags/example_task_group.py took 0.074 seconds
