[2023-11-28T00:44:59.296+0000] {processor.py:157} INFO - Started process (PID=3451) to work on /usr/local/lib/python3.10/dist-packages/airflow/example_dags/example_branch_operator_decorator.py
[2023-11-28T00:44:59.297+0000] {processor.py:829} INFO - Processing file /usr/local/lib/python3.10/dist-packages/airflow/example_dags/example_branch_operator_decorator.py for tasks to queue
[2023-11-28T00:44:59.297+0000] {logging_mixin.py:154} INFO - [2023-11-28T00:44:59.297+0000] {dagbag.py:536} INFO - Filling up the DagBag from /usr/local/lib/python3.10/dist-packages/airflow/example_dags/example_branch_operator_decorator.py
[2023-11-28T00:44:59.309+0000] {processor.py:839} INFO - DAG(s) dict_keys(['example_branch_python_operator_decorator']) retrieved from /usr/local/lib/python3.10/dist-packages/airflow/example_dags/example_branch_operator_decorator.py
[2023-11-28T00:44:59.424+0000] {logging_mixin.py:154} INFO - [2023-11-28T00:44:59.424+0000] {manager.py:499} INFO - Created Permission View: %s
[2023-11-28T00:44:59.438+0000] {logging_mixin.py:154} INFO - [2023-11-28T00:44:59.437+0000] {manager.py:499} INFO - Created Permission View: %s
[2023-11-28T00:44:59.448+0000] {logging_mixin.py:154} INFO - [2023-11-28T00:44:59.447+0000] {manager.py:499} INFO - Created Permission View: %s
[2023-11-28T00:44:59.448+0000] {logging_mixin.py:154} INFO - [2023-11-28T00:44:59.448+0000] {dag.py:2941} INFO - Sync 1 DAGs
[2023-11-28T00:44:59.460+0000] {logging_mixin.py:154} INFO - [2023-11-28T00:44:59.459+0000] {dag.py:2963} INFO - Creating ORM DAG for example_branch_python_operator_decorator
[2023-11-28T00:44:59.471+0000] {logging_mixin.py:154} INFO - [2023-11-28T00:44:59.471+0000] {dag.py:3722} INFO - Setting next_dagrun for example_branch_python_operator_decorator to 2023-11-27T00:00:00+00:00, run_after=2023-11-28T00:00:00+00:00
[2023-11-28T00:44:59.495+0000] {processor.py:179} INFO - Processing /usr/local/lib/python3.10/dist-packages/airflow/example_dags/example_branch_operator_decorator.py took 0.203 seconds
[2023-11-28T00:45:47.250+0000] {processor.py:157} INFO - Started process (PID=3573) to work on /usr/local/lib/python3.10/dist-packages/airflow/example_dags/example_branch_operator_decorator.py
[2023-11-28T00:45:47.251+0000] {processor.py:829} INFO - Processing file /usr/local/lib/python3.10/dist-packages/airflow/example_dags/example_branch_operator_decorator.py for tasks to queue
[2023-11-28T00:45:47.252+0000] {logging_mixin.py:154} INFO - [2023-11-28T00:45:47.252+0000] {dagbag.py:536} INFO - Filling up the DagBag from /usr/local/lib/python3.10/dist-packages/airflow/example_dags/example_branch_operator_decorator.py
[2023-11-28T00:45:47.264+0000] {processor.py:839} INFO - DAG(s) dict_keys(['example_branch_python_operator_decorator']) retrieved from /usr/local/lib/python3.10/dist-packages/airflow/example_dags/example_branch_operator_decorator.py
[2023-11-28T00:45:47.284+0000] {logging_mixin.py:154} INFO - [2023-11-28T00:45:47.284+0000] {dag.py:2941} INFO - Sync 1 DAGs
[2023-11-28T00:45:47.307+0000] {logging_mixin.py:154} INFO - [2023-11-28T00:45:47.307+0000] {dag.py:3722} INFO - Setting next_dagrun for example_branch_python_operator_decorator to 2023-11-27T00:00:00+00:00, run_after=2023-11-28T00:00:00+00:00
[2023-11-28T00:45:47.362+0000] {processor.py:179} INFO - Processing /usr/local/lib/python3.10/dist-packages/airflow/example_dags/example_branch_operator_decorator.py took 0.115 seconds
[2023-11-28T00:46:29.635+0000] {processor.py:157} INFO - Started process (PID=3619) to work on /usr/local/lib/python3.10/dist-packages/airflow/example_dags/example_branch_operator_decorator.py
[2023-11-28T00:46:29.636+0000] {processor.py:829} INFO - Processing file /usr/local/lib/python3.10/dist-packages/airflow/example_dags/example_branch_operator_decorator.py for tasks to queue
[2023-11-28T00:46:29.637+0000] {logging_mixin.py:154} INFO - [2023-11-28T00:46:29.637+0000] {dagbag.py:536} INFO - Filling up the DagBag from /usr/local/lib/python3.10/dist-packages/airflow/example_dags/example_branch_operator_decorator.py
[2023-11-28T00:46:29.648+0000] {processor.py:839} INFO - DAG(s) dict_keys(['example_branch_python_operator_decorator']) retrieved from /usr/local/lib/python3.10/dist-packages/airflow/example_dags/example_branch_operator_decorator.py
[2023-11-28T00:46:29.667+0000] {logging_mixin.py:154} INFO - [2023-11-28T00:46:29.667+0000] {dag.py:2941} INFO - Sync 1 DAGs
[2023-11-28T00:46:29.689+0000] {logging_mixin.py:154} INFO - [2023-11-28T00:46:29.689+0000] {dag.py:3722} INFO - Setting next_dagrun for example_branch_python_operator_decorator to 2023-11-27T00:00:00+00:00, run_after=2023-11-28T00:00:00+00:00
[2023-11-28T00:46:29.710+0000] {processor.py:179} INFO - Processing /usr/local/lib/python3.10/dist-packages/airflow/example_dags/example_branch_operator_decorator.py took 0.078 seconds
[2023-11-28T00:47:14.905+0000] {processor.py:157} INFO - Started process (PID=3668) to work on /usr/local/lib/python3.10/dist-packages/airflow/example_dags/example_branch_operator_decorator.py
[2023-11-28T00:47:14.906+0000] {processor.py:829} INFO - Processing file /usr/local/lib/python3.10/dist-packages/airflow/example_dags/example_branch_operator_decorator.py for tasks to queue
[2023-11-28T00:47:14.907+0000] {logging_mixin.py:154} INFO - [2023-11-28T00:47:14.907+0000] {dagbag.py:536} INFO - Filling up the DagBag from /usr/local/lib/python3.10/dist-packages/airflow/example_dags/example_branch_operator_decorator.py
[2023-11-28T00:47:14.919+0000] {processor.py:839} INFO - DAG(s) dict_keys(['example_branch_python_operator_decorator']) retrieved from /usr/local/lib/python3.10/dist-packages/airflow/example_dags/example_branch_operator_decorator.py
[2023-11-28T00:47:14.939+0000] {logging_mixin.py:154} INFO - [2023-11-28T00:47:14.938+0000] {dag.py:2941} INFO - Sync 1 DAGs
[2023-11-28T00:47:14.962+0000] {logging_mixin.py:154} INFO - [2023-11-28T00:47:14.962+0000] {dag.py:3722} INFO - Setting next_dagrun for example_branch_python_operator_decorator to 2023-11-27T00:00:00+00:00, run_after=2023-11-28T00:00:00+00:00
[2023-11-28T00:47:14.985+0000] {processor.py:179} INFO - Processing /usr/local/lib/python3.10/dist-packages/airflow/example_dags/example_branch_operator_decorator.py took 0.084 seconds
[2023-11-28T00:47:59.354+0000] {processor.py:157} INFO - Started process (PID=3716) to work on /usr/local/lib/python3.10/dist-packages/airflow/example_dags/example_branch_operator_decorator.py
[2023-11-28T00:47:59.356+0000] {processor.py:829} INFO - Processing file /usr/local/lib/python3.10/dist-packages/airflow/example_dags/example_branch_operator_decorator.py for tasks to queue
[2023-11-28T00:47:59.356+0000] {logging_mixin.py:154} INFO - [2023-11-28T00:47:59.356+0000] {dagbag.py:536} INFO - Filling up the DagBag from /usr/local/lib/python3.10/dist-packages/airflow/example_dags/example_branch_operator_decorator.py
[2023-11-28T00:47:59.368+0000] {processor.py:839} INFO - DAG(s) dict_keys(['example_branch_python_operator_decorator']) retrieved from /usr/local/lib/python3.10/dist-packages/airflow/example_dags/example_branch_operator_decorator.py
[2023-11-28T00:47:59.387+0000] {logging_mixin.py:154} INFO - [2023-11-28T00:47:59.386+0000] {dag.py:2941} INFO - Sync 1 DAGs
[2023-11-28T00:47:59.411+0000] {logging_mixin.py:154} INFO - [2023-11-28T00:47:59.410+0000] {dag.py:3722} INFO - Setting next_dagrun for example_branch_python_operator_decorator to 2023-11-27T00:00:00+00:00, run_after=2023-11-28T00:00:00+00:00
[2023-11-28T00:47:59.434+0000] {processor.py:179} INFO - Processing /usr/local/lib/python3.10/dist-packages/airflow/example_dags/example_branch_operator_decorator.py took 0.084 seconds
[2023-11-28T00:48:47.143+0000] {processor.py:157} INFO - Started process (PID=3765) to work on /usr/local/lib/python3.10/dist-packages/airflow/example_dags/example_branch_operator_decorator.py
[2023-11-28T00:48:47.144+0000] {processor.py:829} INFO - Processing file /usr/local/lib/python3.10/dist-packages/airflow/example_dags/example_branch_operator_decorator.py for tasks to queue
[2023-11-28T00:48:47.145+0000] {logging_mixin.py:154} INFO - [2023-11-28T00:48:47.145+0000] {dagbag.py:536} INFO - Filling up the DagBag from /usr/local/lib/python3.10/dist-packages/airflow/example_dags/example_branch_operator_decorator.py
[2023-11-28T00:48:47.157+0000] {processor.py:839} INFO - DAG(s) dict_keys(['example_branch_python_operator_decorator']) retrieved from /usr/local/lib/python3.10/dist-packages/airflow/example_dags/example_branch_operator_decorator.py
[2023-11-28T00:48:47.177+0000] {logging_mixin.py:154} INFO - [2023-11-28T00:48:47.176+0000] {dag.py:2941} INFO - Sync 1 DAGs
[2023-11-28T00:48:47.200+0000] {logging_mixin.py:154} INFO - [2023-11-28T00:48:47.200+0000] {dag.py:3722} INFO - Setting next_dagrun for example_branch_python_operator_decorator to 2023-11-27T00:00:00+00:00, run_after=2023-11-28T00:00:00+00:00
[2023-11-28T00:48:47.222+0000] {processor.py:179} INFO - Processing /usr/local/lib/python3.10/dist-packages/airflow/example_dags/example_branch_operator_decorator.py took 0.083 seconds
[2023-11-28T00:49:31.077+0000] {processor.py:157} INFO - Started process (PID=3811) to work on /usr/local/lib/python3.10/dist-packages/airflow/example_dags/example_branch_operator_decorator.py
[2023-11-28T00:49:31.078+0000] {processor.py:829} INFO - Processing file /usr/local/lib/python3.10/dist-packages/airflow/example_dags/example_branch_operator_decorator.py for tasks to queue
[2023-11-28T00:49:31.079+0000] {logging_mixin.py:154} INFO - [2023-11-28T00:49:31.078+0000] {dagbag.py:536} INFO - Filling up the DagBag from /usr/local/lib/python3.10/dist-packages/airflow/example_dags/example_branch_operator_decorator.py
[2023-11-28T00:49:31.091+0000] {processor.py:839} INFO - DAG(s) dict_keys(['example_branch_python_operator_decorator']) retrieved from /usr/local/lib/python3.10/dist-packages/airflow/example_dags/example_branch_operator_decorator.py
[2023-11-28T00:49:31.110+0000] {logging_mixin.py:154} INFO - [2023-11-28T00:49:31.110+0000] {dag.py:2941} INFO - Sync 1 DAGs
[2023-11-28T00:49:31.135+0000] {logging_mixin.py:154} INFO - [2023-11-28T00:49:31.134+0000] {dag.py:3722} INFO - Setting next_dagrun for example_branch_python_operator_decorator to 2023-11-27T00:00:00+00:00, run_after=2023-11-28T00:00:00+00:00
[2023-11-28T00:49:31.157+0000] {processor.py:179} INFO - Processing /usr/local/lib/python3.10/dist-packages/airflow/example_dags/example_branch_operator_decorator.py took 0.084 seconds
[2023-11-28T00:50:17.413+0000] {processor.py:157} INFO - Started process (PID=3859) to work on /usr/local/lib/python3.10/dist-packages/airflow/example_dags/example_branch_operator_decorator.py
[2023-11-28T00:50:17.414+0000] {processor.py:829} INFO - Processing file /usr/local/lib/python3.10/dist-packages/airflow/example_dags/example_branch_operator_decorator.py for tasks to queue
[2023-11-28T00:50:17.415+0000] {logging_mixin.py:154} INFO - [2023-11-28T00:50:17.414+0000] {dagbag.py:536} INFO - Filling up the DagBag from /usr/local/lib/python3.10/dist-packages/airflow/example_dags/example_branch_operator_decorator.py
[2023-11-28T00:50:17.427+0000] {processor.py:839} INFO - DAG(s) dict_keys(['example_branch_python_operator_decorator']) retrieved from /usr/local/lib/python3.10/dist-packages/airflow/example_dags/example_branch_operator_decorator.py
[2023-11-28T00:50:17.446+0000] {logging_mixin.py:154} INFO - [2023-11-28T00:50:17.446+0000] {dag.py:2941} INFO - Sync 1 DAGs
[2023-11-28T00:50:17.470+0000] {logging_mixin.py:154} INFO - [2023-11-28T00:50:17.469+0000] {dag.py:3722} INFO - Setting next_dagrun for example_branch_python_operator_decorator to 2023-11-27T00:00:00+00:00, run_after=2023-11-28T00:00:00+00:00
[2023-11-28T00:50:17.491+0000] {processor.py:179} INFO - Processing /usr/local/lib/python3.10/dist-packages/airflow/example_dags/example_branch_operator_decorator.py took 0.082 seconds
[2023-11-28T00:51:05.379+0000] {processor.py:157} INFO - Started process (PID=3908) to work on /usr/local/lib/python3.10/dist-packages/airflow/example_dags/example_branch_operator_decorator.py
[2023-11-28T00:51:05.381+0000] {processor.py:829} INFO - Processing file /usr/local/lib/python3.10/dist-packages/airflow/example_dags/example_branch_operator_decorator.py for tasks to queue
[2023-11-28T00:51:05.382+0000] {logging_mixin.py:154} INFO - [2023-11-28T00:51:05.382+0000] {dagbag.py:536} INFO - Filling up the DagBag from /usr/local/lib/python3.10/dist-packages/airflow/example_dags/example_branch_operator_decorator.py
[2023-11-28T00:51:05.394+0000] {processor.py:839} INFO - DAG(s) dict_keys(['example_branch_python_operator_decorator']) retrieved from /usr/local/lib/python3.10/dist-packages/airflow/example_dags/example_branch_operator_decorator.py
[2023-11-28T00:51:05.413+0000] {logging_mixin.py:154} INFO - [2023-11-28T00:51:05.413+0000] {dag.py:2941} INFO - Sync 1 DAGs
[2023-11-28T00:51:05.436+0000] {logging_mixin.py:154} INFO - [2023-11-28T00:51:05.436+0000] {dag.py:3722} INFO - Setting next_dagrun for example_branch_python_operator_decorator to 2023-11-27T00:00:00+00:00, run_after=2023-11-28T00:00:00+00:00
[2023-11-28T00:51:05.458+0000] {processor.py:179} INFO - Processing /usr/local/lib/python3.10/dist-packages/airflow/example_dags/example_branch_operator_decorator.py took 0.082 seconds
[2023-11-28T00:51:51.641+0000] {processor.py:157} INFO - Started process (PID=3955) to work on /usr/local/lib/python3.10/dist-packages/airflow/example_dags/example_branch_operator_decorator.py
[2023-11-28T00:51:51.642+0000] {processor.py:829} INFO - Processing file /usr/local/lib/python3.10/dist-packages/airflow/example_dags/example_branch_operator_decorator.py for tasks to queue
[2023-11-28T00:51:51.643+0000] {logging_mixin.py:154} INFO - [2023-11-28T00:51:51.643+0000] {dagbag.py:536} INFO - Filling up the DagBag from /usr/local/lib/python3.10/dist-packages/airflow/example_dags/example_branch_operator_decorator.py
[2023-11-28T00:51:51.655+0000] {processor.py:839} INFO - DAG(s) dict_keys(['example_branch_python_operator_decorator']) retrieved from /usr/local/lib/python3.10/dist-packages/airflow/example_dags/example_branch_operator_decorator.py
[2023-11-28T00:51:51.674+0000] {logging_mixin.py:154} INFO - [2023-11-28T00:51:51.674+0000] {dag.py:2941} INFO - Sync 1 DAGs
[2023-11-28T00:51:51.697+0000] {logging_mixin.py:154} INFO - [2023-11-28T00:51:51.696+0000] {dag.py:3722} INFO - Setting next_dagrun for example_branch_python_operator_decorator to 2023-11-27T00:00:00+00:00, run_after=2023-11-28T00:00:00+00:00
[2023-11-28T00:51:51.719+0000] {processor.py:179} INFO - Processing /usr/local/lib/python3.10/dist-packages/airflow/example_dags/example_branch_operator_decorator.py took 0.082 seconds
[2023-11-28T00:52:36.696+0000] {processor.py:157} INFO - Started process (PID=4347) to work on /usr/local/lib/python3.10/dist-packages/airflow/example_dags/example_branch_operator_decorator.py
[2023-11-28T00:52:36.698+0000] {processor.py:829} INFO - Processing file /usr/local/lib/python3.10/dist-packages/airflow/example_dags/example_branch_operator_decorator.py for tasks to queue
[2023-11-28T00:52:36.699+0000] {logging_mixin.py:154} INFO - [2023-11-28T00:52:36.698+0000] {dagbag.py:536} INFO - Filling up the DagBag from /usr/local/lib/python3.10/dist-packages/airflow/example_dags/example_branch_operator_decorator.py
[2023-11-28T00:52:36.710+0000] {processor.py:839} INFO - DAG(s) dict_keys(['example_branch_python_operator_decorator']) retrieved from /usr/local/lib/python3.10/dist-packages/airflow/example_dags/example_branch_operator_decorator.py
[2023-11-28T00:52:36.730+0000] {logging_mixin.py:154} INFO - [2023-11-28T00:52:36.730+0000] {dag.py:2941} INFO - Sync 1 DAGs
[2023-11-28T00:52:36.754+0000] {logging_mixin.py:154} INFO - [2023-11-28T00:52:36.754+0000] {dag.py:3722} INFO - Setting next_dagrun for example_branch_python_operator_decorator to 2023-11-27T00:00:00+00:00, run_after=2023-11-28T00:00:00+00:00
[2023-11-28T00:52:36.777+0000] {processor.py:179} INFO - Processing /usr/local/lib/python3.10/dist-packages/airflow/example_dags/example_branch_operator_decorator.py took 0.084 seconds
[2023-11-28T00:53:24.108+0000] {processor.py:157} INFO - Started process (PID=4504) to work on /usr/local/lib/python3.10/dist-packages/airflow/example_dags/example_branch_operator_decorator.py
[2023-11-28T00:53:24.109+0000] {processor.py:829} INFO - Processing file /usr/local/lib/python3.10/dist-packages/airflow/example_dags/example_branch_operator_decorator.py for tasks to queue
[2023-11-28T00:53:24.110+0000] {logging_mixin.py:154} INFO - [2023-11-28T00:53:24.110+0000] {dagbag.py:536} INFO - Filling up the DagBag from /usr/local/lib/python3.10/dist-packages/airflow/example_dags/example_branch_operator_decorator.py
[2023-11-28T00:53:24.122+0000] {processor.py:839} INFO - DAG(s) dict_keys(['example_branch_python_operator_decorator']) retrieved from /usr/local/lib/python3.10/dist-packages/airflow/example_dags/example_branch_operator_decorator.py
[2023-11-28T00:53:24.141+0000] {logging_mixin.py:154} INFO - [2023-11-28T00:53:24.141+0000] {dag.py:2941} INFO - Sync 1 DAGs
[2023-11-28T00:53:24.163+0000] {logging_mixin.py:154} INFO - [2023-11-28T00:53:24.163+0000] {dag.py:3722} INFO - Setting next_dagrun for example_branch_python_operator_decorator to 2023-11-27T00:00:00+00:00, run_after=2023-11-28T00:00:00+00:00
[2023-11-28T00:53:24.186+0000] {processor.py:179} INFO - Processing /usr/local/lib/python3.10/dist-packages/airflow/example_dags/example_branch_operator_decorator.py took 0.081 seconds
[2023-11-28T00:54:10.652+0000] {processor.py:157} INFO - Started process (PID=4864) to work on /usr/local/lib/python3.10/dist-packages/airflow/example_dags/example_branch_operator_decorator.py
[2023-11-28T00:54:10.654+0000] {processor.py:829} INFO - Processing file /usr/local/lib/python3.10/dist-packages/airflow/example_dags/example_branch_operator_decorator.py for tasks to queue
[2023-11-28T00:54:10.655+0000] {logging_mixin.py:154} INFO - [2023-11-28T00:54:10.654+0000] {dagbag.py:536} INFO - Filling up the DagBag from /usr/local/lib/python3.10/dist-packages/airflow/example_dags/example_branch_operator_decorator.py
[2023-11-28T00:54:10.667+0000] {processor.py:839} INFO - DAG(s) dict_keys(['example_branch_python_operator_decorator']) retrieved from /usr/local/lib/python3.10/dist-packages/airflow/example_dags/example_branch_operator_decorator.py
[2023-11-28T00:54:10.687+0000] {logging_mixin.py:154} INFO - [2023-11-28T00:54:10.687+0000] {dag.py:2941} INFO - Sync 1 DAGs
[2023-11-28T00:54:10.712+0000] {logging_mixin.py:154} INFO - [2023-11-28T00:54:10.712+0000] {dag.py:3722} INFO - Setting next_dagrun for example_branch_python_operator_decorator to 2023-11-27T00:00:00+00:00, run_after=2023-11-28T00:00:00+00:00
[2023-11-28T00:54:10.738+0000] {processor.py:179} INFO - Processing /usr/local/lib/python3.10/dist-packages/airflow/example_dags/example_branch_operator_decorator.py took 0.089 seconds
[2023-11-28T00:55:06.489+0000] {processor.py:157} INFO - Started process (PID=4936) to work on /usr/local/lib/python3.10/dist-packages/airflow/example_dags/example_branch_operator_decorator.py
[2023-11-28T00:55:06.491+0000] {processor.py:829} INFO - Processing file /usr/local/lib/python3.10/dist-packages/airflow/example_dags/example_branch_operator_decorator.py for tasks to queue
[2023-11-28T00:55:06.492+0000] {logging_mixin.py:154} INFO - [2023-11-28T00:55:06.491+0000] {dagbag.py:536} INFO - Filling up the DagBag from /usr/local/lib/python3.10/dist-packages/airflow/example_dags/example_branch_operator_decorator.py
[2023-11-28T00:55:06.503+0000] {processor.py:839} INFO - DAG(s) dict_keys(['example_branch_python_operator_decorator']) retrieved from /usr/local/lib/python3.10/dist-packages/airflow/example_dags/example_branch_operator_decorator.py
[2023-11-28T00:55:06.524+0000] {logging_mixin.py:154} INFO - [2023-11-28T00:55:06.524+0000] {dag.py:2941} INFO - Sync 1 DAGs
[2023-11-28T00:55:06.547+0000] {logging_mixin.py:154} INFO - [2023-11-28T00:55:06.546+0000] {dag.py:3722} INFO - Setting next_dagrun for example_branch_python_operator_decorator to 2023-11-27T00:00:00+00:00, run_after=2023-11-28T00:00:00+00:00
[2023-11-28T00:55:06.571+0000] {processor.py:179} INFO - Processing /usr/local/lib/python3.10/dist-packages/airflow/example_dags/example_branch_operator_decorator.py took 0.086 seconds
[2023-11-28T00:55:54.210+0000] {processor.py:157} INFO - Started process (PID=5103) to work on /usr/local/lib/python3.10/dist-packages/airflow/example_dags/example_branch_operator_decorator.py
[2023-11-28T00:55:54.211+0000] {processor.py:829} INFO - Processing file /usr/local/lib/python3.10/dist-packages/airflow/example_dags/example_branch_operator_decorator.py for tasks to queue
[2023-11-28T00:55:54.212+0000] {logging_mixin.py:154} INFO - [2023-11-28T00:55:54.212+0000] {dagbag.py:536} INFO - Filling up the DagBag from /usr/local/lib/python3.10/dist-packages/airflow/example_dags/example_branch_operator_decorator.py
[2023-11-28T00:55:54.224+0000] {processor.py:839} INFO - DAG(s) dict_keys(['example_branch_python_operator_decorator']) retrieved from /usr/local/lib/python3.10/dist-packages/airflow/example_dags/example_branch_operator_decorator.py
[2023-11-28T00:55:54.243+0000] {logging_mixin.py:154} INFO - [2023-11-28T00:55:54.243+0000] {dag.py:2941} INFO - Sync 1 DAGs
[2023-11-28T00:55:54.267+0000] {logging_mixin.py:154} INFO - [2023-11-28T00:55:54.266+0000] {dag.py:3722} INFO - Setting next_dagrun for example_branch_python_operator_decorator to 2023-11-27T00:00:00+00:00, run_after=2023-11-28T00:00:00+00:00
[2023-11-28T00:55:54.292+0000] {processor.py:179} INFO - Processing /usr/local/lib/python3.10/dist-packages/airflow/example_dags/example_branch_operator_decorator.py took 0.086 seconds
[2023-11-28T00:56:39.960+0000] {processor.py:157} INFO - Started process (PID=5350) to work on /usr/local/lib/python3.10/dist-packages/airflow/example_dags/example_branch_operator_decorator.py
[2023-11-28T00:56:39.961+0000] {processor.py:829} INFO - Processing file /usr/local/lib/python3.10/dist-packages/airflow/example_dags/example_branch_operator_decorator.py for tasks to queue
[2023-11-28T00:56:39.962+0000] {logging_mixin.py:154} INFO - [2023-11-28T00:56:39.962+0000] {dagbag.py:536} INFO - Filling up the DagBag from /usr/local/lib/python3.10/dist-packages/airflow/example_dags/example_branch_operator_decorator.py
[2023-11-28T00:56:39.974+0000] {processor.py:839} INFO - DAG(s) dict_keys(['example_branch_python_operator_decorator']) retrieved from /usr/local/lib/python3.10/dist-packages/airflow/example_dags/example_branch_operator_decorator.py
[2023-11-28T00:56:39.994+0000] {logging_mixin.py:154} INFO - [2023-11-28T00:56:39.993+0000] {dag.py:2941} INFO - Sync 1 DAGs
[2023-11-28T00:56:40.024+0000] {logging_mixin.py:154} INFO - [2023-11-28T00:56:40.024+0000] {dag.py:3722} INFO - Setting next_dagrun for example_branch_python_operator_decorator to 2023-11-27T00:00:00+00:00, run_after=2023-11-28T00:00:00+00:00
[2023-11-28T00:56:40.049+0000] {processor.py:179} INFO - Processing /usr/local/lib/python3.10/dist-packages/airflow/example_dags/example_branch_operator_decorator.py took 0.092 seconds
[2023-11-28T00:57:28.590+0000] {processor.py:157} INFO - Started process (PID=5402) to work on /usr/local/lib/python3.10/dist-packages/airflow/example_dags/example_branch_operator_decorator.py
[2023-11-28T00:57:28.591+0000] {processor.py:829} INFO - Processing file /usr/local/lib/python3.10/dist-packages/airflow/example_dags/example_branch_operator_decorator.py for tasks to queue
[2023-11-28T00:57:28.592+0000] {logging_mixin.py:154} INFO - [2023-11-28T00:57:28.591+0000] {dagbag.py:536} INFO - Filling up the DagBag from /usr/local/lib/python3.10/dist-packages/airflow/example_dags/example_branch_operator_decorator.py
[2023-11-28T00:57:28.603+0000] {processor.py:839} INFO - DAG(s) dict_keys(['example_branch_python_operator_decorator']) retrieved from /usr/local/lib/python3.10/dist-packages/airflow/example_dags/example_branch_operator_decorator.py
[2023-11-28T00:57:28.622+0000] {logging_mixin.py:154} INFO - [2023-11-28T00:57:28.622+0000] {dag.py:2941} INFO - Sync 1 DAGs
[2023-11-28T00:57:28.644+0000] {logging_mixin.py:154} INFO - [2023-11-28T00:57:28.644+0000] {dag.py:3722} INFO - Setting next_dagrun for example_branch_python_operator_decorator to 2023-11-27T00:00:00+00:00, run_after=2023-11-28T00:00:00+00:00
[2023-11-28T00:57:28.666+0000] {processor.py:179} INFO - Processing /usr/local/lib/python3.10/dist-packages/airflow/example_dags/example_branch_operator_decorator.py took 0.080 seconds
[2023-11-28T00:58:15.140+0000] {processor.py:157} INFO - Started process (PID=5449) to work on /usr/local/lib/python3.10/dist-packages/airflow/example_dags/example_branch_operator_decorator.py
[2023-11-28T00:58:15.142+0000] {processor.py:829} INFO - Processing file /usr/local/lib/python3.10/dist-packages/airflow/example_dags/example_branch_operator_decorator.py for tasks to queue
[2023-11-28T00:58:15.143+0000] {logging_mixin.py:154} INFO - [2023-11-28T00:58:15.142+0000] {dagbag.py:536} INFO - Filling up the DagBag from /usr/local/lib/python3.10/dist-packages/airflow/example_dags/example_branch_operator_decorator.py
[2023-11-28T00:58:15.154+0000] {processor.py:839} INFO - DAG(s) dict_keys(['example_branch_python_operator_decorator']) retrieved from /usr/local/lib/python3.10/dist-packages/airflow/example_dags/example_branch_operator_decorator.py
[2023-11-28T00:58:15.174+0000] {logging_mixin.py:154} INFO - [2023-11-28T00:58:15.173+0000] {dag.py:2941} INFO - Sync 1 DAGs
[2023-11-28T00:58:15.196+0000] {logging_mixin.py:154} INFO - [2023-11-28T00:58:15.196+0000] {dag.py:3722} INFO - Setting next_dagrun for example_branch_python_operator_decorator to 2023-11-27T00:00:00+00:00, run_after=2023-11-28T00:00:00+00:00
[2023-11-28T00:58:15.219+0000] {processor.py:179} INFO - Processing /usr/local/lib/python3.10/dist-packages/airflow/example_dags/example_branch_operator_decorator.py took 0.082 seconds
[2023-11-28T00:59:00.969+0000] {processor.py:157} INFO - Started process (PID=5496) to work on /usr/local/lib/python3.10/dist-packages/airflow/example_dags/example_branch_operator_decorator.py
[2023-11-28T00:59:00.970+0000] {processor.py:829} INFO - Processing file /usr/local/lib/python3.10/dist-packages/airflow/example_dags/example_branch_operator_decorator.py for tasks to queue
[2023-11-28T00:59:00.971+0000] {logging_mixin.py:154} INFO - [2023-11-28T00:59:00.971+0000] {dagbag.py:536} INFO - Filling up the DagBag from /usr/local/lib/python3.10/dist-packages/airflow/example_dags/example_branch_operator_decorator.py
[2023-11-28T00:59:00.983+0000] {processor.py:839} INFO - DAG(s) dict_keys(['example_branch_python_operator_decorator']) retrieved from /usr/local/lib/python3.10/dist-packages/airflow/example_dags/example_branch_operator_decorator.py
[2023-11-28T00:59:01.003+0000] {logging_mixin.py:154} INFO - [2023-11-28T00:59:01.003+0000] {dag.py:2941} INFO - Sync 1 DAGs
[2023-11-28T00:59:01.027+0000] {logging_mixin.py:154} INFO - [2023-11-28T00:59:01.027+0000] {dag.py:3722} INFO - Setting next_dagrun for example_branch_python_operator_decorator to 2023-11-27T00:00:00+00:00, run_after=2023-11-28T00:00:00+00:00
[2023-11-28T00:59:01.050+0000] {processor.py:179} INFO - Processing /usr/local/lib/python3.10/dist-packages/airflow/example_dags/example_branch_operator_decorator.py took 0.084 seconds
[2023-11-28T00:59:46.885+0000] {processor.py:157} INFO - Started process (PID=5544) to work on /usr/local/lib/python3.10/dist-packages/airflow/example_dags/example_branch_operator_decorator.py
[2023-11-28T00:59:46.887+0000] {processor.py:829} INFO - Processing file /usr/local/lib/python3.10/dist-packages/airflow/example_dags/example_branch_operator_decorator.py for tasks to queue
[2023-11-28T00:59:46.887+0000] {logging_mixin.py:154} INFO - [2023-11-28T00:59:46.887+0000] {dagbag.py:536} INFO - Filling up the DagBag from /usr/local/lib/python3.10/dist-packages/airflow/example_dags/example_branch_operator_decorator.py
[2023-11-28T00:59:46.899+0000] {processor.py:839} INFO - DAG(s) dict_keys(['example_branch_python_operator_decorator']) retrieved from /usr/local/lib/python3.10/dist-packages/airflow/example_dags/example_branch_operator_decorator.py
[2023-11-28T00:59:46.918+0000] {logging_mixin.py:154} INFO - [2023-11-28T00:59:46.918+0000] {dag.py:2941} INFO - Sync 1 DAGs
[2023-11-28T00:59:46.942+0000] {logging_mixin.py:154} INFO - [2023-11-28T00:59:46.942+0000] {dag.py:3722} INFO - Setting next_dagrun for example_branch_python_operator_decorator to 2023-11-27T00:00:00+00:00, run_after=2023-11-28T00:00:00+00:00
[2023-11-28T00:59:46.964+0000] {processor.py:179} INFO - Processing /usr/local/lib/python3.10/dist-packages/airflow/example_dags/example_branch_operator_decorator.py took 0.082 seconds
[2023-11-28T01:00:39.084+0000] {processor.py:157} INFO - Started process (PID=5598) to work on /usr/local/lib/python3.10/dist-packages/airflow/example_dags/example_branch_operator_decorator.py
[2023-11-28T01:00:39.086+0000] {processor.py:829} INFO - Processing file /usr/local/lib/python3.10/dist-packages/airflow/example_dags/example_branch_operator_decorator.py for tasks to queue
[2023-11-28T01:00:39.087+0000] {logging_mixin.py:154} INFO - [2023-11-28T01:00:39.086+0000] {dagbag.py:536} INFO - Filling up the DagBag from /usr/local/lib/python3.10/dist-packages/airflow/example_dags/example_branch_operator_decorator.py
[2023-11-28T01:00:39.098+0000] {processor.py:839} INFO - DAG(s) dict_keys(['example_branch_python_operator_decorator']) retrieved from /usr/local/lib/python3.10/dist-packages/airflow/example_dags/example_branch_operator_decorator.py
[2023-11-28T01:00:39.118+0000] {logging_mixin.py:154} INFO - [2023-11-28T01:00:39.118+0000] {dag.py:2941} INFO - Sync 1 DAGs
[2023-11-28T01:00:39.140+0000] {logging_mixin.py:154} INFO - [2023-11-28T01:00:39.140+0000] {dag.py:3722} INFO - Setting next_dagrun for example_branch_python_operator_decorator to 2023-11-27T00:00:00+00:00, run_after=2023-11-28T00:00:00+00:00
[2023-11-28T01:00:39.164+0000] {processor.py:179} INFO - Processing /usr/local/lib/python3.10/dist-packages/airflow/example_dags/example_branch_operator_decorator.py took 0.084 seconds
[2023-11-28T01:01:24.950+0000] {processor.py:157} INFO - Started process (PID=5646) to work on /usr/local/lib/python3.10/dist-packages/airflow/example_dags/example_branch_operator_decorator.py
[2023-11-28T01:01:24.952+0000] {processor.py:829} INFO - Processing file /usr/local/lib/python3.10/dist-packages/airflow/example_dags/example_branch_operator_decorator.py for tasks to queue
[2023-11-28T01:01:24.953+0000] {logging_mixin.py:154} INFO - [2023-11-28T01:01:24.952+0000] {dagbag.py:536} INFO - Filling up the DagBag from /usr/local/lib/python3.10/dist-packages/airflow/example_dags/example_branch_operator_decorator.py
[2023-11-28T01:01:24.964+0000] {processor.py:839} INFO - DAG(s) dict_keys(['example_branch_python_operator_decorator']) retrieved from /usr/local/lib/python3.10/dist-packages/airflow/example_dags/example_branch_operator_decorator.py
[2023-11-28T01:01:24.984+0000] {logging_mixin.py:154} INFO - [2023-11-28T01:01:24.983+0000] {dag.py:2941} INFO - Sync 1 DAGs
[2023-11-28T01:01:25.009+0000] {logging_mixin.py:154} INFO - [2023-11-28T01:01:25.009+0000] {dag.py:3722} INFO - Setting next_dagrun for example_branch_python_operator_decorator to 2023-11-27T00:00:00+00:00, run_after=2023-11-28T00:00:00+00:00
[2023-11-28T01:01:25.032+0000] {processor.py:179} INFO - Processing /usr/local/lib/python3.10/dist-packages/airflow/example_dags/example_branch_operator_decorator.py took 0.085 seconds
[2023-11-28T01:02:08.957+0000] {processor.py:157} INFO - Started process (PID=5692) to work on /usr/local/lib/python3.10/dist-packages/airflow/example_dags/example_branch_operator_decorator.py
[2023-11-28T01:02:08.958+0000] {processor.py:829} INFO - Processing file /usr/local/lib/python3.10/dist-packages/airflow/example_dags/example_branch_operator_decorator.py for tasks to queue
[2023-11-28T01:02:08.959+0000] {logging_mixin.py:154} INFO - [2023-11-28T01:02:08.958+0000] {dagbag.py:536} INFO - Filling up the DagBag from /usr/local/lib/python3.10/dist-packages/airflow/example_dags/example_branch_operator_decorator.py
[2023-11-28T01:02:08.970+0000] {processor.py:839} INFO - DAG(s) dict_keys(['example_branch_python_operator_decorator']) retrieved from /usr/local/lib/python3.10/dist-packages/airflow/example_dags/example_branch_operator_decorator.py
[2023-11-28T01:02:08.990+0000] {logging_mixin.py:154} INFO - [2023-11-28T01:02:08.990+0000] {dag.py:2941} INFO - Sync 1 DAGs
[2023-11-28T01:02:09.013+0000] {logging_mixin.py:154} INFO - [2023-11-28T01:02:09.013+0000] {dag.py:3722} INFO - Setting next_dagrun for example_branch_python_operator_decorator to 2023-11-27T00:00:00+00:00, run_after=2023-11-28T00:00:00+00:00
[2023-11-28T01:02:09.036+0000] {processor.py:179} INFO - Processing /usr/local/lib/python3.10/dist-packages/airflow/example_dags/example_branch_operator_decorator.py took 0.083 seconds
[2023-11-28T01:02:52.240+0000] {processor.py:157} INFO - Started process (PID=5738) to work on /usr/local/lib/python3.10/dist-packages/airflow/example_dags/example_branch_operator_decorator.py
[2023-11-28T01:02:52.242+0000] {processor.py:829} INFO - Processing file /usr/local/lib/python3.10/dist-packages/airflow/example_dags/example_branch_operator_decorator.py for tasks to queue
[2023-11-28T01:02:52.243+0000] {logging_mixin.py:154} INFO - [2023-11-28T01:02:52.242+0000] {dagbag.py:536} INFO - Filling up the DagBag from /usr/local/lib/python3.10/dist-packages/airflow/example_dags/example_branch_operator_decorator.py
[2023-11-28T01:02:52.254+0000] {processor.py:839} INFO - DAG(s) dict_keys(['example_branch_python_operator_decorator']) retrieved from /usr/local/lib/python3.10/dist-packages/airflow/example_dags/example_branch_operator_decorator.py
[2023-11-28T01:02:52.272+0000] {logging_mixin.py:154} INFO - [2023-11-28T01:02:52.272+0000] {dag.py:2941} INFO - Sync 1 DAGs
[2023-11-28T01:02:52.295+0000] {logging_mixin.py:154} INFO - [2023-11-28T01:02:52.294+0000] {dag.py:3722} INFO - Setting next_dagrun for example_branch_python_operator_decorator to 2023-11-27T00:00:00+00:00, run_after=2023-11-28T00:00:00+00:00
[2023-11-28T01:02:52.316+0000] {processor.py:179} INFO - Processing /usr/local/lib/python3.10/dist-packages/airflow/example_dags/example_branch_operator_decorator.py took 0.079 seconds
[2023-11-28T01:03:38.592+0000] {processor.py:157} INFO - Started process (PID=5846) to work on /usr/local/lib/python3.10/dist-packages/airflow/example_dags/example_branch_operator_decorator.py
[2023-11-28T01:03:38.593+0000] {processor.py:829} INFO - Processing file /usr/local/lib/python3.10/dist-packages/airflow/example_dags/example_branch_operator_decorator.py for tasks to queue
[2023-11-28T01:03:38.594+0000] {logging_mixin.py:154} INFO - [2023-11-28T01:03:38.594+0000] {dagbag.py:536} INFO - Filling up the DagBag from /usr/local/lib/python3.10/dist-packages/airflow/example_dags/example_branch_operator_decorator.py
[2023-11-28T01:03:38.606+0000] {processor.py:839} INFO - DAG(s) dict_keys(['example_branch_python_operator_decorator']) retrieved from /usr/local/lib/python3.10/dist-packages/airflow/example_dags/example_branch_operator_decorator.py
[2023-11-28T01:03:38.625+0000] {logging_mixin.py:154} INFO - [2023-11-28T01:03:38.625+0000] {dag.py:2941} INFO - Sync 1 DAGs
[2023-11-28T01:03:38.647+0000] {logging_mixin.py:154} INFO - [2023-11-28T01:03:38.647+0000] {dag.py:3722} INFO - Setting next_dagrun for example_branch_python_operator_decorator to 2023-11-27T00:00:00+00:00, run_after=2023-11-28T00:00:00+00:00
[2023-11-28T01:03:38.671+0000] {processor.py:179} INFO - Processing /usr/local/lib/python3.10/dist-packages/airflow/example_dags/example_branch_operator_decorator.py took 0.082 seconds
[2023-11-28T01:04:23.441+0000] {processor.py:157} INFO - Started process (PID=5946) to work on /usr/local/lib/python3.10/dist-packages/airflow/example_dags/example_branch_operator_decorator.py
[2023-11-28T01:04:23.442+0000] {processor.py:829} INFO - Processing file /usr/local/lib/python3.10/dist-packages/airflow/example_dags/example_branch_operator_decorator.py for tasks to queue
[2023-11-28T01:04:23.443+0000] {logging_mixin.py:154} INFO - [2023-11-28T01:04:23.443+0000] {dagbag.py:536} INFO - Filling up the DagBag from /usr/local/lib/python3.10/dist-packages/airflow/example_dags/example_branch_operator_decorator.py
[2023-11-28T01:04:23.455+0000] {processor.py:839} INFO - DAG(s) dict_keys(['example_branch_python_operator_decorator']) retrieved from /usr/local/lib/python3.10/dist-packages/airflow/example_dags/example_branch_operator_decorator.py
[2023-11-28T01:04:23.475+0000] {logging_mixin.py:154} INFO - [2023-11-28T01:04:23.474+0000] {dag.py:2941} INFO - Sync 1 DAGs
[2023-11-28T01:04:23.499+0000] {logging_mixin.py:154} INFO - [2023-11-28T01:04:23.498+0000] {dag.py:3722} INFO - Setting next_dagrun for example_branch_python_operator_decorator to 2023-11-27T00:00:00+00:00, run_after=2023-11-28T00:00:00+00:00
[2023-11-28T01:04:23.523+0000] {processor.py:179} INFO - Processing /usr/local/lib/python3.10/dist-packages/airflow/example_dags/example_branch_operator_decorator.py took 0.086 seconds
[2023-11-28T01:05:07.938+0000] {processor.py:157} INFO - Started process (PID=5993) to work on /usr/local/lib/python3.10/dist-packages/airflow/example_dags/example_branch_operator_decorator.py
[2023-11-28T01:05:07.939+0000] {processor.py:829} INFO - Processing file /usr/local/lib/python3.10/dist-packages/airflow/example_dags/example_branch_operator_decorator.py for tasks to queue
[2023-11-28T01:05:07.940+0000] {logging_mixin.py:154} INFO - [2023-11-28T01:05:07.940+0000] {dagbag.py:536} INFO - Filling up the DagBag from /usr/local/lib/python3.10/dist-packages/airflow/example_dags/example_branch_operator_decorator.py
[2023-11-28T01:05:07.952+0000] {processor.py:839} INFO - DAG(s) dict_keys(['example_branch_python_operator_decorator']) retrieved from /usr/local/lib/python3.10/dist-packages/airflow/example_dags/example_branch_operator_decorator.py
[2023-11-28T01:05:07.973+0000] {logging_mixin.py:154} INFO - [2023-11-28T01:05:07.972+0000] {dag.py:2941} INFO - Sync 1 DAGs
[2023-11-28T01:05:07.995+0000] {logging_mixin.py:154} INFO - [2023-11-28T01:05:07.995+0000] {dag.py:3722} INFO - Setting next_dagrun for example_branch_python_operator_decorator to 2023-11-27T00:00:00+00:00, run_after=2023-11-28T00:00:00+00:00
[2023-11-28T01:05:08.022+0000] {processor.py:179} INFO - Processing /usr/local/lib/python3.10/dist-packages/airflow/example_dags/example_branch_operator_decorator.py took 0.088 seconds
[2023-11-28T01:05:54.419+0000] {processor.py:157} INFO - Started process (PID=6041) to work on /usr/local/lib/python3.10/dist-packages/airflow/example_dags/example_branch_operator_decorator.py
[2023-11-28T01:05:54.420+0000] {processor.py:829} INFO - Processing file /usr/local/lib/python3.10/dist-packages/airflow/example_dags/example_branch_operator_decorator.py for tasks to queue
[2023-11-28T01:05:54.421+0000] {logging_mixin.py:154} INFO - [2023-11-28T01:05:54.421+0000] {dagbag.py:536} INFO - Filling up the DagBag from /usr/local/lib/python3.10/dist-packages/airflow/example_dags/example_branch_operator_decorator.py
[2023-11-28T01:05:54.433+0000] {processor.py:839} INFO - DAG(s) dict_keys(['example_branch_python_operator_decorator']) retrieved from /usr/local/lib/python3.10/dist-packages/airflow/example_dags/example_branch_operator_decorator.py
[2023-11-28T01:05:54.453+0000] {logging_mixin.py:154} INFO - [2023-11-28T01:05:54.452+0000] {dag.py:2941} INFO - Sync 1 DAGs
[2023-11-28T01:05:54.475+0000] {logging_mixin.py:154} INFO - [2023-11-28T01:05:54.475+0000] {dag.py:3722} INFO - Setting next_dagrun for example_branch_python_operator_decorator to 2023-11-27T00:00:00+00:00, run_after=2023-11-28T00:00:00+00:00
[2023-11-28T01:05:54.498+0000] {processor.py:179} INFO - Processing /usr/local/lib/python3.10/dist-packages/airflow/example_dags/example_branch_operator_decorator.py took 0.082 seconds
[2023-11-28T01:06:40.774+0000] {processor.py:157} INFO - Started process (PID=6089) to work on /usr/local/lib/python3.10/dist-packages/airflow/example_dags/example_branch_operator_decorator.py
[2023-11-28T01:06:40.775+0000] {processor.py:829} INFO - Processing file /usr/local/lib/python3.10/dist-packages/airflow/example_dags/example_branch_operator_decorator.py for tasks to queue
[2023-11-28T01:06:40.776+0000] {logging_mixin.py:154} INFO - [2023-11-28T01:06:40.776+0000] {dagbag.py:536} INFO - Filling up the DagBag from /usr/local/lib/python3.10/dist-packages/airflow/example_dags/example_branch_operator_decorator.py
[2023-11-28T01:06:40.788+0000] {processor.py:839} INFO - DAG(s) dict_keys(['example_branch_python_operator_decorator']) retrieved from /usr/local/lib/python3.10/dist-packages/airflow/example_dags/example_branch_operator_decorator.py
[2023-11-28T01:06:40.807+0000] {logging_mixin.py:154} INFO - [2023-11-28T01:06:40.807+0000] {dag.py:2941} INFO - Sync 1 DAGs
[2023-11-28T01:06:40.829+0000] {logging_mixin.py:154} INFO - [2023-11-28T01:06:40.829+0000] {dag.py:3722} INFO - Setting next_dagrun for example_branch_python_operator_decorator to 2023-11-27T00:00:00+00:00, run_after=2023-11-28T00:00:00+00:00
[2023-11-28T01:06:40.855+0000] {processor.py:179} INFO - Processing /usr/local/lib/python3.10/dist-packages/airflow/example_dags/example_branch_operator_decorator.py took 0.084 seconds
[2023-11-28T01:07:29.740+0000] {processor.py:157} INFO - Started process (PID=6137) to work on /usr/local/lib/python3.10/dist-packages/airflow/example_dags/example_branch_operator_decorator.py
[2023-11-28T01:07:29.741+0000] {processor.py:829} INFO - Processing file /usr/local/lib/python3.10/dist-packages/airflow/example_dags/example_branch_operator_decorator.py for tasks to queue
[2023-11-28T01:07:29.742+0000] {logging_mixin.py:154} INFO - [2023-11-28T01:07:29.741+0000] {dagbag.py:536} INFO - Filling up the DagBag from /usr/local/lib/python3.10/dist-packages/airflow/example_dags/example_branch_operator_decorator.py
[2023-11-28T01:07:29.753+0000] {processor.py:839} INFO - DAG(s) dict_keys(['example_branch_python_operator_decorator']) retrieved from /usr/local/lib/python3.10/dist-packages/airflow/example_dags/example_branch_operator_decorator.py
[2023-11-28T01:07:29.772+0000] {logging_mixin.py:154} INFO - [2023-11-28T01:07:29.772+0000] {dag.py:2941} INFO - Sync 1 DAGs
[2023-11-28T01:07:29.795+0000] {logging_mixin.py:154} INFO - [2023-11-28T01:07:29.795+0000] {dag.py:3722} INFO - Setting next_dagrun for example_branch_python_operator_decorator to 2023-11-27T00:00:00+00:00, run_after=2023-11-28T00:00:00+00:00
[2023-11-28T01:07:29.817+0000] {processor.py:179} INFO - Processing /usr/local/lib/python3.10/dist-packages/airflow/example_dags/example_branch_operator_decorator.py took 0.081 seconds
[2023-11-28T01:08:17.680+0000] {processor.py:157} INFO - Started process (PID=6187) to work on /usr/local/lib/python3.10/dist-packages/airflow/example_dags/example_branch_operator_decorator.py
[2023-11-28T01:08:17.681+0000] {processor.py:829} INFO - Processing file /usr/local/lib/python3.10/dist-packages/airflow/example_dags/example_branch_operator_decorator.py for tasks to queue
[2023-11-28T01:08:17.682+0000] {logging_mixin.py:154} INFO - [2023-11-28T01:08:17.682+0000] {dagbag.py:536} INFO - Filling up the DagBag from /usr/local/lib/python3.10/dist-packages/airflow/example_dags/example_branch_operator_decorator.py
[2023-11-28T01:08:17.693+0000] {processor.py:839} INFO - DAG(s) dict_keys(['example_branch_python_operator_decorator']) retrieved from /usr/local/lib/python3.10/dist-packages/airflow/example_dags/example_branch_operator_decorator.py
[2023-11-28T01:08:17.713+0000] {logging_mixin.py:154} INFO - [2023-11-28T01:08:17.713+0000] {dag.py:2941} INFO - Sync 1 DAGs
[2023-11-28T01:08:17.735+0000] {logging_mixin.py:154} INFO - [2023-11-28T01:08:17.735+0000] {dag.py:3722} INFO - Setting next_dagrun for example_branch_python_operator_decorator to 2023-11-27T00:00:00+00:00, run_after=2023-11-28T00:00:00+00:00
[2023-11-28T01:08:17.759+0000] {processor.py:179} INFO - Processing /usr/local/lib/python3.10/dist-packages/airflow/example_dags/example_branch_operator_decorator.py took 0.083 seconds
[2023-11-28T01:09:00.992+0000] {processor.py:157} INFO - Started process (PID=6234) to work on /usr/local/lib/python3.10/dist-packages/airflow/example_dags/example_branch_operator_decorator.py
[2023-11-28T01:09:00.993+0000] {processor.py:829} INFO - Processing file /usr/local/lib/python3.10/dist-packages/airflow/example_dags/example_branch_operator_decorator.py for tasks to queue
[2023-11-28T01:09:00.994+0000] {logging_mixin.py:154} INFO - [2023-11-28T01:09:00.994+0000] {dagbag.py:536} INFO - Filling up the DagBag from /usr/local/lib/python3.10/dist-packages/airflow/example_dags/example_branch_operator_decorator.py
[2023-11-28T01:09:01.006+0000] {processor.py:839} INFO - DAG(s) dict_keys(['example_branch_python_operator_decorator']) retrieved from /usr/local/lib/python3.10/dist-packages/airflow/example_dags/example_branch_operator_decorator.py
[2023-11-28T01:09:01.026+0000] {logging_mixin.py:154} INFO - [2023-11-28T01:09:01.026+0000] {dag.py:2941} INFO - Sync 1 DAGs
[2023-11-28T01:09:01.049+0000] {logging_mixin.py:154} INFO - [2023-11-28T01:09:01.049+0000] {dag.py:3722} INFO - Setting next_dagrun for example_branch_python_operator_decorator to 2023-11-27T00:00:00+00:00, run_after=2023-11-28T00:00:00+00:00
[2023-11-28T01:09:01.072+0000] {processor.py:179} INFO - Processing /usr/local/lib/python3.10/dist-packages/airflow/example_dags/example_branch_operator_decorator.py took 0.083 seconds
[2023-11-28T01:09:44.486+0000] {processor.py:157} INFO - Started process (PID=6279) to work on /usr/local/lib/python3.10/dist-packages/airflow/example_dags/example_branch_operator_decorator.py
[2023-11-28T01:09:44.487+0000] {processor.py:829} INFO - Processing file /usr/local/lib/python3.10/dist-packages/airflow/example_dags/example_branch_operator_decorator.py for tasks to queue
[2023-11-28T01:09:44.488+0000] {logging_mixin.py:154} INFO - [2023-11-28T01:09:44.488+0000] {dagbag.py:536} INFO - Filling up the DagBag from /usr/local/lib/python3.10/dist-packages/airflow/example_dags/example_branch_operator_decorator.py
[2023-11-28T01:09:44.500+0000] {processor.py:839} INFO - DAG(s) dict_keys(['example_branch_python_operator_decorator']) retrieved from /usr/local/lib/python3.10/dist-packages/airflow/example_dags/example_branch_operator_decorator.py
[2023-11-28T01:09:44.520+0000] {logging_mixin.py:154} INFO - [2023-11-28T01:09:44.519+0000] {dag.py:2941} INFO - Sync 1 DAGs
[2023-11-28T01:09:44.542+0000] {logging_mixin.py:154} INFO - [2023-11-28T01:09:44.542+0000] {dag.py:3722} INFO - Setting next_dagrun for example_branch_python_operator_decorator to 2023-11-27T00:00:00+00:00, run_after=2023-11-28T00:00:00+00:00
[2023-11-28T01:09:44.566+0000] {processor.py:179} INFO - Processing /usr/local/lib/python3.10/dist-packages/airflow/example_dags/example_branch_operator_decorator.py took 0.083 seconds
[2023-11-28T01:10:30.473+0000] {processor.py:157} INFO - Started process (PID=6327) to work on /usr/local/lib/python3.10/dist-packages/airflow/example_dags/example_branch_operator_decorator.py
[2023-11-28T01:10:30.474+0000] {processor.py:829} INFO - Processing file /usr/local/lib/python3.10/dist-packages/airflow/example_dags/example_branch_operator_decorator.py for tasks to queue
[2023-11-28T01:10:30.475+0000] {logging_mixin.py:154} INFO - [2023-11-28T01:10:30.474+0000] {dagbag.py:536} INFO - Filling up the DagBag from /usr/local/lib/python3.10/dist-packages/airflow/example_dags/example_branch_operator_decorator.py
[2023-11-28T01:10:30.487+0000] {processor.py:839} INFO - DAG(s) dict_keys(['example_branch_python_operator_decorator']) retrieved from /usr/local/lib/python3.10/dist-packages/airflow/example_dags/example_branch_operator_decorator.py
[2023-11-28T01:10:30.507+0000] {logging_mixin.py:154} INFO - [2023-11-28T01:10:30.507+0000] {dag.py:2941} INFO - Sync 1 DAGs
[2023-11-28T01:10:30.531+0000] {logging_mixin.py:154} INFO - [2023-11-28T01:10:30.531+0000] {dag.py:3722} INFO - Setting next_dagrun for example_branch_python_operator_decorator to 2023-11-27T00:00:00+00:00, run_after=2023-11-28T00:00:00+00:00
[2023-11-28T01:10:30.554+0000] {processor.py:179} INFO - Processing /usr/local/lib/python3.10/dist-packages/airflow/example_dags/example_branch_operator_decorator.py took 0.084 seconds
[2023-11-28T01:11:18.109+0000] {processor.py:157} INFO - Started process (PID=6376) to work on /usr/local/lib/python3.10/dist-packages/airflow/example_dags/example_branch_operator_decorator.py
[2023-11-28T01:11:18.110+0000] {processor.py:829} INFO - Processing file /usr/local/lib/python3.10/dist-packages/airflow/example_dags/example_branch_operator_decorator.py for tasks to queue
[2023-11-28T01:11:18.111+0000] {logging_mixin.py:154} INFO - [2023-11-28T01:11:18.110+0000] {dagbag.py:536} INFO - Filling up the DagBag from /usr/local/lib/python3.10/dist-packages/airflow/example_dags/example_branch_operator_decorator.py
[2023-11-28T01:11:18.123+0000] {processor.py:839} INFO - DAG(s) dict_keys(['example_branch_python_operator_decorator']) retrieved from /usr/local/lib/python3.10/dist-packages/airflow/example_dags/example_branch_operator_decorator.py
[2023-11-28T01:11:18.143+0000] {logging_mixin.py:154} INFO - [2023-11-28T01:11:18.143+0000] {dag.py:2941} INFO - Sync 1 DAGs
[2023-11-28T01:11:18.168+0000] {logging_mixin.py:154} INFO - [2023-11-28T01:11:18.167+0000] {dag.py:3722} INFO - Setting next_dagrun for example_branch_python_operator_decorator to 2023-11-27T00:00:00+00:00, run_after=2023-11-28T00:00:00+00:00
[2023-11-28T01:11:18.190+0000] {processor.py:179} INFO - Processing /usr/local/lib/python3.10/dist-packages/airflow/example_dags/example_branch_operator_decorator.py took 0.085 seconds
[2023-11-28T01:12:03.636+0000] {processor.py:157} INFO - Started process (PID=6422) to work on /usr/local/lib/python3.10/dist-packages/airflow/example_dags/example_branch_operator_decorator.py
[2023-11-28T01:12:03.637+0000] {processor.py:829} INFO - Processing file /usr/local/lib/python3.10/dist-packages/airflow/example_dags/example_branch_operator_decorator.py for tasks to queue
[2023-11-28T01:12:03.638+0000] {logging_mixin.py:154} INFO - [2023-11-28T01:12:03.638+0000] {dagbag.py:536} INFO - Filling up the DagBag from /usr/local/lib/python3.10/dist-packages/airflow/example_dags/example_branch_operator_decorator.py
[2023-11-28T01:12:03.650+0000] {processor.py:839} INFO - DAG(s) dict_keys(['example_branch_python_operator_decorator']) retrieved from /usr/local/lib/python3.10/dist-packages/airflow/example_dags/example_branch_operator_decorator.py
[2023-11-28T01:12:03.671+0000] {logging_mixin.py:154} INFO - [2023-11-28T01:12:03.670+0000] {dag.py:2941} INFO - Sync 1 DAGs
[2023-11-28T01:12:03.694+0000] {logging_mixin.py:154} INFO - [2023-11-28T01:12:03.694+0000] {dag.py:3722} INFO - Setting next_dagrun for example_branch_python_operator_decorator to 2023-11-27T00:00:00+00:00, run_after=2023-11-28T00:00:00+00:00
[2023-11-28T01:12:03.721+0000] {processor.py:179} INFO - Processing /usr/local/lib/python3.10/dist-packages/airflow/example_dags/example_branch_operator_decorator.py took 0.089 seconds
[2023-11-28T01:12:46.718+0000] {processor.py:157} INFO - Started process (PID=6469) to work on /usr/local/lib/python3.10/dist-packages/airflow/example_dags/example_branch_operator_decorator.py
[2023-11-28T01:12:46.719+0000] {processor.py:829} INFO - Processing file /usr/local/lib/python3.10/dist-packages/airflow/example_dags/example_branch_operator_decorator.py for tasks to queue
[2023-11-28T01:12:46.720+0000] {logging_mixin.py:154} INFO - [2023-11-28T01:12:46.719+0000] {dagbag.py:536} INFO - Filling up the DagBag from /usr/local/lib/python3.10/dist-packages/airflow/example_dags/example_branch_operator_decorator.py
[2023-11-28T01:12:46.731+0000] {processor.py:839} INFO - DAG(s) dict_keys(['example_branch_python_operator_decorator']) retrieved from /usr/local/lib/python3.10/dist-packages/airflow/example_dags/example_branch_operator_decorator.py
[2023-11-28T01:12:46.751+0000] {logging_mixin.py:154} INFO - [2023-11-28T01:12:46.750+0000] {dag.py:2941} INFO - Sync 1 DAGs
[2023-11-28T01:12:46.774+0000] {logging_mixin.py:154} INFO - [2023-11-28T01:12:46.774+0000] {dag.py:3722} INFO - Setting next_dagrun for example_branch_python_operator_decorator to 2023-11-27T00:00:00+00:00, run_after=2023-11-28T00:00:00+00:00
[2023-11-28T01:12:46.798+0000] {processor.py:179} INFO - Processing /usr/local/lib/python3.10/dist-packages/airflow/example_dags/example_branch_operator_decorator.py took 0.083 seconds
[2023-11-28T01:13:30.831+0000] {processor.py:157} INFO - Started process (PID=6513) to work on /usr/local/lib/python3.10/dist-packages/airflow/example_dags/example_branch_operator_decorator.py
[2023-11-28T01:13:30.832+0000] {processor.py:829} INFO - Processing file /usr/local/lib/python3.10/dist-packages/airflow/example_dags/example_branch_operator_decorator.py for tasks to queue
[2023-11-28T01:13:30.833+0000] {logging_mixin.py:154} INFO - [2023-11-28T01:13:30.833+0000] {dagbag.py:536} INFO - Filling up the DagBag from /usr/local/lib/python3.10/dist-packages/airflow/example_dags/example_branch_operator_decorator.py
[2023-11-28T01:13:30.845+0000] {processor.py:839} INFO - DAG(s) dict_keys(['example_branch_python_operator_decorator']) retrieved from /usr/local/lib/python3.10/dist-packages/airflow/example_dags/example_branch_operator_decorator.py
[2023-11-28T01:13:30.865+0000] {logging_mixin.py:154} INFO - [2023-11-28T01:13:30.865+0000] {dag.py:2941} INFO - Sync 1 DAGs
[2023-11-28T01:13:30.887+0000] {logging_mixin.py:154} INFO - [2023-11-28T01:13:30.887+0000] {dag.py:3722} INFO - Setting next_dagrun for example_branch_python_operator_decorator to 2023-11-27T00:00:00+00:00, run_after=2023-11-28T00:00:00+00:00
[2023-11-28T01:13:30.911+0000] {processor.py:179} INFO - Processing /usr/local/lib/python3.10/dist-packages/airflow/example_dags/example_branch_operator_decorator.py took 0.083 seconds
[2023-11-28T01:14:23.971+0000] {processor.py:157} INFO - Started process (PID=6567) to work on /usr/local/lib/python3.10/dist-packages/airflow/example_dags/example_branch_operator_decorator.py
[2023-11-28T01:14:23.972+0000] {processor.py:829} INFO - Processing file /usr/local/lib/python3.10/dist-packages/airflow/example_dags/example_branch_operator_decorator.py for tasks to queue
[2023-11-28T01:14:23.973+0000] {logging_mixin.py:154} INFO - [2023-11-28T01:14:23.972+0000] {dagbag.py:536} INFO - Filling up the DagBag from /usr/local/lib/python3.10/dist-packages/airflow/example_dags/example_branch_operator_decorator.py
[2023-11-28T01:14:23.984+0000] {processor.py:839} INFO - DAG(s) dict_keys(['example_branch_python_operator_decorator']) retrieved from /usr/local/lib/python3.10/dist-packages/airflow/example_dags/example_branch_operator_decorator.py
[2023-11-28T01:14:24.005+0000] {logging_mixin.py:154} INFO - [2023-11-28T01:14:24.004+0000] {dag.py:2941} INFO - Sync 1 DAGs
[2023-11-28T01:14:24.027+0000] {logging_mixin.py:154} INFO - [2023-11-28T01:14:24.027+0000] {dag.py:3722} INFO - Setting next_dagrun for example_branch_python_operator_decorator to 2023-11-27T00:00:00+00:00, run_after=2023-11-28T00:00:00+00:00
[2023-11-28T01:14:24.050+0000] {processor.py:179} INFO - Processing /usr/local/lib/python3.10/dist-packages/airflow/example_dags/example_branch_operator_decorator.py took 0.083 seconds
[2023-11-28T01:15:30.077+0000] {processor.py:157} INFO - Started process (PID=6645) to work on /usr/local/lib/python3.10/dist-packages/airflow/example_dags/example_branch_operator_decorator.py
[2023-11-28T01:15:30.078+0000] {processor.py:829} INFO - Processing file /usr/local/lib/python3.10/dist-packages/airflow/example_dags/example_branch_operator_decorator.py for tasks to queue
[2023-11-28T01:15:30.079+0000] {logging_mixin.py:154} INFO - [2023-11-28T01:15:30.079+0000] {dagbag.py:536} INFO - Filling up the DagBag from /usr/local/lib/python3.10/dist-packages/airflow/example_dags/example_branch_operator_decorator.py
[2023-11-28T01:15:30.092+0000] {processor.py:839} INFO - DAG(s) dict_keys(['example_branch_python_operator_decorator']) retrieved from /usr/local/lib/python3.10/dist-packages/airflow/example_dags/example_branch_operator_decorator.py
[2023-11-28T01:15:30.115+0000] {logging_mixin.py:154} INFO - [2023-11-28T01:15:30.115+0000] {dag.py:2941} INFO - Sync 1 DAGs
[2023-11-28T01:15:30.158+0000] {logging_mixin.py:154} INFO - [2023-11-28T01:15:30.158+0000] {dag.py:3722} INFO - Setting next_dagrun for example_branch_python_operator_decorator to 2023-11-27T00:00:00+00:00, run_after=2023-11-28T00:00:00+00:00
[2023-11-28T01:15:30.181+0000] {processor.py:179} INFO - Processing /usr/local/lib/python3.10/dist-packages/airflow/example_dags/example_branch_operator_decorator.py took 0.108 seconds
[2023-11-28T01:16:14.244+0000] {processor.py:157} INFO - Started process (PID=6691) to work on /usr/local/lib/python3.10/dist-packages/airflow/example_dags/example_branch_operator_decorator.py
[2023-11-28T01:16:14.245+0000] {processor.py:829} INFO - Processing file /usr/local/lib/python3.10/dist-packages/airflow/example_dags/example_branch_operator_decorator.py for tasks to queue
[2023-11-28T01:16:14.246+0000] {logging_mixin.py:154} INFO - [2023-11-28T01:16:14.246+0000] {dagbag.py:536} INFO - Filling up the DagBag from /usr/local/lib/python3.10/dist-packages/airflow/example_dags/example_branch_operator_decorator.py
[2023-11-28T01:16:14.258+0000] {processor.py:839} INFO - DAG(s) dict_keys(['example_branch_python_operator_decorator']) retrieved from /usr/local/lib/python3.10/dist-packages/airflow/example_dags/example_branch_operator_decorator.py
[2023-11-28T01:16:14.278+0000] {logging_mixin.py:154} INFO - [2023-11-28T01:16:14.278+0000] {dag.py:2941} INFO - Sync 1 DAGs
[2023-11-28T01:16:14.301+0000] {logging_mixin.py:154} INFO - [2023-11-28T01:16:14.301+0000] {dag.py:3722} INFO - Setting next_dagrun for example_branch_python_operator_decorator to 2023-11-27T00:00:00+00:00, run_after=2023-11-28T00:00:00+00:00
[2023-11-28T01:16:14.334+0000] {processor.py:179} INFO - Processing /usr/local/lib/python3.10/dist-packages/airflow/example_dags/example_branch_operator_decorator.py took 0.093 seconds
[2023-11-28T01:17:01.921+0000] {processor.py:157} INFO - Started process (PID=6748) to work on /usr/local/lib/python3.10/dist-packages/airflow/example_dags/example_branch_operator_decorator.py
[2023-11-28T01:17:01.922+0000] {processor.py:829} INFO - Processing file /usr/local/lib/python3.10/dist-packages/airflow/example_dags/example_branch_operator_decorator.py for tasks to queue
[2023-11-28T01:17:01.923+0000] {logging_mixin.py:154} INFO - [2023-11-28T01:17:01.923+0000] {dagbag.py:536} INFO - Filling up the DagBag from /usr/local/lib/python3.10/dist-packages/airflow/example_dags/example_branch_operator_decorator.py
[2023-11-28T01:17:01.935+0000] {processor.py:839} INFO - DAG(s) dict_keys(['example_branch_python_operator_decorator']) retrieved from /usr/local/lib/python3.10/dist-packages/airflow/example_dags/example_branch_operator_decorator.py
[2023-11-28T01:17:01.956+0000] {logging_mixin.py:154} INFO - [2023-11-28T01:17:01.956+0000] {dag.py:2941} INFO - Sync 1 DAGs
[2023-11-28T01:17:01.980+0000] {logging_mixin.py:154} INFO - [2023-11-28T01:17:01.980+0000] {dag.py:3722} INFO - Setting next_dagrun for example_branch_python_operator_decorator to 2023-11-27T00:00:00+00:00, run_after=2023-11-28T00:00:00+00:00
[2023-11-28T01:17:02.005+0000] {processor.py:179} INFO - Processing /usr/local/lib/python3.10/dist-packages/airflow/example_dags/example_branch_operator_decorator.py took 0.088 seconds
[2023-11-28T01:17:52.446+0000] {processor.py:157} INFO - Started process (PID=6798) to work on /usr/local/lib/python3.10/dist-packages/airflow/example_dags/example_branch_operator_decorator.py
[2023-11-28T01:17:52.448+0000] {processor.py:829} INFO - Processing file /usr/local/lib/python3.10/dist-packages/airflow/example_dags/example_branch_operator_decorator.py for tasks to queue
[2023-11-28T01:17:52.449+0000] {logging_mixin.py:154} INFO - [2023-11-28T01:17:52.448+0000] {dagbag.py:536} INFO - Filling up the DagBag from /usr/local/lib/python3.10/dist-packages/airflow/example_dags/example_branch_operator_decorator.py
[2023-11-28T01:17:52.461+0000] {processor.py:839} INFO - DAG(s) dict_keys(['example_branch_python_operator_decorator']) retrieved from /usr/local/lib/python3.10/dist-packages/airflow/example_dags/example_branch_operator_decorator.py
[2023-11-28T01:17:52.481+0000] {logging_mixin.py:154} INFO - [2023-11-28T01:17:52.480+0000] {dag.py:2941} INFO - Sync 1 DAGs
[2023-11-28T01:17:52.505+0000] {logging_mixin.py:154} INFO - [2023-11-28T01:17:52.504+0000] {dag.py:3722} INFO - Setting next_dagrun for example_branch_python_operator_decorator to 2023-11-27T00:00:00+00:00, run_after=2023-11-28T00:00:00+00:00
[2023-11-28T01:17:52.528+0000] {processor.py:179} INFO - Processing /usr/local/lib/python3.10/dist-packages/airflow/example_dags/example_branch_operator_decorator.py took 0.085 seconds
[2023-11-28T01:18:36.625+0000] {processor.py:157} INFO - Started process (PID=6844) to work on /usr/local/lib/python3.10/dist-packages/airflow/example_dags/example_branch_operator_decorator.py
[2023-11-28T01:18:36.627+0000] {processor.py:829} INFO - Processing file /usr/local/lib/python3.10/dist-packages/airflow/example_dags/example_branch_operator_decorator.py for tasks to queue
[2023-11-28T01:18:36.627+0000] {logging_mixin.py:154} INFO - [2023-11-28T01:18:36.627+0000] {dagbag.py:536} INFO - Filling up the DagBag from /usr/local/lib/python3.10/dist-packages/airflow/example_dags/example_branch_operator_decorator.py
[2023-11-28T01:18:36.639+0000] {processor.py:839} INFO - DAG(s) dict_keys(['example_branch_python_operator_decorator']) retrieved from /usr/local/lib/python3.10/dist-packages/airflow/example_dags/example_branch_operator_decorator.py
[2023-11-28T01:18:36.658+0000] {logging_mixin.py:154} INFO - [2023-11-28T01:18:36.658+0000] {dag.py:2941} INFO - Sync 1 DAGs
[2023-11-28T01:18:36.680+0000] {logging_mixin.py:154} INFO - [2023-11-28T01:18:36.680+0000] {dag.py:3722} INFO - Setting next_dagrun for example_branch_python_operator_decorator to 2023-11-27T00:00:00+00:00, run_after=2023-11-28T00:00:00+00:00
[2023-11-28T01:18:36.702+0000] {processor.py:179} INFO - Processing /usr/local/lib/python3.10/dist-packages/airflow/example_dags/example_branch_operator_decorator.py took 0.081 seconds
[2023-11-28T01:19:23.377+0000] {processor.py:157} INFO - Started process (PID=6893) to work on /usr/local/lib/python3.10/dist-packages/airflow/example_dags/example_branch_operator_decorator.py
[2023-11-28T01:19:23.378+0000] {processor.py:829} INFO - Processing file /usr/local/lib/python3.10/dist-packages/airflow/example_dags/example_branch_operator_decorator.py for tasks to queue
[2023-11-28T01:19:23.379+0000] {logging_mixin.py:154} INFO - [2023-11-28T01:19:23.379+0000] {dagbag.py:536} INFO - Filling up the DagBag from /usr/local/lib/python3.10/dist-packages/airflow/example_dags/example_branch_operator_decorator.py
[2023-11-28T01:19:23.391+0000] {processor.py:839} INFO - DAG(s) dict_keys(['example_branch_python_operator_decorator']) retrieved from /usr/local/lib/python3.10/dist-packages/airflow/example_dags/example_branch_operator_decorator.py
[2023-11-28T01:19:23.410+0000] {logging_mixin.py:154} INFO - [2023-11-28T01:19:23.410+0000] {dag.py:2941} INFO - Sync 1 DAGs
[2023-11-28T01:19:23.433+0000] {logging_mixin.py:154} INFO - [2023-11-28T01:19:23.433+0000] {dag.py:3722} INFO - Setting next_dagrun for example_branch_python_operator_decorator to 2023-11-27T00:00:00+00:00, run_after=2023-11-28T00:00:00+00:00
[2023-11-28T01:19:23.456+0000] {processor.py:179} INFO - Processing /usr/local/lib/python3.10/dist-packages/airflow/example_dags/example_branch_operator_decorator.py took 0.083 seconds
