[2023-11-28T00:44:30.488+0000] {processor.py:157} INFO - Started process (PID=3412) to work on /usr/local/lib/python3.10/dist-packages/airflow/example_dags/example_short_circuit_operator.py
[2023-11-28T00:44:30.489+0000] {processor.py:829} INFO - Processing file /usr/local/lib/python3.10/dist-packages/airflow/example_dags/example_short_circuit_operator.py for tasks to queue
[2023-11-28T00:44:30.490+0000] {logging_mixin.py:154} INFO - [2023-11-28T00:44:30.490+0000] {dagbag.py:536} INFO - Filling up the DagBag from /usr/local/lib/python3.10/dist-packages/airflow/example_dags/example_short_circuit_operator.py
[2023-11-28T00:44:30.502+0000] {processor.py:839} INFO - DAG(s) dict_keys(['example_short_circuit_operator']) retrieved from /usr/local/lib/python3.10/dist-packages/airflow/example_dags/example_short_circuit_operator.py
[2023-11-28T00:44:30.619+0000] {logging_mixin.py:154} INFO - [2023-11-28T00:44:30.619+0000] {manager.py:499} INFO - Created Permission View: %s
[2023-11-28T00:44:30.633+0000] {logging_mixin.py:154} INFO - [2023-11-28T00:44:30.632+0000] {manager.py:499} INFO - Created Permission View: %s
[2023-11-28T00:44:30.642+0000] {logging_mixin.py:154} INFO - [2023-11-28T00:44:30.642+0000] {manager.py:499} INFO - Created Permission View: %s
[2023-11-28T00:44:30.643+0000] {logging_mixin.py:154} INFO - [2023-11-28T00:44:30.643+0000] {dag.py:2941} INFO - Sync 1 DAGs
[2023-11-28T00:44:30.656+0000] {logging_mixin.py:154} INFO - [2023-11-28T00:44:30.656+0000] {dag.py:2963} INFO - Creating ORM DAG for example_short_circuit_operator
[2023-11-28T00:44:30.666+0000] {logging_mixin.py:154} INFO - [2023-11-28T00:44:30.666+0000] {dag.py:3722} INFO - Setting next_dagrun for example_short_circuit_operator to 2023-11-27T00:44:30.665743+00:00, run_after=2023-11-28T00:44:30.665743+00:00
[2023-11-28T00:44:30.717+0000] {processor.py:179} INFO - Processing /usr/local/lib/python3.10/dist-packages/airflow/example_dags/example_short_circuit_operator.py took 0.233 seconds
[2023-11-28T00:45:23.762+0000] {processor.py:157} INFO - Started process (PID=3547) to work on /usr/local/lib/python3.10/dist-packages/airflow/example_dags/example_short_circuit_operator.py
[2023-11-28T00:45:23.764+0000] {processor.py:829} INFO - Processing file /usr/local/lib/python3.10/dist-packages/airflow/example_dags/example_short_circuit_operator.py for tasks to queue
[2023-11-28T00:45:23.765+0000] {logging_mixin.py:154} INFO - [2023-11-28T00:45:23.764+0000] {dagbag.py:536} INFO - Filling up the DagBag from /usr/local/lib/python3.10/dist-packages/airflow/example_dags/example_short_circuit_operator.py
[2023-11-28T00:45:23.774+0000] {processor.py:839} INFO - DAG(s) dict_keys(['example_short_circuit_operator']) retrieved from /usr/local/lib/python3.10/dist-packages/airflow/example_dags/example_short_circuit_operator.py
[2023-11-28T00:45:23.793+0000] {logging_mixin.py:154} INFO - [2023-11-28T00:45:23.793+0000] {dag.py:2941} INFO - Sync 1 DAGs
[2023-11-28T00:45:23.814+0000] {logging_mixin.py:154} INFO - [2023-11-28T00:45:23.814+0000] {dag.py:3722} INFO - Setting next_dagrun for example_short_circuit_operator to 2023-11-27T00:45:23.813976+00:00, run_after=2023-11-28T00:45:23.813976+00:00
[2023-11-28T00:45:23.839+0000] {processor.py:179} INFO - Processing /usr/local/lib/python3.10/dist-packages/airflow/example_dags/example_short_circuit_operator.py took 0.081 seconds
[2023-11-28T00:46:08.936+0000] {processor.py:157} INFO - Started process (PID=3596) to work on /usr/local/lib/python3.10/dist-packages/airflow/example_dags/example_short_circuit_operator.py
[2023-11-28T00:46:08.938+0000] {processor.py:829} INFO - Processing file /usr/local/lib/python3.10/dist-packages/airflow/example_dags/example_short_circuit_operator.py for tasks to queue
[2023-11-28T00:46:08.939+0000] {logging_mixin.py:154} INFO - [2023-11-28T00:46:08.938+0000] {dagbag.py:536} INFO - Filling up the DagBag from /usr/local/lib/python3.10/dist-packages/airflow/example_dags/example_short_circuit_operator.py
[2023-11-28T00:46:08.948+0000] {processor.py:839} INFO - DAG(s) dict_keys(['example_short_circuit_operator']) retrieved from /usr/local/lib/python3.10/dist-packages/airflow/example_dags/example_short_circuit_operator.py
[2023-11-28T00:46:08.968+0000] {logging_mixin.py:154} INFO - [2023-11-28T00:46:08.968+0000] {dag.py:2941} INFO - Sync 1 DAGs
[2023-11-28T00:46:08.990+0000] {logging_mixin.py:154} INFO - [2023-11-28T00:46:08.990+0000] {dag.py:3722} INFO - Setting next_dagrun for example_short_circuit_operator to 2023-11-27T00:46:08.989762+00:00, run_after=2023-11-28T00:46:08.989762+00:00
[2023-11-28T00:46:09.014+0000] {processor.py:179} INFO - Processing /usr/local/lib/python3.10/dist-packages/airflow/example_dags/example_short_circuit_operator.py took 0.081 seconds
[2023-11-28T00:46:46.963+0000] {processor.py:157} INFO - Started process (PID=3637) to work on /usr/local/lib/python3.10/dist-packages/airflow/example_dags/example_short_circuit_operator.py
[2023-11-28T00:46:46.964+0000] {processor.py:829} INFO - Processing file /usr/local/lib/python3.10/dist-packages/airflow/example_dags/example_short_circuit_operator.py for tasks to queue
[2023-11-28T00:46:46.965+0000] {logging_mixin.py:154} INFO - [2023-11-28T00:46:46.965+0000] {dagbag.py:536} INFO - Filling up the DagBag from /usr/local/lib/python3.10/dist-packages/airflow/example_dags/example_short_circuit_operator.py
[2023-11-28T00:46:46.974+0000] {processor.py:839} INFO - DAG(s) dict_keys(['example_short_circuit_operator']) retrieved from /usr/local/lib/python3.10/dist-packages/airflow/example_dags/example_short_circuit_operator.py
[2023-11-28T00:46:46.994+0000] {logging_mixin.py:154} INFO - [2023-11-28T00:46:46.993+0000] {dag.py:2941} INFO - Sync 1 DAGs
[2023-11-28T00:46:47.015+0000] {logging_mixin.py:154} INFO - [2023-11-28T00:46:47.014+0000] {dag.py:3722} INFO - Setting next_dagrun for example_short_circuit_operator to 2023-11-27T00:46:47.014656+00:00, run_after=2023-11-28T00:46:47.014656+00:00
[2023-11-28T00:46:47.037+0000] {processor.py:179} INFO - Processing /usr/local/lib/python3.10/dist-packages/airflow/example_dags/example_short_circuit_operator.py took 0.077 seconds
[2023-11-28T00:47:31.669+0000] {processor.py:157} INFO - Started process (PID=3688) to work on /usr/local/lib/python3.10/dist-packages/airflow/example_dags/example_short_circuit_operator.py
[2023-11-28T00:47:31.670+0000] {processor.py:829} INFO - Processing file /usr/local/lib/python3.10/dist-packages/airflow/example_dags/example_short_circuit_operator.py for tasks to queue
[2023-11-28T00:47:31.671+0000] {logging_mixin.py:154} INFO - [2023-11-28T00:47:31.671+0000] {dagbag.py:536} INFO - Filling up the DagBag from /usr/local/lib/python3.10/dist-packages/airflow/example_dags/example_short_circuit_operator.py
[2023-11-28T00:47:31.680+0000] {processor.py:839} INFO - DAG(s) dict_keys(['example_short_circuit_operator']) retrieved from /usr/local/lib/python3.10/dist-packages/airflow/example_dags/example_short_circuit_operator.py
[2023-11-28T00:47:31.699+0000] {logging_mixin.py:154} INFO - [2023-11-28T00:47:31.699+0000] {dag.py:2941} INFO - Sync 1 DAGs
[2023-11-28T00:47:31.721+0000] {logging_mixin.py:154} INFO - [2023-11-28T00:47:31.720+0000] {dag.py:3722} INFO - Setting next_dagrun for example_short_circuit_operator to 2023-11-27T00:47:31.720418+00:00, run_after=2023-11-28T00:47:31.720418+00:00
[2023-11-28T00:47:31.743+0000] {processor.py:179} INFO - Processing /usr/local/lib/python3.10/dist-packages/airflow/example_dags/example_short_circuit_operator.py took 0.078 seconds
[2023-11-28T00:48:17.544+0000] {processor.py:157} INFO - Started process (PID=3734) to work on /usr/local/lib/python3.10/dist-packages/airflow/example_dags/example_short_circuit_operator.py
[2023-11-28T00:48:17.546+0000] {processor.py:829} INFO - Processing file /usr/local/lib/python3.10/dist-packages/airflow/example_dags/example_short_circuit_operator.py for tasks to queue
[2023-11-28T00:48:17.546+0000] {logging_mixin.py:154} INFO - [2023-11-28T00:48:17.546+0000] {dagbag.py:536} INFO - Filling up the DagBag from /usr/local/lib/python3.10/dist-packages/airflow/example_dags/example_short_circuit_operator.py
[2023-11-28T00:48:17.555+0000] {processor.py:839} INFO - DAG(s) dict_keys(['example_short_circuit_operator']) retrieved from /usr/local/lib/python3.10/dist-packages/airflow/example_dags/example_short_circuit_operator.py
[2023-11-28T00:48:17.575+0000] {logging_mixin.py:154} INFO - [2023-11-28T00:48:17.575+0000] {dag.py:2941} INFO - Sync 1 DAGs
[2023-11-28T00:48:17.597+0000] {logging_mixin.py:154} INFO - [2023-11-28T00:48:17.596+0000] {dag.py:3722} INFO - Setting next_dagrun for example_short_circuit_operator to 2023-11-27T00:48:17.596547+00:00, run_after=2023-11-28T00:48:17.596547+00:00
[2023-11-28T00:48:17.619+0000] {processor.py:179} INFO - Processing /usr/local/lib/python3.10/dist-packages/airflow/example_dags/example_short_circuit_operator.py took 0.078 seconds
[2023-11-28T00:48:59.014+0000] {processor.py:157} INFO - Started process (PID=3777) to work on /usr/local/lib/python3.10/dist-packages/airflow/example_dags/example_short_circuit_operator.py
[2023-11-28T00:48:59.015+0000] {processor.py:829} INFO - Processing file /usr/local/lib/python3.10/dist-packages/airflow/example_dags/example_short_circuit_operator.py for tasks to queue
[2023-11-28T00:48:59.016+0000] {logging_mixin.py:154} INFO - [2023-11-28T00:48:59.016+0000] {dagbag.py:536} INFO - Filling up the DagBag from /usr/local/lib/python3.10/dist-packages/airflow/example_dags/example_short_circuit_operator.py
[2023-11-28T00:48:59.025+0000] {processor.py:839} INFO - DAG(s) dict_keys(['example_short_circuit_operator']) retrieved from /usr/local/lib/python3.10/dist-packages/airflow/example_dags/example_short_circuit_operator.py
[2023-11-28T00:48:59.045+0000] {logging_mixin.py:154} INFO - [2023-11-28T00:48:59.044+0000] {dag.py:2941} INFO - Sync 1 DAGs
[2023-11-28T00:48:59.065+0000] {logging_mixin.py:154} INFO - [2023-11-28T00:48:59.065+0000] {dag.py:3722} INFO - Setting next_dagrun for example_short_circuit_operator to 2023-11-27T00:48:59.065474+00:00, run_after=2023-11-28T00:48:59.065474+00:00
[2023-11-28T00:48:59.088+0000] {processor.py:179} INFO - Processing /usr/local/lib/python3.10/dist-packages/airflow/example_dags/example_short_circuit_operator.py took 0.077 seconds
[2023-11-28T00:49:43.656+0000] {processor.py:157} INFO - Started process (PID=3824) to work on /usr/local/lib/python3.10/dist-packages/airflow/example_dags/example_short_circuit_operator.py
[2023-11-28T00:49:43.657+0000] {processor.py:829} INFO - Processing file /usr/local/lib/python3.10/dist-packages/airflow/example_dags/example_short_circuit_operator.py for tasks to queue
[2023-11-28T00:49:43.658+0000] {logging_mixin.py:154} INFO - [2023-11-28T00:49:43.658+0000] {dagbag.py:536} INFO - Filling up the DagBag from /usr/local/lib/python3.10/dist-packages/airflow/example_dags/example_short_circuit_operator.py
[2023-11-28T00:49:43.667+0000] {processor.py:839} INFO - DAG(s) dict_keys(['example_short_circuit_operator']) retrieved from /usr/local/lib/python3.10/dist-packages/airflow/example_dags/example_short_circuit_operator.py
[2023-11-28T00:49:43.687+0000] {logging_mixin.py:154} INFO - [2023-11-28T00:49:43.687+0000] {dag.py:2941} INFO - Sync 1 DAGs
[2023-11-28T00:49:43.710+0000] {logging_mixin.py:154} INFO - [2023-11-28T00:49:43.709+0000] {dag.py:3722} INFO - Setting next_dagrun for example_short_circuit_operator to 2023-11-27T00:49:43.709614+00:00, run_after=2023-11-28T00:49:43.709614+00:00
[2023-11-28T00:49:43.734+0000] {processor.py:179} INFO - Processing /usr/local/lib/python3.10/dist-packages/airflow/example_dags/example_short_circuit_operator.py took 0.082 seconds
[2023-11-28T00:50:28.853+0000] {processor.py:157} INFO - Started process (PID=3871) to work on /usr/local/lib/python3.10/dist-packages/airflow/example_dags/example_short_circuit_operator.py
[2023-11-28T00:50:28.854+0000] {processor.py:829} INFO - Processing file /usr/local/lib/python3.10/dist-packages/airflow/example_dags/example_short_circuit_operator.py for tasks to queue
[2023-11-28T00:50:28.855+0000] {logging_mixin.py:154} INFO - [2023-11-28T00:50:28.854+0000] {dagbag.py:536} INFO - Filling up the DagBag from /usr/local/lib/python3.10/dist-packages/airflow/example_dags/example_short_circuit_operator.py
[2023-11-28T00:50:28.864+0000] {processor.py:839} INFO - DAG(s) dict_keys(['example_short_circuit_operator']) retrieved from /usr/local/lib/python3.10/dist-packages/airflow/example_dags/example_short_circuit_operator.py
[2023-11-28T00:50:28.884+0000] {logging_mixin.py:154} INFO - [2023-11-28T00:50:28.884+0000] {dag.py:2941} INFO - Sync 1 DAGs
[2023-11-28T00:50:28.905+0000] {logging_mixin.py:154} INFO - [2023-11-28T00:50:28.905+0000] {dag.py:3722} INFO - Setting next_dagrun for example_short_circuit_operator to 2023-11-27T00:50:28.905423+00:00, run_after=2023-11-28T00:50:28.905423+00:00
[2023-11-28T00:50:28.928+0000] {processor.py:179} INFO - Processing /usr/local/lib/python3.10/dist-packages/airflow/example_dags/example_short_circuit_operator.py took 0.078 seconds
[2023-11-28T00:51:16.588+0000] {processor.py:157} INFO - Started process (PID=3919) to work on /usr/local/lib/python3.10/dist-packages/airflow/example_dags/example_short_circuit_operator.py
[2023-11-28T00:51:16.589+0000] {processor.py:829} INFO - Processing file /usr/local/lib/python3.10/dist-packages/airflow/example_dags/example_short_circuit_operator.py for tasks to queue
[2023-11-28T00:51:16.590+0000] {logging_mixin.py:154} INFO - [2023-11-28T00:51:16.590+0000] {dagbag.py:536} INFO - Filling up the DagBag from /usr/local/lib/python3.10/dist-packages/airflow/example_dags/example_short_circuit_operator.py
[2023-11-28T00:51:16.599+0000] {processor.py:839} INFO - DAG(s) dict_keys(['example_short_circuit_operator']) retrieved from /usr/local/lib/python3.10/dist-packages/airflow/example_dags/example_short_circuit_operator.py
[2023-11-28T00:51:16.619+0000] {logging_mixin.py:154} INFO - [2023-11-28T00:51:16.619+0000] {dag.py:2941} INFO - Sync 1 DAGs
[2023-11-28T00:51:16.641+0000] {logging_mixin.py:154} INFO - [2023-11-28T00:51:16.641+0000] {dag.py:3722} INFO - Setting next_dagrun for example_short_circuit_operator to 2023-11-27T00:51:16.641319+00:00, run_after=2023-11-28T00:51:16.641319+00:00
[2023-11-28T00:51:16.666+0000] {processor.py:179} INFO - Processing /usr/local/lib/python3.10/dist-packages/airflow/example_dags/example_short_circuit_operator.py took 0.082 seconds
[2023-11-28T00:52:02.927+0000] {processor.py:157} INFO - Started process (PID=3968) to work on /usr/local/lib/python3.10/dist-packages/airflow/example_dags/example_short_circuit_operator.py
[2023-11-28T00:52:02.928+0000] {processor.py:829} INFO - Processing file /usr/local/lib/python3.10/dist-packages/airflow/example_dags/example_short_circuit_operator.py for tasks to queue
[2023-11-28T00:52:02.929+0000] {logging_mixin.py:154} INFO - [2023-11-28T00:52:02.929+0000] {dagbag.py:536} INFO - Filling up the DagBag from /usr/local/lib/python3.10/dist-packages/airflow/example_dags/example_short_circuit_operator.py
[2023-11-28T00:52:02.938+0000] {processor.py:839} INFO - DAG(s) dict_keys(['example_short_circuit_operator']) retrieved from /usr/local/lib/python3.10/dist-packages/airflow/example_dags/example_short_circuit_operator.py
[2023-11-28T00:52:02.958+0000] {logging_mixin.py:154} INFO - [2023-11-28T00:52:02.957+0000] {dag.py:2941} INFO - Sync 1 DAGs
[2023-11-28T00:52:02.978+0000] {logging_mixin.py:154} INFO - [2023-11-28T00:52:02.978+0000] {dag.py:3722} INFO - Setting next_dagrun for example_short_circuit_operator to 2023-11-27T00:52:02.978461+00:00, run_after=2023-11-28T00:52:02.978461+00:00
[2023-11-28T00:52:03.000+0000] {processor.py:179} INFO - Processing /usr/local/lib/python3.10/dist-packages/airflow/example_dags/example_short_circuit_operator.py took 0.077 seconds
[2023-11-28T00:52:48.061+0000] {processor.py:157} INFO - Started process (PID=4386) to work on /usr/local/lib/python3.10/dist-packages/airflow/example_dags/example_short_circuit_operator.py
[2023-11-28T00:52:48.062+0000] {processor.py:829} INFO - Processing file /usr/local/lib/python3.10/dist-packages/airflow/example_dags/example_short_circuit_operator.py for tasks to queue
[2023-11-28T00:52:48.063+0000] {logging_mixin.py:154} INFO - [2023-11-28T00:52:48.063+0000] {dagbag.py:536} INFO - Filling up the DagBag from /usr/local/lib/python3.10/dist-packages/airflow/example_dags/example_short_circuit_operator.py
[2023-11-28T00:52:48.072+0000] {processor.py:839} INFO - DAG(s) dict_keys(['example_short_circuit_operator']) retrieved from /usr/local/lib/python3.10/dist-packages/airflow/example_dags/example_short_circuit_operator.py
[2023-11-28T00:52:48.091+0000] {logging_mixin.py:154} INFO - [2023-11-28T00:52:48.091+0000] {dag.py:2941} INFO - Sync 1 DAGs
[2023-11-28T00:52:48.112+0000] {logging_mixin.py:154} INFO - [2023-11-28T00:52:48.112+0000] {dag.py:3722} INFO - Setting next_dagrun for example_short_circuit_operator to 2023-11-27T00:52:48.112101+00:00, run_after=2023-11-28T00:52:48.112101+00:00
[2023-11-28T00:52:48.136+0000] {processor.py:179} INFO - Processing /usr/local/lib/python3.10/dist-packages/airflow/example_dags/example_short_circuit_operator.py took 0.078 seconds
[2023-11-28T00:53:35.389+0000] {processor.py:157} INFO - Started process (PID=4527) to work on /usr/local/lib/python3.10/dist-packages/airflow/example_dags/example_short_circuit_operator.py
[2023-11-28T00:53:35.390+0000] {processor.py:829} INFO - Processing file /usr/local/lib/python3.10/dist-packages/airflow/example_dags/example_short_circuit_operator.py for tasks to queue
[2023-11-28T00:53:35.391+0000] {logging_mixin.py:154} INFO - [2023-11-28T00:53:35.391+0000] {dagbag.py:536} INFO - Filling up the DagBag from /usr/local/lib/python3.10/dist-packages/airflow/example_dags/example_short_circuit_operator.py
[2023-11-28T00:53:35.400+0000] {processor.py:839} INFO - DAG(s) dict_keys(['example_short_circuit_operator']) retrieved from /usr/local/lib/python3.10/dist-packages/airflow/example_dags/example_short_circuit_operator.py
[2023-11-28T00:53:35.419+0000] {logging_mixin.py:154} INFO - [2023-11-28T00:53:35.419+0000] {dag.py:2941} INFO - Sync 1 DAGs
[2023-11-28T00:53:35.440+0000] {logging_mixin.py:154} INFO - [2023-11-28T00:53:35.439+0000] {dag.py:3722} INFO - Setting next_dagrun for example_short_circuit_operator to 2023-11-27T00:53:35.439750+00:00, run_after=2023-11-28T00:53:35.439750+00:00
[2023-11-28T00:53:35.462+0000] {processor.py:179} INFO - Processing /usr/local/lib/python3.10/dist-packages/airflow/example_dags/example_short_circuit_operator.py took 0.077 seconds
[2023-11-28T00:54:18.662+0000] {processor.py:157} INFO - Started process (PID=4887) to work on /usr/local/lib/python3.10/dist-packages/airflow/example_dags/example_short_circuit_operator.py
[2023-11-28T00:54:18.663+0000] {processor.py:829} INFO - Processing file /usr/local/lib/python3.10/dist-packages/airflow/example_dags/example_short_circuit_operator.py for tasks to queue
[2023-11-28T00:54:18.664+0000] {logging_mixin.py:154} INFO - [2023-11-28T00:54:18.664+0000] {dagbag.py:536} INFO - Filling up the DagBag from /usr/local/lib/python3.10/dist-packages/airflow/example_dags/example_short_circuit_operator.py
[2023-11-28T00:54:18.673+0000] {processor.py:839} INFO - DAG(s) dict_keys(['example_short_circuit_operator']) retrieved from /usr/local/lib/python3.10/dist-packages/airflow/example_dags/example_short_circuit_operator.py
[2023-11-28T00:54:18.692+0000] {logging_mixin.py:154} INFO - [2023-11-28T00:54:18.692+0000] {dag.py:2941} INFO - Sync 1 DAGs
[2023-11-28T00:54:18.713+0000] {logging_mixin.py:154} INFO - [2023-11-28T00:54:18.713+0000] {dag.py:3722} INFO - Setting next_dagrun for example_short_circuit_operator to 2023-11-27T00:54:18.713096+00:00, run_after=2023-11-28T00:54:18.713096+00:00
[2023-11-28T00:54:18.736+0000] {processor.py:179} INFO - Processing /usr/local/lib/python3.10/dist-packages/airflow/example_dags/example_short_circuit_operator.py took 0.077 seconds
[2023-11-28T00:55:02.103+0000] {processor.py:157} INFO - Started process (PID=4931) to work on /usr/local/lib/python3.10/dist-packages/airflow/example_dags/example_short_circuit_operator.py
[2023-11-28T00:55:02.104+0000] {processor.py:829} INFO - Processing file /usr/local/lib/python3.10/dist-packages/airflow/example_dags/example_short_circuit_operator.py for tasks to queue
[2023-11-28T00:55:02.105+0000] {logging_mixin.py:154} INFO - [2023-11-28T00:55:02.105+0000] {dagbag.py:536} INFO - Filling up the DagBag from /usr/local/lib/python3.10/dist-packages/airflow/example_dags/example_short_circuit_operator.py
[2023-11-28T00:55:02.115+0000] {processor.py:839} INFO - DAG(s) dict_keys(['example_short_circuit_operator']) retrieved from /usr/local/lib/python3.10/dist-packages/airflow/example_dags/example_short_circuit_operator.py
[2023-11-28T00:55:02.135+0000] {logging_mixin.py:154} INFO - [2023-11-28T00:55:02.135+0000] {dag.py:2941} INFO - Sync 1 DAGs
[2023-11-28T00:55:02.157+0000] {logging_mixin.py:154} INFO - [2023-11-28T00:55:02.157+0000] {dag.py:3722} INFO - Setting next_dagrun for example_short_circuit_operator to 2023-11-27T00:55:02.157083+00:00, run_after=2023-11-28T00:55:02.157083+00:00
[2023-11-28T00:55:02.183+0000] {processor.py:179} INFO - Processing /usr/local/lib/python3.10/dist-packages/airflow/example_dags/example_short_circuit_operator.py took 0.084 seconds
[2023-11-28T00:55:48.552+0000] {processor.py:157} INFO - Started process (PID=4985) to work on /usr/local/lib/python3.10/dist-packages/airflow/example_dags/example_short_circuit_operator.py
[2023-11-28T00:55:48.553+0000] {processor.py:829} INFO - Processing file /usr/local/lib/python3.10/dist-packages/airflow/example_dags/example_short_circuit_operator.py for tasks to queue
[2023-11-28T00:55:48.554+0000] {logging_mixin.py:154} INFO - [2023-11-28T00:55:48.554+0000] {dagbag.py:536} INFO - Filling up the DagBag from /usr/local/lib/python3.10/dist-packages/airflow/example_dags/example_short_circuit_operator.py
[2023-11-28T00:55:48.563+0000] {processor.py:839} INFO - DAG(s) dict_keys(['example_short_circuit_operator']) retrieved from /usr/local/lib/python3.10/dist-packages/airflow/example_dags/example_short_circuit_operator.py
[2023-11-28T00:55:48.583+0000] {logging_mixin.py:154} INFO - [2023-11-28T00:55:48.583+0000] {dag.py:2941} INFO - Sync 1 DAGs
[2023-11-28T00:55:48.604+0000] {logging_mixin.py:154} INFO - [2023-11-28T00:55:48.604+0000] {dag.py:3722} INFO - Setting next_dagrun for example_short_circuit_operator to 2023-11-27T00:55:48.603976+00:00, run_after=2023-11-28T00:55:48.603976+00:00
[2023-11-28T00:55:48.626+0000] {processor.py:179} INFO - Processing /usr/local/lib/python3.10/dist-packages/airflow/example_dags/example_short_circuit_operator.py took 0.078 seconds
[2023-11-28T00:56:34.809+0000] {processor.py:157} INFO - Started process (PID=5344) to work on /usr/local/lib/python3.10/dist-packages/airflow/example_dags/example_short_circuit_operator.py
[2023-11-28T00:56:34.810+0000] {processor.py:829} INFO - Processing file /usr/local/lib/python3.10/dist-packages/airflow/example_dags/example_short_circuit_operator.py for tasks to queue
[2023-11-28T00:56:34.811+0000] {logging_mixin.py:154} INFO - [2023-11-28T00:56:34.811+0000] {dagbag.py:536} INFO - Filling up the DagBag from /usr/local/lib/python3.10/dist-packages/airflow/example_dags/example_short_circuit_operator.py
[2023-11-28T00:56:34.820+0000] {processor.py:839} INFO - DAG(s) dict_keys(['example_short_circuit_operator']) retrieved from /usr/local/lib/python3.10/dist-packages/airflow/example_dags/example_short_circuit_operator.py
[2023-11-28T00:56:34.840+0000] {logging_mixin.py:154} INFO - [2023-11-28T00:56:34.840+0000] {dag.py:2941} INFO - Sync 1 DAGs
[2023-11-28T00:56:34.862+0000] {logging_mixin.py:154} INFO - [2023-11-28T00:56:34.861+0000] {dag.py:3722} INFO - Setting next_dagrun for example_short_circuit_operator to 2023-11-27T00:56:34.861510+00:00, run_after=2023-11-28T00:56:34.861510+00:00
[2023-11-28T00:56:34.885+0000] {processor.py:179} INFO - Processing /usr/local/lib/python3.10/dist-packages/airflow/example_dags/example_short_circuit_operator.py took 0.079 seconds
[2023-11-28T00:57:22.304+0000] {processor.py:157} INFO - Started process (PID=5396) to work on /usr/local/lib/python3.10/dist-packages/airflow/example_dags/example_short_circuit_operator.py
[2023-11-28T00:57:22.305+0000] {processor.py:829} INFO - Processing file /usr/local/lib/python3.10/dist-packages/airflow/example_dags/example_short_circuit_operator.py for tasks to queue
[2023-11-28T00:57:22.306+0000] {logging_mixin.py:154} INFO - [2023-11-28T00:57:22.305+0000] {dagbag.py:536} INFO - Filling up the DagBag from /usr/local/lib/python3.10/dist-packages/airflow/example_dags/example_short_circuit_operator.py
[2023-11-28T00:57:22.315+0000] {processor.py:839} INFO - DAG(s) dict_keys(['example_short_circuit_operator']) retrieved from /usr/local/lib/python3.10/dist-packages/airflow/example_dags/example_short_circuit_operator.py
[2023-11-28T00:57:22.334+0000] {logging_mixin.py:154} INFO - [2023-11-28T00:57:22.334+0000] {dag.py:2941} INFO - Sync 1 DAGs
[2023-11-28T00:57:22.354+0000] {logging_mixin.py:154} INFO - [2023-11-28T00:57:22.354+0000] {dag.py:3722} INFO - Setting next_dagrun for example_short_circuit_operator to 2023-11-27T00:57:22.354226+00:00, run_after=2023-11-28T00:57:22.354226+00:00
[2023-11-28T00:57:22.381+0000] {processor.py:179} INFO - Processing /usr/local/lib/python3.10/dist-packages/airflow/example_dags/example_short_circuit_operator.py took 0.081 seconds
[2023-11-28T00:58:08.438+0000] {processor.py:157} INFO - Started process (PID=5443) to work on /usr/local/lib/python3.10/dist-packages/airflow/example_dags/example_short_circuit_operator.py
[2023-11-28T00:58:08.440+0000] {processor.py:829} INFO - Processing file /usr/local/lib/python3.10/dist-packages/airflow/example_dags/example_short_circuit_operator.py for tasks to queue
[2023-11-28T00:58:08.441+0000] {logging_mixin.py:154} INFO - [2023-11-28T00:58:08.440+0000] {dagbag.py:536} INFO - Filling up the DagBag from /usr/local/lib/python3.10/dist-packages/airflow/example_dags/example_short_circuit_operator.py
[2023-11-28T00:58:08.450+0000] {processor.py:839} INFO - DAG(s) dict_keys(['example_short_circuit_operator']) retrieved from /usr/local/lib/python3.10/dist-packages/airflow/example_dags/example_short_circuit_operator.py
[2023-11-28T00:58:08.470+0000] {logging_mixin.py:154} INFO - [2023-11-28T00:58:08.469+0000] {dag.py:2941} INFO - Sync 1 DAGs
[2023-11-28T00:58:08.491+0000] {logging_mixin.py:154} INFO - [2023-11-28T00:58:08.491+0000] {dag.py:3722} INFO - Setting next_dagrun for example_short_circuit_operator to 2023-11-27T00:58:08.491243+00:00, run_after=2023-11-28T00:58:08.491243+00:00
[2023-11-28T00:58:08.516+0000] {processor.py:179} INFO - Processing /usr/local/lib/python3.10/dist-packages/airflow/example_dags/example_short_circuit_operator.py took 0.082 seconds
[2023-11-28T00:58:55.022+0000] {processor.py:157} INFO - Started process (PID=5490) to work on /usr/local/lib/python3.10/dist-packages/airflow/example_dags/example_short_circuit_operator.py
[2023-11-28T00:58:55.024+0000] {processor.py:829} INFO - Processing file /usr/local/lib/python3.10/dist-packages/airflow/example_dags/example_short_circuit_operator.py for tasks to queue
[2023-11-28T00:58:55.025+0000] {logging_mixin.py:154} INFO - [2023-11-28T00:58:55.024+0000] {dagbag.py:536} INFO - Filling up the DagBag from /usr/local/lib/python3.10/dist-packages/airflow/example_dags/example_short_circuit_operator.py
[2023-11-28T00:58:55.034+0000] {processor.py:839} INFO - DAG(s) dict_keys(['example_short_circuit_operator']) retrieved from /usr/local/lib/python3.10/dist-packages/airflow/example_dags/example_short_circuit_operator.py
[2023-11-28T00:58:55.054+0000] {logging_mixin.py:154} INFO - [2023-11-28T00:58:55.054+0000] {dag.py:2941} INFO - Sync 1 DAGs
[2023-11-28T00:58:55.076+0000] {logging_mixin.py:154} INFO - [2023-11-28T00:58:55.075+0000] {dag.py:3722} INFO - Setting next_dagrun for example_short_circuit_operator to 2023-11-27T00:58:55.075425+00:00, run_after=2023-11-28T00:58:55.075425+00:00
[2023-11-28T00:58:55.098+0000] {processor.py:179} INFO - Processing /usr/local/lib/python3.10/dist-packages/airflow/example_dags/example_short_circuit_operator.py took 0.080 seconds
[2023-11-28T00:59:40.361+0000] {processor.py:157} INFO - Started process (PID=5538) to work on /usr/local/lib/python3.10/dist-packages/airflow/example_dags/example_short_circuit_operator.py
[2023-11-28T00:59:40.362+0000] {processor.py:829} INFO - Processing file /usr/local/lib/python3.10/dist-packages/airflow/example_dags/example_short_circuit_operator.py for tasks to queue
[2023-11-28T00:59:40.363+0000] {logging_mixin.py:154} INFO - [2023-11-28T00:59:40.363+0000] {dagbag.py:536} INFO - Filling up the DagBag from /usr/local/lib/python3.10/dist-packages/airflow/example_dags/example_short_circuit_operator.py
[2023-11-28T00:59:40.372+0000] {processor.py:839} INFO - DAG(s) dict_keys(['example_short_circuit_operator']) retrieved from /usr/local/lib/python3.10/dist-packages/airflow/example_dags/example_short_circuit_operator.py
[2023-11-28T00:59:40.392+0000] {logging_mixin.py:154} INFO - [2023-11-28T00:59:40.392+0000] {dag.py:2941} INFO - Sync 1 DAGs
[2023-11-28T00:59:40.413+0000] {logging_mixin.py:154} INFO - [2023-11-28T00:59:40.413+0000] {dag.py:3722} INFO - Setting next_dagrun for example_short_circuit_operator to 2023-11-27T00:59:40.413441+00:00, run_after=2023-11-28T00:59:40.413441+00:00
[2023-11-28T00:59:40.436+0000] {processor.py:179} INFO - Processing /usr/local/lib/python3.10/dist-packages/airflow/example_dags/example_short_circuit_operator.py took 0.079 seconds
[2023-11-28T01:00:23.051+0000] {processor.py:157} INFO - Started process (PID=5582) to work on /usr/local/lib/python3.10/dist-packages/airflow/example_dags/example_short_circuit_operator.py
[2023-11-28T01:00:23.052+0000] {processor.py:829} INFO - Processing file /usr/local/lib/python3.10/dist-packages/airflow/example_dags/example_short_circuit_operator.py for tasks to queue
[2023-11-28T01:00:23.053+0000] {logging_mixin.py:154} INFO - [2023-11-28T01:00:23.053+0000] {dagbag.py:536} INFO - Filling up the DagBag from /usr/local/lib/python3.10/dist-packages/airflow/example_dags/example_short_circuit_operator.py
[2023-11-28T01:00:23.062+0000] {processor.py:839} INFO - DAG(s) dict_keys(['example_short_circuit_operator']) retrieved from /usr/local/lib/python3.10/dist-packages/airflow/example_dags/example_short_circuit_operator.py
[2023-11-28T01:00:23.082+0000] {logging_mixin.py:154} INFO - [2023-11-28T01:00:23.082+0000] {dag.py:2941} INFO - Sync 1 DAGs
[2023-11-28T01:00:23.102+0000] {logging_mixin.py:154} INFO - [2023-11-28T01:00:23.102+0000] {dag.py:3722} INFO - Setting next_dagrun for example_short_circuit_operator to 2023-11-27T01:00:23.102481+00:00, run_after=2023-11-28T01:00:23.102481+00:00
[2023-11-28T01:00:23.125+0000] {processor.py:179} INFO - Processing /usr/local/lib/python3.10/dist-packages/airflow/example_dags/example_short_circuit_operator.py took 0.078 seconds
[2023-11-28T01:01:09.438+0000] {processor.py:157} INFO - Started process (PID=5630) to work on /usr/local/lib/python3.10/dist-packages/airflow/example_dags/example_short_circuit_operator.py
[2023-11-28T01:01:09.440+0000] {processor.py:829} INFO - Processing file /usr/local/lib/python3.10/dist-packages/airflow/example_dags/example_short_circuit_operator.py for tasks to queue
[2023-11-28T01:01:09.441+0000] {logging_mixin.py:154} INFO - [2023-11-28T01:01:09.440+0000] {dagbag.py:536} INFO - Filling up the DagBag from /usr/local/lib/python3.10/dist-packages/airflow/example_dags/example_short_circuit_operator.py
[2023-11-28T01:01:09.450+0000] {processor.py:839} INFO - DAG(s) dict_keys(['example_short_circuit_operator']) retrieved from /usr/local/lib/python3.10/dist-packages/airflow/example_dags/example_short_circuit_operator.py
[2023-11-28T01:01:09.470+0000] {logging_mixin.py:154} INFO - [2023-11-28T01:01:09.469+0000] {dag.py:2941} INFO - Sync 1 DAGs
[2023-11-28T01:01:09.492+0000] {logging_mixin.py:154} INFO - [2023-11-28T01:01:09.491+0000] {dag.py:3722} INFO - Setting next_dagrun for example_short_circuit_operator to 2023-11-27T01:01:09.491585+00:00, run_after=2023-11-28T01:01:09.491585+00:00
[2023-11-28T01:01:09.514+0000] {processor.py:179} INFO - Processing /usr/local/lib/python3.10/dist-packages/airflow/example_dags/example_short_circuit_operator.py took 0.080 seconds
[2023-11-28T01:01:53.547+0000] {processor.py:157} INFO - Started process (PID=5676) to work on /usr/local/lib/python3.10/dist-packages/airflow/example_dags/example_short_circuit_operator.py
[2023-11-28T01:01:53.549+0000] {processor.py:829} INFO - Processing file /usr/local/lib/python3.10/dist-packages/airflow/example_dags/example_short_circuit_operator.py for tasks to queue
[2023-11-28T01:01:53.550+0000] {logging_mixin.py:154} INFO - [2023-11-28T01:01:53.549+0000] {dagbag.py:536} INFO - Filling up the DagBag from /usr/local/lib/python3.10/dist-packages/airflow/example_dags/example_short_circuit_operator.py
[2023-11-28T01:01:53.558+0000] {processor.py:839} INFO - DAG(s) dict_keys(['example_short_circuit_operator']) retrieved from /usr/local/lib/python3.10/dist-packages/airflow/example_dags/example_short_circuit_operator.py
[2023-11-28T01:01:53.578+0000] {logging_mixin.py:154} INFO - [2023-11-28T01:01:53.578+0000] {dag.py:2941} INFO - Sync 1 DAGs
[2023-11-28T01:01:53.599+0000] {logging_mixin.py:154} INFO - [2023-11-28T01:01:53.598+0000] {dag.py:3722} INFO - Setting next_dagrun for example_short_circuit_operator to 2023-11-27T01:01:53.598602+00:00, run_after=2023-11-28T01:01:53.598602+00:00
[2023-11-28T01:01:53.621+0000] {processor.py:179} INFO - Processing /usr/local/lib/python3.10/dist-packages/airflow/example_dags/example_short_circuit_operator.py took 0.077 seconds
[2023-11-28T01:02:39.657+0000] {processor.py:157} INFO - Started process (PID=5725) to work on /usr/local/lib/python3.10/dist-packages/airflow/example_dags/example_short_circuit_operator.py
[2023-11-28T01:02:39.659+0000] {processor.py:829} INFO - Processing file /usr/local/lib/python3.10/dist-packages/airflow/example_dags/example_short_circuit_operator.py for tasks to queue
[2023-11-28T01:02:39.659+0000] {logging_mixin.py:154} INFO - [2023-11-28T01:02:39.659+0000] {dagbag.py:536} INFO - Filling up the DagBag from /usr/local/lib/python3.10/dist-packages/airflow/example_dags/example_short_circuit_operator.py
[2023-11-28T01:02:39.668+0000] {processor.py:839} INFO - DAG(s) dict_keys(['example_short_circuit_operator']) retrieved from /usr/local/lib/python3.10/dist-packages/airflow/example_dags/example_short_circuit_operator.py
[2023-11-28T01:02:39.687+0000] {logging_mixin.py:154} INFO - [2023-11-28T01:02:39.687+0000] {dag.py:2941} INFO - Sync 1 DAGs
[2023-11-28T01:02:39.708+0000] {logging_mixin.py:154} INFO - [2023-11-28T01:02:39.708+0000] {dag.py:3722} INFO - Setting next_dagrun for example_short_circuit_operator to 2023-11-27T01:02:39.708378+00:00, run_after=2023-11-28T01:02:39.708378+00:00
[2023-11-28T01:02:39.730+0000] {processor.py:179} INFO - Processing /usr/local/lib/python3.10/dist-packages/airflow/example_dags/example_short_circuit_operator.py took 0.076 seconds
[2023-11-28T01:03:24.815+0000] {processor.py:157} INFO - Started process (PID=5770) to work on /usr/local/lib/python3.10/dist-packages/airflow/example_dags/example_short_circuit_operator.py
[2023-11-28T01:03:24.817+0000] {processor.py:829} INFO - Processing file /usr/local/lib/python3.10/dist-packages/airflow/example_dags/example_short_circuit_operator.py for tasks to queue
[2023-11-28T01:03:24.818+0000] {logging_mixin.py:154} INFO - [2023-11-28T01:03:24.817+0000] {dagbag.py:536} INFO - Filling up the DagBag from /usr/local/lib/python3.10/dist-packages/airflow/example_dags/example_short_circuit_operator.py
[2023-11-28T01:03:24.826+0000] {processor.py:839} INFO - DAG(s) dict_keys(['example_short_circuit_operator']) retrieved from /usr/local/lib/python3.10/dist-packages/airflow/example_dags/example_short_circuit_operator.py
[2023-11-28T01:03:24.847+0000] {logging_mixin.py:154} INFO - [2023-11-28T01:03:24.846+0000] {dag.py:2941} INFO - Sync 1 DAGs
[2023-11-28T01:03:24.867+0000] {logging_mixin.py:154} INFO - [2023-11-28T01:03:24.867+0000] {dag.py:3722} INFO - Setting next_dagrun for example_short_circuit_operator to 2023-11-27T01:03:24.866882+00:00, run_after=2023-11-28T01:03:24.866882+00:00
[2023-11-28T01:03:24.889+0000] {processor.py:179} INFO - Processing /usr/local/lib/python3.10/dist-packages/airflow/example_dags/example_short_circuit_operator.py took 0.077 seconds
[2023-11-28T01:04:09.700+0000] {processor.py:157} INFO - Started process (PID=5930) to work on /usr/local/lib/python3.10/dist-packages/airflow/example_dags/example_short_circuit_operator.py
[2023-11-28T01:04:09.701+0000] {processor.py:829} INFO - Processing file /usr/local/lib/python3.10/dist-packages/airflow/example_dags/example_short_circuit_operator.py for tasks to queue
[2023-11-28T01:04:09.702+0000] {logging_mixin.py:154} INFO - [2023-11-28T01:04:09.702+0000] {dagbag.py:536} INFO - Filling up the DagBag from /usr/local/lib/python3.10/dist-packages/airflow/example_dags/example_short_circuit_operator.py
[2023-11-28T01:04:09.711+0000] {processor.py:839} INFO - DAG(s) dict_keys(['example_short_circuit_operator']) retrieved from /usr/local/lib/python3.10/dist-packages/airflow/example_dags/example_short_circuit_operator.py
[2023-11-28T01:04:09.731+0000] {logging_mixin.py:154} INFO - [2023-11-28T01:04:09.731+0000] {dag.py:2941} INFO - Sync 1 DAGs
[2023-11-28T01:04:09.752+0000] {logging_mixin.py:154} INFO - [2023-11-28T01:04:09.752+0000] {dag.py:3722} INFO - Setting next_dagrun for example_short_circuit_operator to 2023-11-27T01:04:09.752321+00:00, run_after=2023-11-28T01:04:09.752321+00:00
[2023-11-28T01:04:09.776+0000] {processor.py:179} INFO - Processing /usr/local/lib/python3.10/dist-packages/airflow/example_dags/example_short_circuit_operator.py took 0.080 seconds
[2023-11-28T01:04:52.146+0000] {processor.py:157} INFO - Started process (PID=5976) to work on /usr/local/lib/python3.10/dist-packages/airflow/example_dags/example_short_circuit_operator.py
[2023-11-28T01:04:52.147+0000] {processor.py:829} INFO - Processing file /usr/local/lib/python3.10/dist-packages/airflow/example_dags/example_short_circuit_operator.py for tasks to queue
[2023-11-28T01:04:52.148+0000] {logging_mixin.py:154} INFO - [2023-11-28T01:04:52.147+0000] {dagbag.py:536} INFO - Filling up the DagBag from /usr/local/lib/python3.10/dist-packages/airflow/example_dags/example_short_circuit_operator.py
[2023-11-28T01:04:52.157+0000] {processor.py:839} INFO - DAG(s) dict_keys(['example_short_circuit_operator']) retrieved from /usr/local/lib/python3.10/dist-packages/airflow/example_dags/example_short_circuit_operator.py
[2023-11-28T01:04:52.177+0000] {logging_mixin.py:154} INFO - [2023-11-28T01:04:52.177+0000] {dag.py:2941} INFO - Sync 1 DAGs
[2023-11-28T01:04:52.199+0000] {logging_mixin.py:154} INFO - [2023-11-28T01:04:52.199+0000] {dag.py:3722} INFO - Setting next_dagrun for example_short_circuit_operator to 2023-11-27T01:04:52.199147+00:00, run_after=2023-11-28T01:04:52.199147+00:00
[2023-11-28T01:04:52.223+0000] {processor.py:179} INFO - Processing /usr/local/lib/python3.10/dist-packages/airflow/example_dags/example_short_circuit_operator.py took 0.081 seconds
[2023-11-28T01:05:36.109+0000] {processor.py:157} INFO - Started process (PID=6022) to work on /usr/local/lib/python3.10/dist-packages/airflow/example_dags/example_short_circuit_operator.py
[2023-11-28T01:05:36.110+0000] {processor.py:829} INFO - Processing file /usr/local/lib/python3.10/dist-packages/airflow/example_dags/example_short_circuit_operator.py for tasks to queue
[2023-11-28T01:05:36.111+0000] {logging_mixin.py:154} INFO - [2023-11-28T01:05:36.111+0000] {dagbag.py:536} INFO - Filling up the DagBag from /usr/local/lib/python3.10/dist-packages/airflow/example_dags/example_short_circuit_operator.py
[2023-11-28T01:05:36.120+0000] {processor.py:839} INFO - DAG(s) dict_keys(['example_short_circuit_operator']) retrieved from /usr/local/lib/python3.10/dist-packages/airflow/example_dags/example_short_circuit_operator.py
[2023-11-28T01:05:36.140+0000] {logging_mixin.py:154} INFO - [2023-11-28T01:05:36.140+0000] {dag.py:2941} INFO - Sync 1 DAGs
[2023-11-28T01:05:36.162+0000] {logging_mixin.py:154} INFO - [2023-11-28T01:05:36.162+0000] {dag.py:3722} INFO - Setting next_dagrun for example_short_circuit_operator to 2023-11-27T01:05:36.162272+00:00, run_after=2023-11-28T01:05:36.162272+00:00
[2023-11-28T01:05:36.185+0000] {processor.py:179} INFO - Processing /usr/local/lib/python3.10/dist-packages/airflow/example_dags/example_short_circuit_operator.py took 0.079 seconds
[2023-11-28T01:06:23.992+0000] {processor.py:157} INFO - Started process (PID=6071) to work on /usr/local/lib/python3.10/dist-packages/airflow/example_dags/example_short_circuit_operator.py
[2023-11-28T01:06:23.993+0000] {processor.py:829} INFO - Processing file /usr/local/lib/python3.10/dist-packages/airflow/example_dags/example_short_circuit_operator.py for tasks to queue
[2023-11-28T01:06:23.994+0000] {logging_mixin.py:154} INFO - [2023-11-28T01:06:23.994+0000] {dagbag.py:536} INFO - Filling up the DagBag from /usr/local/lib/python3.10/dist-packages/airflow/example_dags/example_short_circuit_operator.py
[2023-11-28T01:06:24.003+0000] {processor.py:839} INFO - DAG(s) dict_keys(['example_short_circuit_operator']) retrieved from /usr/local/lib/python3.10/dist-packages/airflow/example_dags/example_short_circuit_operator.py
[2023-11-28T01:06:24.023+0000] {logging_mixin.py:154} INFO - [2023-11-28T01:06:24.023+0000] {dag.py:2941} INFO - Sync 1 DAGs
[2023-11-28T01:06:24.044+0000] {logging_mixin.py:154} INFO - [2023-11-28T01:06:24.044+0000] {dag.py:3722} INFO - Setting next_dagrun for example_short_circuit_operator to 2023-11-27T01:06:24.043781+00:00, run_after=2023-11-28T01:06:24.043781+00:00
[2023-11-28T01:06:24.066+0000] {processor.py:179} INFO - Processing /usr/local/lib/python3.10/dist-packages/airflow/example_dags/example_short_circuit_operator.py took 0.078 seconds
[2023-11-28T01:07:09.958+0000] {processor.py:157} INFO - Started process (PID=6117) to work on /usr/local/lib/python3.10/dist-packages/airflow/example_dags/example_short_circuit_operator.py
[2023-11-28T01:07:09.959+0000] {processor.py:829} INFO - Processing file /usr/local/lib/python3.10/dist-packages/airflow/example_dags/example_short_circuit_operator.py for tasks to queue
[2023-11-28T01:07:09.960+0000] {logging_mixin.py:154} INFO - [2023-11-28T01:07:09.960+0000] {dagbag.py:536} INFO - Filling up the DagBag from /usr/local/lib/python3.10/dist-packages/airflow/example_dags/example_short_circuit_operator.py
[2023-11-28T01:07:09.969+0000] {processor.py:839} INFO - DAG(s) dict_keys(['example_short_circuit_operator']) retrieved from /usr/local/lib/python3.10/dist-packages/airflow/example_dags/example_short_circuit_operator.py
[2023-11-28T01:07:09.989+0000] {logging_mixin.py:154} INFO - [2023-11-28T01:07:09.989+0000] {dag.py:2941} INFO - Sync 1 DAGs
[2023-11-28T01:07:10.012+0000] {logging_mixin.py:154} INFO - [2023-11-28T01:07:10.011+0000] {dag.py:3722} INFO - Setting next_dagrun for example_short_circuit_operator to 2023-11-27T01:07:10.011477+00:00, run_after=2023-11-28T01:07:10.011477+00:00
[2023-11-28T01:07:10.037+0000] {processor.py:179} INFO - Processing /usr/local/lib/python3.10/dist-packages/airflow/example_dags/example_short_circuit_operator.py took 0.082 seconds
[2023-11-28T01:07:58.030+0000] {processor.py:157} INFO - Started process (PID=6166) to work on /usr/local/lib/python3.10/dist-packages/airflow/example_dags/example_short_circuit_operator.py
[2023-11-28T01:07:58.031+0000] {processor.py:829} INFO - Processing file /usr/local/lib/python3.10/dist-packages/airflow/example_dags/example_short_circuit_operator.py for tasks to queue
[2023-11-28T01:07:58.032+0000] {logging_mixin.py:154} INFO - [2023-11-28T01:07:58.032+0000] {dagbag.py:536} INFO - Filling up the DagBag from /usr/local/lib/python3.10/dist-packages/airflow/example_dags/example_short_circuit_operator.py
[2023-11-28T01:07:58.041+0000] {processor.py:839} INFO - DAG(s) dict_keys(['example_short_circuit_operator']) retrieved from /usr/local/lib/python3.10/dist-packages/airflow/example_dags/example_short_circuit_operator.py
[2023-11-28T01:07:58.061+0000] {logging_mixin.py:154} INFO - [2023-11-28T01:07:58.061+0000] {dag.py:2941} INFO - Sync 1 DAGs
[2023-11-28T01:07:58.082+0000] {logging_mixin.py:154} INFO - [2023-11-28T01:07:58.082+0000] {dag.py:3722} INFO - Setting next_dagrun for example_short_circuit_operator to 2023-11-27T01:07:58.082126+00:00, run_after=2023-11-28T01:07:58.082126+00:00
[2023-11-28T01:07:58.105+0000] {processor.py:179} INFO - Processing /usr/local/lib/python3.10/dist-packages/airflow/example_dags/example_short_circuit_operator.py took 0.078 seconds
[2023-11-28T01:08:45.545+0000] {processor.py:157} INFO - Started process (PID=6217) to work on /usr/local/lib/python3.10/dist-packages/airflow/example_dags/example_short_circuit_operator.py
[2023-11-28T01:08:45.546+0000] {processor.py:829} INFO - Processing file /usr/local/lib/python3.10/dist-packages/airflow/example_dags/example_short_circuit_operator.py for tasks to queue
[2023-11-28T01:08:45.547+0000] {logging_mixin.py:154} INFO - [2023-11-28T01:08:45.547+0000] {dagbag.py:536} INFO - Filling up the DagBag from /usr/local/lib/python3.10/dist-packages/airflow/example_dags/example_short_circuit_operator.py
[2023-11-28T01:08:45.556+0000] {processor.py:839} INFO - DAG(s) dict_keys(['example_short_circuit_operator']) retrieved from /usr/local/lib/python3.10/dist-packages/airflow/example_dags/example_short_circuit_operator.py
[2023-11-28T01:08:45.575+0000] {logging_mixin.py:154} INFO - [2023-11-28T01:08:45.575+0000] {dag.py:2941} INFO - Sync 1 DAGs
[2023-11-28T01:08:45.596+0000] {logging_mixin.py:154} INFO - [2023-11-28T01:08:45.596+0000] {dag.py:3722} INFO - Setting next_dagrun for example_short_circuit_operator to 2023-11-27T01:08:45.595821+00:00, run_after=2023-11-28T01:08:45.595821+00:00
[2023-11-28T01:08:45.619+0000] {processor.py:179} INFO - Processing /usr/local/lib/python3.10/dist-packages/airflow/example_dags/example_short_circuit_operator.py took 0.077 seconds
[2023-11-28T01:09:26.271+0000] {processor.py:157} INFO - Started process (PID=6262) to work on /usr/local/lib/python3.10/dist-packages/airflow/example_dags/example_short_circuit_operator.py
[2023-11-28T01:09:26.272+0000] {processor.py:829} INFO - Processing file /usr/local/lib/python3.10/dist-packages/airflow/example_dags/example_short_circuit_operator.py for tasks to queue
[2023-11-28T01:09:26.273+0000] {logging_mixin.py:154} INFO - [2023-11-28T01:09:26.273+0000] {dagbag.py:536} INFO - Filling up the DagBag from /usr/local/lib/python3.10/dist-packages/airflow/example_dags/example_short_circuit_operator.py
[2023-11-28T01:09:26.282+0000] {processor.py:839} INFO - DAG(s) dict_keys(['example_short_circuit_operator']) retrieved from /usr/local/lib/python3.10/dist-packages/airflow/example_dags/example_short_circuit_operator.py
[2023-11-28T01:09:26.301+0000] {logging_mixin.py:154} INFO - [2023-11-28T01:09:26.301+0000] {dag.py:2941} INFO - Sync 1 DAGs
[2023-11-28T01:09:26.323+0000] {logging_mixin.py:154} INFO - [2023-11-28T01:09:26.322+0000] {dag.py:3722} INFO - Setting next_dagrun for example_short_circuit_operator to 2023-11-27T01:09:26.322739+00:00, run_after=2023-11-28T01:09:26.322739+00:00
[2023-11-28T01:09:26.346+0000] {processor.py:179} INFO - Processing /usr/local/lib/python3.10/dist-packages/airflow/example_dags/example_short_circuit_operator.py took 0.079 seconds
[2023-11-28T01:10:14.339+0000] {processor.py:157} INFO - Started process (PID=6310) to work on /usr/local/lib/python3.10/dist-packages/airflow/example_dags/example_short_circuit_operator.py
[2023-11-28T01:10:14.340+0000] {processor.py:829} INFO - Processing file /usr/local/lib/python3.10/dist-packages/airflow/example_dags/example_short_circuit_operator.py for tasks to queue
[2023-11-28T01:10:14.341+0000] {logging_mixin.py:154} INFO - [2023-11-28T01:10:14.340+0000] {dagbag.py:536} INFO - Filling up the DagBag from /usr/local/lib/python3.10/dist-packages/airflow/example_dags/example_short_circuit_operator.py
[2023-11-28T01:10:14.350+0000] {processor.py:839} INFO - DAG(s) dict_keys(['example_short_circuit_operator']) retrieved from /usr/local/lib/python3.10/dist-packages/airflow/example_dags/example_short_circuit_operator.py
[2023-11-28T01:10:14.371+0000] {logging_mixin.py:154} INFO - [2023-11-28T01:10:14.370+0000] {dag.py:2941} INFO - Sync 1 DAGs
[2023-11-28T01:10:14.392+0000] {logging_mixin.py:154} INFO - [2023-11-28T01:10:14.391+0000] {dag.py:3722} INFO - Setting next_dagrun for example_short_circuit_operator to 2023-11-27T01:10:14.391715+00:00, run_after=2023-11-28T01:10:14.391715+00:00
[2023-11-28T01:10:14.415+0000] {processor.py:179} INFO - Processing /usr/local/lib/python3.10/dist-packages/airflow/example_dags/example_short_circuit_operator.py took 0.080 seconds
[2023-11-28T01:11:00.763+0000] {processor.py:157} INFO - Started process (PID=6357) to work on /usr/local/lib/python3.10/dist-packages/airflow/example_dags/example_short_circuit_operator.py
[2023-11-28T01:11:00.765+0000] {processor.py:829} INFO - Processing file /usr/local/lib/python3.10/dist-packages/airflow/example_dags/example_short_circuit_operator.py for tasks to queue
[2023-11-28T01:11:00.766+0000] {logging_mixin.py:154} INFO - [2023-11-28T01:11:00.765+0000] {dagbag.py:536} INFO - Filling up the DagBag from /usr/local/lib/python3.10/dist-packages/airflow/example_dags/example_short_circuit_operator.py
[2023-11-28T01:11:00.775+0000] {processor.py:839} INFO - DAG(s) dict_keys(['example_short_circuit_operator']) retrieved from /usr/local/lib/python3.10/dist-packages/airflow/example_dags/example_short_circuit_operator.py
[2023-11-28T01:11:00.795+0000] {logging_mixin.py:154} INFO - [2023-11-28T01:11:00.795+0000] {dag.py:2941} INFO - Sync 1 DAGs
[2023-11-28T01:11:00.817+0000] {logging_mixin.py:154} INFO - [2023-11-28T01:11:00.816+0000] {dag.py:3722} INFO - Setting next_dagrun for example_short_circuit_operator to 2023-11-27T01:11:00.816630+00:00, run_after=2023-11-28T01:11:00.816630+00:00
[2023-11-28T01:11:00.840+0000] {processor.py:179} INFO - Processing /usr/local/lib/python3.10/dist-packages/airflow/example_dags/example_short_circuit_operator.py took 0.080 seconds
[2023-11-28T01:11:46.201+0000] {processor.py:157} INFO - Started process (PID=6405) to work on /usr/local/lib/python3.10/dist-packages/airflow/example_dags/example_short_circuit_operator.py
[2023-11-28T01:11:46.202+0000] {processor.py:829} INFO - Processing file /usr/local/lib/python3.10/dist-packages/airflow/example_dags/example_short_circuit_operator.py for tasks to queue
[2023-11-28T01:11:46.203+0000] {logging_mixin.py:154} INFO - [2023-11-28T01:11:46.203+0000] {dagbag.py:536} INFO - Filling up the DagBag from /usr/local/lib/python3.10/dist-packages/airflow/example_dags/example_short_circuit_operator.py
[2023-11-28T01:11:46.212+0000] {processor.py:839} INFO - DAG(s) dict_keys(['example_short_circuit_operator']) retrieved from /usr/local/lib/python3.10/dist-packages/airflow/example_dags/example_short_circuit_operator.py
[2023-11-28T01:11:46.232+0000] {logging_mixin.py:154} INFO - [2023-11-28T01:11:46.232+0000] {dag.py:2941} INFO - Sync 1 DAGs
[2023-11-28T01:11:46.253+0000] {logging_mixin.py:154} INFO - [2023-11-28T01:11:46.252+0000] {dag.py:3722} INFO - Setting next_dagrun for example_short_circuit_operator to 2023-11-27T01:11:46.252716+00:00, run_after=2023-11-28T01:11:46.252716+00:00
[2023-11-28T01:11:46.277+0000] {processor.py:179} INFO - Processing /usr/local/lib/python3.10/dist-packages/airflow/example_dags/example_short_circuit_operator.py took 0.080 seconds
[2023-11-28T01:12:31.619+0000] {processor.py:157} INFO - Started process (PID=6453) to work on /usr/local/lib/python3.10/dist-packages/airflow/example_dags/example_short_circuit_operator.py
[2023-11-28T01:12:31.621+0000] {processor.py:829} INFO - Processing file /usr/local/lib/python3.10/dist-packages/airflow/example_dags/example_short_circuit_operator.py for tasks to queue
[2023-11-28T01:12:31.622+0000] {logging_mixin.py:154} INFO - [2023-11-28T01:12:31.621+0000] {dagbag.py:536} INFO - Filling up the DagBag from /usr/local/lib/python3.10/dist-packages/airflow/example_dags/example_short_circuit_operator.py
[2023-11-28T01:12:31.630+0000] {processor.py:839} INFO - DAG(s) dict_keys(['example_short_circuit_operator']) retrieved from /usr/local/lib/python3.10/dist-packages/airflow/example_dags/example_short_circuit_operator.py
[2023-11-28T01:12:31.650+0000] {logging_mixin.py:154} INFO - [2023-11-28T01:12:31.650+0000] {dag.py:2941} INFO - Sync 1 DAGs
[2023-11-28T01:12:31.671+0000] {logging_mixin.py:154} INFO - [2023-11-28T01:12:31.671+0000] {dag.py:3722} INFO - Setting next_dagrun for example_short_circuit_operator to 2023-11-27T01:12:31.670910+00:00, run_after=2023-11-28T01:12:31.670910+00:00
[2023-11-28T01:12:31.696+0000] {processor.py:179} INFO - Processing /usr/local/lib/python3.10/dist-packages/airflow/example_dags/example_short_circuit_operator.py took 0.080 seconds
[2023-11-28T01:13:14.863+0000] {processor.py:157} INFO - Started process (PID=6497) to work on /usr/local/lib/python3.10/dist-packages/airflow/example_dags/example_short_circuit_operator.py
[2023-11-28T01:13:14.864+0000] {processor.py:829} INFO - Processing file /usr/local/lib/python3.10/dist-packages/airflow/example_dags/example_short_circuit_operator.py for tasks to queue
[2023-11-28T01:13:14.865+0000] {logging_mixin.py:154} INFO - [2023-11-28T01:13:14.865+0000] {dagbag.py:536} INFO - Filling up the DagBag from /usr/local/lib/python3.10/dist-packages/airflow/example_dags/example_short_circuit_operator.py
[2023-11-28T01:13:14.875+0000] {processor.py:839} INFO - DAG(s) dict_keys(['example_short_circuit_operator']) retrieved from /usr/local/lib/python3.10/dist-packages/airflow/example_dags/example_short_circuit_operator.py
[2023-11-28T01:13:14.896+0000] {logging_mixin.py:154} INFO - [2023-11-28T01:13:14.895+0000] {dag.py:2941} INFO - Sync 1 DAGs
[2023-11-28T01:13:14.919+0000] {logging_mixin.py:154} INFO - [2023-11-28T01:13:14.919+0000] {dag.py:3722} INFO - Setting next_dagrun for example_short_circuit_operator to 2023-11-27T01:13:14.919134+00:00, run_after=2023-11-28T01:13:14.919134+00:00
[2023-11-28T01:13:14.944+0000] {processor.py:179} INFO - Processing /usr/local/lib/python3.10/dist-packages/airflow/example_dags/example_short_circuit_operator.py took 0.085 seconds
[2023-11-28T01:14:02.253+0000] {processor.py:157} INFO - Started process (PID=6545) to work on /usr/local/lib/python3.10/dist-packages/airflow/example_dags/example_short_circuit_operator.py
[2023-11-28T01:14:02.255+0000] {processor.py:829} INFO - Processing file /usr/local/lib/python3.10/dist-packages/airflow/example_dags/example_short_circuit_operator.py for tasks to queue
[2023-11-28T01:14:02.256+0000] {logging_mixin.py:154} INFO - [2023-11-28T01:14:02.255+0000] {dagbag.py:536} INFO - Filling up the DagBag from /usr/local/lib/python3.10/dist-packages/airflow/example_dags/example_short_circuit_operator.py
[2023-11-28T01:14:02.265+0000] {processor.py:839} INFO - DAG(s) dict_keys(['example_short_circuit_operator']) retrieved from /usr/local/lib/python3.10/dist-packages/airflow/example_dags/example_short_circuit_operator.py
[2023-11-28T01:14:02.284+0000] {logging_mixin.py:154} INFO - [2023-11-28T01:14:02.284+0000] {dag.py:2941} INFO - Sync 1 DAGs
[2023-11-28T01:14:02.306+0000] {logging_mixin.py:154} INFO - [2023-11-28T01:14:02.305+0000] {dag.py:3722} INFO - Setting next_dagrun for example_short_circuit_operator to 2023-11-27T01:14:02.305701+00:00, run_after=2023-11-28T01:14:02.305701+00:00
[2023-11-28T01:14:02.329+0000] {processor.py:179} INFO - Processing /usr/local/lib/python3.10/dist-packages/airflow/example_dags/example_short_circuit_operator.py took 0.079 seconds
[2023-11-28T01:15:07.160+0000] {processor.py:157} INFO - Started process (PID=6621) to work on /usr/local/lib/python3.10/dist-packages/airflow/example_dags/example_short_circuit_operator.py
[2023-11-28T01:15:07.162+0000] {processor.py:829} INFO - Processing file /usr/local/lib/python3.10/dist-packages/airflow/example_dags/example_short_circuit_operator.py for tasks to queue
[2023-11-28T01:15:07.163+0000] {logging_mixin.py:154} INFO - [2023-11-28T01:15:07.162+0000] {dagbag.py:536} INFO - Filling up the DagBag from /usr/local/lib/python3.10/dist-packages/airflow/example_dags/example_short_circuit_operator.py
[2023-11-28T01:15:07.174+0000] {processor.py:839} INFO - DAG(s) dict_keys(['example_short_circuit_operator']) retrieved from /usr/local/lib/python3.10/dist-packages/airflow/example_dags/example_short_circuit_operator.py
[2023-11-28T01:15:07.183+0000] {logging_mixin.py:154} INFO - [2023-11-28T01:15:07.182+0000] {dag.py:2941} INFO - Sync 1 DAGs
[2023-11-28T01:15:07.205+0000] {logging_mixin.py:154} INFO - [2023-11-28T01:15:07.205+0000] {dag.py:3722} INFO - Setting next_dagrun for example_short_circuit_operator to 2023-11-27T01:15:07.205050+00:00, run_after=2023-11-28T01:15:07.205050+00:00
[2023-11-28T01:15:07.263+0000] {processor.py:179} INFO - Processing /usr/local/lib/python3.10/dist-packages/airflow/example_dags/example_short_circuit_operator.py took 0.106 seconds
[2023-11-28T01:15:52.160+0000] {processor.py:157} INFO - Started process (PID=6668) to work on /usr/local/lib/python3.10/dist-packages/airflow/example_dags/example_short_circuit_operator.py
[2023-11-28T01:15:52.161+0000] {processor.py:829} INFO - Processing file /usr/local/lib/python3.10/dist-packages/airflow/example_dags/example_short_circuit_operator.py for tasks to queue
[2023-11-28T01:15:52.162+0000] {logging_mixin.py:154} INFO - [2023-11-28T01:15:52.162+0000] {dagbag.py:536} INFO - Filling up the DagBag from /usr/local/lib/python3.10/dist-packages/airflow/example_dags/example_short_circuit_operator.py
[2023-11-28T01:15:52.171+0000] {processor.py:839} INFO - DAG(s) dict_keys(['example_short_circuit_operator']) retrieved from /usr/local/lib/python3.10/dist-packages/airflow/example_dags/example_short_circuit_operator.py
[2023-11-28T01:15:52.191+0000] {logging_mixin.py:154} INFO - [2023-11-28T01:15:52.191+0000] {dag.py:2941} INFO - Sync 1 DAGs
[2023-11-28T01:15:52.212+0000] {logging_mixin.py:154} INFO - [2023-11-28T01:15:52.212+0000] {dag.py:3722} INFO - Setting next_dagrun for example_short_circuit_operator to 2023-11-27T01:15:52.212130+00:00, run_after=2023-11-28T01:15:52.212130+00:00
[2023-11-28T01:15:52.234+0000] {processor.py:179} INFO - Processing /usr/local/lib/python3.10/dist-packages/airflow/example_dags/example_short_circuit_operator.py took 0.078 seconds
[2023-11-28T01:16:35.970+0000] {processor.py:157} INFO - Started process (PID=6713) to work on /usr/local/lib/python3.10/dist-packages/airflow/example_dags/example_short_circuit_operator.py
[2023-11-28T01:16:35.971+0000] {processor.py:829} INFO - Processing file /usr/local/lib/python3.10/dist-packages/airflow/example_dags/example_short_circuit_operator.py for tasks to queue
[2023-11-28T01:16:35.972+0000] {logging_mixin.py:154} INFO - [2023-11-28T01:16:35.972+0000] {dagbag.py:536} INFO - Filling up the DagBag from /usr/local/lib/python3.10/dist-packages/airflow/example_dags/example_short_circuit_operator.py
[2023-11-28T01:16:35.981+0000] {processor.py:839} INFO - DAG(s) dict_keys(['example_short_circuit_operator']) retrieved from /usr/local/lib/python3.10/dist-packages/airflow/example_dags/example_short_circuit_operator.py
[2023-11-28T01:16:36.002+0000] {logging_mixin.py:154} INFO - [2023-11-28T01:16:36.001+0000] {dag.py:2941} INFO - Sync 1 DAGs
[2023-11-28T01:16:36.024+0000] {logging_mixin.py:154} INFO - [2023-11-28T01:16:36.024+0000] {dag.py:3722} INFO - Setting next_dagrun for example_short_circuit_operator to 2023-11-27T01:16:36.024032+00:00, run_after=2023-11-28T01:16:36.024032+00:00
[2023-11-28T01:16:36.047+0000] {processor.py:179} INFO - Processing /usr/local/lib/python3.10/dist-packages/airflow/example_dags/example_short_circuit_operator.py took 0.080 seconds
[2023-11-28T01:17:21.369+0000] {processor.py:157} INFO - Started process (PID=6767) to work on /usr/local/lib/python3.10/dist-packages/airflow/example_dags/example_short_circuit_operator.py
[2023-11-28T01:17:21.370+0000] {processor.py:829} INFO - Processing file /usr/local/lib/python3.10/dist-packages/airflow/example_dags/example_short_circuit_operator.py for tasks to queue
[2023-11-28T01:17:21.371+0000] {logging_mixin.py:154} INFO - [2023-11-28T01:17:21.371+0000] {dagbag.py:536} INFO - Filling up the DagBag from /usr/local/lib/python3.10/dist-packages/airflow/example_dags/example_short_circuit_operator.py
[2023-11-28T01:17:21.380+0000] {processor.py:839} INFO - DAG(s) dict_keys(['example_short_circuit_operator']) retrieved from /usr/local/lib/python3.10/dist-packages/airflow/example_dags/example_short_circuit_operator.py
[2023-11-28T01:17:21.400+0000] {logging_mixin.py:154} INFO - [2023-11-28T01:17:21.400+0000] {dag.py:2941} INFO - Sync 1 DAGs
[2023-11-28T01:17:21.421+0000] {logging_mixin.py:154} INFO - [2023-11-28T01:17:21.421+0000] {dag.py:3722} INFO - Setting next_dagrun for example_short_circuit_operator to 2023-11-27T01:17:21.420840+00:00, run_after=2023-11-28T01:17:21.420840+00:00
[2023-11-28T01:17:21.444+0000] {processor.py:179} INFO - Processing /usr/local/lib/python3.10/dist-packages/airflow/example_dags/example_short_circuit_operator.py took 0.078 seconds
[2023-11-28T01:18:07.749+0000] {processor.py:157} INFO - Started process (PID=6815) to work on /usr/local/lib/python3.10/dist-packages/airflow/example_dags/example_short_circuit_operator.py
[2023-11-28T01:18:07.750+0000] {processor.py:829} INFO - Processing file /usr/local/lib/python3.10/dist-packages/airflow/example_dags/example_short_circuit_operator.py for tasks to queue
[2023-11-28T01:18:07.751+0000] {logging_mixin.py:154} INFO - [2023-11-28T01:18:07.751+0000] {dagbag.py:536} INFO - Filling up the DagBag from /usr/local/lib/python3.10/dist-packages/airflow/example_dags/example_short_circuit_operator.py
[2023-11-28T01:18:07.760+0000] {processor.py:839} INFO - DAG(s) dict_keys(['example_short_circuit_operator']) retrieved from /usr/local/lib/python3.10/dist-packages/airflow/example_dags/example_short_circuit_operator.py
[2023-11-28T01:18:07.781+0000] {logging_mixin.py:154} INFO - [2023-11-28T01:18:07.780+0000] {dag.py:2941} INFO - Sync 1 DAGs
[2023-11-28T01:18:07.802+0000] {logging_mixin.py:154} INFO - [2023-11-28T01:18:07.802+0000] {dag.py:3722} INFO - Setting next_dagrun for example_short_circuit_operator to 2023-11-27T01:18:07.801812+00:00, run_after=2023-11-28T01:18:07.801812+00:00
[2023-11-28T01:18:07.825+0000] {processor.py:179} INFO - Processing /usr/local/lib/python3.10/dist-packages/airflow/example_dags/example_short_circuit_operator.py took 0.079 seconds
[2023-11-28T01:18:51.338+0000] {processor.py:157} INFO - Started process (PID=6858) to work on /usr/local/lib/python3.10/dist-packages/airflow/example_dags/example_short_circuit_operator.py
[2023-11-28T01:18:51.340+0000] {processor.py:829} INFO - Processing file /usr/local/lib/python3.10/dist-packages/airflow/example_dags/example_short_circuit_operator.py for tasks to queue
[2023-11-28T01:18:51.341+0000] {logging_mixin.py:154} INFO - [2023-11-28T01:18:51.340+0000] {dagbag.py:536} INFO - Filling up the DagBag from /usr/local/lib/python3.10/dist-packages/airflow/example_dags/example_short_circuit_operator.py
[2023-11-28T01:18:51.350+0000] {processor.py:839} INFO - DAG(s) dict_keys(['example_short_circuit_operator']) retrieved from /usr/local/lib/python3.10/dist-packages/airflow/example_dags/example_short_circuit_operator.py
[2023-11-28T01:18:51.370+0000] {logging_mixin.py:154} INFO - [2023-11-28T01:18:51.369+0000] {dag.py:2941} INFO - Sync 1 DAGs
[2023-11-28T01:18:51.390+0000] {logging_mixin.py:154} INFO - [2023-11-28T01:18:51.390+0000] {dag.py:3722} INFO - Setting next_dagrun for example_short_circuit_operator to 2023-11-27T01:18:51.390309+00:00, run_after=2023-11-28T01:18:51.390309+00:00
[2023-11-28T01:18:51.412+0000] {processor.py:179} INFO - Processing /usr/local/lib/python3.10/dist-packages/airflow/example_dags/example_short_circuit_operator.py took 0.077 seconds
[2023-11-28T01:19:34.819+0000] {processor.py:157} INFO - Started process (PID=7024) to work on /usr/local/lib/python3.10/dist-packages/airflow/example_dags/example_short_circuit_operator.py
[2023-11-28T01:19:34.820+0000] {processor.py:829} INFO - Processing file /usr/local/lib/python3.10/dist-packages/airflow/example_dags/example_short_circuit_operator.py for tasks to queue
[2023-11-28T01:19:34.821+0000] {logging_mixin.py:154} INFO - [2023-11-28T01:19:34.821+0000] {dagbag.py:536} INFO - Filling up the DagBag from /usr/local/lib/python3.10/dist-packages/airflow/example_dags/example_short_circuit_operator.py
[2023-11-28T01:19:34.830+0000] {processor.py:839} INFO - DAG(s) dict_keys(['example_short_circuit_operator']) retrieved from /usr/local/lib/python3.10/dist-packages/airflow/example_dags/example_short_circuit_operator.py
[2023-11-28T01:19:34.850+0000] {logging_mixin.py:154} INFO - [2023-11-28T01:19:34.849+0000] {dag.py:2941} INFO - Sync 1 DAGs
[2023-11-28T01:19:34.871+0000] {logging_mixin.py:154} INFO - [2023-11-28T01:19:34.870+0000] {dag.py:3722} INFO - Setting next_dagrun for example_short_circuit_operator to 2023-11-27T01:19:34.870444+00:00, run_after=2023-11-28T01:19:34.870444+00:00
[2023-11-28T01:19:34.894+0000] {processor.py:179} INFO - Processing /usr/local/lib/python3.10/dist-packages/airflow/example_dags/example_short_circuit_operator.py took 0.079 seconds
