[2023-11-28T00:45:00.363+0000] {processor.py:157} INFO - Started process (PID=3452) to work on /usr/local/lib/python3.10/dist-packages/airflow/example_dags/example_branch_datetime_operator.py
[2023-11-28T00:45:00.364+0000] {processor.py:829} INFO - Processing file /usr/local/lib/python3.10/dist-packages/airflow/example_dags/example_branch_datetime_operator.py for tasks to queue
[2023-11-28T00:45:00.365+0000] {logging_mixin.py:154} INFO - [2023-11-28T00:45:00.364+0000] {dagbag.py:536} INFO - Filling up the DagBag from /usr/local/lib/python3.10/dist-packages/airflow/example_dags/example_branch_datetime_operator.py
[2023-11-28T00:45:00.376+0000] {processor.py:839} INFO - DAG(s) dict_keys(['example_branch_datetime_operator_3', 'example_branch_datetime_operator_2', 'example_branch_datetime_operator']) retrieved from /usr/local/lib/python3.10/dist-packages/airflow/example_dags/example_branch_datetime_operator.py
[2023-11-28T00:45:00.496+0000] {logging_mixin.py:154} INFO - [2023-11-28T00:45:00.496+0000] {manager.py:499} INFO - Created Permission View: %s
[2023-11-28T00:45:00.511+0000] {logging_mixin.py:154} INFO - [2023-11-28T00:45:00.511+0000] {manager.py:499} INFO - Created Permission View: %s
[2023-11-28T00:45:00.524+0000] {logging_mixin.py:154} INFO - [2023-11-28T00:45:00.523+0000] {manager.py:499} INFO - Created Permission View: %s
[2023-11-28T00:45:00.548+0000] {logging_mixin.py:154} INFO - [2023-11-28T00:45:00.548+0000] {manager.py:499} INFO - Created Permission View: %s
[2023-11-28T00:45:00.559+0000] {logging_mixin.py:154} INFO - [2023-11-28T00:45:00.559+0000] {manager.py:499} INFO - Created Permission View: %s
[2023-11-28T00:45:00.569+0000] {logging_mixin.py:154} INFO - [2023-11-28T00:45:00.569+0000] {manager.py:499} INFO - Created Permission View: %s
[2023-11-28T00:45:00.593+0000] {logging_mixin.py:154} INFO - [2023-11-28T00:45:00.593+0000] {manager.py:499} INFO - Created Permission View: %s
[2023-11-28T00:45:00.604+0000] {logging_mixin.py:154} INFO - [2023-11-28T00:45:00.603+0000] {manager.py:499} INFO - Created Permission View: %s
[2023-11-28T00:45:00.614+0000] {logging_mixin.py:154} INFO - [2023-11-28T00:45:00.614+0000] {manager.py:499} INFO - Created Permission View: %s
[2023-11-28T00:45:00.614+0000] {logging_mixin.py:154} INFO - [2023-11-28T00:45:00.614+0000] {dag.py:2941} INFO - Sync 3 DAGs
[2023-11-28T00:45:00.626+0000] {logging_mixin.py:154} INFO - [2023-11-28T00:45:00.626+0000] {dag.py:2963} INFO - Creating ORM DAG for example_branch_datetime_operator
[2023-11-28T00:45:00.627+0000] {logging_mixin.py:154} INFO - [2023-11-28T00:45:00.627+0000] {dag.py:2963} INFO - Creating ORM DAG for example_branch_datetime_operator_2
[2023-11-28T00:45:00.627+0000] {logging_mixin.py:154} INFO - [2023-11-28T00:45:00.627+0000] {dag.py:2963} INFO - Creating ORM DAG for example_branch_datetime_operator_3
[2023-11-28T00:45:00.639+0000] {logging_mixin.py:154} INFO - [2023-11-28T00:45:00.639+0000] {dag.py:3722} INFO - Setting next_dagrun for example_branch_datetime_operator to 2023-11-27T00:00:00+00:00, run_after=2023-11-28T00:00:00+00:00
[2023-11-28T00:45:00.642+0000] {logging_mixin.py:154} INFO - [2023-11-28T00:45:00.641+0000] {dag.py:3722} INFO - Setting next_dagrun for example_branch_datetime_operator_2 to 2023-11-27T00:00:00+00:00, run_after=2023-11-28T00:00:00+00:00
[2023-11-28T00:45:00.644+0000] {logging_mixin.py:154} INFO - [2023-11-28T00:45:00.644+0000] {dag.py:3722} INFO - Setting next_dagrun for example_branch_datetime_operator_3 to 2023-11-27T00:00:00+00:00, run_after=2023-11-28T00:00:00+00:00
[2023-11-28T00:45:00.669+0000] {processor.py:179} INFO - Processing /usr/local/lib/python3.10/dist-packages/airflow/example_dags/example_branch_datetime_operator.py took 0.310 seconds
[2023-11-28T00:45:48.363+0000] {processor.py:157} INFO - Started process (PID=3574) to work on /usr/local/lib/python3.10/dist-packages/airflow/example_dags/example_branch_datetime_operator.py
[2023-11-28T00:45:48.365+0000] {processor.py:829} INFO - Processing file /usr/local/lib/python3.10/dist-packages/airflow/example_dags/example_branch_datetime_operator.py for tasks to queue
[2023-11-28T00:45:48.366+0000] {logging_mixin.py:154} INFO - [2023-11-28T00:45:48.365+0000] {dagbag.py:536} INFO - Filling up the DagBag from /usr/local/lib/python3.10/dist-packages/airflow/example_dags/example_branch_datetime_operator.py
[2023-11-28T00:45:48.377+0000] {processor.py:839} INFO - DAG(s) dict_keys(['example_branch_datetime_operator', 'example_branch_datetime_operator_3', 'example_branch_datetime_operator_2']) retrieved from /usr/local/lib/python3.10/dist-packages/airflow/example_dags/example_branch_datetime_operator.py
[2023-11-28T00:45:48.400+0000] {logging_mixin.py:154} INFO - [2023-11-28T00:45:48.400+0000] {dag.py:2941} INFO - Sync 3 DAGs
[2023-11-28T00:45:48.423+0000] {logging_mixin.py:154} INFO - [2023-11-28T00:45:48.423+0000] {dag.py:3722} INFO - Setting next_dagrun for example_branch_datetime_operator to 2023-11-27T00:00:00+00:00, run_after=2023-11-28T00:00:00+00:00
[2023-11-28T00:45:48.428+0000] {logging_mixin.py:154} INFO - [2023-11-28T00:45:48.428+0000] {dag.py:3722} INFO - Setting next_dagrun for example_branch_datetime_operator_2 to 2023-11-27T00:00:00+00:00, run_after=2023-11-28T00:00:00+00:00
[2023-11-28T00:45:48.431+0000] {logging_mixin.py:154} INFO - [2023-11-28T00:45:48.431+0000] {dag.py:3722} INFO - Setting next_dagrun for example_branch_datetime_operator_3 to 2023-11-27T00:00:00+00:00, run_after=2023-11-28T00:00:00+00:00
[2023-11-28T00:45:48.453+0000] {processor.py:179} INFO - Processing /usr/local/lib/python3.10/dist-packages/airflow/example_dags/example_branch_datetime_operator.py took 0.093 seconds
[2023-11-28T00:46:30.784+0000] {processor.py:157} INFO - Started process (PID=3620) to work on /usr/local/lib/python3.10/dist-packages/airflow/example_dags/example_branch_datetime_operator.py
[2023-11-28T00:46:30.785+0000] {processor.py:829} INFO - Processing file /usr/local/lib/python3.10/dist-packages/airflow/example_dags/example_branch_datetime_operator.py for tasks to queue
[2023-11-28T00:46:30.786+0000] {logging_mixin.py:154} INFO - [2023-11-28T00:46:30.786+0000] {dagbag.py:536} INFO - Filling up the DagBag from /usr/local/lib/python3.10/dist-packages/airflow/example_dags/example_branch_datetime_operator.py
[2023-11-28T00:46:30.797+0000] {processor.py:839} INFO - DAG(s) dict_keys(['example_branch_datetime_operator_2', 'example_branch_datetime_operator_3', 'example_branch_datetime_operator']) retrieved from /usr/local/lib/python3.10/dist-packages/airflow/example_dags/example_branch_datetime_operator.py
[2023-11-28T00:46:30.820+0000] {logging_mixin.py:154} INFO - [2023-11-28T00:46:30.820+0000] {dag.py:2941} INFO - Sync 3 DAGs
[2023-11-28T00:46:30.843+0000] {logging_mixin.py:154} INFO - [2023-11-28T00:46:30.843+0000] {dag.py:3722} INFO - Setting next_dagrun for example_branch_datetime_operator to 2023-11-27T00:00:00+00:00, run_after=2023-11-28T00:00:00+00:00
[2023-11-28T00:46:30.848+0000] {logging_mixin.py:154} INFO - [2023-11-28T00:46:30.848+0000] {dag.py:3722} INFO - Setting next_dagrun for example_branch_datetime_operator_2 to 2023-11-27T00:00:00+00:00, run_after=2023-11-28T00:00:00+00:00
[2023-11-28T00:46:30.850+0000] {logging_mixin.py:154} INFO - [2023-11-28T00:46:30.850+0000] {dag.py:3722} INFO - Setting next_dagrun for example_branch_datetime_operator_3 to 2023-11-27T00:00:00+00:00, run_after=2023-11-28T00:00:00+00:00
[2023-11-28T00:46:30.872+0000] {processor.py:179} INFO - Processing /usr/local/lib/python3.10/dist-packages/airflow/example_dags/example_branch_datetime_operator.py took 0.091 seconds
[2023-11-28T00:47:26.518+0000] {processor.py:157} INFO - Started process (PID=3683) to work on /usr/local/lib/python3.10/dist-packages/airflow/example_dags/example_branch_datetime_operator.py
[2023-11-28T00:47:26.520+0000] {processor.py:829} INFO - Processing file /usr/local/lib/python3.10/dist-packages/airflow/example_dags/example_branch_datetime_operator.py for tasks to queue
[2023-11-28T00:47:26.521+0000] {logging_mixin.py:154} INFO - [2023-11-28T00:47:26.520+0000] {dagbag.py:536} INFO - Filling up the DagBag from /usr/local/lib/python3.10/dist-packages/airflow/example_dags/example_branch_datetime_operator.py
[2023-11-28T00:47:26.532+0000] {processor.py:839} INFO - DAG(s) dict_keys(['example_branch_datetime_operator', 'example_branch_datetime_operator_3', 'example_branch_datetime_operator_2']) retrieved from /usr/local/lib/python3.10/dist-packages/airflow/example_dags/example_branch_datetime_operator.py
[2023-11-28T00:47:26.555+0000] {logging_mixin.py:154} INFO - [2023-11-28T00:47:26.555+0000] {dag.py:2941} INFO - Sync 3 DAGs
[2023-11-28T00:47:26.578+0000] {logging_mixin.py:154} INFO - [2023-11-28T00:47:26.578+0000] {dag.py:3722} INFO - Setting next_dagrun for example_branch_datetime_operator to 2023-11-27T00:00:00+00:00, run_after=2023-11-28T00:00:00+00:00
[2023-11-28T00:47:26.583+0000] {logging_mixin.py:154} INFO - [2023-11-28T00:47:26.583+0000] {dag.py:3722} INFO - Setting next_dagrun for example_branch_datetime_operator_2 to 2023-11-27T00:00:00+00:00, run_after=2023-11-28T00:00:00+00:00
[2023-11-28T00:47:26.586+0000] {logging_mixin.py:154} INFO - [2023-11-28T00:47:26.586+0000] {dag.py:3722} INFO - Setting next_dagrun for example_branch_datetime_operator_3 to 2023-11-27T00:00:00+00:00, run_after=2023-11-28T00:00:00+00:00
[2023-11-28T00:47:26.607+0000] {processor.py:179} INFO - Processing /usr/local/lib/python3.10/dist-packages/airflow/example_dags/example_branch_datetime_operator.py took 0.093 seconds
[2023-11-28T00:48:13.850+0000] {processor.py:157} INFO - Started process (PID=3730) to work on /usr/local/lib/python3.10/dist-packages/airflow/example_dags/example_branch_datetime_operator.py
[2023-11-28T00:48:13.852+0000] {processor.py:829} INFO - Processing file /usr/local/lib/python3.10/dist-packages/airflow/example_dags/example_branch_datetime_operator.py for tasks to queue
[2023-11-28T00:48:13.853+0000] {logging_mixin.py:154} INFO - [2023-11-28T00:48:13.852+0000] {dagbag.py:536} INFO - Filling up the DagBag from /usr/local/lib/python3.10/dist-packages/airflow/example_dags/example_branch_datetime_operator.py
[2023-11-28T00:48:13.864+0000] {processor.py:839} INFO - DAG(s) dict_keys(['example_branch_datetime_operator_3', 'example_branch_datetime_operator', 'example_branch_datetime_operator_2']) retrieved from /usr/local/lib/python3.10/dist-packages/airflow/example_dags/example_branch_datetime_operator.py
[2023-11-28T00:48:13.888+0000] {logging_mixin.py:154} INFO - [2023-11-28T00:48:13.888+0000] {dag.py:2941} INFO - Sync 3 DAGs
[2023-11-28T00:48:13.912+0000] {logging_mixin.py:154} INFO - [2023-11-28T00:48:13.912+0000] {dag.py:3722} INFO - Setting next_dagrun for example_branch_datetime_operator to 2023-11-27T00:00:00+00:00, run_after=2023-11-28T00:00:00+00:00
[2023-11-28T00:48:13.917+0000] {logging_mixin.py:154} INFO - [2023-11-28T00:48:13.917+0000] {dag.py:3722} INFO - Setting next_dagrun for example_branch_datetime_operator_2 to 2023-11-27T00:00:00+00:00, run_after=2023-11-28T00:00:00+00:00
[2023-11-28T00:48:13.920+0000] {logging_mixin.py:154} INFO - [2023-11-28T00:48:13.920+0000] {dag.py:3722} INFO - Setting next_dagrun for example_branch_datetime_operator_3 to 2023-11-27T00:00:00+00:00, run_after=2023-11-28T00:00:00+00:00
[2023-11-28T00:48:13.941+0000] {processor.py:179} INFO - Processing /usr/local/lib/python3.10/dist-packages/airflow/example_dags/example_branch_datetime_operator.py took 0.095 seconds
[2023-11-28T00:49:00.175+0000] {processor.py:157} INFO - Started process (PID=3778) to work on /usr/local/lib/python3.10/dist-packages/airflow/example_dags/example_branch_datetime_operator.py
[2023-11-28T00:49:00.177+0000] {processor.py:829} INFO - Processing file /usr/local/lib/python3.10/dist-packages/airflow/example_dags/example_branch_datetime_operator.py for tasks to queue
[2023-11-28T00:49:00.178+0000] {logging_mixin.py:154} INFO - [2023-11-28T00:49:00.178+0000] {dagbag.py:536} INFO - Filling up the DagBag from /usr/local/lib/python3.10/dist-packages/airflow/example_dags/example_branch_datetime_operator.py
[2023-11-28T00:49:00.191+0000] {processor.py:839} INFO - DAG(s) dict_keys(['example_branch_datetime_operator', 'example_branch_datetime_operator_2', 'example_branch_datetime_operator_3']) retrieved from /usr/local/lib/python3.10/dist-packages/airflow/example_dags/example_branch_datetime_operator.py
[2023-11-28T00:49:00.215+0000] {logging_mixin.py:154} INFO - [2023-11-28T00:49:00.215+0000] {dag.py:2941} INFO - Sync 3 DAGs
[2023-11-28T00:49:00.239+0000] {logging_mixin.py:154} INFO - [2023-11-28T00:49:00.239+0000] {dag.py:3722} INFO - Setting next_dagrun for example_branch_datetime_operator to 2023-11-27T00:00:00+00:00, run_after=2023-11-28T00:00:00+00:00
[2023-11-28T00:49:00.244+0000] {logging_mixin.py:154} INFO - [2023-11-28T00:49:00.244+0000] {dag.py:3722} INFO - Setting next_dagrun for example_branch_datetime_operator_2 to 2023-11-27T00:00:00+00:00, run_after=2023-11-28T00:00:00+00:00
[2023-11-28T00:49:00.247+0000] {logging_mixin.py:154} INFO - [2023-11-28T00:49:00.247+0000] {dag.py:3722} INFO - Setting next_dagrun for example_branch_datetime_operator_3 to 2023-11-27T00:00:00+00:00, run_after=2023-11-28T00:00:00+00:00
[2023-11-28T00:49:00.269+0000] {processor.py:179} INFO - Processing /usr/local/lib/python3.10/dist-packages/airflow/example_dags/example_branch_datetime_operator.py took 0.098 seconds
[2023-11-28T00:49:44.796+0000] {processor.py:157} INFO - Started process (PID=3825) to work on /usr/local/lib/python3.10/dist-packages/airflow/example_dags/example_branch_datetime_operator.py
[2023-11-28T00:49:44.797+0000] {processor.py:829} INFO - Processing file /usr/local/lib/python3.10/dist-packages/airflow/example_dags/example_branch_datetime_operator.py for tasks to queue
[2023-11-28T00:49:44.798+0000] {logging_mixin.py:154} INFO - [2023-11-28T00:49:44.798+0000] {dagbag.py:536} INFO - Filling up the DagBag from /usr/local/lib/python3.10/dist-packages/airflow/example_dags/example_branch_datetime_operator.py
[2023-11-28T00:49:44.809+0000] {processor.py:839} INFO - DAG(s) dict_keys(['example_branch_datetime_operator', 'example_branch_datetime_operator_3', 'example_branch_datetime_operator_2']) retrieved from /usr/local/lib/python3.10/dist-packages/airflow/example_dags/example_branch_datetime_operator.py
[2023-11-28T00:49:44.833+0000] {logging_mixin.py:154} INFO - [2023-11-28T00:49:44.833+0000] {dag.py:2941} INFO - Sync 3 DAGs
[2023-11-28T00:49:44.856+0000] {logging_mixin.py:154} INFO - [2023-11-28T00:49:44.856+0000] {dag.py:3722} INFO - Setting next_dagrun for example_branch_datetime_operator to 2023-11-27T00:00:00+00:00, run_after=2023-11-28T00:00:00+00:00
[2023-11-28T00:49:44.861+0000] {logging_mixin.py:154} INFO - [2023-11-28T00:49:44.861+0000] {dag.py:3722} INFO - Setting next_dagrun for example_branch_datetime_operator_2 to 2023-11-27T00:00:00+00:00, run_after=2023-11-28T00:00:00+00:00
[2023-11-28T00:49:44.864+0000] {logging_mixin.py:154} INFO - [2023-11-28T00:49:44.863+0000] {dag.py:3722} INFO - Setting next_dagrun for example_branch_datetime_operator_3 to 2023-11-27T00:00:00+00:00, run_after=2023-11-28T00:00:00+00:00
[2023-11-28T00:49:44.884+0000] {processor.py:179} INFO - Processing /usr/local/lib/python3.10/dist-packages/airflow/example_dags/example_branch_datetime_operator.py took 0.092 seconds
[2023-11-28T00:50:31.602+0000] {processor.py:157} INFO - Started process (PID=3874) to work on /usr/local/lib/python3.10/dist-packages/airflow/example_dags/example_branch_datetime_operator.py
[2023-11-28T00:50:31.603+0000] {processor.py:829} INFO - Processing file /usr/local/lib/python3.10/dist-packages/airflow/example_dags/example_branch_datetime_operator.py for tasks to queue
[2023-11-28T00:50:31.604+0000] {logging_mixin.py:154} INFO - [2023-11-28T00:50:31.604+0000] {dagbag.py:536} INFO - Filling up the DagBag from /usr/local/lib/python3.10/dist-packages/airflow/example_dags/example_branch_datetime_operator.py
[2023-11-28T00:50:31.615+0000] {processor.py:839} INFO - DAG(s) dict_keys(['example_branch_datetime_operator_2', 'example_branch_datetime_operator', 'example_branch_datetime_operator_3']) retrieved from /usr/local/lib/python3.10/dist-packages/airflow/example_dags/example_branch_datetime_operator.py
[2023-11-28T00:50:31.638+0000] {logging_mixin.py:154} INFO - [2023-11-28T00:50:31.638+0000] {dag.py:2941} INFO - Sync 3 DAGs
[2023-11-28T00:50:31.660+0000] {logging_mixin.py:154} INFO - [2023-11-28T00:50:31.660+0000] {dag.py:3722} INFO - Setting next_dagrun for example_branch_datetime_operator to 2023-11-27T00:00:00+00:00, run_after=2023-11-28T00:00:00+00:00
[2023-11-28T00:50:31.665+0000] {logging_mixin.py:154} INFO - [2023-11-28T00:50:31.665+0000] {dag.py:3722} INFO - Setting next_dagrun for example_branch_datetime_operator_2 to 2023-11-27T00:00:00+00:00, run_after=2023-11-28T00:00:00+00:00
[2023-11-28T00:50:31.668+0000] {logging_mixin.py:154} INFO - [2023-11-28T00:50:31.668+0000] {dag.py:3722} INFO - Setting next_dagrun for example_branch_datetime_operator_3 to 2023-11-27T00:00:00+00:00, run_after=2023-11-28T00:00:00+00:00
[2023-11-28T00:50:31.688+0000] {processor.py:179} INFO - Processing /usr/local/lib/python3.10/dist-packages/airflow/example_dags/example_branch_datetime_operator.py took 0.089 seconds
[2023-11-28T00:51:19.379+0000] {processor.py:157} INFO - Started process (PID=3923) to work on /usr/local/lib/python3.10/dist-packages/airflow/example_dags/example_branch_datetime_operator.py
[2023-11-28T00:51:19.381+0000] {processor.py:829} INFO - Processing file /usr/local/lib/python3.10/dist-packages/airflow/example_dags/example_branch_datetime_operator.py for tasks to queue
[2023-11-28T00:51:19.381+0000] {logging_mixin.py:154} INFO - [2023-11-28T00:51:19.381+0000] {dagbag.py:536} INFO - Filling up the DagBag from /usr/local/lib/python3.10/dist-packages/airflow/example_dags/example_branch_datetime_operator.py
[2023-11-28T00:51:19.393+0000] {processor.py:839} INFO - DAG(s) dict_keys(['example_branch_datetime_operator_2', 'example_branch_datetime_operator', 'example_branch_datetime_operator_3']) retrieved from /usr/local/lib/python3.10/dist-packages/airflow/example_dags/example_branch_datetime_operator.py
[2023-11-28T00:51:19.416+0000] {logging_mixin.py:154} INFO - [2023-11-28T00:51:19.416+0000] {dag.py:2941} INFO - Sync 3 DAGs
[2023-11-28T00:51:19.440+0000] {logging_mixin.py:154} INFO - [2023-11-28T00:51:19.440+0000] {dag.py:3722} INFO - Setting next_dagrun for example_branch_datetime_operator to 2023-11-27T00:00:00+00:00, run_after=2023-11-28T00:00:00+00:00
[2023-11-28T00:51:19.446+0000] {logging_mixin.py:154} INFO - [2023-11-28T00:51:19.445+0000] {dag.py:3722} INFO - Setting next_dagrun for example_branch_datetime_operator_2 to 2023-11-27T00:00:00+00:00, run_after=2023-11-28T00:00:00+00:00
[2023-11-28T00:51:19.448+0000] {logging_mixin.py:154} INFO - [2023-11-28T00:51:19.448+0000] {dag.py:3722} INFO - Setting next_dagrun for example_branch_datetime_operator_3 to 2023-11-27T00:00:00+00:00, run_after=2023-11-28T00:00:00+00:00
[2023-11-28T00:51:19.499+0000] {processor.py:179} INFO - Processing /usr/local/lib/python3.10/dist-packages/airflow/example_dags/example_branch_datetime_operator.py took 0.123 seconds
[2023-11-28T00:52:06.061+0000] {processor.py:157} INFO - Started process (PID=3972) to work on /usr/local/lib/python3.10/dist-packages/airflow/example_dags/example_branch_datetime_operator.py
[2023-11-28T00:52:06.063+0000] {processor.py:829} INFO - Processing file /usr/local/lib/python3.10/dist-packages/airflow/example_dags/example_branch_datetime_operator.py for tasks to queue
[2023-11-28T00:52:06.064+0000] {logging_mixin.py:154} INFO - [2023-11-28T00:52:06.063+0000] {dagbag.py:536} INFO - Filling up the DagBag from /usr/local/lib/python3.10/dist-packages/airflow/example_dags/example_branch_datetime_operator.py
[2023-11-28T00:52:06.075+0000] {processor.py:839} INFO - DAG(s) dict_keys(['example_branch_datetime_operator_2', 'example_branch_datetime_operator', 'example_branch_datetime_operator_3']) retrieved from /usr/local/lib/python3.10/dist-packages/airflow/example_dags/example_branch_datetime_operator.py
[2023-11-28T00:52:06.098+0000] {logging_mixin.py:154} INFO - [2023-11-28T00:52:06.098+0000] {dag.py:2941} INFO - Sync 3 DAGs
[2023-11-28T00:52:06.121+0000] {logging_mixin.py:154} INFO - [2023-11-28T00:52:06.121+0000] {dag.py:3722} INFO - Setting next_dagrun for example_branch_datetime_operator to 2023-11-27T00:00:00+00:00, run_after=2023-11-28T00:00:00+00:00
[2023-11-28T00:52:06.126+0000] {logging_mixin.py:154} INFO - [2023-11-28T00:52:06.126+0000] {dag.py:3722} INFO - Setting next_dagrun for example_branch_datetime_operator_2 to 2023-11-27T00:00:00+00:00, run_after=2023-11-28T00:00:00+00:00
[2023-11-28T00:52:06.128+0000] {logging_mixin.py:154} INFO - [2023-11-28T00:52:06.128+0000] {dag.py:3722} INFO - Setting next_dagrun for example_branch_datetime_operator_3 to 2023-11-27T00:00:00+00:00, run_after=2023-11-28T00:00:00+00:00
[2023-11-28T00:52:06.149+0000] {processor.py:179} INFO - Processing /usr/local/lib/python3.10/dist-packages/airflow/example_dags/example_branch_datetime_operator.py took 0.091 seconds
[2023-11-28T00:52:52.073+0000] {processor.py:157} INFO - Started process (PID=4402) to work on /usr/local/lib/python3.10/dist-packages/airflow/example_dags/example_branch_datetime_operator.py
[2023-11-28T00:52:52.075+0000] {processor.py:829} INFO - Processing file /usr/local/lib/python3.10/dist-packages/airflow/example_dags/example_branch_datetime_operator.py for tasks to queue
[2023-11-28T00:52:52.075+0000] {logging_mixin.py:154} INFO - [2023-11-28T00:52:52.075+0000] {dagbag.py:536} INFO - Filling up the DagBag from /usr/local/lib/python3.10/dist-packages/airflow/example_dags/example_branch_datetime_operator.py
[2023-11-28T00:52:52.086+0000] {processor.py:839} INFO - DAG(s) dict_keys(['example_branch_datetime_operator_3', 'example_branch_datetime_operator', 'example_branch_datetime_operator_2']) retrieved from /usr/local/lib/python3.10/dist-packages/airflow/example_dags/example_branch_datetime_operator.py
[2023-11-28T00:52:52.109+0000] {logging_mixin.py:154} INFO - [2023-11-28T00:52:52.108+0000] {dag.py:2941} INFO - Sync 3 DAGs
[2023-11-28T00:52:52.131+0000] {logging_mixin.py:154} INFO - [2023-11-28T00:52:52.131+0000] {dag.py:3722} INFO - Setting next_dagrun for example_branch_datetime_operator to 2023-11-27T00:00:00+00:00, run_after=2023-11-28T00:00:00+00:00
[2023-11-28T00:52:52.136+0000] {logging_mixin.py:154} INFO - [2023-11-28T00:52:52.136+0000] {dag.py:3722} INFO - Setting next_dagrun for example_branch_datetime_operator_2 to 2023-11-27T00:00:00+00:00, run_after=2023-11-28T00:00:00+00:00
[2023-11-28T00:52:52.138+0000] {logging_mixin.py:154} INFO - [2023-11-28T00:52:52.138+0000] {dag.py:3722} INFO - Setting next_dagrun for example_branch_datetime_operator_3 to 2023-11-27T00:00:00+00:00, run_after=2023-11-28T00:00:00+00:00
[2023-11-28T00:52:52.159+0000] {processor.py:179} INFO - Processing /usr/local/lib/python3.10/dist-packages/airflow/example_dags/example_branch_datetime_operator.py took 0.089 seconds
[2023-11-28T00:53:38.577+0000] {processor.py:157} INFO - Started process (PID=4537) to work on /usr/local/lib/python3.10/dist-packages/airflow/example_dags/example_branch_datetime_operator.py
[2023-11-28T00:53:38.578+0000] {processor.py:829} INFO - Processing file /usr/local/lib/python3.10/dist-packages/airflow/example_dags/example_branch_datetime_operator.py for tasks to queue
[2023-11-28T00:53:38.579+0000] {logging_mixin.py:154} INFO - [2023-11-28T00:53:38.579+0000] {dagbag.py:536} INFO - Filling up the DagBag from /usr/local/lib/python3.10/dist-packages/airflow/example_dags/example_branch_datetime_operator.py
[2023-11-28T00:53:38.590+0000] {processor.py:839} INFO - DAG(s) dict_keys(['example_branch_datetime_operator', 'example_branch_datetime_operator_2', 'example_branch_datetime_operator_3']) retrieved from /usr/local/lib/python3.10/dist-packages/airflow/example_dags/example_branch_datetime_operator.py
[2023-11-28T00:53:38.615+0000] {logging_mixin.py:154} INFO - [2023-11-28T00:53:38.614+0000] {dag.py:2941} INFO - Sync 3 DAGs
[2023-11-28T00:53:38.638+0000] {logging_mixin.py:154} INFO - [2023-11-28T00:53:38.638+0000] {dag.py:3722} INFO - Setting next_dagrun for example_branch_datetime_operator to 2023-11-27T00:00:00+00:00, run_after=2023-11-28T00:00:00+00:00
[2023-11-28T00:53:38.643+0000] {logging_mixin.py:154} INFO - [2023-11-28T00:53:38.643+0000] {dag.py:3722} INFO - Setting next_dagrun for example_branch_datetime_operator_2 to 2023-11-27T00:00:00+00:00, run_after=2023-11-28T00:00:00+00:00
[2023-11-28T00:53:38.646+0000] {logging_mixin.py:154} INFO - [2023-11-28T00:53:38.646+0000] {dag.py:3722} INFO - Setting next_dagrun for example_branch_datetime_operator_3 to 2023-11-27T00:00:00+00:00, run_after=2023-11-28T00:00:00+00:00
[2023-11-28T00:53:38.667+0000] {processor.py:179} INFO - Processing /usr/local/lib/python3.10/dist-packages/airflow/example_dags/example_branch_datetime_operator.py took 0.094 seconds
[2023-11-28T00:54:23.239+0000] {processor.py:157} INFO - Started process (PID=4891) to work on /usr/local/lib/python3.10/dist-packages/airflow/example_dags/example_branch_datetime_operator.py
[2023-11-28T00:54:23.241+0000] {processor.py:829} INFO - Processing file /usr/local/lib/python3.10/dist-packages/airflow/example_dags/example_branch_datetime_operator.py for tasks to queue
[2023-11-28T00:54:23.242+0000] {logging_mixin.py:154} INFO - [2023-11-28T00:54:23.241+0000] {dagbag.py:536} INFO - Filling up the DagBag from /usr/local/lib/python3.10/dist-packages/airflow/example_dags/example_branch_datetime_operator.py
[2023-11-28T00:54:23.253+0000] {processor.py:839} INFO - DAG(s) dict_keys(['example_branch_datetime_operator', 'example_branch_datetime_operator_3', 'example_branch_datetime_operator_2']) retrieved from /usr/local/lib/python3.10/dist-packages/airflow/example_dags/example_branch_datetime_operator.py
[2023-11-28T00:54:23.277+0000] {logging_mixin.py:154} INFO - [2023-11-28T00:54:23.277+0000] {dag.py:2941} INFO - Sync 3 DAGs
[2023-11-28T00:54:23.300+0000] {logging_mixin.py:154} INFO - [2023-11-28T00:54:23.300+0000] {dag.py:3722} INFO - Setting next_dagrun for example_branch_datetime_operator to 2023-11-27T00:00:00+00:00, run_after=2023-11-28T00:00:00+00:00
[2023-11-28T00:54:23.305+0000] {logging_mixin.py:154} INFO - [2023-11-28T00:54:23.305+0000] {dag.py:3722} INFO - Setting next_dagrun for example_branch_datetime_operator_2 to 2023-11-27T00:00:00+00:00, run_after=2023-11-28T00:00:00+00:00
[2023-11-28T00:54:23.307+0000] {logging_mixin.py:154} INFO - [2023-11-28T00:54:23.307+0000] {dag.py:3722} INFO - Setting next_dagrun for example_branch_datetime_operator_3 to 2023-11-27T00:00:00+00:00, run_after=2023-11-28T00:00:00+00:00
[2023-11-28T00:54:23.328+0000] {processor.py:179} INFO - Processing /usr/local/lib/python3.10/dist-packages/airflow/example_dags/example_branch_datetime_operator.py took 0.092 seconds
[2023-11-28T00:55:15.372+0000] {processor.py:157} INFO - Started process (PID=4945) to work on /usr/local/lib/python3.10/dist-packages/airflow/example_dags/example_branch_datetime_operator.py
[2023-11-28T00:55:15.374+0000] {processor.py:829} INFO - Processing file /usr/local/lib/python3.10/dist-packages/airflow/example_dags/example_branch_datetime_operator.py for tasks to queue
[2023-11-28T00:55:15.374+0000] {logging_mixin.py:154} INFO - [2023-11-28T00:55:15.374+0000] {dagbag.py:536} INFO - Filling up the DagBag from /usr/local/lib/python3.10/dist-packages/airflow/example_dags/example_branch_datetime_operator.py
[2023-11-28T00:55:15.385+0000] {processor.py:839} INFO - DAG(s) dict_keys(['example_branch_datetime_operator', 'example_branch_datetime_operator_3', 'example_branch_datetime_operator_2']) retrieved from /usr/local/lib/python3.10/dist-packages/airflow/example_dags/example_branch_datetime_operator.py
[2023-11-28T00:55:15.410+0000] {logging_mixin.py:154} INFO - [2023-11-28T00:55:15.409+0000] {dag.py:2941} INFO - Sync 3 DAGs
[2023-11-28T00:55:15.433+0000] {logging_mixin.py:154} INFO - [2023-11-28T00:55:15.433+0000] {dag.py:3722} INFO - Setting next_dagrun for example_branch_datetime_operator to 2023-11-27T00:00:00+00:00, run_after=2023-11-28T00:00:00+00:00
[2023-11-28T00:55:15.438+0000] {logging_mixin.py:154} INFO - [2023-11-28T00:55:15.438+0000] {dag.py:3722} INFO - Setting next_dagrun for example_branch_datetime_operator_2 to 2023-11-27T00:00:00+00:00, run_after=2023-11-28T00:00:00+00:00
[2023-11-28T00:55:15.440+0000] {logging_mixin.py:154} INFO - [2023-11-28T00:55:15.440+0000] {dag.py:3722} INFO - Setting next_dagrun for example_branch_datetime_operator_3 to 2023-11-27T00:00:00+00:00, run_after=2023-11-28T00:00:00+00:00
[2023-11-28T00:55:15.462+0000] {processor.py:179} INFO - Processing /usr/local/lib/python3.10/dist-packages/airflow/example_dags/example_branch_datetime_operator.py took 0.093 seconds
[2023-11-28T00:56:04.005+0000] {processor.py:157} INFO - Started process (PID=5269) to work on /usr/local/lib/python3.10/dist-packages/airflow/example_dags/example_branch_datetime_operator.py
[2023-11-28T00:56:04.007+0000] {processor.py:829} INFO - Processing file /usr/local/lib/python3.10/dist-packages/airflow/example_dags/example_branch_datetime_operator.py for tasks to queue
[2023-11-28T00:56:04.008+0000] {logging_mixin.py:154} INFO - [2023-11-28T00:56:04.008+0000] {dagbag.py:536} INFO - Filling up the DagBag from /usr/local/lib/python3.10/dist-packages/airflow/example_dags/example_branch_datetime_operator.py
[2023-11-28T00:56:04.019+0000] {processor.py:839} INFO - DAG(s) dict_keys(['example_branch_datetime_operator', 'example_branch_datetime_operator_2', 'example_branch_datetime_operator_3']) retrieved from /usr/local/lib/python3.10/dist-packages/airflow/example_dags/example_branch_datetime_operator.py
[2023-11-28T00:56:04.044+0000] {logging_mixin.py:154} INFO - [2023-11-28T00:56:04.044+0000] {dag.py:2941} INFO - Sync 3 DAGs
[2023-11-28T00:56:04.067+0000] {logging_mixin.py:154} INFO - [2023-11-28T00:56:04.067+0000] {dag.py:3722} INFO - Setting next_dagrun for example_branch_datetime_operator to 2023-11-27T00:00:00+00:00, run_after=2023-11-28T00:00:00+00:00
[2023-11-28T00:56:04.072+0000] {logging_mixin.py:154} INFO - [2023-11-28T00:56:04.072+0000] {dag.py:3722} INFO - Setting next_dagrun for example_branch_datetime_operator_2 to 2023-11-27T00:00:00+00:00, run_after=2023-11-28T00:00:00+00:00
[2023-11-28T00:56:04.075+0000] {logging_mixin.py:154} INFO - [2023-11-28T00:56:04.074+0000] {dag.py:3722} INFO - Setting next_dagrun for example_branch_datetime_operator_3 to 2023-11-27T00:00:00+00:00, run_after=2023-11-28T00:00:00+00:00
[2023-11-28T00:56:04.098+0000] {processor.py:179} INFO - Processing /usr/local/lib/python3.10/dist-packages/airflow/example_dags/example_branch_datetime_operator.py took 0.097 seconds
[2023-11-28T00:56:50.259+0000] {processor.py:157} INFO - Started process (PID=5361) to work on /usr/local/lib/python3.10/dist-packages/airflow/example_dags/example_branch_datetime_operator.py
[2023-11-28T00:56:50.261+0000] {processor.py:829} INFO - Processing file /usr/local/lib/python3.10/dist-packages/airflow/example_dags/example_branch_datetime_operator.py for tasks to queue
[2023-11-28T00:56:50.262+0000] {logging_mixin.py:154} INFO - [2023-11-28T00:56:50.262+0000] {dagbag.py:536} INFO - Filling up the DagBag from /usr/local/lib/python3.10/dist-packages/airflow/example_dags/example_branch_datetime_operator.py
[2023-11-28T00:56:50.273+0000] {processor.py:839} INFO - DAG(s) dict_keys(['example_branch_datetime_operator_3', 'example_branch_datetime_operator', 'example_branch_datetime_operator_2']) retrieved from /usr/local/lib/python3.10/dist-packages/airflow/example_dags/example_branch_datetime_operator.py
[2023-11-28T00:56:50.297+0000] {logging_mixin.py:154} INFO - [2023-11-28T00:56:50.297+0000] {dag.py:2941} INFO - Sync 3 DAGs
[2023-11-28T00:56:50.320+0000] {logging_mixin.py:154} INFO - [2023-11-28T00:56:50.320+0000] {dag.py:3722} INFO - Setting next_dagrun for example_branch_datetime_operator to 2023-11-27T00:00:00+00:00, run_after=2023-11-28T00:00:00+00:00
[2023-11-28T00:56:50.325+0000] {logging_mixin.py:154} INFO - [2023-11-28T00:56:50.325+0000] {dag.py:3722} INFO - Setting next_dagrun for example_branch_datetime_operator_2 to 2023-11-27T00:00:00+00:00, run_after=2023-11-28T00:00:00+00:00
[2023-11-28T00:56:50.328+0000] {logging_mixin.py:154} INFO - [2023-11-28T00:56:50.328+0000] {dag.py:3722} INFO - Setting next_dagrun for example_branch_datetime_operator_3 to 2023-11-27T00:00:00+00:00, run_after=2023-11-28T00:00:00+00:00
[2023-11-28T00:56:50.350+0000] {processor.py:179} INFO - Processing /usr/local/lib/python3.10/dist-packages/airflow/example_dags/example_branch_datetime_operator.py took 0.094 seconds
[2023-11-28T00:57:37.594+0000] {processor.py:157} INFO - Started process (PID=5411) to work on /usr/local/lib/python3.10/dist-packages/airflow/example_dags/example_branch_datetime_operator.py
[2023-11-28T00:57:37.596+0000] {processor.py:829} INFO - Processing file /usr/local/lib/python3.10/dist-packages/airflow/example_dags/example_branch_datetime_operator.py for tasks to queue
[2023-11-28T00:57:37.597+0000] {logging_mixin.py:154} INFO - [2023-11-28T00:57:37.596+0000] {dagbag.py:536} INFO - Filling up the DagBag from /usr/local/lib/python3.10/dist-packages/airflow/example_dags/example_branch_datetime_operator.py
[2023-11-28T00:57:37.608+0000] {processor.py:839} INFO - DAG(s) dict_keys(['example_branch_datetime_operator_2', 'example_branch_datetime_operator', 'example_branch_datetime_operator_3']) retrieved from /usr/local/lib/python3.10/dist-packages/airflow/example_dags/example_branch_datetime_operator.py
[2023-11-28T00:57:37.633+0000] {logging_mixin.py:154} INFO - [2023-11-28T00:57:37.633+0000] {dag.py:2941} INFO - Sync 3 DAGs
[2023-11-28T00:57:37.657+0000] {logging_mixin.py:154} INFO - [2023-11-28T00:57:37.656+0000] {dag.py:3722} INFO - Setting next_dagrun for example_branch_datetime_operator to 2023-11-27T00:00:00+00:00, run_after=2023-11-28T00:00:00+00:00
[2023-11-28T00:57:37.661+0000] {logging_mixin.py:154} INFO - [2023-11-28T00:57:37.661+0000] {dag.py:3722} INFO - Setting next_dagrun for example_branch_datetime_operator_2 to 2023-11-27T00:00:00+00:00, run_after=2023-11-28T00:00:00+00:00
[2023-11-28T00:57:37.664+0000] {logging_mixin.py:154} INFO - [2023-11-28T00:57:37.664+0000] {dag.py:3722} INFO - Setting next_dagrun for example_branch_datetime_operator_3 to 2023-11-27T00:00:00+00:00, run_after=2023-11-28T00:00:00+00:00
[2023-11-28T00:57:37.684+0000] {processor.py:179} INFO - Processing /usr/local/lib/python3.10/dist-packages/airflow/example_dags/example_branch_datetime_operator.py took 0.094 seconds
[2023-11-28T00:58:23.581+0000] {processor.py:157} INFO - Started process (PID=5459) to work on /usr/local/lib/python3.10/dist-packages/airflow/example_dags/example_branch_datetime_operator.py
[2023-11-28T00:58:23.583+0000] {processor.py:829} INFO - Processing file /usr/local/lib/python3.10/dist-packages/airflow/example_dags/example_branch_datetime_operator.py for tasks to queue
[2023-11-28T00:58:23.584+0000] {logging_mixin.py:154} INFO - [2023-11-28T00:58:23.583+0000] {dagbag.py:536} INFO - Filling up the DagBag from /usr/local/lib/python3.10/dist-packages/airflow/example_dags/example_branch_datetime_operator.py
[2023-11-28T00:58:23.595+0000] {processor.py:839} INFO - DAG(s) dict_keys(['example_branch_datetime_operator', 'example_branch_datetime_operator_2', 'example_branch_datetime_operator_3']) retrieved from /usr/local/lib/python3.10/dist-packages/airflow/example_dags/example_branch_datetime_operator.py
[2023-11-28T00:58:23.620+0000] {logging_mixin.py:154} INFO - [2023-11-28T00:58:23.620+0000] {dag.py:2941} INFO - Sync 3 DAGs
[2023-11-28T00:58:23.644+0000] {logging_mixin.py:154} INFO - [2023-11-28T00:58:23.644+0000] {dag.py:3722} INFO - Setting next_dagrun for example_branch_datetime_operator to 2023-11-27T00:00:00+00:00, run_after=2023-11-28T00:00:00+00:00
[2023-11-28T00:58:23.649+0000] {logging_mixin.py:154} INFO - [2023-11-28T00:58:23.649+0000] {dag.py:3722} INFO - Setting next_dagrun for example_branch_datetime_operator_2 to 2023-11-27T00:00:00+00:00, run_after=2023-11-28T00:00:00+00:00
[2023-11-28T00:58:23.652+0000] {logging_mixin.py:154} INFO - [2023-11-28T00:58:23.652+0000] {dag.py:3722} INFO - Setting next_dagrun for example_branch_datetime_operator_3 to 2023-11-27T00:00:00+00:00, run_after=2023-11-28T00:00:00+00:00
[2023-11-28T00:58:23.674+0000] {processor.py:179} INFO - Processing /usr/local/lib/python3.10/dist-packages/airflow/example_dags/example_branch_datetime_operator.py took 0.096 seconds
[2023-11-28T00:59:11.218+0000] {processor.py:157} INFO - Started process (PID=5507) to work on /usr/local/lib/python3.10/dist-packages/airflow/example_dags/example_branch_datetime_operator.py
[2023-11-28T00:59:11.219+0000] {processor.py:829} INFO - Processing file /usr/local/lib/python3.10/dist-packages/airflow/example_dags/example_branch_datetime_operator.py for tasks to queue
[2023-11-28T00:59:11.220+0000] {logging_mixin.py:154} INFO - [2023-11-28T00:59:11.220+0000] {dagbag.py:536} INFO - Filling up the DagBag from /usr/local/lib/python3.10/dist-packages/airflow/example_dags/example_branch_datetime_operator.py
[2023-11-28T00:59:11.231+0000] {processor.py:839} INFO - DAG(s) dict_keys(['example_branch_datetime_operator_2', 'example_branch_datetime_operator_3', 'example_branch_datetime_operator']) retrieved from /usr/local/lib/python3.10/dist-packages/airflow/example_dags/example_branch_datetime_operator.py
[2023-11-28T00:59:11.255+0000] {logging_mixin.py:154} INFO - [2023-11-28T00:59:11.254+0000] {dag.py:2941} INFO - Sync 3 DAGs
[2023-11-28T00:59:11.277+0000] {logging_mixin.py:154} INFO - [2023-11-28T00:59:11.277+0000] {dag.py:3722} INFO - Setting next_dagrun for example_branch_datetime_operator to 2023-11-27T00:00:00+00:00, run_after=2023-11-28T00:00:00+00:00
[2023-11-28T00:59:11.282+0000] {logging_mixin.py:154} INFO - [2023-11-28T00:59:11.282+0000] {dag.py:3722} INFO - Setting next_dagrun for example_branch_datetime_operator_2 to 2023-11-27T00:00:00+00:00, run_after=2023-11-28T00:00:00+00:00
[2023-11-28T00:59:11.284+0000] {logging_mixin.py:154} INFO - [2023-11-28T00:59:11.284+0000] {dag.py:3722} INFO - Setting next_dagrun for example_branch_datetime_operator_3 to 2023-11-27T00:00:00+00:00, run_after=2023-11-28T00:00:00+00:00
[2023-11-28T00:59:11.306+0000] {processor.py:179} INFO - Processing /usr/local/lib/python3.10/dist-packages/airflow/example_dags/example_branch_datetime_operator.py took 0.092 seconds
[2023-11-28T00:59:54.360+0000] {processor.py:157} INFO - Started process (PID=5553) to work on /usr/local/lib/python3.10/dist-packages/airflow/example_dags/example_branch_datetime_operator.py
[2023-11-28T00:59:54.361+0000] {processor.py:829} INFO - Processing file /usr/local/lib/python3.10/dist-packages/airflow/example_dags/example_branch_datetime_operator.py for tasks to queue
[2023-11-28T00:59:54.362+0000] {logging_mixin.py:154} INFO - [2023-11-28T00:59:54.362+0000] {dagbag.py:536} INFO - Filling up the DagBag from /usr/local/lib/python3.10/dist-packages/airflow/example_dags/example_branch_datetime_operator.py
[2023-11-28T00:59:54.373+0000] {processor.py:839} INFO - DAG(s) dict_keys(['example_branch_datetime_operator', 'example_branch_datetime_operator_2', 'example_branch_datetime_operator_3']) retrieved from /usr/local/lib/python3.10/dist-packages/airflow/example_dags/example_branch_datetime_operator.py
[2023-11-28T00:59:54.396+0000] {logging_mixin.py:154} INFO - [2023-11-28T00:59:54.396+0000] {dag.py:2941} INFO - Sync 3 DAGs
[2023-11-28T00:59:54.419+0000] {logging_mixin.py:154} INFO - [2023-11-28T00:59:54.418+0000] {dag.py:3722} INFO - Setting next_dagrun for example_branch_datetime_operator to 2023-11-27T00:00:00+00:00, run_after=2023-11-28T00:00:00+00:00
[2023-11-28T00:59:54.423+0000] {logging_mixin.py:154} INFO - [2023-11-28T00:59:54.423+0000] {dag.py:3722} INFO - Setting next_dagrun for example_branch_datetime_operator_2 to 2023-11-27T00:00:00+00:00, run_after=2023-11-28T00:00:00+00:00
[2023-11-28T00:59:54.426+0000] {logging_mixin.py:154} INFO - [2023-11-28T00:59:54.426+0000] {dag.py:3722} INFO - Setting next_dagrun for example_branch_datetime_operator_3 to 2023-11-27T00:00:00+00:00, run_after=2023-11-28T00:00:00+00:00
[2023-11-28T00:59:54.446+0000] {processor.py:179} INFO - Processing /usr/local/lib/python3.10/dist-packages/airflow/example_dags/example_branch_datetime_operator.py took 0.090 seconds
[2023-11-28T01:00:39.802+0000] {processor.py:157} INFO - Started process (PID=5599) to work on /usr/local/lib/python3.10/dist-packages/airflow/example_dags/example_branch_datetime_operator.py
[2023-11-28T01:00:39.804+0000] {processor.py:829} INFO - Processing file /usr/local/lib/python3.10/dist-packages/airflow/example_dags/example_branch_datetime_operator.py for tasks to queue
[2023-11-28T01:00:39.805+0000] {logging_mixin.py:154} INFO - [2023-11-28T01:00:39.804+0000] {dagbag.py:536} INFO - Filling up the DagBag from /usr/local/lib/python3.10/dist-packages/airflow/example_dags/example_branch_datetime_operator.py
[2023-11-28T01:00:39.816+0000] {processor.py:839} INFO - DAG(s) dict_keys(['example_branch_datetime_operator', 'example_branch_datetime_operator_3', 'example_branch_datetime_operator_2']) retrieved from /usr/local/lib/python3.10/dist-packages/airflow/example_dags/example_branch_datetime_operator.py
[2023-11-28T01:00:39.841+0000] {logging_mixin.py:154} INFO - [2023-11-28T01:00:39.841+0000] {dag.py:2941} INFO - Sync 3 DAGs
[2023-11-28T01:00:39.865+0000] {logging_mixin.py:154} INFO - [2023-11-28T01:00:39.864+0000] {dag.py:3722} INFO - Setting next_dagrun for example_branch_datetime_operator to 2023-11-27T00:00:00+00:00, run_after=2023-11-28T00:00:00+00:00
[2023-11-28T01:00:39.870+0000] {logging_mixin.py:154} INFO - [2023-11-28T01:00:39.870+0000] {dag.py:3722} INFO - Setting next_dagrun for example_branch_datetime_operator_2 to 2023-11-27T00:00:00+00:00, run_after=2023-11-28T00:00:00+00:00
[2023-11-28T01:00:39.873+0000] {logging_mixin.py:154} INFO - [2023-11-28T01:00:39.873+0000] {dag.py:3722} INFO - Setting next_dagrun for example_branch_datetime_operator_3 to 2023-11-27T00:00:00+00:00, run_after=2023-11-28T00:00:00+00:00
[2023-11-28T01:00:39.894+0000] {processor.py:179} INFO - Processing /usr/local/lib/python3.10/dist-packages/airflow/example_dags/example_branch_datetime_operator.py took 0.095 seconds
[2023-11-28T01:01:25.240+0000] {processor.py:157} INFO - Started process (PID=5647) to work on /usr/local/lib/python3.10/dist-packages/airflow/example_dags/example_branch_datetime_operator.py
[2023-11-28T01:01:25.241+0000] {processor.py:829} INFO - Processing file /usr/local/lib/python3.10/dist-packages/airflow/example_dags/example_branch_datetime_operator.py for tasks to queue
[2023-11-28T01:01:25.242+0000] {logging_mixin.py:154} INFO - [2023-11-28T01:01:25.241+0000] {dagbag.py:536} INFO - Filling up the DagBag from /usr/local/lib/python3.10/dist-packages/airflow/example_dags/example_branch_datetime_operator.py
[2023-11-28T01:01:25.253+0000] {processor.py:839} INFO - DAG(s) dict_keys(['example_branch_datetime_operator_3', 'example_branch_datetime_operator', 'example_branch_datetime_operator_2']) retrieved from /usr/local/lib/python3.10/dist-packages/airflow/example_dags/example_branch_datetime_operator.py
[2023-11-28T01:01:25.277+0000] {logging_mixin.py:154} INFO - [2023-11-28T01:01:25.277+0000] {dag.py:2941} INFO - Sync 3 DAGs
[2023-11-28T01:01:25.302+0000] {logging_mixin.py:154} INFO - [2023-11-28T01:01:25.302+0000] {dag.py:3722} INFO - Setting next_dagrun for example_branch_datetime_operator to 2023-11-27T00:00:00+00:00, run_after=2023-11-28T00:00:00+00:00
[2023-11-28T01:01:25.307+0000] {logging_mixin.py:154} INFO - [2023-11-28T01:01:25.307+0000] {dag.py:3722} INFO - Setting next_dagrun for example_branch_datetime_operator_2 to 2023-11-27T00:00:00+00:00, run_after=2023-11-28T00:00:00+00:00
[2023-11-28T01:01:25.309+0000] {logging_mixin.py:154} INFO - [2023-11-28T01:01:25.309+0000] {dag.py:3722} INFO - Setting next_dagrun for example_branch_datetime_operator_3 to 2023-11-27T00:00:00+00:00, run_after=2023-11-28T00:00:00+00:00
[2023-11-28T01:01:25.329+0000] {processor.py:179} INFO - Processing /usr/local/lib/python3.10/dist-packages/airflow/example_dags/example_branch_datetime_operator.py took 0.093 seconds
[2023-11-28T01:02:10.098+0000] {processor.py:157} INFO - Started process (PID=5693) to work on /usr/local/lib/python3.10/dist-packages/airflow/example_dags/example_branch_datetime_operator.py
[2023-11-28T01:02:10.099+0000] {processor.py:829} INFO - Processing file /usr/local/lib/python3.10/dist-packages/airflow/example_dags/example_branch_datetime_operator.py for tasks to queue
[2023-11-28T01:02:10.100+0000] {logging_mixin.py:154} INFO - [2023-11-28T01:02:10.100+0000] {dagbag.py:536} INFO - Filling up the DagBag from /usr/local/lib/python3.10/dist-packages/airflow/example_dags/example_branch_datetime_operator.py
[2023-11-28T01:02:10.111+0000] {processor.py:839} INFO - DAG(s) dict_keys(['example_branch_datetime_operator', 'example_branch_datetime_operator_2', 'example_branch_datetime_operator_3']) retrieved from /usr/local/lib/python3.10/dist-packages/airflow/example_dags/example_branch_datetime_operator.py
[2023-11-28T01:02:10.136+0000] {logging_mixin.py:154} INFO - [2023-11-28T01:02:10.136+0000] {dag.py:2941} INFO - Sync 3 DAGs
[2023-11-28T01:02:10.160+0000] {logging_mixin.py:154} INFO - [2023-11-28T01:02:10.159+0000] {dag.py:3722} INFO - Setting next_dagrun for example_branch_datetime_operator to 2023-11-27T00:00:00+00:00, run_after=2023-11-28T00:00:00+00:00
[2023-11-28T01:02:10.164+0000] {logging_mixin.py:154} INFO - [2023-11-28T01:02:10.164+0000] {dag.py:3722} INFO - Setting next_dagrun for example_branch_datetime_operator_2 to 2023-11-27T00:00:00+00:00, run_after=2023-11-28T00:00:00+00:00
[2023-11-28T01:02:10.167+0000] {logging_mixin.py:154} INFO - [2023-11-28T01:02:10.167+0000] {dag.py:3722} INFO - Setting next_dagrun for example_branch_datetime_operator_3 to 2023-11-27T00:00:00+00:00, run_after=2023-11-28T00:00:00+00:00
[2023-11-28T01:02:10.189+0000] {processor.py:179} INFO - Processing /usr/local/lib/python3.10/dist-packages/airflow/example_dags/example_branch_datetime_operator.py took 0.095 seconds
[2023-11-28T01:02:53.380+0000] {processor.py:157} INFO - Started process (PID=5739) to work on /usr/local/lib/python3.10/dist-packages/airflow/example_dags/example_branch_datetime_operator.py
[2023-11-28T01:02:53.381+0000] {processor.py:829} INFO - Processing file /usr/local/lib/python3.10/dist-packages/airflow/example_dags/example_branch_datetime_operator.py for tasks to queue
[2023-11-28T01:02:53.382+0000] {logging_mixin.py:154} INFO - [2023-11-28T01:02:53.382+0000] {dagbag.py:536} INFO - Filling up the DagBag from /usr/local/lib/python3.10/dist-packages/airflow/example_dags/example_branch_datetime_operator.py
[2023-11-28T01:02:53.393+0000] {processor.py:839} INFO - DAG(s) dict_keys(['example_branch_datetime_operator_3', 'example_branch_datetime_operator', 'example_branch_datetime_operator_2']) retrieved from /usr/local/lib/python3.10/dist-packages/airflow/example_dags/example_branch_datetime_operator.py
[2023-11-28T01:02:53.419+0000] {logging_mixin.py:154} INFO - [2023-11-28T01:02:53.418+0000] {dag.py:2941} INFO - Sync 3 DAGs
[2023-11-28T01:02:53.443+0000] {logging_mixin.py:154} INFO - [2023-11-28T01:02:53.443+0000] {dag.py:3722} INFO - Setting next_dagrun for example_branch_datetime_operator to 2023-11-27T00:00:00+00:00, run_after=2023-11-28T00:00:00+00:00
[2023-11-28T01:02:53.448+0000] {logging_mixin.py:154} INFO - [2023-11-28T01:02:53.448+0000] {dag.py:3722} INFO - Setting next_dagrun for example_branch_datetime_operator_2 to 2023-11-27T00:00:00+00:00, run_after=2023-11-28T00:00:00+00:00
[2023-11-28T01:02:53.451+0000] {logging_mixin.py:154} INFO - [2023-11-28T01:02:53.451+0000] {dag.py:3722} INFO - Setting next_dagrun for example_branch_datetime_operator_3 to 2023-11-27T00:00:00+00:00, run_after=2023-11-28T00:00:00+00:00
[2023-11-28T01:02:53.474+0000] {processor.py:179} INFO - Processing /usr/local/lib/python3.10/dist-packages/airflow/example_dags/example_branch_datetime_operator.py took 0.097 seconds
[2023-11-28T01:03:39.730+0000] {processor.py:157} INFO - Started process (PID=5899) to work on /usr/local/lib/python3.10/dist-packages/airflow/example_dags/example_branch_datetime_operator.py
[2023-11-28T01:03:39.731+0000] {processor.py:829} INFO - Processing file /usr/local/lib/python3.10/dist-packages/airflow/example_dags/example_branch_datetime_operator.py for tasks to queue
[2023-11-28T01:03:39.732+0000] {logging_mixin.py:154} INFO - [2023-11-28T01:03:39.732+0000] {dagbag.py:536} INFO - Filling up the DagBag from /usr/local/lib/python3.10/dist-packages/airflow/example_dags/example_branch_datetime_operator.py
[2023-11-28T01:03:39.743+0000] {processor.py:839} INFO - DAG(s) dict_keys(['example_branch_datetime_operator', 'example_branch_datetime_operator_2', 'example_branch_datetime_operator_3']) retrieved from /usr/local/lib/python3.10/dist-packages/airflow/example_dags/example_branch_datetime_operator.py
[2023-11-28T01:03:39.767+0000] {logging_mixin.py:154} INFO - [2023-11-28T01:03:39.767+0000] {dag.py:2941} INFO - Sync 3 DAGs
[2023-11-28T01:03:39.789+0000] {logging_mixin.py:154} INFO - [2023-11-28T01:03:39.789+0000] {dag.py:3722} INFO - Setting next_dagrun for example_branch_datetime_operator to 2023-11-27T00:00:00+00:00, run_after=2023-11-28T00:00:00+00:00
[2023-11-28T01:03:39.794+0000] {logging_mixin.py:154} INFO - [2023-11-28T01:03:39.793+0000] {dag.py:3722} INFO - Setting next_dagrun for example_branch_datetime_operator_2 to 2023-11-27T00:00:00+00:00, run_after=2023-11-28T00:00:00+00:00
[2023-11-28T01:03:39.796+0000] {logging_mixin.py:154} INFO - [2023-11-28T01:03:39.796+0000] {dag.py:3722} INFO - Setting next_dagrun for example_branch_datetime_operator_3 to 2023-11-27T00:00:00+00:00, run_after=2023-11-28T00:00:00+00:00
[2023-11-28T01:03:39.817+0000] {processor.py:179} INFO - Processing /usr/local/lib/python3.10/dist-packages/airflow/example_dags/example_branch_datetime_operator.py took 0.090 seconds
[2023-11-28T01:04:24.583+0000] {processor.py:157} INFO - Started process (PID=5947) to work on /usr/local/lib/python3.10/dist-packages/airflow/example_dags/example_branch_datetime_operator.py
[2023-11-28T01:04:24.584+0000] {processor.py:829} INFO - Processing file /usr/local/lib/python3.10/dist-packages/airflow/example_dags/example_branch_datetime_operator.py for tasks to queue
[2023-11-28T01:04:24.585+0000] {logging_mixin.py:154} INFO - [2023-11-28T01:04:24.585+0000] {dagbag.py:536} INFO - Filling up the DagBag from /usr/local/lib/python3.10/dist-packages/airflow/example_dags/example_branch_datetime_operator.py
[2023-11-28T01:04:24.596+0000] {processor.py:839} INFO - DAG(s) dict_keys(['example_branch_datetime_operator', 'example_branch_datetime_operator_2', 'example_branch_datetime_operator_3']) retrieved from /usr/local/lib/python3.10/dist-packages/airflow/example_dags/example_branch_datetime_operator.py
[2023-11-28T01:04:24.621+0000] {logging_mixin.py:154} INFO - [2023-11-28T01:04:24.621+0000] {dag.py:2941} INFO - Sync 3 DAGs
[2023-11-28T01:04:24.645+0000] {logging_mixin.py:154} INFO - [2023-11-28T01:04:24.644+0000] {dag.py:3722} INFO - Setting next_dagrun for example_branch_datetime_operator to 2023-11-27T00:00:00+00:00, run_after=2023-11-28T00:00:00+00:00
[2023-11-28T01:04:24.650+0000] {logging_mixin.py:154} INFO - [2023-11-28T01:04:24.650+0000] {dag.py:3722} INFO - Setting next_dagrun for example_branch_datetime_operator_2 to 2023-11-27T00:00:00+00:00, run_after=2023-11-28T00:00:00+00:00
[2023-11-28T01:04:24.652+0000] {logging_mixin.py:154} INFO - [2023-11-28T01:04:24.652+0000] {dag.py:3722} INFO - Setting next_dagrun for example_branch_datetime_operator_3 to 2023-11-27T00:00:00+00:00, run_after=2023-11-28T00:00:00+00:00
[2023-11-28T01:04:24.674+0000] {processor.py:179} INFO - Processing /usr/local/lib/python3.10/dist-packages/airflow/example_dags/example_branch_datetime_operator.py took 0.095 seconds
[2023-11-28T01:05:09.091+0000] {processor.py:157} INFO - Started process (PID=5994) to work on /usr/local/lib/python3.10/dist-packages/airflow/example_dags/example_branch_datetime_operator.py
[2023-11-28T01:05:09.092+0000] {processor.py:829} INFO - Processing file /usr/local/lib/python3.10/dist-packages/airflow/example_dags/example_branch_datetime_operator.py for tasks to queue
[2023-11-28T01:05:09.093+0000] {logging_mixin.py:154} INFO - [2023-11-28T01:05:09.093+0000] {dagbag.py:536} INFO - Filling up the DagBag from /usr/local/lib/python3.10/dist-packages/airflow/example_dags/example_branch_datetime_operator.py
[2023-11-28T01:05:09.104+0000] {processor.py:839} INFO - DAG(s) dict_keys(['example_branch_datetime_operator_2', 'example_branch_datetime_operator', 'example_branch_datetime_operator_3']) retrieved from /usr/local/lib/python3.10/dist-packages/airflow/example_dags/example_branch_datetime_operator.py
[2023-11-28T01:05:09.129+0000] {logging_mixin.py:154} INFO - [2023-11-28T01:05:09.129+0000] {dag.py:2941} INFO - Sync 3 DAGs
[2023-11-28T01:05:09.153+0000] {logging_mixin.py:154} INFO - [2023-11-28T01:05:09.152+0000] {dag.py:3722} INFO - Setting next_dagrun for example_branch_datetime_operator to 2023-11-27T00:00:00+00:00, run_after=2023-11-28T00:00:00+00:00
[2023-11-28T01:05:09.158+0000] {logging_mixin.py:154} INFO - [2023-11-28T01:05:09.157+0000] {dag.py:3722} INFO - Setting next_dagrun for example_branch_datetime_operator_2 to 2023-11-27T00:00:00+00:00, run_after=2023-11-28T00:00:00+00:00
[2023-11-28T01:05:09.160+0000] {logging_mixin.py:154} INFO - [2023-11-28T01:05:09.160+0000] {dag.py:3722} INFO - Setting next_dagrun for example_branch_datetime_operator_3 to 2023-11-27T00:00:00+00:00, run_after=2023-11-28T00:00:00+00:00
[2023-11-28T01:05:09.181+0000] {processor.py:179} INFO - Processing /usr/local/lib/python3.10/dist-packages/airflow/example_dags/example_branch_datetime_operator.py took 0.094 seconds
[2023-11-28T01:05:55.660+0000] {processor.py:157} INFO - Started process (PID=6042) to work on /usr/local/lib/python3.10/dist-packages/airflow/example_dags/example_branch_datetime_operator.py
[2023-11-28T01:05:55.661+0000] {processor.py:829} INFO - Processing file /usr/local/lib/python3.10/dist-packages/airflow/example_dags/example_branch_datetime_operator.py for tasks to queue
[2023-11-28T01:05:55.662+0000] {logging_mixin.py:154} INFO - [2023-11-28T01:05:55.661+0000] {dagbag.py:536} INFO - Filling up the DagBag from /usr/local/lib/python3.10/dist-packages/airflow/example_dags/example_branch_datetime_operator.py
[2023-11-28T01:05:55.672+0000] {processor.py:839} INFO - DAG(s) dict_keys(['example_branch_datetime_operator', 'example_branch_datetime_operator_3', 'example_branch_datetime_operator_2']) retrieved from /usr/local/lib/python3.10/dist-packages/airflow/example_dags/example_branch_datetime_operator.py
[2023-11-28T01:05:55.696+0000] {logging_mixin.py:154} INFO - [2023-11-28T01:05:55.696+0000] {dag.py:2941} INFO - Sync 3 DAGs
[2023-11-28T01:05:55.719+0000] {logging_mixin.py:154} INFO - [2023-11-28T01:05:55.719+0000] {dag.py:3722} INFO - Setting next_dagrun for example_branch_datetime_operator to 2023-11-27T00:00:00+00:00, run_after=2023-11-28T00:00:00+00:00
[2023-11-28T01:05:55.724+0000] {logging_mixin.py:154} INFO - [2023-11-28T01:05:55.724+0000] {dag.py:3722} INFO - Setting next_dagrun for example_branch_datetime_operator_2 to 2023-11-27T00:00:00+00:00, run_after=2023-11-28T00:00:00+00:00
[2023-11-28T01:05:55.726+0000] {logging_mixin.py:154} INFO - [2023-11-28T01:05:55.726+0000] {dag.py:3722} INFO - Setting next_dagrun for example_branch_datetime_operator_3 to 2023-11-27T00:00:00+00:00, run_after=2023-11-28T00:00:00+00:00
[2023-11-28T01:05:55.746+0000] {processor.py:179} INFO - Processing /usr/local/lib/python3.10/dist-packages/airflow/example_dags/example_branch_datetime_operator.py took 0.090 seconds
[2023-11-28T01:06:41.923+0000] {processor.py:157} INFO - Started process (PID=6090) to work on /usr/local/lib/python3.10/dist-packages/airflow/example_dags/example_branch_datetime_operator.py
[2023-11-28T01:06:41.925+0000] {processor.py:829} INFO - Processing file /usr/local/lib/python3.10/dist-packages/airflow/example_dags/example_branch_datetime_operator.py for tasks to queue
[2023-11-28T01:06:41.926+0000] {logging_mixin.py:154} INFO - [2023-11-28T01:06:41.925+0000] {dagbag.py:536} INFO - Filling up the DagBag from /usr/local/lib/python3.10/dist-packages/airflow/example_dags/example_branch_datetime_operator.py
[2023-11-28T01:06:41.936+0000] {processor.py:839} INFO - DAG(s) dict_keys(['example_branch_datetime_operator_2', 'example_branch_datetime_operator_3', 'example_branch_datetime_operator']) retrieved from /usr/local/lib/python3.10/dist-packages/airflow/example_dags/example_branch_datetime_operator.py
[2023-11-28T01:06:41.960+0000] {logging_mixin.py:154} INFO - [2023-11-28T01:06:41.959+0000] {dag.py:2941} INFO - Sync 3 DAGs
[2023-11-28T01:06:41.982+0000] {logging_mixin.py:154} INFO - [2023-11-28T01:06:41.982+0000] {dag.py:3722} INFO - Setting next_dagrun for example_branch_datetime_operator to 2023-11-27T00:00:00+00:00, run_after=2023-11-28T00:00:00+00:00
[2023-11-28T01:06:41.986+0000] {logging_mixin.py:154} INFO - [2023-11-28T01:06:41.986+0000] {dag.py:3722} INFO - Setting next_dagrun for example_branch_datetime_operator_2 to 2023-11-27T00:00:00+00:00, run_after=2023-11-28T00:00:00+00:00
[2023-11-28T01:06:41.989+0000] {logging_mixin.py:154} INFO - [2023-11-28T01:06:41.989+0000] {dag.py:3722} INFO - Setting next_dagrun for example_branch_datetime_operator_3 to 2023-11-27T00:00:00+00:00, run_after=2023-11-28T00:00:00+00:00
[2023-11-28T01:06:42.010+0000] {processor.py:179} INFO - Processing /usr/local/lib/python3.10/dist-packages/airflow/example_dags/example_branch_datetime_operator.py took 0.090 seconds
[2023-11-28T01:07:30.881+0000] {processor.py:157} INFO - Started process (PID=6138) to work on /usr/local/lib/python3.10/dist-packages/airflow/example_dags/example_branch_datetime_operator.py
[2023-11-28T01:07:30.882+0000] {processor.py:829} INFO - Processing file /usr/local/lib/python3.10/dist-packages/airflow/example_dags/example_branch_datetime_operator.py for tasks to queue
[2023-11-28T01:07:30.883+0000] {logging_mixin.py:154} INFO - [2023-11-28T01:07:30.882+0000] {dagbag.py:536} INFO - Filling up the DagBag from /usr/local/lib/python3.10/dist-packages/airflow/example_dags/example_branch_datetime_operator.py
[2023-11-28T01:07:30.894+0000] {processor.py:839} INFO - DAG(s) dict_keys(['example_branch_datetime_operator_3', 'example_branch_datetime_operator_2', 'example_branch_datetime_operator']) retrieved from /usr/local/lib/python3.10/dist-packages/airflow/example_dags/example_branch_datetime_operator.py
[2023-11-28T01:07:30.919+0000] {logging_mixin.py:154} INFO - [2023-11-28T01:07:30.919+0000] {dag.py:2941} INFO - Sync 3 DAGs
[2023-11-28T01:07:30.944+0000] {logging_mixin.py:154} INFO - [2023-11-28T01:07:30.944+0000] {dag.py:3722} INFO - Setting next_dagrun for example_branch_datetime_operator to 2023-11-27T00:00:00+00:00, run_after=2023-11-28T00:00:00+00:00
[2023-11-28T01:07:30.949+0000] {logging_mixin.py:154} INFO - [2023-11-28T01:07:30.949+0000] {dag.py:3722} INFO - Setting next_dagrun for example_branch_datetime_operator_2 to 2023-11-27T00:00:00+00:00, run_after=2023-11-28T00:00:00+00:00
[2023-11-28T01:07:30.952+0000] {logging_mixin.py:154} INFO - [2023-11-28T01:07:30.952+0000] {dag.py:3722} INFO - Setting next_dagrun for example_branch_datetime_operator_3 to 2023-11-27T00:00:00+00:00, run_after=2023-11-28T00:00:00+00:00
[2023-11-28T01:07:30.974+0000] {processor.py:179} INFO - Processing /usr/local/lib/python3.10/dist-packages/airflow/example_dags/example_branch_datetime_operator.py took 0.097 seconds
[2023-11-28T01:08:18.636+0000] {processor.py:157} INFO - Started process (PID=6188) to work on /usr/local/lib/python3.10/dist-packages/airflow/example_dags/example_branch_datetime_operator.py
[2023-11-28T01:08:18.638+0000] {processor.py:829} INFO - Processing file /usr/local/lib/python3.10/dist-packages/airflow/example_dags/example_branch_datetime_operator.py for tasks to queue
[2023-11-28T01:08:18.639+0000] {logging_mixin.py:154} INFO - [2023-11-28T01:08:18.638+0000] {dagbag.py:536} INFO - Filling up the DagBag from /usr/local/lib/python3.10/dist-packages/airflow/example_dags/example_branch_datetime_operator.py
[2023-11-28T01:08:18.650+0000] {processor.py:839} INFO - DAG(s) dict_keys(['example_branch_datetime_operator', 'example_branch_datetime_operator_2', 'example_branch_datetime_operator_3']) retrieved from /usr/local/lib/python3.10/dist-packages/airflow/example_dags/example_branch_datetime_operator.py
[2023-11-28T01:08:18.674+0000] {logging_mixin.py:154} INFO - [2023-11-28T01:08:18.674+0000] {dag.py:2941} INFO - Sync 3 DAGs
[2023-11-28T01:08:18.697+0000] {logging_mixin.py:154} INFO - [2023-11-28T01:08:18.697+0000] {dag.py:3722} INFO - Setting next_dagrun for example_branch_datetime_operator to 2023-11-27T00:00:00+00:00, run_after=2023-11-28T00:00:00+00:00
[2023-11-28T01:08:18.702+0000] {logging_mixin.py:154} INFO - [2023-11-28T01:08:18.702+0000] {dag.py:3722} INFO - Setting next_dagrun for example_branch_datetime_operator_2 to 2023-11-27T00:00:00+00:00, run_after=2023-11-28T00:00:00+00:00
[2023-11-28T01:08:18.705+0000] {logging_mixin.py:154} INFO - [2023-11-28T01:08:18.705+0000] {dag.py:3722} INFO - Setting next_dagrun for example_branch_datetime_operator_3 to 2023-11-27T00:00:00+00:00, run_after=2023-11-28T00:00:00+00:00
[2023-11-28T01:08:18.726+0000] {processor.py:179} INFO - Processing /usr/local/lib/python3.10/dist-packages/airflow/example_dags/example_branch_datetime_operator.py took 0.094 seconds
[2023-11-28T01:09:02.135+0000] {processor.py:157} INFO - Started process (PID=6235) to work on /usr/local/lib/python3.10/dist-packages/airflow/example_dags/example_branch_datetime_operator.py
[2023-11-28T01:09:02.136+0000] {processor.py:829} INFO - Processing file /usr/local/lib/python3.10/dist-packages/airflow/example_dags/example_branch_datetime_operator.py for tasks to queue
[2023-11-28T01:09:02.137+0000] {logging_mixin.py:154} INFO - [2023-11-28T01:09:02.137+0000] {dagbag.py:536} INFO - Filling up the DagBag from /usr/local/lib/python3.10/dist-packages/airflow/example_dags/example_branch_datetime_operator.py
[2023-11-28T01:09:02.149+0000] {processor.py:839} INFO - DAG(s) dict_keys(['example_branch_datetime_operator', 'example_branch_datetime_operator_2', 'example_branch_datetime_operator_3']) retrieved from /usr/local/lib/python3.10/dist-packages/airflow/example_dags/example_branch_datetime_operator.py
[2023-11-28T01:09:02.175+0000] {logging_mixin.py:154} INFO - [2023-11-28T01:09:02.174+0000] {dag.py:2941} INFO - Sync 3 DAGs
[2023-11-28T01:09:02.199+0000] {logging_mixin.py:154} INFO - [2023-11-28T01:09:02.199+0000] {dag.py:3722} INFO - Setting next_dagrun for example_branch_datetime_operator to 2023-11-27T00:00:00+00:00, run_after=2023-11-28T00:00:00+00:00
[2023-11-28T01:09:02.204+0000] {logging_mixin.py:154} INFO - [2023-11-28T01:09:02.204+0000] {dag.py:3722} INFO - Setting next_dagrun for example_branch_datetime_operator_2 to 2023-11-27T00:00:00+00:00, run_after=2023-11-28T00:00:00+00:00
[2023-11-28T01:09:02.207+0000] {logging_mixin.py:154} INFO - [2023-11-28T01:09:02.207+0000] {dag.py:3722} INFO - Setting next_dagrun for example_branch_datetime_operator_3 to 2023-11-27T00:00:00+00:00, run_after=2023-11-28T00:00:00+00:00
[2023-11-28T01:09:02.234+0000] {processor.py:179} INFO - Processing /usr/local/lib/python3.10/dist-packages/airflow/example_dags/example_branch_datetime_operator.py took 0.104 seconds
[2023-11-28T01:09:44.943+0000] {processor.py:157} INFO - Started process (PID=6280) to work on /usr/local/lib/python3.10/dist-packages/airflow/example_dags/example_branch_datetime_operator.py
[2023-11-28T01:09:44.944+0000] {processor.py:829} INFO - Processing file /usr/local/lib/python3.10/dist-packages/airflow/example_dags/example_branch_datetime_operator.py for tasks to queue
[2023-11-28T01:09:44.945+0000] {logging_mixin.py:154} INFO - [2023-11-28T01:09:44.944+0000] {dagbag.py:536} INFO - Filling up the DagBag from /usr/local/lib/python3.10/dist-packages/airflow/example_dags/example_branch_datetime_operator.py
[2023-11-28T01:09:44.956+0000] {processor.py:839} INFO - DAG(s) dict_keys(['example_branch_datetime_operator', 'example_branch_datetime_operator_3', 'example_branch_datetime_operator_2']) retrieved from /usr/local/lib/python3.10/dist-packages/airflow/example_dags/example_branch_datetime_operator.py
[2023-11-28T01:09:44.981+0000] {logging_mixin.py:154} INFO - [2023-11-28T01:09:44.981+0000] {dag.py:2941} INFO - Sync 3 DAGs
[2023-11-28T01:09:45.005+0000] {logging_mixin.py:154} INFO - [2023-11-28T01:09:45.005+0000] {dag.py:3722} INFO - Setting next_dagrun for example_branch_datetime_operator to 2023-11-27T00:00:00+00:00, run_after=2023-11-28T00:00:00+00:00
[2023-11-28T01:09:45.010+0000] {logging_mixin.py:154} INFO - [2023-11-28T01:09:45.010+0000] {dag.py:3722} INFO - Setting next_dagrun for example_branch_datetime_operator_2 to 2023-11-27T00:00:00+00:00, run_after=2023-11-28T00:00:00+00:00
[2023-11-28T01:09:45.014+0000] {logging_mixin.py:154} INFO - [2023-11-28T01:09:45.013+0000] {dag.py:3722} INFO - Setting next_dagrun for example_branch_datetime_operator_3 to 2023-11-27T00:00:00+00:00, run_after=2023-11-28T00:00:00+00:00
[2023-11-28T01:09:45.040+0000] {processor.py:179} INFO - Processing /usr/local/lib/python3.10/dist-packages/airflow/example_dags/example_branch_datetime_operator.py took 0.101 seconds
[2023-11-28T01:10:31.620+0000] {processor.py:157} INFO - Started process (PID=6328) to work on /usr/local/lib/python3.10/dist-packages/airflow/example_dags/example_branch_datetime_operator.py
[2023-11-28T01:10:31.621+0000] {processor.py:829} INFO - Processing file /usr/local/lib/python3.10/dist-packages/airflow/example_dags/example_branch_datetime_operator.py for tasks to queue
[2023-11-28T01:10:31.622+0000] {logging_mixin.py:154} INFO - [2023-11-28T01:10:31.622+0000] {dagbag.py:536} INFO - Filling up the DagBag from /usr/local/lib/python3.10/dist-packages/airflow/example_dags/example_branch_datetime_operator.py
[2023-11-28T01:10:31.633+0000] {processor.py:839} INFO - DAG(s) dict_keys(['example_branch_datetime_operator', 'example_branch_datetime_operator_3', 'example_branch_datetime_operator_2']) retrieved from /usr/local/lib/python3.10/dist-packages/airflow/example_dags/example_branch_datetime_operator.py
[2023-11-28T01:10:31.658+0000] {logging_mixin.py:154} INFO - [2023-11-28T01:10:31.658+0000] {dag.py:2941} INFO - Sync 3 DAGs
[2023-11-28T01:10:31.681+0000] {logging_mixin.py:154} INFO - [2023-11-28T01:10:31.681+0000] {dag.py:3722} INFO - Setting next_dagrun for example_branch_datetime_operator to 2023-11-27T00:00:00+00:00, run_after=2023-11-28T00:00:00+00:00
[2023-11-28T01:10:31.686+0000] {logging_mixin.py:154} INFO - [2023-11-28T01:10:31.686+0000] {dag.py:3722} INFO - Setting next_dagrun for example_branch_datetime_operator_2 to 2023-11-27T00:00:00+00:00, run_after=2023-11-28T00:00:00+00:00
[2023-11-28T01:10:31.689+0000] {logging_mixin.py:154} INFO - [2023-11-28T01:10:31.688+0000] {dag.py:3722} INFO - Setting next_dagrun for example_branch_datetime_operator_3 to 2023-11-27T00:00:00+00:00, run_after=2023-11-28T00:00:00+00:00
[2023-11-28T01:10:31.710+0000] {processor.py:179} INFO - Processing /usr/local/lib/python3.10/dist-packages/airflow/example_dags/example_branch_datetime_operator.py took 0.094 seconds
[2023-11-28T01:11:19.075+0000] {processor.py:157} INFO - Started process (PID=6377) to work on /usr/local/lib/python3.10/dist-packages/airflow/example_dags/example_branch_datetime_operator.py
[2023-11-28T01:11:19.077+0000] {processor.py:829} INFO - Processing file /usr/local/lib/python3.10/dist-packages/airflow/example_dags/example_branch_datetime_operator.py for tasks to queue
[2023-11-28T01:11:19.078+0000] {logging_mixin.py:154} INFO - [2023-11-28T01:11:19.077+0000] {dagbag.py:536} INFO - Filling up the DagBag from /usr/local/lib/python3.10/dist-packages/airflow/example_dags/example_branch_datetime_operator.py
[2023-11-28T01:11:19.089+0000] {processor.py:839} INFO - DAG(s) dict_keys(['example_branch_datetime_operator_3', 'example_branch_datetime_operator', 'example_branch_datetime_operator_2']) retrieved from /usr/local/lib/python3.10/dist-packages/airflow/example_dags/example_branch_datetime_operator.py
[2023-11-28T01:11:19.113+0000] {logging_mixin.py:154} INFO - [2023-11-28T01:11:19.113+0000] {dag.py:2941} INFO - Sync 3 DAGs
[2023-11-28T01:11:19.136+0000] {logging_mixin.py:154} INFO - [2023-11-28T01:11:19.136+0000] {dag.py:3722} INFO - Setting next_dagrun for example_branch_datetime_operator to 2023-11-27T00:00:00+00:00, run_after=2023-11-28T00:00:00+00:00
[2023-11-28T01:11:19.143+0000] {logging_mixin.py:154} INFO - [2023-11-28T01:11:19.142+0000] {dag.py:3722} INFO - Setting next_dagrun for example_branch_datetime_operator_2 to 2023-11-27T00:00:00+00:00, run_after=2023-11-28T00:00:00+00:00
[2023-11-28T01:11:19.145+0000] {logging_mixin.py:154} INFO - [2023-11-28T01:11:19.145+0000] {dag.py:3722} INFO - Setting next_dagrun for example_branch_datetime_operator_3 to 2023-11-27T00:00:00+00:00, run_after=2023-11-28T00:00:00+00:00
[2023-11-28T01:11:19.166+0000] {processor.py:179} INFO - Processing /usr/local/lib/python3.10/dist-packages/airflow/example_dags/example_branch_datetime_operator.py took 0.094 seconds
[2023-11-28T01:12:04.776+0000] {processor.py:157} INFO - Started process (PID=6423) to work on /usr/local/lib/python3.10/dist-packages/airflow/example_dags/example_branch_datetime_operator.py
[2023-11-28T01:12:04.777+0000] {processor.py:829} INFO - Processing file /usr/local/lib/python3.10/dist-packages/airflow/example_dags/example_branch_datetime_operator.py for tasks to queue
[2023-11-28T01:12:04.778+0000] {logging_mixin.py:154} INFO - [2023-11-28T01:12:04.777+0000] {dagbag.py:536} INFO - Filling up the DagBag from /usr/local/lib/python3.10/dist-packages/airflow/example_dags/example_branch_datetime_operator.py
[2023-11-28T01:12:04.789+0000] {processor.py:839} INFO - DAG(s) dict_keys(['example_branch_datetime_operator', 'example_branch_datetime_operator_2', 'example_branch_datetime_operator_3']) retrieved from /usr/local/lib/python3.10/dist-packages/airflow/example_dags/example_branch_datetime_operator.py
[2023-11-28T01:12:04.813+0000] {logging_mixin.py:154} INFO - [2023-11-28T01:12:04.813+0000] {dag.py:2941} INFO - Sync 3 DAGs
[2023-11-28T01:12:04.835+0000] {logging_mixin.py:154} INFO - [2023-11-28T01:12:04.835+0000] {dag.py:3722} INFO - Setting next_dagrun for example_branch_datetime_operator to 2023-11-27T00:00:00+00:00, run_after=2023-11-28T00:00:00+00:00
[2023-11-28T01:12:04.840+0000] {logging_mixin.py:154} INFO - [2023-11-28T01:12:04.840+0000] {dag.py:3722} INFO - Setting next_dagrun for example_branch_datetime_operator_2 to 2023-11-27T00:00:00+00:00, run_after=2023-11-28T00:00:00+00:00
[2023-11-28T01:12:04.843+0000] {logging_mixin.py:154} INFO - [2023-11-28T01:12:04.843+0000] {dag.py:3722} INFO - Setting next_dagrun for example_branch_datetime_operator_3 to 2023-11-27T00:00:00+00:00, run_after=2023-11-28T00:00:00+00:00
[2023-11-28T01:12:04.866+0000] {processor.py:179} INFO - Processing /usr/local/lib/python3.10/dist-packages/airflow/example_dags/example_branch_datetime_operator.py took 0.094 seconds
[2023-11-28T01:12:47.873+0000] {processor.py:157} INFO - Started process (PID=6470) to work on /usr/local/lib/python3.10/dist-packages/airflow/example_dags/example_branch_datetime_operator.py
[2023-11-28T01:12:47.874+0000] {processor.py:829} INFO - Processing file /usr/local/lib/python3.10/dist-packages/airflow/example_dags/example_branch_datetime_operator.py for tasks to queue
[2023-11-28T01:12:47.875+0000] {logging_mixin.py:154} INFO - [2023-11-28T01:12:47.875+0000] {dagbag.py:536} INFO - Filling up the DagBag from /usr/local/lib/python3.10/dist-packages/airflow/example_dags/example_branch_datetime_operator.py
[2023-11-28T01:12:47.886+0000] {processor.py:839} INFO - DAG(s) dict_keys(['example_branch_datetime_operator_3', 'example_branch_datetime_operator', 'example_branch_datetime_operator_2']) retrieved from /usr/local/lib/python3.10/dist-packages/airflow/example_dags/example_branch_datetime_operator.py
[2023-11-28T01:12:47.910+0000] {logging_mixin.py:154} INFO - [2023-11-28T01:12:47.910+0000] {dag.py:2941} INFO - Sync 3 DAGs
[2023-11-28T01:12:47.934+0000] {logging_mixin.py:154} INFO - [2023-11-28T01:12:47.933+0000] {dag.py:3722} INFO - Setting next_dagrun for example_branch_datetime_operator to 2023-11-27T00:00:00+00:00, run_after=2023-11-28T00:00:00+00:00
[2023-11-28T01:12:47.939+0000] {logging_mixin.py:154} INFO - [2023-11-28T01:12:47.938+0000] {dag.py:3722} INFO - Setting next_dagrun for example_branch_datetime_operator_2 to 2023-11-27T00:00:00+00:00, run_after=2023-11-28T00:00:00+00:00
[2023-11-28T01:12:47.941+0000] {logging_mixin.py:154} INFO - [2023-11-28T01:12:47.941+0000] {dag.py:3722} INFO - Setting next_dagrun for example_branch_datetime_operator_3 to 2023-11-27T00:00:00+00:00, run_after=2023-11-28T00:00:00+00:00
[2023-11-28T01:12:47.963+0000] {processor.py:179} INFO - Processing /usr/local/lib/python3.10/dist-packages/airflow/example_dags/example_branch_datetime_operator.py took 0.094 seconds
[2023-11-28T01:13:31.976+0000] {processor.py:157} INFO - Started process (PID=6514) to work on /usr/local/lib/python3.10/dist-packages/airflow/example_dags/example_branch_datetime_operator.py
[2023-11-28T01:13:31.977+0000] {processor.py:829} INFO - Processing file /usr/local/lib/python3.10/dist-packages/airflow/example_dags/example_branch_datetime_operator.py for tasks to queue
[2023-11-28T01:13:31.978+0000] {logging_mixin.py:154} INFO - [2023-11-28T01:13:31.978+0000] {dagbag.py:536} INFO - Filling up the DagBag from /usr/local/lib/python3.10/dist-packages/airflow/example_dags/example_branch_datetime_operator.py
[2023-11-28T01:13:31.990+0000] {processor.py:839} INFO - DAG(s) dict_keys(['example_branch_datetime_operator', 'example_branch_datetime_operator_3', 'example_branch_datetime_operator_2']) retrieved from /usr/local/lib/python3.10/dist-packages/airflow/example_dags/example_branch_datetime_operator.py
[2023-11-28T01:13:32.015+0000] {logging_mixin.py:154} INFO - [2023-11-28T01:13:32.015+0000] {dag.py:2941} INFO - Sync 3 DAGs
[2023-11-28T01:13:32.040+0000] {logging_mixin.py:154} INFO - [2023-11-28T01:13:32.040+0000] {dag.py:3722} INFO - Setting next_dagrun for example_branch_datetime_operator to 2023-11-27T00:00:00+00:00, run_after=2023-11-28T00:00:00+00:00
[2023-11-28T01:13:32.045+0000] {logging_mixin.py:154} INFO - [2023-11-28T01:13:32.045+0000] {dag.py:3722} INFO - Setting next_dagrun for example_branch_datetime_operator_2 to 2023-11-27T00:00:00+00:00, run_after=2023-11-28T00:00:00+00:00
[2023-11-28T01:13:32.048+0000] {logging_mixin.py:154} INFO - [2023-11-28T01:13:32.048+0000] {dag.py:3722} INFO - Setting next_dagrun for example_branch_datetime_operator_3 to 2023-11-27T00:00:00+00:00, run_after=2023-11-28T00:00:00+00:00
[2023-11-28T01:13:32.070+0000] {processor.py:179} INFO - Processing /usr/local/lib/python3.10/dist-packages/airflow/example_dags/example_branch_datetime_operator.py took 0.098 seconds
[2023-11-28T01:14:24.791+0000] {processor.py:157} INFO - Started process (PID=6568) to work on /usr/local/lib/python3.10/dist-packages/airflow/example_dags/example_branch_datetime_operator.py
[2023-11-28T01:14:24.793+0000] {processor.py:829} INFO - Processing file /usr/local/lib/python3.10/dist-packages/airflow/example_dags/example_branch_datetime_operator.py for tasks to queue
[2023-11-28T01:14:24.793+0000] {logging_mixin.py:154} INFO - [2023-11-28T01:14:24.793+0000] {dagbag.py:536} INFO - Filling up the DagBag from /usr/local/lib/python3.10/dist-packages/airflow/example_dags/example_branch_datetime_operator.py
[2023-11-28T01:14:24.805+0000] {processor.py:839} INFO - DAG(s) dict_keys(['example_branch_datetime_operator_3', 'example_branch_datetime_operator', 'example_branch_datetime_operator_2']) retrieved from /usr/local/lib/python3.10/dist-packages/airflow/example_dags/example_branch_datetime_operator.py
[2023-11-28T01:14:24.829+0000] {logging_mixin.py:154} INFO - [2023-11-28T01:14:24.828+0000] {dag.py:2941} INFO - Sync 3 DAGs
[2023-11-28T01:14:24.851+0000] {logging_mixin.py:154} INFO - [2023-11-28T01:14:24.851+0000] {dag.py:3722} INFO - Setting next_dagrun for example_branch_datetime_operator to 2023-11-27T00:00:00+00:00, run_after=2023-11-28T00:00:00+00:00
[2023-11-28T01:14:24.856+0000] {logging_mixin.py:154} INFO - [2023-11-28T01:14:24.855+0000] {dag.py:3722} INFO - Setting next_dagrun for example_branch_datetime_operator_2 to 2023-11-27T00:00:00+00:00, run_after=2023-11-28T00:00:00+00:00
[2023-11-28T01:14:24.858+0000] {logging_mixin.py:154} INFO - [2023-11-28T01:14:24.858+0000] {dag.py:3722} INFO - Setting next_dagrun for example_branch_datetime_operator_3 to 2023-11-27T00:00:00+00:00, run_after=2023-11-28T00:00:00+00:00
[2023-11-28T01:14:24.882+0000] {processor.py:179} INFO - Processing /usr/local/lib/python3.10/dist-packages/airflow/example_dags/example_branch_datetime_operator.py took 0.094 seconds
[2023-11-28T01:15:31.318+0000] {processor.py:157} INFO - Started process (PID=6646) to work on /usr/local/lib/python3.10/dist-packages/airflow/example_dags/example_branch_datetime_operator.py
[2023-11-28T01:15:31.320+0000] {processor.py:829} INFO - Processing file /usr/local/lib/python3.10/dist-packages/airflow/example_dags/example_branch_datetime_operator.py for tasks to queue
[2023-11-28T01:15:31.321+0000] {logging_mixin.py:154} INFO - [2023-11-28T01:15:31.321+0000] {dagbag.py:536} INFO - Filling up the DagBag from /usr/local/lib/python3.10/dist-packages/airflow/example_dags/example_branch_datetime_operator.py
[2023-11-28T01:15:31.332+0000] {processor.py:839} INFO - DAG(s) dict_keys(['example_branch_datetime_operator', 'example_branch_datetime_operator_2', 'example_branch_datetime_operator_3']) retrieved from /usr/local/lib/python3.10/dist-packages/airflow/example_dags/example_branch_datetime_operator.py
[2023-11-28T01:15:31.358+0000] {logging_mixin.py:154} INFO - [2023-11-28T01:15:31.358+0000] {dag.py:2941} INFO - Sync 3 DAGs
[2023-11-28T01:15:31.382+0000] {logging_mixin.py:154} INFO - [2023-11-28T01:15:31.382+0000] {dag.py:3722} INFO - Setting next_dagrun for example_branch_datetime_operator to 2023-11-27T00:00:00+00:00, run_after=2023-11-28T00:00:00+00:00
[2023-11-28T01:15:31.387+0000] {logging_mixin.py:154} INFO - [2023-11-28T01:15:31.387+0000] {dag.py:3722} INFO - Setting next_dagrun for example_branch_datetime_operator_2 to 2023-11-27T00:00:00+00:00, run_after=2023-11-28T00:00:00+00:00
[2023-11-28T01:15:31.390+0000] {logging_mixin.py:154} INFO - [2023-11-28T01:15:31.390+0000] {dag.py:3722} INFO - Setting next_dagrun for example_branch_datetime_operator_3 to 2023-11-27T00:00:00+00:00, run_after=2023-11-28T00:00:00+00:00
[2023-11-28T01:15:31.412+0000] {processor.py:179} INFO - Processing /usr/local/lib/python3.10/dist-packages/airflow/example_dags/example_branch_datetime_operator.py took 0.098 seconds
[2023-11-28T01:16:15.397+0000] {processor.py:157} INFO - Started process (PID=6692) to work on /usr/local/lib/python3.10/dist-packages/airflow/example_dags/example_branch_datetime_operator.py
[2023-11-28T01:16:15.399+0000] {processor.py:829} INFO - Processing file /usr/local/lib/python3.10/dist-packages/airflow/example_dags/example_branch_datetime_operator.py for tasks to queue
[2023-11-28T01:16:15.399+0000] {logging_mixin.py:154} INFO - [2023-11-28T01:16:15.399+0000] {dagbag.py:536} INFO - Filling up the DagBag from /usr/local/lib/python3.10/dist-packages/airflow/example_dags/example_branch_datetime_operator.py
[2023-11-28T01:16:15.411+0000] {processor.py:839} INFO - DAG(s) dict_keys(['example_branch_datetime_operator_3', 'example_branch_datetime_operator', 'example_branch_datetime_operator_2']) retrieved from /usr/local/lib/python3.10/dist-packages/airflow/example_dags/example_branch_datetime_operator.py
[2023-11-28T01:16:15.434+0000] {logging_mixin.py:154} INFO - [2023-11-28T01:16:15.434+0000] {dag.py:2941} INFO - Sync 3 DAGs
[2023-11-28T01:16:15.457+0000] {logging_mixin.py:154} INFO - [2023-11-28T01:16:15.456+0000] {dag.py:3722} INFO - Setting next_dagrun for example_branch_datetime_operator to 2023-11-27T00:00:00+00:00, run_after=2023-11-28T00:00:00+00:00
[2023-11-28T01:16:15.461+0000] {logging_mixin.py:154} INFO - [2023-11-28T01:16:15.461+0000] {dag.py:3722} INFO - Setting next_dagrun for example_branch_datetime_operator_2 to 2023-11-27T00:00:00+00:00, run_after=2023-11-28T00:00:00+00:00
[2023-11-28T01:16:15.464+0000] {logging_mixin.py:154} INFO - [2023-11-28T01:16:15.464+0000] {dag.py:3722} INFO - Setting next_dagrun for example_branch_datetime_operator_3 to 2023-11-27T00:00:00+00:00, run_after=2023-11-28T00:00:00+00:00
[2023-11-28T01:16:15.486+0000] {processor.py:179} INFO - Processing /usr/local/lib/python3.10/dist-packages/airflow/example_dags/example_branch_datetime_operator.py took 0.092 seconds
[2023-11-28T01:17:03.064+0000] {processor.py:157} INFO - Started process (PID=6749) to work on /usr/local/lib/python3.10/dist-packages/airflow/example_dags/example_branch_datetime_operator.py
[2023-11-28T01:17:03.065+0000] {processor.py:829} INFO - Processing file /usr/local/lib/python3.10/dist-packages/airflow/example_dags/example_branch_datetime_operator.py for tasks to queue
[2023-11-28T01:17:03.066+0000] {logging_mixin.py:154} INFO - [2023-11-28T01:17:03.066+0000] {dagbag.py:536} INFO - Filling up the DagBag from /usr/local/lib/python3.10/dist-packages/airflow/example_dags/example_branch_datetime_operator.py
[2023-11-28T01:17:03.078+0000] {processor.py:839} INFO - DAG(s) dict_keys(['example_branch_datetime_operator_3', 'example_branch_datetime_operator', 'example_branch_datetime_operator_2']) retrieved from /usr/local/lib/python3.10/dist-packages/airflow/example_dags/example_branch_datetime_operator.py
[2023-11-28T01:17:03.104+0000] {logging_mixin.py:154} INFO - [2023-11-28T01:17:03.103+0000] {dag.py:2941} INFO - Sync 3 DAGs
[2023-11-28T01:17:03.128+0000] {logging_mixin.py:154} INFO - [2023-11-28T01:17:03.128+0000] {dag.py:3722} INFO - Setting next_dagrun for example_branch_datetime_operator to 2023-11-27T00:00:00+00:00, run_after=2023-11-28T00:00:00+00:00
[2023-11-28T01:17:03.134+0000] {logging_mixin.py:154} INFO - [2023-11-28T01:17:03.134+0000] {dag.py:3722} INFO - Setting next_dagrun for example_branch_datetime_operator_2 to 2023-11-27T00:00:00+00:00, run_after=2023-11-28T00:00:00+00:00
[2023-11-28T01:17:03.137+0000] {logging_mixin.py:154} INFO - [2023-11-28T01:17:03.137+0000] {dag.py:3722} INFO - Setting next_dagrun for example_branch_datetime_operator_3 to 2023-11-27T00:00:00+00:00, run_after=2023-11-28T00:00:00+00:00
[2023-11-28T01:17:03.160+0000] {processor.py:179} INFO - Processing /usr/local/lib/python3.10/dist-packages/airflow/example_dags/example_branch_datetime_operator.py took 0.099 seconds
[2023-11-28T01:17:53.595+0000] {processor.py:157} INFO - Started process (PID=6799) to work on /usr/local/lib/python3.10/dist-packages/airflow/example_dags/example_branch_datetime_operator.py
[2023-11-28T01:17:53.596+0000] {processor.py:829} INFO - Processing file /usr/local/lib/python3.10/dist-packages/airflow/example_dags/example_branch_datetime_operator.py for tasks to queue
[2023-11-28T01:17:53.597+0000] {logging_mixin.py:154} INFO - [2023-11-28T01:17:53.597+0000] {dagbag.py:536} INFO - Filling up the DagBag from /usr/local/lib/python3.10/dist-packages/airflow/example_dags/example_branch_datetime_operator.py
[2023-11-28T01:17:53.609+0000] {processor.py:839} INFO - DAG(s) dict_keys(['example_branch_datetime_operator_3', 'example_branch_datetime_operator_2', 'example_branch_datetime_operator']) retrieved from /usr/local/lib/python3.10/dist-packages/airflow/example_dags/example_branch_datetime_operator.py
[2023-11-28T01:17:53.633+0000] {logging_mixin.py:154} INFO - [2023-11-28T01:17:53.633+0000] {dag.py:2941} INFO - Sync 3 DAGs
[2023-11-28T01:17:53.657+0000] {logging_mixin.py:154} INFO - [2023-11-28T01:17:53.657+0000] {dag.py:3722} INFO - Setting next_dagrun for example_branch_datetime_operator to 2023-11-27T00:00:00+00:00, run_after=2023-11-28T00:00:00+00:00
[2023-11-28T01:17:53.662+0000] {logging_mixin.py:154} INFO - [2023-11-28T01:17:53.662+0000] {dag.py:3722} INFO - Setting next_dagrun for example_branch_datetime_operator_2 to 2023-11-27T00:00:00+00:00, run_after=2023-11-28T00:00:00+00:00
[2023-11-28T01:17:53.665+0000] {logging_mixin.py:154} INFO - [2023-11-28T01:17:53.664+0000] {dag.py:3722} INFO - Setting next_dagrun for example_branch_datetime_operator_3 to 2023-11-27T00:00:00+00:00, run_after=2023-11-28T00:00:00+00:00
[2023-11-28T01:17:53.685+0000] {processor.py:179} INFO - Processing /usr/local/lib/python3.10/dist-packages/airflow/example_dags/example_branch_datetime_operator.py took 0.094 seconds
[2023-11-28T01:18:37.765+0000] {processor.py:157} INFO - Started process (PID=6845) to work on /usr/local/lib/python3.10/dist-packages/airflow/example_dags/example_branch_datetime_operator.py
[2023-11-28T01:18:37.766+0000] {processor.py:829} INFO - Processing file /usr/local/lib/python3.10/dist-packages/airflow/example_dags/example_branch_datetime_operator.py for tasks to queue
[2023-11-28T01:18:37.767+0000] {logging_mixin.py:154} INFO - [2023-11-28T01:18:37.767+0000] {dagbag.py:536} INFO - Filling up the DagBag from /usr/local/lib/python3.10/dist-packages/airflow/example_dags/example_branch_datetime_operator.py
[2023-11-28T01:18:37.779+0000] {processor.py:839} INFO - DAG(s) dict_keys(['example_branch_datetime_operator', 'example_branch_datetime_operator_3', 'example_branch_datetime_operator_2']) retrieved from /usr/local/lib/python3.10/dist-packages/airflow/example_dags/example_branch_datetime_operator.py
[2023-11-28T01:18:37.803+0000] {logging_mixin.py:154} INFO - [2023-11-28T01:18:37.803+0000] {dag.py:2941} INFO - Sync 3 DAGs
[2023-11-28T01:18:37.827+0000] {logging_mixin.py:154} INFO - [2023-11-28T01:18:37.827+0000] {dag.py:3722} INFO - Setting next_dagrun for example_branch_datetime_operator to 2023-11-27T00:00:00+00:00, run_after=2023-11-28T00:00:00+00:00
[2023-11-28T01:18:37.832+0000] {logging_mixin.py:154} INFO - [2023-11-28T01:18:37.832+0000] {dag.py:3722} INFO - Setting next_dagrun for example_branch_datetime_operator_2 to 2023-11-27T00:00:00+00:00, run_after=2023-11-28T00:00:00+00:00
[2023-11-28T01:18:37.835+0000] {logging_mixin.py:154} INFO - [2023-11-28T01:18:37.834+0000] {dag.py:3722} INFO - Setting next_dagrun for example_branch_datetime_operator_3 to 2023-11-27T00:00:00+00:00, run_after=2023-11-28T00:00:00+00:00
[2023-11-28T01:18:37.855+0000] {processor.py:179} INFO - Processing /usr/local/lib/python3.10/dist-packages/airflow/example_dags/example_branch_datetime_operator.py took 0.093 seconds
[2023-11-28T01:19:24.517+0000] {processor.py:157} INFO - Started process (PID=6896) to work on /usr/local/lib/python3.10/dist-packages/airflow/example_dags/example_branch_datetime_operator.py
[2023-11-28T01:19:24.518+0000] {processor.py:829} INFO - Processing file /usr/local/lib/python3.10/dist-packages/airflow/example_dags/example_branch_datetime_operator.py for tasks to queue
[2023-11-28T01:19:24.519+0000] {logging_mixin.py:154} INFO - [2023-11-28T01:19:24.519+0000] {dagbag.py:536} INFO - Filling up the DagBag from /usr/local/lib/python3.10/dist-packages/airflow/example_dags/example_branch_datetime_operator.py
[2023-11-28T01:19:24.530+0000] {processor.py:839} INFO - DAG(s) dict_keys(['example_branch_datetime_operator', 'example_branch_datetime_operator_2', 'example_branch_datetime_operator_3']) retrieved from /usr/local/lib/python3.10/dist-packages/airflow/example_dags/example_branch_datetime_operator.py
[2023-11-28T01:19:24.554+0000] {logging_mixin.py:154} INFO - [2023-11-28T01:19:24.553+0000] {dag.py:2941} INFO - Sync 3 DAGs
[2023-11-28T01:19:24.577+0000] {logging_mixin.py:154} INFO - [2023-11-28T01:19:24.576+0000] {dag.py:3722} INFO - Setting next_dagrun for example_branch_datetime_operator to 2023-11-27T00:00:00+00:00, run_after=2023-11-28T00:00:00+00:00
[2023-11-28T01:19:24.581+0000] {logging_mixin.py:154} INFO - [2023-11-28T01:19:24.581+0000] {dag.py:3722} INFO - Setting next_dagrun for example_branch_datetime_operator_2 to 2023-11-27T00:00:00+00:00, run_after=2023-11-28T00:00:00+00:00
[2023-11-28T01:19:24.584+0000] {logging_mixin.py:154} INFO - [2023-11-28T01:19:24.584+0000] {dag.py:3722} INFO - Setting next_dagrun for example_branch_datetime_operator_3 to 2023-11-27T00:00:00+00:00, run_after=2023-11-28T00:00:00+00:00
[2023-11-28T01:19:24.604+0000] {processor.py:179} INFO - Processing /usr/local/lib/python3.10/dist-packages/airflow/example_dags/example_branch_datetime_operator.py took 0.091 seconds
