[2023-11-28T00:44:55.357+0000] {processor.py:157} INFO - Started process (PID=3448) to work on /usr/local/lib/python3.10/dist-packages/airflow/example_dags/example_dynamic_task_mapping_with_no_taskflow_operators.py
[2023-11-28T00:44:55.358+0000] {processor.py:829} INFO - Processing file /usr/local/lib/python3.10/dist-packages/airflow/example_dags/example_dynamic_task_mapping_with_no_taskflow_operators.py for tasks to queue
[2023-11-28T00:44:55.359+0000] {logging_mixin.py:154} INFO - [2023-11-28T00:44:55.358+0000] {dagbag.py:536} INFO - Filling up the DagBag from /usr/local/lib/python3.10/dist-packages/airflow/example_dags/example_dynamic_task_mapping_with_no_taskflow_operators.py
[2023-11-28T00:44:55.366+0000] {processor.py:839} INFO - DAG(s) dict_keys(['example_dynamic_task_mapping_with_no_taskflow_operators']) retrieved from /usr/local/lib/python3.10/dist-packages/airflow/example_dags/example_dynamic_task_mapping_with_no_taskflow_operators.py
[2023-11-28T00:44:55.477+0000] {logging_mixin.py:154} INFO - [2023-11-28T00:44:55.477+0000] {manager.py:499} INFO - Created Permission View: %s
[2023-11-28T00:44:55.490+0000] {logging_mixin.py:154} INFO - [2023-11-28T00:44:55.489+0000] {manager.py:499} INFO - Created Permission View: %s
[2023-11-28T00:44:55.499+0000] {logging_mixin.py:154} INFO - [2023-11-28T00:44:55.499+0000] {manager.py:499} INFO - Created Permission View: %s
[2023-11-28T00:44:55.500+0000] {logging_mixin.py:154} INFO - [2023-11-28T00:44:55.499+0000] {dag.py:2941} INFO - Sync 1 DAGs
[2023-11-28T00:44:55.511+0000] {logging_mixin.py:154} INFO - [2023-11-28T00:44:55.511+0000] {dag.py:2963} INFO - Creating ORM DAG for example_dynamic_task_mapping_with_no_taskflow_operators
[2023-11-28T00:44:55.520+0000] {logging_mixin.py:154} INFO - [2023-11-28T00:44:55.520+0000] {dag.py:3722} INFO - Setting next_dagrun for example_dynamic_task_mapping_with_no_taskflow_operators to 2023-11-27T00:44:55.520356+00:00, run_after=2023-11-28T00:44:55.520356+00:00
[2023-11-28T00:44:55.540+0000] {processor.py:179} INFO - Processing /usr/local/lib/python3.10/dist-packages/airflow/example_dags/example_dynamic_task_mapping_with_no_taskflow_operators.py took 0.187 seconds
[2023-11-28T00:45:44.363+0000] {processor.py:157} INFO - Started process (PID=3570) to work on /usr/local/lib/python3.10/dist-packages/airflow/example_dags/example_dynamic_task_mapping_with_no_taskflow_operators.py
[2023-11-28T00:45:44.364+0000] {processor.py:829} INFO - Processing file /usr/local/lib/python3.10/dist-packages/airflow/example_dags/example_dynamic_task_mapping_with_no_taskflow_operators.py for tasks to queue
[2023-11-28T00:45:44.365+0000] {logging_mixin.py:154} INFO - [2023-11-28T00:45:44.365+0000] {dagbag.py:536} INFO - Filling up the DagBag from /usr/local/lib/python3.10/dist-packages/airflow/example_dags/example_dynamic_task_mapping_with_no_taskflow_operators.py
[2023-11-28T00:45:44.373+0000] {processor.py:839} INFO - DAG(s) dict_keys(['example_dynamic_task_mapping_with_no_taskflow_operators']) retrieved from /usr/local/lib/python3.10/dist-packages/airflow/example_dags/example_dynamic_task_mapping_with_no_taskflow_operators.py
[2023-11-28T00:45:44.389+0000] {logging_mixin.py:154} INFO - [2023-11-28T00:45:44.389+0000] {dag.py:2941} INFO - Sync 1 DAGs
[2023-11-28T00:45:44.410+0000] {logging_mixin.py:154} INFO - [2023-11-28T00:45:44.410+0000] {dag.py:3722} INFO - Setting next_dagrun for example_dynamic_task_mapping_with_no_taskflow_operators to 2023-11-27T00:45:44.409953+00:00, run_after=2023-11-28T00:45:44.409953+00:00
[2023-11-28T00:45:44.433+0000] {processor.py:179} INFO - Processing /usr/local/lib/python3.10/dist-packages/airflow/example_dags/example_dynamic_task_mapping_with_no_taskflow_operators.py took 0.074 seconds
[2023-11-28T00:46:26.679+0000] {processor.py:157} INFO - Started process (PID=3616) to work on /usr/local/lib/python3.10/dist-packages/airflow/example_dags/example_dynamic_task_mapping_with_no_taskflow_operators.py
[2023-11-28T00:46:26.681+0000] {processor.py:829} INFO - Processing file /usr/local/lib/python3.10/dist-packages/airflow/example_dags/example_dynamic_task_mapping_with_no_taskflow_operators.py for tasks to queue
[2023-11-28T00:46:26.682+0000] {logging_mixin.py:154} INFO - [2023-11-28T00:46:26.681+0000] {dagbag.py:536} INFO - Filling up the DagBag from /usr/local/lib/python3.10/dist-packages/airflow/example_dags/example_dynamic_task_mapping_with_no_taskflow_operators.py
[2023-11-28T00:46:26.689+0000] {processor.py:839} INFO - DAG(s) dict_keys(['example_dynamic_task_mapping_with_no_taskflow_operators']) retrieved from /usr/local/lib/python3.10/dist-packages/airflow/example_dags/example_dynamic_task_mapping_with_no_taskflow_operators.py
[2023-11-28T00:46:26.704+0000] {logging_mixin.py:154} INFO - [2023-11-28T00:46:26.704+0000] {dag.py:2941} INFO - Sync 1 DAGs
[2023-11-28T00:46:26.725+0000] {logging_mixin.py:154} INFO - [2023-11-28T00:46:26.725+0000] {dag.py:3722} INFO - Setting next_dagrun for example_dynamic_task_mapping_with_no_taskflow_operators to 2023-11-27T00:46:26.724865+00:00, run_after=2023-11-28T00:46:26.724865+00:00
[2023-11-28T00:46:26.746+0000] {processor.py:179} INFO - Processing /usr/local/lib/python3.10/dist-packages/airflow/example_dags/example_dynamic_task_mapping_with_no_taskflow_operators.py took 0.070 seconds
[2023-11-28T00:47:12.217+0000] {processor.py:157} INFO - Started process (PID=3665) to work on /usr/local/lib/python3.10/dist-packages/airflow/example_dags/example_dynamic_task_mapping_with_no_taskflow_operators.py
[2023-11-28T00:47:12.218+0000] {processor.py:829} INFO - Processing file /usr/local/lib/python3.10/dist-packages/airflow/example_dags/example_dynamic_task_mapping_with_no_taskflow_operators.py for tasks to queue
[2023-11-28T00:47:12.219+0000] {logging_mixin.py:154} INFO - [2023-11-28T00:47:12.218+0000] {dagbag.py:536} INFO - Filling up the DagBag from /usr/local/lib/python3.10/dist-packages/airflow/example_dags/example_dynamic_task_mapping_with_no_taskflow_operators.py
[2023-11-28T00:47:12.226+0000] {processor.py:839} INFO - DAG(s) dict_keys(['example_dynamic_task_mapping_with_no_taskflow_operators']) retrieved from /usr/local/lib/python3.10/dist-packages/airflow/example_dags/example_dynamic_task_mapping_with_no_taskflow_operators.py
[2023-11-28T00:47:12.242+0000] {logging_mixin.py:154} INFO - [2023-11-28T00:47:12.242+0000] {dag.py:2941} INFO - Sync 1 DAGs
[2023-11-28T00:47:12.263+0000] {logging_mixin.py:154} INFO - [2023-11-28T00:47:12.263+0000] {dag.py:3722} INFO - Setting next_dagrun for example_dynamic_task_mapping_with_no_taskflow_operators to 2023-11-27T00:47:12.262832+00:00, run_after=2023-11-28T00:47:12.262832+00:00
[2023-11-28T00:47:12.286+0000] {processor.py:179} INFO - Processing /usr/local/lib/python3.10/dist-packages/airflow/example_dags/example_dynamic_task_mapping_with_no_taskflow_operators.py took 0.072 seconds
[2023-11-28T00:47:56.902+0000] {processor.py:157} INFO - Started process (PID=3713) to work on /usr/local/lib/python3.10/dist-packages/airflow/example_dags/example_dynamic_task_mapping_with_no_taskflow_operators.py
[2023-11-28T00:47:56.904+0000] {processor.py:829} INFO - Processing file /usr/local/lib/python3.10/dist-packages/airflow/example_dags/example_dynamic_task_mapping_with_no_taskflow_operators.py for tasks to queue
[2023-11-28T00:47:56.904+0000] {logging_mixin.py:154} INFO - [2023-11-28T00:47:56.904+0000] {dagbag.py:536} INFO - Filling up the DagBag from /usr/local/lib/python3.10/dist-packages/airflow/example_dags/example_dynamic_task_mapping_with_no_taskflow_operators.py
[2023-11-28T00:47:56.912+0000] {processor.py:839} INFO - DAG(s) dict_keys(['example_dynamic_task_mapping_with_no_taskflow_operators']) retrieved from /usr/local/lib/python3.10/dist-packages/airflow/example_dags/example_dynamic_task_mapping_with_no_taskflow_operators.py
[2023-11-28T00:47:56.928+0000] {logging_mixin.py:154} INFO - [2023-11-28T00:47:56.927+0000] {dag.py:2941} INFO - Sync 1 DAGs
[2023-11-28T00:47:56.949+0000] {logging_mixin.py:154} INFO - [2023-11-28T00:47:56.949+0000] {dag.py:3722} INFO - Setting next_dagrun for example_dynamic_task_mapping_with_no_taskflow_operators to 2023-11-27T00:47:56.949357+00:00, run_after=2023-11-28T00:47:56.949357+00:00
[2023-11-28T00:47:56.973+0000] {processor.py:179} INFO - Processing /usr/local/lib/python3.10/dist-packages/airflow/example_dags/example_dynamic_task_mapping_with_no_taskflow_operators.py took 0.074 seconds
[2023-11-28T00:48:43.611+0000] {processor.py:157} INFO - Started process (PID=3762) to work on /usr/local/lib/python3.10/dist-packages/airflow/example_dags/example_dynamic_task_mapping_with_no_taskflow_operators.py
[2023-11-28T00:48:43.612+0000] {processor.py:829} INFO - Processing file /usr/local/lib/python3.10/dist-packages/airflow/example_dags/example_dynamic_task_mapping_with_no_taskflow_operators.py for tasks to queue
[2023-11-28T00:48:43.613+0000] {logging_mixin.py:154} INFO - [2023-11-28T00:48:43.613+0000] {dagbag.py:536} INFO - Filling up the DagBag from /usr/local/lib/python3.10/dist-packages/airflow/example_dags/example_dynamic_task_mapping_with_no_taskflow_operators.py
[2023-11-28T00:48:43.621+0000] {processor.py:839} INFO - DAG(s) dict_keys(['example_dynamic_task_mapping_with_no_taskflow_operators']) retrieved from /usr/local/lib/python3.10/dist-packages/airflow/example_dags/example_dynamic_task_mapping_with_no_taskflow_operators.py
[2023-11-28T00:48:43.637+0000] {logging_mixin.py:154} INFO - [2023-11-28T00:48:43.637+0000] {dag.py:2941} INFO - Sync 1 DAGs
[2023-11-28T00:48:43.661+0000] {logging_mixin.py:154} INFO - [2023-11-28T00:48:43.661+0000] {dag.py:3722} INFO - Setting next_dagrun for example_dynamic_task_mapping_with_no_taskflow_operators to 2023-11-27T00:48:43.661278+00:00, run_after=2023-11-28T00:48:43.661278+00:00
[2023-11-28T00:48:43.726+0000] {processor.py:179} INFO - Processing /usr/local/lib/python3.10/dist-packages/airflow/example_dags/example_dynamic_task_mapping_with_no_taskflow_operators.py took 0.119 seconds
[2023-11-28T00:49:28.299+0000] {processor.py:157} INFO - Started process (PID=3808) to work on /usr/local/lib/python3.10/dist-packages/airflow/example_dags/example_dynamic_task_mapping_with_no_taskflow_operators.py
[2023-11-28T00:49:28.300+0000] {processor.py:829} INFO - Processing file /usr/local/lib/python3.10/dist-packages/airflow/example_dags/example_dynamic_task_mapping_with_no_taskflow_operators.py for tasks to queue
[2023-11-28T00:49:28.301+0000] {logging_mixin.py:154} INFO - [2023-11-28T00:49:28.300+0000] {dagbag.py:536} INFO - Filling up the DagBag from /usr/local/lib/python3.10/dist-packages/airflow/example_dags/example_dynamic_task_mapping_with_no_taskflow_operators.py
[2023-11-28T00:49:28.308+0000] {processor.py:839} INFO - DAG(s) dict_keys(['example_dynamic_task_mapping_with_no_taskflow_operators']) retrieved from /usr/local/lib/python3.10/dist-packages/airflow/example_dags/example_dynamic_task_mapping_with_no_taskflow_operators.py
[2023-11-28T00:49:28.324+0000] {logging_mixin.py:154} INFO - [2023-11-28T00:49:28.323+0000] {dag.py:2941} INFO - Sync 1 DAGs
[2023-11-28T00:49:28.346+0000] {logging_mixin.py:154} INFO - [2023-11-28T00:49:28.345+0000] {dag.py:3722} INFO - Setting next_dagrun for example_dynamic_task_mapping_with_no_taskflow_operators to 2023-11-27T00:49:28.345614+00:00, run_after=2023-11-28T00:49:28.345614+00:00
[2023-11-28T00:49:28.368+0000] {processor.py:179} INFO - Processing /usr/local/lib/python3.10/dist-packages/airflow/example_dags/example_dynamic_task_mapping_with_no_taskflow_operators.py took 0.073 seconds
[2023-11-28T00:50:15.154+0000] {processor.py:157} INFO - Started process (PID=3856) to work on /usr/local/lib/python3.10/dist-packages/airflow/example_dags/example_dynamic_task_mapping_with_no_taskflow_operators.py
[2023-11-28T00:50:15.155+0000] {processor.py:829} INFO - Processing file /usr/local/lib/python3.10/dist-packages/airflow/example_dags/example_dynamic_task_mapping_with_no_taskflow_operators.py for tasks to queue
[2023-11-28T00:50:15.156+0000] {logging_mixin.py:154} INFO - [2023-11-28T00:50:15.156+0000] {dagbag.py:536} INFO - Filling up the DagBag from /usr/local/lib/python3.10/dist-packages/airflow/example_dags/example_dynamic_task_mapping_with_no_taskflow_operators.py
[2023-11-28T00:50:15.164+0000] {processor.py:839} INFO - DAG(s) dict_keys(['example_dynamic_task_mapping_with_no_taskflow_operators']) retrieved from /usr/local/lib/python3.10/dist-packages/airflow/example_dags/example_dynamic_task_mapping_with_no_taskflow_operators.py
[2023-11-28T00:50:15.181+0000] {logging_mixin.py:154} INFO - [2023-11-28T00:50:15.181+0000] {dag.py:2941} INFO - Sync 1 DAGs
[2023-11-28T00:50:15.203+0000] {logging_mixin.py:154} INFO - [2023-11-28T00:50:15.203+0000] {dag.py:3722} INFO - Setting next_dagrun for example_dynamic_task_mapping_with_no_taskflow_operators to 2023-11-27T00:50:15.202941+00:00, run_after=2023-11-28T00:50:15.202941+00:00
[2023-11-28T00:50:15.226+0000] {processor.py:179} INFO - Processing /usr/local/lib/python3.10/dist-packages/airflow/example_dags/example_dynamic_task_mapping_with_no_taskflow_operators.py took 0.075 seconds
[2023-11-28T00:51:02.544+0000] {processor.py:157} INFO - Started process (PID=3905) to work on /usr/local/lib/python3.10/dist-packages/airflow/example_dags/example_dynamic_task_mapping_with_no_taskflow_operators.py
[2023-11-28T00:51:02.545+0000] {processor.py:829} INFO - Processing file /usr/local/lib/python3.10/dist-packages/airflow/example_dags/example_dynamic_task_mapping_with_no_taskflow_operators.py for tasks to queue
[2023-11-28T00:51:02.546+0000] {logging_mixin.py:154} INFO - [2023-11-28T00:51:02.546+0000] {dagbag.py:536} INFO - Filling up the DagBag from /usr/local/lib/python3.10/dist-packages/airflow/example_dags/example_dynamic_task_mapping_with_no_taskflow_operators.py
[2023-11-28T00:51:02.554+0000] {processor.py:839} INFO - DAG(s) dict_keys(['example_dynamic_task_mapping_with_no_taskflow_operators']) retrieved from /usr/local/lib/python3.10/dist-packages/airflow/example_dags/example_dynamic_task_mapping_with_no_taskflow_operators.py
[2023-11-28T00:51:02.570+0000] {logging_mixin.py:154} INFO - [2023-11-28T00:51:02.570+0000] {dag.py:2941} INFO - Sync 1 DAGs
[2023-11-28T00:51:02.592+0000] {logging_mixin.py:154} INFO - [2023-11-28T00:51:02.592+0000] {dag.py:3722} INFO - Setting next_dagrun for example_dynamic_task_mapping_with_no_taskflow_operators to 2023-11-27T00:51:02.592135+00:00, run_after=2023-11-28T00:51:02.592135+00:00
[2023-11-28T00:51:02.617+0000] {processor.py:179} INFO - Processing /usr/local/lib/python3.10/dist-packages/airflow/example_dags/example_dynamic_task_mapping_with_no_taskflow_operators.py took 0.077 seconds
[2023-11-28T00:51:48.931+0000] {processor.py:157} INFO - Started process (PID=3952) to work on /usr/local/lib/python3.10/dist-packages/airflow/example_dags/example_dynamic_task_mapping_with_no_taskflow_operators.py
[2023-11-28T00:51:48.932+0000] {processor.py:829} INFO - Processing file /usr/local/lib/python3.10/dist-packages/airflow/example_dags/example_dynamic_task_mapping_with_no_taskflow_operators.py for tasks to queue
[2023-11-28T00:51:48.933+0000] {logging_mixin.py:154} INFO - [2023-11-28T00:51:48.933+0000] {dagbag.py:536} INFO - Filling up the DagBag from /usr/local/lib/python3.10/dist-packages/airflow/example_dags/example_dynamic_task_mapping_with_no_taskflow_operators.py
[2023-11-28T00:51:48.941+0000] {processor.py:839} INFO - DAG(s) dict_keys(['example_dynamic_task_mapping_with_no_taskflow_operators']) retrieved from /usr/local/lib/python3.10/dist-packages/airflow/example_dags/example_dynamic_task_mapping_with_no_taskflow_operators.py
[2023-11-28T00:51:48.956+0000] {logging_mixin.py:154} INFO - [2023-11-28T00:51:48.956+0000] {dag.py:2941} INFO - Sync 1 DAGs
[2023-11-28T00:51:48.976+0000] {logging_mixin.py:154} INFO - [2023-11-28T00:51:48.976+0000] {dag.py:3722} INFO - Setting next_dagrun for example_dynamic_task_mapping_with_no_taskflow_operators to 2023-11-27T00:51:48.976091+00:00, run_after=2023-11-28T00:51:48.976091+00:00
[2023-11-28T00:51:48.997+0000] {processor.py:179} INFO - Processing /usr/local/lib/python3.10/dist-packages/airflow/example_dags/example_dynamic_task_mapping_with_no_taskflow_operators.py took 0.069 seconds
[2023-11-28T00:52:34.491+0000] {processor.py:157} INFO - Started process (PID=4344) to work on /usr/local/lib/python3.10/dist-packages/airflow/example_dags/example_dynamic_task_mapping_with_no_taskflow_operators.py
[2023-11-28T00:52:34.492+0000] {processor.py:829} INFO - Processing file /usr/local/lib/python3.10/dist-packages/airflow/example_dags/example_dynamic_task_mapping_with_no_taskflow_operators.py for tasks to queue
[2023-11-28T00:52:34.493+0000] {logging_mixin.py:154} INFO - [2023-11-28T00:52:34.493+0000] {dagbag.py:536} INFO - Filling up the DagBag from /usr/local/lib/python3.10/dist-packages/airflow/example_dags/example_dynamic_task_mapping_with_no_taskflow_operators.py
[2023-11-28T00:52:34.501+0000] {processor.py:839} INFO - DAG(s) dict_keys(['example_dynamic_task_mapping_with_no_taskflow_operators']) retrieved from /usr/local/lib/python3.10/dist-packages/airflow/example_dags/example_dynamic_task_mapping_with_no_taskflow_operators.py
[2023-11-28T00:52:34.517+0000] {logging_mixin.py:154} INFO - [2023-11-28T00:52:34.516+0000] {dag.py:2941} INFO - Sync 1 DAGs
[2023-11-28T00:52:34.538+0000] {logging_mixin.py:154} INFO - [2023-11-28T00:52:34.538+0000] {dag.py:3722} INFO - Setting next_dagrun for example_dynamic_task_mapping_with_no_taskflow_operators to 2023-11-27T00:52:34.538396+00:00, run_after=2023-11-28T00:52:34.538396+00:00
[2023-11-28T00:52:34.560+0000] {processor.py:179} INFO - Processing /usr/local/lib/python3.10/dist-packages/airflow/example_dags/example_dynamic_task_mapping_with_no_taskflow_operators.py took 0.072 seconds
[2023-11-28T00:53:21.771+0000] {processor.py:157} INFO - Started process (PID=4487) to work on /usr/local/lib/python3.10/dist-packages/airflow/example_dags/example_dynamic_task_mapping_with_no_taskflow_operators.py
[2023-11-28T00:53:21.772+0000] {processor.py:829} INFO - Processing file /usr/local/lib/python3.10/dist-packages/airflow/example_dags/example_dynamic_task_mapping_with_no_taskflow_operators.py for tasks to queue
[2023-11-28T00:53:21.773+0000] {logging_mixin.py:154} INFO - [2023-11-28T00:53:21.773+0000] {dagbag.py:536} INFO - Filling up the DagBag from /usr/local/lib/python3.10/dist-packages/airflow/example_dags/example_dynamic_task_mapping_with_no_taskflow_operators.py
[2023-11-28T00:53:21.781+0000] {processor.py:839} INFO - DAG(s) dict_keys(['example_dynamic_task_mapping_with_no_taskflow_operators']) retrieved from /usr/local/lib/python3.10/dist-packages/airflow/example_dags/example_dynamic_task_mapping_with_no_taskflow_operators.py
[2023-11-28T00:53:21.797+0000] {logging_mixin.py:154} INFO - [2023-11-28T00:53:21.797+0000] {dag.py:2941} INFO - Sync 1 DAGs
[2023-11-28T00:53:21.819+0000] {logging_mixin.py:154} INFO - [2023-11-28T00:53:21.819+0000] {dag.py:3722} INFO - Setting next_dagrun for example_dynamic_task_mapping_with_no_taskflow_operators to 2023-11-27T00:53:21.819399+00:00, run_after=2023-11-28T00:53:21.819399+00:00
[2023-11-28T00:53:21.843+0000] {processor.py:179} INFO - Processing /usr/local/lib/python3.10/dist-packages/airflow/example_dags/example_dynamic_task_mapping_with_no_taskflow_operators.py took 0.076 seconds
[2023-11-28T00:54:08.204+0000] {processor.py:157} INFO - Started process (PID=4833) to work on /usr/local/lib/python3.10/dist-packages/airflow/example_dags/example_dynamic_task_mapping_with_no_taskflow_operators.py
[2023-11-28T00:54:08.205+0000] {processor.py:829} INFO - Processing file /usr/local/lib/python3.10/dist-packages/airflow/example_dags/example_dynamic_task_mapping_with_no_taskflow_operators.py for tasks to queue
[2023-11-28T00:54:08.206+0000] {logging_mixin.py:154} INFO - [2023-11-28T00:54:08.206+0000] {dagbag.py:536} INFO - Filling up the DagBag from /usr/local/lib/python3.10/dist-packages/airflow/example_dags/example_dynamic_task_mapping_with_no_taskflow_operators.py
[2023-11-28T00:54:08.214+0000] {processor.py:839} INFO - DAG(s) dict_keys(['example_dynamic_task_mapping_with_no_taskflow_operators']) retrieved from /usr/local/lib/python3.10/dist-packages/airflow/example_dags/example_dynamic_task_mapping_with_no_taskflow_operators.py
[2023-11-28T00:54:08.230+0000] {logging_mixin.py:154} INFO - [2023-11-28T00:54:08.230+0000] {dag.py:2941} INFO - Sync 1 DAGs
[2023-11-28T00:54:08.252+0000] {logging_mixin.py:154} INFO - [2023-11-28T00:54:08.252+0000] {dag.py:3722} INFO - Setting next_dagrun for example_dynamic_task_mapping_with_no_taskflow_operators to 2023-11-27T00:54:08.252375+00:00, run_after=2023-11-28T00:54:08.252375+00:00
[2023-11-28T00:54:08.278+0000] {processor.py:179} INFO - Processing /usr/local/lib/python3.10/dist-packages/airflow/example_dags/example_dynamic_task_mapping_with_no_taskflow_operators.py took 0.077 seconds
[2023-11-28T00:54:50.664+0000] {processor.py:157} INFO - Started process (PID=4919) to work on /usr/local/lib/python3.10/dist-packages/airflow/example_dags/example_dynamic_task_mapping_with_no_taskflow_operators.py
[2023-11-28T00:54:50.665+0000] {processor.py:829} INFO - Processing file /usr/local/lib/python3.10/dist-packages/airflow/example_dags/example_dynamic_task_mapping_with_no_taskflow_operators.py for tasks to queue
[2023-11-28T00:54:50.666+0000] {logging_mixin.py:154} INFO - [2023-11-28T00:54:50.665+0000] {dagbag.py:536} INFO - Filling up the DagBag from /usr/local/lib/python3.10/dist-packages/airflow/example_dags/example_dynamic_task_mapping_with_no_taskflow_operators.py
[2023-11-28T00:54:50.673+0000] {processor.py:839} INFO - DAG(s) dict_keys(['example_dynamic_task_mapping_with_no_taskflow_operators']) retrieved from /usr/local/lib/python3.10/dist-packages/airflow/example_dags/example_dynamic_task_mapping_with_no_taskflow_operators.py
[2023-11-28T00:54:50.689+0000] {logging_mixin.py:154} INFO - [2023-11-28T00:54:50.689+0000] {dag.py:2941} INFO - Sync 1 DAGs
[2023-11-28T00:54:50.710+0000] {logging_mixin.py:154} INFO - [2023-11-28T00:54:50.710+0000] {dag.py:3722} INFO - Setting next_dagrun for example_dynamic_task_mapping_with_no_taskflow_operators to 2023-11-27T00:54:50.709861+00:00, run_after=2023-11-28T00:54:50.709861+00:00
[2023-11-28T00:54:50.732+0000] {processor.py:179} INFO - Processing /usr/local/lib/python3.10/dist-packages/airflow/example_dags/example_dynamic_task_mapping_with_no_taskflow_operators.py took 0.072 seconds
[2023-11-28T00:55:35.958+0000] {processor.py:157} INFO - Started process (PID=4967) to work on /usr/local/lib/python3.10/dist-packages/airflow/example_dags/example_dynamic_task_mapping_with_no_taskflow_operators.py
[2023-11-28T00:55:35.959+0000] {processor.py:829} INFO - Processing file /usr/local/lib/python3.10/dist-packages/airflow/example_dags/example_dynamic_task_mapping_with_no_taskflow_operators.py for tasks to queue
[2023-11-28T00:55:35.960+0000] {logging_mixin.py:154} INFO - [2023-11-28T00:55:35.960+0000] {dagbag.py:536} INFO - Filling up the DagBag from /usr/local/lib/python3.10/dist-packages/airflow/example_dags/example_dynamic_task_mapping_with_no_taskflow_operators.py
[2023-11-28T00:55:35.968+0000] {processor.py:839} INFO - DAG(s) dict_keys(['example_dynamic_task_mapping_with_no_taskflow_operators']) retrieved from /usr/local/lib/python3.10/dist-packages/airflow/example_dags/example_dynamic_task_mapping_with_no_taskflow_operators.py
[2023-11-28T00:55:35.984+0000] {logging_mixin.py:154} INFO - [2023-11-28T00:55:35.983+0000] {dag.py:2941} INFO - Sync 1 DAGs
[2023-11-28T00:55:36.006+0000] {logging_mixin.py:154} INFO - [2023-11-28T00:55:36.005+0000] {dag.py:3722} INFO - Setting next_dagrun for example_dynamic_task_mapping_with_no_taskflow_operators to 2023-11-27T00:55:36.005577+00:00, run_after=2023-11-28T00:55:36.005577+00:00
[2023-11-28T00:55:36.028+0000] {processor.py:179} INFO - Processing /usr/local/lib/python3.10/dist-packages/airflow/example_dags/example_dynamic_task_mapping_with_no_taskflow_operators.py took 0.073 seconds
[2023-11-28T00:56:22.211+0000] {processor.py:157} INFO - Started process (PID=5332) to work on /usr/local/lib/python3.10/dist-packages/airflow/example_dags/example_dynamic_task_mapping_with_no_taskflow_operators.py
[2023-11-28T00:56:22.213+0000] {processor.py:829} INFO - Processing file /usr/local/lib/python3.10/dist-packages/airflow/example_dags/example_dynamic_task_mapping_with_no_taskflow_operators.py for tasks to queue
[2023-11-28T00:56:22.213+0000] {logging_mixin.py:154} INFO - [2023-11-28T00:56:22.213+0000] {dagbag.py:536} INFO - Filling up the DagBag from /usr/local/lib/python3.10/dist-packages/airflow/example_dags/example_dynamic_task_mapping_with_no_taskflow_operators.py
[2023-11-28T00:56:22.221+0000] {processor.py:839} INFO - DAG(s) dict_keys(['example_dynamic_task_mapping_with_no_taskflow_operators']) retrieved from /usr/local/lib/python3.10/dist-packages/airflow/example_dags/example_dynamic_task_mapping_with_no_taskflow_operators.py
[2023-11-28T00:56:22.237+0000] {logging_mixin.py:154} INFO - [2023-11-28T00:56:22.237+0000] {dag.py:2941} INFO - Sync 1 DAGs
[2023-11-28T00:56:22.258+0000] {logging_mixin.py:154} INFO - [2023-11-28T00:56:22.257+0000] {dag.py:3722} INFO - Setting next_dagrun for example_dynamic_task_mapping_with_no_taskflow_operators to 2023-11-27T00:56:22.257607+00:00, run_after=2023-11-28T00:56:22.257607+00:00
[2023-11-28T00:56:22.280+0000] {processor.py:179} INFO - Processing /usr/local/lib/python3.10/dist-packages/airflow/example_dags/example_dynamic_task_mapping_with_no_taskflow_operators.py took 0.072 seconds
[2023-11-28T00:57:09.720+0000] {processor.py:157} INFO - Started process (PID=5381) to work on /usr/local/lib/python3.10/dist-packages/airflow/example_dags/example_dynamic_task_mapping_with_no_taskflow_operators.py
[2023-11-28T00:57:09.723+0000] {processor.py:829} INFO - Processing file /usr/local/lib/python3.10/dist-packages/airflow/example_dags/example_dynamic_task_mapping_with_no_taskflow_operators.py for tasks to queue
[2023-11-28T00:57:09.724+0000] {logging_mixin.py:154} INFO - [2023-11-28T00:57:09.724+0000] {dagbag.py:536} INFO - Filling up the DagBag from /usr/local/lib/python3.10/dist-packages/airflow/example_dags/example_dynamic_task_mapping_with_no_taskflow_operators.py
[2023-11-28T00:57:09.732+0000] {processor.py:839} INFO - DAG(s) dict_keys(['example_dynamic_task_mapping_with_no_taskflow_operators']) retrieved from /usr/local/lib/python3.10/dist-packages/airflow/example_dags/example_dynamic_task_mapping_with_no_taskflow_operators.py
[2023-11-28T00:57:09.749+0000] {logging_mixin.py:154} INFO - [2023-11-28T00:57:09.748+0000] {dag.py:2941} INFO - Sync 1 DAGs
[2023-11-28T00:57:09.771+0000] {logging_mixin.py:154} INFO - [2023-11-28T00:57:09.770+0000] {dag.py:3722} INFO - Setting next_dagrun for example_dynamic_task_mapping_with_no_taskflow_operators to 2023-11-27T00:57:09.770695+00:00, run_after=2023-11-28T00:57:09.770695+00:00
[2023-11-28T00:57:09.793+0000] {processor.py:179} INFO - Processing /usr/local/lib/python3.10/dist-packages/airflow/example_dags/example_dynamic_task_mapping_with_no_taskflow_operators.py took 0.076 seconds
[2023-11-28T00:57:56.741+0000] {processor.py:157} INFO - Started process (PID=5431) to work on /usr/local/lib/python3.10/dist-packages/airflow/example_dags/example_dynamic_task_mapping_with_no_taskflow_operators.py
[2023-11-28T00:57:56.742+0000] {processor.py:829} INFO - Processing file /usr/local/lib/python3.10/dist-packages/airflow/example_dags/example_dynamic_task_mapping_with_no_taskflow_operators.py for tasks to queue
[2023-11-28T00:57:56.743+0000] {logging_mixin.py:154} INFO - [2023-11-28T00:57:56.743+0000] {dagbag.py:536} INFO - Filling up the DagBag from /usr/local/lib/python3.10/dist-packages/airflow/example_dags/example_dynamic_task_mapping_with_no_taskflow_operators.py
[2023-11-28T00:57:56.751+0000] {processor.py:839} INFO - DAG(s) dict_keys(['example_dynamic_task_mapping_with_no_taskflow_operators']) retrieved from /usr/local/lib/python3.10/dist-packages/airflow/example_dags/example_dynamic_task_mapping_with_no_taskflow_operators.py
[2023-11-28T00:57:56.767+0000] {logging_mixin.py:154} INFO - [2023-11-28T00:57:56.767+0000] {dag.py:2941} INFO - Sync 1 DAGs
[2023-11-28T00:57:56.789+0000] {logging_mixin.py:154} INFO - [2023-11-28T00:57:56.789+0000] {dag.py:3722} INFO - Setting next_dagrun for example_dynamic_task_mapping_with_no_taskflow_operators to 2023-11-27T00:57:56.788753+00:00, run_after=2023-11-28T00:57:56.788753+00:00
[2023-11-28T00:57:56.811+0000] {processor.py:179} INFO - Processing /usr/local/lib/python3.10/dist-packages/airflow/example_dags/example_dynamic_task_mapping_with_no_taskflow_operators.py took 0.074 seconds
[2023-11-28T00:58:42.569+0000] {processor.py:157} INFO - Started process (PID=5478) to work on /usr/local/lib/python3.10/dist-packages/airflow/example_dags/example_dynamic_task_mapping_with_no_taskflow_operators.py
[2023-11-28T00:58:42.571+0000] {processor.py:829} INFO - Processing file /usr/local/lib/python3.10/dist-packages/airflow/example_dags/example_dynamic_task_mapping_with_no_taskflow_operators.py for tasks to queue
[2023-11-28T00:58:42.572+0000] {logging_mixin.py:154} INFO - [2023-11-28T00:58:42.571+0000] {dagbag.py:536} INFO - Filling up the DagBag from /usr/local/lib/python3.10/dist-packages/airflow/example_dags/example_dynamic_task_mapping_with_no_taskflow_operators.py
[2023-11-28T00:58:42.579+0000] {processor.py:839} INFO - DAG(s) dict_keys(['example_dynamic_task_mapping_with_no_taskflow_operators']) retrieved from /usr/local/lib/python3.10/dist-packages/airflow/example_dags/example_dynamic_task_mapping_with_no_taskflow_operators.py
[2023-11-28T00:58:42.595+0000] {logging_mixin.py:154} INFO - [2023-11-28T00:58:42.595+0000] {dag.py:2941} INFO - Sync 1 DAGs
[2023-11-28T00:58:42.618+0000] {logging_mixin.py:154} INFO - [2023-11-28T00:58:42.617+0000] {dag.py:3722} INFO - Setting next_dagrun for example_dynamic_task_mapping_with_no_taskflow_operators to 2023-11-27T00:58:42.617599+00:00, run_after=2023-11-28T00:58:42.617599+00:00
[2023-11-28T00:58:42.639+0000] {processor.py:179} INFO - Processing /usr/local/lib/python3.10/dist-packages/airflow/example_dags/example_dynamic_task_mapping_with_no_taskflow_operators.py took 0.073 seconds
[2023-11-28T00:59:30.466+0000] {processor.py:157} INFO - Started process (PID=5528) to work on /usr/local/lib/python3.10/dist-packages/airflow/example_dags/example_dynamic_task_mapping_with_no_taskflow_operators.py
[2023-11-28T00:59:30.467+0000] {processor.py:829} INFO - Processing file /usr/local/lib/python3.10/dist-packages/airflow/example_dags/example_dynamic_task_mapping_with_no_taskflow_operators.py for tasks to queue
[2023-11-28T00:59:30.468+0000] {logging_mixin.py:154} INFO - [2023-11-28T00:59:30.468+0000] {dagbag.py:536} INFO - Filling up the DagBag from /usr/local/lib/python3.10/dist-packages/airflow/example_dags/example_dynamic_task_mapping_with_no_taskflow_operators.py
[2023-11-28T00:59:30.476+0000] {processor.py:839} INFO - DAG(s) dict_keys(['example_dynamic_task_mapping_with_no_taskflow_operators']) retrieved from /usr/local/lib/python3.10/dist-packages/airflow/example_dags/example_dynamic_task_mapping_with_no_taskflow_operators.py
[2023-11-28T00:59:30.492+0000] {logging_mixin.py:154} INFO - [2023-11-28T00:59:30.492+0000] {dag.py:2941} INFO - Sync 1 DAGs
[2023-11-28T00:59:30.518+0000] {logging_mixin.py:154} INFO - [2023-11-28T00:59:30.518+0000] {dag.py:3722} INFO - Setting next_dagrun for example_dynamic_task_mapping_with_no_taskflow_operators to 2023-11-27T00:59:30.517918+00:00, run_after=2023-11-28T00:59:30.517918+00:00
[2023-11-28T00:59:30.541+0000] {processor.py:179} INFO - Processing /usr/local/lib/python3.10/dist-packages/airflow/example_dags/example_dynamic_task_mapping_with_no_taskflow_operators.py took 0.079 seconds
[2023-11-28T01:00:14.459+0000] {processor.py:157} INFO - Started process (PID=5574) to work on /usr/local/lib/python3.10/dist-packages/airflow/example_dags/example_dynamic_task_mapping_with_no_taskflow_operators.py
[2023-11-28T01:00:14.460+0000] {processor.py:829} INFO - Processing file /usr/local/lib/python3.10/dist-packages/airflow/example_dags/example_dynamic_task_mapping_with_no_taskflow_operators.py for tasks to queue
[2023-11-28T01:00:14.461+0000] {logging_mixin.py:154} INFO - [2023-11-28T01:00:14.460+0000] {dagbag.py:536} INFO - Filling up the DagBag from /usr/local/lib/python3.10/dist-packages/airflow/example_dags/example_dynamic_task_mapping_with_no_taskflow_operators.py
[2023-11-28T01:00:14.468+0000] {processor.py:839} INFO - DAG(s) dict_keys(['example_dynamic_task_mapping_with_no_taskflow_operators']) retrieved from /usr/local/lib/python3.10/dist-packages/airflow/example_dags/example_dynamic_task_mapping_with_no_taskflow_operators.py
[2023-11-28T01:00:14.484+0000] {logging_mixin.py:154} INFO - [2023-11-28T01:00:14.484+0000] {dag.py:2941} INFO - Sync 1 DAGs
[2023-11-28T01:00:14.505+0000] {logging_mixin.py:154} INFO - [2023-11-28T01:00:14.505+0000] {dag.py:3722} INFO - Setting next_dagrun for example_dynamic_task_mapping_with_no_taskflow_operators to 2023-11-27T01:00:14.505075+00:00, run_after=2023-11-28T01:00:14.505075+00:00
[2023-11-28T01:00:14.527+0000] {processor.py:179} INFO - Processing /usr/local/lib/python3.10/dist-packages/airflow/example_dags/example_dynamic_task_mapping_with_no_taskflow_operators.py took 0.072 seconds
[2023-11-28T01:00:59.294+0000] {processor.py:157} INFO - Started process (PID=5619) to work on /usr/local/lib/python3.10/dist-packages/airflow/example_dags/example_dynamic_task_mapping_with_no_taskflow_operators.py
[2023-11-28T01:00:59.296+0000] {processor.py:829} INFO - Processing file /usr/local/lib/python3.10/dist-packages/airflow/example_dags/example_dynamic_task_mapping_with_no_taskflow_operators.py for tasks to queue
[2023-11-28T01:00:59.297+0000] {logging_mixin.py:154} INFO - [2023-11-28T01:00:59.296+0000] {dagbag.py:536} INFO - Filling up the DagBag from /usr/local/lib/python3.10/dist-packages/airflow/example_dags/example_dynamic_task_mapping_with_no_taskflow_operators.py
[2023-11-28T01:00:59.305+0000] {processor.py:839} INFO - DAG(s) dict_keys(['example_dynamic_task_mapping_with_no_taskflow_operators']) retrieved from /usr/local/lib/python3.10/dist-packages/airflow/example_dags/example_dynamic_task_mapping_with_no_taskflow_operators.py
[2023-11-28T01:00:59.321+0000] {logging_mixin.py:154} INFO - [2023-11-28T01:00:59.321+0000] {dag.py:2941} INFO - Sync 1 DAGs
[2023-11-28T01:00:59.343+0000] {logging_mixin.py:154} INFO - [2023-11-28T01:00:59.343+0000] {dag.py:3722} INFO - Setting next_dagrun for example_dynamic_task_mapping_with_no_taskflow_operators to 2023-11-27T01:00:59.343415+00:00, run_after=2023-11-28T01:00:59.343415+00:00
[2023-11-28T01:00:59.369+0000] {processor.py:179} INFO - Processing /usr/local/lib/python3.10/dist-packages/airflow/example_dags/example_dynamic_task_mapping_with_no_taskflow_operators.py took 0.078 seconds
[2023-11-28T01:01:43.271+0000] {processor.py:157} INFO - Started process (PID=5666) to work on /usr/local/lib/python3.10/dist-packages/airflow/example_dags/example_dynamic_task_mapping_with_no_taskflow_operators.py
[2023-11-28T01:01:43.272+0000] {processor.py:829} INFO - Processing file /usr/local/lib/python3.10/dist-packages/airflow/example_dags/example_dynamic_task_mapping_with_no_taskflow_operators.py for tasks to queue
[2023-11-28T01:01:43.273+0000] {logging_mixin.py:154} INFO - [2023-11-28T01:01:43.273+0000] {dagbag.py:536} INFO - Filling up the DagBag from /usr/local/lib/python3.10/dist-packages/airflow/example_dags/example_dynamic_task_mapping_with_no_taskflow_operators.py
[2023-11-28T01:01:43.281+0000] {processor.py:839} INFO - DAG(s) dict_keys(['example_dynamic_task_mapping_with_no_taskflow_operators']) retrieved from /usr/local/lib/python3.10/dist-packages/airflow/example_dags/example_dynamic_task_mapping_with_no_taskflow_operators.py
[2023-11-28T01:01:43.297+0000] {logging_mixin.py:154} INFO - [2023-11-28T01:01:43.297+0000] {dag.py:2941} INFO - Sync 1 DAGs
[2023-11-28T01:01:43.318+0000] {logging_mixin.py:154} INFO - [2023-11-28T01:01:43.318+0000] {dag.py:3722} INFO - Setting next_dagrun for example_dynamic_task_mapping_with_no_taskflow_operators to 2023-11-27T01:01:43.318340+00:00, run_after=2023-11-28T01:01:43.318340+00:00
[2023-11-28T01:01:43.341+0000] {processor.py:179} INFO - Processing /usr/local/lib/python3.10/dist-packages/airflow/example_dags/example_dynamic_task_mapping_with_no_taskflow_operators.py took 0.074 seconds
[2023-11-28T01:02:26.960+0000] {processor.py:157} INFO - Started process (PID=5712) to work on /usr/local/lib/python3.10/dist-packages/airflow/example_dags/example_dynamic_task_mapping_with_no_taskflow_operators.py
[2023-11-28T01:02:26.962+0000] {processor.py:829} INFO - Processing file /usr/local/lib/python3.10/dist-packages/airflow/example_dags/example_dynamic_task_mapping_with_no_taskflow_operators.py for tasks to queue
[2023-11-28T01:02:26.963+0000] {logging_mixin.py:154} INFO - [2023-11-28T01:02:26.962+0000] {dagbag.py:536} INFO - Filling up the DagBag from /usr/local/lib/python3.10/dist-packages/airflow/example_dags/example_dynamic_task_mapping_with_no_taskflow_operators.py
[2023-11-28T01:02:26.970+0000] {processor.py:839} INFO - DAG(s) dict_keys(['example_dynamic_task_mapping_with_no_taskflow_operators']) retrieved from /usr/local/lib/python3.10/dist-packages/airflow/example_dags/example_dynamic_task_mapping_with_no_taskflow_operators.py
[2023-11-28T01:02:26.987+0000] {logging_mixin.py:154} INFO - [2023-11-28T01:02:26.986+0000] {dag.py:2941} INFO - Sync 1 DAGs
[2023-11-28T01:02:27.009+0000] {logging_mixin.py:154} INFO - [2023-11-28T01:02:27.008+0000] {dag.py:3722} INFO - Setting next_dagrun for example_dynamic_task_mapping_with_no_taskflow_operators to 2023-11-27T01:02:27.008589+00:00, run_after=2023-11-28T01:02:27.008589+00:00
[2023-11-28T01:02:27.032+0000] {processor.py:179} INFO - Processing /usr/local/lib/python3.10/dist-packages/airflow/example_dags/example_dynamic_task_mapping_with_no_taskflow_operators.py took 0.075 seconds
[2023-11-28T01:03:12.394+0000] {processor.py:157} INFO - Started process (PID=5758) to work on /usr/local/lib/python3.10/dist-packages/airflow/example_dags/example_dynamic_task_mapping_with_no_taskflow_operators.py
[2023-11-28T01:03:12.395+0000] {processor.py:829} INFO - Processing file /usr/local/lib/python3.10/dist-packages/airflow/example_dags/example_dynamic_task_mapping_with_no_taskflow_operators.py for tasks to queue
[2023-11-28T01:03:12.396+0000] {logging_mixin.py:154} INFO - [2023-11-28T01:03:12.395+0000] {dagbag.py:536} INFO - Filling up the DagBag from /usr/local/lib/python3.10/dist-packages/airflow/example_dags/example_dynamic_task_mapping_with_no_taskflow_operators.py
[2023-11-28T01:03:12.403+0000] {processor.py:839} INFO - DAG(s) dict_keys(['example_dynamic_task_mapping_with_no_taskflow_operators']) retrieved from /usr/local/lib/python3.10/dist-packages/airflow/example_dags/example_dynamic_task_mapping_with_no_taskflow_operators.py
[2023-11-28T01:03:12.420+0000] {logging_mixin.py:154} INFO - [2023-11-28T01:03:12.419+0000] {dag.py:2941} INFO - Sync 1 DAGs
[2023-11-28T01:03:12.440+0000] {logging_mixin.py:154} INFO - [2023-11-28T01:03:12.440+0000] {dag.py:3722} INFO - Setting next_dagrun for example_dynamic_task_mapping_with_no_taskflow_operators to 2023-11-27T01:03:12.440318+00:00, run_after=2023-11-28T01:03:12.440318+00:00
[2023-11-28T01:03:12.462+0000] {processor.py:179} INFO - Processing /usr/local/lib/python3.10/dist-packages/airflow/example_dags/example_dynamic_task_mapping_with_no_taskflow_operators.py took 0.072 seconds
[2023-11-28T01:03:57.833+0000] {processor.py:157} INFO - Started process (PID=5919) to work on /usr/local/lib/python3.10/dist-packages/airflow/example_dags/example_dynamic_task_mapping_with_no_taskflow_operators.py
[2023-11-28T01:03:57.834+0000] {processor.py:829} INFO - Processing file /usr/local/lib/python3.10/dist-packages/airflow/example_dags/example_dynamic_task_mapping_with_no_taskflow_operators.py for tasks to queue
[2023-11-28T01:03:57.835+0000] {logging_mixin.py:154} INFO - [2023-11-28T01:03:57.834+0000] {dagbag.py:536} INFO - Filling up the DagBag from /usr/local/lib/python3.10/dist-packages/airflow/example_dags/example_dynamic_task_mapping_with_no_taskflow_operators.py
[2023-11-28T01:03:57.842+0000] {processor.py:839} INFO - DAG(s) dict_keys(['example_dynamic_task_mapping_with_no_taskflow_operators']) retrieved from /usr/local/lib/python3.10/dist-packages/airflow/example_dags/example_dynamic_task_mapping_with_no_taskflow_operators.py
[2023-11-28T01:03:57.858+0000] {logging_mixin.py:154} INFO - [2023-11-28T01:03:57.858+0000] {dag.py:2941} INFO - Sync 1 DAGs
[2023-11-28T01:03:57.879+0000] {logging_mixin.py:154} INFO - [2023-11-28T01:03:57.879+0000] {dag.py:3722} INFO - Setting next_dagrun for example_dynamic_task_mapping_with_no_taskflow_operators to 2023-11-27T01:03:57.879129+00:00, run_after=2023-11-28T01:03:57.879129+00:00
[2023-11-28T01:03:57.902+0000] {processor.py:179} INFO - Processing /usr/local/lib/python3.10/dist-packages/airflow/example_dags/example_dynamic_task_mapping_with_no_taskflow_operators.py took 0.073 seconds
[2023-11-28T01:04:42.581+0000] {processor.py:157} INFO - Started process (PID=5967) to work on /usr/local/lib/python3.10/dist-packages/airflow/example_dags/example_dynamic_task_mapping_with_no_taskflow_operators.py
[2023-11-28T01:04:42.582+0000] {processor.py:829} INFO - Processing file /usr/local/lib/python3.10/dist-packages/airflow/example_dags/example_dynamic_task_mapping_with_no_taskflow_operators.py for tasks to queue
[2023-11-28T01:04:42.583+0000] {logging_mixin.py:154} INFO - [2023-11-28T01:04:42.583+0000] {dagbag.py:536} INFO - Filling up the DagBag from /usr/local/lib/python3.10/dist-packages/airflow/example_dags/example_dynamic_task_mapping_with_no_taskflow_operators.py
[2023-11-28T01:04:42.591+0000] {processor.py:839} INFO - DAG(s) dict_keys(['example_dynamic_task_mapping_with_no_taskflow_operators']) retrieved from /usr/local/lib/python3.10/dist-packages/airflow/example_dags/example_dynamic_task_mapping_with_no_taskflow_operators.py
[2023-11-28T01:04:42.607+0000] {logging_mixin.py:154} INFO - [2023-11-28T01:04:42.607+0000] {dag.py:2941} INFO - Sync 1 DAGs
[2023-11-28T01:04:42.628+0000] {logging_mixin.py:154} INFO - [2023-11-28T01:04:42.628+0000] {dag.py:3722} INFO - Setting next_dagrun for example_dynamic_task_mapping_with_no_taskflow_operators to 2023-11-27T01:04:42.628137+00:00, run_after=2023-11-28T01:04:42.628137+00:00
[2023-11-28T01:04:42.650+0000] {processor.py:179} INFO - Processing /usr/local/lib/python3.10/dist-packages/airflow/example_dags/example_dynamic_task_mapping_with_no_taskflow_operators.py took 0.073 seconds
[2023-11-28T01:05:25.793+0000] {processor.py:157} INFO - Started process (PID=6012) to work on /usr/local/lib/python3.10/dist-packages/airflow/example_dags/example_dynamic_task_mapping_with_no_taskflow_operators.py
[2023-11-28T01:05:25.795+0000] {processor.py:829} INFO - Processing file /usr/local/lib/python3.10/dist-packages/airflow/example_dags/example_dynamic_task_mapping_with_no_taskflow_operators.py for tasks to queue
[2023-11-28T01:05:25.796+0000] {logging_mixin.py:154} INFO - [2023-11-28T01:05:25.795+0000] {dagbag.py:536} INFO - Filling up the DagBag from /usr/local/lib/python3.10/dist-packages/airflow/example_dags/example_dynamic_task_mapping_with_no_taskflow_operators.py
[2023-11-28T01:05:25.804+0000] {processor.py:839} INFO - DAG(s) dict_keys(['example_dynamic_task_mapping_with_no_taskflow_operators']) retrieved from /usr/local/lib/python3.10/dist-packages/airflow/example_dags/example_dynamic_task_mapping_with_no_taskflow_operators.py
[2023-11-28T01:05:25.823+0000] {logging_mixin.py:154} INFO - [2023-11-28T01:05:25.822+0000] {dag.py:2941} INFO - Sync 1 DAGs
[2023-11-28T01:05:25.847+0000] {logging_mixin.py:154} INFO - [2023-11-28T01:05:25.847+0000] {dag.py:3722} INFO - Setting next_dagrun for example_dynamic_task_mapping_with_no_taskflow_operators to 2023-11-27T01:05:25.846812+00:00, run_after=2023-11-28T01:05:25.846812+00:00
[2023-11-28T01:05:25.870+0000] {processor.py:179} INFO - Processing /usr/local/lib/python3.10/dist-packages/airflow/example_dags/example_dynamic_task_mapping_with_no_taskflow_operators.py took 0.081 seconds
[2023-11-28T01:06:12.937+0000] {processor.py:157} INFO - Started process (PID=6059) to work on /usr/local/lib/python3.10/dist-packages/airflow/example_dags/example_dynamic_task_mapping_with_no_taskflow_operators.py
[2023-11-28T01:06:12.938+0000] {processor.py:829} INFO - Processing file /usr/local/lib/python3.10/dist-packages/airflow/example_dags/example_dynamic_task_mapping_with_no_taskflow_operators.py for tasks to queue
[2023-11-28T01:06:12.939+0000] {logging_mixin.py:154} INFO - [2023-11-28T01:06:12.939+0000] {dagbag.py:536} INFO - Filling up the DagBag from /usr/local/lib/python3.10/dist-packages/airflow/example_dags/example_dynamic_task_mapping_with_no_taskflow_operators.py
[2023-11-28T01:06:12.947+0000] {processor.py:839} INFO - DAG(s) dict_keys(['example_dynamic_task_mapping_with_no_taskflow_operators']) retrieved from /usr/local/lib/python3.10/dist-packages/airflow/example_dags/example_dynamic_task_mapping_with_no_taskflow_operators.py
[2023-11-28T01:06:12.963+0000] {logging_mixin.py:154} INFO - [2023-11-28T01:06:12.963+0000] {dag.py:2941} INFO - Sync 1 DAGs
[2023-11-28T01:06:12.983+0000] {logging_mixin.py:154} INFO - [2023-11-28T01:06:12.983+0000] {dag.py:3722} INFO - Setting next_dagrun for example_dynamic_task_mapping_with_no_taskflow_operators to 2023-11-27T01:06:12.983333+00:00, run_after=2023-11-28T01:06:12.983333+00:00
[2023-11-28T01:06:13.006+0000] {processor.py:179} INFO - Processing /usr/local/lib/python3.10/dist-packages/airflow/example_dags/example_dynamic_task_mapping_with_no_taskflow_operators.py took 0.073 seconds
[2023-11-28T01:06:57.374+0000] {processor.py:157} INFO - Started process (PID=6105) to work on /usr/local/lib/python3.10/dist-packages/airflow/example_dags/example_dynamic_task_mapping_with_no_taskflow_operators.py
[2023-11-28T01:06:57.376+0000] {processor.py:829} INFO - Processing file /usr/local/lib/python3.10/dist-packages/airflow/example_dags/example_dynamic_task_mapping_with_no_taskflow_operators.py for tasks to queue
[2023-11-28T01:06:57.377+0000] {logging_mixin.py:154} INFO - [2023-11-28T01:06:57.376+0000] {dagbag.py:536} INFO - Filling up the DagBag from /usr/local/lib/python3.10/dist-packages/airflow/example_dags/example_dynamic_task_mapping_with_no_taskflow_operators.py
[2023-11-28T01:06:57.384+0000] {processor.py:839} INFO - DAG(s) dict_keys(['example_dynamic_task_mapping_with_no_taskflow_operators']) retrieved from /usr/local/lib/python3.10/dist-packages/airflow/example_dags/example_dynamic_task_mapping_with_no_taskflow_operators.py
[2023-11-28T01:06:57.400+0000] {logging_mixin.py:154} INFO - [2023-11-28T01:06:57.400+0000] {dag.py:2941} INFO - Sync 1 DAGs
[2023-11-28T01:06:57.421+0000] {logging_mixin.py:154} INFO - [2023-11-28T01:06:57.421+0000] {dag.py:3722} INFO - Setting next_dagrun for example_dynamic_task_mapping_with_no_taskflow_operators to 2023-11-27T01:06:57.421367+00:00, run_after=2023-11-28T01:06:57.421367+00:00
[2023-11-28T01:06:57.443+0000] {processor.py:179} INFO - Processing /usr/local/lib/python3.10/dist-packages/airflow/example_dags/example_dynamic_task_mapping_with_no_taskflow_operators.py took 0.072 seconds
[2023-11-28T01:07:47.259+0000] {processor.py:157} INFO - Started process (PID=6155) to work on /usr/local/lib/python3.10/dist-packages/airflow/example_dags/example_dynamic_task_mapping_with_no_taskflow_operators.py
[2023-11-28T01:07:47.261+0000] {processor.py:829} INFO - Processing file /usr/local/lib/python3.10/dist-packages/airflow/example_dags/example_dynamic_task_mapping_with_no_taskflow_operators.py for tasks to queue
[2023-11-28T01:07:47.262+0000] {logging_mixin.py:154} INFO - [2023-11-28T01:07:47.261+0000] {dagbag.py:536} INFO - Filling up the DagBag from /usr/local/lib/python3.10/dist-packages/airflow/example_dags/example_dynamic_task_mapping_with_no_taskflow_operators.py
[2023-11-28T01:07:47.269+0000] {processor.py:839} INFO - DAG(s) dict_keys(['example_dynamic_task_mapping_with_no_taskflow_operators']) retrieved from /usr/local/lib/python3.10/dist-packages/airflow/example_dags/example_dynamic_task_mapping_with_no_taskflow_operators.py
[2023-11-28T01:07:47.285+0000] {logging_mixin.py:154} INFO - [2023-11-28T01:07:47.285+0000] {dag.py:2941} INFO - Sync 1 DAGs
[2023-11-28T01:07:47.306+0000] {logging_mixin.py:154} INFO - [2023-11-28T01:07:47.306+0000] {dag.py:3722} INFO - Setting next_dagrun for example_dynamic_task_mapping_with_no_taskflow_operators to 2023-11-27T01:07:47.305937+00:00, run_after=2023-11-28T01:07:47.305937+00:00
[2023-11-28T01:07:47.329+0000] {processor.py:179} INFO - Processing /usr/local/lib/python3.10/dist-packages/airflow/example_dags/example_dynamic_task_mapping_with_no_taskflow_operators.py took 0.074 seconds
[2023-11-28T01:08:35.551+0000] {processor.py:157} INFO - Started process (PID=6206) to work on /usr/local/lib/python3.10/dist-packages/airflow/example_dags/example_dynamic_task_mapping_with_no_taskflow_operators.py
[2023-11-28T01:08:35.552+0000] {processor.py:829} INFO - Processing file /usr/local/lib/python3.10/dist-packages/airflow/example_dags/example_dynamic_task_mapping_with_no_taskflow_operators.py for tasks to queue
[2023-11-28T01:08:35.553+0000] {logging_mixin.py:154} INFO - [2023-11-28T01:08:35.552+0000] {dagbag.py:536} INFO - Filling up the DagBag from /usr/local/lib/python3.10/dist-packages/airflow/example_dags/example_dynamic_task_mapping_with_no_taskflow_operators.py
[2023-11-28T01:08:35.561+0000] {processor.py:839} INFO - DAG(s) dict_keys(['example_dynamic_task_mapping_with_no_taskflow_operators']) retrieved from /usr/local/lib/python3.10/dist-packages/airflow/example_dags/example_dynamic_task_mapping_with_no_taskflow_operators.py
[2023-11-28T01:08:35.577+0000] {logging_mixin.py:154} INFO - [2023-11-28T01:08:35.577+0000] {dag.py:2941} INFO - Sync 1 DAGs
[2023-11-28T01:08:35.599+0000] {logging_mixin.py:154} INFO - [2023-11-28T01:08:35.599+0000] {dag.py:3722} INFO - Setting next_dagrun for example_dynamic_task_mapping_with_no_taskflow_operators to 2023-11-27T01:08:35.599399+00:00, run_after=2023-11-28T01:08:35.599399+00:00
[2023-11-28T01:08:35.623+0000] {processor.py:179} INFO - Processing /usr/local/lib/python3.10/dist-packages/airflow/example_dags/example_dynamic_task_mapping_with_no_taskflow_operators.py took 0.076 seconds
[2023-11-28T01:09:18.969+0000] {processor.py:157} INFO - Started process (PID=6253) to work on /usr/local/lib/python3.10/dist-packages/airflow/example_dags/example_dynamic_task_mapping_with_no_taskflow_operators.py
[2023-11-28T01:09:18.970+0000] {processor.py:829} INFO - Processing file /usr/local/lib/python3.10/dist-packages/airflow/example_dags/example_dynamic_task_mapping_with_no_taskflow_operators.py for tasks to queue
[2023-11-28T01:09:18.971+0000] {logging_mixin.py:154} INFO - [2023-11-28T01:09:18.970+0000] {dagbag.py:536} INFO - Filling up the DagBag from /usr/local/lib/python3.10/dist-packages/airflow/example_dags/example_dynamic_task_mapping_with_no_taskflow_operators.py
[2023-11-28T01:09:18.979+0000] {processor.py:839} INFO - DAG(s) dict_keys(['example_dynamic_task_mapping_with_no_taskflow_operators']) retrieved from /usr/local/lib/python3.10/dist-packages/airflow/example_dags/example_dynamic_task_mapping_with_no_taskflow_operators.py
[2023-11-28T01:09:18.996+0000] {logging_mixin.py:154} INFO - [2023-11-28T01:09:18.996+0000] {dag.py:2941} INFO - Sync 1 DAGs
[2023-11-28T01:09:19.019+0000] {logging_mixin.py:154} INFO - [2023-11-28T01:09:19.019+0000] {dag.py:3722} INFO - Setting next_dagrun for example_dynamic_task_mapping_with_no_taskflow_operators to 2023-11-27T01:09:19.019012+00:00, run_after=2023-11-28T01:09:19.019012+00:00
[2023-11-28T01:09:19.043+0000] {processor.py:179} INFO - Processing /usr/local/lib/python3.10/dist-packages/airflow/example_dags/example_dynamic_task_mapping_with_no_taskflow_operators.py took 0.079 seconds
[2023-11-28T01:10:06.740+0000] {processor.py:157} INFO - Started process (PID=6302) to work on /usr/local/lib/python3.10/dist-packages/airflow/example_dags/example_dynamic_task_mapping_with_no_taskflow_operators.py
[2023-11-28T01:10:06.742+0000] {processor.py:829} INFO - Processing file /usr/local/lib/python3.10/dist-packages/airflow/example_dags/example_dynamic_task_mapping_with_no_taskflow_operators.py for tasks to queue
[2023-11-28T01:10:06.743+0000] {logging_mixin.py:154} INFO - [2023-11-28T01:10:06.742+0000] {dagbag.py:536} INFO - Filling up the DagBag from /usr/local/lib/python3.10/dist-packages/airflow/example_dags/example_dynamic_task_mapping_with_no_taskflow_operators.py
[2023-11-28T01:10:06.750+0000] {processor.py:839} INFO - DAG(s) dict_keys(['example_dynamic_task_mapping_with_no_taskflow_operators']) retrieved from /usr/local/lib/python3.10/dist-packages/airflow/example_dags/example_dynamic_task_mapping_with_no_taskflow_operators.py
[2023-11-28T01:10:06.767+0000] {logging_mixin.py:154} INFO - [2023-11-28T01:10:06.767+0000] {dag.py:2941} INFO - Sync 1 DAGs
[2023-11-28T01:10:06.789+0000] {logging_mixin.py:154} INFO - [2023-11-28T01:10:06.789+0000] {dag.py:3722} INFO - Setting next_dagrun for example_dynamic_task_mapping_with_no_taskflow_operators to 2023-11-27T01:10:06.788953+00:00, run_after=2023-11-28T01:10:06.788953+00:00
[2023-11-28T01:10:06.814+0000] {processor.py:179} INFO - Processing /usr/local/lib/python3.10/dist-packages/airflow/example_dags/example_dynamic_task_mapping_with_no_taskflow_operators.py took 0.077 seconds
[2023-11-28T01:10:52.882+0000] {processor.py:157} INFO - Started process (PID=6349) to work on /usr/local/lib/python3.10/dist-packages/airflow/example_dags/example_dynamic_task_mapping_with_no_taskflow_operators.py
[2023-11-28T01:10:52.884+0000] {processor.py:829} INFO - Processing file /usr/local/lib/python3.10/dist-packages/airflow/example_dags/example_dynamic_task_mapping_with_no_taskflow_operators.py for tasks to queue
[2023-11-28T01:10:52.885+0000] {logging_mixin.py:154} INFO - [2023-11-28T01:10:52.884+0000] {dagbag.py:536} INFO - Filling up the DagBag from /usr/local/lib/python3.10/dist-packages/airflow/example_dags/example_dynamic_task_mapping_with_no_taskflow_operators.py
[2023-11-28T01:10:52.892+0000] {processor.py:839} INFO - DAG(s) dict_keys(['example_dynamic_task_mapping_with_no_taskflow_operators']) retrieved from /usr/local/lib/python3.10/dist-packages/airflow/example_dags/example_dynamic_task_mapping_with_no_taskflow_operators.py
[2023-11-28T01:10:52.908+0000] {logging_mixin.py:154} INFO - [2023-11-28T01:10:52.908+0000] {dag.py:2941} INFO - Sync 1 DAGs
[2023-11-28T01:10:52.929+0000] {logging_mixin.py:154} INFO - [2023-11-28T01:10:52.929+0000] {dag.py:3722} INFO - Setting next_dagrun for example_dynamic_task_mapping_with_no_taskflow_operators to 2023-11-27T01:10:52.928928+00:00, run_after=2023-11-28T01:10:52.928928+00:00
[2023-11-28T01:10:52.950+0000] {processor.py:179} INFO - Processing /usr/local/lib/python3.10/dist-packages/airflow/example_dags/example_dynamic_task_mapping_with_no_taskflow_operators.py took 0.072 seconds
[2023-11-28T01:11:39.631+0000] {processor.py:157} INFO - Started process (PID=6398) to work on /usr/local/lib/python3.10/dist-packages/airflow/example_dags/example_dynamic_task_mapping_with_no_taskflow_operators.py
[2023-11-28T01:11:39.633+0000] {processor.py:829} INFO - Processing file /usr/local/lib/python3.10/dist-packages/airflow/example_dags/example_dynamic_task_mapping_with_no_taskflow_operators.py for tasks to queue
[2023-11-28T01:11:39.633+0000] {logging_mixin.py:154} INFO - [2023-11-28T01:11:39.633+0000] {dagbag.py:536} INFO - Filling up the DagBag from /usr/local/lib/python3.10/dist-packages/airflow/example_dags/example_dynamic_task_mapping_with_no_taskflow_operators.py
[2023-11-28T01:11:39.641+0000] {processor.py:839} INFO - DAG(s) dict_keys(['example_dynamic_task_mapping_with_no_taskflow_operators']) retrieved from /usr/local/lib/python3.10/dist-packages/airflow/example_dags/example_dynamic_task_mapping_with_no_taskflow_operators.py
[2023-11-28T01:11:39.658+0000] {logging_mixin.py:154} INFO - [2023-11-28T01:11:39.657+0000] {dag.py:2941} INFO - Sync 1 DAGs
[2023-11-28T01:11:39.679+0000] {logging_mixin.py:154} INFO - [2023-11-28T01:11:39.678+0000] {dag.py:3722} INFO - Setting next_dagrun for example_dynamic_task_mapping_with_no_taskflow_operators to 2023-11-27T01:11:39.678565+00:00, run_after=2023-11-28T01:11:39.678565+00:00
[2023-11-28T01:11:39.700+0000] {processor.py:179} INFO - Processing /usr/local/lib/python3.10/dist-packages/airflow/example_dags/example_dynamic_task_mapping_with_no_taskflow_operators.py took 0.072 seconds
[2023-11-28T01:12:25.641+0000] {processor.py:157} INFO - Started process (PID=6445) to work on /usr/local/lib/python3.10/dist-packages/airflow/example_dags/example_dynamic_task_mapping_with_no_taskflow_operators.py
[2023-11-28T01:12:25.643+0000] {processor.py:829} INFO - Processing file /usr/local/lib/python3.10/dist-packages/airflow/example_dags/example_dynamic_task_mapping_with_no_taskflow_operators.py for tasks to queue
[2023-11-28T01:12:25.644+0000] {logging_mixin.py:154} INFO - [2023-11-28T01:12:25.643+0000] {dagbag.py:536} INFO - Filling up the DagBag from /usr/local/lib/python3.10/dist-packages/airflow/example_dags/example_dynamic_task_mapping_with_no_taskflow_operators.py
[2023-11-28T01:12:25.651+0000] {processor.py:839} INFO - DAG(s) dict_keys(['example_dynamic_task_mapping_with_no_taskflow_operators']) retrieved from /usr/local/lib/python3.10/dist-packages/airflow/example_dags/example_dynamic_task_mapping_with_no_taskflow_operators.py
[2023-11-28T01:12:25.667+0000] {logging_mixin.py:154} INFO - [2023-11-28T01:12:25.667+0000] {dag.py:2941} INFO - Sync 1 DAGs
[2023-11-28T01:12:25.689+0000] {logging_mixin.py:154} INFO - [2023-11-28T01:12:25.688+0000] {dag.py:3722} INFO - Setting next_dagrun for example_dynamic_task_mapping_with_no_taskflow_operators to 2023-11-27T01:12:25.688660+00:00, run_after=2023-11-28T01:12:25.688660+00:00
[2023-11-28T01:12:25.712+0000] {processor.py:179} INFO - Processing /usr/local/lib/python3.10/dist-packages/airflow/example_dags/example_dynamic_task_mapping_with_no_taskflow_operators.py took 0.074 seconds
[2023-11-28T01:13:21.829+0000] {processor.py:157} INFO - Started process (PID=6504) to work on /usr/local/lib/python3.10/dist-packages/airflow/example_dags/example_dynamic_task_mapping_with_no_taskflow_operators.py
[2023-11-28T01:13:21.830+0000] {processor.py:829} INFO - Processing file /usr/local/lib/python3.10/dist-packages/airflow/example_dags/example_dynamic_task_mapping_with_no_taskflow_operators.py for tasks to queue
[2023-11-28T01:13:21.831+0000] {logging_mixin.py:154} INFO - [2023-11-28T01:13:21.830+0000] {dagbag.py:536} INFO - Filling up the DagBag from /usr/local/lib/python3.10/dist-packages/airflow/example_dags/example_dynamic_task_mapping_with_no_taskflow_operators.py
[2023-11-28T01:13:21.839+0000] {processor.py:839} INFO - DAG(s) dict_keys(['example_dynamic_task_mapping_with_no_taskflow_operators']) retrieved from /usr/local/lib/python3.10/dist-packages/airflow/example_dags/example_dynamic_task_mapping_with_no_taskflow_operators.py
[2023-11-28T01:13:21.855+0000] {logging_mixin.py:154} INFO - [2023-11-28T01:13:21.854+0000] {dag.py:2941} INFO - Sync 1 DAGs
[2023-11-28T01:13:21.876+0000] {logging_mixin.py:154} INFO - [2023-11-28T01:13:21.876+0000] {dag.py:3722} INFO - Setting next_dagrun for example_dynamic_task_mapping_with_no_taskflow_operators to 2023-11-27T01:13:21.875831+00:00, run_after=2023-11-28T01:13:21.875831+00:00
[2023-11-28T01:13:21.897+0000] {processor.py:179} INFO - Processing /usr/local/lib/python3.10/dist-packages/airflow/example_dags/example_dynamic_task_mapping_with_no_taskflow_operators.py took 0.072 seconds
[2023-11-28T01:14:12.687+0000] {processor.py:157} INFO - Started process (PID=6556) to work on /usr/local/lib/python3.10/dist-packages/airflow/example_dags/example_dynamic_task_mapping_with_no_taskflow_operators.py
[2023-11-28T01:14:12.690+0000] {processor.py:829} INFO - Processing file /usr/local/lib/python3.10/dist-packages/airflow/example_dags/example_dynamic_task_mapping_with_no_taskflow_operators.py for tasks to queue
[2023-11-28T01:14:12.691+0000] {logging_mixin.py:154} INFO - [2023-11-28T01:14:12.690+0000] {dagbag.py:536} INFO - Filling up the DagBag from /usr/local/lib/python3.10/dist-packages/airflow/example_dags/example_dynamic_task_mapping_with_no_taskflow_operators.py
[2023-11-28T01:14:12.698+0000] {processor.py:839} INFO - DAG(s) dict_keys(['example_dynamic_task_mapping_with_no_taskflow_operators']) retrieved from /usr/local/lib/python3.10/dist-packages/airflow/example_dags/example_dynamic_task_mapping_with_no_taskflow_operators.py
[2023-11-28T01:14:12.715+0000] {logging_mixin.py:154} INFO - [2023-11-28T01:14:12.715+0000] {dag.py:2941} INFO - Sync 1 DAGs
[2023-11-28T01:14:12.737+0000] {logging_mixin.py:154} INFO - [2023-11-28T01:14:12.737+0000] {dag.py:3722} INFO - Setting next_dagrun for example_dynamic_task_mapping_with_no_taskflow_operators to 2023-11-27T01:14:12.737477+00:00, run_after=2023-11-28T01:14:12.737477+00:00
[2023-11-28T01:14:12.760+0000] {processor.py:179} INFO - Processing /usr/local/lib/python3.10/dist-packages/airflow/example_dags/example_dynamic_task_mapping_with_no_taskflow_operators.py took 0.076 seconds
[2023-11-28T01:15:27.298+0000] {processor.py:157} INFO - Started process (PID=6642) to work on /usr/local/lib/python3.10/dist-packages/airflow/example_dags/example_dynamic_task_mapping_with_no_taskflow_operators.py
[2023-11-28T01:15:27.300+0000] {processor.py:829} INFO - Processing file /usr/local/lib/python3.10/dist-packages/airflow/example_dags/example_dynamic_task_mapping_with_no_taskflow_operators.py for tasks to queue
[2023-11-28T01:15:27.301+0000] {logging_mixin.py:154} INFO - [2023-11-28T01:15:27.300+0000] {dagbag.py:536} INFO - Filling up the DagBag from /usr/local/lib/python3.10/dist-packages/airflow/example_dags/example_dynamic_task_mapping_with_no_taskflow_operators.py
[2023-11-28T01:15:27.309+0000] {processor.py:839} INFO - DAG(s) dict_keys(['example_dynamic_task_mapping_with_no_taskflow_operators']) retrieved from /usr/local/lib/python3.10/dist-packages/airflow/example_dags/example_dynamic_task_mapping_with_no_taskflow_operators.py
[2023-11-28T01:15:27.328+0000] {logging_mixin.py:154} INFO - [2023-11-28T01:15:27.328+0000] {dag.py:2941} INFO - Sync 1 DAGs
[2023-11-28T01:15:27.349+0000] {logging_mixin.py:154} INFO - [2023-11-28T01:15:27.349+0000] {dag.py:3722} INFO - Setting next_dagrun for example_dynamic_task_mapping_with_no_taskflow_operators to 2023-11-27T01:15:27.348715+00:00, run_after=2023-11-28T01:15:27.348715+00:00
[2023-11-28T01:15:27.373+0000] {processor.py:179} INFO - Processing /usr/local/lib/python3.10/dist-packages/airflow/example_dags/example_dynamic_task_mapping_with_no_taskflow_operators.py took 0.078 seconds
[2023-11-28T01:16:11.384+0000] {processor.py:157} INFO - Started process (PID=6688) to work on /usr/local/lib/python3.10/dist-packages/airflow/example_dags/example_dynamic_task_mapping_with_no_taskflow_operators.py
[2023-11-28T01:16:11.386+0000] {processor.py:829} INFO - Processing file /usr/local/lib/python3.10/dist-packages/airflow/example_dags/example_dynamic_task_mapping_with_no_taskflow_operators.py for tasks to queue
[2023-11-28T01:16:11.387+0000] {logging_mixin.py:154} INFO - [2023-11-28T01:16:11.386+0000] {dagbag.py:536} INFO - Filling up the DagBag from /usr/local/lib/python3.10/dist-packages/airflow/example_dags/example_dynamic_task_mapping_with_no_taskflow_operators.py
[2023-11-28T01:16:11.394+0000] {processor.py:839} INFO - DAG(s) dict_keys(['example_dynamic_task_mapping_with_no_taskflow_operators']) retrieved from /usr/local/lib/python3.10/dist-packages/airflow/example_dags/example_dynamic_task_mapping_with_no_taskflow_operators.py
[2023-11-28T01:16:11.411+0000] {logging_mixin.py:154} INFO - [2023-11-28T01:16:11.410+0000] {dag.py:2941} INFO - Sync 1 DAGs
[2023-11-28T01:16:11.431+0000] {logging_mixin.py:154} INFO - [2023-11-28T01:16:11.431+0000] {dag.py:3722} INFO - Setting next_dagrun for example_dynamic_task_mapping_with_no_taskflow_operators to 2023-11-27T01:16:11.431449+00:00, run_after=2023-11-28T01:16:11.431449+00:00
[2023-11-28T01:16:11.455+0000] {processor.py:179} INFO - Processing /usr/local/lib/python3.10/dist-packages/airflow/example_dags/example_dynamic_task_mapping_with_no_taskflow_operators.py took 0.074 seconds
[2023-11-28T01:16:59.048+0000] {processor.py:157} INFO - Started process (PID=6741) to work on /usr/local/lib/python3.10/dist-packages/airflow/example_dags/example_dynamic_task_mapping_with_no_taskflow_operators.py
[2023-11-28T01:16:59.049+0000] {processor.py:829} INFO - Processing file /usr/local/lib/python3.10/dist-packages/airflow/example_dags/example_dynamic_task_mapping_with_no_taskflow_operators.py for tasks to queue
[2023-11-28T01:16:59.050+0000] {logging_mixin.py:154} INFO - [2023-11-28T01:16:59.050+0000] {dagbag.py:536} INFO - Filling up the DagBag from /usr/local/lib/python3.10/dist-packages/airflow/example_dags/example_dynamic_task_mapping_with_no_taskflow_operators.py
[2023-11-28T01:16:59.058+0000] {processor.py:839} INFO - DAG(s) dict_keys(['example_dynamic_task_mapping_with_no_taskflow_operators']) retrieved from /usr/local/lib/python3.10/dist-packages/airflow/example_dags/example_dynamic_task_mapping_with_no_taskflow_operators.py
[2023-11-28T01:16:59.074+0000] {logging_mixin.py:154} INFO - [2023-11-28T01:16:59.074+0000] {dag.py:2941} INFO - Sync 1 DAGs
[2023-11-28T01:16:59.095+0000] {logging_mixin.py:154} INFO - [2023-11-28T01:16:59.095+0000] {dag.py:3722} INFO - Setting next_dagrun for example_dynamic_task_mapping_with_no_taskflow_operators to 2023-11-27T01:16:59.095122+00:00, run_after=2023-11-28T01:16:59.095122+00:00
[2023-11-28T01:16:59.117+0000] {processor.py:179} INFO - Processing /usr/local/lib/python3.10/dist-packages/airflow/example_dags/example_dynamic_task_mapping_with_no_taskflow_operators.py took 0.073 seconds
[2023-11-28T01:17:50.474+0000] {processor.py:157} INFO - Started process (PID=6795) to work on /usr/local/lib/python3.10/dist-packages/airflow/example_dags/example_dynamic_task_mapping_with_no_taskflow_operators.py
[2023-11-28T01:17:50.477+0000] {processor.py:829} INFO - Processing file /usr/local/lib/python3.10/dist-packages/airflow/example_dags/example_dynamic_task_mapping_with_no_taskflow_operators.py for tasks to queue
[2023-11-28T01:17:50.478+0000] {logging_mixin.py:154} INFO - [2023-11-28T01:17:50.477+0000] {dagbag.py:536} INFO - Filling up the DagBag from /usr/local/lib/python3.10/dist-packages/airflow/example_dags/example_dynamic_task_mapping_with_no_taskflow_operators.py
[2023-11-28T01:17:50.485+0000] {processor.py:839} INFO - DAG(s) dict_keys(['example_dynamic_task_mapping_with_no_taskflow_operators']) retrieved from /usr/local/lib/python3.10/dist-packages/airflow/example_dags/example_dynamic_task_mapping_with_no_taskflow_operators.py
[2023-11-28T01:17:50.502+0000] {logging_mixin.py:154} INFO - [2023-11-28T01:17:50.502+0000] {dag.py:2941} INFO - Sync 1 DAGs
[2023-11-28T01:17:50.524+0000] {logging_mixin.py:154} INFO - [2023-11-28T01:17:50.524+0000] {dag.py:3722} INFO - Setting next_dagrun for example_dynamic_task_mapping_with_no_taskflow_operators to 2023-11-27T01:17:50.523784+00:00, run_after=2023-11-28T01:17:50.523784+00:00
[2023-11-28T01:17:50.546+0000] {processor.py:179} INFO - Processing /usr/local/lib/python3.10/dist-packages/airflow/example_dags/example_dynamic_task_mapping_with_no_taskflow_operators.py took 0.076 seconds
[2023-11-28T01:18:33.499+0000] {processor.py:157} INFO - Started process (PID=6841) to work on /usr/local/lib/python3.10/dist-packages/airflow/example_dags/example_dynamic_task_mapping_with_no_taskflow_operators.py
[2023-11-28T01:18:33.501+0000] {processor.py:829} INFO - Processing file /usr/local/lib/python3.10/dist-packages/airflow/example_dags/example_dynamic_task_mapping_with_no_taskflow_operators.py for tasks to queue
[2023-11-28T01:18:33.501+0000] {logging_mixin.py:154} INFO - [2023-11-28T01:18:33.501+0000] {dagbag.py:536} INFO - Filling up the DagBag from /usr/local/lib/python3.10/dist-packages/airflow/example_dags/example_dynamic_task_mapping_with_no_taskflow_operators.py
[2023-11-28T01:18:33.509+0000] {processor.py:839} INFO - DAG(s) dict_keys(['example_dynamic_task_mapping_with_no_taskflow_operators']) retrieved from /usr/local/lib/python3.10/dist-packages/airflow/example_dags/example_dynamic_task_mapping_with_no_taskflow_operators.py
[2023-11-28T01:18:33.525+0000] {logging_mixin.py:154} INFO - [2023-11-28T01:18:33.525+0000] {dag.py:2941} INFO - Sync 1 DAGs
[2023-11-28T01:18:33.547+0000] {logging_mixin.py:154} INFO - [2023-11-28T01:18:33.547+0000] {dag.py:3722} INFO - Setting next_dagrun for example_dynamic_task_mapping_with_no_taskflow_operators to 2023-11-27T01:18:33.546905+00:00, run_after=2023-11-28T01:18:33.546905+00:00
[2023-11-28T01:18:33.568+0000] {processor.py:179} INFO - Processing /usr/local/lib/python3.10/dist-packages/airflow/example_dags/example_dynamic_task_mapping_with_no_taskflow_operators.py took 0.073 seconds
[2023-11-28T01:19:19.947+0000] {processor.py:157} INFO - Started process (PID=6890) to work on /usr/local/lib/python3.10/dist-packages/airflow/example_dags/example_dynamic_task_mapping_with_no_taskflow_operators.py
[2023-11-28T01:19:19.949+0000] {processor.py:829} INFO - Processing file /usr/local/lib/python3.10/dist-packages/airflow/example_dags/example_dynamic_task_mapping_with_no_taskflow_operators.py for tasks to queue
[2023-11-28T01:19:19.950+0000] {logging_mixin.py:154} INFO - [2023-11-28T01:19:19.949+0000] {dagbag.py:536} INFO - Filling up the DagBag from /usr/local/lib/python3.10/dist-packages/airflow/example_dags/example_dynamic_task_mapping_with_no_taskflow_operators.py
[2023-11-28T01:19:19.957+0000] {processor.py:839} INFO - DAG(s) dict_keys(['example_dynamic_task_mapping_with_no_taskflow_operators']) retrieved from /usr/local/lib/python3.10/dist-packages/airflow/example_dags/example_dynamic_task_mapping_with_no_taskflow_operators.py
[2023-11-28T01:19:19.973+0000] {logging_mixin.py:154} INFO - [2023-11-28T01:19:19.973+0000] {dag.py:2941} INFO - Sync 1 DAGs
[2023-11-28T01:19:19.995+0000] {logging_mixin.py:154} INFO - [2023-11-28T01:19:19.995+0000] {dag.py:3722} INFO - Setting next_dagrun for example_dynamic_task_mapping_with_no_taskflow_operators to 2023-11-27T01:19:19.994850+00:00, run_after=2023-11-28T01:19:19.994850+00:00
[2023-11-28T01:19:20.027+0000] {processor.py:179} INFO - Processing /usr/local/lib/python3.10/dist-packages/airflow/example_dags/example_dynamic_task_mapping_with_no_taskflow_operators.py took 0.083 seconds
