[2023-11-28T00:44:34.521+0000] {processor.py:157} INFO - Started process (PID=3415) to work on /usr/local/lib/python3.10/dist-packages/airflow/example_dags/example_task_group_decorator.py
[2023-11-28T00:44:34.522+0000] {processor.py:829} INFO - Processing file /usr/local/lib/python3.10/dist-packages/airflow/example_dags/example_task_group_decorator.py for tasks to queue
[2023-11-28T00:44:34.523+0000] {logging_mixin.py:154} INFO - [2023-11-28T00:44:34.522+0000] {dagbag.py:536} INFO - Filling up the DagBag from /usr/local/lib/python3.10/dist-packages/airflow/example_dags/example_task_group_decorator.py
[2023-11-28T00:44:34.542+0000] {processor.py:839} INFO - DAG(s) dict_keys(['example_task_group_decorator']) retrieved from /usr/local/lib/python3.10/dist-packages/airflow/example_dags/example_task_group_decorator.py
[2023-11-28T00:44:34.662+0000] {logging_mixin.py:154} INFO - [2023-11-28T00:44:34.661+0000] {manager.py:499} INFO - Created Permission View: %s
[2023-11-28T00:44:34.675+0000] {logging_mixin.py:154} INFO - [2023-11-28T00:44:34.675+0000] {manager.py:499} INFO - Created Permission View: %s
[2023-11-28T00:44:34.686+0000] {logging_mixin.py:154} INFO - [2023-11-28T00:44:34.685+0000] {manager.py:499} INFO - Created Permission View: %s
[2023-11-28T00:44:34.686+0000] {logging_mixin.py:154} INFO - [2023-11-28T00:44:34.686+0000] {dag.py:2941} INFO - Sync 1 DAGs
[2023-11-28T00:44:34.699+0000] {logging_mixin.py:154} INFO - [2023-11-28T00:44:34.699+0000] {dag.py:2963} INFO - Creating ORM DAG for example_task_group_decorator
[2023-11-28T00:44:34.708+0000] {logging_mixin.py:154} INFO - [2023-11-28T00:44:34.708+0000] {dag.py:3722} INFO - Setting next_dagrun for example_task_group_decorator to 2023-11-27T00:44:34.708000+00:00, run_after=2023-11-28T00:44:34.708000+00:00
[2023-11-28T00:44:34.731+0000] {processor.py:179} INFO - Processing /usr/local/lib/python3.10/dist-packages/airflow/example_dags/example_task_group_decorator.py took 0.213 seconds
[2023-11-28T00:45:27.107+0000] {processor.py:157} INFO - Started process (PID=3553) to work on /usr/local/lib/python3.10/dist-packages/airflow/example_dags/example_task_group_decorator.py
[2023-11-28T00:45:27.108+0000] {processor.py:829} INFO - Processing file /usr/local/lib/python3.10/dist-packages/airflow/example_dags/example_task_group_decorator.py for tasks to queue
[2023-11-28T00:45:27.109+0000] {logging_mixin.py:154} INFO - [2023-11-28T00:45:27.109+0000] {dagbag.py:536} INFO - Filling up the DagBag from /usr/local/lib/python3.10/dist-packages/airflow/example_dags/example_task_group_decorator.py
[2023-11-28T00:45:27.126+0000] {processor.py:839} INFO - DAG(s) dict_keys(['example_task_group_decorator']) retrieved from /usr/local/lib/python3.10/dist-packages/airflow/example_dags/example_task_group_decorator.py
[2023-11-28T00:45:27.147+0000] {logging_mixin.py:154} INFO - [2023-11-28T00:45:27.147+0000] {dag.py:2941} INFO - Sync 1 DAGs
[2023-11-28T00:45:27.167+0000] {logging_mixin.py:154} INFO - [2023-11-28T00:45:27.167+0000] {dag.py:3722} INFO - Setting next_dagrun for example_task_group_decorator to 2023-11-27T00:45:27.167144+00:00, run_after=2023-11-28T00:45:27.167144+00:00
[2023-11-28T00:45:27.192+0000] {processor.py:179} INFO - Processing /usr/local/lib/python3.10/dist-packages/airflow/example_dags/example_task_group_decorator.py took 0.089 seconds
[2023-11-28T00:46:12.369+0000] {processor.py:157} INFO - Started process (PID=3599) to work on /usr/local/lib/python3.10/dist-packages/airflow/example_dags/example_task_group_decorator.py
[2023-11-28T00:46:12.371+0000] {processor.py:829} INFO - Processing file /usr/local/lib/python3.10/dist-packages/airflow/example_dags/example_task_group_decorator.py for tasks to queue
[2023-11-28T00:46:12.372+0000] {logging_mixin.py:154} INFO - [2023-11-28T00:46:12.372+0000] {dagbag.py:536} INFO - Filling up the DagBag from /usr/local/lib/python3.10/dist-packages/airflow/example_dags/example_task_group_decorator.py
[2023-11-28T00:46:12.389+0000] {processor.py:839} INFO - DAG(s) dict_keys(['example_task_group_decorator']) retrieved from /usr/local/lib/python3.10/dist-packages/airflow/example_dags/example_task_group_decorator.py
[2023-11-28T00:46:12.410+0000] {logging_mixin.py:154} INFO - [2023-11-28T00:46:12.410+0000] {dag.py:2941} INFO - Sync 1 DAGs
[2023-11-28T00:46:12.432+0000] {logging_mixin.py:154} INFO - [2023-11-28T00:46:12.432+0000] {dag.py:3722} INFO - Setting next_dagrun for example_task_group_decorator to 2023-11-27T00:46:12.432341+00:00, run_after=2023-11-28T00:46:12.432341+00:00
[2023-11-28T00:46:12.457+0000] {processor.py:179} INFO - Processing /usr/local/lib/python3.10/dist-packages/airflow/example_dags/example_task_group_decorator.py took 0.091 seconds
[2023-11-28T00:46:50.263+0000] {processor.py:157} INFO - Started process (PID=3640) to work on /usr/local/lib/python3.10/dist-packages/airflow/example_dags/example_task_group_decorator.py
[2023-11-28T00:46:50.264+0000] {processor.py:829} INFO - Processing file /usr/local/lib/python3.10/dist-packages/airflow/example_dags/example_task_group_decorator.py for tasks to queue
[2023-11-28T00:46:50.265+0000] {logging_mixin.py:154} INFO - [2023-11-28T00:46:50.265+0000] {dagbag.py:536} INFO - Filling up the DagBag from /usr/local/lib/python3.10/dist-packages/airflow/example_dags/example_task_group_decorator.py
[2023-11-28T00:46:50.282+0000] {processor.py:839} INFO - DAG(s) dict_keys(['example_task_group_decorator']) retrieved from /usr/local/lib/python3.10/dist-packages/airflow/example_dags/example_task_group_decorator.py
[2023-11-28T00:46:50.304+0000] {logging_mixin.py:154} INFO - [2023-11-28T00:46:50.304+0000] {dag.py:2941} INFO - Sync 1 DAGs
[2023-11-28T00:46:50.326+0000] {logging_mixin.py:154} INFO - [2023-11-28T00:46:50.325+0000] {dag.py:3722} INFO - Setting next_dagrun for example_task_group_decorator to 2023-11-27T00:46:50.325607+00:00, run_after=2023-11-28T00:46:50.325607+00:00
[2023-11-28T00:46:50.350+0000] {processor.py:179} INFO - Processing /usr/local/lib/python3.10/dist-packages/airflow/example_dags/example_task_group_decorator.py took 0.091 seconds
[2023-11-28T00:47:34.392+0000] {processor.py:157} INFO - Started process (PID=3691) to work on /usr/local/lib/python3.10/dist-packages/airflow/example_dags/example_task_group_decorator.py
[2023-11-28T00:47:34.394+0000] {processor.py:829} INFO - Processing file /usr/local/lib/python3.10/dist-packages/airflow/example_dags/example_task_group_decorator.py for tasks to queue
[2023-11-28T00:47:34.394+0000] {logging_mixin.py:154} INFO - [2023-11-28T00:47:34.394+0000] {dagbag.py:536} INFO - Filling up the DagBag from /usr/local/lib/python3.10/dist-packages/airflow/example_dags/example_task_group_decorator.py
[2023-11-28T00:47:34.411+0000] {processor.py:839} INFO - DAG(s) dict_keys(['example_task_group_decorator']) retrieved from /usr/local/lib/python3.10/dist-packages/airflow/example_dags/example_task_group_decorator.py
[2023-11-28T00:47:34.433+0000] {logging_mixin.py:154} INFO - [2023-11-28T00:47:34.433+0000] {dag.py:2941} INFO - Sync 1 DAGs
[2023-11-28T00:47:34.455+0000] {logging_mixin.py:154} INFO - [2023-11-28T00:47:34.455+0000] {dag.py:3722} INFO - Setting next_dagrun for example_task_group_decorator to 2023-11-27T00:47:34.455212+00:00, run_after=2023-11-28T00:47:34.455212+00:00
[2023-11-28T00:47:34.480+0000] {processor.py:179} INFO - Processing /usr/local/lib/python3.10/dist-packages/airflow/example_dags/example_task_group_decorator.py took 0.091 seconds
[2023-11-28T00:48:19.639+0000] {processor.py:157} INFO - Started process (PID=3737) to work on /usr/local/lib/python3.10/dist-packages/airflow/example_dags/example_task_group_decorator.py
[2023-11-28T00:48:19.640+0000] {processor.py:829} INFO - Processing file /usr/local/lib/python3.10/dist-packages/airflow/example_dags/example_task_group_decorator.py for tasks to queue
[2023-11-28T00:48:19.641+0000] {logging_mixin.py:154} INFO - [2023-11-28T00:48:19.641+0000] {dagbag.py:536} INFO - Filling up the DagBag from /usr/local/lib/python3.10/dist-packages/airflow/example_dags/example_task_group_decorator.py
[2023-11-28T00:48:19.658+0000] {processor.py:839} INFO - DAG(s) dict_keys(['example_task_group_decorator']) retrieved from /usr/local/lib/python3.10/dist-packages/airflow/example_dags/example_task_group_decorator.py
[2023-11-28T00:48:19.679+0000] {logging_mixin.py:154} INFO - [2023-11-28T00:48:19.679+0000] {dag.py:2941} INFO - Sync 1 DAGs
[2023-11-28T00:48:19.700+0000] {logging_mixin.py:154} INFO - [2023-11-28T00:48:19.699+0000] {dag.py:3722} INFO - Setting next_dagrun for example_task_group_decorator to 2023-11-27T00:48:19.699631+00:00, run_after=2023-11-28T00:48:19.699631+00:00
[2023-11-28T00:48:19.721+0000] {processor.py:179} INFO - Processing /usr/local/lib/python3.10/dist-packages/airflow/example_dags/example_task_group_decorator.py took 0.086 seconds
[2023-11-28T00:49:06.466+0000] {processor.py:157} INFO - Started process (PID=3784) to work on /usr/local/lib/python3.10/dist-packages/airflow/example_dags/example_task_group_decorator.py
[2023-11-28T00:49:06.468+0000] {processor.py:829} INFO - Processing file /usr/local/lib/python3.10/dist-packages/airflow/example_dags/example_task_group_decorator.py for tasks to queue
[2023-11-28T00:49:06.468+0000] {logging_mixin.py:154} INFO - [2023-11-28T00:49:06.468+0000] {dagbag.py:536} INFO - Filling up the DagBag from /usr/local/lib/python3.10/dist-packages/airflow/example_dags/example_task_group_decorator.py
[2023-11-28T00:49:06.485+0000] {processor.py:839} INFO - DAG(s) dict_keys(['example_task_group_decorator']) retrieved from /usr/local/lib/python3.10/dist-packages/airflow/example_dags/example_task_group_decorator.py
[2023-11-28T00:49:06.507+0000] {logging_mixin.py:154} INFO - [2023-11-28T00:49:06.506+0000] {dag.py:2941} INFO - Sync 1 DAGs
[2023-11-28T00:49:06.528+0000] {logging_mixin.py:154} INFO - [2023-11-28T00:49:06.528+0000] {dag.py:3722} INFO - Setting next_dagrun for example_task_group_decorator to 2023-11-27T00:49:06.528172+00:00, run_after=2023-11-28T00:49:06.528172+00:00
[2023-11-28T00:49:06.552+0000] {processor.py:179} INFO - Processing /usr/local/lib/python3.10/dist-packages/airflow/example_dags/example_task_group_decorator.py took 0.090 seconds
[2023-11-28T00:49:49.557+0000] {processor.py:157} INFO - Started process (PID=3830) to work on /usr/local/lib/python3.10/dist-packages/airflow/example_dags/example_task_group_decorator.py
[2023-11-28T00:49:49.558+0000] {processor.py:829} INFO - Processing file /usr/local/lib/python3.10/dist-packages/airflow/example_dags/example_task_group_decorator.py for tasks to queue
[2023-11-28T00:49:49.559+0000] {logging_mixin.py:154} INFO - [2023-11-28T00:49:49.558+0000] {dagbag.py:536} INFO - Filling up the DagBag from /usr/local/lib/python3.10/dist-packages/airflow/example_dags/example_task_group_decorator.py
[2023-11-28T00:49:49.577+0000] {processor.py:839} INFO - DAG(s) dict_keys(['example_task_group_decorator']) retrieved from /usr/local/lib/python3.10/dist-packages/airflow/example_dags/example_task_group_decorator.py
[2023-11-28T00:49:49.597+0000] {logging_mixin.py:154} INFO - [2023-11-28T00:49:49.597+0000] {dag.py:2941} INFO - Sync 1 DAGs
[2023-11-28T00:49:49.618+0000] {logging_mixin.py:154} INFO - [2023-11-28T00:49:49.617+0000] {dag.py:3722} INFO - Setting next_dagrun for example_task_group_decorator to 2023-11-27T00:49:49.617573+00:00, run_after=2023-11-28T00:49:49.617573+00:00
[2023-11-28T00:49:49.639+0000] {processor.py:179} INFO - Processing /usr/local/lib/python3.10/dist-packages/airflow/example_dags/example_task_group_decorator.py took 0.086 seconds
[2023-11-28T00:50:36.229+0000] {processor.py:157} INFO - Started process (PID=3878) to work on /usr/local/lib/python3.10/dist-packages/airflow/example_dags/example_task_group_decorator.py
[2023-11-28T00:50:36.230+0000] {processor.py:829} INFO - Processing file /usr/local/lib/python3.10/dist-packages/airflow/example_dags/example_task_group_decorator.py for tasks to queue
[2023-11-28T00:50:36.231+0000] {logging_mixin.py:154} INFO - [2023-11-28T00:50:36.231+0000] {dagbag.py:536} INFO - Filling up the DagBag from /usr/local/lib/python3.10/dist-packages/airflow/example_dags/example_task_group_decorator.py
[2023-11-28T00:50:36.249+0000] {processor.py:839} INFO - DAG(s) dict_keys(['example_task_group_decorator']) retrieved from /usr/local/lib/python3.10/dist-packages/airflow/example_dags/example_task_group_decorator.py
[2023-11-28T00:50:36.270+0000] {logging_mixin.py:154} INFO - [2023-11-28T00:50:36.270+0000] {dag.py:2941} INFO - Sync 1 DAGs
[2023-11-28T00:50:36.291+0000] {logging_mixin.py:154} INFO - [2023-11-28T00:50:36.291+0000] {dag.py:3722} INFO - Setting next_dagrun for example_task_group_decorator to 2023-11-27T00:50:36.291135+00:00, run_after=2023-11-28T00:50:36.291135+00:00
[2023-11-28T00:50:36.313+0000] {processor.py:179} INFO - Processing /usr/local/lib/python3.10/dist-packages/airflow/example_dags/example_task_group_decorator.py took 0.087 seconds
[2023-11-28T00:51:19.118+0000] {processor.py:157} INFO - Started process (PID=3922) to work on /usr/local/lib/python3.10/dist-packages/airflow/example_dags/example_task_group_decorator.py
[2023-11-28T00:51:19.119+0000] {processor.py:829} INFO - Processing file /usr/local/lib/python3.10/dist-packages/airflow/example_dags/example_task_group_decorator.py for tasks to queue
[2023-11-28T00:51:19.120+0000] {logging_mixin.py:154} INFO - [2023-11-28T00:51:19.119+0000] {dagbag.py:536} INFO - Filling up the DagBag from /usr/local/lib/python3.10/dist-packages/airflow/example_dags/example_task_group_decorator.py
[2023-11-28T00:51:19.137+0000] {processor.py:839} INFO - DAG(s) dict_keys(['example_task_group_decorator']) retrieved from /usr/local/lib/python3.10/dist-packages/airflow/example_dags/example_task_group_decorator.py
[2023-11-28T00:51:19.157+0000] {logging_mixin.py:154} INFO - [2023-11-28T00:51:19.157+0000] {dag.py:2941} INFO - Sync 1 DAGs
[2023-11-28T00:51:19.178+0000] {logging_mixin.py:154} INFO - [2023-11-28T00:51:19.177+0000] {dag.py:3722} INFO - Setting next_dagrun for example_task_group_decorator to 2023-11-27T00:51:19.177751+00:00, run_after=2023-11-28T00:51:19.177751+00:00
[2023-11-28T00:51:19.200+0000] {processor.py:179} INFO - Processing /usr/local/lib/python3.10/dist-packages/airflow/example_dags/example_task_group_decorator.py took 0.085 seconds
[2023-11-28T00:52:04.911+0000] {processor.py:157} INFO - Started process (PID=3971) to work on /usr/local/lib/python3.10/dist-packages/airflow/example_dags/example_task_group_decorator.py
[2023-11-28T00:52:04.913+0000] {processor.py:829} INFO - Processing file /usr/local/lib/python3.10/dist-packages/airflow/example_dags/example_task_group_decorator.py for tasks to queue
[2023-11-28T00:52:04.913+0000] {logging_mixin.py:154} INFO - [2023-11-28T00:52:04.913+0000] {dagbag.py:536} INFO - Filling up the DagBag from /usr/local/lib/python3.10/dist-packages/airflow/example_dags/example_task_group_decorator.py
[2023-11-28T00:52:04.931+0000] {processor.py:839} INFO - DAG(s) dict_keys(['example_task_group_decorator']) retrieved from /usr/local/lib/python3.10/dist-packages/airflow/example_dags/example_task_group_decorator.py
[2023-11-28T00:52:04.952+0000] {logging_mixin.py:154} INFO - [2023-11-28T00:52:04.952+0000] {dag.py:2941} INFO - Sync 1 DAGs
[2023-11-28T00:52:04.973+0000] {logging_mixin.py:154} INFO - [2023-11-28T00:52:04.973+0000] {dag.py:3722} INFO - Setting next_dagrun for example_task_group_decorator to 2023-11-27T00:52:04.973278+00:00, run_after=2023-11-28T00:52:04.973278+00:00
[2023-11-28T00:52:05.000+0000] {processor.py:179} INFO - Processing /usr/local/lib/python3.10/dist-packages/airflow/example_dags/example_task_group_decorator.py took 0.092 seconds
[2023-11-28T00:52:50.921+0000] {processor.py:157} INFO - Started process (PID=4398) to work on /usr/local/lib/python3.10/dist-packages/airflow/example_dags/example_task_group_decorator.py
[2023-11-28T00:52:50.922+0000] {processor.py:829} INFO - Processing file /usr/local/lib/python3.10/dist-packages/airflow/example_dags/example_task_group_decorator.py for tasks to queue
[2023-11-28T00:52:50.923+0000] {logging_mixin.py:154} INFO - [2023-11-28T00:52:50.922+0000] {dagbag.py:536} INFO - Filling up the DagBag from /usr/local/lib/python3.10/dist-packages/airflow/example_dags/example_task_group_decorator.py
[2023-11-28T00:52:50.940+0000] {processor.py:839} INFO - DAG(s) dict_keys(['example_task_group_decorator']) retrieved from /usr/local/lib/python3.10/dist-packages/airflow/example_dags/example_task_group_decorator.py
[2023-11-28T00:52:50.961+0000] {logging_mixin.py:154} INFO - [2023-11-28T00:52:50.961+0000] {dag.py:2941} INFO - Sync 1 DAGs
[2023-11-28T00:52:50.982+0000] {logging_mixin.py:154} INFO - [2023-11-28T00:52:50.982+0000] {dag.py:3722} INFO - Setting next_dagrun for example_task_group_decorator to 2023-11-27T00:52:50.982259+00:00, run_after=2023-11-28T00:52:50.982259+00:00
[2023-11-28T00:52:51.006+0000] {processor.py:179} INFO - Processing /usr/local/lib/python3.10/dist-packages/airflow/example_dags/example_task_group_decorator.py took 0.089 seconds
[2023-11-28T00:53:37.427+0000] {processor.py:157} INFO - Started process (PID=4534) to work on /usr/local/lib/python3.10/dist-packages/airflow/example_dags/example_task_group_decorator.py
[2023-11-28T00:53:37.429+0000] {processor.py:829} INFO - Processing file /usr/local/lib/python3.10/dist-packages/airflow/example_dags/example_task_group_decorator.py for tasks to queue
[2023-11-28T00:53:37.430+0000] {logging_mixin.py:154} INFO - [2023-11-28T00:53:37.429+0000] {dagbag.py:536} INFO - Filling up the DagBag from /usr/local/lib/python3.10/dist-packages/airflow/example_dags/example_task_group_decorator.py
[2023-11-28T00:53:37.447+0000] {processor.py:839} INFO - DAG(s) dict_keys(['example_task_group_decorator']) retrieved from /usr/local/lib/python3.10/dist-packages/airflow/example_dags/example_task_group_decorator.py
[2023-11-28T00:53:37.468+0000] {logging_mixin.py:154} INFO - [2023-11-28T00:53:37.467+0000] {dag.py:2941} INFO - Sync 1 DAGs
[2023-11-28T00:53:37.488+0000] {logging_mixin.py:154} INFO - [2023-11-28T00:53:37.487+0000] {dag.py:3722} INFO - Setting next_dagrun for example_task_group_decorator to 2023-11-27T00:53:37.487542+00:00, run_after=2023-11-28T00:53:37.487542+00:00
[2023-11-28T00:53:37.510+0000] {processor.py:179} INFO - Processing /usr/local/lib/python3.10/dist-packages/airflow/example_dags/example_task_group_decorator.py took 0.087 seconds
[2023-11-28T00:54:22.099+0000] {processor.py:157} INFO - Started process (PID=4890) to work on /usr/local/lib/python3.10/dist-packages/airflow/example_dags/example_task_group_decorator.py
[2023-11-28T00:54:22.100+0000] {processor.py:829} INFO - Processing file /usr/local/lib/python3.10/dist-packages/airflow/example_dags/example_task_group_decorator.py for tasks to queue
[2023-11-28T00:54:22.101+0000] {logging_mixin.py:154} INFO - [2023-11-28T00:54:22.101+0000] {dagbag.py:536} INFO - Filling up the DagBag from /usr/local/lib/python3.10/dist-packages/airflow/example_dags/example_task_group_decorator.py
[2023-11-28T00:54:22.119+0000] {processor.py:839} INFO - DAG(s) dict_keys(['example_task_group_decorator']) retrieved from /usr/local/lib/python3.10/dist-packages/airflow/example_dags/example_task_group_decorator.py
[2023-11-28T00:54:22.140+0000] {logging_mixin.py:154} INFO - [2023-11-28T00:54:22.140+0000] {dag.py:2941} INFO - Sync 1 DAGs
[2023-11-28T00:54:22.160+0000] {logging_mixin.py:154} INFO - [2023-11-28T00:54:22.160+0000] {dag.py:3722} INFO - Setting next_dagrun for example_task_group_decorator to 2023-11-27T00:54:22.160229+00:00, run_after=2023-11-28T00:54:22.160229+00:00
[2023-11-28T00:54:22.183+0000] {processor.py:179} INFO - Processing /usr/local/lib/python3.10/dist-packages/airflow/example_dags/example_task_group_decorator.py took 0.088 seconds
[2023-11-28T00:55:04.961+0000] {processor.py:157} INFO - Started process (PID=4934) to work on /usr/local/lib/python3.10/dist-packages/airflow/example_dags/example_task_group_decorator.py
[2023-11-28T00:55:04.962+0000] {processor.py:829} INFO - Processing file /usr/local/lib/python3.10/dist-packages/airflow/example_dags/example_task_group_decorator.py for tasks to queue
[2023-11-28T00:55:04.963+0000] {logging_mixin.py:154} INFO - [2023-11-28T00:55:04.963+0000] {dagbag.py:536} INFO - Filling up the DagBag from /usr/local/lib/python3.10/dist-packages/airflow/example_dags/example_task_group_decorator.py
[2023-11-28T00:55:04.981+0000] {processor.py:839} INFO - DAG(s) dict_keys(['example_task_group_decorator']) retrieved from /usr/local/lib/python3.10/dist-packages/airflow/example_dags/example_task_group_decorator.py
[2023-11-28T00:55:05.002+0000] {logging_mixin.py:154} INFO - [2023-11-28T00:55:05.002+0000] {dag.py:2941} INFO - Sync 1 DAGs
[2023-11-28T00:55:05.024+0000] {logging_mixin.py:154} INFO - [2023-11-28T00:55:05.024+0000] {dag.py:3722} INFO - Setting next_dagrun for example_task_group_decorator to 2023-11-27T00:55:05.024053+00:00, run_after=2023-11-28T00:55:05.024053+00:00
[2023-11-28T00:55:05.049+0000] {processor.py:179} INFO - Processing /usr/local/lib/python3.10/dist-packages/airflow/example_dags/example_task_group_decorator.py took 0.092 seconds
[2023-11-28T00:55:51.412+0000] {processor.py:157} INFO - Started process (PID=5047) to work on /usr/local/lib/python3.10/dist-packages/airflow/example_dags/example_task_group_decorator.py
[2023-11-28T00:55:51.414+0000] {processor.py:829} INFO - Processing file /usr/local/lib/python3.10/dist-packages/airflow/example_dags/example_task_group_decorator.py for tasks to queue
[2023-11-28T00:55:51.415+0000] {logging_mixin.py:154} INFO - [2023-11-28T00:55:51.414+0000] {dagbag.py:536} INFO - Filling up the DagBag from /usr/local/lib/python3.10/dist-packages/airflow/example_dags/example_task_group_decorator.py
[2023-11-28T00:55:51.432+0000] {processor.py:839} INFO - DAG(s) dict_keys(['example_task_group_decorator']) retrieved from /usr/local/lib/python3.10/dist-packages/airflow/example_dags/example_task_group_decorator.py
[2023-11-28T00:55:51.454+0000] {logging_mixin.py:154} INFO - [2023-11-28T00:55:51.454+0000] {dag.py:2941} INFO - Sync 1 DAGs
[2023-11-28T00:55:51.475+0000] {logging_mixin.py:154} INFO - [2023-11-28T00:55:51.475+0000] {dag.py:3722} INFO - Setting next_dagrun for example_task_group_decorator to 2023-11-27T00:55:51.475410+00:00, run_after=2023-11-28T00:55:51.475410+00:00
[2023-11-28T00:55:51.498+0000] {processor.py:179} INFO - Processing /usr/local/lib/python3.10/dist-packages/airflow/example_dags/example_task_group_decorator.py took 0.089 seconds
[2023-11-28T00:56:37.364+0000] {processor.py:157} INFO - Started process (PID=5347) to work on /usr/local/lib/python3.10/dist-packages/airflow/example_dags/example_task_group_decorator.py
[2023-11-28T00:56:37.365+0000] {processor.py:829} INFO - Processing file /usr/local/lib/python3.10/dist-packages/airflow/example_dags/example_task_group_decorator.py for tasks to queue
[2023-11-28T00:56:37.366+0000] {logging_mixin.py:154} INFO - [2023-11-28T00:56:37.366+0000] {dagbag.py:536} INFO - Filling up the DagBag from /usr/local/lib/python3.10/dist-packages/airflow/example_dags/example_task_group_decorator.py
[2023-11-28T00:56:37.383+0000] {processor.py:839} INFO - DAG(s) dict_keys(['example_task_group_decorator']) retrieved from /usr/local/lib/python3.10/dist-packages/airflow/example_dags/example_task_group_decorator.py
[2023-11-28T00:56:37.404+0000] {logging_mixin.py:154} INFO - [2023-11-28T00:56:37.404+0000] {dag.py:2941} INFO - Sync 1 DAGs
[2023-11-28T00:56:37.424+0000] {logging_mixin.py:154} INFO - [2023-11-28T00:56:37.424+0000] {dag.py:3722} INFO - Setting next_dagrun for example_task_group_decorator to 2023-11-27T00:56:37.423791+00:00, run_after=2023-11-28T00:56:37.423791+00:00
[2023-11-28T00:56:37.447+0000] {processor.py:179} INFO - Processing /usr/local/lib/python3.10/dist-packages/airflow/example_dags/example_task_group_decorator.py took 0.086 seconds
[2023-11-28T00:57:25.169+0000] {processor.py:157} INFO - Started process (PID=5399) to work on /usr/local/lib/python3.10/dist-packages/airflow/example_dags/example_task_group_decorator.py
[2023-11-28T00:57:25.171+0000] {processor.py:829} INFO - Processing file /usr/local/lib/python3.10/dist-packages/airflow/example_dags/example_task_group_decorator.py for tasks to queue
[2023-11-28T00:57:25.172+0000] {logging_mixin.py:154} INFO - [2023-11-28T00:57:25.171+0000] {dagbag.py:536} INFO - Filling up the DagBag from /usr/local/lib/python3.10/dist-packages/airflow/example_dags/example_task_group_decorator.py
[2023-11-28T00:57:25.189+0000] {processor.py:839} INFO - DAG(s) dict_keys(['example_task_group_decorator']) retrieved from /usr/local/lib/python3.10/dist-packages/airflow/example_dags/example_task_group_decorator.py
[2023-11-28T00:57:25.210+0000] {logging_mixin.py:154} INFO - [2023-11-28T00:57:25.210+0000] {dag.py:2941} INFO - Sync 1 DAGs
[2023-11-28T00:57:25.231+0000] {logging_mixin.py:154} INFO - [2023-11-28T00:57:25.231+0000] {dag.py:3722} INFO - Setting next_dagrun for example_task_group_decorator to 2023-11-27T00:57:25.230915+00:00, run_after=2023-11-28T00:57:25.230915+00:00
[2023-11-28T00:57:25.253+0000] {processor.py:179} INFO - Processing /usr/local/lib/python3.10/dist-packages/airflow/example_dags/example_task_group_decorator.py took 0.087 seconds
[2023-11-28T00:58:11.721+0000] {processor.py:157} INFO - Started process (PID=5446) to work on /usr/local/lib/python3.10/dist-packages/airflow/example_dags/example_task_group_decorator.py
[2023-11-28T00:58:11.722+0000] {processor.py:829} INFO - Processing file /usr/local/lib/python3.10/dist-packages/airflow/example_dags/example_task_group_decorator.py for tasks to queue
[2023-11-28T00:58:11.723+0000] {logging_mixin.py:154} INFO - [2023-11-28T00:58:11.723+0000] {dagbag.py:536} INFO - Filling up the DagBag from /usr/local/lib/python3.10/dist-packages/airflow/example_dags/example_task_group_decorator.py
[2023-11-28T00:58:11.740+0000] {processor.py:839} INFO - DAG(s) dict_keys(['example_task_group_decorator']) retrieved from /usr/local/lib/python3.10/dist-packages/airflow/example_dags/example_task_group_decorator.py
[2023-11-28T00:58:11.762+0000] {logging_mixin.py:154} INFO - [2023-11-28T00:58:11.761+0000] {dag.py:2941} INFO - Sync 1 DAGs
[2023-11-28T00:58:11.783+0000] {logging_mixin.py:154} INFO - [2023-11-28T00:58:11.783+0000] {dag.py:3722} INFO - Setting next_dagrun for example_task_group_decorator to 2023-11-27T00:58:11.783101+00:00, run_after=2023-11-28T00:58:11.783101+00:00
[2023-11-28T00:58:11.810+0000] {processor.py:179} INFO - Processing /usr/local/lib/python3.10/dist-packages/airflow/example_dags/example_task_group_decorator.py took 0.092 seconds
[2023-11-28T00:58:57.547+0000] {processor.py:157} INFO - Started process (PID=5493) to work on /usr/local/lib/python3.10/dist-packages/airflow/example_dags/example_task_group_decorator.py
[2023-11-28T00:58:57.549+0000] {processor.py:829} INFO - Processing file /usr/local/lib/python3.10/dist-packages/airflow/example_dags/example_task_group_decorator.py for tasks to queue
[2023-11-28T00:58:57.549+0000] {logging_mixin.py:154} INFO - [2023-11-28T00:58:57.549+0000] {dagbag.py:536} INFO - Filling up the DagBag from /usr/local/lib/python3.10/dist-packages/airflow/example_dags/example_task_group_decorator.py
[2023-11-28T00:58:57.566+0000] {processor.py:839} INFO - DAG(s) dict_keys(['example_task_group_decorator']) retrieved from /usr/local/lib/python3.10/dist-packages/airflow/example_dags/example_task_group_decorator.py
[2023-11-28T00:58:57.587+0000] {logging_mixin.py:154} INFO - [2023-11-28T00:58:57.587+0000] {dag.py:2941} INFO - Sync 1 DAGs
[2023-11-28T00:58:57.607+0000] {logging_mixin.py:154} INFO - [2023-11-28T00:58:57.606+0000] {dag.py:3722} INFO - Setting next_dagrun for example_task_group_decorator to 2023-11-27T00:58:57.606756+00:00, run_after=2023-11-28T00:58:57.606756+00:00
[2023-11-28T00:58:57.629+0000] {processor.py:179} INFO - Processing /usr/local/lib/python3.10/dist-packages/airflow/example_dags/example_task_group_decorator.py took 0.085 seconds
[2023-11-28T00:59:43.356+0000] {processor.py:157} INFO - Started process (PID=5541) to work on /usr/local/lib/python3.10/dist-packages/airflow/example_dags/example_task_group_decorator.py
[2023-11-28T00:59:43.357+0000] {processor.py:829} INFO - Processing file /usr/local/lib/python3.10/dist-packages/airflow/example_dags/example_task_group_decorator.py for tasks to queue
[2023-11-28T00:59:43.358+0000] {logging_mixin.py:154} INFO - [2023-11-28T00:59:43.358+0000] {dagbag.py:536} INFO - Filling up the DagBag from /usr/local/lib/python3.10/dist-packages/airflow/example_dags/example_task_group_decorator.py
[2023-11-28T00:59:43.375+0000] {processor.py:839} INFO - DAG(s) dict_keys(['example_task_group_decorator']) retrieved from /usr/local/lib/python3.10/dist-packages/airflow/example_dags/example_task_group_decorator.py
[2023-11-28T00:59:43.395+0000] {logging_mixin.py:154} INFO - [2023-11-28T00:59:43.395+0000] {dag.py:2941} INFO - Sync 1 DAGs
[2023-11-28T00:59:43.417+0000] {logging_mixin.py:154} INFO - [2023-11-28T00:59:43.417+0000] {dag.py:3722} INFO - Setting next_dagrun for example_task_group_decorator to 2023-11-27T00:59:43.417090+00:00, run_after=2023-11-28T00:59:43.417090+00:00
[2023-11-28T00:59:43.489+0000] {processor.py:179} INFO - Processing /usr/local/lib/python3.10/dist-packages/airflow/example_dags/example_task_group_decorator.py took 0.136 seconds
[2023-11-28T01:00:25.805+0000] {processor.py:157} INFO - Started process (PID=5585) to work on /usr/local/lib/python3.10/dist-packages/airflow/example_dags/example_task_group_decorator.py
[2023-11-28T01:00:25.806+0000] {processor.py:829} INFO - Processing file /usr/local/lib/python3.10/dist-packages/airflow/example_dags/example_task_group_decorator.py for tasks to queue
[2023-11-28T01:00:25.807+0000] {logging_mixin.py:154} INFO - [2023-11-28T01:00:25.806+0000] {dagbag.py:536} INFO - Filling up the DagBag from /usr/local/lib/python3.10/dist-packages/airflow/example_dags/example_task_group_decorator.py
[2023-11-28T01:00:25.824+0000] {processor.py:839} INFO - DAG(s) dict_keys(['example_task_group_decorator']) retrieved from /usr/local/lib/python3.10/dist-packages/airflow/example_dags/example_task_group_decorator.py
[2023-11-28T01:00:25.845+0000] {logging_mixin.py:154} INFO - [2023-11-28T01:00:25.845+0000] {dag.py:2941} INFO - Sync 1 DAGs
[2023-11-28T01:00:25.866+0000] {logging_mixin.py:154} INFO - [2023-11-28T01:00:25.866+0000] {dag.py:3722} INFO - Setting next_dagrun for example_task_group_decorator to 2023-11-27T01:00:25.866305+00:00, run_after=2023-11-28T01:00:25.866305+00:00
[2023-11-28T01:00:25.893+0000] {processor.py:179} INFO - Processing /usr/local/lib/python3.10/dist-packages/airflow/example_dags/example_task_group_decorator.py took 0.092 seconds
[2023-11-28T01:01:12.369+0000] {processor.py:157} INFO - Started process (PID=5633) to work on /usr/local/lib/python3.10/dist-packages/airflow/example_dags/example_task_group_decorator.py
[2023-11-28T01:01:12.370+0000] {processor.py:829} INFO - Processing file /usr/local/lib/python3.10/dist-packages/airflow/example_dags/example_task_group_decorator.py for tasks to queue
[2023-11-28T01:01:12.371+0000] {logging_mixin.py:154} INFO - [2023-11-28T01:01:12.370+0000] {dagbag.py:536} INFO - Filling up the DagBag from /usr/local/lib/python3.10/dist-packages/airflow/example_dags/example_task_group_decorator.py
[2023-11-28T01:01:12.388+0000] {processor.py:839} INFO - DAG(s) dict_keys(['example_task_group_decorator']) retrieved from /usr/local/lib/python3.10/dist-packages/airflow/example_dags/example_task_group_decorator.py
[2023-11-28T01:01:12.409+0000] {logging_mixin.py:154} INFO - [2023-11-28T01:01:12.409+0000] {dag.py:2941} INFO - Sync 1 DAGs
[2023-11-28T01:01:12.432+0000] {logging_mixin.py:154} INFO - [2023-11-28T01:01:12.432+0000] {dag.py:3722} INFO - Setting next_dagrun for example_task_group_decorator to 2023-11-27T01:01:12.431881+00:00, run_after=2023-11-28T01:01:12.431881+00:00
[2023-11-28T01:01:12.455+0000] {processor.py:179} INFO - Processing /usr/local/lib/python3.10/dist-packages/airflow/example_dags/example_task_group_decorator.py took 0.090 seconds
[2023-11-28T01:01:56.674+0000] {processor.py:157} INFO - Started process (PID=5679) to work on /usr/local/lib/python3.10/dist-packages/airflow/example_dags/example_task_group_decorator.py
[2023-11-28T01:01:56.675+0000] {processor.py:829} INFO - Processing file /usr/local/lib/python3.10/dist-packages/airflow/example_dags/example_task_group_decorator.py for tasks to queue
[2023-11-28T01:01:56.676+0000] {logging_mixin.py:154} INFO - [2023-11-28T01:01:56.676+0000] {dagbag.py:536} INFO - Filling up the DagBag from /usr/local/lib/python3.10/dist-packages/airflow/example_dags/example_task_group_decorator.py
[2023-11-28T01:01:56.693+0000] {processor.py:839} INFO - DAG(s) dict_keys(['example_task_group_decorator']) retrieved from /usr/local/lib/python3.10/dist-packages/airflow/example_dags/example_task_group_decorator.py
[2023-11-28T01:01:56.714+0000] {logging_mixin.py:154} INFO - [2023-11-28T01:01:56.714+0000] {dag.py:2941} INFO - Sync 1 DAGs
[2023-11-28T01:01:56.734+0000] {logging_mixin.py:154} INFO - [2023-11-28T01:01:56.734+0000] {dag.py:3722} INFO - Setting next_dagrun for example_task_group_decorator to 2023-11-27T01:01:56.734379+00:00, run_after=2023-11-28T01:01:56.734379+00:00
[2023-11-28T01:01:56.757+0000] {processor.py:179} INFO - Processing /usr/local/lib/python3.10/dist-packages/airflow/example_dags/example_task_group_decorator.py took 0.087 seconds
[2023-11-28T01:02:42.105+0000] {processor.py:157} INFO - Started process (PID=5728) to work on /usr/local/lib/python3.10/dist-packages/airflow/example_dags/example_task_group_decorator.py
[2023-11-28T01:02:42.107+0000] {processor.py:829} INFO - Processing file /usr/local/lib/python3.10/dist-packages/airflow/example_dags/example_task_group_decorator.py for tasks to queue
[2023-11-28T01:02:42.108+0000] {logging_mixin.py:154} INFO - [2023-11-28T01:02:42.107+0000] {dagbag.py:536} INFO - Filling up the DagBag from /usr/local/lib/python3.10/dist-packages/airflow/example_dags/example_task_group_decorator.py
[2023-11-28T01:02:42.125+0000] {processor.py:839} INFO - DAG(s) dict_keys(['example_task_group_decorator']) retrieved from /usr/local/lib/python3.10/dist-packages/airflow/example_dags/example_task_group_decorator.py
[2023-11-28T01:02:42.146+0000] {logging_mixin.py:154} INFO - [2023-11-28T01:02:42.146+0000] {dag.py:2941} INFO - Sync 1 DAGs
[2023-11-28T01:02:42.169+0000] {logging_mixin.py:154} INFO - [2023-11-28T01:02:42.168+0000] {dag.py:3722} INFO - Setting next_dagrun for example_task_group_decorator to 2023-11-27T01:02:42.168592+00:00, run_after=2023-11-28T01:02:42.168592+00:00
[2023-11-28T01:02:42.192+0000] {processor.py:179} INFO - Processing /usr/local/lib/python3.10/dist-packages/airflow/example_dags/example_task_group_decorator.py took 0.091 seconds
[2023-11-28T01:03:26.390+0000] {processor.py:157} INFO - Started process (PID=5773) to work on /usr/local/lib/python3.10/dist-packages/airflow/example_dags/example_task_group_decorator.py
[2023-11-28T01:03:26.391+0000] {processor.py:829} INFO - Processing file /usr/local/lib/python3.10/dist-packages/airflow/example_dags/example_task_group_decorator.py for tasks to queue
[2023-11-28T01:03:26.392+0000] {logging_mixin.py:154} INFO - [2023-11-28T01:03:26.392+0000] {dagbag.py:536} INFO - Filling up the DagBag from /usr/local/lib/python3.10/dist-packages/airflow/example_dags/example_task_group_decorator.py
[2023-11-28T01:03:26.409+0000] {processor.py:839} INFO - DAG(s) dict_keys(['example_task_group_decorator']) retrieved from /usr/local/lib/python3.10/dist-packages/airflow/example_dags/example_task_group_decorator.py
[2023-11-28T01:03:26.430+0000] {logging_mixin.py:154} INFO - [2023-11-28T01:03:26.430+0000] {dag.py:2941} INFO - Sync 1 DAGs
[2023-11-28T01:03:26.450+0000] {logging_mixin.py:154} INFO - [2023-11-28T01:03:26.450+0000] {dag.py:3722} INFO - Setting next_dagrun for example_task_group_decorator to 2023-11-27T01:03:26.450206+00:00, run_after=2023-11-28T01:03:26.450206+00:00
[2023-11-28T01:03:26.474+0000] {processor.py:179} INFO - Processing /usr/local/lib/python3.10/dist-packages/airflow/example_dags/example_task_group_decorator.py took 0.087 seconds
[2023-11-28T01:04:11.832+0000] {processor.py:157} INFO - Started process (PID=5933) to work on /usr/local/lib/python3.10/dist-packages/airflow/example_dags/example_task_group_decorator.py
[2023-11-28T01:04:11.834+0000] {processor.py:829} INFO - Processing file /usr/local/lib/python3.10/dist-packages/airflow/example_dags/example_task_group_decorator.py for tasks to queue
[2023-11-28T01:04:11.835+0000] {logging_mixin.py:154} INFO - [2023-11-28T01:04:11.834+0000] {dagbag.py:536} INFO - Filling up the DagBag from /usr/local/lib/python3.10/dist-packages/airflow/example_dags/example_task_group_decorator.py
[2023-11-28T01:04:11.851+0000] {processor.py:839} INFO - DAG(s) dict_keys(['example_task_group_decorator']) retrieved from /usr/local/lib/python3.10/dist-packages/airflow/example_dags/example_task_group_decorator.py
[2023-11-28T01:04:11.872+0000] {logging_mixin.py:154} INFO - [2023-11-28T01:04:11.872+0000] {dag.py:2941} INFO - Sync 1 DAGs
[2023-11-28T01:04:11.893+0000] {logging_mixin.py:154} INFO - [2023-11-28T01:04:11.893+0000] {dag.py:3722} INFO - Setting next_dagrun for example_task_group_decorator to 2023-11-27T01:04:11.893156+00:00, run_after=2023-11-28T01:04:11.893156+00:00
[2023-11-28T01:04:11.917+0000] {processor.py:179} INFO - Processing /usr/local/lib/python3.10/dist-packages/airflow/example_dags/example_task_group_decorator.py took 0.089 seconds
[2023-11-28T01:04:54.925+0000] {processor.py:157} INFO - Started process (PID=5979) to work on /usr/local/lib/python3.10/dist-packages/airflow/example_dags/example_task_group_decorator.py
[2023-11-28T01:04:54.927+0000] {processor.py:829} INFO - Processing file /usr/local/lib/python3.10/dist-packages/airflow/example_dags/example_task_group_decorator.py for tasks to queue
[2023-11-28T01:04:54.927+0000] {logging_mixin.py:154} INFO - [2023-11-28T01:04:54.927+0000] {dagbag.py:536} INFO - Filling up the DagBag from /usr/local/lib/python3.10/dist-packages/airflow/example_dags/example_task_group_decorator.py
[2023-11-28T01:04:54.944+0000] {processor.py:839} INFO - DAG(s) dict_keys(['example_task_group_decorator']) retrieved from /usr/local/lib/python3.10/dist-packages/airflow/example_dags/example_task_group_decorator.py
[2023-11-28T01:04:54.965+0000] {logging_mixin.py:154} INFO - [2023-11-28T01:04:54.965+0000] {dag.py:2941} INFO - Sync 1 DAGs
[2023-11-28T01:04:54.986+0000] {logging_mixin.py:154} INFO - [2023-11-28T01:04:54.986+0000] {dag.py:3722} INFO - Setting next_dagrun for example_task_group_decorator to 2023-11-27T01:04:54.985978+00:00, run_after=2023-11-28T01:04:54.985978+00:00
[2023-11-28T01:04:55.013+0000] {processor.py:179} INFO - Processing /usr/local/lib/python3.10/dist-packages/airflow/example_dags/example_task_group_decorator.py took 0.092 seconds
[2023-11-28T01:05:38.965+0000] {processor.py:157} INFO - Started process (PID=6025) to work on /usr/local/lib/python3.10/dist-packages/airflow/example_dags/example_task_group_decorator.py
[2023-11-28T01:05:38.967+0000] {processor.py:829} INFO - Processing file /usr/local/lib/python3.10/dist-packages/airflow/example_dags/example_task_group_decorator.py for tasks to queue
[2023-11-28T01:05:38.968+0000] {logging_mixin.py:154} INFO - [2023-11-28T01:05:38.967+0000] {dagbag.py:536} INFO - Filling up the DagBag from /usr/local/lib/python3.10/dist-packages/airflow/example_dags/example_task_group_decorator.py
[2023-11-28T01:05:38.986+0000] {processor.py:839} INFO - DAG(s) dict_keys(['example_task_group_decorator']) retrieved from /usr/local/lib/python3.10/dist-packages/airflow/example_dags/example_task_group_decorator.py
[2023-11-28T01:05:39.007+0000] {logging_mixin.py:154} INFO - [2023-11-28T01:05:39.007+0000] {dag.py:2941} INFO - Sync 1 DAGs
[2023-11-28T01:05:39.030+0000] {logging_mixin.py:154} INFO - [2023-11-28T01:05:39.030+0000] {dag.py:3722} INFO - Setting next_dagrun for example_task_group_decorator to 2023-11-27T01:05:39.030195+00:00, run_after=2023-11-28T01:05:39.030195+00:00
[2023-11-28T01:05:39.055+0000] {processor.py:179} INFO - Processing /usr/local/lib/python3.10/dist-packages/airflow/example_dags/example_task_group_decorator.py took 0.093 seconds
[2023-11-28T01:06:26.446+0000] {processor.py:157} INFO - Started process (PID=6074) to work on /usr/local/lib/python3.10/dist-packages/airflow/example_dags/example_task_group_decorator.py
[2023-11-28T01:06:26.448+0000] {processor.py:829} INFO - Processing file /usr/local/lib/python3.10/dist-packages/airflow/example_dags/example_task_group_decorator.py for tasks to queue
[2023-11-28T01:06:26.449+0000] {logging_mixin.py:154} INFO - [2023-11-28T01:06:26.448+0000] {dagbag.py:536} INFO - Filling up the DagBag from /usr/local/lib/python3.10/dist-packages/airflow/example_dags/example_task_group_decorator.py
[2023-11-28T01:06:26.466+0000] {processor.py:839} INFO - DAG(s) dict_keys(['example_task_group_decorator']) retrieved from /usr/local/lib/python3.10/dist-packages/airflow/example_dags/example_task_group_decorator.py
[2023-11-28T01:06:26.486+0000] {logging_mixin.py:154} INFO - [2023-11-28T01:06:26.486+0000] {dag.py:2941} INFO - Sync 1 DAGs
[2023-11-28T01:06:26.507+0000] {logging_mixin.py:154} INFO - [2023-11-28T01:06:26.507+0000] {dag.py:3722} INFO - Setting next_dagrun for example_task_group_decorator to 2023-11-27T01:06:26.507003+00:00, run_after=2023-11-28T01:06:26.507003+00:00
[2023-11-28T01:06:26.530+0000] {processor.py:179} INFO - Processing /usr/local/lib/python3.10/dist-packages/airflow/example_dags/example_task_group_decorator.py took 0.087 seconds
[2023-11-28T01:07:12.831+0000] {processor.py:157} INFO - Started process (PID=6120) to work on /usr/local/lib/python3.10/dist-packages/airflow/example_dags/example_task_group_decorator.py
[2023-11-28T01:07:12.833+0000] {processor.py:829} INFO - Processing file /usr/local/lib/python3.10/dist-packages/airflow/example_dags/example_task_group_decorator.py for tasks to queue
[2023-11-28T01:07:12.834+0000] {logging_mixin.py:154} INFO - [2023-11-28T01:07:12.833+0000] {dagbag.py:536} INFO - Filling up the DagBag from /usr/local/lib/python3.10/dist-packages/airflow/example_dags/example_task_group_decorator.py
[2023-11-28T01:07:12.851+0000] {processor.py:839} INFO - DAG(s) dict_keys(['example_task_group_decorator']) retrieved from /usr/local/lib/python3.10/dist-packages/airflow/example_dags/example_task_group_decorator.py
[2023-11-28T01:07:12.873+0000] {logging_mixin.py:154} INFO - [2023-11-28T01:07:12.873+0000] {dag.py:2941} INFO - Sync 1 DAGs
[2023-11-28T01:07:12.895+0000] {logging_mixin.py:154} INFO - [2023-11-28T01:07:12.895+0000] {dag.py:3722} INFO - Setting next_dagrun for example_task_group_decorator to 2023-11-27T01:07:12.895235+00:00, run_after=2023-11-28T01:07:12.895235+00:00
[2023-11-28T01:07:12.918+0000] {processor.py:179} INFO - Processing /usr/local/lib/python3.10/dist-packages/airflow/example_dags/example_task_group_decorator.py took 0.090 seconds
[2023-11-28T01:08:01.321+0000] {processor.py:157} INFO - Started process (PID=6169) to work on /usr/local/lib/python3.10/dist-packages/airflow/example_dags/example_task_group_decorator.py
[2023-11-28T01:08:01.322+0000] {processor.py:829} INFO - Processing file /usr/local/lib/python3.10/dist-packages/airflow/example_dags/example_task_group_decorator.py for tasks to queue
[2023-11-28T01:08:01.323+0000] {logging_mixin.py:154} INFO - [2023-11-28T01:08:01.323+0000] {dagbag.py:536} INFO - Filling up the DagBag from /usr/local/lib/python3.10/dist-packages/airflow/example_dags/example_task_group_decorator.py
[2023-11-28T01:08:01.341+0000] {processor.py:839} INFO - DAG(s) dict_keys(['example_task_group_decorator']) retrieved from /usr/local/lib/python3.10/dist-packages/airflow/example_dags/example_task_group_decorator.py
[2023-11-28T01:08:01.362+0000] {logging_mixin.py:154} INFO - [2023-11-28T01:08:01.361+0000] {dag.py:2941} INFO - Sync 1 DAGs
[2023-11-28T01:08:01.382+0000] {logging_mixin.py:154} INFO - [2023-11-28T01:08:01.382+0000] {dag.py:3722} INFO - Setting next_dagrun for example_task_group_decorator to 2023-11-27T01:08:01.382267+00:00, run_after=2023-11-28T01:08:01.382267+00:00
[2023-11-28T01:08:01.405+0000] {processor.py:179} INFO - Processing /usr/local/lib/python3.10/dist-packages/airflow/example_dags/example_task_group_decorator.py took 0.087 seconds
[2023-11-28T01:08:47.975+0000] {processor.py:157} INFO - Started process (PID=6220) to work on /usr/local/lib/python3.10/dist-packages/airflow/example_dags/example_task_group_decorator.py
[2023-11-28T01:08:47.976+0000] {processor.py:829} INFO - Processing file /usr/local/lib/python3.10/dist-packages/airflow/example_dags/example_task_group_decorator.py for tasks to queue
[2023-11-28T01:08:47.977+0000] {logging_mixin.py:154} INFO - [2023-11-28T01:08:47.977+0000] {dagbag.py:536} INFO - Filling up the DagBag from /usr/local/lib/python3.10/dist-packages/airflow/example_dags/example_task_group_decorator.py
[2023-11-28T01:08:47.995+0000] {processor.py:839} INFO - DAG(s) dict_keys(['example_task_group_decorator']) retrieved from /usr/local/lib/python3.10/dist-packages/airflow/example_dags/example_task_group_decorator.py
[2023-11-28T01:08:48.019+0000] {logging_mixin.py:154} INFO - [2023-11-28T01:08:48.018+0000] {dag.py:2941} INFO - Sync 1 DAGs
[2023-11-28T01:08:48.041+0000] {logging_mixin.py:154} INFO - [2023-11-28T01:08:48.041+0000] {dag.py:3722} INFO - Setting next_dagrun for example_task_group_decorator to 2023-11-27T01:08:48.041399+00:00, run_after=2023-11-28T01:08:48.041399+00:00
[2023-11-28T01:08:48.065+0000] {processor.py:179} INFO - Processing /usr/local/lib/python3.10/dist-packages/airflow/example_dags/example_task_group_decorator.py took 0.094 seconds
[2023-11-28T01:09:29.696+0000] {processor.py:157} INFO - Started process (PID=6265) to work on /usr/local/lib/python3.10/dist-packages/airflow/example_dags/example_task_group_decorator.py
[2023-11-28T01:09:29.698+0000] {processor.py:829} INFO - Processing file /usr/local/lib/python3.10/dist-packages/airflow/example_dags/example_task_group_decorator.py for tasks to queue
[2023-11-28T01:09:29.699+0000] {logging_mixin.py:154} INFO - [2023-11-28T01:09:29.698+0000] {dagbag.py:536} INFO - Filling up the DagBag from /usr/local/lib/python3.10/dist-packages/airflow/example_dags/example_task_group_decorator.py
[2023-11-28T01:09:29.716+0000] {processor.py:839} INFO - DAG(s) dict_keys(['example_task_group_decorator']) retrieved from /usr/local/lib/python3.10/dist-packages/airflow/example_dags/example_task_group_decorator.py
[2023-11-28T01:09:29.737+0000] {logging_mixin.py:154} INFO - [2023-11-28T01:09:29.737+0000] {dag.py:2941} INFO - Sync 1 DAGs
[2023-11-28T01:09:29.757+0000] {logging_mixin.py:154} INFO - [2023-11-28T01:09:29.757+0000] {dag.py:3722} INFO - Setting next_dagrun for example_task_group_decorator to 2023-11-27T01:09:29.757407+00:00, run_after=2023-11-28T01:09:29.757407+00:00
[2023-11-28T01:09:29.793+0000] {processor.py:179} INFO - Processing /usr/local/lib/python3.10/dist-packages/airflow/example_dags/example_task_group_decorator.py took 0.100 seconds
[2023-11-28T01:10:16.886+0000] {processor.py:157} INFO - Started process (PID=6313) to work on /usr/local/lib/python3.10/dist-packages/airflow/example_dags/example_task_group_decorator.py
[2023-11-28T01:10:16.887+0000] {processor.py:829} INFO - Processing file /usr/local/lib/python3.10/dist-packages/airflow/example_dags/example_task_group_decorator.py for tasks to queue
[2023-11-28T01:10:16.888+0000] {logging_mixin.py:154} INFO - [2023-11-28T01:10:16.887+0000] {dagbag.py:536} INFO - Filling up the DagBag from /usr/local/lib/python3.10/dist-packages/airflow/example_dags/example_task_group_decorator.py
[2023-11-28T01:10:16.905+0000] {processor.py:839} INFO - DAG(s) dict_keys(['example_task_group_decorator']) retrieved from /usr/local/lib/python3.10/dist-packages/airflow/example_dags/example_task_group_decorator.py
[2023-11-28T01:10:16.928+0000] {logging_mixin.py:154} INFO - [2023-11-28T01:10:16.928+0000] {dag.py:2941} INFO - Sync 1 DAGs
[2023-11-28T01:10:16.950+0000] {logging_mixin.py:154} INFO - [2023-11-28T01:10:16.949+0000] {dag.py:3722} INFO - Setting next_dagrun for example_task_group_decorator to 2023-11-27T01:10:16.949541+00:00, run_after=2023-11-28T01:10:16.949541+00:00
[2023-11-28T01:10:16.974+0000] {processor.py:179} INFO - Processing /usr/local/lib/python3.10/dist-packages/airflow/example_dags/example_task_group_decorator.py took 0.092 seconds
[2023-11-28T01:11:03.658+0000] {processor.py:157} INFO - Started process (PID=6361) to work on /usr/local/lib/python3.10/dist-packages/airflow/example_dags/example_task_group_decorator.py
[2023-11-28T01:11:03.660+0000] {processor.py:829} INFO - Processing file /usr/local/lib/python3.10/dist-packages/airflow/example_dags/example_task_group_decorator.py for tasks to queue
[2023-11-28T01:11:03.660+0000] {logging_mixin.py:154} INFO - [2023-11-28T01:11:03.660+0000] {dagbag.py:536} INFO - Filling up the DagBag from /usr/local/lib/python3.10/dist-packages/airflow/example_dags/example_task_group_decorator.py
[2023-11-28T01:11:03.678+0000] {processor.py:839} INFO - DAG(s) dict_keys(['example_task_group_decorator']) retrieved from /usr/local/lib/python3.10/dist-packages/airflow/example_dags/example_task_group_decorator.py
[2023-11-28T01:11:03.699+0000] {logging_mixin.py:154} INFO - [2023-11-28T01:11:03.699+0000] {dag.py:2941} INFO - Sync 1 DAGs
[2023-11-28T01:11:03.720+0000] {logging_mixin.py:154} INFO - [2023-11-28T01:11:03.720+0000] {dag.py:3722} INFO - Setting next_dagrun for example_task_group_decorator to 2023-11-27T01:11:03.719811+00:00, run_after=2023-11-28T01:11:03.719811+00:00
[2023-11-28T01:11:03.744+0000] {processor.py:179} INFO - Processing /usr/local/lib/python3.10/dist-packages/airflow/example_dags/example_task_group_decorator.py took 0.090 seconds
[2023-11-28T01:11:49.300+0000] {processor.py:157} INFO - Started process (PID=6408) to work on /usr/local/lib/python3.10/dist-packages/airflow/example_dags/example_task_group_decorator.py
[2023-11-28T01:11:49.301+0000] {processor.py:829} INFO - Processing file /usr/local/lib/python3.10/dist-packages/airflow/example_dags/example_task_group_decorator.py for tasks to queue
[2023-11-28T01:11:49.302+0000] {logging_mixin.py:154} INFO - [2023-11-28T01:11:49.302+0000] {dagbag.py:536} INFO - Filling up the DagBag from /usr/local/lib/python3.10/dist-packages/airflow/example_dags/example_task_group_decorator.py
[2023-11-28T01:11:49.319+0000] {processor.py:839} INFO - DAG(s) dict_keys(['example_task_group_decorator']) retrieved from /usr/local/lib/python3.10/dist-packages/airflow/example_dags/example_task_group_decorator.py
[2023-11-28T01:11:49.340+0000] {logging_mixin.py:154} INFO - [2023-11-28T01:11:49.340+0000] {dag.py:2941} INFO - Sync 1 DAGs
[2023-11-28T01:11:49.361+0000] {logging_mixin.py:154} INFO - [2023-11-28T01:11:49.360+0000] {dag.py:3722} INFO - Setting next_dagrun for example_task_group_decorator to 2023-11-27T01:11:49.360733+00:00, run_after=2023-11-28T01:11:49.360733+00:00
[2023-11-28T01:11:49.383+0000] {processor.py:179} INFO - Processing /usr/local/lib/python3.10/dist-packages/airflow/example_dags/example_task_group_decorator.py took 0.087 seconds
[2023-11-28T01:12:35.051+0000] {processor.py:157} INFO - Started process (PID=6456) to work on /usr/local/lib/python3.10/dist-packages/airflow/example_dags/example_task_group_decorator.py
[2023-11-28T01:12:35.053+0000] {processor.py:829} INFO - Processing file /usr/local/lib/python3.10/dist-packages/airflow/example_dags/example_task_group_decorator.py for tasks to queue
[2023-11-28T01:12:35.053+0000] {logging_mixin.py:154} INFO - [2023-11-28T01:12:35.053+0000] {dagbag.py:536} INFO - Filling up the DagBag from /usr/local/lib/python3.10/dist-packages/airflow/example_dags/example_task_group_decorator.py
[2023-11-28T01:12:35.071+0000] {processor.py:839} INFO - DAG(s) dict_keys(['example_task_group_decorator']) retrieved from /usr/local/lib/python3.10/dist-packages/airflow/example_dags/example_task_group_decorator.py
[2023-11-28T01:12:35.092+0000] {logging_mixin.py:154} INFO - [2023-11-28T01:12:35.092+0000] {dag.py:2941} INFO - Sync 1 DAGs
[2023-11-28T01:12:35.114+0000] {logging_mixin.py:154} INFO - [2023-11-28T01:12:35.113+0000] {dag.py:3722} INFO - Setting next_dagrun for example_task_group_decorator to 2023-11-27T01:12:35.113678+00:00, run_after=2023-11-28T01:12:35.113678+00:00
[2023-11-28T01:12:35.136+0000] {processor.py:179} INFO - Processing /usr/local/lib/python3.10/dist-packages/airflow/example_dags/example_task_group_decorator.py took 0.089 seconds
[2023-11-28T01:13:17.719+0000] {processor.py:157} INFO - Started process (PID=6500) to work on /usr/local/lib/python3.10/dist-packages/airflow/example_dags/example_task_group_decorator.py
[2023-11-28T01:13:17.721+0000] {processor.py:829} INFO - Processing file /usr/local/lib/python3.10/dist-packages/airflow/example_dags/example_task_group_decorator.py for tasks to queue
[2023-11-28T01:13:17.722+0000] {logging_mixin.py:154} INFO - [2023-11-28T01:13:17.721+0000] {dagbag.py:536} INFO - Filling up the DagBag from /usr/local/lib/python3.10/dist-packages/airflow/example_dags/example_task_group_decorator.py
[2023-11-28T01:13:17.739+0000] {processor.py:839} INFO - DAG(s) dict_keys(['example_task_group_decorator']) retrieved from /usr/local/lib/python3.10/dist-packages/airflow/example_dags/example_task_group_decorator.py
[2023-11-28T01:13:17.759+0000] {logging_mixin.py:154} INFO - [2023-11-28T01:13:17.759+0000] {dag.py:2941} INFO - Sync 1 DAGs
[2023-11-28T01:13:17.780+0000] {logging_mixin.py:154} INFO - [2023-11-28T01:13:17.779+0000] {dag.py:3722} INFO - Setting next_dagrun for example_task_group_decorator to 2023-11-27T01:13:17.779741+00:00, run_after=2023-11-28T01:13:17.779741+00:00
[2023-11-28T01:13:17.803+0000] {processor.py:179} INFO - Processing /usr/local/lib/python3.10/dist-packages/airflow/example_dags/example_task_group_decorator.py took 0.087 seconds
[2023-11-28T01:14:05.335+0000] {processor.py:157} INFO - Started process (PID=6548) to work on /usr/local/lib/python3.10/dist-packages/airflow/example_dags/example_task_group_decorator.py
[2023-11-28T01:14:05.337+0000] {processor.py:829} INFO - Processing file /usr/local/lib/python3.10/dist-packages/airflow/example_dags/example_task_group_decorator.py for tasks to queue
[2023-11-28T01:14:05.338+0000] {logging_mixin.py:154} INFO - [2023-11-28T01:14:05.337+0000] {dagbag.py:536} INFO - Filling up the DagBag from /usr/local/lib/python3.10/dist-packages/airflow/example_dags/example_task_group_decorator.py
[2023-11-28T01:14:05.355+0000] {processor.py:839} INFO - DAG(s) dict_keys(['example_task_group_decorator']) retrieved from /usr/local/lib/python3.10/dist-packages/airflow/example_dags/example_task_group_decorator.py
[2023-11-28T01:14:05.376+0000] {logging_mixin.py:154} INFO - [2023-11-28T01:14:05.376+0000] {dag.py:2941} INFO - Sync 1 DAGs
[2023-11-28T01:14:05.397+0000] {logging_mixin.py:154} INFO - [2023-11-28T01:14:05.397+0000] {dag.py:3722} INFO - Setting next_dagrun for example_task_group_decorator to 2023-11-27T01:14:05.397027+00:00, run_after=2023-11-28T01:14:05.397027+00:00
[2023-11-28T01:14:05.419+0000] {processor.py:179} INFO - Processing /usr/local/lib/python3.10/dist-packages/airflow/example_dags/example_task_group_decorator.py took 0.087 seconds
[2023-11-28T01:15:10.700+0000] {processor.py:157} INFO - Started process (PID=6624) to work on /usr/local/lib/python3.10/dist-packages/airflow/example_dags/example_task_group_decorator.py
[2023-11-28T01:15:10.701+0000] {processor.py:829} INFO - Processing file /usr/local/lib/python3.10/dist-packages/airflow/example_dags/example_task_group_decorator.py for tasks to queue
[2023-11-28T01:15:10.702+0000] {logging_mixin.py:154} INFO - [2023-11-28T01:15:10.702+0000] {dagbag.py:536} INFO - Filling up the DagBag from /usr/local/lib/python3.10/dist-packages/airflow/example_dags/example_task_group_decorator.py
[2023-11-28T01:15:10.722+0000] {processor.py:839} INFO - DAG(s) dict_keys(['example_task_group_decorator']) retrieved from /usr/local/lib/python3.10/dist-packages/airflow/example_dags/example_task_group_decorator.py
[2023-11-28T01:15:10.730+0000] {logging_mixin.py:154} INFO - [2023-11-28T01:15:10.730+0000] {dag.py:2941} INFO - Sync 1 DAGs
[2023-11-28T01:15:10.754+0000] {logging_mixin.py:154} INFO - [2023-11-28T01:15:10.754+0000] {dag.py:3722} INFO - Setting next_dagrun for example_task_group_decorator to 2023-11-27T01:15:10.754391+00:00, run_after=2023-11-28T01:15:10.754391+00:00
[2023-11-28T01:15:10.777+0000] {processor.py:179} INFO - Processing /usr/local/lib/python3.10/dist-packages/airflow/example_dags/example_task_group_decorator.py took 0.081 seconds
[2023-11-28T01:15:53.528+0000] {processor.py:157} INFO - Started process (PID=6671) to work on /usr/local/lib/python3.10/dist-packages/airflow/example_dags/example_task_group_decorator.py
[2023-11-28T01:15:53.530+0000] {processor.py:829} INFO - Processing file /usr/local/lib/python3.10/dist-packages/airflow/example_dags/example_task_group_decorator.py for tasks to queue
[2023-11-28T01:15:53.531+0000] {logging_mixin.py:154} INFO - [2023-11-28T01:15:53.530+0000] {dagbag.py:536} INFO - Filling up the DagBag from /usr/local/lib/python3.10/dist-packages/airflow/example_dags/example_task_group_decorator.py
[2023-11-28T01:15:53.549+0000] {processor.py:839} INFO - DAG(s) dict_keys(['example_task_group_decorator']) retrieved from /usr/local/lib/python3.10/dist-packages/airflow/example_dags/example_task_group_decorator.py
[2023-11-28T01:15:53.570+0000] {logging_mixin.py:154} INFO - [2023-11-28T01:15:53.570+0000] {dag.py:2941} INFO - Sync 1 DAGs
[2023-11-28T01:15:53.591+0000] {logging_mixin.py:154} INFO - [2023-11-28T01:15:53.590+0000] {dag.py:3722} INFO - Setting next_dagrun for example_task_group_decorator to 2023-11-27T01:15:53.590677+00:00, run_after=2023-11-28T01:15:53.590677+00:00
[2023-11-28T01:15:53.614+0000] {processor.py:179} INFO - Processing /usr/local/lib/python3.10/dist-packages/airflow/example_dags/example_task_group_decorator.py took 0.090 seconds
[2023-11-28T01:16:39.970+0000] {processor.py:157} INFO - Started process (PID=6717) to work on /usr/local/lib/python3.10/dist-packages/airflow/example_dags/example_task_group_decorator.py
[2023-11-28T01:16:39.971+0000] {processor.py:829} INFO - Processing file /usr/local/lib/python3.10/dist-packages/airflow/example_dags/example_task_group_decorator.py for tasks to queue
[2023-11-28T01:16:39.972+0000] {logging_mixin.py:154} INFO - [2023-11-28T01:16:39.971+0000] {dagbag.py:536} INFO - Filling up the DagBag from /usr/local/lib/python3.10/dist-packages/airflow/example_dags/example_task_group_decorator.py
[2023-11-28T01:16:39.989+0000] {processor.py:839} INFO - DAG(s) dict_keys(['example_task_group_decorator']) retrieved from /usr/local/lib/python3.10/dist-packages/airflow/example_dags/example_task_group_decorator.py
[2023-11-28T01:16:40.025+0000] {logging_mixin.py:154} INFO - [2023-11-28T01:16:40.025+0000] {dag.py:2941} INFO - Sync 1 DAGs
[2023-11-28T01:16:40.052+0000] {logging_mixin.py:154} INFO - [2023-11-28T01:16:40.052+0000] {dag.py:3722} INFO - Setting next_dagrun for example_task_group_decorator to 2023-11-27T01:16:40.051884+00:00, run_after=2023-11-28T01:16:40.051884+00:00
[2023-11-28T01:16:40.075+0000] {processor.py:179} INFO - Processing /usr/local/lib/python3.10/dist-packages/airflow/example_dags/example_task_group_decorator.py took 0.109 seconds
[2023-11-28T01:17:24.476+0000] {processor.py:157} INFO - Started process (PID=6770) to work on /usr/local/lib/python3.10/dist-packages/airflow/example_dags/example_task_group_decorator.py
[2023-11-28T01:17:24.478+0000] {processor.py:829} INFO - Processing file /usr/local/lib/python3.10/dist-packages/airflow/example_dags/example_task_group_decorator.py for tasks to queue
[2023-11-28T01:17:24.479+0000] {logging_mixin.py:154} INFO - [2023-11-28T01:17:24.478+0000] {dagbag.py:536} INFO - Filling up the DagBag from /usr/local/lib/python3.10/dist-packages/airflow/example_dags/example_task_group_decorator.py
[2023-11-28T01:17:24.496+0000] {processor.py:839} INFO - DAG(s) dict_keys(['example_task_group_decorator']) retrieved from /usr/local/lib/python3.10/dist-packages/airflow/example_dags/example_task_group_decorator.py
[2023-11-28T01:17:24.517+0000] {logging_mixin.py:154} INFO - [2023-11-28T01:17:24.517+0000] {dag.py:2941} INFO - Sync 1 DAGs
[2023-11-28T01:17:24.538+0000] {logging_mixin.py:154} INFO - [2023-11-28T01:17:24.537+0000] {dag.py:3722} INFO - Setting next_dagrun for example_task_group_decorator to 2023-11-27T01:17:24.537666+00:00, run_after=2023-11-28T01:17:24.537666+00:00
[2023-11-28T01:17:24.560+0000] {processor.py:179} INFO - Processing /usr/local/lib/python3.10/dist-packages/airflow/example_dags/example_task_group_decorator.py took 0.088 seconds
[2023-11-28T01:18:10.227+0000] {processor.py:157} INFO - Started process (PID=6818) to work on /usr/local/lib/python3.10/dist-packages/airflow/example_dags/example_task_group_decorator.py
[2023-11-28T01:18:10.229+0000] {processor.py:829} INFO - Processing file /usr/local/lib/python3.10/dist-packages/airflow/example_dags/example_task_group_decorator.py for tasks to queue
[2023-11-28T01:18:10.229+0000] {logging_mixin.py:154} INFO - [2023-11-28T01:18:10.229+0000] {dagbag.py:536} INFO - Filling up the DagBag from /usr/local/lib/python3.10/dist-packages/airflow/example_dags/example_task_group_decorator.py
[2023-11-28T01:18:10.247+0000] {processor.py:839} INFO - DAG(s) dict_keys(['example_task_group_decorator']) retrieved from /usr/local/lib/python3.10/dist-packages/airflow/example_dags/example_task_group_decorator.py
[2023-11-28T01:18:10.269+0000] {logging_mixin.py:154} INFO - [2023-11-28T01:18:10.268+0000] {dag.py:2941} INFO - Sync 1 DAGs
[2023-11-28T01:18:10.290+0000] {logging_mixin.py:154} INFO - [2023-11-28T01:18:10.289+0000] {dag.py:3722} INFO - Setting next_dagrun for example_task_group_decorator to 2023-11-27T01:18:10.289588+00:00, run_after=2023-11-28T01:18:10.289588+00:00
[2023-11-28T01:18:10.313+0000] {processor.py:179} INFO - Processing /usr/local/lib/python3.10/dist-packages/airflow/example_dags/example_task_group_decorator.py took 0.089 seconds
[2023-11-28T01:18:53.737+0000] {processor.py:157} INFO - Started process (PID=6862) to work on /usr/local/lib/python3.10/dist-packages/airflow/example_dags/example_task_group_decorator.py
[2023-11-28T01:18:53.738+0000] {processor.py:829} INFO - Processing file /usr/local/lib/python3.10/dist-packages/airflow/example_dags/example_task_group_decorator.py for tasks to queue
[2023-11-28T01:18:53.739+0000] {logging_mixin.py:154} INFO - [2023-11-28T01:18:53.738+0000] {dagbag.py:536} INFO - Filling up the DagBag from /usr/local/lib/python3.10/dist-packages/airflow/example_dags/example_task_group_decorator.py
[2023-11-28T01:18:53.756+0000] {processor.py:839} INFO - DAG(s) dict_keys(['example_task_group_decorator']) retrieved from /usr/local/lib/python3.10/dist-packages/airflow/example_dags/example_task_group_decorator.py
[2023-11-28T01:18:53.777+0000] {logging_mixin.py:154} INFO - [2023-11-28T01:18:53.777+0000] {dag.py:2941} INFO - Sync 1 DAGs
[2023-11-28T01:18:53.797+0000] {logging_mixin.py:154} INFO - [2023-11-28T01:18:53.797+0000] {dag.py:3722} INFO - Setting next_dagrun for example_task_group_decorator to 2023-11-27T01:18:53.797296+00:00, run_after=2023-11-28T01:18:53.797296+00:00
[2023-11-28T01:18:53.819+0000] {processor.py:179} INFO - Processing /usr/local/lib/python3.10/dist-packages/airflow/example_dags/example_task_group_decorator.py took 0.086 seconds
[2023-11-28T01:19:37.376+0000] {processor.py:157} INFO - Started process (PID=7027) to work on /usr/local/lib/python3.10/dist-packages/airflow/example_dags/example_task_group_decorator.py
[2023-11-28T01:19:37.377+0000] {processor.py:829} INFO - Processing file /usr/local/lib/python3.10/dist-packages/airflow/example_dags/example_task_group_decorator.py for tasks to queue
[2023-11-28T01:19:37.378+0000] {logging_mixin.py:154} INFO - [2023-11-28T01:19:37.378+0000] {dagbag.py:536} INFO - Filling up the DagBag from /usr/local/lib/python3.10/dist-packages/airflow/example_dags/example_task_group_decorator.py
[2023-11-28T01:19:37.396+0000] {processor.py:839} INFO - DAG(s) dict_keys(['example_task_group_decorator']) retrieved from /usr/local/lib/python3.10/dist-packages/airflow/example_dags/example_task_group_decorator.py
[2023-11-28T01:19:37.417+0000] {logging_mixin.py:154} INFO - [2023-11-28T01:19:37.417+0000] {dag.py:2941} INFO - Sync 1 DAGs
[2023-11-28T01:19:37.438+0000] {logging_mixin.py:154} INFO - [2023-11-28T01:19:37.438+0000] {dag.py:3722} INFO - Setting next_dagrun for example_task_group_decorator to 2023-11-27T01:19:37.438242+00:00, run_after=2023-11-28T01:19:37.438242+00:00
[2023-11-28T01:19:37.464+0000] {processor.py:179} INFO - Processing /usr/local/lib/python3.10/dist-packages/airflow/example_dags/example_task_group_decorator.py took 0.091 seconds
