[2023-11-28T00:44:57.955+0000] {processor.py:157} INFO - Started process (PID=3450) to work on /usr/local/lib/python3.10/dist-packages/airflow/example_dags/example_external_task_marker_dag.py
[2023-11-28T00:44:57.956+0000] {processor.py:829} INFO - Processing file /usr/local/lib/python3.10/dist-packages/airflow/example_dags/example_external_task_marker_dag.py for tasks to queue
[2023-11-28T00:44:57.957+0000] {logging_mixin.py:154} INFO - [2023-11-28T00:44:57.957+0000] {dagbag.py:536} INFO - Filling up the DagBag from /usr/local/lib/python3.10/dist-packages/airflow/example_dags/example_external_task_marker_dag.py
[2023-11-28T00:44:57.964+0000] {processor.py:839} INFO - DAG(s) dict_keys(['example_external_task_marker_child', 'example_external_task_marker_parent']) retrieved from /usr/local/lib/python3.10/dist-packages/airflow/example_dags/example_external_task_marker_dag.py
[2023-11-28T00:44:58.084+0000] {logging_mixin.py:154} INFO - [2023-11-28T00:44:58.084+0000] {manager.py:499} INFO - Created Permission View: %s
[2023-11-28T00:44:58.098+0000] {logging_mixin.py:154} INFO - [2023-11-28T00:44:58.098+0000] {manager.py:499} INFO - Created Permission View: %s
[2023-11-28T00:44:58.109+0000] {logging_mixin.py:154} INFO - [2023-11-28T00:44:58.109+0000] {manager.py:499} INFO - Created Permission View: %s
[2023-11-28T00:44:58.130+0000] {logging_mixin.py:154} INFO - [2023-11-28T00:44:58.130+0000] {manager.py:499} INFO - Created Permission View: %s
[2023-11-28T00:44:58.141+0000] {logging_mixin.py:154} INFO - [2023-11-28T00:44:58.141+0000] {manager.py:499} INFO - Created Permission View: %s
[2023-11-28T00:44:58.151+0000] {logging_mixin.py:154} INFO - [2023-11-28T00:44:58.150+0000] {manager.py:499} INFO - Created Permission View: %s
[2023-11-28T00:44:58.151+0000] {logging_mixin.py:154} INFO - [2023-11-28T00:44:58.151+0000] {dag.py:2941} INFO - Sync 2 DAGs
[2023-11-28T00:44:58.163+0000] {logging_mixin.py:154} INFO - [2023-11-28T00:44:58.163+0000] {dag.py:2963} INFO - Creating ORM DAG for example_external_task_marker_parent
[2023-11-28T00:44:58.163+0000] {logging_mixin.py:154} INFO - [2023-11-28T00:44:58.163+0000] {dag.py:2963} INFO - Creating ORM DAG for example_external_task_marker_child
[2023-11-28T00:44:58.164+0000] {logging_mixin.py:154} INFO - [2023-11-28T00:44:58.164+0000] {dag.py:3722} INFO - Setting next_dagrun for example_external_task_marker_child to None, run_after=None
[2023-11-28T00:44:58.165+0000] {logging_mixin.py:154} INFO - [2023-11-28T00:44:58.164+0000] {dag.py:3722} INFO - Setting next_dagrun for example_external_task_marker_parent to None, run_after=None
[2023-11-28T00:44:58.190+0000] {processor.py:179} INFO - Processing /usr/local/lib/python3.10/dist-packages/airflow/example_dags/example_external_task_marker_dag.py took 0.238 seconds
[2023-11-28T00:45:46.101+0000] {processor.py:157} INFO - Started process (PID=3572) to work on /usr/local/lib/python3.10/dist-packages/airflow/example_dags/example_external_task_marker_dag.py
[2023-11-28T00:45:46.103+0000] {processor.py:829} INFO - Processing file /usr/local/lib/python3.10/dist-packages/airflow/example_dags/example_external_task_marker_dag.py for tasks to queue
[2023-11-28T00:45:46.104+0000] {logging_mixin.py:154} INFO - [2023-11-28T00:45:46.104+0000] {dagbag.py:536} INFO - Filling up the DagBag from /usr/local/lib/python3.10/dist-packages/airflow/example_dags/example_external_task_marker_dag.py
[2023-11-28T00:45:46.111+0000] {processor.py:839} INFO - DAG(s) dict_keys(['example_external_task_marker_parent', 'example_external_task_marker_child']) retrieved from /usr/local/lib/python3.10/dist-packages/airflow/example_dags/example_external_task_marker_dag.py
[2023-11-28T00:45:46.133+0000] {logging_mixin.py:154} INFO - [2023-11-28T00:45:46.133+0000] {dag.py:2941} INFO - Sync 2 DAGs
[2023-11-28T00:45:46.146+0000] {logging_mixin.py:154} INFO - [2023-11-28T00:45:46.146+0000] {dag.py:3722} INFO - Setting next_dagrun for example_external_task_marker_child to None, run_after=None
[2023-11-28T00:45:46.150+0000] {logging_mixin.py:154} INFO - [2023-11-28T00:45:46.150+0000] {dag.py:3722} INFO - Setting next_dagrun for example_external_task_marker_parent to None, run_after=None
[2023-11-28T00:45:46.171+0000] {processor.py:179} INFO - Processing /usr/local/lib/python3.10/dist-packages/airflow/example_dags/example_external_task_marker_dag.py took 0.073 seconds
[2023-11-28T00:46:28.963+0000] {processor.py:157} INFO - Started process (PID=3618) to work on /usr/local/lib/python3.10/dist-packages/airflow/example_dags/example_external_task_marker_dag.py
[2023-11-28T00:46:28.964+0000] {processor.py:829} INFO - Processing file /usr/local/lib/python3.10/dist-packages/airflow/example_dags/example_external_task_marker_dag.py for tasks to queue
[2023-11-28T00:46:28.965+0000] {logging_mixin.py:154} INFO - [2023-11-28T00:46:28.965+0000] {dagbag.py:536} INFO - Filling up the DagBag from /usr/local/lib/python3.10/dist-packages/airflow/example_dags/example_external_task_marker_dag.py
[2023-11-28T00:46:28.972+0000] {processor.py:839} INFO - DAG(s) dict_keys(['example_external_task_marker_parent', 'example_external_task_marker_child']) retrieved from /usr/local/lib/python3.10/dist-packages/airflow/example_dags/example_external_task_marker_dag.py
[2023-11-28T00:46:28.994+0000] {logging_mixin.py:154} INFO - [2023-11-28T00:46:28.993+0000] {dag.py:2941} INFO - Sync 2 DAGs
[2023-11-28T00:46:29.007+0000] {logging_mixin.py:154} INFO - [2023-11-28T00:46:29.007+0000] {dag.py:3722} INFO - Setting next_dagrun for example_external_task_marker_child to None, run_after=None
[2023-11-28T00:46:29.011+0000] {logging_mixin.py:154} INFO - [2023-11-28T00:46:29.011+0000] {dag.py:3722} INFO - Setting next_dagrun for example_external_task_marker_parent to None, run_after=None
[2023-11-28T00:46:29.031+0000] {processor.py:179} INFO - Processing /usr/local/lib/python3.10/dist-packages/airflow/example_dags/example_external_task_marker_dag.py took 0.072 seconds
[2023-11-28T00:47:14.497+0000] {processor.py:157} INFO - Started process (PID=3667) to work on /usr/local/lib/python3.10/dist-packages/airflow/example_dags/example_external_task_marker_dag.py
[2023-11-28T00:47:14.498+0000] {processor.py:829} INFO - Processing file /usr/local/lib/python3.10/dist-packages/airflow/example_dags/example_external_task_marker_dag.py for tasks to queue
[2023-11-28T00:47:14.499+0000] {logging_mixin.py:154} INFO - [2023-11-28T00:47:14.499+0000] {dagbag.py:536} INFO - Filling up the DagBag from /usr/local/lib/python3.10/dist-packages/airflow/example_dags/example_external_task_marker_dag.py
[2023-11-28T00:47:14.506+0000] {processor.py:839} INFO - DAG(s) dict_keys(['example_external_task_marker_parent', 'example_external_task_marker_child']) retrieved from /usr/local/lib/python3.10/dist-packages/airflow/example_dags/example_external_task_marker_dag.py
[2023-11-28T00:47:14.527+0000] {logging_mixin.py:154} INFO - [2023-11-28T00:47:14.527+0000] {dag.py:2941} INFO - Sync 2 DAGs
[2023-11-28T00:47:14.539+0000] {logging_mixin.py:154} INFO - [2023-11-28T00:47:14.539+0000] {dag.py:3722} INFO - Setting next_dagrun for example_external_task_marker_child to None, run_after=None
[2023-11-28T00:47:14.542+0000] {logging_mixin.py:154} INFO - [2023-11-28T00:47:14.542+0000] {dag.py:3722} INFO - Setting next_dagrun for example_external_task_marker_parent to None, run_after=None
[2023-11-28T00:47:14.562+0000] {processor.py:179} INFO - Processing /usr/local/lib/python3.10/dist-packages/airflow/example_dags/example_external_task_marker_dag.py took 0.069 seconds
[2023-11-28T00:47:58.209+0000] {processor.py:157} INFO - Started process (PID=3715) to work on /usr/local/lib/python3.10/dist-packages/airflow/example_dags/example_external_task_marker_dag.py
[2023-11-28T00:47:58.211+0000] {processor.py:829} INFO - Processing file /usr/local/lib/python3.10/dist-packages/airflow/example_dags/example_external_task_marker_dag.py for tasks to queue
[2023-11-28T00:47:58.212+0000] {logging_mixin.py:154} INFO - [2023-11-28T00:47:58.211+0000] {dagbag.py:536} INFO - Filling up the DagBag from /usr/local/lib/python3.10/dist-packages/airflow/example_dags/example_external_task_marker_dag.py
[2023-11-28T00:47:58.219+0000] {processor.py:839} INFO - DAG(s) dict_keys(['example_external_task_marker_child', 'example_external_task_marker_parent']) retrieved from /usr/local/lib/python3.10/dist-packages/airflow/example_dags/example_external_task_marker_dag.py
[2023-11-28T00:47:58.240+0000] {logging_mixin.py:154} INFO - [2023-11-28T00:47:58.239+0000] {dag.py:2941} INFO - Sync 2 DAGs
[2023-11-28T00:47:58.252+0000] {logging_mixin.py:154} INFO - [2023-11-28T00:47:58.252+0000] {dag.py:3722} INFO - Setting next_dagrun for example_external_task_marker_child to None, run_after=None
[2023-11-28T00:47:58.256+0000] {logging_mixin.py:154} INFO - [2023-11-28T00:47:58.256+0000] {dag.py:3722} INFO - Setting next_dagrun for example_external_task_marker_parent to None, run_after=None
[2023-11-28T00:47:58.278+0000] {processor.py:179} INFO - Processing /usr/local/lib/python3.10/dist-packages/airflow/example_dags/example_external_task_marker_dag.py took 0.072 seconds
[2023-11-28T00:48:46.002+0000] {processor.py:157} INFO - Started process (PID=3764) to work on /usr/local/lib/python3.10/dist-packages/airflow/example_dags/example_external_task_marker_dag.py
[2023-11-28T00:48:46.004+0000] {processor.py:829} INFO - Processing file /usr/local/lib/python3.10/dist-packages/airflow/example_dags/example_external_task_marker_dag.py for tasks to queue
[2023-11-28T00:48:46.005+0000] {logging_mixin.py:154} INFO - [2023-11-28T00:48:46.004+0000] {dagbag.py:536} INFO - Filling up the DagBag from /usr/local/lib/python3.10/dist-packages/airflow/example_dags/example_external_task_marker_dag.py
[2023-11-28T00:48:46.012+0000] {processor.py:839} INFO - DAG(s) dict_keys(['example_external_task_marker_child', 'example_external_task_marker_parent']) retrieved from /usr/local/lib/python3.10/dist-packages/airflow/example_dags/example_external_task_marker_dag.py
[2023-11-28T00:48:46.032+0000] {logging_mixin.py:154} INFO - [2023-11-28T00:48:46.032+0000] {dag.py:2941} INFO - Sync 2 DAGs
[2023-11-28T00:48:46.045+0000] {logging_mixin.py:154} INFO - [2023-11-28T00:48:46.045+0000] {dag.py:3722} INFO - Setting next_dagrun for example_external_task_marker_child to None, run_after=None
[2023-11-28T00:48:46.048+0000] {logging_mixin.py:154} INFO - [2023-11-28T00:48:46.048+0000] {dag.py:3722} INFO - Setting next_dagrun for example_external_task_marker_parent to None, run_after=None
[2023-11-28T00:48:46.068+0000] {processor.py:179} INFO - Processing /usr/local/lib/python3.10/dist-packages/airflow/example_dags/example_external_task_marker_dag.py took 0.069 seconds
[2023-11-28T00:49:29.918+0000] {processor.py:157} INFO - Started process (PID=3810) to work on /usr/local/lib/python3.10/dist-packages/airflow/example_dags/example_external_task_marker_dag.py
[2023-11-28T00:49:29.919+0000] {processor.py:829} INFO - Processing file /usr/local/lib/python3.10/dist-packages/airflow/example_dags/example_external_task_marker_dag.py for tasks to queue
[2023-11-28T00:49:29.920+0000] {logging_mixin.py:154} INFO - [2023-11-28T00:49:29.920+0000] {dagbag.py:536} INFO - Filling up the DagBag from /usr/local/lib/python3.10/dist-packages/airflow/example_dags/example_external_task_marker_dag.py
[2023-11-28T00:49:29.927+0000] {processor.py:839} INFO - DAG(s) dict_keys(['example_external_task_marker_parent', 'example_external_task_marker_child']) retrieved from /usr/local/lib/python3.10/dist-packages/airflow/example_dags/example_external_task_marker_dag.py
[2023-11-28T00:49:29.947+0000] {logging_mixin.py:154} INFO - [2023-11-28T00:49:29.947+0000] {dag.py:2941} INFO - Sync 2 DAGs
[2023-11-28T00:49:29.959+0000] {logging_mixin.py:154} INFO - [2023-11-28T00:49:29.959+0000] {dag.py:3722} INFO - Setting next_dagrun for example_external_task_marker_child to None, run_after=None
[2023-11-28T00:49:29.962+0000] {logging_mixin.py:154} INFO - [2023-11-28T00:49:29.962+0000] {dag.py:3722} INFO - Setting next_dagrun for example_external_task_marker_parent to None, run_after=None
[2023-11-28T00:49:29.982+0000] {processor.py:179} INFO - Processing /usr/local/lib/python3.10/dist-packages/airflow/example_dags/example_external_task_marker_dag.py took 0.067 seconds
[2023-11-28T00:50:16.259+0000] {processor.py:157} INFO - Started process (PID=3858) to work on /usr/local/lib/python3.10/dist-packages/airflow/example_dags/example_external_task_marker_dag.py
[2023-11-28T00:50:16.260+0000] {processor.py:829} INFO - Processing file /usr/local/lib/python3.10/dist-packages/airflow/example_dags/example_external_task_marker_dag.py for tasks to queue
[2023-11-28T00:50:16.261+0000] {logging_mixin.py:154} INFO - [2023-11-28T00:50:16.260+0000] {dagbag.py:536} INFO - Filling up the DagBag from /usr/local/lib/python3.10/dist-packages/airflow/example_dags/example_external_task_marker_dag.py
[2023-11-28T00:50:16.268+0000] {processor.py:839} INFO - DAG(s) dict_keys(['example_external_task_marker_parent', 'example_external_task_marker_child']) retrieved from /usr/local/lib/python3.10/dist-packages/airflow/example_dags/example_external_task_marker_dag.py
[2023-11-28T00:50:16.291+0000] {logging_mixin.py:154} INFO - [2023-11-28T00:50:16.290+0000] {dag.py:2941} INFO - Sync 2 DAGs
[2023-11-28T00:50:16.303+0000] {logging_mixin.py:154} INFO - [2023-11-28T00:50:16.303+0000] {dag.py:3722} INFO - Setting next_dagrun for example_external_task_marker_child to None, run_after=None
[2023-11-28T00:50:16.307+0000] {logging_mixin.py:154} INFO - [2023-11-28T00:50:16.307+0000] {dag.py:3722} INFO - Setting next_dagrun for example_external_task_marker_parent to None, run_after=None
[2023-11-28T00:50:16.328+0000] {processor.py:179} INFO - Processing /usr/local/lib/python3.10/dist-packages/airflow/example_dags/example_external_task_marker_dag.py took 0.073 seconds
[2023-11-28T00:51:04.237+0000] {processor.py:157} INFO - Started process (PID=3907) to work on /usr/local/lib/python3.10/dist-packages/airflow/example_dags/example_external_task_marker_dag.py
[2023-11-28T00:51:04.238+0000] {processor.py:829} INFO - Processing file /usr/local/lib/python3.10/dist-packages/airflow/example_dags/example_external_task_marker_dag.py for tasks to queue
[2023-11-28T00:51:04.239+0000] {logging_mixin.py:154} INFO - [2023-11-28T00:51:04.239+0000] {dagbag.py:536} INFO - Filling up the DagBag from /usr/local/lib/python3.10/dist-packages/airflow/example_dags/example_external_task_marker_dag.py
[2023-11-28T00:51:04.246+0000] {processor.py:839} INFO - DAG(s) dict_keys(['example_external_task_marker_parent', 'example_external_task_marker_child']) retrieved from /usr/local/lib/python3.10/dist-packages/airflow/example_dags/example_external_task_marker_dag.py
[2023-11-28T00:51:04.268+0000] {logging_mixin.py:154} INFO - [2023-11-28T00:51:04.268+0000] {dag.py:2941} INFO - Sync 2 DAGs
[2023-11-28T00:51:04.281+0000] {logging_mixin.py:154} INFO - [2023-11-28T00:51:04.281+0000] {dag.py:3722} INFO - Setting next_dagrun for example_external_task_marker_child to None, run_after=None
[2023-11-28T00:51:04.285+0000] {logging_mixin.py:154} INFO - [2023-11-28T00:51:04.285+0000] {dag.py:3722} INFO - Setting next_dagrun for example_external_task_marker_parent to None, run_after=None
[2023-11-28T00:51:04.306+0000] {processor.py:179} INFO - Processing /usr/local/lib/python3.10/dist-packages/airflow/example_dags/example_external_task_marker_dag.py took 0.072 seconds
[2023-11-28T00:51:50.911+0000] {processor.py:157} INFO - Started process (PID=3954) to work on /usr/local/lib/python3.10/dist-packages/airflow/example_dags/example_external_task_marker_dag.py
[2023-11-28T00:51:50.912+0000] {processor.py:829} INFO - Processing file /usr/local/lib/python3.10/dist-packages/airflow/example_dags/example_external_task_marker_dag.py for tasks to queue
[2023-11-28T00:51:50.913+0000] {logging_mixin.py:154} INFO - [2023-11-28T00:51:50.913+0000] {dagbag.py:536} INFO - Filling up the DagBag from /usr/local/lib/python3.10/dist-packages/airflow/example_dags/example_external_task_marker_dag.py
[2023-11-28T00:51:50.920+0000] {processor.py:839} INFO - DAG(s) dict_keys(['example_external_task_marker_parent', 'example_external_task_marker_child']) retrieved from /usr/local/lib/python3.10/dist-packages/airflow/example_dags/example_external_task_marker_dag.py
[2023-11-28T00:51:50.940+0000] {logging_mixin.py:154} INFO - [2023-11-28T00:51:50.939+0000] {dag.py:2941} INFO - Sync 2 DAGs
[2023-11-28T00:51:50.951+0000] {logging_mixin.py:154} INFO - [2023-11-28T00:51:50.951+0000] {dag.py:3722} INFO - Setting next_dagrun for example_external_task_marker_child to None, run_after=None
[2023-11-28T00:51:50.955+0000] {logging_mixin.py:154} INFO - [2023-11-28T00:51:50.954+0000] {dag.py:3722} INFO - Setting next_dagrun for example_external_task_marker_parent to None, run_after=None
[2023-11-28T00:51:50.974+0000] {processor.py:179} INFO - Processing /usr/local/lib/python3.10/dist-packages/airflow/example_dags/example_external_task_marker_dag.py took 0.067 seconds
[2023-11-28T00:52:35.547+0000] {processor.py:157} INFO - Started process (PID=4346) to work on /usr/local/lib/python3.10/dist-packages/airflow/example_dags/example_external_task_marker_dag.py
[2023-11-28T00:52:35.548+0000] {processor.py:829} INFO - Processing file /usr/local/lib/python3.10/dist-packages/airflow/example_dags/example_external_task_marker_dag.py for tasks to queue
[2023-11-28T00:52:35.549+0000] {logging_mixin.py:154} INFO - [2023-11-28T00:52:35.548+0000] {dagbag.py:536} INFO - Filling up the DagBag from /usr/local/lib/python3.10/dist-packages/airflow/example_dags/example_external_task_marker_dag.py
[2023-11-28T00:52:35.555+0000] {processor.py:839} INFO - DAG(s) dict_keys(['example_external_task_marker_parent', 'example_external_task_marker_child']) retrieved from /usr/local/lib/python3.10/dist-packages/airflow/example_dags/example_external_task_marker_dag.py
[2023-11-28T00:52:35.575+0000] {logging_mixin.py:154} INFO - [2023-11-28T00:52:35.575+0000] {dag.py:2941} INFO - Sync 2 DAGs
[2023-11-28T00:52:35.587+0000] {logging_mixin.py:154} INFO - [2023-11-28T00:52:35.587+0000] {dag.py:3722} INFO - Setting next_dagrun for example_external_task_marker_child to None, run_after=None
[2023-11-28T00:52:35.591+0000] {logging_mixin.py:154} INFO - [2023-11-28T00:52:35.591+0000] {dag.py:3722} INFO - Setting next_dagrun for example_external_task_marker_parent to None, run_after=None
[2023-11-28T00:52:35.611+0000] {processor.py:179} INFO - Processing /usr/local/lib/python3.10/dist-packages/airflow/example_dags/example_external_task_marker_dag.py took 0.068 seconds
[2023-11-28T00:53:22.965+0000] {processor.py:157} INFO - Started process (PID=4500) to work on /usr/local/lib/python3.10/dist-packages/airflow/example_dags/example_external_task_marker_dag.py
[2023-11-28T00:53:22.966+0000] {processor.py:829} INFO - Processing file /usr/local/lib/python3.10/dist-packages/airflow/example_dags/example_external_task_marker_dag.py for tasks to queue
[2023-11-28T00:53:22.967+0000] {logging_mixin.py:154} INFO - [2023-11-28T00:53:22.967+0000] {dagbag.py:536} INFO - Filling up the DagBag from /usr/local/lib/python3.10/dist-packages/airflow/example_dags/example_external_task_marker_dag.py
[2023-11-28T00:53:22.974+0000] {processor.py:839} INFO - DAG(s) dict_keys(['example_external_task_marker_parent', 'example_external_task_marker_child']) retrieved from /usr/local/lib/python3.10/dist-packages/airflow/example_dags/example_external_task_marker_dag.py
[2023-11-28T00:53:22.994+0000] {logging_mixin.py:154} INFO - [2023-11-28T00:53:22.994+0000] {dag.py:2941} INFO - Sync 2 DAGs
[2023-11-28T00:53:23.007+0000] {logging_mixin.py:154} INFO - [2023-11-28T00:53:23.007+0000] {dag.py:3722} INFO - Setting next_dagrun for example_external_task_marker_child to None, run_after=None
[2023-11-28T00:53:23.011+0000] {logging_mixin.py:154} INFO - [2023-11-28T00:53:23.010+0000] {dag.py:3722} INFO - Setting next_dagrun for example_external_task_marker_parent to None, run_after=None
[2023-11-28T00:53:23.031+0000] {processor.py:179} INFO - Processing /usr/local/lib/python3.10/dist-packages/airflow/example_dags/example_external_task_marker_dag.py took 0.070 seconds
[2023-11-28T00:54:09.512+0000] {processor.py:157} INFO - Started process (PID=4860) to work on /usr/local/lib/python3.10/dist-packages/airflow/example_dags/example_external_task_marker_dag.py
[2023-11-28T00:54:09.513+0000] {processor.py:829} INFO - Processing file /usr/local/lib/python3.10/dist-packages/airflow/example_dags/example_external_task_marker_dag.py for tasks to queue
[2023-11-28T00:54:09.514+0000] {logging_mixin.py:154} INFO - [2023-11-28T00:54:09.514+0000] {dagbag.py:536} INFO - Filling up the DagBag from /usr/local/lib/python3.10/dist-packages/airflow/example_dags/example_external_task_marker_dag.py
[2023-11-28T00:54:09.521+0000] {processor.py:839} INFO - DAG(s) dict_keys(['example_external_task_marker_child', 'example_external_task_marker_parent']) retrieved from /usr/local/lib/python3.10/dist-packages/airflow/example_dags/example_external_task_marker_dag.py
[2023-11-28T00:54:09.542+0000] {logging_mixin.py:154} INFO - [2023-11-28T00:54:09.542+0000] {dag.py:2941} INFO - Sync 2 DAGs
[2023-11-28T00:54:09.555+0000] {logging_mixin.py:154} INFO - [2023-11-28T00:54:09.554+0000] {dag.py:3722} INFO - Setting next_dagrun for example_external_task_marker_child to None, run_after=None
[2023-11-28T00:54:09.558+0000] {logging_mixin.py:154} INFO - [2023-11-28T00:54:09.558+0000] {dag.py:3722} INFO - Setting next_dagrun for example_external_task_marker_parent to None, run_after=None
[2023-11-28T00:54:09.579+0000] {processor.py:179} INFO - Processing /usr/local/lib/python3.10/dist-packages/airflow/example_dags/example_external_task_marker_dag.py took 0.070 seconds
[2023-11-28T00:55:06.114+0000] {processor.py:157} INFO - Started process (PID=4935) to work on /usr/local/lib/python3.10/dist-packages/airflow/example_dags/example_external_task_marker_dag.py
[2023-11-28T00:55:06.116+0000] {processor.py:829} INFO - Processing file /usr/local/lib/python3.10/dist-packages/airflow/example_dags/example_external_task_marker_dag.py for tasks to queue
[2023-11-28T00:55:06.117+0000] {logging_mixin.py:154} INFO - [2023-11-28T00:55:06.116+0000] {dagbag.py:536} INFO - Filling up the DagBag from /usr/local/lib/python3.10/dist-packages/airflow/example_dags/example_external_task_marker_dag.py
[2023-11-28T00:55:06.124+0000] {processor.py:839} INFO - DAG(s) dict_keys(['example_external_task_marker_child', 'example_external_task_marker_parent']) retrieved from /usr/local/lib/python3.10/dist-packages/airflow/example_dags/example_external_task_marker_dag.py
[2023-11-28T00:55:06.145+0000] {logging_mixin.py:154} INFO - [2023-11-28T00:55:06.145+0000] {dag.py:2941} INFO - Sync 2 DAGs
[2023-11-28T00:55:06.158+0000] {logging_mixin.py:154} INFO - [2023-11-28T00:55:06.158+0000] {dag.py:3722} INFO - Setting next_dagrun for example_external_task_marker_child to None, run_after=None
[2023-11-28T00:55:06.162+0000] {logging_mixin.py:154} INFO - [2023-11-28T00:55:06.162+0000] {dag.py:3722} INFO - Setting next_dagrun for example_external_task_marker_parent to None, run_after=None
[2023-11-28T00:55:06.183+0000] {processor.py:179} INFO - Processing /usr/local/lib/python3.10/dist-packages/airflow/example_dags/example_external_task_marker_dag.py took 0.073 seconds
[2023-11-28T00:55:53.070+0000] {processor.py:157} INFO - Started process (PID=5102) to work on /usr/local/lib/python3.10/dist-packages/airflow/example_dags/example_external_task_marker_dag.py
[2023-11-28T00:55:53.071+0000] {processor.py:829} INFO - Processing file /usr/local/lib/python3.10/dist-packages/airflow/example_dags/example_external_task_marker_dag.py for tasks to queue
[2023-11-28T00:55:53.072+0000] {logging_mixin.py:154} INFO - [2023-11-28T00:55:53.072+0000] {dagbag.py:536} INFO - Filling up the DagBag from /usr/local/lib/python3.10/dist-packages/airflow/example_dags/example_external_task_marker_dag.py
[2023-11-28T00:55:53.079+0000] {processor.py:839} INFO - DAG(s) dict_keys(['example_external_task_marker_child', 'example_external_task_marker_parent']) retrieved from /usr/local/lib/python3.10/dist-packages/airflow/example_dags/example_external_task_marker_dag.py
[2023-11-28T00:55:53.100+0000] {logging_mixin.py:154} INFO - [2023-11-28T00:55:53.099+0000] {dag.py:2941} INFO - Sync 2 DAGs
[2023-11-28T00:55:53.112+0000] {logging_mixin.py:154} INFO - [2023-11-28T00:55:53.112+0000] {dag.py:3722} INFO - Setting next_dagrun for example_external_task_marker_child to None, run_after=None
[2023-11-28T00:55:53.116+0000] {logging_mixin.py:154} INFO - [2023-11-28T00:55:53.116+0000] {dag.py:3722} INFO - Setting next_dagrun for example_external_task_marker_parent to None, run_after=None
[2023-11-28T00:55:53.137+0000] {processor.py:179} INFO - Processing /usr/local/lib/python3.10/dist-packages/airflow/example_dags/example_external_task_marker_dag.py took 0.071 seconds
[2023-11-28T00:56:38.819+0000] {processor.py:157} INFO - Started process (PID=5349) to work on /usr/local/lib/python3.10/dist-packages/airflow/example_dags/example_external_task_marker_dag.py
[2023-11-28T00:56:38.820+0000] {processor.py:829} INFO - Processing file /usr/local/lib/python3.10/dist-packages/airflow/example_dags/example_external_task_marker_dag.py for tasks to queue
[2023-11-28T00:56:38.821+0000] {logging_mixin.py:154} INFO - [2023-11-28T00:56:38.821+0000] {dagbag.py:536} INFO - Filling up the DagBag from /usr/local/lib/python3.10/dist-packages/airflow/example_dags/example_external_task_marker_dag.py
[2023-11-28T00:56:38.828+0000] {processor.py:839} INFO - DAG(s) dict_keys(['example_external_task_marker_parent', 'example_external_task_marker_child']) retrieved from /usr/local/lib/python3.10/dist-packages/airflow/example_dags/example_external_task_marker_dag.py
[2023-11-28T00:56:38.849+0000] {logging_mixin.py:154} INFO - [2023-11-28T00:56:38.848+0000] {dag.py:2941} INFO - Sync 2 DAGs
[2023-11-28T00:56:38.861+0000] {logging_mixin.py:154} INFO - [2023-11-28T00:56:38.861+0000] {dag.py:3722} INFO - Setting next_dagrun for example_external_task_marker_child to None, run_after=None
[2023-11-28T00:56:38.864+0000] {logging_mixin.py:154} INFO - [2023-11-28T00:56:38.864+0000] {dag.py:3722} INFO - Setting next_dagrun for example_external_task_marker_parent to None, run_after=None
[2023-11-28T00:56:38.885+0000] {processor.py:179} INFO - Processing /usr/local/lib/python3.10/dist-packages/airflow/example_dags/example_external_task_marker_dag.py took 0.069 seconds
[2023-11-28T00:57:27.451+0000] {processor.py:157} INFO - Started process (PID=5401) to work on /usr/local/lib/python3.10/dist-packages/airflow/example_dags/example_external_task_marker_dag.py
[2023-11-28T00:57:27.452+0000] {processor.py:829} INFO - Processing file /usr/local/lib/python3.10/dist-packages/airflow/example_dags/example_external_task_marker_dag.py for tasks to queue
[2023-11-28T00:57:27.453+0000] {logging_mixin.py:154} INFO - [2023-11-28T00:57:27.453+0000] {dagbag.py:536} INFO - Filling up the DagBag from /usr/local/lib/python3.10/dist-packages/airflow/example_dags/example_external_task_marker_dag.py
[2023-11-28T00:57:27.460+0000] {processor.py:839} INFO - DAG(s) dict_keys(['example_external_task_marker_parent', 'example_external_task_marker_child']) retrieved from /usr/local/lib/python3.10/dist-packages/airflow/example_dags/example_external_task_marker_dag.py
[2023-11-28T00:57:27.482+0000] {logging_mixin.py:154} INFO - [2023-11-28T00:57:27.482+0000] {dag.py:2941} INFO - Sync 2 DAGs
[2023-11-28T00:57:27.495+0000] {logging_mixin.py:154} INFO - [2023-11-28T00:57:27.495+0000] {dag.py:3722} INFO - Setting next_dagrun for example_external_task_marker_child to None, run_after=None
[2023-11-28T00:57:27.498+0000] {logging_mixin.py:154} INFO - [2023-11-28T00:57:27.498+0000] {dag.py:3722} INFO - Setting next_dagrun for example_external_task_marker_parent to None, run_after=None
[2023-11-28T00:57:27.519+0000] {processor.py:179} INFO - Processing /usr/local/lib/python3.10/dist-packages/airflow/example_dags/example_external_task_marker_dag.py took 0.071 seconds
[2023-11-28T00:58:14.001+0000] {processor.py:157} INFO - Started process (PID=5448) to work on /usr/local/lib/python3.10/dist-packages/airflow/example_dags/example_external_task_marker_dag.py
[2023-11-28T00:58:14.002+0000] {processor.py:829} INFO - Processing file /usr/local/lib/python3.10/dist-packages/airflow/example_dags/example_external_task_marker_dag.py for tasks to queue
[2023-11-28T00:58:14.003+0000] {logging_mixin.py:154} INFO - [2023-11-28T00:58:14.003+0000] {dagbag.py:536} INFO - Filling up the DagBag from /usr/local/lib/python3.10/dist-packages/airflow/example_dags/example_external_task_marker_dag.py
[2023-11-28T00:58:14.011+0000] {processor.py:839} INFO - DAG(s) dict_keys(['example_external_task_marker_parent', 'example_external_task_marker_child']) retrieved from /usr/local/lib/python3.10/dist-packages/airflow/example_dags/example_external_task_marker_dag.py
[2023-11-28T00:58:14.031+0000] {logging_mixin.py:154} INFO - [2023-11-28T00:58:14.031+0000] {dag.py:2941} INFO - Sync 2 DAGs
[2023-11-28T00:58:14.043+0000] {logging_mixin.py:154} INFO - [2023-11-28T00:58:14.043+0000] {dag.py:3722} INFO - Setting next_dagrun for example_external_task_marker_child to None, run_after=None
[2023-11-28T00:58:14.046+0000] {logging_mixin.py:154} INFO - [2023-11-28T00:58:14.046+0000] {dag.py:3722} INFO - Setting next_dagrun for example_external_task_marker_parent to None, run_after=None
[2023-11-28T00:58:14.066+0000] {processor.py:179} INFO - Processing /usr/local/lib/python3.10/dist-packages/airflow/example_dags/example_external_task_marker_dag.py took 0.070 seconds
[2023-11-28T00:58:59.829+0000] {processor.py:157} INFO - Started process (PID=5495) to work on /usr/local/lib/python3.10/dist-packages/airflow/example_dags/example_external_task_marker_dag.py
[2023-11-28T00:58:59.830+0000] {processor.py:829} INFO - Processing file /usr/local/lib/python3.10/dist-packages/airflow/example_dags/example_external_task_marker_dag.py for tasks to queue
[2023-11-28T00:58:59.831+0000] {logging_mixin.py:154} INFO - [2023-11-28T00:58:59.831+0000] {dagbag.py:536} INFO - Filling up the DagBag from /usr/local/lib/python3.10/dist-packages/airflow/example_dags/example_external_task_marker_dag.py
[2023-11-28T00:58:59.838+0000] {processor.py:839} INFO - DAG(s) dict_keys(['example_external_task_marker_parent', 'example_external_task_marker_child']) retrieved from /usr/local/lib/python3.10/dist-packages/airflow/example_dags/example_external_task_marker_dag.py
[2023-11-28T00:58:59.858+0000] {logging_mixin.py:154} INFO - [2023-11-28T00:58:59.858+0000] {dag.py:2941} INFO - Sync 2 DAGs
[2023-11-28T00:58:59.870+0000] {logging_mixin.py:154} INFO - [2023-11-28T00:58:59.870+0000] {dag.py:3722} INFO - Setting next_dagrun for example_external_task_marker_child to None, run_after=None
[2023-11-28T00:58:59.873+0000] {logging_mixin.py:154} INFO - [2023-11-28T00:58:59.873+0000] {dag.py:3722} INFO - Setting next_dagrun for example_external_task_marker_parent to None, run_after=None
[2023-11-28T00:58:59.896+0000] {processor.py:179} INFO - Processing /usr/local/lib/python3.10/dist-packages/airflow/example_dags/example_external_task_marker_dag.py took 0.070 seconds
[2023-11-28T00:59:45.745+0000] {processor.py:157} INFO - Started process (PID=5543) to work on /usr/local/lib/python3.10/dist-packages/airflow/example_dags/example_external_task_marker_dag.py
[2023-11-28T00:59:45.746+0000] {processor.py:829} INFO - Processing file /usr/local/lib/python3.10/dist-packages/airflow/example_dags/example_external_task_marker_dag.py for tasks to queue
[2023-11-28T00:59:45.747+0000] {logging_mixin.py:154} INFO - [2023-11-28T00:59:45.746+0000] {dagbag.py:536} INFO - Filling up the DagBag from /usr/local/lib/python3.10/dist-packages/airflow/example_dags/example_external_task_marker_dag.py
[2023-11-28T00:59:45.754+0000] {processor.py:839} INFO - DAG(s) dict_keys(['example_external_task_marker_parent', 'example_external_task_marker_child']) retrieved from /usr/local/lib/python3.10/dist-packages/airflow/example_dags/example_external_task_marker_dag.py
[2023-11-28T00:59:45.775+0000] {logging_mixin.py:154} INFO - [2023-11-28T00:59:45.774+0000] {dag.py:2941} INFO - Sync 2 DAGs
[2023-11-28T00:59:45.787+0000] {logging_mixin.py:154} INFO - [2023-11-28T00:59:45.787+0000] {dag.py:3722} INFO - Setting next_dagrun for example_external_task_marker_child to None, run_after=None
[2023-11-28T00:59:45.792+0000] {logging_mixin.py:154} INFO - [2023-11-28T00:59:45.791+0000] {dag.py:3722} INFO - Setting next_dagrun for example_external_task_marker_parent to None, run_after=None
[2023-11-28T00:59:45.812+0000] {processor.py:179} INFO - Processing /usr/local/lib/python3.10/dist-packages/airflow/example_dags/example_external_task_marker_dag.py took 0.071 seconds
[2023-11-28T01:00:38.489+0000] {processor.py:157} INFO - Started process (PID=5597) to work on /usr/local/lib/python3.10/dist-packages/airflow/example_dags/example_external_task_marker_dag.py
[2023-11-28T01:00:38.491+0000] {processor.py:829} INFO - Processing file /usr/local/lib/python3.10/dist-packages/airflow/example_dags/example_external_task_marker_dag.py for tasks to queue
[2023-11-28T01:00:38.492+0000] {logging_mixin.py:154} INFO - [2023-11-28T01:00:38.491+0000] {dagbag.py:536} INFO - Filling up the DagBag from /usr/local/lib/python3.10/dist-packages/airflow/example_dags/example_external_task_marker_dag.py
[2023-11-28T01:00:38.498+0000] {processor.py:839} INFO - DAG(s) dict_keys(['example_external_task_marker_child', 'example_external_task_marker_parent']) retrieved from /usr/local/lib/python3.10/dist-packages/airflow/example_dags/example_external_task_marker_dag.py
[2023-11-28T01:00:38.519+0000] {logging_mixin.py:154} INFO - [2023-11-28T01:00:38.519+0000] {dag.py:2941} INFO - Sync 2 DAGs
[2023-11-28T01:00:38.531+0000] {logging_mixin.py:154} INFO - [2023-11-28T01:00:38.531+0000] {dag.py:3722} INFO - Setting next_dagrun for example_external_task_marker_child to None, run_after=None
[2023-11-28T01:00:38.535+0000] {logging_mixin.py:154} INFO - [2023-11-28T01:00:38.535+0000] {dag.py:3722} INFO - Setting next_dagrun for example_external_task_marker_parent to None, run_after=None
[2023-11-28T01:00:38.556+0000] {processor.py:179} INFO - Processing /usr/local/lib/python3.10/dist-packages/airflow/example_dags/example_external_task_marker_dag.py took 0.070 seconds
[2023-11-28T01:01:23.807+0000] {processor.py:157} INFO - Started process (PID=5645) to work on /usr/local/lib/python3.10/dist-packages/airflow/example_dags/example_external_task_marker_dag.py
[2023-11-28T01:01:23.808+0000] {processor.py:829} INFO - Processing file /usr/local/lib/python3.10/dist-packages/airflow/example_dags/example_external_task_marker_dag.py for tasks to queue
[2023-11-28T01:01:23.809+0000] {logging_mixin.py:154} INFO - [2023-11-28T01:01:23.808+0000] {dagbag.py:536} INFO - Filling up the DagBag from /usr/local/lib/python3.10/dist-packages/airflow/example_dags/example_external_task_marker_dag.py
[2023-11-28T01:01:23.815+0000] {processor.py:839} INFO - DAG(s) dict_keys(['example_external_task_marker_child', 'example_external_task_marker_parent']) retrieved from /usr/local/lib/python3.10/dist-packages/airflow/example_dags/example_external_task_marker_dag.py
[2023-11-28T01:01:23.835+0000] {logging_mixin.py:154} INFO - [2023-11-28T01:01:23.835+0000] {dag.py:2941} INFO - Sync 2 DAGs
[2023-11-28T01:01:23.848+0000] {logging_mixin.py:154} INFO - [2023-11-28T01:01:23.848+0000] {dag.py:3722} INFO - Setting next_dagrun for example_external_task_marker_child to None, run_after=None
[2023-11-28T01:01:23.851+0000] {logging_mixin.py:154} INFO - [2023-11-28T01:01:23.851+0000] {dag.py:3722} INFO - Setting next_dagrun for example_external_task_marker_parent to None, run_after=None
[2023-11-28T01:01:23.873+0000] {processor.py:179} INFO - Processing /usr/local/lib/python3.10/dist-packages/airflow/example_dags/example_external_task_marker_dag.py took 0.069 seconds
[2023-11-28T01:02:07.806+0000] {processor.py:157} INFO - Started process (PID=5691) to work on /usr/local/lib/python3.10/dist-packages/airflow/example_dags/example_external_task_marker_dag.py
[2023-11-28T01:02:07.808+0000] {processor.py:829} INFO - Processing file /usr/local/lib/python3.10/dist-packages/airflow/example_dags/example_external_task_marker_dag.py for tasks to queue
[2023-11-28T01:02:07.808+0000] {logging_mixin.py:154} INFO - [2023-11-28T01:02:07.808+0000] {dagbag.py:536} INFO - Filling up the DagBag from /usr/local/lib/python3.10/dist-packages/airflow/example_dags/example_external_task_marker_dag.py
[2023-11-28T01:02:07.815+0000] {processor.py:839} INFO - DAG(s) dict_keys(['example_external_task_marker_parent', 'example_external_task_marker_child']) retrieved from /usr/local/lib/python3.10/dist-packages/airflow/example_dags/example_external_task_marker_dag.py
[2023-11-28T01:02:07.836+0000] {logging_mixin.py:154} INFO - [2023-11-28T01:02:07.836+0000] {dag.py:2941} INFO - Sync 2 DAGs
[2023-11-28T01:02:07.849+0000] {logging_mixin.py:154} INFO - [2023-11-28T01:02:07.849+0000] {dag.py:3722} INFO - Setting next_dagrun for example_external_task_marker_child to None, run_after=None
[2023-11-28T01:02:07.852+0000] {logging_mixin.py:154} INFO - [2023-11-28T01:02:07.852+0000] {dag.py:3722} INFO - Setting next_dagrun for example_external_task_marker_parent to None, run_after=None
[2023-11-28T01:02:07.873+0000] {processor.py:179} INFO - Processing /usr/local/lib/python3.10/dist-packages/airflow/example_dags/example_external_task_marker_dag.py took 0.070 seconds
[2023-11-28T01:02:51.099+0000] {processor.py:157} INFO - Started process (PID=5737) to work on /usr/local/lib/python3.10/dist-packages/airflow/example_dags/example_external_task_marker_dag.py
[2023-11-28T01:02:51.100+0000] {processor.py:829} INFO - Processing file /usr/local/lib/python3.10/dist-packages/airflow/example_dags/example_external_task_marker_dag.py for tasks to queue
[2023-11-28T01:02:51.101+0000] {logging_mixin.py:154} INFO - [2023-11-28T01:02:51.101+0000] {dagbag.py:536} INFO - Filling up the DagBag from /usr/local/lib/python3.10/dist-packages/airflow/example_dags/example_external_task_marker_dag.py
[2023-11-28T01:02:51.108+0000] {processor.py:839} INFO - DAG(s) dict_keys(['example_external_task_marker_child', 'example_external_task_marker_parent']) retrieved from /usr/local/lib/python3.10/dist-packages/airflow/example_dags/example_external_task_marker_dag.py
[2023-11-28T01:02:51.128+0000] {logging_mixin.py:154} INFO - [2023-11-28T01:02:51.128+0000] {dag.py:2941} INFO - Sync 2 DAGs
[2023-11-28T01:02:51.141+0000] {logging_mixin.py:154} INFO - [2023-11-28T01:02:51.141+0000] {dag.py:3722} INFO - Setting next_dagrun for example_external_task_marker_child to None, run_after=None
[2023-11-28T01:02:51.144+0000] {logging_mixin.py:154} INFO - [2023-11-28T01:02:51.144+0000] {dag.py:3722} INFO - Setting next_dagrun for example_external_task_marker_parent to None, run_after=None
[2023-11-28T01:02:51.164+0000] {processor.py:179} INFO - Processing /usr/local/lib/python3.10/dist-packages/airflow/example_dags/example_external_task_marker_dag.py took 0.069 seconds
[2023-11-28T01:03:37.451+0000] {processor.py:157} INFO - Started process (PID=5840) to work on /usr/local/lib/python3.10/dist-packages/airflow/example_dags/example_external_task_marker_dag.py
[2023-11-28T01:03:37.452+0000] {processor.py:829} INFO - Processing file /usr/local/lib/python3.10/dist-packages/airflow/example_dags/example_external_task_marker_dag.py for tasks to queue
[2023-11-28T01:03:37.453+0000] {logging_mixin.py:154} INFO - [2023-11-28T01:03:37.453+0000] {dagbag.py:536} INFO - Filling up the DagBag from /usr/local/lib/python3.10/dist-packages/airflow/example_dags/example_external_task_marker_dag.py
[2023-11-28T01:03:37.460+0000] {processor.py:839} INFO - DAG(s) dict_keys(['example_external_task_marker_parent', 'example_external_task_marker_child']) retrieved from /usr/local/lib/python3.10/dist-packages/airflow/example_dags/example_external_task_marker_dag.py
[2023-11-28T01:03:37.481+0000] {logging_mixin.py:154} INFO - [2023-11-28T01:03:37.481+0000] {dag.py:2941} INFO - Sync 2 DAGs
[2023-11-28T01:03:37.494+0000] {logging_mixin.py:154} INFO - [2023-11-28T01:03:37.494+0000] {dag.py:3722} INFO - Setting next_dagrun for example_external_task_marker_child to None, run_after=None
[2023-11-28T01:03:37.497+0000] {logging_mixin.py:154} INFO - [2023-11-28T01:03:37.497+0000] {dag.py:3722} INFO - Setting next_dagrun for example_external_task_marker_parent to None, run_after=None
[2023-11-28T01:03:37.519+0000] {processor.py:179} INFO - Processing /usr/local/lib/python3.10/dist-packages/airflow/example_dags/example_external_task_marker_dag.py took 0.072 seconds
[2023-11-28T01:04:22.297+0000] {processor.py:157} INFO - Started process (PID=5945) to work on /usr/local/lib/python3.10/dist-packages/airflow/example_dags/example_external_task_marker_dag.py
[2023-11-28T01:04:22.299+0000] {processor.py:829} INFO - Processing file /usr/local/lib/python3.10/dist-packages/airflow/example_dags/example_external_task_marker_dag.py for tasks to queue
[2023-11-28T01:04:22.300+0000] {logging_mixin.py:154} INFO - [2023-11-28T01:04:22.299+0000] {dagbag.py:536} INFO - Filling up the DagBag from /usr/local/lib/python3.10/dist-packages/airflow/example_dags/example_external_task_marker_dag.py
[2023-11-28T01:04:22.307+0000] {processor.py:839} INFO - DAG(s) dict_keys(['example_external_task_marker_parent', 'example_external_task_marker_child']) retrieved from /usr/local/lib/python3.10/dist-packages/airflow/example_dags/example_external_task_marker_dag.py
[2023-11-28T01:04:22.328+0000] {logging_mixin.py:154} INFO - [2023-11-28T01:04:22.328+0000] {dag.py:2941} INFO - Sync 2 DAGs
[2023-11-28T01:04:22.341+0000] {logging_mixin.py:154} INFO - [2023-11-28T01:04:22.341+0000] {dag.py:3722} INFO - Setting next_dagrun for example_external_task_marker_child to None, run_after=None
[2023-11-28T01:04:22.344+0000] {logging_mixin.py:154} INFO - [2023-11-28T01:04:22.344+0000] {dag.py:3722} INFO - Setting next_dagrun for example_external_task_marker_parent to None, run_after=None
[2023-11-28T01:04:22.366+0000] {processor.py:179} INFO - Processing /usr/local/lib/python3.10/dist-packages/airflow/example_dags/example_external_task_marker_dag.py took 0.072 seconds
[2023-11-28T01:05:07.464+0000] {processor.py:157} INFO - Started process (PID=5992) to work on /usr/local/lib/python3.10/dist-packages/airflow/example_dags/example_external_task_marker_dag.py
[2023-11-28T01:05:07.465+0000] {processor.py:829} INFO - Processing file /usr/local/lib/python3.10/dist-packages/airflow/example_dags/example_external_task_marker_dag.py for tasks to queue
[2023-11-28T01:05:07.466+0000] {logging_mixin.py:154} INFO - [2023-11-28T01:05:07.466+0000] {dagbag.py:536} INFO - Filling up the DagBag from /usr/local/lib/python3.10/dist-packages/airflow/example_dags/example_external_task_marker_dag.py
[2023-11-28T01:05:07.473+0000] {processor.py:839} INFO - DAG(s) dict_keys(['example_external_task_marker_parent', 'example_external_task_marker_child']) retrieved from /usr/local/lib/python3.10/dist-packages/airflow/example_dags/example_external_task_marker_dag.py
[2023-11-28T01:05:07.495+0000] {logging_mixin.py:154} INFO - [2023-11-28T01:05:07.495+0000] {dag.py:2941} INFO - Sync 2 DAGs
[2023-11-28T01:05:07.508+0000] {logging_mixin.py:154} INFO - [2023-11-28T01:05:07.508+0000] {dag.py:3722} INFO - Setting next_dagrun for example_external_task_marker_child to None, run_after=None
[2023-11-28T01:05:07.511+0000] {logging_mixin.py:154} INFO - [2023-11-28T01:05:07.511+0000] {dag.py:3722} INFO - Setting next_dagrun for example_external_task_marker_parent to None, run_after=None
[2023-11-28T01:05:07.535+0000] {processor.py:179} INFO - Processing /usr/local/lib/python3.10/dist-packages/airflow/example_dags/example_external_task_marker_dag.py took 0.075 seconds
[2023-11-28T01:05:53.518+0000] {processor.py:157} INFO - Started process (PID=6040) to work on /usr/local/lib/python3.10/dist-packages/airflow/example_dags/example_external_task_marker_dag.py
[2023-11-28T01:05:53.520+0000] {processor.py:829} INFO - Processing file /usr/local/lib/python3.10/dist-packages/airflow/example_dags/example_external_task_marker_dag.py for tasks to queue
[2023-11-28T01:05:53.521+0000] {logging_mixin.py:154} INFO - [2023-11-28T01:05:53.521+0000] {dagbag.py:536} INFO - Filling up the DagBag from /usr/local/lib/python3.10/dist-packages/airflow/example_dags/example_external_task_marker_dag.py
[2023-11-28T01:05:53.528+0000] {processor.py:839} INFO - DAG(s) dict_keys(['example_external_task_marker_child', 'example_external_task_marker_parent']) retrieved from /usr/local/lib/python3.10/dist-packages/airflow/example_dags/example_external_task_marker_dag.py
[2023-11-28T01:05:53.549+0000] {logging_mixin.py:154} INFO - [2023-11-28T01:05:53.548+0000] {dag.py:2941} INFO - Sync 2 DAGs
[2023-11-28T01:05:53.562+0000] {logging_mixin.py:154} INFO - [2023-11-28T01:05:53.561+0000] {dag.py:3722} INFO - Setting next_dagrun for example_external_task_marker_child to None, run_after=None
[2023-11-28T01:05:53.565+0000] {logging_mixin.py:154} INFO - [2023-11-28T01:05:53.565+0000] {dag.py:3722} INFO - Setting next_dagrun for example_external_task_marker_parent to None, run_after=None
[2023-11-28T01:05:53.585+0000] {processor.py:179} INFO - Processing /usr/local/lib/python3.10/dist-packages/airflow/example_dags/example_external_task_marker_dag.py took 0.071 seconds
[2023-11-28T01:06:40.299+0000] {processor.py:157} INFO - Started process (PID=6088) to work on /usr/local/lib/python3.10/dist-packages/airflow/example_dags/example_external_task_marker_dag.py
[2023-11-28T01:06:40.300+0000] {processor.py:829} INFO - Processing file /usr/local/lib/python3.10/dist-packages/airflow/example_dags/example_external_task_marker_dag.py for tasks to queue
[2023-11-28T01:06:40.301+0000] {logging_mixin.py:154} INFO - [2023-11-28T01:06:40.300+0000] {dagbag.py:536} INFO - Filling up the DagBag from /usr/local/lib/python3.10/dist-packages/airflow/example_dags/example_external_task_marker_dag.py
[2023-11-28T01:06:40.308+0000] {processor.py:839} INFO - DAG(s) dict_keys(['example_external_task_marker_parent', 'example_external_task_marker_child']) retrieved from /usr/local/lib/python3.10/dist-packages/airflow/example_dags/example_external_task_marker_dag.py
[2023-11-28T01:06:40.328+0000] {logging_mixin.py:154} INFO - [2023-11-28T01:06:40.328+0000] {dag.py:2941} INFO - Sync 2 DAGs
[2023-11-28T01:06:40.341+0000] {logging_mixin.py:154} INFO - [2023-11-28T01:06:40.341+0000] {dag.py:3722} INFO - Setting next_dagrun for example_external_task_marker_child to None, run_after=None
[2023-11-28T01:06:40.344+0000] {logging_mixin.py:154} INFO - [2023-11-28T01:06:40.344+0000] {dag.py:3722} INFO - Setting next_dagrun for example_external_task_marker_parent to None, run_after=None
[2023-11-28T01:06:40.364+0000] {processor.py:179} INFO - Processing /usr/local/lib/python3.10/dist-packages/airflow/example_dags/example_external_task_marker_dag.py took 0.069 seconds
[2023-11-28T01:07:28.594+0000] {processor.py:157} INFO - Started process (PID=6136) to work on /usr/local/lib/python3.10/dist-packages/airflow/example_dags/example_external_task_marker_dag.py
[2023-11-28T01:07:28.595+0000] {processor.py:829} INFO - Processing file /usr/local/lib/python3.10/dist-packages/airflow/example_dags/example_external_task_marker_dag.py for tasks to queue
[2023-11-28T01:07:28.596+0000] {logging_mixin.py:154} INFO - [2023-11-28T01:07:28.596+0000] {dagbag.py:536} INFO - Filling up the DagBag from /usr/local/lib/python3.10/dist-packages/airflow/example_dags/example_external_task_marker_dag.py
[2023-11-28T01:07:28.603+0000] {processor.py:839} INFO - DAG(s) dict_keys(['example_external_task_marker_child', 'example_external_task_marker_parent']) retrieved from /usr/local/lib/python3.10/dist-packages/airflow/example_dags/example_external_task_marker_dag.py
[2023-11-28T01:07:28.623+0000] {logging_mixin.py:154} INFO - [2023-11-28T01:07:28.623+0000] {dag.py:2941} INFO - Sync 2 DAGs
[2023-11-28T01:07:28.635+0000] {logging_mixin.py:154} INFO - [2023-11-28T01:07:28.635+0000] {dag.py:3722} INFO - Setting next_dagrun for example_external_task_marker_child to None, run_after=None
[2023-11-28T01:07:28.639+0000] {logging_mixin.py:154} INFO - [2023-11-28T01:07:28.638+0000] {dag.py:3722} INFO - Setting next_dagrun for example_external_task_marker_parent to None, run_after=None
[2023-11-28T01:07:28.658+0000] {processor.py:179} INFO - Processing /usr/local/lib/python3.10/dist-packages/airflow/example_dags/example_external_task_marker_dag.py took 0.068 seconds
[2023-11-28T01:08:17.332+0000] {processor.py:157} INFO - Started process (PID=6186) to work on /usr/local/lib/python3.10/dist-packages/airflow/example_dags/example_external_task_marker_dag.py
[2023-11-28T01:08:17.334+0000] {processor.py:829} INFO - Processing file /usr/local/lib/python3.10/dist-packages/airflow/example_dags/example_external_task_marker_dag.py for tasks to queue
[2023-11-28T01:08:17.335+0000] {logging_mixin.py:154} INFO - [2023-11-28T01:08:17.334+0000] {dagbag.py:536} INFO - Filling up the DagBag from /usr/local/lib/python3.10/dist-packages/airflow/example_dags/example_external_task_marker_dag.py
[2023-11-28T01:08:17.341+0000] {processor.py:839} INFO - DAG(s) dict_keys(['example_external_task_marker_child', 'example_external_task_marker_parent']) retrieved from /usr/local/lib/python3.10/dist-packages/airflow/example_dags/example_external_task_marker_dag.py
[2023-11-28T01:08:17.361+0000] {logging_mixin.py:154} INFO - [2023-11-28T01:08:17.361+0000] {dag.py:2941} INFO - Sync 2 DAGs
[2023-11-28T01:08:17.374+0000] {logging_mixin.py:154} INFO - [2023-11-28T01:08:17.374+0000] {dag.py:3722} INFO - Setting next_dagrun for example_external_task_marker_child to None, run_after=None
[2023-11-28T01:08:17.377+0000] {logging_mixin.py:154} INFO - [2023-11-28T01:08:17.377+0000] {dag.py:3722} INFO - Setting next_dagrun for example_external_task_marker_parent to None, run_after=None
[2023-11-28T01:08:17.398+0000] {processor.py:179} INFO - Processing /usr/local/lib/python3.10/dist-packages/airflow/example_dags/example_external_task_marker_dag.py took 0.069 seconds
[2023-11-28T01:08:59.841+0000] {processor.py:157} INFO - Started process (PID=6233) to work on /usr/local/lib/python3.10/dist-packages/airflow/example_dags/example_external_task_marker_dag.py
[2023-11-28T01:08:59.842+0000] {processor.py:829} INFO - Processing file /usr/local/lib/python3.10/dist-packages/airflow/example_dags/example_external_task_marker_dag.py for tasks to queue
[2023-11-28T01:08:59.843+0000] {logging_mixin.py:154} INFO - [2023-11-28T01:08:59.843+0000] {dagbag.py:536} INFO - Filling up the DagBag from /usr/local/lib/python3.10/dist-packages/airflow/example_dags/example_external_task_marker_dag.py
[2023-11-28T01:08:59.850+0000] {processor.py:839} INFO - DAG(s) dict_keys(['example_external_task_marker_child', 'example_external_task_marker_parent']) retrieved from /usr/local/lib/python3.10/dist-packages/airflow/example_dags/example_external_task_marker_dag.py
[2023-11-28T01:08:59.872+0000] {logging_mixin.py:154} INFO - [2023-11-28T01:08:59.872+0000] {dag.py:2941} INFO - Sync 2 DAGs
[2023-11-28T01:08:59.885+0000] {logging_mixin.py:154} INFO - [2023-11-28T01:08:59.885+0000] {dag.py:3722} INFO - Setting next_dagrun for example_external_task_marker_child to None, run_after=None
[2023-11-28T01:08:59.888+0000] {logging_mixin.py:154} INFO - [2023-11-28T01:08:59.888+0000] {dag.py:3722} INFO - Setting next_dagrun for example_external_task_marker_parent to None, run_after=None
[2023-11-28T01:08:59.911+0000] {processor.py:179} INFO - Processing /usr/local/lib/python3.10/dist-packages/airflow/example_dags/example_external_task_marker_dag.py took 0.073 seconds
[2023-11-28T01:09:43.345+0000] {processor.py:157} INFO - Started process (PID=6278) to work on /usr/local/lib/python3.10/dist-packages/airflow/example_dags/example_external_task_marker_dag.py
[2023-11-28T01:09:43.346+0000] {processor.py:829} INFO - Processing file /usr/local/lib/python3.10/dist-packages/airflow/example_dags/example_external_task_marker_dag.py for tasks to queue
[2023-11-28T01:09:43.347+0000] {logging_mixin.py:154} INFO - [2023-11-28T01:09:43.347+0000] {dagbag.py:536} INFO - Filling up the DagBag from /usr/local/lib/python3.10/dist-packages/airflow/example_dags/example_external_task_marker_dag.py
[2023-11-28T01:09:43.354+0000] {processor.py:839} INFO - DAG(s) dict_keys(['example_external_task_marker_child', 'example_external_task_marker_parent']) retrieved from /usr/local/lib/python3.10/dist-packages/airflow/example_dags/example_external_task_marker_dag.py
[2023-11-28T01:09:43.374+0000] {logging_mixin.py:154} INFO - [2023-11-28T01:09:43.374+0000] {dag.py:2941} INFO - Sync 2 DAGs
[2023-11-28T01:09:43.387+0000] {logging_mixin.py:154} INFO - [2023-11-28T01:09:43.387+0000] {dag.py:3722} INFO - Setting next_dagrun for example_external_task_marker_child to None, run_after=None
[2023-11-28T01:09:43.390+0000] {logging_mixin.py:154} INFO - [2023-11-28T01:09:43.390+0000] {dag.py:3722} INFO - Setting next_dagrun for example_external_task_marker_parent to None, run_after=None
[2023-11-28T01:09:43.411+0000] {processor.py:179} INFO - Processing /usr/local/lib/python3.10/dist-packages/airflow/example_dags/example_external_task_marker_dag.py took 0.070 seconds
[2023-11-28T01:10:29.793+0000] {processor.py:157} INFO - Started process (PID=6326) to work on /usr/local/lib/python3.10/dist-packages/airflow/example_dags/example_external_task_marker_dag.py
[2023-11-28T01:10:29.795+0000] {processor.py:829} INFO - Processing file /usr/local/lib/python3.10/dist-packages/airflow/example_dags/example_external_task_marker_dag.py for tasks to queue
[2023-11-28T01:10:29.796+0000] {logging_mixin.py:154} INFO - [2023-11-28T01:10:29.796+0000] {dagbag.py:536} INFO - Filling up the DagBag from /usr/local/lib/python3.10/dist-packages/airflow/example_dags/example_external_task_marker_dag.py
[2023-11-28T01:10:29.803+0000] {processor.py:839} INFO - DAG(s) dict_keys(['example_external_task_marker_parent', 'example_external_task_marker_child']) retrieved from /usr/local/lib/python3.10/dist-packages/airflow/example_dags/example_external_task_marker_dag.py
[2023-11-28T01:10:29.825+0000] {logging_mixin.py:154} INFO - [2023-11-28T01:10:29.825+0000] {dag.py:2941} INFO - Sync 2 DAGs
[2023-11-28T01:10:29.838+0000] {logging_mixin.py:154} INFO - [2023-11-28T01:10:29.838+0000] {dag.py:3722} INFO - Setting next_dagrun for example_external_task_marker_child to None, run_after=None
[2023-11-28T01:10:29.841+0000] {logging_mixin.py:154} INFO - [2023-11-28T01:10:29.841+0000] {dag.py:3722} INFO - Setting next_dagrun for example_external_task_marker_parent to None, run_after=None
[2023-11-28T01:10:29.863+0000] {processor.py:179} INFO - Processing /usr/local/lib/python3.10/dist-packages/airflow/example_dags/example_external_task_marker_dag.py took 0.074 seconds
[2023-11-28T01:11:17.750+0000] {processor.py:157} INFO - Started process (PID=6375) to work on /usr/local/lib/python3.10/dist-packages/airflow/example_dags/example_external_task_marker_dag.py
[2023-11-28T01:11:17.751+0000] {processor.py:829} INFO - Processing file /usr/local/lib/python3.10/dist-packages/airflow/example_dags/example_external_task_marker_dag.py for tasks to queue
[2023-11-28T01:11:17.752+0000] {logging_mixin.py:154} INFO - [2023-11-28T01:11:17.752+0000] {dagbag.py:536} INFO - Filling up the DagBag from /usr/local/lib/python3.10/dist-packages/airflow/example_dags/example_external_task_marker_dag.py
[2023-11-28T01:11:17.759+0000] {processor.py:839} INFO - DAG(s) dict_keys(['example_external_task_marker_parent', 'example_external_task_marker_child']) retrieved from /usr/local/lib/python3.10/dist-packages/airflow/example_dags/example_external_task_marker_dag.py
[2023-11-28T01:11:17.782+0000] {logging_mixin.py:154} INFO - [2023-11-28T01:11:17.781+0000] {dag.py:2941} INFO - Sync 2 DAGs
[2023-11-28T01:11:17.795+0000] {logging_mixin.py:154} INFO - [2023-11-28T01:11:17.795+0000] {dag.py:3722} INFO - Setting next_dagrun for example_external_task_marker_child to None, run_after=None
[2023-11-28T01:11:17.798+0000] {logging_mixin.py:154} INFO - [2023-11-28T01:11:17.798+0000] {dag.py:3722} INFO - Setting next_dagrun for example_external_task_marker_parent to None, run_after=None
[2023-11-28T01:11:17.821+0000] {processor.py:179} INFO - Processing /usr/local/lib/python3.10/dist-packages/airflow/example_dags/example_external_task_marker_dag.py took 0.075 seconds
[2023-11-28T01:12:02.494+0000] {processor.py:157} INFO - Started process (PID=6421) to work on /usr/local/lib/python3.10/dist-packages/airflow/example_dags/example_external_task_marker_dag.py
[2023-11-28T01:12:02.495+0000] {processor.py:829} INFO - Processing file /usr/local/lib/python3.10/dist-packages/airflow/example_dags/example_external_task_marker_dag.py for tasks to queue
[2023-11-28T01:12:02.496+0000] {logging_mixin.py:154} INFO - [2023-11-28T01:12:02.496+0000] {dagbag.py:536} INFO - Filling up the DagBag from /usr/local/lib/python3.10/dist-packages/airflow/example_dags/example_external_task_marker_dag.py
[2023-11-28T01:12:02.503+0000] {processor.py:839} INFO - DAG(s) dict_keys(['example_external_task_marker_child', 'example_external_task_marker_parent']) retrieved from /usr/local/lib/python3.10/dist-packages/airflow/example_dags/example_external_task_marker_dag.py
[2023-11-28T01:12:02.524+0000] {logging_mixin.py:154} INFO - [2023-11-28T01:12:02.523+0000] {dag.py:2941} INFO - Sync 2 DAGs
[2023-11-28T01:12:02.536+0000] {logging_mixin.py:154} INFO - [2023-11-28T01:12:02.536+0000] {dag.py:3722} INFO - Setting next_dagrun for example_external_task_marker_child to None, run_after=None
[2023-11-28T01:12:02.539+0000] {logging_mixin.py:154} INFO - [2023-11-28T01:12:02.539+0000] {dag.py:3722} INFO - Setting next_dagrun for example_external_task_marker_parent to None, run_after=None
[2023-11-28T01:12:02.561+0000] {processor.py:179} INFO - Processing /usr/local/lib/python3.10/dist-packages/airflow/example_dags/example_external_task_marker_dag.py took 0.071 seconds
[2023-11-28T01:12:46.239+0000] {processor.py:157} INFO - Started process (PID=6468) to work on /usr/local/lib/python3.10/dist-packages/airflow/example_dags/example_external_task_marker_dag.py
[2023-11-28T01:12:46.241+0000] {processor.py:829} INFO - Processing file /usr/local/lib/python3.10/dist-packages/airflow/example_dags/example_external_task_marker_dag.py for tasks to queue
[2023-11-28T01:12:46.242+0000] {logging_mixin.py:154} INFO - [2023-11-28T01:12:46.241+0000] {dagbag.py:536} INFO - Filling up the DagBag from /usr/local/lib/python3.10/dist-packages/airflow/example_dags/example_external_task_marker_dag.py
[2023-11-28T01:12:46.249+0000] {processor.py:839} INFO - DAG(s) dict_keys(['example_external_task_marker_parent', 'example_external_task_marker_child']) retrieved from /usr/local/lib/python3.10/dist-packages/airflow/example_dags/example_external_task_marker_dag.py
[2023-11-28T01:12:46.269+0000] {logging_mixin.py:154} INFO - [2023-11-28T01:12:46.269+0000] {dag.py:2941} INFO - Sync 2 DAGs
[2023-11-28T01:12:46.282+0000] {logging_mixin.py:154} INFO - [2023-11-28T01:12:46.282+0000] {dag.py:3722} INFO - Setting next_dagrun for example_external_task_marker_child to None, run_after=None
[2023-11-28T01:12:46.286+0000] {logging_mixin.py:154} INFO - [2023-11-28T01:12:46.286+0000] {dag.py:3722} INFO - Setting next_dagrun for example_external_task_marker_parent to None, run_after=None
[2023-11-28T01:12:46.307+0000] {processor.py:179} INFO - Processing /usr/local/lib/python3.10/dist-packages/airflow/example_dags/example_external_task_marker_dag.py took 0.071 seconds
[2023-11-28T01:13:29.688+0000] {processor.py:157} INFO - Started process (PID=6512) to work on /usr/local/lib/python3.10/dist-packages/airflow/example_dags/example_external_task_marker_dag.py
[2023-11-28T01:13:29.689+0000] {processor.py:829} INFO - Processing file /usr/local/lib/python3.10/dist-packages/airflow/example_dags/example_external_task_marker_dag.py for tasks to queue
[2023-11-28T01:13:29.690+0000] {logging_mixin.py:154} INFO - [2023-11-28T01:13:29.690+0000] {dagbag.py:536} INFO - Filling up the DagBag from /usr/local/lib/python3.10/dist-packages/airflow/example_dags/example_external_task_marker_dag.py
[2023-11-28T01:13:29.697+0000] {processor.py:839} INFO - DAG(s) dict_keys(['example_external_task_marker_child', 'example_external_task_marker_parent']) retrieved from /usr/local/lib/python3.10/dist-packages/airflow/example_dags/example_external_task_marker_dag.py
[2023-11-28T01:13:29.717+0000] {logging_mixin.py:154} INFO - [2023-11-28T01:13:29.717+0000] {dag.py:2941} INFO - Sync 2 DAGs
[2023-11-28T01:13:29.730+0000] {logging_mixin.py:154} INFO - [2023-11-28T01:13:29.730+0000] {dag.py:3722} INFO - Setting next_dagrun for example_external_task_marker_child to None, run_after=None
[2023-11-28T01:13:29.733+0000] {logging_mixin.py:154} INFO - [2023-11-28T01:13:29.733+0000] {dag.py:3722} INFO - Setting next_dagrun for example_external_task_marker_parent to None, run_after=None
[2023-11-28T01:13:29.754+0000] {processor.py:179} INFO - Processing /usr/local/lib/python3.10/dist-packages/airflow/example_dags/example_external_task_marker_dag.py took 0.070 seconds
[2023-11-28T01:14:22.831+0000] {processor.py:157} INFO - Started process (PID=6566) to work on /usr/local/lib/python3.10/dist-packages/airflow/example_dags/example_external_task_marker_dag.py
[2023-11-28T01:14:22.832+0000] {processor.py:829} INFO - Processing file /usr/local/lib/python3.10/dist-packages/airflow/example_dags/example_external_task_marker_dag.py for tasks to queue
[2023-11-28T01:14:22.833+0000] {logging_mixin.py:154} INFO - [2023-11-28T01:14:22.833+0000] {dagbag.py:536} INFO - Filling up the DagBag from /usr/local/lib/python3.10/dist-packages/airflow/example_dags/example_external_task_marker_dag.py
[2023-11-28T01:14:22.840+0000] {processor.py:839} INFO - DAG(s) dict_keys(['example_external_task_marker_child', 'example_external_task_marker_parent']) retrieved from /usr/local/lib/python3.10/dist-packages/airflow/example_dags/example_external_task_marker_dag.py
[2023-11-28T01:14:22.861+0000] {logging_mixin.py:154} INFO - [2023-11-28T01:14:22.861+0000] {dag.py:2941} INFO - Sync 2 DAGs
[2023-11-28T01:14:22.874+0000] {logging_mixin.py:154} INFO - [2023-11-28T01:14:22.874+0000] {dag.py:3722} INFO - Setting next_dagrun for example_external_task_marker_child to None, run_after=None
[2023-11-28T01:14:22.878+0000] {logging_mixin.py:154} INFO - [2023-11-28T01:14:22.877+0000] {dag.py:3722} INFO - Setting next_dagrun for example_external_task_marker_parent to None, run_after=None
[2023-11-28T01:14:22.902+0000] {processor.py:179} INFO - Processing /usr/local/lib/python3.10/dist-packages/airflow/example_dags/example_external_task_marker_dag.py took 0.075 seconds
[2023-11-28T01:15:28.932+0000] {processor.py:157} INFO - Started process (PID=6644) to work on /usr/local/lib/python3.10/dist-packages/airflow/example_dags/example_external_task_marker_dag.py
[2023-11-28T01:15:28.933+0000] {processor.py:829} INFO - Processing file /usr/local/lib/python3.10/dist-packages/airflow/example_dags/example_external_task_marker_dag.py for tasks to queue
[2023-11-28T01:15:28.934+0000] {logging_mixin.py:154} INFO - [2023-11-28T01:15:28.934+0000] {dagbag.py:536} INFO - Filling up the DagBag from /usr/local/lib/python3.10/dist-packages/airflow/example_dags/example_external_task_marker_dag.py
[2023-11-28T01:15:28.944+0000] {processor.py:839} INFO - DAG(s) dict_keys(['example_external_task_marker_child', 'example_external_task_marker_parent']) retrieved from /usr/local/lib/python3.10/dist-packages/airflow/example_dags/example_external_task_marker_dag.py
[2023-11-28T01:15:28.975+0000] {logging_mixin.py:154} INFO - [2023-11-28T01:15:28.975+0000] {dag.py:2941} INFO - Sync 2 DAGs
[2023-11-28T01:15:28.989+0000] {logging_mixin.py:154} INFO - [2023-11-28T01:15:28.988+0000] {dag.py:3722} INFO - Setting next_dagrun for example_external_task_marker_child to None, run_after=None
[2023-11-28T01:15:28.992+0000] {logging_mixin.py:154} INFO - [2023-11-28T01:15:28.992+0000] {dag.py:3722} INFO - Setting next_dagrun for example_external_task_marker_parent to None, run_after=None
[2023-11-28T01:15:29.015+0000] {processor.py:179} INFO - Processing /usr/local/lib/python3.10/dist-packages/airflow/example_dags/example_external_task_marker_dag.py took 0.086 seconds
[2023-11-28T01:16:13.232+0000] {processor.py:157} INFO - Started process (PID=6690) to work on /usr/local/lib/python3.10/dist-packages/airflow/example_dags/example_external_task_marker_dag.py
[2023-11-28T01:16:13.233+0000] {processor.py:829} INFO - Processing file /usr/local/lib/python3.10/dist-packages/airflow/example_dags/example_external_task_marker_dag.py for tasks to queue
[2023-11-28T01:16:13.234+0000] {logging_mixin.py:154} INFO - [2023-11-28T01:16:13.234+0000] {dagbag.py:536} INFO - Filling up the DagBag from /usr/local/lib/python3.10/dist-packages/airflow/example_dags/example_external_task_marker_dag.py
[2023-11-28T01:16:13.241+0000] {processor.py:839} INFO - DAG(s) dict_keys(['example_external_task_marker_child', 'example_external_task_marker_parent']) retrieved from /usr/local/lib/python3.10/dist-packages/airflow/example_dags/example_external_task_marker_dag.py
[2023-11-28T01:16:13.263+0000] {logging_mixin.py:154} INFO - [2023-11-28T01:16:13.263+0000] {dag.py:2941} INFO - Sync 2 DAGs
[2023-11-28T01:16:13.275+0000] {logging_mixin.py:154} INFO - [2023-11-28T01:16:13.275+0000] {dag.py:3722} INFO - Setting next_dagrun for example_external_task_marker_child to None, run_after=None
[2023-11-28T01:16:13.279+0000] {logging_mixin.py:154} INFO - [2023-11-28T01:16:13.279+0000] {dag.py:3722} INFO - Setting next_dagrun for example_external_task_marker_parent to None, run_after=None
[2023-11-28T01:16:13.300+0000] {processor.py:179} INFO - Processing /usr/local/lib/python3.10/dist-packages/airflow/example_dags/example_external_task_marker_dag.py took 0.071 seconds
[2023-11-28T01:17:00.767+0000] {processor.py:157} INFO - Started process (PID=6743) to work on /usr/local/lib/python3.10/dist-packages/airflow/example_dags/example_external_task_marker_dag.py
[2023-11-28T01:17:00.769+0000] {processor.py:829} INFO - Processing file /usr/local/lib/python3.10/dist-packages/airflow/example_dags/example_external_task_marker_dag.py for tasks to queue
[2023-11-28T01:17:00.770+0000] {logging_mixin.py:154} INFO - [2023-11-28T01:17:00.769+0000] {dagbag.py:536} INFO - Filling up the DagBag from /usr/local/lib/python3.10/dist-packages/airflow/example_dags/example_external_task_marker_dag.py
[2023-11-28T01:17:00.777+0000] {processor.py:839} INFO - DAG(s) dict_keys(['example_external_task_marker_child', 'example_external_task_marker_parent']) retrieved from /usr/local/lib/python3.10/dist-packages/airflow/example_dags/example_external_task_marker_dag.py
[2023-11-28T01:17:00.798+0000] {logging_mixin.py:154} INFO - [2023-11-28T01:17:00.797+0000] {dag.py:2941} INFO - Sync 2 DAGs
[2023-11-28T01:17:00.810+0000] {logging_mixin.py:154} INFO - [2023-11-28T01:17:00.810+0000] {dag.py:3722} INFO - Setting next_dagrun for example_external_task_marker_child to None, run_after=None
[2023-11-28T01:17:00.814+0000] {logging_mixin.py:154} INFO - [2023-11-28T01:17:00.814+0000] {dag.py:3722} INFO - Setting next_dagrun for example_external_task_marker_parent to None, run_after=None
[2023-11-28T01:17:00.835+0000] {processor.py:179} INFO - Processing /usr/local/lib/python3.10/dist-packages/airflow/example_dags/example_external_task_marker_dag.py took 0.072 seconds
[2023-11-28T01:17:52.193+0000] {processor.py:157} INFO - Started process (PID=6797) to work on /usr/local/lib/python3.10/dist-packages/airflow/example_dags/example_external_task_marker_dag.py
[2023-11-28T01:17:52.194+0000] {processor.py:829} INFO - Processing file /usr/local/lib/python3.10/dist-packages/airflow/example_dags/example_external_task_marker_dag.py for tasks to queue
[2023-11-28T01:17:52.195+0000] {logging_mixin.py:154} INFO - [2023-11-28T01:17:52.195+0000] {dagbag.py:536} INFO - Filling up the DagBag from /usr/local/lib/python3.10/dist-packages/airflow/example_dags/example_external_task_marker_dag.py
[2023-11-28T01:17:52.202+0000] {processor.py:839} INFO - DAG(s) dict_keys(['example_external_task_marker_parent', 'example_external_task_marker_child']) retrieved from /usr/local/lib/python3.10/dist-packages/airflow/example_dags/example_external_task_marker_dag.py
[2023-11-28T01:17:52.224+0000] {logging_mixin.py:154} INFO - [2023-11-28T01:17:52.224+0000] {dag.py:2941} INFO - Sync 2 DAGs
[2023-11-28T01:17:52.237+0000] {logging_mixin.py:154} INFO - [2023-11-28T01:17:52.237+0000] {dag.py:3722} INFO - Setting next_dagrun for example_external_task_marker_child to None, run_after=None
[2023-11-28T01:17:52.241+0000] {logging_mixin.py:154} INFO - [2023-11-28T01:17:52.241+0000] {dag.py:3722} INFO - Setting next_dagrun for example_external_task_marker_parent to None, run_after=None
[2023-11-28T01:17:52.262+0000] {processor.py:179} INFO - Processing /usr/local/lib/python3.10/dist-packages/airflow/example_dags/example_external_task_marker_dag.py took 0.073 seconds
[2023-11-28T01:18:35.483+0000] {processor.py:157} INFO - Started process (PID=6843) to work on /usr/local/lib/python3.10/dist-packages/airflow/example_dags/example_external_task_marker_dag.py
[2023-11-28T01:18:35.484+0000] {processor.py:829} INFO - Processing file /usr/local/lib/python3.10/dist-packages/airflow/example_dags/example_external_task_marker_dag.py for tasks to queue
[2023-11-28T01:18:35.485+0000] {logging_mixin.py:154} INFO - [2023-11-28T01:18:35.485+0000] {dagbag.py:536} INFO - Filling up the DagBag from /usr/local/lib/python3.10/dist-packages/airflow/example_dags/example_external_task_marker_dag.py
[2023-11-28T01:18:35.492+0000] {processor.py:839} INFO - DAG(s) dict_keys(['example_external_task_marker_parent', 'example_external_task_marker_child']) retrieved from /usr/local/lib/python3.10/dist-packages/airflow/example_dags/example_external_task_marker_dag.py
[2023-11-28T01:18:35.512+0000] {logging_mixin.py:154} INFO - [2023-11-28T01:18:35.512+0000] {dag.py:2941} INFO - Sync 2 DAGs
[2023-11-28T01:18:35.524+0000] {logging_mixin.py:154} INFO - [2023-11-28T01:18:35.524+0000] {dag.py:3722} INFO - Setting next_dagrun for example_external_task_marker_child to None, run_after=None
[2023-11-28T01:18:35.528+0000] {logging_mixin.py:154} INFO - [2023-11-28T01:18:35.527+0000] {dag.py:3722} INFO - Setting next_dagrun for example_external_task_marker_parent to None, run_after=None
[2023-11-28T01:18:35.549+0000] {processor.py:179} INFO - Processing /usr/local/lib/python3.10/dist-packages/airflow/example_dags/example_external_task_marker_dag.py took 0.070 seconds
[2023-11-28T01:19:22.237+0000] {processor.py:157} INFO - Started process (PID=6892) to work on /usr/local/lib/python3.10/dist-packages/airflow/example_dags/example_external_task_marker_dag.py
[2023-11-28T01:19:22.238+0000] {processor.py:829} INFO - Processing file /usr/local/lib/python3.10/dist-packages/airflow/example_dags/example_external_task_marker_dag.py for tasks to queue
[2023-11-28T01:19:22.239+0000] {logging_mixin.py:154} INFO - [2023-11-28T01:19:22.239+0000] {dagbag.py:536} INFO - Filling up the DagBag from /usr/local/lib/python3.10/dist-packages/airflow/example_dags/example_external_task_marker_dag.py
[2023-11-28T01:19:22.246+0000] {processor.py:839} INFO - DAG(s) dict_keys(['example_external_task_marker_parent', 'example_external_task_marker_child']) retrieved from /usr/local/lib/python3.10/dist-packages/airflow/example_dags/example_external_task_marker_dag.py
[2023-11-28T01:19:22.267+0000] {logging_mixin.py:154} INFO - [2023-11-28T01:19:22.267+0000] {dag.py:2941} INFO - Sync 2 DAGs
[2023-11-28T01:19:22.279+0000] {logging_mixin.py:154} INFO - [2023-11-28T01:19:22.279+0000] {dag.py:3722} INFO - Setting next_dagrun for example_external_task_marker_child to None, run_after=None
[2023-11-28T01:19:22.283+0000] {logging_mixin.py:154} INFO - [2023-11-28T01:19:22.283+0000] {dag.py:3722} INFO - Setting next_dagrun for example_external_task_marker_parent to None, run_after=None
[2023-11-28T01:19:22.303+0000] {processor.py:179} INFO - Processing /usr/local/lib/python3.10/dist-packages/airflow/example_dags/example_external_task_marker_dag.py took 0.069 seconds
