[2023-11-28T00:44:47.609+0000] {processor.py:157} INFO - Started process (PID=3426) to work on /usr/local/lib/python3.10/dist-packages/airflow/example_dags/example_branch_day_of_week_operator.py
[2023-11-28T00:44:47.610+0000] {processor.py:829} INFO - Processing file /usr/local/lib/python3.10/dist-packages/airflow/example_dags/example_branch_day_of_week_operator.py for tasks to queue
[2023-11-28T00:44:47.611+0000] {logging_mixin.py:154} INFO - [2023-11-28T00:44:47.610+0000] {dagbag.py:536} INFO - Filling up the DagBag from /usr/local/lib/python3.10/dist-packages/airflow/example_dags/example_branch_day_of_week_operator.py
[2023-11-28T00:44:47.620+0000] {processor.py:839} INFO - DAG(s) dict_keys(['example_weekday_branch_operator']) retrieved from /usr/local/lib/python3.10/dist-packages/airflow/example_dags/example_branch_day_of_week_operator.py
[2023-11-28T00:44:47.737+0000] {logging_mixin.py:154} INFO - [2023-11-28T00:44:47.737+0000] {manager.py:499} INFO - Created Permission View: %s
[2023-11-28T00:44:47.752+0000] {logging_mixin.py:154} INFO - [2023-11-28T00:44:47.751+0000] {manager.py:499} INFO - Created Permission View: %s
[2023-11-28T00:44:47.762+0000] {logging_mixin.py:154} INFO - [2023-11-28T00:44:47.761+0000] {manager.py:499} INFO - Created Permission View: %s
[2023-11-28T00:44:47.762+0000] {logging_mixin.py:154} INFO - [2023-11-28T00:44:47.762+0000] {dag.py:2941} INFO - Sync 1 DAGs
[2023-11-28T00:44:47.774+0000] {logging_mixin.py:154} INFO - [2023-11-28T00:44:47.773+0000] {dag.py:2963} INFO - Creating ORM DAG for example_weekday_branch_operator
[2023-11-28T00:44:47.784+0000] {logging_mixin.py:154} INFO - [2023-11-28T00:44:47.784+0000] {dag.py:3722} INFO - Setting next_dagrun for example_weekday_branch_operator to 2023-11-27T00:00:00+00:00, run_after=2023-11-28T00:00:00+00:00
[2023-11-28T00:44:47.808+0000] {processor.py:179} INFO - Processing /usr/local/lib/python3.10/dist-packages/airflow/example_dags/example_branch_day_of_week_operator.py took 0.203 seconds
[2023-11-28T00:45:38.063+0000] {processor.py:157} INFO - Started process (PID=3564) to work on /usr/local/lib/python3.10/dist-packages/airflow/example_dags/example_branch_day_of_week_operator.py
[2023-11-28T00:45:38.065+0000] {processor.py:829} INFO - Processing file /usr/local/lib/python3.10/dist-packages/airflow/example_dags/example_branch_day_of_week_operator.py for tasks to queue
[2023-11-28T00:45:38.065+0000] {logging_mixin.py:154} INFO - [2023-11-28T00:45:38.065+0000] {dagbag.py:536} INFO - Filling up the DagBag from /usr/local/lib/python3.10/dist-packages/airflow/example_dags/example_branch_day_of_week_operator.py
[2023-11-28T00:45:38.074+0000] {processor.py:839} INFO - DAG(s) dict_keys(['example_weekday_branch_operator']) retrieved from /usr/local/lib/python3.10/dist-packages/airflow/example_dags/example_branch_day_of_week_operator.py
[2023-11-28T00:45:38.092+0000] {logging_mixin.py:154} INFO - [2023-11-28T00:45:38.092+0000] {dag.py:2941} INFO - Sync 1 DAGs
[2023-11-28T00:45:38.115+0000] {logging_mixin.py:154} INFO - [2023-11-28T00:45:38.115+0000] {dag.py:3722} INFO - Setting next_dagrun for example_weekday_branch_operator to 2023-11-27T00:00:00+00:00, run_after=2023-11-28T00:00:00+00:00
[2023-11-28T00:45:38.137+0000] {processor.py:179} INFO - Processing /usr/local/lib/python3.10/dist-packages/airflow/example_dags/example_branch_day_of_week_operator.py took 0.078 seconds
[2023-11-28T00:46:20.387+0000] {processor.py:157} INFO - Started process (PID=3610) to work on /usr/local/lib/python3.10/dist-packages/airflow/example_dags/example_branch_day_of_week_operator.py
[2023-11-28T00:46:20.388+0000] {processor.py:829} INFO - Processing file /usr/local/lib/python3.10/dist-packages/airflow/example_dags/example_branch_day_of_week_operator.py for tasks to queue
[2023-11-28T00:46:20.389+0000] {logging_mixin.py:154} INFO - [2023-11-28T00:46:20.389+0000] {dagbag.py:536} INFO - Filling up the DagBag from /usr/local/lib/python3.10/dist-packages/airflow/example_dags/example_branch_day_of_week_operator.py
[2023-11-28T00:46:20.397+0000] {processor.py:839} INFO - DAG(s) dict_keys(['example_weekday_branch_operator']) retrieved from /usr/local/lib/python3.10/dist-packages/airflow/example_dags/example_branch_day_of_week_operator.py
[2023-11-28T00:46:20.415+0000] {logging_mixin.py:154} INFO - [2023-11-28T00:46:20.415+0000] {dag.py:2941} INFO - Sync 1 DAGs
[2023-11-28T00:46:20.438+0000] {logging_mixin.py:154} INFO - [2023-11-28T00:46:20.438+0000] {dag.py:3722} INFO - Setting next_dagrun for example_weekday_branch_operator to 2023-11-27T00:00:00+00:00, run_after=2023-11-28T00:00:00+00:00
[2023-11-28T00:46:20.460+0000] {processor.py:179} INFO - Processing /usr/local/lib/python3.10/dist-packages/airflow/example_dags/example_branch_day_of_week_operator.py took 0.077 seconds
[2023-11-28T00:47:07.068+0000] {processor.py:157} INFO - Started process (PID=3659) to work on /usr/local/lib/python3.10/dist-packages/airflow/example_dags/example_branch_day_of_week_operator.py
[2023-11-28T00:47:07.069+0000] {processor.py:829} INFO - Processing file /usr/local/lib/python3.10/dist-packages/airflow/example_dags/example_branch_day_of_week_operator.py for tasks to queue
[2023-11-28T00:47:07.070+0000] {logging_mixin.py:154} INFO - [2023-11-28T00:47:07.069+0000] {dagbag.py:536} INFO - Filling up the DagBag from /usr/local/lib/python3.10/dist-packages/airflow/example_dags/example_branch_day_of_week_operator.py
[2023-11-28T00:47:07.078+0000] {processor.py:839} INFO - DAG(s) dict_keys(['example_weekday_branch_operator']) retrieved from /usr/local/lib/python3.10/dist-packages/airflow/example_dags/example_branch_day_of_week_operator.py
[2023-11-28T00:47:07.097+0000] {logging_mixin.py:154} INFO - [2023-11-28T00:47:07.097+0000] {dag.py:2941} INFO - Sync 1 DAGs
[2023-11-28T00:47:07.121+0000] {logging_mixin.py:154} INFO - [2023-11-28T00:47:07.121+0000] {dag.py:3722} INFO - Setting next_dagrun for example_weekday_branch_operator to 2023-11-27T00:00:00+00:00, run_after=2023-11-28T00:00:00+00:00
[2023-11-28T00:47:07.144+0000] {processor.py:179} INFO - Processing /usr/local/lib/python3.10/dist-packages/airflow/example_dags/example_branch_day_of_week_operator.py took 0.079 seconds
[2023-11-28T00:47:50.350+0000] {processor.py:157} INFO - Started process (PID=3707) to work on /usr/local/lib/python3.10/dist-packages/airflow/example_dags/example_branch_day_of_week_operator.py
[2023-11-28T00:47:50.351+0000] {processor.py:829} INFO - Processing file /usr/local/lib/python3.10/dist-packages/airflow/example_dags/example_branch_day_of_week_operator.py for tasks to queue
[2023-11-28T00:47:50.352+0000] {logging_mixin.py:154} INFO - [2023-11-28T00:47:50.352+0000] {dagbag.py:536} INFO - Filling up the DagBag from /usr/local/lib/python3.10/dist-packages/airflow/example_dags/example_branch_day_of_week_operator.py
[2023-11-28T00:47:50.361+0000] {processor.py:839} INFO - DAG(s) dict_keys(['example_weekday_branch_operator']) retrieved from /usr/local/lib/python3.10/dist-packages/airflow/example_dags/example_branch_day_of_week_operator.py
[2023-11-28T00:47:50.379+0000] {logging_mixin.py:154} INFO - [2023-11-28T00:47:50.379+0000] {dag.py:2941} INFO - Sync 1 DAGs
[2023-11-28T00:47:50.401+0000] {logging_mixin.py:154} INFO - [2023-11-28T00:47:50.401+0000] {dag.py:3722} INFO - Setting next_dagrun for example_weekday_branch_operator to 2023-11-27T00:00:00+00:00, run_after=2023-11-28T00:00:00+00:00
[2023-11-28T00:47:50.426+0000] {processor.py:179} INFO - Processing /usr/local/lib/python3.10/dist-packages/airflow/example_dags/example_branch_day_of_week_operator.py took 0.079 seconds
[2023-11-28T00:48:38.453+0000] {processor.py:157} INFO - Started process (PID=3756) to work on /usr/local/lib/python3.10/dist-packages/airflow/example_dags/example_branch_day_of_week_operator.py
[2023-11-28T00:48:38.454+0000] {processor.py:829} INFO - Processing file /usr/local/lib/python3.10/dist-packages/airflow/example_dags/example_branch_day_of_week_operator.py for tasks to queue
[2023-11-28T00:48:38.455+0000] {logging_mixin.py:154} INFO - [2023-11-28T00:48:38.455+0000] {dagbag.py:536} INFO - Filling up the DagBag from /usr/local/lib/python3.10/dist-packages/airflow/example_dags/example_branch_day_of_week_operator.py
[2023-11-28T00:48:38.464+0000] {processor.py:839} INFO - DAG(s) dict_keys(['example_weekday_branch_operator']) retrieved from /usr/local/lib/python3.10/dist-packages/airflow/example_dags/example_branch_day_of_week_operator.py
[2023-11-28T00:48:38.482+0000] {logging_mixin.py:154} INFO - [2023-11-28T00:48:38.482+0000] {dag.py:2941} INFO - Sync 1 DAGs
[2023-11-28T00:48:38.505+0000] {logging_mixin.py:154} INFO - [2023-11-28T00:48:38.505+0000] {dag.py:3722} INFO - Setting next_dagrun for example_weekday_branch_operator to 2023-11-27T00:00:00+00:00, run_after=2023-11-28T00:00:00+00:00
[2023-11-28T00:48:38.527+0000] {processor.py:179} INFO - Processing /usr/local/lib/python3.10/dist-packages/airflow/example_dags/example_branch_day_of_week_operator.py took 0.078 seconds
[2023-11-28T00:49:22.012+0000] {processor.py:157} INFO - Started process (PID=3802) to work on /usr/local/lib/python3.10/dist-packages/airflow/example_dags/example_branch_day_of_week_operator.py
[2023-11-28T00:49:22.013+0000] {processor.py:829} INFO - Processing file /usr/local/lib/python3.10/dist-packages/airflow/example_dags/example_branch_day_of_week_operator.py for tasks to queue
[2023-11-28T00:49:22.014+0000] {logging_mixin.py:154} INFO - [2023-11-28T00:49:22.014+0000] {dagbag.py:536} INFO - Filling up the DagBag from /usr/local/lib/python3.10/dist-packages/airflow/example_dags/example_branch_day_of_week_operator.py
[2023-11-28T00:49:22.023+0000] {processor.py:839} INFO - DAG(s) dict_keys(['example_weekday_branch_operator']) retrieved from /usr/local/lib/python3.10/dist-packages/airflow/example_dags/example_branch_day_of_week_operator.py
[2023-11-28T00:49:22.042+0000] {logging_mixin.py:154} INFO - [2023-11-28T00:49:22.041+0000] {dag.py:2941} INFO - Sync 1 DAGs
[2023-11-28T00:49:22.064+0000] {logging_mixin.py:154} INFO - [2023-11-28T00:49:22.064+0000] {dag.py:3722} INFO - Setting next_dagrun for example_weekday_branch_operator to 2023-11-27T00:00:00+00:00, run_after=2023-11-28T00:00:00+00:00
[2023-11-28T00:49:22.088+0000] {processor.py:179} INFO - Processing /usr/local/lib/python3.10/dist-packages/airflow/example_dags/example_branch_day_of_week_operator.py took 0.080 seconds
[2023-11-28T00:50:09.387+0000] {processor.py:157} INFO - Started process (PID=3850) to work on /usr/local/lib/python3.10/dist-packages/airflow/example_dags/example_branch_day_of_week_operator.py
[2023-11-28T00:50:09.389+0000] {processor.py:829} INFO - Processing file /usr/local/lib/python3.10/dist-packages/airflow/example_dags/example_branch_day_of_week_operator.py for tasks to queue
[2023-11-28T00:50:09.390+0000] {logging_mixin.py:154} INFO - [2023-11-28T00:50:09.389+0000] {dagbag.py:536} INFO - Filling up the DagBag from /usr/local/lib/python3.10/dist-packages/airflow/example_dags/example_branch_day_of_week_operator.py
[2023-11-28T00:50:09.399+0000] {processor.py:839} INFO - DAG(s) dict_keys(['example_weekday_branch_operator']) retrieved from /usr/local/lib/python3.10/dist-packages/airflow/example_dags/example_branch_day_of_week_operator.py
[2023-11-28T00:50:09.418+0000] {logging_mixin.py:154} INFO - [2023-11-28T00:50:09.418+0000] {dag.py:2941} INFO - Sync 1 DAGs
[2023-11-28T00:50:09.442+0000] {logging_mixin.py:154} INFO - [2023-11-28T00:50:09.441+0000] {dag.py:3722} INFO - Setting next_dagrun for example_weekday_branch_operator to 2023-11-27T00:00:00+00:00, run_after=2023-11-28T00:00:00+00:00
[2023-11-28T00:50:09.468+0000] {processor.py:179} INFO - Processing /usr/local/lib/python3.10/dist-packages/airflow/example_dags/example_branch_day_of_week_operator.py took 0.084 seconds
[2023-11-28T00:50:56.816+0000] {processor.py:157} INFO - Started process (PID=3899) to work on /usr/local/lib/python3.10/dist-packages/airflow/example_dags/example_branch_day_of_week_operator.py
[2023-11-28T00:50:56.818+0000] {processor.py:829} INFO - Processing file /usr/local/lib/python3.10/dist-packages/airflow/example_dags/example_branch_day_of_week_operator.py for tasks to queue
[2023-11-28T00:50:56.819+0000] {logging_mixin.py:154} INFO - [2023-11-28T00:50:56.818+0000] {dagbag.py:536} INFO - Filling up the DagBag from /usr/local/lib/python3.10/dist-packages/airflow/example_dags/example_branch_day_of_week_operator.py
[2023-11-28T00:50:56.828+0000] {processor.py:839} INFO - DAG(s) dict_keys(['example_weekday_branch_operator']) retrieved from /usr/local/lib/python3.10/dist-packages/airflow/example_dags/example_branch_day_of_week_operator.py
[2023-11-28T00:50:56.846+0000] {logging_mixin.py:154} INFO - [2023-11-28T00:50:56.845+0000] {dag.py:2941} INFO - Sync 1 DAGs
[2023-11-28T00:50:56.867+0000] {logging_mixin.py:154} INFO - [2023-11-28T00:50:56.867+0000] {dag.py:3722} INFO - Setting next_dagrun for example_weekday_branch_operator to 2023-11-27T00:00:00+00:00, run_after=2023-11-28T00:00:00+00:00
[2023-11-28T00:50:56.890+0000] {processor.py:179} INFO - Processing /usr/local/lib/python3.10/dist-packages/airflow/example_dags/example_branch_day_of_week_operator.py took 0.077 seconds
[2023-11-28T00:51:42.641+0000] {processor.py:157} INFO - Started process (PID=3946) to work on /usr/local/lib/python3.10/dist-packages/airflow/example_dags/example_branch_day_of_week_operator.py
[2023-11-28T00:51:42.642+0000] {processor.py:829} INFO - Processing file /usr/local/lib/python3.10/dist-packages/airflow/example_dags/example_branch_day_of_week_operator.py for tasks to queue
[2023-11-28T00:51:42.643+0000] {logging_mixin.py:154} INFO - [2023-11-28T00:51:42.643+0000] {dagbag.py:536} INFO - Filling up the DagBag from /usr/local/lib/python3.10/dist-packages/airflow/example_dags/example_branch_day_of_week_operator.py
[2023-11-28T00:51:42.652+0000] {processor.py:839} INFO - DAG(s) dict_keys(['example_weekday_branch_operator']) retrieved from /usr/local/lib/python3.10/dist-packages/airflow/example_dags/example_branch_day_of_week_operator.py
[2023-11-28T00:51:42.670+0000] {logging_mixin.py:154} INFO - [2023-11-28T00:51:42.670+0000] {dag.py:2941} INFO - Sync 1 DAGs
[2023-11-28T00:51:42.692+0000] {logging_mixin.py:154} INFO - [2023-11-28T00:51:42.692+0000] {dag.py:3722} INFO - Setting next_dagrun for example_weekday_branch_operator to 2023-11-27T00:00:00+00:00, run_after=2023-11-28T00:00:00+00:00
[2023-11-28T00:51:42.714+0000] {processor.py:179} INFO - Processing /usr/local/lib/python3.10/dist-packages/airflow/example_dags/example_branch_day_of_week_operator.py took 0.077 seconds
[2023-11-28T00:52:28.633+0000] {processor.py:157} INFO - Started process (PID=4337) to work on /usr/local/lib/python3.10/dist-packages/airflow/example_dags/example_branch_day_of_week_operator.py
[2023-11-28T00:52:28.634+0000] {processor.py:829} INFO - Processing file /usr/local/lib/python3.10/dist-packages/airflow/example_dags/example_branch_day_of_week_operator.py for tasks to queue
[2023-11-28T00:52:28.635+0000] {logging_mixin.py:154} INFO - [2023-11-28T00:52:28.635+0000] {dagbag.py:536} INFO - Filling up the DagBag from /usr/local/lib/python3.10/dist-packages/airflow/example_dags/example_branch_day_of_week_operator.py
[2023-11-28T00:52:28.644+0000] {processor.py:839} INFO - DAG(s) dict_keys(['example_weekday_branch_operator']) retrieved from /usr/local/lib/python3.10/dist-packages/airflow/example_dags/example_branch_day_of_week_operator.py
[2023-11-28T00:52:28.662+0000] {logging_mixin.py:154} INFO - [2023-11-28T00:52:28.662+0000] {dag.py:2941} INFO - Sync 1 DAGs
[2023-11-28T00:52:28.686+0000] {logging_mixin.py:154} INFO - [2023-11-28T00:52:28.686+0000] {dag.py:3722} INFO - Setting next_dagrun for example_weekday_branch_operator to 2023-11-27T00:00:00+00:00, run_after=2023-11-28T00:00:00+00:00
[2023-11-28T00:52:28.709+0000] {processor.py:179} INFO - Processing /usr/local/lib/python3.10/dist-packages/airflow/example_dags/example_branch_day_of_week_operator.py took 0.079 seconds
[2023-11-28T00:53:15.727+0000] {processor.py:157} INFO - Started process (PID=4453) to work on /usr/local/lib/python3.10/dist-packages/airflow/example_dags/example_branch_day_of_week_operator.py
[2023-11-28T00:53:15.728+0000] {processor.py:829} INFO - Processing file /usr/local/lib/python3.10/dist-packages/airflow/example_dags/example_branch_day_of_week_operator.py for tasks to queue
[2023-11-28T00:53:15.729+0000] {logging_mixin.py:154} INFO - [2023-11-28T00:53:15.729+0000] {dagbag.py:536} INFO - Filling up the DagBag from /usr/local/lib/python3.10/dist-packages/airflow/example_dags/example_branch_day_of_week_operator.py
[2023-11-28T00:53:15.738+0000] {processor.py:839} INFO - DAG(s) dict_keys(['example_weekday_branch_operator']) retrieved from /usr/local/lib/python3.10/dist-packages/airflow/example_dags/example_branch_day_of_week_operator.py
[2023-11-28T00:53:15.755+0000] {logging_mixin.py:154} INFO - [2023-11-28T00:53:15.755+0000] {dag.py:2941} INFO - Sync 1 DAGs
[2023-11-28T00:53:15.777+0000] {logging_mixin.py:154} INFO - [2023-11-28T00:53:15.777+0000] {dag.py:3722} INFO - Setting next_dagrun for example_weekday_branch_operator to 2023-11-27T00:00:00+00:00, run_after=2023-11-28T00:00:00+00:00
[2023-11-28T00:53:15.800+0000] {processor.py:179} INFO - Processing /usr/local/lib/python3.10/dist-packages/airflow/example_dags/example_branch_day_of_week_operator.py took 0.076 seconds
[2023-11-28T00:54:02.636+0000] {processor.py:157} INFO - Started process (PID=4827) to work on /usr/local/lib/python3.10/dist-packages/airflow/example_dags/example_branch_day_of_week_operator.py
[2023-11-28T00:54:02.637+0000] {processor.py:829} INFO - Processing file /usr/local/lib/python3.10/dist-packages/airflow/example_dags/example_branch_day_of_week_operator.py for tasks to queue
[2023-11-28T00:54:02.638+0000] {logging_mixin.py:154} INFO - [2023-11-28T00:54:02.638+0000] {dagbag.py:536} INFO - Filling up the DagBag from /usr/local/lib/python3.10/dist-packages/airflow/example_dags/example_branch_day_of_week_operator.py
[2023-11-28T00:54:02.647+0000] {processor.py:839} INFO - DAG(s) dict_keys(['example_weekday_branch_operator']) retrieved from /usr/local/lib/python3.10/dist-packages/airflow/example_dags/example_branch_day_of_week_operator.py
[2023-11-28T00:54:02.665+0000] {logging_mixin.py:154} INFO - [2023-11-28T00:54:02.665+0000] {dag.py:2941} INFO - Sync 1 DAGs
[2023-11-28T00:54:02.688+0000] {logging_mixin.py:154} INFO - [2023-11-28T00:54:02.688+0000] {dag.py:3722} INFO - Setting next_dagrun for example_weekday_branch_operator to 2023-11-27T00:00:00+00:00, run_after=2023-11-28T00:00:00+00:00
[2023-11-28T00:54:02.711+0000] {processor.py:179} INFO - Processing /usr/local/lib/python3.10/dist-packages/airflow/example_dags/example_branch_day_of_week_operator.py took 0.078 seconds
[2023-11-28T00:54:44.365+0000] {processor.py:157} INFO - Started process (PID=4913) to work on /usr/local/lib/python3.10/dist-packages/airflow/example_dags/example_branch_day_of_week_operator.py
[2023-11-28T00:54:44.366+0000] {processor.py:829} INFO - Processing file /usr/local/lib/python3.10/dist-packages/airflow/example_dags/example_branch_day_of_week_operator.py for tasks to queue
[2023-11-28T00:54:44.367+0000] {logging_mixin.py:154} INFO - [2023-11-28T00:54:44.367+0000] {dagbag.py:536} INFO - Filling up the DagBag from /usr/local/lib/python3.10/dist-packages/airflow/example_dags/example_branch_day_of_week_operator.py
[2023-11-28T00:54:44.376+0000] {processor.py:839} INFO - DAG(s) dict_keys(['example_weekday_branch_operator']) retrieved from /usr/local/lib/python3.10/dist-packages/airflow/example_dags/example_branch_day_of_week_operator.py
[2023-11-28T00:54:44.393+0000] {logging_mixin.py:154} INFO - [2023-11-28T00:54:44.393+0000] {dag.py:2941} INFO - Sync 1 DAGs
[2023-11-28T00:54:44.415+0000] {logging_mixin.py:154} INFO - [2023-11-28T00:54:44.415+0000] {dag.py:3722} INFO - Setting next_dagrun for example_weekday_branch_operator to 2023-11-27T00:00:00+00:00, run_after=2023-11-28T00:00:00+00:00
[2023-11-28T00:54:44.437+0000] {processor.py:179} INFO - Processing /usr/local/lib/python3.10/dist-packages/airflow/example_dags/example_branch_day_of_week_operator.py took 0.076 seconds
[2023-11-28T00:55:30.344+0000] {processor.py:157} INFO - Started process (PID=4961) to work on /usr/local/lib/python3.10/dist-packages/airflow/example_dags/example_branch_day_of_week_operator.py
[2023-11-28T00:55:30.345+0000] {processor.py:829} INFO - Processing file /usr/local/lib/python3.10/dist-packages/airflow/example_dags/example_branch_day_of_week_operator.py for tasks to queue
[2023-11-28T00:55:30.346+0000] {logging_mixin.py:154} INFO - [2023-11-28T00:55:30.346+0000] {dagbag.py:536} INFO - Filling up the DagBag from /usr/local/lib/python3.10/dist-packages/airflow/example_dags/example_branch_day_of_week_operator.py
[2023-11-28T00:55:30.355+0000] {processor.py:839} INFO - DAG(s) dict_keys(['example_weekday_branch_operator']) retrieved from /usr/local/lib/python3.10/dist-packages/airflow/example_dags/example_branch_day_of_week_operator.py
[2023-11-28T00:55:30.373+0000] {logging_mixin.py:154} INFO - [2023-11-28T00:55:30.373+0000] {dag.py:2941} INFO - Sync 1 DAGs
[2023-11-28T00:55:30.397+0000] {logging_mixin.py:154} INFO - [2023-11-28T00:55:30.396+0000] {dag.py:3722} INFO - Setting next_dagrun for example_weekday_branch_operator to 2023-11-27T00:00:00+00:00, run_after=2023-11-28T00:00:00+00:00
[2023-11-28T00:55:30.419+0000] {processor.py:179} INFO - Processing /usr/local/lib/python3.10/dist-packages/airflow/example_dags/example_branch_day_of_week_operator.py took 0.079 seconds
[2023-11-28T00:56:16.258+0000] {processor.py:157} INFO - Started process (PID=5326) to work on /usr/local/lib/python3.10/dist-packages/airflow/example_dags/example_branch_day_of_week_operator.py
[2023-11-28T00:56:16.260+0000] {processor.py:829} INFO - Processing file /usr/local/lib/python3.10/dist-packages/airflow/example_dags/example_branch_day_of_week_operator.py for tasks to queue
[2023-11-28T00:56:16.260+0000] {logging_mixin.py:154} INFO - [2023-11-28T00:56:16.260+0000] {dagbag.py:536} INFO - Filling up the DagBag from /usr/local/lib/python3.10/dist-packages/airflow/example_dags/example_branch_day_of_week_operator.py
[2023-11-28T00:56:16.269+0000] {processor.py:839} INFO - DAG(s) dict_keys(['example_weekday_branch_operator']) retrieved from /usr/local/lib/python3.10/dist-packages/airflow/example_dags/example_branch_day_of_week_operator.py
[2023-11-28T00:56:16.287+0000] {logging_mixin.py:154} INFO - [2023-11-28T00:56:16.287+0000] {dag.py:2941} INFO - Sync 1 DAGs
[2023-11-28T00:56:16.309+0000] {logging_mixin.py:154} INFO - [2023-11-28T00:56:16.309+0000] {dag.py:3722} INFO - Setting next_dagrun for example_weekday_branch_operator to 2023-11-27T00:00:00+00:00, run_after=2023-11-28T00:00:00+00:00
[2023-11-28T00:56:16.331+0000] {processor.py:179} INFO - Processing /usr/local/lib/python3.10/dist-packages/airflow/example_dags/example_branch_day_of_week_operator.py took 0.076 seconds
[2023-11-28T00:57:04.570+0000] {processor.py:157} INFO - Started process (PID=5375) to work on /usr/local/lib/python3.10/dist-packages/airflow/example_dags/example_branch_day_of_week_operator.py
[2023-11-28T00:57:04.571+0000] {processor.py:829} INFO - Processing file /usr/local/lib/python3.10/dist-packages/airflow/example_dags/example_branch_day_of_week_operator.py for tasks to queue
[2023-11-28T00:57:04.572+0000] {logging_mixin.py:154} INFO - [2023-11-28T00:57:04.571+0000] {dagbag.py:536} INFO - Filling up the DagBag from /usr/local/lib/python3.10/dist-packages/airflow/example_dags/example_branch_day_of_week_operator.py
[2023-11-28T00:57:04.580+0000] {processor.py:839} INFO - DAG(s) dict_keys(['example_weekday_branch_operator']) retrieved from /usr/local/lib/python3.10/dist-packages/airflow/example_dags/example_branch_day_of_week_operator.py
[2023-11-28T00:57:04.600+0000] {logging_mixin.py:154} INFO - [2023-11-28T00:57:04.600+0000] {dag.py:2941} INFO - Sync 1 DAGs
[2023-11-28T00:57:04.623+0000] {logging_mixin.py:154} INFO - [2023-11-28T00:57:04.623+0000] {dag.py:3722} INFO - Setting next_dagrun for example_weekday_branch_operator to 2023-11-27T00:00:00+00:00, run_after=2023-11-28T00:00:00+00:00
[2023-11-28T00:57:04.672+0000] {processor.py:179} INFO - Processing /usr/local/lib/python3.10/dist-packages/airflow/example_dags/example_branch_day_of_week_operator.py took 0.106 seconds
[2023-11-28T00:57:51.042+0000] {processor.py:157} INFO - Started process (PID=5425) to work on /usr/local/lib/python3.10/dist-packages/airflow/example_dags/example_branch_day_of_week_operator.py
[2023-11-28T00:57:51.044+0000] {processor.py:829} INFO - Processing file /usr/local/lib/python3.10/dist-packages/airflow/example_dags/example_branch_day_of_week_operator.py for tasks to queue
[2023-11-28T00:57:51.044+0000] {logging_mixin.py:154} INFO - [2023-11-28T00:57:51.044+0000] {dagbag.py:536} INFO - Filling up the DagBag from /usr/local/lib/python3.10/dist-packages/airflow/example_dags/example_branch_day_of_week_operator.py
[2023-11-28T00:57:51.053+0000] {processor.py:839} INFO - DAG(s) dict_keys(['example_weekday_branch_operator']) retrieved from /usr/local/lib/python3.10/dist-packages/airflow/example_dags/example_branch_day_of_week_operator.py
[2023-11-28T00:57:51.071+0000] {logging_mixin.py:154} INFO - [2023-11-28T00:57:51.071+0000] {dag.py:2941} INFO - Sync 1 DAGs
[2023-11-28T00:57:51.093+0000] {logging_mixin.py:154} INFO - [2023-11-28T00:57:51.093+0000] {dag.py:3722} INFO - Setting next_dagrun for example_weekday_branch_operator to 2023-11-27T00:00:00+00:00, run_after=2023-11-28T00:00:00+00:00
[2023-11-28T00:57:51.116+0000] {processor.py:179} INFO - Processing /usr/local/lib/python3.10/dist-packages/airflow/example_dags/example_branch_day_of_week_operator.py took 0.077 seconds
[2023-11-28T00:58:37.264+0000] {processor.py:157} INFO - Started process (PID=5472) to work on /usr/local/lib/python3.10/dist-packages/airflow/example_dags/example_branch_day_of_week_operator.py
[2023-11-28T00:58:37.265+0000] {processor.py:829} INFO - Processing file /usr/local/lib/python3.10/dist-packages/airflow/example_dags/example_branch_day_of_week_operator.py for tasks to queue
[2023-11-28T00:58:37.266+0000] {logging_mixin.py:154} INFO - [2023-11-28T00:58:37.266+0000] {dagbag.py:536} INFO - Filling up the DagBag from /usr/local/lib/python3.10/dist-packages/airflow/example_dags/example_branch_day_of_week_operator.py
[2023-11-28T00:58:37.275+0000] {processor.py:839} INFO - DAG(s) dict_keys(['example_weekday_branch_operator']) retrieved from /usr/local/lib/python3.10/dist-packages/airflow/example_dags/example_branch_day_of_week_operator.py
[2023-11-28T00:58:37.293+0000] {logging_mixin.py:154} INFO - [2023-11-28T00:58:37.293+0000] {dag.py:2941} INFO - Sync 1 DAGs
[2023-11-28T00:58:37.315+0000] {logging_mixin.py:154} INFO - [2023-11-28T00:58:37.315+0000] {dag.py:3722} INFO - Setting next_dagrun for example_weekday_branch_operator to 2023-11-27T00:00:00+00:00, run_after=2023-11-28T00:00:00+00:00
[2023-11-28T00:58:37.337+0000] {processor.py:179} INFO - Processing /usr/local/lib/python3.10/dist-packages/airflow/example_dags/example_branch_day_of_week_operator.py took 0.076 seconds
[2023-11-28T00:59:25.218+0000] {processor.py:157} INFO - Started process (PID=5522) to work on /usr/local/lib/python3.10/dist-packages/airflow/example_dags/example_branch_day_of_week_operator.py
[2023-11-28T00:59:25.219+0000] {processor.py:829} INFO - Processing file /usr/local/lib/python3.10/dist-packages/airflow/example_dags/example_branch_day_of_week_operator.py for tasks to queue
[2023-11-28T00:59:25.220+0000] {logging_mixin.py:154} INFO - [2023-11-28T00:59:25.220+0000] {dagbag.py:536} INFO - Filling up the DagBag from /usr/local/lib/python3.10/dist-packages/airflow/example_dags/example_branch_day_of_week_operator.py
[2023-11-28T00:59:25.228+0000] {processor.py:839} INFO - DAG(s) dict_keys(['example_weekday_branch_operator']) retrieved from /usr/local/lib/python3.10/dist-packages/airflow/example_dags/example_branch_day_of_week_operator.py
[2023-11-28T00:59:25.247+0000] {logging_mixin.py:154} INFO - [2023-11-28T00:59:25.247+0000] {dag.py:2941} INFO - Sync 1 DAGs
[2023-11-28T00:59:25.270+0000] {logging_mixin.py:154} INFO - [2023-11-28T00:59:25.269+0000] {dag.py:3722} INFO - Setting next_dagrun for example_weekday_branch_operator to 2023-11-27T00:00:00+00:00, run_after=2023-11-28T00:00:00+00:00
[2023-11-28T00:59:25.293+0000] {processor.py:179} INFO - Processing /usr/local/lib/python3.10/dist-packages/airflow/example_dags/example_branch_day_of_week_operator.py took 0.079 seconds
[2023-11-28T01:00:09.308+0000] {processor.py:157} INFO - Started process (PID=5568) to work on /usr/local/lib/python3.10/dist-packages/airflow/example_dags/example_branch_day_of_week_operator.py
[2023-11-28T01:00:09.309+0000] {processor.py:829} INFO - Processing file /usr/local/lib/python3.10/dist-packages/airflow/example_dags/example_branch_day_of_week_operator.py for tasks to queue
[2023-11-28T01:00:09.310+0000] {logging_mixin.py:154} INFO - [2023-11-28T01:00:09.310+0000] {dagbag.py:536} INFO - Filling up the DagBag from /usr/local/lib/python3.10/dist-packages/airflow/example_dags/example_branch_day_of_week_operator.py
[2023-11-28T01:00:09.319+0000] {processor.py:839} INFO - DAG(s) dict_keys(['example_weekday_branch_operator']) retrieved from /usr/local/lib/python3.10/dist-packages/airflow/example_dags/example_branch_day_of_week_operator.py
[2023-11-28T01:00:09.339+0000] {logging_mixin.py:154} INFO - [2023-11-28T01:00:09.338+0000] {dag.py:2941} INFO - Sync 1 DAGs
[2023-11-28T01:00:09.362+0000] {logging_mixin.py:154} INFO - [2023-11-28T01:00:09.362+0000] {dag.py:3722} INFO - Setting next_dagrun for example_weekday_branch_operator to 2023-11-27T00:00:00+00:00, run_after=2023-11-28T00:00:00+00:00
[2023-11-28T01:00:09.386+0000] {processor.py:179} INFO - Processing /usr/local/lib/python3.10/dist-packages/airflow/example_dags/example_branch_day_of_week_operator.py took 0.082 seconds
[2023-11-28T01:00:52.902+0000] {processor.py:157} INFO - Started process (PID=5613) to work on /usr/local/lib/python3.10/dist-packages/airflow/example_dags/example_branch_day_of_week_operator.py
[2023-11-28T01:00:52.904+0000] {processor.py:829} INFO - Processing file /usr/local/lib/python3.10/dist-packages/airflow/example_dags/example_branch_day_of_week_operator.py for tasks to queue
[2023-11-28T01:00:52.905+0000] {logging_mixin.py:154} INFO - [2023-11-28T01:00:52.904+0000] {dagbag.py:536} INFO - Filling up the DagBag from /usr/local/lib/python3.10/dist-packages/airflow/example_dags/example_branch_day_of_week_operator.py
[2023-11-28T01:00:52.914+0000] {processor.py:839} INFO - DAG(s) dict_keys(['example_weekday_branch_operator']) retrieved from /usr/local/lib/python3.10/dist-packages/airflow/example_dags/example_branch_day_of_week_operator.py
[2023-11-28T01:00:52.934+0000] {logging_mixin.py:154} INFO - [2023-11-28T01:00:52.933+0000] {dag.py:2941} INFO - Sync 1 DAGs
[2023-11-28T01:00:52.957+0000] {logging_mixin.py:154} INFO - [2023-11-28T01:00:52.957+0000] {dag.py:3722} INFO - Setting next_dagrun for example_weekday_branch_operator to 2023-11-27T00:00:00+00:00, run_after=2023-11-28T00:00:00+00:00
[2023-11-28T01:00:52.983+0000] {processor.py:179} INFO - Processing /usr/local/lib/python3.10/dist-packages/airflow/example_dags/example_branch_day_of_week_operator.py took 0.084 seconds
[2023-11-28T01:01:38.118+0000] {processor.py:157} INFO - Started process (PID=5660) to work on /usr/local/lib/python3.10/dist-packages/airflow/example_dags/example_branch_day_of_week_operator.py
[2023-11-28T01:01:38.120+0000] {processor.py:829} INFO - Processing file /usr/local/lib/python3.10/dist-packages/airflow/example_dags/example_branch_day_of_week_operator.py for tasks to queue
[2023-11-28T01:01:38.121+0000] {logging_mixin.py:154} INFO - [2023-11-28T01:01:38.120+0000] {dagbag.py:536} INFO - Filling up the DagBag from /usr/local/lib/python3.10/dist-packages/airflow/example_dags/example_branch_day_of_week_operator.py
[2023-11-28T01:01:38.129+0000] {processor.py:839} INFO - DAG(s) dict_keys(['example_weekday_branch_operator']) retrieved from /usr/local/lib/python3.10/dist-packages/airflow/example_dags/example_branch_day_of_week_operator.py
[2023-11-28T01:01:38.148+0000] {logging_mixin.py:154} INFO - [2023-11-28T01:01:38.148+0000] {dag.py:2941} INFO - Sync 1 DAGs
[2023-11-28T01:01:38.170+0000] {logging_mixin.py:154} INFO - [2023-11-28T01:01:38.170+0000] {dag.py:3722} INFO - Setting next_dagrun for example_weekday_branch_operator to 2023-11-27T00:00:00+00:00, run_after=2023-11-28T00:00:00+00:00
[2023-11-28T01:01:38.193+0000] {processor.py:179} INFO - Processing /usr/local/lib/python3.10/dist-packages/airflow/example_dags/example_branch_day_of_week_operator.py took 0.078 seconds
[2023-11-28T01:02:21.889+0000] {processor.py:157} INFO - Started process (PID=5706) to work on /usr/local/lib/python3.10/dist-packages/airflow/example_dags/example_branch_day_of_week_operator.py
[2023-11-28T01:02:21.891+0000] {processor.py:829} INFO - Processing file /usr/local/lib/python3.10/dist-packages/airflow/example_dags/example_branch_day_of_week_operator.py for tasks to queue
[2023-11-28T01:02:21.891+0000] {logging_mixin.py:154} INFO - [2023-11-28T01:02:21.891+0000] {dagbag.py:536} INFO - Filling up the DagBag from /usr/local/lib/python3.10/dist-packages/airflow/example_dags/example_branch_day_of_week_operator.py
[2023-11-28T01:02:21.900+0000] {processor.py:839} INFO - DAG(s) dict_keys(['example_weekday_branch_operator']) retrieved from /usr/local/lib/python3.10/dist-packages/airflow/example_dags/example_branch_day_of_week_operator.py
[2023-11-28T01:02:21.919+0000] {logging_mixin.py:154} INFO - [2023-11-28T01:02:21.919+0000] {dag.py:2941} INFO - Sync 1 DAGs
[2023-11-28T01:02:21.941+0000] {logging_mixin.py:154} INFO - [2023-11-28T01:02:21.941+0000] {dag.py:3722} INFO - Setting next_dagrun for example_weekday_branch_operator to 2023-11-27T00:00:00+00:00, run_after=2023-11-28T00:00:00+00:00
[2023-11-28T01:02:21.964+0000] {processor.py:179} INFO - Processing /usr/local/lib/python3.10/dist-packages/airflow/example_dags/example_branch_day_of_week_operator.py took 0.078 seconds
[2023-11-28T01:03:06.650+0000] {processor.py:157} INFO - Started process (PID=5752) to work on /usr/local/lib/python3.10/dist-packages/airflow/example_dags/example_branch_day_of_week_operator.py
[2023-11-28T01:03:06.652+0000] {processor.py:829} INFO - Processing file /usr/local/lib/python3.10/dist-packages/airflow/example_dags/example_branch_day_of_week_operator.py for tasks to queue
[2023-11-28T01:03:06.652+0000] {logging_mixin.py:154} INFO - [2023-11-28T01:03:06.652+0000] {dagbag.py:536} INFO - Filling up the DagBag from /usr/local/lib/python3.10/dist-packages/airflow/example_dags/example_branch_day_of_week_operator.py
[2023-11-28T01:03:06.661+0000] {processor.py:839} INFO - DAG(s) dict_keys(['example_weekday_branch_operator']) retrieved from /usr/local/lib/python3.10/dist-packages/airflow/example_dags/example_branch_day_of_week_operator.py
[2023-11-28T01:03:06.680+0000] {logging_mixin.py:154} INFO - [2023-11-28T01:03:06.680+0000] {dag.py:2941} INFO - Sync 1 DAGs
[2023-11-28T01:03:06.704+0000] {logging_mixin.py:154} INFO - [2023-11-28T01:03:06.703+0000] {dag.py:3722} INFO - Setting next_dagrun for example_weekday_branch_operator to 2023-11-27T00:00:00+00:00, run_after=2023-11-28T00:00:00+00:00
[2023-11-28T01:03:06.727+0000] {processor.py:179} INFO - Processing /usr/local/lib/python3.10/dist-packages/airflow/example_dags/example_branch_day_of_week_operator.py took 0.081 seconds
[2023-11-28T01:03:51.866+0000] {processor.py:157} INFO - Started process (PID=5913) to work on /usr/local/lib/python3.10/dist-packages/airflow/example_dags/example_branch_day_of_week_operator.py
[2023-11-28T01:03:51.867+0000] {processor.py:829} INFO - Processing file /usr/local/lib/python3.10/dist-packages/airflow/example_dags/example_branch_day_of_week_operator.py for tasks to queue
[2023-11-28T01:03:51.868+0000] {logging_mixin.py:154} INFO - [2023-11-28T01:03:51.868+0000] {dagbag.py:536} INFO - Filling up the DagBag from /usr/local/lib/python3.10/dist-packages/airflow/example_dags/example_branch_day_of_week_operator.py
[2023-11-28T01:03:51.877+0000] {processor.py:839} INFO - DAG(s) dict_keys(['example_weekday_branch_operator']) retrieved from /usr/local/lib/python3.10/dist-packages/airflow/example_dags/example_branch_day_of_week_operator.py
[2023-11-28T01:03:51.895+0000] {logging_mixin.py:154} INFO - [2023-11-28T01:03:51.895+0000] {dag.py:2941} INFO - Sync 1 DAGs
[2023-11-28T01:03:51.918+0000] {logging_mixin.py:154} INFO - [2023-11-28T01:03:51.918+0000] {dag.py:3722} INFO - Setting next_dagrun for example_weekday_branch_operator to 2023-11-27T00:00:00+00:00, run_after=2023-11-28T00:00:00+00:00
[2023-11-28T01:03:51.941+0000] {processor.py:179} INFO - Processing /usr/local/lib/python3.10/dist-packages/airflow/example_dags/example_branch_day_of_week_operator.py took 0.078 seconds
[2023-11-28T01:04:38.329+0000] {processor.py:157} INFO - Started process (PID=5961) to work on /usr/local/lib/python3.10/dist-packages/airflow/example_dags/example_branch_day_of_week_operator.py
[2023-11-28T01:04:38.330+0000] {processor.py:829} INFO - Processing file /usr/local/lib/python3.10/dist-packages/airflow/example_dags/example_branch_day_of_week_operator.py for tasks to queue
[2023-11-28T01:04:38.331+0000] {logging_mixin.py:154} INFO - [2023-11-28T01:04:38.330+0000] {dagbag.py:536} INFO - Filling up the DagBag from /usr/local/lib/python3.10/dist-packages/airflow/example_dags/example_branch_day_of_week_operator.py
[2023-11-28T01:04:38.340+0000] {processor.py:839} INFO - DAG(s) dict_keys(['example_weekday_branch_operator']) retrieved from /usr/local/lib/python3.10/dist-packages/airflow/example_dags/example_branch_day_of_week_operator.py
[2023-11-28T01:04:38.358+0000] {logging_mixin.py:154} INFO - [2023-11-28T01:04:38.358+0000] {dag.py:2941} INFO - Sync 1 DAGs
[2023-11-28T01:04:38.380+0000] {logging_mixin.py:154} INFO - [2023-11-28T01:04:38.380+0000] {dag.py:3722} INFO - Setting next_dagrun for example_weekday_branch_operator to 2023-11-27T00:00:00+00:00, run_after=2023-11-28T00:00:00+00:00
[2023-11-28T01:04:38.402+0000] {processor.py:179} INFO - Processing /usr/local/lib/python3.10/dist-packages/airflow/example_dags/example_branch_day_of_week_operator.py took 0.077 seconds
[2023-11-28T01:05:20.541+0000] {processor.py:157} INFO - Started process (PID=6006) to work on /usr/local/lib/python3.10/dist-packages/airflow/example_dags/example_branch_day_of_week_operator.py
[2023-11-28T01:05:20.542+0000] {processor.py:829} INFO - Processing file /usr/local/lib/python3.10/dist-packages/airflow/example_dags/example_branch_day_of_week_operator.py for tasks to queue
[2023-11-28T01:05:20.543+0000] {logging_mixin.py:154} INFO - [2023-11-28T01:05:20.543+0000] {dagbag.py:536} INFO - Filling up the DagBag from /usr/local/lib/python3.10/dist-packages/airflow/example_dags/example_branch_day_of_week_operator.py
[2023-11-28T01:05:20.552+0000] {processor.py:839} INFO - DAG(s) dict_keys(['example_weekday_branch_operator']) retrieved from /usr/local/lib/python3.10/dist-packages/airflow/example_dags/example_branch_day_of_week_operator.py
[2023-11-28T01:05:20.572+0000] {logging_mixin.py:154} INFO - [2023-11-28T01:05:20.571+0000] {dag.py:2941} INFO - Sync 1 DAGs
[2023-11-28T01:05:20.595+0000] {logging_mixin.py:154} INFO - [2023-11-28T01:05:20.595+0000] {dag.py:3722} INFO - Setting next_dagrun for example_weekday_branch_operator to 2023-11-27T00:00:00+00:00, run_after=2023-11-28T00:00:00+00:00
[2023-11-28T01:05:20.620+0000] {processor.py:179} INFO - Processing /usr/local/lib/python3.10/dist-packages/airflow/example_dags/example_branch_day_of_week_operator.py took 0.083 seconds
[2023-11-28T01:06:07.100+0000] {processor.py:157} INFO - Started process (PID=6053) to work on /usr/local/lib/python3.10/dist-packages/airflow/example_dags/example_branch_day_of_week_operator.py
[2023-11-28T01:06:07.101+0000] {processor.py:829} INFO - Processing file /usr/local/lib/python3.10/dist-packages/airflow/example_dags/example_branch_day_of_week_operator.py for tasks to queue
[2023-11-28T01:06:07.102+0000] {logging_mixin.py:154} INFO - [2023-11-28T01:06:07.102+0000] {dagbag.py:536} INFO - Filling up the DagBag from /usr/local/lib/python3.10/dist-packages/airflow/example_dags/example_branch_day_of_week_operator.py
[2023-11-28T01:06:07.111+0000] {processor.py:839} INFO - DAG(s) dict_keys(['example_weekday_branch_operator']) retrieved from /usr/local/lib/python3.10/dist-packages/airflow/example_dags/example_branch_day_of_week_operator.py
[2023-11-28T01:06:07.129+0000] {logging_mixin.py:154} INFO - [2023-11-28T01:06:07.129+0000] {dag.py:2941} INFO - Sync 1 DAGs
[2023-11-28T01:06:07.152+0000] {logging_mixin.py:154} INFO - [2023-11-28T01:06:07.151+0000] {dag.py:3722} INFO - Setting next_dagrun for example_weekday_branch_operator to 2023-11-27T00:00:00+00:00, run_after=2023-11-28T00:00:00+00:00
[2023-11-28T01:06:07.174+0000] {processor.py:179} INFO - Processing /usr/local/lib/python3.10/dist-packages/airflow/example_dags/example_branch_day_of_week_operator.py took 0.078 seconds
[2023-11-28T01:06:51.074+0000] {processor.py:157} INFO - Started process (PID=6099) to work on /usr/local/lib/python3.10/dist-packages/airflow/example_dags/example_branch_day_of_week_operator.py
[2023-11-28T01:06:51.075+0000] {processor.py:829} INFO - Processing file /usr/local/lib/python3.10/dist-packages/airflow/example_dags/example_branch_day_of_week_operator.py for tasks to queue
[2023-11-28T01:06:51.076+0000] {logging_mixin.py:154} INFO - [2023-11-28T01:06:51.075+0000] {dagbag.py:536} INFO - Filling up the DagBag from /usr/local/lib/python3.10/dist-packages/airflow/example_dags/example_branch_day_of_week_operator.py
[2023-11-28T01:06:51.084+0000] {processor.py:839} INFO - DAG(s) dict_keys(['example_weekday_branch_operator']) retrieved from /usr/local/lib/python3.10/dist-packages/airflow/example_dags/example_branch_day_of_week_operator.py
[2023-11-28T01:06:51.103+0000] {logging_mixin.py:154} INFO - [2023-11-28T01:06:51.102+0000] {dag.py:2941} INFO - Sync 1 DAGs
[2023-11-28T01:06:51.125+0000] {logging_mixin.py:154} INFO - [2023-11-28T01:06:51.125+0000] {dag.py:3722} INFO - Setting next_dagrun for example_weekday_branch_operator to 2023-11-27T00:00:00+00:00, run_after=2023-11-28T00:00:00+00:00
[2023-11-28T01:06:51.147+0000] {processor.py:179} INFO - Processing /usr/local/lib/python3.10/dist-packages/airflow/example_dags/example_branch_day_of_week_operator.py took 0.077 seconds
[2023-11-28T01:07:40.861+0000] {processor.py:157} INFO - Started process (PID=6149) to work on /usr/local/lib/python3.10/dist-packages/airflow/example_dags/example_branch_day_of_week_operator.py
[2023-11-28T01:07:40.863+0000] {processor.py:829} INFO - Processing file /usr/local/lib/python3.10/dist-packages/airflow/example_dags/example_branch_day_of_week_operator.py for tasks to queue
[2023-11-28T01:07:40.864+0000] {logging_mixin.py:154} INFO - [2023-11-28T01:07:40.864+0000] {dagbag.py:536} INFO - Filling up the DagBag from /usr/local/lib/python3.10/dist-packages/airflow/example_dags/example_branch_day_of_week_operator.py
[2023-11-28T01:07:40.873+0000] {processor.py:839} INFO - DAG(s) dict_keys(['example_weekday_branch_operator']) retrieved from /usr/local/lib/python3.10/dist-packages/airflow/example_dags/example_branch_day_of_week_operator.py
[2023-11-28T01:07:40.892+0000] {logging_mixin.py:154} INFO - [2023-11-28T01:07:40.892+0000] {dag.py:2941} INFO - Sync 1 DAGs
[2023-11-28T01:07:40.915+0000] {logging_mixin.py:154} INFO - [2023-11-28T01:07:40.915+0000] {dag.py:3722} INFO - Setting next_dagrun for example_weekday_branch_operator to 2023-11-27T00:00:00+00:00, run_after=2023-11-28T00:00:00+00:00
[2023-11-28T01:07:40.938+0000] {processor.py:179} INFO - Processing /usr/local/lib/python3.10/dist-packages/airflow/example_dags/example_branch_day_of_week_operator.py took 0.080 seconds
[2023-11-28T01:08:30.413+0000] {processor.py:157} INFO - Started process (PID=6200) to work on /usr/local/lib/python3.10/dist-packages/airflow/example_dags/example_branch_day_of_week_operator.py
[2023-11-28T01:08:30.414+0000] {processor.py:829} INFO - Processing file /usr/local/lib/python3.10/dist-packages/airflow/example_dags/example_branch_day_of_week_operator.py for tasks to queue
[2023-11-28T01:08:30.415+0000] {logging_mixin.py:154} INFO - [2023-11-28T01:08:30.415+0000] {dagbag.py:536} INFO - Filling up the DagBag from /usr/local/lib/python3.10/dist-packages/airflow/example_dags/example_branch_day_of_week_operator.py
[2023-11-28T01:08:30.424+0000] {processor.py:839} INFO - DAG(s) dict_keys(['example_weekday_branch_operator']) retrieved from /usr/local/lib/python3.10/dist-packages/airflow/example_dags/example_branch_day_of_week_operator.py
[2023-11-28T01:08:30.443+0000] {logging_mixin.py:154} INFO - [2023-11-28T01:08:30.443+0000] {dag.py:2941} INFO - Sync 1 DAGs
[2023-11-28T01:08:30.466+0000] {logging_mixin.py:154} INFO - [2023-11-28T01:08:30.466+0000] {dag.py:3722} INFO - Setting next_dagrun for example_weekday_branch_operator to 2023-11-27T00:00:00+00:00, run_after=2023-11-28T00:00:00+00:00
[2023-11-28T01:08:30.490+0000] {processor.py:179} INFO - Processing /usr/local/lib/python3.10/dist-packages/airflow/example_dags/example_branch_day_of_week_operator.py took 0.081 seconds
[2023-11-28T01:09:14.686+0000] {processor.py:157} INFO - Started process (PID=6247) to work on /usr/local/lib/python3.10/dist-packages/airflow/example_dags/example_branch_day_of_week_operator.py
[2023-11-28T01:09:14.687+0000] {processor.py:829} INFO - Processing file /usr/local/lib/python3.10/dist-packages/airflow/example_dags/example_branch_day_of_week_operator.py for tasks to queue
[2023-11-28T01:09:14.688+0000] {logging_mixin.py:154} INFO - [2023-11-28T01:09:14.688+0000] {dagbag.py:536} INFO - Filling up the DagBag from /usr/local/lib/python3.10/dist-packages/airflow/example_dags/example_branch_day_of_week_operator.py
[2023-11-28T01:09:14.697+0000] {processor.py:839} INFO - DAG(s) dict_keys(['example_weekday_branch_operator']) retrieved from /usr/local/lib/python3.10/dist-packages/airflow/example_dags/example_branch_day_of_week_operator.py
[2023-11-28T01:09:14.716+0000] {logging_mixin.py:154} INFO - [2023-11-28T01:09:14.716+0000] {dag.py:2941} INFO - Sync 1 DAGs
[2023-11-28T01:09:14.738+0000] {logging_mixin.py:154} INFO - [2023-11-28T01:09:14.738+0000] {dag.py:3722} INFO - Setting next_dagrun for example_weekday_branch_operator to 2023-11-27T00:00:00+00:00, run_after=2023-11-28T00:00:00+00:00
[2023-11-28T01:09:14.762+0000] {processor.py:179} INFO - Processing /usr/local/lib/python3.10/dist-packages/airflow/example_dags/example_branch_day_of_week_operator.py took 0.080 seconds
[2023-11-28T01:10:01.330+0000] {processor.py:157} INFO - Started process (PID=6296) to work on /usr/local/lib/python3.10/dist-packages/airflow/example_dags/example_branch_day_of_week_operator.py
[2023-11-28T01:10:01.332+0000] {processor.py:829} INFO - Processing file /usr/local/lib/python3.10/dist-packages/airflow/example_dags/example_branch_day_of_week_operator.py for tasks to queue
[2023-11-28T01:10:01.333+0000] {logging_mixin.py:154} INFO - [2023-11-28T01:10:01.333+0000] {dagbag.py:536} INFO - Filling up the DagBag from /usr/local/lib/python3.10/dist-packages/airflow/example_dags/example_branch_day_of_week_operator.py
[2023-11-28T01:10:01.344+0000] {processor.py:839} INFO - DAG(s) dict_keys(['example_weekday_branch_operator']) retrieved from /usr/local/lib/python3.10/dist-packages/airflow/example_dags/example_branch_day_of_week_operator.py
[2023-11-28T01:10:01.365+0000] {logging_mixin.py:154} INFO - [2023-11-28T01:10:01.365+0000] {dag.py:2941} INFO - Sync 1 DAGs
[2023-11-28T01:10:01.392+0000] {logging_mixin.py:154} INFO - [2023-11-28T01:10:01.392+0000] {dag.py:3722} INFO - Setting next_dagrun for example_weekday_branch_operator to 2023-11-27T00:00:00+00:00, run_after=2023-11-28T00:00:00+00:00
[2023-11-28T01:10:01.421+0000] {processor.py:179} INFO - Processing /usr/local/lib/python3.10/dist-packages/airflow/example_dags/example_branch_day_of_week_operator.py took 0.094 seconds
[2023-11-28T01:10:46.764+0000] {processor.py:157} INFO - Started process (PID=6343) to work on /usr/local/lib/python3.10/dist-packages/airflow/example_dags/example_branch_day_of_week_operator.py
[2023-11-28T01:10:46.765+0000] {processor.py:829} INFO - Processing file /usr/local/lib/python3.10/dist-packages/airflow/example_dags/example_branch_day_of_week_operator.py for tasks to queue
[2023-11-28T01:10:46.766+0000] {logging_mixin.py:154} INFO - [2023-11-28T01:10:46.766+0000] {dagbag.py:536} INFO - Filling up the DagBag from /usr/local/lib/python3.10/dist-packages/airflow/example_dags/example_branch_day_of_week_operator.py
[2023-11-28T01:10:46.775+0000] {processor.py:839} INFO - DAG(s) dict_keys(['example_weekday_branch_operator']) retrieved from /usr/local/lib/python3.10/dist-packages/airflow/example_dags/example_branch_day_of_week_operator.py
[2023-11-28T01:10:46.794+0000] {logging_mixin.py:154} INFO - [2023-11-28T01:10:46.794+0000] {dag.py:2941} INFO - Sync 1 DAGs
[2023-11-28T01:10:46.816+0000] {logging_mixin.py:154} INFO - [2023-11-28T01:10:46.816+0000] {dag.py:3722} INFO - Setting next_dagrun for example_weekday_branch_operator to 2023-11-27T00:00:00+00:00, run_after=2023-11-28T00:00:00+00:00
[2023-11-28T01:10:46.839+0000] {processor.py:179} INFO - Processing /usr/local/lib/python3.10/dist-packages/airflow/example_dags/example_branch_day_of_week_operator.py took 0.079 seconds
[2023-11-28T01:11:33.341+0000] {processor.py:157} INFO - Started process (PID=6392) to work on /usr/local/lib/python3.10/dist-packages/airflow/example_dags/example_branch_day_of_week_operator.py
[2023-11-28T01:11:33.343+0000] {processor.py:829} INFO - Processing file /usr/local/lib/python3.10/dist-packages/airflow/example_dags/example_branch_day_of_week_operator.py for tasks to queue
[2023-11-28T01:11:33.344+0000] {logging_mixin.py:154} INFO - [2023-11-28T01:11:33.344+0000] {dagbag.py:536} INFO - Filling up the DagBag from /usr/local/lib/python3.10/dist-packages/airflow/example_dags/example_branch_day_of_week_operator.py
[2023-11-28T01:11:33.352+0000] {processor.py:839} INFO - DAG(s) dict_keys(['example_weekday_branch_operator']) retrieved from /usr/local/lib/python3.10/dist-packages/airflow/example_dags/example_branch_day_of_week_operator.py
[2023-11-28T01:11:33.370+0000] {logging_mixin.py:154} INFO - [2023-11-28T01:11:33.370+0000] {dag.py:2941} INFO - Sync 1 DAGs
[2023-11-28T01:11:33.393+0000] {logging_mixin.py:154} INFO - [2023-11-28T01:11:33.393+0000] {dag.py:3722} INFO - Setting next_dagrun for example_weekday_branch_operator to 2023-11-27T00:00:00+00:00, run_after=2023-11-28T00:00:00+00:00
[2023-11-28T01:11:33.417+0000] {processor.py:179} INFO - Processing /usr/local/lib/python3.10/dist-packages/airflow/example_dags/example_branch_day_of_week_operator.py took 0.079 seconds
[2023-11-28T01:12:18.686+0000] {processor.py:157} INFO - Started process (PID=6438) to work on /usr/local/lib/python3.10/dist-packages/airflow/example_dags/example_branch_day_of_week_operator.py
[2023-11-28T01:12:18.687+0000] {processor.py:829} INFO - Processing file /usr/local/lib/python3.10/dist-packages/airflow/example_dags/example_branch_day_of_week_operator.py for tasks to queue
[2023-11-28T01:12:18.688+0000] {logging_mixin.py:154} INFO - [2023-11-28T01:12:18.688+0000] {dagbag.py:536} INFO - Filling up the DagBag from /usr/local/lib/python3.10/dist-packages/airflow/example_dags/example_branch_day_of_week_operator.py
[2023-11-28T01:12:18.696+0000] {processor.py:839} INFO - DAG(s) dict_keys(['example_weekday_branch_operator']) retrieved from /usr/local/lib/python3.10/dist-packages/airflow/example_dags/example_branch_day_of_week_operator.py
[2023-11-28T01:12:18.715+0000] {logging_mixin.py:154} INFO - [2023-11-28T01:12:18.715+0000] {dag.py:2941} INFO - Sync 1 DAGs
[2023-11-28T01:12:18.737+0000] {logging_mixin.py:154} INFO - [2023-11-28T01:12:18.737+0000] {dag.py:3722} INFO - Setting next_dagrun for example_weekday_branch_operator to 2023-11-27T00:00:00+00:00, run_after=2023-11-28T00:00:00+00:00
[2023-11-28T01:12:18.759+0000] {processor.py:179} INFO - Processing /usr/local/lib/python3.10/dist-packages/airflow/example_dags/example_branch_day_of_week_operator.py took 0.076 seconds
[2023-11-28T01:13:02.269+0000] {processor.py:157} INFO - Started process (PID=6485) to work on /usr/local/lib/python3.10/dist-packages/airflow/example_dags/example_branch_day_of_week_operator.py
[2023-11-28T01:13:02.270+0000] {processor.py:829} INFO - Processing file /usr/local/lib/python3.10/dist-packages/airflow/example_dags/example_branch_day_of_week_operator.py for tasks to queue
[2023-11-28T01:13:02.271+0000] {logging_mixin.py:154} INFO - [2023-11-28T01:13:02.271+0000] {dagbag.py:536} INFO - Filling up the DagBag from /usr/local/lib/python3.10/dist-packages/airflow/example_dags/example_branch_day_of_week_operator.py
[2023-11-28T01:13:02.279+0000] {processor.py:839} INFO - DAG(s) dict_keys(['example_weekday_branch_operator']) retrieved from /usr/local/lib/python3.10/dist-packages/airflow/example_dags/example_branch_day_of_week_operator.py
[2023-11-28T01:13:02.298+0000] {logging_mixin.py:154} INFO - [2023-11-28T01:13:02.298+0000] {dag.py:2941} INFO - Sync 1 DAGs
[2023-11-28T01:13:02.321+0000] {logging_mixin.py:154} INFO - [2023-11-28T01:13:02.321+0000] {dag.py:3722} INFO - Setting next_dagrun for example_weekday_branch_operator to 2023-11-27T00:00:00+00:00, run_after=2023-11-28T00:00:00+00:00
[2023-11-28T01:13:02.343+0000] {processor.py:179} INFO - Processing /usr/local/lib/python3.10/dist-packages/airflow/example_dags/example_branch_day_of_week_operator.py took 0.078 seconds
[2023-11-28T01:13:51.022+0000] {processor.py:157} INFO - Started process (PID=6533) to work on /usr/local/lib/python3.10/dist-packages/airflow/example_dags/example_branch_day_of_week_operator.py
[2023-11-28T01:13:51.023+0000] {processor.py:829} INFO - Processing file /usr/local/lib/python3.10/dist-packages/airflow/example_dags/example_branch_day_of_week_operator.py for tasks to queue
[2023-11-28T01:13:51.024+0000] {logging_mixin.py:154} INFO - [2023-11-28T01:13:51.023+0000] {dagbag.py:536} INFO - Filling up the DagBag from /usr/local/lib/python3.10/dist-packages/airflow/example_dags/example_branch_day_of_week_operator.py
[2023-11-28T01:13:51.032+0000] {processor.py:839} INFO - DAG(s) dict_keys(['example_weekday_branch_operator']) retrieved from /usr/local/lib/python3.10/dist-packages/airflow/example_dags/example_branch_day_of_week_operator.py
[2023-11-28T01:13:51.051+0000] {logging_mixin.py:154} INFO - [2023-11-28T01:13:51.051+0000] {dag.py:2941} INFO - Sync 1 DAGs
[2023-11-28T01:13:51.074+0000] {logging_mixin.py:154} INFO - [2023-11-28T01:13:51.073+0000] {dag.py:3722} INFO - Setting next_dagrun for example_weekday_branch_operator to 2023-11-27T00:00:00+00:00, run_after=2023-11-28T00:00:00+00:00
[2023-11-28T01:13:51.097+0000] {processor.py:179} INFO - Processing /usr/local/lib/python3.10/dist-packages/airflow/example_dags/example_branch_day_of_week_operator.py took 0.079 seconds
[2023-11-28T01:15:22.151+0000] {processor.py:157} INFO - Started process (PID=6635) to work on /usr/local/lib/python3.10/dist-packages/airflow/example_dags/example_branch_day_of_week_operator.py
[2023-11-28T01:15:22.153+0000] {processor.py:829} INFO - Processing file /usr/local/lib/python3.10/dist-packages/airflow/example_dags/example_branch_day_of_week_operator.py for tasks to queue
[2023-11-28T01:15:22.154+0000] {logging_mixin.py:154} INFO - [2023-11-28T01:15:22.153+0000] {dagbag.py:536} INFO - Filling up the DagBag from /usr/local/lib/python3.10/dist-packages/airflow/example_dags/example_branch_day_of_week_operator.py
[2023-11-28T01:15:22.163+0000] {processor.py:839} INFO - DAG(s) dict_keys(['example_weekday_branch_operator']) retrieved from /usr/local/lib/python3.10/dist-packages/airflow/example_dags/example_branch_day_of_week_operator.py
[2023-11-28T01:15:22.185+0000] {logging_mixin.py:154} INFO - [2023-11-28T01:15:22.184+0000] {dag.py:2941} INFO - Sync 1 DAGs
[2023-11-28T01:15:22.209+0000] {logging_mixin.py:154} INFO - [2023-11-28T01:15:22.209+0000] {dag.py:3722} INFO - Setting next_dagrun for example_weekday_branch_operator to 2023-11-27T00:00:00+00:00, run_after=2023-11-28T00:00:00+00:00
[2023-11-28T01:15:22.232+0000] {processor.py:179} INFO - Processing /usr/local/lib/python3.10/dist-packages/airflow/example_dags/example_branch_day_of_week_operator.py took 0.084 seconds
[2023-11-28T01:16:05.078+0000] {processor.py:157} INFO - Started process (PID=6682) to work on /usr/local/lib/python3.10/dist-packages/airflow/example_dags/example_branch_day_of_week_operator.py
[2023-11-28T01:16:05.079+0000] {processor.py:829} INFO - Processing file /usr/local/lib/python3.10/dist-packages/airflow/example_dags/example_branch_day_of_week_operator.py for tasks to queue
[2023-11-28T01:16:05.080+0000] {logging_mixin.py:154} INFO - [2023-11-28T01:16:05.080+0000] {dagbag.py:536} INFO - Filling up the DagBag from /usr/local/lib/python3.10/dist-packages/airflow/example_dags/example_branch_day_of_week_operator.py
[2023-11-28T01:16:05.089+0000] {processor.py:839} INFO - DAG(s) dict_keys(['example_weekday_branch_operator']) retrieved from /usr/local/lib/python3.10/dist-packages/airflow/example_dags/example_branch_day_of_week_operator.py
[2023-11-28T01:16:05.108+0000] {logging_mixin.py:154} INFO - [2023-11-28T01:16:05.108+0000] {dag.py:2941} INFO - Sync 1 DAGs
[2023-11-28T01:16:05.131+0000] {logging_mixin.py:154} INFO - [2023-11-28T01:16:05.131+0000] {dag.py:3722} INFO - Setting next_dagrun for example_weekday_branch_operator to 2023-11-27T00:00:00+00:00, run_after=2023-11-28T00:00:00+00:00
[2023-11-28T01:16:05.156+0000] {processor.py:179} INFO - Processing /usr/local/lib/python3.10/dist-packages/airflow/example_dags/example_branch_day_of_week_operator.py took 0.081 seconds
[2023-11-28T01:16:51.620+0000] {processor.py:157} INFO - Started process (PID=6732) to work on /usr/local/lib/python3.10/dist-packages/airflow/example_dags/example_branch_day_of_week_operator.py
[2023-11-28T01:16:51.621+0000] {processor.py:829} INFO - Processing file /usr/local/lib/python3.10/dist-packages/airflow/example_dags/example_branch_day_of_week_operator.py for tasks to queue
[2023-11-28T01:16:51.622+0000] {logging_mixin.py:154} INFO - [2023-11-28T01:16:51.621+0000] {dagbag.py:536} INFO - Filling up the DagBag from /usr/local/lib/python3.10/dist-packages/airflow/example_dags/example_branch_day_of_week_operator.py
[2023-11-28T01:16:51.630+0000] {processor.py:839} INFO - DAG(s) dict_keys(['example_weekday_branch_operator']) retrieved from /usr/local/lib/python3.10/dist-packages/airflow/example_dags/example_branch_day_of_week_operator.py
[2023-11-28T01:16:51.648+0000] {logging_mixin.py:154} INFO - [2023-11-28T01:16:51.648+0000] {dag.py:2941} INFO - Sync 1 DAGs
[2023-11-28T01:16:51.670+0000] {logging_mixin.py:154} INFO - [2023-11-28T01:16:51.670+0000] {dag.py:3722} INFO - Setting next_dagrun for example_weekday_branch_operator to 2023-11-27T00:00:00+00:00, run_after=2023-11-28T00:00:00+00:00
[2023-11-28T01:16:51.692+0000] {processor.py:179} INFO - Processing /usr/local/lib/python3.10/dist-packages/airflow/example_dags/example_branch_day_of_week_operator.py took 0.076 seconds
[2023-11-28T01:17:38.700+0000] {processor.py:157} INFO - Started process (PID=6784) to work on /usr/local/lib/python3.10/dist-packages/airflow/example_dags/example_branch_day_of_week_operator.py
[2023-11-28T01:17:38.701+0000] {processor.py:829} INFO - Processing file /usr/local/lib/python3.10/dist-packages/airflow/example_dags/example_branch_day_of_week_operator.py for tasks to queue
[2023-11-28T01:17:38.702+0000] {logging_mixin.py:154} INFO - [2023-11-28T01:17:38.702+0000] {dagbag.py:536} INFO - Filling up the DagBag from /usr/local/lib/python3.10/dist-packages/airflow/example_dags/example_branch_day_of_week_operator.py
[2023-11-28T01:17:38.711+0000] {processor.py:839} INFO - DAG(s) dict_keys(['example_weekday_branch_operator']) retrieved from /usr/local/lib/python3.10/dist-packages/airflow/example_dags/example_branch_day_of_week_operator.py
[2023-11-28T01:17:38.729+0000] {logging_mixin.py:154} INFO - [2023-11-28T01:17:38.729+0000] {dag.py:2941} INFO - Sync 1 DAGs
[2023-11-28T01:17:38.753+0000] {logging_mixin.py:154} INFO - [2023-11-28T01:17:38.752+0000] {dag.py:3722} INFO - Setting next_dagrun for example_weekday_branch_operator to 2023-11-27T00:00:00+00:00, run_after=2023-11-28T00:00:00+00:00
[2023-11-28T01:17:38.777+0000] {processor.py:179} INFO - Processing /usr/local/lib/python3.10/dist-packages/airflow/example_dags/example_branch_day_of_week_operator.py took 0.080 seconds
[2023-11-28T01:18:22.622+0000] {processor.py:157} INFO - Started process (PID=6830) to work on /usr/local/lib/python3.10/dist-packages/airflow/example_dags/example_branch_day_of_week_operator.py
[2023-11-28T01:18:22.623+0000] {processor.py:829} INFO - Processing file /usr/local/lib/python3.10/dist-packages/airflow/example_dags/example_branch_day_of_week_operator.py for tasks to queue
[2023-11-28T01:18:22.624+0000] {logging_mixin.py:154} INFO - [2023-11-28T01:18:22.624+0000] {dagbag.py:536} INFO - Filling up the DagBag from /usr/local/lib/python3.10/dist-packages/airflow/example_dags/example_branch_day_of_week_operator.py
[2023-11-28T01:18:22.633+0000] {processor.py:839} INFO - DAG(s) dict_keys(['example_weekday_branch_operator']) retrieved from /usr/local/lib/python3.10/dist-packages/airflow/example_dags/example_branch_day_of_week_operator.py
[2023-11-28T01:18:22.652+0000] {logging_mixin.py:154} INFO - [2023-11-28T01:18:22.652+0000] {dag.py:2941} INFO - Sync 1 DAGs
[2023-11-28T01:18:22.676+0000] {logging_mixin.py:154} INFO - [2023-11-28T01:18:22.676+0000] {dag.py:3722} INFO - Setting next_dagrun for example_weekday_branch_operator to 2023-11-27T00:00:00+00:00, run_after=2023-11-28T00:00:00+00:00
[2023-11-28T01:18:22.702+0000] {processor.py:179} INFO - Processing /usr/local/lib/python3.10/dist-packages/airflow/example_dags/example_branch_day_of_week_operator.py took 0.083 seconds
[2023-11-28T01:19:08.190+0000] {processor.py:157} INFO - Started process (PID=6878) to work on /usr/local/lib/python3.10/dist-packages/airflow/example_dags/example_branch_day_of_week_operator.py
[2023-11-28T01:19:08.191+0000] {processor.py:829} INFO - Processing file /usr/local/lib/python3.10/dist-packages/airflow/example_dags/example_branch_day_of_week_operator.py for tasks to queue
[2023-11-28T01:19:08.192+0000] {logging_mixin.py:154} INFO - [2023-11-28T01:19:08.192+0000] {dagbag.py:536} INFO - Filling up the DagBag from /usr/local/lib/python3.10/dist-packages/airflow/example_dags/example_branch_day_of_week_operator.py
[2023-11-28T01:19:08.201+0000] {processor.py:839} INFO - DAG(s) dict_keys(['example_weekday_branch_operator']) retrieved from /usr/local/lib/python3.10/dist-packages/airflow/example_dags/example_branch_day_of_week_operator.py
[2023-11-28T01:19:08.220+0000] {logging_mixin.py:154} INFO - [2023-11-28T01:19:08.220+0000] {dag.py:2941} INFO - Sync 1 DAGs
[2023-11-28T01:19:08.243+0000] {logging_mixin.py:154} INFO - [2023-11-28T01:19:08.242+0000] {dag.py:3722} INFO - Setting next_dagrun for example_weekday_branch_operator to 2023-11-27T00:00:00+00:00, run_after=2023-11-28T00:00:00+00:00
[2023-11-28T01:19:08.266+0000] {processor.py:179} INFO - Processing /usr/local/lib/python3.10/dist-packages/airflow/example_dags/example_branch_day_of_week_operator.py took 0.079 seconds
[2023-11-28T01:19:52.159+0000] {processor.py:157} INFO - Started process (PID=7043) to work on /usr/local/lib/python3.10/dist-packages/airflow/example_dags/example_branch_day_of_week_operator.py
[2023-11-28T01:19:52.160+0000] {processor.py:829} INFO - Processing file /usr/local/lib/python3.10/dist-packages/airflow/example_dags/example_branch_day_of_week_operator.py for tasks to queue
[2023-11-28T01:19:52.161+0000] {logging_mixin.py:154} INFO - [2023-11-28T01:19:52.161+0000] {dagbag.py:536} INFO - Filling up the DagBag from /usr/local/lib/python3.10/dist-packages/airflow/example_dags/example_branch_day_of_week_operator.py
[2023-11-28T01:19:52.170+0000] {processor.py:839} INFO - DAG(s) dict_keys(['example_weekday_branch_operator']) retrieved from /usr/local/lib/python3.10/dist-packages/airflow/example_dags/example_branch_day_of_week_operator.py
[2023-11-28T01:19:52.188+0000] {logging_mixin.py:154} INFO - [2023-11-28T01:19:52.188+0000] {dag.py:2941} INFO - Sync 1 DAGs
[2023-11-28T01:19:52.210+0000] {logging_mixin.py:154} INFO - [2023-11-28T01:19:52.210+0000] {dag.py:3722} INFO - Setting next_dagrun for example_weekday_branch_operator to 2023-11-27T00:00:00+00:00, run_after=2023-11-28T00:00:00+00:00
[2023-11-28T01:19:52.232+0000] {processor.py:179} INFO - Processing /usr/local/lib/python3.10/dist-packages/airflow/example_dags/example_branch_day_of_week_operator.py took 0.076 seconds
