[2023-11-28T00:44:45.011+0000] {processor.py:157} INFO - Started process (PID=3424) to work on /usr/local/lib/python3.10/dist-packages/airflow/example_dags/example_sla_dag.py
[2023-11-28T00:44:45.012+0000] {processor.py:829} INFO - Processing file /usr/local/lib/python3.10/dist-packages/airflow/example_dags/example_sla_dag.py for tasks to queue
[2023-11-28T00:44:45.013+0000] {logging_mixin.py:154} INFO - [2023-11-28T00:44:45.013+0000] {dagbag.py:536} INFO - Filling up the DagBag from /usr/local/lib/python3.10/dist-packages/airflow/example_dags/example_sla_dag.py
[2023-11-28T00:44:45.024+0000] {processor.py:839} INFO - DAG(s) dict_keys(['example_sla_dag']) retrieved from /usr/local/lib/python3.10/dist-packages/airflow/example_dags/example_sla_dag.py
[2023-11-28T00:44:45.137+0000] {logging_mixin.py:154} INFO - [2023-11-28T00:44:45.137+0000] {manager.py:499} INFO - Created Permission View: %s
[2023-11-28T00:44:45.151+0000] {logging_mixin.py:154} INFO - [2023-11-28T00:44:45.151+0000] {manager.py:499} INFO - Created Permission View: %s
[2023-11-28T00:44:45.163+0000] {logging_mixin.py:154} INFO - [2023-11-28T00:44:45.163+0000] {manager.py:499} INFO - Created Permission View: %s
[2023-11-28T00:44:45.163+0000] {logging_mixin.py:154} INFO - [2023-11-28T00:44:45.163+0000] {dag.py:2941} INFO - Sync 1 DAGs
[2023-11-28T00:44:45.175+0000] {logging_mixin.py:154} INFO - [2023-11-28T00:44:45.175+0000] {dag.py:2963} INFO - Creating ORM DAG for example_sla_dag
[2023-11-28T00:44:45.188+0000] {logging_mixin.py:154} INFO - [2023-11-28T00:44:45.188+0000] {dag.py:3722} INFO - Setting next_dagrun for example_sla_dag to 2023-11-28T00:42:00+00:00, run_after=2023-11-28T00:44:00+00:00
[2023-11-28T00:44:45.213+0000] {processor.py:179} INFO - Processing /usr/local/lib/python3.10/dist-packages/airflow/example_dags/example_sla_dag.py took 0.205 seconds
[2023-11-28T00:45:36.105+0000] {processor.py:157} INFO - Started process (PID=3562) to work on /usr/local/lib/python3.10/dist-packages/airflow/example_dags/example_sla_dag.py
[2023-11-28T00:45:36.106+0000] {processor.py:829} INFO - Processing file /usr/local/lib/python3.10/dist-packages/airflow/example_dags/example_sla_dag.py for tasks to queue
[2023-11-28T00:45:36.107+0000] {logging_mixin.py:154} INFO - [2023-11-28T00:45:36.107+0000] {dagbag.py:536} INFO - Filling up the DagBag from /usr/local/lib/python3.10/dist-packages/airflow/example_dags/example_sla_dag.py
[2023-11-28T00:45:36.117+0000] {processor.py:839} INFO - DAG(s) dict_keys(['example_sla_dag']) retrieved from /usr/local/lib/python3.10/dist-packages/airflow/example_dags/example_sla_dag.py
[2023-11-28T00:45:36.133+0000] {logging_mixin.py:154} INFO - [2023-11-28T00:45:36.133+0000] {dag.py:2941} INFO - Sync 1 DAGs
[2023-11-28T00:45:36.157+0000] {logging_mixin.py:154} INFO - [2023-11-28T00:45:36.157+0000] {dag.py:3722} INFO - Setting next_dagrun for example_sla_dag to 2023-11-28T00:42:00+00:00, run_after=2023-11-28T00:44:00+00:00
[2023-11-28T00:45:36.180+0000] {processor.py:179} INFO - Processing /usr/local/lib/python3.10/dist-packages/airflow/example_dags/example_sla_dag.py took 0.078 seconds
[2023-11-28T00:46:18.921+0000] {processor.py:157} INFO - Started process (PID=3608) to work on /usr/local/lib/python3.10/dist-packages/airflow/example_dags/example_sla_dag.py
[2023-11-28T00:46:18.922+0000] {processor.py:829} INFO - Processing file /usr/local/lib/python3.10/dist-packages/airflow/example_dags/example_sla_dag.py for tasks to queue
[2023-11-28T00:46:18.923+0000] {logging_mixin.py:154} INFO - [2023-11-28T00:46:18.922+0000] {dagbag.py:536} INFO - Filling up the DagBag from /usr/local/lib/python3.10/dist-packages/airflow/example_dags/example_sla_dag.py
[2023-11-28T00:46:18.932+0000] {processor.py:839} INFO - DAG(s) dict_keys(['example_sla_dag']) retrieved from /usr/local/lib/python3.10/dist-packages/airflow/example_dags/example_sla_dag.py
[2023-11-28T00:46:18.949+0000] {logging_mixin.py:154} INFO - [2023-11-28T00:46:18.948+0000] {dag.py:2941} INFO - Sync 1 DAGs
[2023-11-28T00:46:18.973+0000] {logging_mixin.py:154} INFO - [2023-11-28T00:46:18.973+0000] {dag.py:3722} INFO - Setting next_dagrun for example_sla_dag to 2023-11-28T00:44:00+00:00, run_after=2023-11-28T00:46:00+00:00
[2023-11-28T00:46:18.995+0000] {processor.py:179} INFO - Processing /usr/local/lib/python3.10/dist-packages/airflow/example_dags/example_sla_dag.py took 0.078 seconds
[2023-11-28T00:47:05.243+0000] {processor.py:157} INFO - Started process (PID=3657) to work on /usr/local/lib/python3.10/dist-packages/airflow/example_dags/example_sla_dag.py
[2023-11-28T00:47:05.244+0000] {processor.py:829} INFO - Processing file /usr/local/lib/python3.10/dist-packages/airflow/example_dags/example_sla_dag.py for tasks to queue
[2023-11-28T00:47:05.245+0000] {logging_mixin.py:154} INFO - [2023-11-28T00:47:05.245+0000] {dagbag.py:536} INFO - Filling up the DagBag from /usr/local/lib/python3.10/dist-packages/airflow/example_dags/example_sla_dag.py
[2023-11-28T00:47:05.255+0000] {processor.py:839} INFO - DAG(s) dict_keys(['example_sla_dag']) retrieved from /usr/local/lib/python3.10/dist-packages/airflow/example_dags/example_sla_dag.py
[2023-11-28T00:47:05.272+0000] {logging_mixin.py:154} INFO - [2023-11-28T00:47:05.272+0000] {dag.py:2941} INFO - Sync 1 DAGs
[2023-11-28T00:47:05.297+0000] {logging_mixin.py:154} INFO - [2023-11-28T00:47:05.296+0000] {dag.py:3722} INFO - Setting next_dagrun for example_sla_dag to 2023-11-28T00:44:00+00:00, run_after=2023-11-28T00:46:00+00:00
[2023-11-28T00:47:05.321+0000] {processor.py:179} INFO - Processing /usr/local/lib/python3.10/dist-packages/airflow/example_dags/example_sla_dag.py took 0.081 seconds
[2023-11-28T00:47:48.067+0000] {processor.py:157} INFO - Started process (PID=3705) to work on /usr/local/lib/python3.10/dist-packages/airflow/example_dags/example_sla_dag.py
[2023-11-28T00:47:48.068+0000] {processor.py:829} INFO - Processing file /usr/local/lib/python3.10/dist-packages/airflow/example_dags/example_sla_dag.py for tasks to queue
[2023-11-28T00:47:48.069+0000] {logging_mixin.py:154} INFO - [2023-11-28T00:47:48.069+0000] {dagbag.py:536} INFO - Filling up the DagBag from /usr/local/lib/python3.10/dist-packages/airflow/example_dags/example_sla_dag.py
[2023-11-28T00:47:48.079+0000] {processor.py:839} INFO - DAG(s) dict_keys(['example_sla_dag']) retrieved from /usr/local/lib/python3.10/dist-packages/airflow/example_dags/example_sla_dag.py
[2023-11-28T00:47:48.095+0000] {logging_mixin.py:154} INFO - [2023-11-28T00:47:48.095+0000] {dag.py:2941} INFO - Sync 1 DAGs
[2023-11-28T00:47:48.120+0000] {logging_mixin.py:154} INFO - [2023-11-28T00:47:48.120+0000] {dag.py:3722} INFO - Setting next_dagrun for example_sla_dag to 2023-11-28T00:44:00+00:00, run_after=2023-11-28T00:46:00+00:00
[2023-11-28T00:47:48.143+0000] {processor.py:179} INFO - Processing /usr/local/lib/python3.10/dist-packages/airflow/example_dags/example_sla_dag.py took 0.080 seconds
[2023-11-28T00:48:36.734+0000] {processor.py:157} INFO - Started process (PID=3754) to work on /usr/local/lib/python3.10/dist-packages/airflow/example_dags/example_sla_dag.py
[2023-11-28T00:48:36.735+0000] {processor.py:829} INFO - Processing file /usr/local/lib/python3.10/dist-packages/airflow/example_dags/example_sla_dag.py for tasks to queue
[2023-11-28T00:48:36.736+0000] {logging_mixin.py:154} INFO - [2023-11-28T00:48:36.736+0000] {dagbag.py:536} INFO - Filling up the DagBag from /usr/local/lib/python3.10/dist-packages/airflow/example_dags/example_sla_dag.py
[2023-11-28T00:48:36.747+0000] {processor.py:839} INFO - DAG(s) dict_keys(['example_sla_dag']) retrieved from /usr/local/lib/python3.10/dist-packages/airflow/example_dags/example_sla_dag.py
[2023-11-28T00:48:36.764+0000] {logging_mixin.py:154} INFO - [2023-11-28T00:48:36.764+0000] {dag.py:2941} INFO - Sync 1 DAGs
[2023-11-28T00:48:36.791+0000] {logging_mixin.py:154} INFO - [2023-11-28T00:48:36.790+0000] {dag.py:3722} INFO - Setting next_dagrun for example_sla_dag to 2023-11-28T00:46:00+00:00, run_after=2023-11-28T00:48:00+00:00
[2023-11-28T00:48:36.816+0000] {processor.py:179} INFO - Processing /usr/local/lib/python3.10/dist-packages/airflow/example_dags/example_sla_dag.py took 0.086 seconds
[2023-11-28T00:49:19.617+0000] {processor.py:157} INFO - Started process (PID=3800) to work on /usr/local/lib/python3.10/dist-packages/airflow/example_dags/example_sla_dag.py
[2023-11-28T00:49:19.618+0000] {processor.py:829} INFO - Processing file /usr/local/lib/python3.10/dist-packages/airflow/example_dags/example_sla_dag.py for tasks to queue
[2023-11-28T00:49:19.619+0000] {logging_mixin.py:154} INFO - [2023-11-28T00:49:19.619+0000] {dagbag.py:536} INFO - Filling up the DagBag from /usr/local/lib/python3.10/dist-packages/airflow/example_dags/example_sla_dag.py
[2023-11-28T00:49:19.629+0000] {processor.py:839} INFO - DAG(s) dict_keys(['example_sla_dag']) retrieved from /usr/local/lib/python3.10/dist-packages/airflow/example_dags/example_sla_dag.py
[2023-11-28T00:49:19.645+0000] {logging_mixin.py:154} INFO - [2023-11-28T00:49:19.645+0000] {dag.py:2941} INFO - Sync 1 DAGs
[2023-11-28T00:49:19.671+0000] {logging_mixin.py:154} INFO - [2023-11-28T00:49:19.671+0000] {dag.py:3722} INFO - Setting next_dagrun for example_sla_dag to 2023-11-28T00:46:00+00:00, run_after=2023-11-28T00:48:00+00:00
[2023-11-28T00:49:19.696+0000] {processor.py:179} INFO - Processing /usr/local/lib/python3.10/dist-packages/airflow/example_dags/example_sla_dag.py took 0.082 seconds
[2023-11-28T00:50:07.104+0000] {processor.py:157} INFO - Started process (PID=3848) to work on /usr/local/lib/python3.10/dist-packages/airflow/example_dags/example_sla_dag.py
[2023-11-28T00:50:07.105+0000] {processor.py:829} INFO - Processing file /usr/local/lib/python3.10/dist-packages/airflow/example_dags/example_sla_dag.py for tasks to queue
[2023-11-28T00:50:07.106+0000] {logging_mixin.py:154} INFO - [2023-11-28T00:50:07.106+0000] {dagbag.py:536} INFO - Filling up the DagBag from /usr/local/lib/python3.10/dist-packages/airflow/example_dags/example_sla_dag.py
[2023-11-28T00:50:07.116+0000] {processor.py:839} INFO - DAG(s) dict_keys(['example_sla_dag']) retrieved from /usr/local/lib/python3.10/dist-packages/airflow/example_dags/example_sla_dag.py
[2023-11-28T00:50:07.134+0000] {logging_mixin.py:154} INFO - [2023-11-28T00:50:07.134+0000] {dag.py:2941} INFO - Sync 1 DAGs
[2023-11-28T00:50:07.161+0000] {logging_mixin.py:154} INFO - [2023-11-28T00:50:07.160+0000] {dag.py:3722} INFO - Setting next_dagrun for example_sla_dag to 2023-11-28T00:48:00+00:00, run_after=2023-11-28T00:50:00+00:00
[2023-11-28T00:50:07.184+0000] {processor.py:179} INFO - Processing /usr/local/lib/python3.10/dist-packages/airflow/example_dags/example_sla_dag.py took 0.084 seconds
[2023-11-28T00:50:54.537+0000] {processor.py:157} INFO - Started process (PID=3897) to work on /usr/local/lib/python3.10/dist-packages/airflow/example_dags/example_sla_dag.py
[2023-11-28T00:50:54.538+0000] {processor.py:829} INFO - Processing file /usr/local/lib/python3.10/dist-packages/airflow/example_dags/example_sla_dag.py for tasks to queue
[2023-11-28T00:50:54.539+0000] {logging_mixin.py:154} INFO - [2023-11-28T00:50:54.539+0000] {dagbag.py:536} INFO - Filling up the DagBag from /usr/local/lib/python3.10/dist-packages/airflow/example_dags/example_sla_dag.py
[2023-11-28T00:50:54.549+0000] {processor.py:839} INFO - DAG(s) dict_keys(['example_sla_dag']) retrieved from /usr/local/lib/python3.10/dist-packages/airflow/example_dags/example_sla_dag.py
[2023-11-28T00:50:54.565+0000] {logging_mixin.py:154} INFO - [2023-11-28T00:50:54.565+0000] {dag.py:2941} INFO - Sync 1 DAGs
[2023-11-28T00:50:54.589+0000] {logging_mixin.py:154} INFO - [2023-11-28T00:50:54.589+0000] {dag.py:3722} INFO - Setting next_dagrun for example_sla_dag to 2023-11-28T00:48:00+00:00, run_after=2023-11-28T00:50:00+00:00
[2023-11-28T00:50:54.613+0000] {processor.py:179} INFO - Processing /usr/local/lib/python3.10/dist-packages/airflow/example_dags/example_sla_dag.py took 0.080 seconds
[2023-11-28T00:51:40.955+0000] {processor.py:157} INFO - Started process (PID=3944) to work on /usr/local/lib/python3.10/dist-packages/airflow/example_dags/example_sla_dag.py
[2023-11-28T00:51:40.956+0000] {processor.py:829} INFO - Processing file /usr/local/lib/python3.10/dist-packages/airflow/example_dags/example_sla_dag.py for tasks to queue
[2023-11-28T00:51:40.957+0000] {logging_mixin.py:154} INFO - [2023-11-28T00:51:40.957+0000] {dagbag.py:536} INFO - Filling up the DagBag from /usr/local/lib/python3.10/dist-packages/airflow/example_dags/example_sla_dag.py
[2023-11-28T00:51:40.967+0000] {processor.py:839} INFO - DAG(s) dict_keys(['example_sla_dag']) retrieved from /usr/local/lib/python3.10/dist-packages/airflow/example_dags/example_sla_dag.py
[2023-11-28T00:51:40.983+0000] {logging_mixin.py:154} INFO - [2023-11-28T00:51:40.983+0000] {dag.py:2941} INFO - Sync 1 DAGs
[2023-11-28T00:51:41.008+0000] {logging_mixin.py:154} INFO - [2023-11-28T00:51:41.008+0000] {dag.py:3722} INFO - Setting next_dagrun for example_sla_dag to 2023-11-28T00:48:00+00:00, run_after=2023-11-28T00:50:00+00:00
[2023-11-28T00:51:41.030+0000] {processor.py:179} INFO - Processing /usr/local/lib/python3.10/dist-packages/airflow/example_dags/example_sla_dag.py took 0.079 seconds
[2023-11-28T00:52:26.352+0000] {processor.py:157} INFO - Started process (PID=4335) to work on /usr/local/lib/python3.10/dist-packages/airflow/example_dags/example_sla_dag.py
[2023-11-28T00:52:26.353+0000] {processor.py:829} INFO - Processing file /usr/local/lib/python3.10/dist-packages/airflow/example_dags/example_sla_dag.py for tasks to queue
[2023-11-28T00:52:26.354+0000] {logging_mixin.py:154} INFO - [2023-11-28T00:52:26.354+0000] {dagbag.py:536} INFO - Filling up the DagBag from /usr/local/lib/python3.10/dist-packages/airflow/example_dags/example_sla_dag.py
[2023-11-28T00:52:26.364+0000] {processor.py:839} INFO - DAG(s) dict_keys(['example_sla_dag']) retrieved from /usr/local/lib/python3.10/dist-packages/airflow/example_dags/example_sla_dag.py
[2023-11-28T00:52:26.380+0000] {logging_mixin.py:154} INFO - [2023-11-28T00:52:26.380+0000] {dag.py:2941} INFO - Sync 1 DAGs
[2023-11-28T00:52:26.405+0000] {logging_mixin.py:154} INFO - [2023-11-28T00:52:26.405+0000] {dag.py:3722} INFO - Setting next_dagrun for example_sla_dag to 2023-11-28T00:50:00+00:00, run_after=2023-11-28T00:52:00+00:00
[2023-11-28T00:52:26.430+0000] {processor.py:179} INFO - Processing /usr/local/lib/python3.10/dist-packages/airflow/example_dags/example_sla_dag.py took 0.081 seconds
[2023-11-28T00:53:13.965+0000] {processor.py:157} INFO - Started process (PID=4439) to work on /usr/local/lib/python3.10/dist-packages/airflow/example_dags/example_sla_dag.py
[2023-11-28T00:53:13.966+0000] {processor.py:829} INFO - Processing file /usr/local/lib/python3.10/dist-packages/airflow/example_dags/example_sla_dag.py for tasks to queue
[2023-11-28T00:53:13.967+0000] {logging_mixin.py:154} INFO - [2023-11-28T00:53:13.967+0000] {dagbag.py:536} INFO - Filling up the DagBag from /usr/local/lib/python3.10/dist-packages/airflow/example_dags/example_sla_dag.py
[2023-11-28T00:53:13.977+0000] {processor.py:839} INFO - DAG(s) dict_keys(['example_sla_dag']) retrieved from /usr/local/lib/python3.10/dist-packages/airflow/example_dags/example_sla_dag.py
[2023-11-28T00:53:13.994+0000] {logging_mixin.py:154} INFO - [2023-11-28T00:53:13.993+0000] {dag.py:2941} INFO - Sync 1 DAGs
[2023-11-28T00:53:14.018+0000] {logging_mixin.py:154} INFO - [2023-11-28T00:53:14.018+0000] {dag.py:3722} INFO - Setting next_dagrun for example_sla_dag to 2023-11-28T00:50:00+00:00, run_after=2023-11-28T00:52:00+00:00
[2023-11-28T00:53:14.039+0000] {processor.py:179} INFO - Processing /usr/local/lib/python3.10/dist-packages/airflow/example_dags/example_sla_dag.py took 0.078 seconds
[2023-11-28T00:54:00.355+0000] {processor.py:157} INFO - Started process (PID=4825) to work on /usr/local/lib/python3.10/dist-packages/airflow/example_dags/example_sla_dag.py
[2023-11-28T00:54:00.356+0000] {processor.py:829} INFO - Processing file /usr/local/lib/python3.10/dist-packages/airflow/example_dags/example_sla_dag.py for tasks to queue
[2023-11-28T00:54:00.357+0000] {logging_mixin.py:154} INFO - [2023-11-28T00:54:00.357+0000] {dagbag.py:536} INFO - Filling up the DagBag from /usr/local/lib/python3.10/dist-packages/airflow/example_dags/example_sla_dag.py
[2023-11-28T00:54:00.367+0000] {processor.py:839} INFO - DAG(s) dict_keys(['example_sla_dag']) retrieved from /usr/local/lib/python3.10/dist-packages/airflow/example_dags/example_sla_dag.py
[2023-11-28T00:54:00.383+0000] {logging_mixin.py:154} INFO - [2023-11-28T00:54:00.383+0000] {dag.py:2941} INFO - Sync 1 DAGs
[2023-11-28T00:54:00.409+0000] {logging_mixin.py:154} INFO - [2023-11-28T00:54:00.409+0000] {dag.py:3722} INFO - Setting next_dagrun for example_sla_dag to 2023-11-28T00:52:00+00:00, run_after=2023-11-28T00:54:00+00:00
[2023-11-28T00:54:00.432+0000] {processor.py:179} INFO - Processing /usr/local/lib/python3.10/dist-packages/airflow/example_dags/example_sla_dag.py took 0.081 seconds
[2023-11-28T00:54:43.787+0000] {processor.py:157} INFO - Started process (PID=4911) to work on /usr/local/lib/python3.10/dist-packages/airflow/example_dags/example_sla_dag.py
[2023-11-28T00:54:43.788+0000] {processor.py:829} INFO - Processing file /usr/local/lib/python3.10/dist-packages/airflow/example_dags/example_sla_dag.py for tasks to queue
[2023-11-28T00:54:43.789+0000] {logging_mixin.py:154} INFO - [2023-11-28T00:54:43.789+0000] {dagbag.py:536} INFO - Filling up the DagBag from /usr/local/lib/python3.10/dist-packages/airflow/example_dags/example_sla_dag.py
[2023-11-28T00:54:43.798+0000] {processor.py:839} INFO - DAG(s) dict_keys(['example_sla_dag']) retrieved from /usr/local/lib/python3.10/dist-packages/airflow/example_dags/example_sla_dag.py
[2023-11-28T00:54:43.814+0000] {logging_mixin.py:154} INFO - [2023-11-28T00:54:43.814+0000] {dag.py:2941} INFO - Sync 1 DAGs
[2023-11-28T00:54:43.839+0000] {logging_mixin.py:154} INFO - [2023-11-28T00:54:43.839+0000] {dag.py:3722} INFO - Setting next_dagrun for example_sla_dag to 2023-11-28T00:52:00+00:00, run_after=2023-11-28T00:54:00+00:00
[2023-11-28T00:54:43.860+0000] {processor.py:179} INFO - Processing /usr/local/lib/python3.10/dist-packages/airflow/example_dags/example_sla_dag.py took 0.077 seconds
[2023-11-28T00:55:28.064+0000] {processor.py:157} INFO - Started process (PID=4959) to work on /usr/local/lib/python3.10/dist-packages/airflow/example_dags/example_sla_dag.py
[2023-11-28T00:55:28.065+0000] {processor.py:829} INFO - Processing file /usr/local/lib/python3.10/dist-packages/airflow/example_dags/example_sla_dag.py for tasks to queue
[2023-11-28T00:55:28.066+0000] {logging_mixin.py:154} INFO - [2023-11-28T00:55:28.065+0000] {dagbag.py:536} INFO - Filling up the DagBag from /usr/local/lib/python3.10/dist-packages/airflow/example_dags/example_sla_dag.py
[2023-11-28T00:55:28.075+0000] {processor.py:839} INFO - DAG(s) dict_keys(['example_sla_dag']) retrieved from /usr/local/lib/python3.10/dist-packages/airflow/example_dags/example_sla_dag.py
[2023-11-28T00:55:28.092+0000] {logging_mixin.py:154} INFO - [2023-11-28T00:55:28.091+0000] {dag.py:2941} INFO - Sync 1 DAGs
[2023-11-28T00:55:28.117+0000] {logging_mixin.py:154} INFO - [2023-11-28T00:55:28.117+0000] {dag.py:3722} INFO - Setting next_dagrun for example_sla_dag to 2023-11-28T00:52:00+00:00, run_after=2023-11-28T00:54:00+00:00
[2023-11-28T00:55:28.139+0000] {processor.py:179} INFO - Processing /usr/local/lib/python3.10/dist-packages/airflow/example_dags/example_sla_dag.py took 0.079 seconds
[2023-11-28T00:56:14.301+0000] {processor.py:157} INFO - Started process (PID=5321) to work on /usr/local/lib/python3.10/dist-packages/airflow/example_dags/example_sla_dag.py
[2023-11-28T00:56:14.303+0000] {processor.py:829} INFO - Processing file /usr/local/lib/python3.10/dist-packages/airflow/example_dags/example_sla_dag.py for tasks to queue
[2023-11-28T00:56:14.304+0000] {logging_mixin.py:154} INFO - [2023-11-28T00:56:14.303+0000] {dagbag.py:536} INFO - Filling up the DagBag from /usr/local/lib/python3.10/dist-packages/airflow/example_dags/example_sla_dag.py
[2023-11-28T00:56:14.313+0000] {processor.py:839} INFO - DAG(s) dict_keys(['example_sla_dag']) retrieved from /usr/local/lib/python3.10/dist-packages/airflow/example_dags/example_sla_dag.py
[2023-11-28T00:56:14.330+0000] {logging_mixin.py:154} INFO - [2023-11-28T00:56:14.330+0000] {dag.py:2941} INFO - Sync 1 DAGs
[2023-11-28T00:56:14.354+0000] {logging_mixin.py:154} INFO - [2023-11-28T00:56:14.354+0000] {dag.py:3722} INFO - Setting next_dagrun for example_sla_dag to 2023-11-28T00:54:00+00:00, run_after=2023-11-28T00:56:00+00:00
[2023-11-28T00:56:14.376+0000] {processor.py:179} INFO - Processing /usr/local/lib/python3.10/dist-packages/airflow/example_dags/example_sla_dag.py took 0.079 seconds
[2023-11-28T00:57:02.844+0000] {processor.py:157} INFO - Started process (PID=5373) to work on /usr/local/lib/python3.10/dist-packages/airflow/example_dags/example_sla_dag.py
[2023-11-28T00:57:02.846+0000] {processor.py:829} INFO - Processing file /usr/local/lib/python3.10/dist-packages/airflow/example_dags/example_sla_dag.py for tasks to queue
[2023-11-28T00:57:02.847+0000] {logging_mixin.py:154} INFO - [2023-11-28T00:57:02.846+0000] {dagbag.py:536} INFO - Filling up the DagBag from /usr/local/lib/python3.10/dist-packages/airflow/example_dags/example_sla_dag.py
[2023-11-28T00:57:02.856+0000] {processor.py:839} INFO - DAG(s) dict_keys(['example_sla_dag']) retrieved from /usr/local/lib/python3.10/dist-packages/airflow/example_dags/example_sla_dag.py
[2023-11-28T00:57:02.873+0000] {logging_mixin.py:154} INFO - [2023-11-28T00:57:02.873+0000] {dag.py:2941} INFO - Sync 1 DAGs
[2023-11-28T00:57:02.899+0000] {logging_mixin.py:154} INFO - [2023-11-28T00:57:02.899+0000] {dag.py:3722} INFO - Setting next_dagrun for example_sla_dag to 2023-11-28T00:54:00+00:00, run_after=2023-11-28T00:56:00+00:00
[2023-11-28T00:57:02.923+0000] {processor.py:179} INFO - Processing /usr/local/lib/python3.10/dist-packages/airflow/example_dags/example_sla_dag.py took 0.082 seconds
[2023-11-28T00:57:48.877+0000] {processor.py:157} INFO - Started process (PID=5423) to work on /usr/local/lib/python3.10/dist-packages/airflow/example_dags/example_sla_dag.py
[2023-11-28T00:57:48.879+0000] {processor.py:829} INFO - Processing file /usr/local/lib/python3.10/dist-packages/airflow/example_dags/example_sla_dag.py for tasks to queue
[2023-11-28T00:57:48.880+0000] {logging_mixin.py:154} INFO - [2023-11-28T00:57:48.879+0000] {dagbag.py:536} INFO - Filling up the DagBag from /usr/local/lib/python3.10/dist-packages/airflow/example_dags/example_sla_dag.py
[2023-11-28T00:57:48.889+0000] {processor.py:839} INFO - DAG(s) dict_keys(['example_sla_dag']) retrieved from /usr/local/lib/python3.10/dist-packages/airflow/example_dags/example_sla_dag.py
[2023-11-28T00:57:48.907+0000] {logging_mixin.py:154} INFO - [2023-11-28T00:57:48.906+0000] {dag.py:2941} INFO - Sync 1 DAGs
[2023-11-28T00:57:48.931+0000] {logging_mixin.py:154} INFO - [2023-11-28T00:57:48.931+0000] {dag.py:3722} INFO - Setting next_dagrun for example_sla_dag to 2023-11-28T00:54:00+00:00, run_after=2023-11-28T00:56:00+00:00
[2023-11-28T00:57:48.954+0000] {processor.py:179} INFO - Processing /usr/local/lib/python3.10/dist-packages/airflow/example_dags/example_sla_dag.py took 0.080 seconds
[2023-11-28T00:58:35.692+0000] {processor.py:157} INFO - Started process (PID=5470) to work on /usr/local/lib/python3.10/dist-packages/airflow/example_dags/example_sla_dag.py
[2023-11-28T00:58:35.695+0000] {processor.py:829} INFO - Processing file /usr/local/lib/python3.10/dist-packages/airflow/example_dags/example_sla_dag.py for tasks to queue
[2023-11-28T00:58:35.696+0000] {logging_mixin.py:154} INFO - [2023-11-28T00:58:35.696+0000] {dagbag.py:536} INFO - Filling up the DagBag from /usr/local/lib/python3.10/dist-packages/airflow/example_dags/example_sla_dag.py
[2023-11-28T00:58:35.706+0000] {processor.py:839} INFO - DAG(s) dict_keys(['example_sla_dag']) retrieved from /usr/local/lib/python3.10/dist-packages/airflow/example_dags/example_sla_dag.py
[2023-11-28T00:58:35.723+0000] {logging_mixin.py:154} INFO - [2023-11-28T00:58:35.722+0000] {dag.py:2941} INFO - Sync 1 DAGs
[2023-11-28T00:58:35.748+0000] {logging_mixin.py:154} INFO - [2023-11-28T00:58:35.748+0000] {dag.py:3722} INFO - Setting next_dagrun for example_sla_dag to 2023-11-28T00:56:00+00:00, run_after=2023-11-28T00:58:00+00:00
[2023-11-28T00:58:35.771+0000] {processor.py:179} INFO - Processing /usr/local/lib/python3.10/dist-packages/airflow/example_dags/example_sla_dag.py took 0.082 seconds
[2023-11-28T00:59:23.905+0000] {processor.py:157} INFO - Started process (PID=5520) to work on /usr/local/lib/python3.10/dist-packages/airflow/example_dags/example_sla_dag.py
[2023-11-28T00:59:23.906+0000] {processor.py:829} INFO - Processing file /usr/local/lib/python3.10/dist-packages/airflow/example_dags/example_sla_dag.py for tasks to queue
[2023-11-28T00:59:23.907+0000] {logging_mixin.py:154} INFO - [2023-11-28T00:59:23.907+0000] {dagbag.py:536} INFO - Filling up the DagBag from /usr/local/lib/python3.10/dist-packages/airflow/example_dags/example_sla_dag.py
[2023-11-28T00:59:23.917+0000] {processor.py:839} INFO - DAG(s) dict_keys(['example_sla_dag']) retrieved from /usr/local/lib/python3.10/dist-packages/airflow/example_dags/example_sla_dag.py
[2023-11-28T00:59:23.933+0000] {logging_mixin.py:154} INFO - [2023-11-28T00:59:23.932+0000] {dag.py:2941} INFO - Sync 1 DAGs
[2023-11-28T00:59:23.956+0000] {logging_mixin.py:154} INFO - [2023-11-28T00:59:23.956+0000] {dag.py:3722} INFO - Setting next_dagrun for example_sla_dag to 2023-11-28T00:56:00+00:00, run_after=2023-11-28T00:58:00+00:00
[2023-11-28T00:59:23.979+0000] {processor.py:179} INFO - Processing /usr/local/lib/python3.10/dist-packages/airflow/example_dags/example_sla_dag.py took 0.078 seconds
[2023-11-28T01:00:07.591+0000] {processor.py:157} INFO - Started process (PID=5566) to work on /usr/local/lib/python3.10/dist-packages/airflow/example_dags/example_sla_dag.py
[2023-11-28T01:00:07.592+0000] {processor.py:829} INFO - Processing file /usr/local/lib/python3.10/dist-packages/airflow/example_dags/example_sla_dag.py for tasks to queue
[2023-11-28T01:00:07.593+0000] {logging_mixin.py:154} INFO - [2023-11-28T01:00:07.593+0000] {dagbag.py:536} INFO - Filling up the DagBag from /usr/local/lib/python3.10/dist-packages/airflow/example_dags/example_sla_dag.py
[2023-11-28T01:00:07.602+0000] {processor.py:839} INFO - DAG(s) dict_keys(['example_sla_dag']) retrieved from /usr/local/lib/python3.10/dist-packages/airflow/example_dags/example_sla_dag.py
[2023-11-28T01:00:07.619+0000] {logging_mixin.py:154} INFO - [2023-11-28T01:00:07.619+0000] {dag.py:2941} INFO - Sync 1 DAGs
[2023-11-28T01:00:07.643+0000] {logging_mixin.py:154} INFO - [2023-11-28T01:00:07.643+0000] {dag.py:3722} INFO - Setting next_dagrun for example_sla_dag to 2023-11-28T00:58:00+00:00, run_after=2023-11-28T01:00:00+00:00
[2023-11-28T01:00:07.667+0000] {processor.py:179} INFO - Processing /usr/local/lib/python3.10/dist-packages/airflow/example_dags/example_sla_dag.py took 0.080 seconds
[2023-11-28T01:00:50.612+0000] {processor.py:157} INFO - Started process (PID=5611) to work on /usr/local/lib/python3.10/dist-packages/airflow/example_dags/example_sla_dag.py
[2023-11-28T01:00:50.614+0000] {processor.py:829} INFO - Processing file /usr/local/lib/python3.10/dist-packages/airflow/example_dags/example_sla_dag.py for tasks to queue
[2023-11-28T01:00:50.614+0000] {logging_mixin.py:154} INFO - [2023-11-28T01:00:50.614+0000] {dagbag.py:536} INFO - Filling up the DagBag from /usr/local/lib/python3.10/dist-packages/airflow/example_dags/example_sla_dag.py
[2023-11-28T01:00:50.624+0000] {processor.py:839} INFO - DAG(s) dict_keys(['example_sla_dag']) retrieved from /usr/local/lib/python3.10/dist-packages/airflow/example_dags/example_sla_dag.py
[2023-11-28T01:00:50.641+0000] {logging_mixin.py:154} INFO - [2023-11-28T01:00:50.641+0000] {dag.py:2941} INFO - Sync 1 DAGs
[2023-11-28T01:00:50.666+0000] {logging_mixin.py:154} INFO - [2023-11-28T01:00:50.665+0000] {dag.py:3722} INFO - Setting next_dagrun for example_sla_dag to 2023-11-28T00:58:00+00:00, run_after=2023-11-28T01:00:00+00:00
[2023-11-28T01:00:50.689+0000] {processor.py:179} INFO - Processing /usr/local/lib/python3.10/dist-packages/airflow/example_dags/example_sla_dag.py took 0.081 seconds
[2023-11-28T01:01:36.391+0000] {processor.py:157} INFO - Started process (PID=5658) to work on /usr/local/lib/python3.10/dist-packages/airflow/example_dags/example_sla_dag.py
[2023-11-28T01:01:36.392+0000] {processor.py:829} INFO - Processing file /usr/local/lib/python3.10/dist-packages/airflow/example_dags/example_sla_dag.py for tasks to queue
[2023-11-28T01:01:36.393+0000] {logging_mixin.py:154} INFO - [2023-11-28T01:01:36.393+0000] {dagbag.py:536} INFO - Filling up the DagBag from /usr/local/lib/python3.10/dist-packages/airflow/example_dags/example_sla_dag.py
[2023-11-28T01:01:36.403+0000] {processor.py:839} INFO - DAG(s) dict_keys(['example_sla_dag']) retrieved from /usr/local/lib/python3.10/dist-packages/airflow/example_dags/example_sla_dag.py
[2023-11-28T01:01:36.420+0000] {logging_mixin.py:154} INFO - [2023-11-28T01:01:36.419+0000] {dag.py:2941} INFO - Sync 1 DAGs
[2023-11-28T01:01:36.444+0000] {logging_mixin.py:154} INFO - [2023-11-28T01:01:36.444+0000] {dag.py:3722} INFO - Setting next_dagrun for example_sla_dag to 2023-11-28T00:58:00+00:00, run_after=2023-11-28T01:00:00+00:00
[2023-11-28T01:01:36.466+0000] {processor.py:179} INFO - Processing /usr/local/lib/python3.10/dist-packages/airflow/example_dags/example_sla_dag.py took 0.079 seconds
[2023-11-28T01:02:20.333+0000] {processor.py:157} INFO - Started process (PID=5704) to work on /usr/local/lib/python3.10/dist-packages/airflow/example_dags/example_sla_dag.py
[2023-11-28T01:02:20.334+0000] {processor.py:829} INFO - Processing file /usr/local/lib/python3.10/dist-packages/airflow/example_dags/example_sla_dag.py for tasks to queue
[2023-11-28T01:02:20.335+0000] {logging_mixin.py:154} INFO - [2023-11-28T01:02:20.335+0000] {dagbag.py:536} INFO - Filling up the DagBag from /usr/local/lib/python3.10/dist-packages/airflow/example_dags/example_sla_dag.py
[2023-11-28T01:02:20.344+0000] {processor.py:839} INFO - DAG(s) dict_keys(['example_sla_dag']) retrieved from /usr/local/lib/python3.10/dist-packages/airflow/example_dags/example_sla_dag.py
[2023-11-28T01:02:20.361+0000] {logging_mixin.py:154} INFO - [2023-11-28T01:02:20.361+0000] {dag.py:2941} INFO - Sync 1 DAGs
[2023-11-28T01:02:20.386+0000] {logging_mixin.py:154} INFO - [2023-11-28T01:02:20.385+0000] {dag.py:3722} INFO - Setting next_dagrun for example_sla_dag to 2023-11-28T01:00:00+00:00, run_after=2023-11-28T01:02:00+00:00
[2023-11-28T01:02:20.408+0000] {processor.py:179} INFO - Processing /usr/local/lib/python3.10/dist-packages/airflow/example_dags/example_sla_dag.py took 0.079 seconds
[2023-11-28T01:03:04.357+0000] {processor.py:157} INFO - Started process (PID=5750) to work on /usr/local/lib/python3.10/dist-packages/airflow/example_dags/example_sla_dag.py
[2023-11-28T01:03:04.359+0000] {processor.py:829} INFO - Processing file /usr/local/lib/python3.10/dist-packages/airflow/example_dags/example_sla_dag.py for tasks to queue
[2023-11-28T01:03:04.360+0000] {logging_mixin.py:154} INFO - [2023-11-28T01:03:04.359+0000] {dagbag.py:536} INFO - Filling up the DagBag from /usr/local/lib/python3.10/dist-packages/airflow/example_dags/example_sla_dag.py
[2023-11-28T01:03:04.370+0000] {processor.py:839} INFO - DAG(s) dict_keys(['example_sla_dag']) retrieved from /usr/local/lib/python3.10/dist-packages/airflow/example_dags/example_sla_dag.py
[2023-11-28T01:03:04.388+0000] {logging_mixin.py:154} INFO - [2023-11-28T01:03:04.387+0000] {dag.py:2941} INFO - Sync 1 DAGs
[2023-11-28T01:03:04.413+0000] {logging_mixin.py:154} INFO - [2023-11-28T01:03:04.413+0000] {dag.py:3722} INFO - Setting next_dagrun for example_sla_dag to 2023-11-28T01:00:00+00:00, run_after=2023-11-28T01:02:00+00:00
[2023-11-28T01:03:04.437+0000] {processor.py:179} INFO - Processing /usr/local/lib/python3.10/dist-packages/airflow/example_dags/example_sla_dag.py took 0.084 seconds
[2023-11-28T01:03:50.135+0000] {processor.py:157} INFO - Started process (PID=5911) to work on /usr/local/lib/python3.10/dist-packages/airflow/example_dags/example_sla_dag.py
[2023-11-28T01:03:50.137+0000] {processor.py:829} INFO - Processing file /usr/local/lib/python3.10/dist-packages/airflow/example_dags/example_sla_dag.py for tasks to queue
[2023-11-28T01:03:50.138+0000] {logging_mixin.py:154} INFO - [2023-11-28T01:03:50.137+0000] {dagbag.py:536} INFO - Filling up the DagBag from /usr/local/lib/python3.10/dist-packages/airflow/example_dags/example_sla_dag.py
[2023-11-28T01:03:50.147+0000] {processor.py:839} INFO - DAG(s) dict_keys(['example_sla_dag']) retrieved from /usr/local/lib/python3.10/dist-packages/airflow/example_dags/example_sla_dag.py
[2023-11-28T01:03:50.164+0000] {logging_mixin.py:154} INFO - [2023-11-28T01:03:50.164+0000] {dag.py:2941} INFO - Sync 1 DAGs
[2023-11-28T01:03:50.189+0000] {logging_mixin.py:154} INFO - [2023-11-28T01:03:50.188+0000] {dag.py:3722} INFO - Setting next_dagrun for example_sla_dag to 2023-11-28T01:00:00+00:00, run_after=2023-11-28T01:02:00+00:00
[2023-11-28T01:03:50.211+0000] {processor.py:179} INFO - Processing /usr/local/lib/python3.10/dist-packages/airflow/example_dags/example_sla_dag.py took 0.079 seconds
[2023-11-28T01:04:37.004+0000] {processor.py:157} INFO - Started process (PID=5959) to work on /usr/local/lib/python3.10/dist-packages/airflow/example_dags/example_sla_dag.py
[2023-11-28T01:04:37.005+0000] {processor.py:829} INFO - Processing file /usr/local/lib/python3.10/dist-packages/airflow/example_dags/example_sla_dag.py for tasks to queue
[2023-11-28T01:04:37.006+0000] {logging_mixin.py:154} INFO - [2023-11-28T01:04:37.006+0000] {dagbag.py:536} INFO - Filling up the DagBag from /usr/local/lib/python3.10/dist-packages/airflow/example_dags/example_sla_dag.py
[2023-11-28T01:04:37.015+0000] {processor.py:839} INFO - DAG(s) dict_keys(['example_sla_dag']) retrieved from /usr/local/lib/python3.10/dist-packages/airflow/example_dags/example_sla_dag.py
[2023-11-28T01:04:37.032+0000] {logging_mixin.py:154} INFO - [2023-11-28T01:04:37.032+0000] {dag.py:2941} INFO - Sync 1 DAGs
[2023-11-28T01:04:37.056+0000] {logging_mixin.py:154} INFO - [2023-11-28T01:04:37.056+0000] {dag.py:3722} INFO - Setting next_dagrun for example_sla_dag to 2023-11-28T01:02:00+00:00, run_after=2023-11-28T01:04:00+00:00
[2023-11-28T01:04:37.077+0000] {processor.py:179} INFO - Processing /usr/local/lib/python3.10/dist-packages/airflow/example_dags/example_sla_dag.py took 0.076 seconds
[2023-11-28T01:05:18.243+0000] {processor.py:157} INFO - Started process (PID=6004) to work on /usr/local/lib/python3.10/dist-packages/airflow/example_dags/example_sla_dag.py
[2023-11-28T01:05:18.245+0000] {processor.py:829} INFO - Processing file /usr/local/lib/python3.10/dist-packages/airflow/example_dags/example_sla_dag.py for tasks to queue
[2023-11-28T01:05:18.245+0000] {logging_mixin.py:154} INFO - [2023-11-28T01:05:18.245+0000] {dagbag.py:536} INFO - Filling up the DagBag from /usr/local/lib/python3.10/dist-packages/airflow/example_dags/example_sla_dag.py
[2023-11-28T01:05:18.256+0000] {processor.py:839} INFO - DAG(s) dict_keys(['example_sla_dag']) retrieved from /usr/local/lib/python3.10/dist-packages/airflow/example_dags/example_sla_dag.py
[2023-11-28T01:05:18.273+0000] {logging_mixin.py:154} INFO - [2023-11-28T01:05:18.273+0000] {dag.py:2941} INFO - Sync 1 DAGs
[2023-11-28T01:05:18.298+0000] {logging_mixin.py:154} INFO - [2023-11-28T01:05:18.297+0000] {dag.py:3722} INFO - Setting next_dagrun for example_sla_dag to 2023-11-28T01:02:00+00:00, run_after=2023-11-28T01:04:00+00:00
[2023-11-28T01:05:18.324+0000] {processor.py:179} INFO - Processing /usr/local/lib/python3.10/dist-packages/airflow/example_dags/example_sla_dag.py took 0.085 seconds
[2023-11-28T01:06:04.811+0000] {processor.py:157} INFO - Started process (PID=6051) to work on /usr/local/lib/python3.10/dist-packages/airflow/example_dags/example_sla_dag.py
[2023-11-28T01:06:04.813+0000] {processor.py:829} INFO - Processing file /usr/local/lib/python3.10/dist-packages/airflow/example_dags/example_sla_dag.py for tasks to queue
[2023-11-28T01:06:04.813+0000] {logging_mixin.py:154} INFO - [2023-11-28T01:06:04.813+0000] {dagbag.py:536} INFO - Filling up the DagBag from /usr/local/lib/python3.10/dist-packages/airflow/example_dags/example_sla_dag.py
[2023-11-28T01:06:04.823+0000] {processor.py:839} INFO - DAG(s) dict_keys(['example_sla_dag']) retrieved from /usr/local/lib/python3.10/dist-packages/airflow/example_dags/example_sla_dag.py
[2023-11-28T01:06:04.840+0000] {logging_mixin.py:154} INFO - [2023-11-28T01:06:04.840+0000] {dag.py:2941} INFO - Sync 1 DAGs
[2023-11-28T01:06:04.864+0000] {logging_mixin.py:154} INFO - [2023-11-28T01:06:04.864+0000] {dag.py:3722} INFO - Setting next_dagrun for example_sla_dag to 2023-11-28T01:04:00+00:00, run_after=2023-11-28T01:06:00+00:00
[2023-11-28T01:06:04.886+0000] {processor.py:179} INFO - Processing /usr/local/lib/python3.10/dist-packages/airflow/example_dags/example_sla_dag.py took 0.078 seconds
[2023-11-28T01:06:49.354+0000] {processor.py:157} INFO - Started process (PID=6097) to work on /usr/local/lib/python3.10/dist-packages/airflow/example_dags/example_sla_dag.py
[2023-11-28T01:06:49.356+0000] {processor.py:829} INFO - Processing file /usr/local/lib/python3.10/dist-packages/airflow/example_dags/example_sla_dag.py for tasks to queue
[2023-11-28T01:06:49.357+0000] {logging_mixin.py:154} INFO - [2023-11-28T01:06:49.356+0000] {dagbag.py:536} INFO - Filling up the DagBag from /usr/local/lib/python3.10/dist-packages/airflow/example_dags/example_sla_dag.py
[2023-11-28T01:06:49.366+0000] {processor.py:839} INFO - DAG(s) dict_keys(['example_sla_dag']) retrieved from /usr/local/lib/python3.10/dist-packages/airflow/example_dags/example_sla_dag.py
[2023-11-28T01:06:49.383+0000] {logging_mixin.py:154} INFO - [2023-11-28T01:06:49.382+0000] {dag.py:2941} INFO - Sync 1 DAGs
[2023-11-28T01:06:49.407+0000] {logging_mixin.py:154} INFO - [2023-11-28T01:06:49.407+0000] {dag.py:3722} INFO - Setting next_dagrun for example_sla_dag to 2023-11-28T01:04:00+00:00, run_after=2023-11-28T01:06:00+00:00
[2023-11-28T01:06:49.429+0000] {processor.py:179} INFO - Processing /usr/local/lib/python3.10/dist-packages/airflow/example_dags/example_sla_dag.py took 0.078 seconds
[2023-11-28T01:07:38.581+0000] {processor.py:157} INFO - Started process (PID=6147) to work on /usr/local/lib/python3.10/dist-packages/airflow/example_dags/example_sla_dag.py
[2023-11-28T01:07:38.582+0000] {processor.py:829} INFO - Processing file /usr/local/lib/python3.10/dist-packages/airflow/example_dags/example_sla_dag.py for tasks to queue
[2023-11-28T01:07:38.583+0000] {logging_mixin.py:154} INFO - [2023-11-28T01:07:38.583+0000] {dagbag.py:536} INFO - Filling up the DagBag from /usr/local/lib/python3.10/dist-packages/airflow/example_dags/example_sla_dag.py
[2023-11-28T01:07:38.593+0000] {processor.py:839} INFO - DAG(s) dict_keys(['example_sla_dag']) retrieved from /usr/local/lib/python3.10/dist-packages/airflow/example_dags/example_sla_dag.py
[2023-11-28T01:07:38.610+0000] {logging_mixin.py:154} INFO - [2023-11-28T01:07:38.609+0000] {dag.py:2941} INFO - Sync 1 DAGs
[2023-11-28T01:07:38.633+0000] {logging_mixin.py:154} INFO - [2023-11-28T01:07:38.633+0000] {dag.py:3722} INFO - Setting next_dagrun for example_sla_dag to 2023-11-28T01:04:00+00:00, run_after=2023-11-28T01:06:00+00:00
[2023-11-28T01:07:38.655+0000] {processor.py:179} INFO - Processing /usr/local/lib/python3.10/dist-packages/airflow/example_dags/example_sla_dag.py took 0.077 seconds
[2023-11-28T01:08:28.835+0000] {processor.py:157} INFO - Started process (PID=6198) to work on /usr/local/lib/python3.10/dist-packages/airflow/example_dags/example_sla_dag.py
[2023-11-28T01:08:28.837+0000] {processor.py:829} INFO - Processing file /usr/local/lib/python3.10/dist-packages/airflow/example_dags/example_sla_dag.py for tasks to queue
[2023-11-28T01:08:28.838+0000] {logging_mixin.py:154} INFO - [2023-11-28T01:08:28.837+0000] {dagbag.py:536} INFO - Filling up the DagBag from /usr/local/lib/python3.10/dist-packages/airflow/example_dags/example_sla_dag.py
[2023-11-28T01:08:28.848+0000] {processor.py:839} INFO - DAG(s) dict_keys(['example_sla_dag']) retrieved from /usr/local/lib/python3.10/dist-packages/airflow/example_dags/example_sla_dag.py
[2023-11-28T01:08:28.865+0000] {logging_mixin.py:154} INFO - [2023-11-28T01:08:28.865+0000] {dag.py:2941} INFO - Sync 1 DAGs
[2023-11-28T01:08:28.891+0000] {logging_mixin.py:154} INFO - [2023-11-28T01:08:28.890+0000] {dag.py:3722} INFO - Setting next_dagrun for example_sla_dag to 2023-11-28T01:06:00+00:00, run_after=2023-11-28T01:08:00+00:00
[2023-11-28T01:08:28.918+0000] {processor.py:179} INFO - Processing /usr/local/lib/python3.10/dist-packages/airflow/example_dags/example_sla_dag.py took 0.087 seconds
[2023-11-28T01:09:12.437+0000] {processor.py:157} INFO - Started process (PID=6245) to work on /usr/local/lib/python3.10/dist-packages/airflow/example_dags/example_sla_dag.py
[2023-11-28T01:09:12.438+0000] {processor.py:829} INFO - Processing file /usr/local/lib/python3.10/dist-packages/airflow/example_dags/example_sla_dag.py for tasks to queue
[2023-11-28T01:09:12.439+0000] {logging_mixin.py:154} INFO - [2023-11-28T01:09:12.439+0000] {dagbag.py:536} INFO - Filling up the DagBag from /usr/local/lib/python3.10/dist-packages/airflow/example_dags/example_sla_dag.py
[2023-11-28T01:09:12.449+0000] {processor.py:839} INFO - DAG(s) dict_keys(['example_sla_dag']) retrieved from /usr/local/lib/python3.10/dist-packages/airflow/example_dags/example_sla_dag.py
[2023-11-28T01:09:12.466+0000] {logging_mixin.py:154} INFO - [2023-11-28T01:09:12.465+0000] {dag.py:2941} INFO - Sync 1 DAGs
[2023-11-28T01:09:12.490+0000] {logging_mixin.py:154} INFO - [2023-11-28T01:09:12.490+0000] {dag.py:3722} INFO - Setting next_dagrun for example_sla_dag to 2023-11-28T01:06:00+00:00, run_after=2023-11-28T01:08:00+00:00
[2023-11-28T01:09:12.513+0000] {processor.py:179} INFO - Processing /usr/local/lib/python3.10/dist-packages/airflow/example_dags/example_sla_dag.py took 0.080 seconds
[2023-11-28T01:09:58.882+0000] {processor.py:157} INFO - Started process (PID=6294) to work on /usr/local/lib/python3.10/dist-packages/airflow/example_dags/example_sla_dag.py
[2023-11-28T01:09:58.886+0000] {processor.py:829} INFO - Processing file /usr/local/lib/python3.10/dist-packages/airflow/example_dags/example_sla_dag.py for tasks to queue
[2023-11-28T01:09:58.887+0000] {logging_mixin.py:154} INFO - [2023-11-28T01:09:58.886+0000] {dagbag.py:536} INFO - Filling up the DagBag from /usr/local/lib/python3.10/dist-packages/airflow/example_dags/example_sla_dag.py
[2023-11-28T01:09:58.897+0000] {processor.py:839} INFO - DAG(s) dict_keys(['example_sla_dag']) retrieved from /usr/local/lib/python3.10/dist-packages/airflow/example_dags/example_sla_dag.py
[2023-11-28T01:09:58.914+0000] {logging_mixin.py:154} INFO - [2023-11-28T01:09:58.914+0000] {dag.py:2941} INFO - Sync 1 DAGs
[2023-11-28T01:09:58.940+0000] {logging_mixin.py:154} INFO - [2023-11-28T01:09:58.940+0000] {dag.py:3722} INFO - Setting next_dagrun for example_sla_dag to 2023-11-28T01:06:00+00:00, run_after=2023-11-28T01:08:00+00:00
[2023-11-28T01:09:58.963+0000] {processor.py:179} INFO - Processing /usr/local/lib/python3.10/dist-packages/airflow/example_dags/example_sla_dag.py took 0.085 seconds
[2023-11-28T01:10:45.349+0000] {processor.py:157} INFO - Started process (PID=6341) to work on /usr/local/lib/python3.10/dist-packages/airflow/example_dags/example_sla_dag.py
[2023-11-28T01:10:45.351+0000] {processor.py:829} INFO - Processing file /usr/local/lib/python3.10/dist-packages/airflow/example_dags/example_sla_dag.py for tasks to queue
[2023-11-28T01:10:45.352+0000] {logging_mixin.py:154} INFO - [2023-11-28T01:10:45.351+0000] {dagbag.py:536} INFO - Filling up the DagBag from /usr/local/lib/python3.10/dist-packages/airflow/example_dags/example_sla_dag.py
[2023-11-28T01:10:45.362+0000] {processor.py:839} INFO - DAG(s) dict_keys(['example_sla_dag']) retrieved from /usr/local/lib/python3.10/dist-packages/airflow/example_dags/example_sla_dag.py
[2023-11-28T01:10:45.379+0000] {logging_mixin.py:154} INFO - [2023-11-28T01:10:45.378+0000] {dag.py:2941} INFO - Sync 1 DAGs
[2023-11-28T01:10:45.403+0000] {logging_mixin.py:154} INFO - [2023-11-28T01:10:45.403+0000] {dag.py:3722} INFO - Setting next_dagrun for example_sla_dag to 2023-11-28T01:08:00+00:00, run_after=2023-11-28T01:10:00+00:00
[2023-11-28T01:10:45.426+0000] {processor.py:179} INFO - Processing /usr/local/lib/python3.10/dist-packages/airflow/example_dags/example_sla_dag.py took 0.081 seconds
[2023-11-28T01:11:31.054+0000] {processor.py:157} INFO - Started process (PID=6390) to work on /usr/local/lib/python3.10/dist-packages/airflow/example_dags/example_sla_dag.py
[2023-11-28T01:11:31.056+0000] {processor.py:829} INFO - Processing file /usr/local/lib/python3.10/dist-packages/airflow/example_dags/example_sla_dag.py for tasks to queue
[2023-11-28T01:11:31.057+0000] {logging_mixin.py:154} INFO - [2023-11-28T01:11:31.056+0000] {dagbag.py:536} INFO - Filling up the DagBag from /usr/local/lib/python3.10/dist-packages/airflow/example_dags/example_sla_dag.py
[2023-11-28T01:11:31.066+0000] {processor.py:839} INFO - DAG(s) dict_keys(['example_sla_dag']) retrieved from /usr/local/lib/python3.10/dist-packages/airflow/example_dags/example_sla_dag.py
[2023-11-28T01:11:31.083+0000] {logging_mixin.py:154} INFO - [2023-11-28T01:11:31.082+0000] {dag.py:2941} INFO - Sync 1 DAGs
[2023-11-28T01:11:31.107+0000] {logging_mixin.py:154} INFO - [2023-11-28T01:11:31.107+0000] {dag.py:3722} INFO - Setting next_dagrun for example_sla_dag to 2023-11-28T01:08:00+00:00, run_after=2023-11-28T01:10:00+00:00
[2023-11-28T01:11:31.128+0000] {processor.py:179} INFO - Processing /usr/local/lib/python3.10/dist-packages/airflow/example_dags/example_sla_dag.py took 0.077 seconds
[2023-11-28T01:12:17.620+0000] {processor.py:157} INFO - Started process (PID=6436) to work on /usr/local/lib/python3.10/dist-packages/airflow/example_dags/example_sla_dag.py
[2023-11-28T01:12:17.622+0000] {processor.py:829} INFO - Processing file /usr/local/lib/python3.10/dist-packages/airflow/example_dags/example_sla_dag.py for tasks to queue
[2023-11-28T01:12:17.623+0000] {logging_mixin.py:154} INFO - [2023-11-28T01:12:17.622+0000] {dagbag.py:536} INFO - Filling up the DagBag from /usr/local/lib/python3.10/dist-packages/airflow/example_dags/example_sla_dag.py
[2023-11-28T01:12:17.632+0000] {processor.py:839} INFO - DAG(s) dict_keys(['example_sla_dag']) retrieved from /usr/local/lib/python3.10/dist-packages/airflow/example_dags/example_sla_dag.py
[2023-11-28T01:12:17.649+0000] {logging_mixin.py:154} INFO - [2023-11-28T01:12:17.648+0000] {dag.py:2941} INFO - Sync 1 DAGs
[2023-11-28T01:12:17.672+0000] {logging_mixin.py:154} INFO - [2023-11-28T01:12:17.672+0000] {dag.py:3722} INFO - Setting next_dagrun for example_sla_dag to 2023-11-28T01:10:00+00:00, run_after=2023-11-28T01:12:00+00:00
[2023-11-28T01:12:17.694+0000] {processor.py:179} INFO - Processing /usr/local/lib/python3.10/dist-packages/airflow/example_dags/example_sla_dag.py took 0.077 seconds
[2023-11-28T01:13:01.544+0000] {processor.py:157} INFO - Started process (PID=6483) to work on /usr/local/lib/python3.10/dist-packages/airflow/example_dags/example_sla_dag.py
[2023-11-28T01:13:01.546+0000] {processor.py:829} INFO - Processing file /usr/local/lib/python3.10/dist-packages/airflow/example_dags/example_sla_dag.py for tasks to queue
[2023-11-28T01:13:01.547+0000] {logging_mixin.py:154} INFO - [2023-11-28T01:13:01.546+0000] {dagbag.py:536} INFO - Filling up the DagBag from /usr/local/lib/python3.10/dist-packages/airflow/example_dags/example_sla_dag.py
[2023-11-28T01:13:01.557+0000] {processor.py:839} INFO - DAG(s) dict_keys(['example_sla_dag']) retrieved from /usr/local/lib/python3.10/dist-packages/airflow/example_dags/example_sla_dag.py
[2023-11-28T01:13:01.575+0000] {logging_mixin.py:154} INFO - [2023-11-28T01:13:01.575+0000] {dag.py:2941} INFO - Sync 1 DAGs
[2023-11-28T01:13:01.601+0000] {logging_mixin.py:154} INFO - [2023-11-28T01:13:01.601+0000] {dag.py:3722} INFO - Setting next_dagrun for example_sla_dag to 2023-11-28T01:10:00+00:00, run_after=2023-11-28T01:12:00+00:00
[2023-11-28T01:13:01.624+0000] {processor.py:179} INFO - Processing /usr/local/lib/python3.10/dist-packages/airflow/example_dags/example_sla_dag.py took 0.083 seconds
[2023-11-28T01:13:48.725+0000] {processor.py:157} INFO - Started process (PID=6531) to work on /usr/local/lib/python3.10/dist-packages/airflow/example_dags/example_sla_dag.py
[2023-11-28T01:13:48.726+0000] {processor.py:829} INFO - Processing file /usr/local/lib/python3.10/dist-packages/airflow/example_dags/example_sla_dag.py for tasks to queue
[2023-11-28T01:13:48.727+0000] {logging_mixin.py:154} INFO - [2023-11-28T01:13:48.727+0000] {dagbag.py:536} INFO - Filling up the DagBag from /usr/local/lib/python3.10/dist-packages/airflow/example_dags/example_sla_dag.py
[2023-11-28T01:13:48.736+0000] {processor.py:839} INFO - DAG(s) dict_keys(['example_sla_dag']) retrieved from /usr/local/lib/python3.10/dist-packages/airflow/example_dags/example_sla_dag.py
[2023-11-28T01:13:48.753+0000] {logging_mixin.py:154} INFO - [2023-11-28T01:13:48.753+0000] {dag.py:2941} INFO - Sync 1 DAGs
[2023-11-28T01:13:48.778+0000] {logging_mixin.py:154} INFO - [2023-11-28T01:13:48.778+0000] {dag.py:3722} INFO - Setting next_dagrun for example_sla_dag to 2023-11-28T01:10:00+00:00, run_after=2023-11-28T01:12:00+00:00
[2023-11-28T01:13:48.801+0000] {processor.py:179} INFO - Processing /usr/local/lib/python3.10/dist-packages/airflow/example_dags/example_sla_dag.py took 0.080 seconds
[2023-11-28T01:15:19.768+0000] {processor.py:157} INFO - Started process (PID=6633) to work on /usr/local/lib/python3.10/dist-packages/airflow/example_dags/example_sla_dag.py
[2023-11-28T01:15:19.770+0000] {processor.py:829} INFO - Processing file /usr/local/lib/python3.10/dist-packages/airflow/example_dags/example_sla_dag.py for tasks to queue
[2023-11-28T01:15:19.770+0000] {logging_mixin.py:154} INFO - [2023-11-28T01:15:19.770+0000] {dagbag.py:536} INFO - Filling up the DagBag from /usr/local/lib/python3.10/dist-packages/airflow/example_dags/example_sla_dag.py
[2023-11-28T01:15:19.780+0000] {processor.py:839} INFO - DAG(s) dict_keys(['example_sla_dag']) retrieved from /usr/local/lib/python3.10/dist-packages/airflow/example_dags/example_sla_dag.py
[2023-11-28T01:15:19.803+0000] {logging_mixin.py:154} INFO - [2023-11-28T01:15:19.803+0000] {dag.py:2941} INFO - Sync 1 DAGs
[2023-11-28T01:15:19.831+0000] {logging_mixin.py:154} INFO - [2023-11-28T01:15:19.830+0000] {dag.py:3722} INFO - Setting next_dagrun for example_sla_dag to 2023-11-28T01:12:00+00:00, run_after=2023-11-28T01:14:00+00:00
[2023-11-28T01:15:19.869+0000] {processor.py:179} INFO - Processing /usr/local/lib/python3.10/dist-packages/airflow/example_dags/example_sla_dag.py took 0.104 seconds
[2023-11-28T01:16:03.089+0000] {processor.py:157} INFO - Started process (PID=6680) to work on /usr/local/lib/python3.10/dist-packages/airflow/example_dags/example_sla_dag.py
[2023-11-28T01:16:03.090+0000] {processor.py:829} INFO - Processing file /usr/local/lib/python3.10/dist-packages/airflow/example_dags/example_sla_dag.py for tasks to queue
[2023-11-28T01:16:03.091+0000] {logging_mixin.py:154} INFO - [2023-11-28T01:16:03.091+0000] {dagbag.py:536} INFO - Filling up the DagBag from /usr/local/lib/python3.10/dist-packages/airflow/example_dags/example_sla_dag.py
[2023-11-28T01:16:03.101+0000] {processor.py:839} INFO - DAG(s) dict_keys(['example_sla_dag']) retrieved from /usr/local/lib/python3.10/dist-packages/airflow/example_dags/example_sla_dag.py
[2023-11-28T01:16:03.117+0000] {logging_mixin.py:154} INFO - [2023-11-28T01:16:03.117+0000] {dag.py:2941} INFO - Sync 1 DAGs
[2023-11-28T01:16:03.142+0000] {logging_mixin.py:154} INFO - [2023-11-28T01:16:03.141+0000] {dag.py:3722} INFO - Setting next_dagrun for example_sla_dag to 2023-11-28T01:14:00+00:00, run_after=2023-11-28T01:16:00+00:00
[2023-11-28T01:16:03.165+0000] {processor.py:179} INFO - Processing /usr/local/lib/python3.10/dist-packages/airflow/example_dags/example_sla_dag.py took 0.080 seconds
[2023-11-28T01:16:49.890+0000] {processor.py:157} INFO - Started process (PID=6726) to work on /usr/local/lib/python3.10/dist-packages/airflow/example_dags/example_sla_dag.py
[2023-11-28T01:16:49.891+0000] {processor.py:829} INFO - Processing file /usr/local/lib/python3.10/dist-packages/airflow/example_dags/example_sla_dag.py for tasks to queue
[2023-11-28T01:16:49.892+0000] {logging_mixin.py:154} INFO - [2023-11-28T01:16:49.892+0000] {dagbag.py:536} INFO - Filling up the DagBag from /usr/local/lib/python3.10/dist-packages/airflow/example_dags/example_sla_dag.py
[2023-11-28T01:16:49.902+0000] {processor.py:839} INFO - DAG(s) dict_keys(['example_sla_dag']) retrieved from /usr/local/lib/python3.10/dist-packages/airflow/example_dags/example_sla_dag.py
[2023-11-28T01:16:49.919+0000] {logging_mixin.py:154} INFO - [2023-11-28T01:16:49.918+0000] {dag.py:2941} INFO - Sync 1 DAGs
[2023-11-28T01:16:49.942+0000] {logging_mixin.py:154} INFO - [2023-11-28T01:16:49.942+0000] {dag.py:3722} INFO - Setting next_dagrun for example_sla_dag to 2023-11-28T01:14:00+00:00, run_after=2023-11-28T01:16:00+00:00
[2023-11-28T01:16:49.963+0000] {processor.py:179} INFO - Processing /usr/local/lib/python3.10/dist-packages/airflow/example_dags/example_sla_dag.py took 0.077 seconds
[2023-11-28T01:17:36.818+0000] {processor.py:157} INFO - Started process (PID=6782) to work on /usr/local/lib/python3.10/dist-packages/airflow/example_dags/example_sla_dag.py
[2023-11-28T01:17:36.819+0000] {processor.py:829} INFO - Processing file /usr/local/lib/python3.10/dist-packages/airflow/example_dags/example_sla_dag.py for tasks to queue
[2023-11-28T01:17:36.820+0000] {logging_mixin.py:154} INFO - [2023-11-28T01:17:36.820+0000] {dagbag.py:536} INFO - Filling up the DagBag from /usr/local/lib/python3.10/dist-packages/airflow/example_dags/example_sla_dag.py
[2023-11-28T01:17:36.830+0000] {processor.py:839} INFO - DAG(s) dict_keys(['example_sla_dag']) retrieved from /usr/local/lib/python3.10/dist-packages/airflow/example_dags/example_sla_dag.py
[2023-11-28T01:17:36.848+0000] {logging_mixin.py:154} INFO - [2023-11-28T01:17:36.847+0000] {dag.py:2941} INFO - Sync 1 DAGs
[2023-11-28T01:17:36.873+0000] {logging_mixin.py:154} INFO - [2023-11-28T01:17:36.873+0000] {dag.py:3722} INFO - Setting next_dagrun for example_sla_dag to 2023-11-28T01:14:00+00:00, run_after=2023-11-28T01:16:00+00:00
[2023-11-28T01:17:36.897+0000] {processor.py:179} INFO - Processing /usr/local/lib/python3.10/dist-packages/airflow/example_dags/example_sla_dag.py took 0.083 seconds
[2023-11-28T01:18:20.341+0000] {processor.py:157} INFO - Started process (PID=6828) to work on /usr/local/lib/python3.10/dist-packages/airflow/example_dags/example_sla_dag.py
[2023-11-28T01:18:20.343+0000] {processor.py:829} INFO - Processing file /usr/local/lib/python3.10/dist-packages/airflow/example_dags/example_sla_dag.py for tasks to queue
[2023-11-28T01:18:20.344+0000] {logging_mixin.py:154} INFO - [2023-11-28T01:18:20.343+0000] {dagbag.py:536} INFO - Filling up the DagBag from /usr/local/lib/python3.10/dist-packages/airflow/example_dags/example_sla_dag.py
[2023-11-28T01:18:20.354+0000] {processor.py:839} INFO - DAG(s) dict_keys(['example_sla_dag']) retrieved from /usr/local/lib/python3.10/dist-packages/airflow/example_dags/example_sla_dag.py
[2023-11-28T01:18:20.370+0000] {logging_mixin.py:154} INFO - [2023-11-28T01:18:20.370+0000] {dag.py:2941} INFO - Sync 1 DAGs
[2023-11-28T01:18:20.395+0000] {logging_mixin.py:154} INFO - [2023-11-28T01:18:20.394+0000] {dag.py:3722} INFO - Setting next_dagrun for example_sla_dag to 2023-11-28T01:16:00+00:00, run_after=2023-11-28T01:18:00+00:00
[2023-11-28T01:18:20.416+0000] {processor.py:179} INFO - Processing /usr/local/lib/python3.10/dist-packages/airflow/example_dags/example_sla_dag.py took 0.078 seconds
[2023-11-28T01:19:05.906+0000] {processor.py:157} INFO - Started process (PID=6876) to work on /usr/local/lib/python3.10/dist-packages/airflow/example_dags/example_sla_dag.py
[2023-11-28T01:19:05.907+0000] {processor.py:829} INFO - Processing file /usr/local/lib/python3.10/dist-packages/airflow/example_dags/example_sla_dag.py for tasks to queue
[2023-11-28T01:19:05.908+0000] {logging_mixin.py:154} INFO - [2023-11-28T01:19:05.907+0000] {dagbag.py:536} INFO - Filling up the DagBag from /usr/local/lib/python3.10/dist-packages/airflow/example_dags/example_sla_dag.py
[2023-11-28T01:19:05.918+0000] {processor.py:839} INFO - DAG(s) dict_keys(['example_sla_dag']) retrieved from /usr/local/lib/python3.10/dist-packages/airflow/example_dags/example_sla_dag.py
[2023-11-28T01:19:05.934+0000] {logging_mixin.py:154} INFO - [2023-11-28T01:19:05.934+0000] {dag.py:2941} INFO - Sync 1 DAGs
[2023-11-28T01:19:05.959+0000] {logging_mixin.py:154} INFO - [2023-11-28T01:19:05.959+0000] {dag.py:3722} INFO - Setting next_dagrun for example_sla_dag to 2023-11-28T01:16:00+00:00, run_after=2023-11-28T01:18:00+00:00
[2023-11-28T01:19:05.983+0000] {processor.py:179} INFO - Processing /usr/local/lib/python3.10/dist-packages/airflow/example_dags/example_sla_dag.py took 0.081 seconds
[2023-11-28T01:19:50.845+0000] {processor.py:157} INFO - Started process (PID=7041) to work on /usr/local/lib/python3.10/dist-packages/airflow/example_dags/example_sla_dag.py
[2023-11-28T01:19:50.846+0000] {processor.py:829} INFO - Processing file /usr/local/lib/python3.10/dist-packages/airflow/example_dags/example_sla_dag.py for tasks to queue
[2023-11-28T01:19:50.847+0000] {logging_mixin.py:154} INFO - [2023-11-28T01:19:50.847+0000] {dagbag.py:536} INFO - Filling up the DagBag from /usr/local/lib/python3.10/dist-packages/airflow/example_dags/example_sla_dag.py
[2023-11-28T01:19:50.857+0000] {processor.py:839} INFO - DAG(s) dict_keys(['example_sla_dag']) retrieved from /usr/local/lib/python3.10/dist-packages/airflow/example_dags/example_sla_dag.py
[2023-11-28T01:19:50.874+0000] {logging_mixin.py:154} INFO - [2023-11-28T01:19:50.874+0000] {dag.py:2941} INFO - Sync 1 DAGs
[2023-11-28T01:19:50.899+0000] {logging_mixin.py:154} INFO - [2023-11-28T01:19:50.898+0000] {dag.py:3722} INFO - Setting next_dagrun for example_sla_dag to 2023-11-28T01:16:00+00:00, run_after=2023-11-28T01:18:00+00:00
[2023-11-28T01:19:50.921+0000] {processor.py:179} INFO - Processing /usr/local/lib/python3.10/dist-packages/airflow/example_dags/example_sla_dag.py took 0.079 seconds
