[2023-11-28T00:45:06.948+0000] {processor.py:157} INFO - Started process (PID=3522) to work on /usr/local/lib/python3.10/dist-packages/airflow/example_dags/example_params_trigger_ui.py
[2023-11-28T00:45:06.949+0000] {processor.py:829} INFO - Processing file /usr/local/lib/python3.10/dist-packages/airflow/example_dags/example_params_trigger_ui.py for tasks to queue
[2023-11-28T00:45:06.950+0000] {logging_mixin.py:154} INFO - [2023-11-28T00:45:06.949+0000] {dagbag.py:536} INFO - Filling up the DagBag from /usr/local/lib/python3.10/dist-packages/airflow/example_dags/example_params_trigger_ui.py
[2023-11-28T00:45:06.970+0000] {processor.py:839} INFO - DAG(s) dict_keys(['example_params_trigger_ui']) retrieved from /usr/local/lib/python3.10/dist-packages/airflow/example_dags/example_params_trigger_ui.py
[2023-11-28T00:45:07.117+0000] {logging_mixin.py:154} INFO - [2023-11-28T00:45:07.117+0000] {manager.py:499} INFO - Created Permission View: %s
[2023-11-28T00:45:07.131+0000] {logging_mixin.py:154} INFO - [2023-11-28T00:45:07.131+0000] {manager.py:499} INFO - Created Permission View: %s
[2023-11-28T00:45:07.141+0000] {logging_mixin.py:154} INFO - [2023-11-28T00:45:07.141+0000] {manager.py:499} INFO - Created Permission View: %s
[2023-11-28T00:45:07.141+0000] {logging_mixin.py:154} INFO - [2023-11-28T00:45:07.141+0000] {dag.py:2941} INFO - Sync 1 DAGs
[2023-11-28T00:45:07.153+0000] {logging_mixin.py:154} INFO - [2023-11-28T00:45:07.152+0000] {dag.py:2963} INFO - Creating ORM DAG for example_params_trigger_ui
[2023-11-28T00:45:07.153+0000] {logging_mixin.py:154} INFO - [2023-11-28T00:45:07.153+0000] {dag.py:3722} INFO - Setting next_dagrun for example_params_trigger_ui to None, run_after=None
[2023-11-28T00:45:07.176+0000] {processor.py:179} INFO - Processing /usr/local/lib/python3.10/dist-packages/airflow/example_dags/example_params_trigger_ui.py took 0.231 seconds
[2023-11-28T00:46:03.686+0000] {processor.py:157} INFO - Started process (PID=3590) to work on /usr/local/lib/python3.10/dist-packages/airflow/example_dags/example_params_trigger_ui.py
[2023-11-28T00:46:03.687+0000] {processor.py:829} INFO - Processing file /usr/local/lib/python3.10/dist-packages/airflow/example_dags/example_params_trigger_ui.py for tasks to queue
[2023-11-28T00:46:03.688+0000] {logging_mixin.py:154} INFO - [2023-11-28T00:46:03.688+0000] {dagbag.py:536} INFO - Filling up the DagBag from /usr/local/lib/python3.10/dist-packages/airflow/example_dags/example_params_trigger_ui.py
[2023-11-28T00:46:03.708+0000] {processor.py:839} INFO - DAG(s) dict_keys(['example_params_trigger_ui']) retrieved from /usr/local/lib/python3.10/dist-packages/airflow/example_dags/example_params_trigger_ui.py
[2023-11-28T00:46:03.758+0000] {logging_mixin.py:154} INFO - [2023-11-28T00:46:03.757+0000] {dag.py:2941} INFO - Sync 1 DAGs
[2023-11-28T00:46:03.771+0000] {logging_mixin.py:154} INFO - [2023-11-28T00:46:03.771+0000] {dag.py:3722} INFO - Setting next_dagrun for example_params_trigger_ui to None, run_after=None
[2023-11-28T00:46:03.796+0000] {processor.py:179} INFO - Processing /usr/local/lib/python3.10/dist-packages/airflow/example_dags/example_params_trigger_ui.py took 0.113 seconds
[2023-11-28T00:46:57.108+0000] {processor.py:157} INFO - Started process (PID=3650) to work on /usr/local/lib/python3.10/dist-packages/airflow/example_dags/example_params_trigger_ui.py
[2023-11-28T00:46:57.109+0000] {processor.py:829} INFO - Processing file /usr/local/lib/python3.10/dist-packages/airflow/example_dags/example_params_trigger_ui.py for tasks to queue
[2023-11-28T00:46:57.110+0000] {logging_mixin.py:154} INFO - [2023-11-28T00:46:57.109+0000] {dagbag.py:536} INFO - Filling up the DagBag from /usr/local/lib/python3.10/dist-packages/airflow/example_dags/example_params_trigger_ui.py
[2023-11-28T00:46:57.129+0000] {processor.py:839} INFO - DAG(s) dict_keys(['example_params_trigger_ui']) retrieved from /usr/local/lib/python3.10/dist-packages/airflow/example_dags/example_params_trigger_ui.py
[2023-11-28T00:46:57.177+0000] {logging_mixin.py:154} INFO - [2023-11-28T00:46:57.176+0000] {dag.py:2941} INFO - Sync 1 DAGs
[2023-11-28T00:46:57.189+0000] {logging_mixin.py:154} INFO - [2023-11-28T00:46:57.189+0000] {dag.py:3722} INFO - Setting next_dagrun for example_params_trigger_ui to None, run_after=None
[2023-11-28T00:46:57.212+0000] {processor.py:179} INFO - Processing /usr/local/lib/python3.10/dist-packages/airflow/example_dags/example_params_trigger_ui.py took 0.108 seconds
[2023-11-28T00:47:41.824+0000] {processor.py:157} INFO - Started process (PID=3698) to work on /usr/local/lib/python3.10/dist-packages/airflow/example_dags/example_params_trigger_ui.py
[2023-11-28T00:47:41.825+0000] {processor.py:829} INFO - Processing file /usr/local/lib/python3.10/dist-packages/airflow/example_dags/example_params_trigger_ui.py for tasks to queue
[2023-11-28T00:47:41.826+0000] {logging_mixin.py:154} INFO - [2023-11-28T00:47:41.826+0000] {dagbag.py:536} INFO - Filling up the DagBag from /usr/local/lib/python3.10/dist-packages/airflow/example_dags/example_params_trigger_ui.py
[2023-11-28T00:47:41.845+0000] {processor.py:839} INFO - DAG(s) dict_keys(['example_params_trigger_ui']) retrieved from /usr/local/lib/python3.10/dist-packages/airflow/example_dags/example_params_trigger_ui.py
[2023-11-28T00:47:41.892+0000] {logging_mixin.py:154} INFO - [2023-11-28T00:47:41.892+0000] {dag.py:2941} INFO - Sync 1 DAGs
[2023-11-28T00:47:41.904+0000] {logging_mixin.py:154} INFO - [2023-11-28T00:47:41.904+0000] {dag.py:3722} INFO - Setting next_dagrun for example_params_trigger_ui to None, run_after=None
[2023-11-28T00:47:41.929+0000] {processor.py:179} INFO - Processing /usr/local/lib/python3.10/dist-packages/airflow/example_dags/example_params_trigger_ui.py took 0.109 seconds
[2023-11-28T00:48:29.781+0000] {processor.py:157} INFO - Started process (PID=3747) to work on /usr/local/lib/python3.10/dist-packages/airflow/example_dags/example_params_trigger_ui.py
[2023-11-28T00:48:29.782+0000] {processor.py:829} INFO - Processing file /usr/local/lib/python3.10/dist-packages/airflow/example_dags/example_params_trigger_ui.py for tasks to queue
[2023-11-28T00:48:29.783+0000] {logging_mixin.py:154} INFO - [2023-11-28T00:48:29.783+0000] {dagbag.py:536} INFO - Filling up the DagBag from /usr/local/lib/python3.10/dist-packages/airflow/example_dags/example_params_trigger_ui.py
[2023-11-28T00:48:29.801+0000] {processor.py:839} INFO - DAG(s) dict_keys(['example_params_trigger_ui']) retrieved from /usr/local/lib/python3.10/dist-packages/airflow/example_dags/example_params_trigger_ui.py
[2023-11-28T00:48:29.849+0000] {logging_mixin.py:154} INFO - [2023-11-28T00:48:29.849+0000] {dag.py:2941} INFO - Sync 1 DAGs
[2023-11-28T00:48:29.861+0000] {logging_mixin.py:154} INFO - [2023-11-28T00:48:29.861+0000] {dag.py:3722} INFO - Setting next_dagrun for example_params_trigger_ui to None, run_after=None
[2023-11-28T00:48:29.883+0000] {processor.py:179} INFO - Processing /usr/local/lib/python3.10/dist-packages/airflow/example_dags/example_params_trigger_ui.py took 0.105 seconds
[2023-11-28T00:49:14.785+0000] {processor.py:157} INFO - Started process (PID=3794) to work on /usr/local/lib/python3.10/dist-packages/airflow/example_dags/example_params_trigger_ui.py
[2023-11-28T00:49:14.786+0000] {processor.py:829} INFO - Processing file /usr/local/lib/python3.10/dist-packages/airflow/example_dags/example_params_trigger_ui.py for tasks to queue
[2023-11-28T00:49:14.787+0000] {logging_mixin.py:154} INFO - [2023-11-28T00:49:14.787+0000] {dagbag.py:536} INFO - Filling up the DagBag from /usr/local/lib/python3.10/dist-packages/airflow/example_dags/example_params_trigger_ui.py
[2023-11-28T00:49:14.806+0000] {processor.py:839} INFO - DAG(s) dict_keys(['example_params_trigger_ui']) retrieved from /usr/local/lib/python3.10/dist-packages/airflow/example_dags/example_params_trigger_ui.py
[2023-11-28T00:49:14.853+0000] {logging_mixin.py:154} INFO - [2023-11-28T00:49:14.853+0000] {dag.py:2941} INFO - Sync 1 DAGs
[2023-11-28T00:49:14.865+0000] {logging_mixin.py:154} INFO - [2023-11-28T00:49:14.865+0000] {dag.py:3722} INFO - Setting next_dagrun for example_params_trigger_ui to None, run_after=None
[2023-11-28T00:49:14.889+0000] {processor.py:179} INFO - Processing /usr/local/lib/python3.10/dist-packages/airflow/example_dags/example_params_trigger_ui.py took 0.108 seconds
[2023-11-28T00:49:59.842+0000] {processor.py:157} INFO - Started process (PID=3841) to work on /usr/local/lib/python3.10/dist-packages/airflow/example_dags/example_params_trigger_ui.py
[2023-11-28T00:49:59.843+0000] {processor.py:829} INFO - Processing file /usr/local/lib/python3.10/dist-packages/airflow/example_dags/example_params_trigger_ui.py for tasks to queue
[2023-11-28T00:49:59.844+0000] {logging_mixin.py:154} INFO - [2023-11-28T00:49:59.843+0000] {dagbag.py:536} INFO - Filling up the DagBag from /usr/local/lib/python3.10/dist-packages/airflow/example_dags/example_params_trigger_ui.py
[2023-11-28T00:49:59.862+0000] {processor.py:839} INFO - DAG(s) dict_keys(['example_params_trigger_ui']) retrieved from /usr/local/lib/python3.10/dist-packages/airflow/example_dags/example_params_trigger_ui.py
[2023-11-28T00:49:59.908+0000] {logging_mixin.py:154} INFO - [2023-11-28T00:49:59.908+0000] {dag.py:2941} INFO - Sync 1 DAGs
[2023-11-28T00:49:59.920+0000] {logging_mixin.py:154} INFO - [2023-11-28T00:49:59.920+0000] {dag.py:3722} INFO - Setting next_dagrun for example_params_trigger_ui to None, run_after=None
[2023-11-28T00:49:59.942+0000] {processor.py:179} INFO - Processing /usr/local/lib/python3.10/dist-packages/airflow/example_dags/example_params_trigger_ui.py took 0.103 seconds
[2023-11-28T00:50:46.997+0000] {processor.py:157} INFO - Started process (PID=3889) to work on /usr/local/lib/python3.10/dist-packages/airflow/example_dags/example_params_trigger_ui.py
[2023-11-28T00:50:46.998+0000] {processor.py:829} INFO - Processing file /usr/local/lib/python3.10/dist-packages/airflow/example_dags/example_params_trigger_ui.py for tasks to queue
[2023-11-28T00:50:46.999+0000] {logging_mixin.py:154} INFO - [2023-11-28T00:50:46.998+0000] {dagbag.py:536} INFO - Filling up the DagBag from /usr/local/lib/python3.10/dist-packages/airflow/example_dags/example_params_trigger_ui.py
[2023-11-28T00:50:47.017+0000] {processor.py:839} INFO - DAG(s) dict_keys(['example_params_trigger_ui']) retrieved from /usr/local/lib/python3.10/dist-packages/airflow/example_dags/example_params_trigger_ui.py
[2023-11-28T00:50:47.063+0000] {logging_mixin.py:154} INFO - [2023-11-28T00:50:47.063+0000] {dag.py:2941} INFO - Sync 1 DAGs
[2023-11-28T00:50:47.075+0000] {logging_mixin.py:154} INFO - [2023-11-28T00:50:47.075+0000] {dag.py:3722} INFO - Setting next_dagrun for example_params_trigger_ui to None, run_after=None
[2023-11-28T00:50:47.098+0000] {processor.py:179} INFO - Processing /usr/local/lib/python3.10/dist-packages/airflow/example_dags/example_params_trigger_ui.py took 0.104 seconds
[2023-11-28T00:51:33.417+0000] {processor.py:157} INFO - Started process (PID=3937) to work on /usr/local/lib/python3.10/dist-packages/airflow/example_dags/example_params_trigger_ui.py
[2023-11-28T00:51:33.418+0000] {processor.py:829} INFO - Processing file /usr/local/lib/python3.10/dist-packages/airflow/example_dags/example_params_trigger_ui.py for tasks to queue
[2023-11-28T00:51:33.419+0000] {logging_mixin.py:154} INFO - [2023-11-28T00:51:33.418+0000] {dagbag.py:536} INFO - Filling up the DagBag from /usr/local/lib/python3.10/dist-packages/airflow/example_dags/example_params_trigger_ui.py
[2023-11-28T00:51:33.437+0000] {processor.py:839} INFO - DAG(s) dict_keys(['example_params_trigger_ui']) retrieved from /usr/local/lib/python3.10/dist-packages/airflow/example_dags/example_params_trigger_ui.py
[2023-11-28T00:51:33.483+0000] {logging_mixin.py:154} INFO - [2023-11-28T00:51:33.482+0000] {dag.py:2941} INFO - Sync 1 DAGs
[2023-11-28T00:51:33.494+0000] {logging_mixin.py:154} INFO - [2023-11-28T00:51:33.494+0000] {dag.py:3722} INFO - Setting next_dagrun for example_params_trigger_ui to None, run_after=None
[2023-11-28T00:51:33.516+0000] {processor.py:179} INFO - Processing /usr/local/lib/python3.10/dist-packages/airflow/example_dags/example_params_trigger_ui.py took 0.103 seconds
[2023-11-28T00:52:19.948+0000] {processor.py:157} INFO - Started process (PID=4180) to work on /usr/local/lib/python3.10/dist-packages/airflow/example_dags/example_params_trigger_ui.py
[2023-11-28T00:52:19.949+0000] {processor.py:829} INFO - Processing file /usr/local/lib/python3.10/dist-packages/airflow/example_dags/example_params_trigger_ui.py for tasks to queue
[2023-11-28T00:52:19.950+0000] {logging_mixin.py:154} INFO - [2023-11-28T00:52:19.950+0000] {dagbag.py:536} INFO - Filling up the DagBag from /usr/local/lib/python3.10/dist-packages/airflow/example_dags/example_params_trigger_ui.py
[2023-11-28T00:52:19.970+0000] {processor.py:839} INFO - DAG(s) dict_keys(['example_params_trigger_ui']) retrieved from /usr/local/lib/python3.10/dist-packages/airflow/example_dags/example_params_trigger_ui.py
[2023-11-28T00:52:20.026+0000] {logging_mixin.py:154} INFO - [2023-11-28T00:52:20.026+0000] {dag.py:2941} INFO - Sync 1 DAGs
[2023-11-28T00:52:20.039+0000] {logging_mixin.py:154} INFO - [2023-11-28T00:52:20.039+0000] {dag.py:3722} INFO - Setting next_dagrun for example_params_trigger_ui to None, run_after=None
[2023-11-28T00:52:20.064+0000] {processor.py:179} INFO - Processing /usr/local/lib/python3.10/dist-packages/airflow/example_dags/example_params_trigger_ui.py took 0.123 seconds
[2023-11-28T00:53:06.418+0000] {processor.py:157} INFO - Started process (PID=4417) to work on /usr/local/lib/python3.10/dist-packages/airflow/example_dags/example_params_trigger_ui.py
[2023-11-28T00:53:06.419+0000] {processor.py:829} INFO - Processing file /usr/local/lib/python3.10/dist-packages/airflow/example_dags/example_params_trigger_ui.py for tasks to queue
[2023-11-28T00:53:06.420+0000] {logging_mixin.py:154} INFO - [2023-11-28T00:53:06.420+0000] {dagbag.py:536} INFO - Filling up the DagBag from /usr/local/lib/python3.10/dist-packages/airflow/example_dags/example_params_trigger_ui.py
[2023-11-28T00:53:06.439+0000] {processor.py:839} INFO - DAG(s) dict_keys(['example_params_trigger_ui']) retrieved from /usr/local/lib/python3.10/dist-packages/airflow/example_dags/example_params_trigger_ui.py
[2023-11-28T00:53:06.485+0000] {logging_mixin.py:154} INFO - [2023-11-28T00:53:06.485+0000] {dag.py:2941} INFO - Sync 1 DAGs
[2023-11-28T00:53:06.497+0000] {logging_mixin.py:154} INFO - [2023-11-28T00:53:06.497+0000] {dag.py:3722} INFO - Setting next_dagrun for example_params_trigger_ui to None, run_after=None
[2023-11-28T00:53:06.521+0000] {processor.py:179} INFO - Processing /usr/local/lib/python3.10/dist-packages/airflow/example_dags/example_params_trigger_ui.py took 0.106 seconds
[2023-11-28T00:53:52.876+0000] {processor.py:157} INFO - Started process (PID=4699) to work on /usr/local/lib/python3.10/dist-packages/airflow/example_dags/example_params_trigger_ui.py
[2023-11-28T00:53:52.878+0000] {processor.py:829} INFO - Processing file /usr/local/lib/python3.10/dist-packages/airflow/example_dags/example_params_trigger_ui.py for tasks to queue
[2023-11-28T00:53:52.878+0000] {logging_mixin.py:154} INFO - [2023-11-28T00:53:52.878+0000] {dagbag.py:536} INFO - Filling up the DagBag from /usr/local/lib/python3.10/dist-packages/airflow/example_dags/example_params_trigger_ui.py
[2023-11-28T00:53:52.897+0000] {processor.py:839} INFO - DAG(s) dict_keys(['example_params_trigger_ui']) retrieved from /usr/local/lib/python3.10/dist-packages/airflow/example_dags/example_params_trigger_ui.py
[2023-11-28T00:53:52.943+0000] {logging_mixin.py:154} INFO - [2023-11-28T00:53:52.943+0000] {dag.py:2941} INFO - Sync 1 DAGs
[2023-11-28T00:53:52.961+0000] {logging_mixin.py:154} INFO - [2023-11-28T00:53:52.960+0000] {dag.py:3722} INFO - Setting next_dagrun for example_params_trigger_ui to None, run_after=None
[2023-11-28T00:53:52.986+0000] {processor.py:179} INFO - Processing /usr/local/lib/python3.10/dist-packages/airflow/example_dags/example_params_trigger_ui.py took 0.113 seconds
[2023-11-28T00:54:36.100+0000] {processor.py:157} INFO - Started process (PID=4904) to work on /usr/local/lib/python3.10/dist-packages/airflow/example_dags/example_params_trigger_ui.py
[2023-11-28T00:54:36.101+0000] {processor.py:829} INFO - Processing file /usr/local/lib/python3.10/dist-packages/airflow/example_dags/example_params_trigger_ui.py for tasks to queue
[2023-11-28T00:54:36.102+0000] {logging_mixin.py:154} INFO - [2023-11-28T00:54:36.102+0000] {dagbag.py:536} INFO - Filling up the DagBag from /usr/local/lib/python3.10/dist-packages/airflow/example_dags/example_params_trigger_ui.py
[2023-11-28T00:54:36.121+0000] {processor.py:839} INFO - DAG(s) dict_keys(['example_params_trigger_ui']) retrieved from /usr/local/lib/python3.10/dist-packages/airflow/example_dags/example_params_trigger_ui.py
[2023-11-28T00:54:36.167+0000] {logging_mixin.py:154} INFO - [2023-11-28T00:54:36.167+0000] {dag.py:2941} INFO - Sync 1 DAGs
[2023-11-28T00:54:36.179+0000] {logging_mixin.py:154} INFO - [2023-11-28T00:54:36.179+0000] {dag.py:3722} INFO - Setting next_dagrun for example_params_trigger_ui to None, run_after=None
[2023-11-28T00:54:36.201+0000] {processor.py:179} INFO - Processing /usr/local/lib/python3.10/dist-packages/airflow/example_dags/example_params_trigger_ui.py took 0.105 seconds
[2023-11-28T00:55:20.523+0000] {processor.py:157} INFO - Started process (PID=4950) to work on /usr/local/lib/python3.10/dist-packages/airflow/example_dags/example_params_trigger_ui.py
[2023-11-28T00:55:20.524+0000] {processor.py:829} INFO - Processing file /usr/local/lib/python3.10/dist-packages/airflow/example_dags/example_params_trigger_ui.py for tasks to queue
[2023-11-28T00:55:20.525+0000] {logging_mixin.py:154} INFO - [2023-11-28T00:55:20.525+0000] {dagbag.py:536} INFO - Filling up the DagBag from /usr/local/lib/python3.10/dist-packages/airflow/example_dags/example_params_trigger_ui.py
[2023-11-28T00:55:20.544+0000] {processor.py:839} INFO - DAG(s) dict_keys(['example_params_trigger_ui']) retrieved from /usr/local/lib/python3.10/dist-packages/airflow/example_dags/example_params_trigger_ui.py
[2023-11-28T00:55:20.590+0000] {logging_mixin.py:154} INFO - [2023-11-28T00:55:20.590+0000] {dag.py:2941} INFO - Sync 1 DAGs
[2023-11-28T00:55:20.603+0000] {logging_mixin.py:154} INFO - [2023-11-28T00:55:20.603+0000] {dag.py:3722} INFO - Setting next_dagrun for example_params_trigger_ui to None, run_after=None
[2023-11-28T00:55:20.626+0000] {processor.py:179} INFO - Processing /usr/local/lib/python3.10/dist-packages/airflow/example_dags/example_params_trigger_ui.py took 0.107 seconds
[2023-11-28T00:56:08.212+0000] {processor.py:157} INFO - Started process (PID=5294) to work on /usr/local/lib/python3.10/dist-packages/airflow/example_dags/example_params_trigger_ui.py
[2023-11-28T00:56:08.214+0000] {processor.py:829} INFO - Processing file /usr/local/lib/python3.10/dist-packages/airflow/example_dags/example_params_trigger_ui.py for tasks to queue
[2023-11-28T00:56:08.215+0000] {logging_mixin.py:154} INFO - [2023-11-28T00:56:08.214+0000] {dagbag.py:536} INFO - Filling up the DagBag from /usr/local/lib/python3.10/dist-packages/airflow/example_dags/example_params_trigger_ui.py
[2023-11-28T00:56:08.233+0000] {processor.py:839} INFO - DAG(s) dict_keys(['example_params_trigger_ui']) retrieved from /usr/local/lib/python3.10/dist-packages/airflow/example_dags/example_params_trigger_ui.py
[2023-11-28T00:56:08.279+0000] {logging_mixin.py:154} INFO - [2023-11-28T00:56:08.279+0000] {dag.py:2941} INFO - Sync 1 DAGs
[2023-11-28T00:56:08.291+0000] {logging_mixin.py:154} INFO - [2023-11-28T00:56:08.291+0000] {dag.py:3722} INFO - Setting next_dagrun for example_params_trigger_ui to None, run_after=None
[2023-11-28T00:56:08.314+0000] {processor.py:179} INFO - Processing /usr/local/lib/python3.10/dist-packages/airflow/example_dags/example_params_trigger_ui.py took 0.105 seconds
[2023-11-28T00:56:55.413+0000] {processor.py:157} INFO - Started process (PID=5366) to work on /usr/local/lib/python3.10/dist-packages/airflow/example_dags/example_params_trigger_ui.py
[2023-11-28T00:56:55.415+0000] {processor.py:829} INFO - Processing file /usr/local/lib/python3.10/dist-packages/airflow/example_dags/example_params_trigger_ui.py for tasks to queue
[2023-11-28T00:56:55.416+0000] {logging_mixin.py:154} INFO - [2023-11-28T00:56:55.415+0000] {dagbag.py:536} INFO - Filling up the DagBag from /usr/local/lib/python3.10/dist-packages/airflow/example_dags/example_params_trigger_ui.py
[2023-11-28T00:56:55.434+0000] {processor.py:839} INFO - DAG(s) dict_keys(['example_params_trigger_ui']) retrieved from /usr/local/lib/python3.10/dist-packages/airflow/example_dags/example_params_trigger_ui.py
[2023-11-28T00:56:55.481+0000] {logging_mixin.py:154} INFO - [2023-11-28T00:56:55.481+0000] {dag.py:2941} INFO - Sync 1 DAGs
[2023-11-28T00:56:55.493+0000] {logging_mixin.py:154} INFO - [2023-11-28T00:56:55.493+0000] {dag.py:3722} INFO - Setting next_dagrun for example_params_trigger_ui to None, run_after=None
[2023-11-28T00:56:55.520+0000] {processor.py:179} INFO - Processing /usr/local/lib/python3.10/dist-packages/airflow/example_dags/example_params_trigger_ui.py took 0.110 seconds
[2023-11-28T00:57:41.859+0000] {processor.py:157} INFO - Started process (PID=5416) to work on /usr/local/lib/python3.10/dist-packages/airflow/example_dags/example_params_trigger_ui.py
[2023-11-28T00:57:41.860+0000] {processor.py:829} INFO - Processing file /usr/local/lib/python3.10/dist-packages/airflow/example_dags/example_params_trigger_ui.py for tasks to queue
[2023-11-28T00:57:41.861+0000] {logging_mixin.py:154} INFO - [2023-11-28T00:57:41.861+0000] {dagbag.py:536} INFO - Filling up the DagBag from /usr/local/lib/python3.10/dist-packages/airflow/example_dags/example_params_trigger_ui.py
[2023-11-28T00:57:41.880+0000] {processor.py:839} INFO - DAG(s) dict_keys(['example_params_trigger_ui']) retrieved from /usr/local/lib/python3.10/dist-packages/airflow/example_dags/example_params_trigger_ui.py
[2023-11-28T00:57:41.926+0000] {logging_mixin.py:154} INFO - [2023-11-28T00:57:41.926+0000] {dag.py:2941} INFO - Sync 1 DAGs
[2023-11-28T00:57:41.939+0000] {logging_mixin.py:154} INFO - [2023-11-28T00:57:41.938+0000] {dag.py:3722} INFO - Setting next_dagrun for example_params_trigger_ui to None, run_after=None
[2023-11-28T00:57:41.961+0000] {processor.py:179} INFO - Processing /usr/local/lib/python3.10/dist-packages/airflow/example_dags/example_params_trigger_ui.py took 0.106 seconds
[2023-11-28T00:58:29.405+0000] {processor.py:157} INFO - Started process (PID=5464) to work on /usr/local/lib/python3.10/dist-packages/airflow/example_dags/example_params_trigger_ui.py
[2023-11-28T00:58:29.406+0000] {processor.py:829} INFO - Processing file /usr/local/lib/python3.10/dist-packages/airflow/example_dags/example_params_trigger_ui.py for tasks to queue
[2023-11-28T00:58:29.407+0000] {logging_mixin.py:154} INFO - [2023-11-28T00:58:29.407+0000] {dagbag.py:536} INFO - Filling up the DagBag from /usr/local/lib/python3.10/dist-packages/airflow/example_dags/example_params_trigger_ui.py
[2023-11-28T00:58:29.426+0000] {processor.py:839} INFO - DAG(s) dict_keys(['example_params_trigger_ui']) retrieved from /usr/local/lib/python3.10/dist-packages/airflow/example_dags/example_params_trigger_ui.py
[2023-11-28T00:58:29.473+0000] {logging_mixin.py:154} INFO - [2023-11-28T00:58:29.472+0000] {dag.py:2941} INFO - Sync 1 DAGs
[2023-11-28T00:58:29.485+0000] {logging_mixin.py:154} INFO - [2023-11-28T00:58:29.485+0000] {dag.py:3722} INFO - Setting next_dagrun for example_params_trigger_ui to None, run_after=None
[2023-11-28T00:58:29.509+0000] {processor.py:179} INFO - Processing /usr/local/lib/python3.10/dist-packages/airflow/example_dags/example_params_trigger_ui.py took 0.108 seconds
[2023-11-28T00:59:16.358+0000] {processor.py:157} INFO - Started process (PID=5512) to work on /usr/local/lib/python3.10/dist-packages/airflow/example_dags/example_params_trigger_ui.py
[2023-11-28T00:59:16.359+0000] {processor.py:829} INFO - Processing file /usr/local/lib/python3.10/dist-packages/airflow/example_dags/example_params_trigger_ui.py for tasks to queue
[2023-11-28T00:59:16.360+0000] {logging_mixin.py:154} INFO - [2023-11-28T00:59:16.360+0000] {dagbag.py:536} INFO - Filling up the DagBag from /usr/local/lib/python3.10/dist-packages/airflow/example_dags/example_params_trigger_ui.py
[2023-11-28T00:59:16.378+0000] {processor.py:839} INFO - DAG(s) dict_keys(['example_params_trigger_ui']) retrieved from /usr/local/lib/python3.10/dist-packages/airflow/example_dags/example_params_trigger_ui.py
[2023-11-28T00:59:16.424+0000] {logging_mixin.py:154} INFO - [2023-11-28T00:59:16.424+0000] {dag.py:2941} INFO - Sync 1 DAGs
[2023-11-28T00:59:16.437+0000] {logging_mixin.py:154} INFO - [2023-11-28T00:59:16.436+0000] {dag.py:3722} INFO - Setting next_dagrun for example_params_trigger_ui to None, run_after=None
[2023-11-28T00:59:16.458+0000] {processor.py:179} INFO - Processing /usr/local/lib/python3.10/dist-packages/airflow/example_dags/example_params_trigger_ui.py took 0.104 seconds
[2023-11-28T00:59:58.906+0000] {processor.py:157} INFO - Started process (PID=5558) to work on /usr/local/lib/python3.10/dist-packages/airflow/example_dags/example_params_trigger_ui.py
[2023-11-28T00:59:58.907+0000] {processor.py:829} INFO - Processing file /usr/local/lib/python3.10/dist-packages/airflow/example_dags/example_params_trigger_ui.py for tasks to queue
[2023-11-28T00:59:58.908+0000] {logging_mixin.py:154} INFO - [2023-11-28T00:59:58.908+0000] {dagbag.py:536} INFO - Filling up the DagBag from /usr/local/lib/python3.10/dist-packages/airflow/example_dags/example_params_trigger_ui.py
[2023-11-28T00:59:58.927+0000] {processor.py:839} INFO - DAG(s) dict_keys(['example_params_trigger_ui']) retrieved from /usr/local/lib/python3.10/dist-packages/airflow/example_dags/example_params_trigger_ui.py
[2023-11-28T00:59:58.973+0000] {logging_mixin.py:154} INFO - [2023-11-28T00:59:58.973+0000] {dag.py:2941} INFO - Sync 1 DAGs
[2023-11-28T00:59:58.985+0000] {logging_mixin.py:154} INFO - [2023-11-28T00:59:58.985+0000] {dag.py:3722} INFO - Setting next_dagrun for example_params_trigger_ui to None, run_after=None
[2023-11-28T00:59:59.008+0000] {processor.py:179} INFO - Processing /usr/local/lib/python3.10/dist-packages/airflow/example_dags/example_params_trigger_ui.py took 0.106 seconds
[2023-11-28T01:00:44.883+0000] {processor.py:157} INFO - Started process (PID=5604) to work on /usr/local/lib/python3.10/dist-packages/airflow/example_dags/example_params_trigger_ui.py
[2023-11-28T01:00:44.885+0000] {processor.py:829} INFO - Processing file /usr/local/lib/python3.10/dist-packages/airflow/example_dags/example_params_trigger_ui.py for tasks to queue
[2023-11-28T01:00:44.885+0000] {logging_mixin.py:154} INFO - [2023-11-28T01:00:44.885+0000] {dagbag.py:536} INFO - Filling up the DagBag from /usr/local/lib/python3.10/dist-packages/airflow/example_dags/example_params_trigger_ui.py
[2023-11-28T01:00:44.905+0000] {processor.py:839} INFO - DAG(s) dict_keys(['example_params_trigger_ui']) retrieved from /usr/local/lib/python3.10/dist-packages/airflow/example_dags/example_params_trigger_ui.py
[2023-11-28T01:00:44.953+0000] {logging_mixin.py:154} INFO - [2023-11-28T01:00:44.953+0000] {dag.py:2941} INFO - Sync 1 DAGs
[2023-11-28T01:00:44.966+0000] {logging_mixin.py:154} INFO - [2023-11-28T01:00:44.965+0000] {dag.py:3722} INFO - Setting next_dagrun for example_params_trigger_ui to None, run_after=None
[2023-11-28T01:00:44.989+0000] {processor.py:179} INFO - Processing /usr/local/lib/python3.10/dist-packages/airflow/example_dags/example_params_trigger_ui.py took 0.109 seconds
[2023-11-28T01:01:29.725+0000] {processor.py:157} INFO - Started process (PID=5652) to work on /usr/local/lib/python3.10/dist-packages/airflow/example_dags/example_params_trigger_ui.py
[2023-11-28T01:01:29.726+0000] {processor.py:829} INFO - Processing file /usr/local/lib/python3.10/dist-packages/airflow/example_dags/example_params_trigger_ui.py for tasks to queue
[2023-11-28T01:01:29.727+0000] {logging_mixin.py:154} INFO - [2023-11-28T01:01:29.726+0000] {dagbag.py:536} INFO - Filling up the DagBag from /usr/local/lib/python3.10/dist-packages/airflow/example_dags/example_params_trigger_ui.py
[2023-11-28T01:01:29.745+0000] {processor.py:839} INFO - DAG(s) dict_keys(['example_params_trigger_ui']) retrieved from /usr/local/lib/python3.10/dist-packages/airflow/example_dags/example_params_trigger_ui.py
[2023-11-28T01:01:29.791+0000] {logging_mixin.py:154} INFO - [2023-11-28T01:01:29.791+0000] {dag.py:2941} INFO - Sync 1 DAGs
[2023-11-28T01:01:29.803+0000] {logging_mixin.py:154} INFO - [2023-11-28T01:01:29.803+0000] {dag.py:3722} INFO - Setting next_dagrun for example_params_trigger_ui to None, run_after=None
[2023-11-28T01:01:29.837+0000] {processor.py:179} INFO - Processing /usr/local/lib/python3.10/dist-packages/airflow/example_dags/example_params_trigger_ui.py took 0.116 seconds
[2023-11-28T01:02:28.102+0000] {processor.py:157} INFO - Started process (PID=5713) to work on /usr/local/lib/python3.10/dist-packages/airflow/example_dags/example_params_trigger_ui.py
[2023-11-28T01:02:28.104+0000] {processor.py:829} INFO - Processing file /usr/local/lib/python3.10/dist-packages/airflow/example_dags/example_params_trigger_ui.py for tasks to queue
[2023-11-28T01:02:28.105+0000] {logging_mixin.py:154} INFO - [2023-11-28T01:02:28.105+0000] {dagbag.py:536} INFO - Filling up the DagBag from /usr/local/lib/python3.10/dist-packages/airflow/example_dags/example_params_trigger_ui.py
[2023-11-28T01:02:28.124+0000] {processor.py:839} INFO - DAG(s) dict_keys(['example_params_trigger_ui']) retrieved from /usr/local/lib/python3.10/dist-packages/airflow/example_dags/example_params_trigger_ui.py
[2023-11-28T01:02:28.172+0000] {logging_mixin.py:154} INFO - [2023-11-28T01:02:28.171+0000] {dag.py:2941} INFO - Sync 1 DAGs
[2023-11-28T01:02:28.184+0000] {logging_mixin.py:154} INFO - [2023-11-28T01:02:28.184+0000] {dag.py:3722} INFO - Setting next_dagrun for example_params_trigger_ui to None, run_after=None
[2023-11-28T01:02:28.209+0000] {processor.py:179} INFO - Processing /usr/local/lib/python3.10/dist-packages/airflow/example_dags/example_params_trigger_ui.py took 0.110 seconds
[2023-11-28T01:03:13.536+0000] {processor.py:157} INFO - Started process (PID=5759) to work on /usr/local/lib/python3.10/dist-packages/airflow/example_dags/example_params_trigger_ui.py
[2023-11-28T01:03:13.537+0000] {processor.py:829} INFO - Processing file /usr/local/lib/python3.10/dist-packages/airflow/example_dags/example_params_trigger_ui.py for tasks to queue
[2023-11-28T01:03:13.538+0000] {logging_mixin.py:154} INFO - [2023-11-28T01:03:13.538+0000] {dagbag.py:536} INFO - Filling up the DagBag from /usr/local/lib/python3.10/dist-packages/airflow/example_dags/example_params_trigger_ui.py
[2023-11-28T01:03:13.558+0000] {processor.py:839} INFO - DAG(s) dict_keys(['example_params_trigger_ui']) retrieved from /usr/local/lib/python3.10/dist-packages/airflow/example_dags/example_params_trigger_ui.py
[2023-11-28T01:03:13.605+0000] {logging_mixin.py:154} INFO - [2023-11-28T01:03:13.605+0000] {dag.py:2941} INFO - Sync 1 DAGs
[2023-11-28T01:03:13.617+0000] {logging_mixin.py:154} INFO - [2023-11-28T01:03:13.617+0000] {dag.py:3722} INFO - Setting next_dagrun for example_params_trigger_ui to None, run_after=None
[2023-11-28T01:03:13.640+0000] {processor.py:179} INFO - Processing /usr/local/lib/python3.10/dist-packages/airflow/example_dags/example_params_trigger_ui.py took 0.107 seconds
[2023-11-28T01:03:58.974+0000] {processor.py:157} INFO - Started process (PID=5920) to work on /usr/local/lib/python3.10/dist-packages/airflow/example_dags/example_params_trigger_ui.py
[2023-11-28T01:03:58.976+0000] {processor.py:829} INFO - Processing file /usr/local/lib/python3.10/dist-packages/airflow/example_dags/example_params_trigger_ui.py for tasks to queue
[2023-11-28T01:03:58.976+0000] {logging_mixin.py:154} INFO - [2023-11-28T01:03:58.976+0000] {dagbag.py:536} INFO - Filling up the DagBag from /usr/local/lib/python3.10/dist-packages/airflow/example_dags/example_params_trigger_ui.py
[2023-11-28T01:03:58.995+0000] {processor.py:839} INFO - DAG(s) dict_keys(['example_params_trigger_ui']) retrieved from /usr/local/lib/python3.10/dist-packages/airflow/example_dags/example_params_trigger_ui.py
[2023-11-28T01:03:59.042+0000] {logging_mixin.py:154} INFO - [2023-11-28T01:03:59.042+0000] {dag.py:2941} INFO - Sync 1 DAGs
[2023-11-28T01:03:59.054+0000] {logging_mixin.py:154} INFO - [2023-11-28T01:03:59.054+0000] {dag.py:3722} INFO - Setting next_dagrun for example_params_trigger_ui to None, run_after=None
[2023-11-28T01:03:59.077+0000] {processor.py:179} INFO - Processing /usr/local/lib/python3.10/dist-packages/airflow/example_dags/example_params_trigger_ui.py took 0.107 seconds
[2023-11-28T01:04:43.724+0000] {processor.py:157} INFO - Started process (PID=5968) to work on /usr/local/lib/python3.10/dist-packages/airflow/example_dags/example_params_trigger_ui.py
[2023-11-28T01:04:43.726+0000] {processor.py:829} INFO - Processing file /usr/local/lib/python3.10/dist-packages/airflow/example_dags/example_params_trigger_ui.py for tasks to queue
[2023-11-28T01:04:43.727+0000] {logging_mixin.py:154} INFO - [2023-11-28T01:04:43.726+0000] {dagbag.py:536} INFO - Filling up the DagBag from /usr/local/lib/python3.10/dist-packages/airflow/example_dags/example_params_trigger_ui.py
[2023-11-28T01:04:43.745+0000] {processor.py:839} INFO - DAG(s) dict_keys(['example_params_trigger_ui']) retrieved from /usr/local/lib/python3.10/dist-packages/airflow/example_dags/example_params_trigger_ui.py
[2023-11-28T01:04:43.791+0000] {logging_mixin.py:154} INFO - [2023-11-28T01:04:43.791+0000] {dag.py:2941} INFO - Sync 1 DAGs
[2023-11-28T01:04:43.803+0000] {logging_mixin.py:154} INFO - [2023-11-28T01:04:43.802+0000] {dag.py:3722} INFO - Setting next_dagrun for example_params_trigger_ui to None, run_after=None
[2023-11-28T01:04:43.825+0000] {processor.py:179} INFO - Processing /usr/local/lib/python3.10/dist-packages/airflow/example_dags/example_params_trigger_ui.py took 0.104 seconds
[2023-11-28T01:05:42.405+0000] {processor.py:157} INFO - Started process (PID=6028) to work on /usr/local/lib/python3.10/dist-packages/airflow/example_dags/example_params_trigger_ui.py
[2023-11-28T01:05:42.407+0000] {processor.py:829} INFO - Processing file /usr/local/lib/python3.10/dist-packages/airflow/example_dags/example_params_trigger_ui.py for tasks to queue
[2023-11-28T01:05:42.408+0000] {logging_mixin.py:154} INFO - [2023-11-28T01:05:42.407+0000] {dagbag.py:536} INFO - Filling up the DagBag from /usr/local/lib/python3.10/dist-packages/airflow/example_dags/example_params_trigger_ui.py
[2023-11-28T01:05:42.426+0000] {processor.py:839} INFO - DAG(s) dict_keys(['example_params_trigger_ui']) retrieved from /usr/local/lib/python3.10/dist-packages/airflow/example_dags/example_params_trigger_ui.py
[2023-11-28T01:05:42.472+0000] {logging_mixin.py:154} INFO - [2023-11-28T01:05:42.472+0000] {dag.py:2941} INFO - Sync 1 DAGs
[2023-11-28T01:05:42.485+0000] {logging_mixin.py:154} INFO - [2023-11-28T01:05:42.485+0000] {dag.py:3722} INFO - Setting next_dagrun for example_params_trigger_ui to None, run_after=None
[2023-11-28T01:05:42.508+0000] {processor.py:179} INFO - Processing /usr/local/lib/python3.10/dist-packages/airflow/example_dags/example_params_trigger_ui.py took 0.107 seconds
[2023-11-28T01:06:29.227+0000] {processor.py:157} INFO - Started process (PID=6077) to work on /usr/local/lib/python3.10/dist-packages/airflow/example_dags/example_params_trigger_ui.py
[2023-11-28T01:06:29.229+0000] {processor.py:829} INFO - Processing file /usr/local/lib/python3.10/dist-packages/airflow/example_dags/example_params_trigger_ui.py for tasks to queue
[2023-11-28T01:06:29.230+0000] {logging_mixin.py:154} INFO - [2023-11-28T01:06:29.229+0000] {dagbag.py:536} INFO - Filling up the DagBag from /usr/local/lib/python3.10/dist-packages/airflow/example_dags/example_params_trigger_ui.py
[2023-11-28T01:06:29.248+0000] {processor.py:839} INFO - DAG(s) dict_keys(['example_params_trigger_ui']) retrieved from /usr/local/lib/python3.10/dist-packages/airflow/example_dags/example_params_trigger_ui.py
[2023-11-28T01:06:29.295+0000] {logging_mixin.py:154} INFO - [2023-11-28T01:06:29.295+0000] {dag.py:2941} INFO - Sync 1 DAGs
[2023-11-28T01:06:29.307+0000] {logging_mixin.py:154} INFO - [2023-11-28T01:06:29.307+0000] {dag.py:3722} INFO - Setting next_dagrun for example_params_trigger_ui to None, run_after=None
[2023-11-28T01:06:29.328+0000] {processor.py:179} INFO - Processing /usr/local/lib/python3.10/dist-packages/airflow/example_dags/example_params_trigger_ui.py took 0.105 seconds
[2023-11-28T01:07:15.739+0000] {processor.py:157} INFO - Started process (PID=6123) to work on /usr/local/lib/python3.10/dist-packages/airflow/example_dags/example_params_trigger_ui.py
[2023-11-28T01:07:15.740+0000] {processor.py:829} INFO - Processing file /usr/local/lib/python3.10/dist-packages/airflow/example_dags/example_params_trigger_ui.py for tasks to queue
[2023-11-28T01:07:15.741+0000] {logging_mixin.py:154} INFO - [2023-11-28T01:07:15.741+0000] {dagbag.py:536} INFO - Filling up the DagBag from /usr/local/lib/python3.10/dist-packages/airflow/example_dags/example_params_trigger_ui.py
[2023-11-28T01:07:15.760+0000] {processor.py:839} INFO - DAG(s) dict_keys(['example_params_trigger_ui']) retrieved from /usr/local/lib/python3.10/dist-packages/airflow/example_dags/example_params_trigger_ui.py
[2023-11-28T01:07:15.806+0000] {logging_mixin.py:154} INFO - [2023-11-28T01:07:15.806+0000] {dag.py:2941} INFO - Sync 1 DAGs
[2023-11-28T01:07:15.819+0000] {logging_mixin.py:154} INFO - [2023-11-28T01:07:15.818+0000] {dag.py:3722} INFO - Setting next_dagrun for example_params_trigger_ui to None, run_after=None
[2023-11-28T01:07:15.844+0000] {processor.py:179} INFO - Processing /usr/local/lib/python3.10/dist-packages/airflow/example_dags/example_params_trigger_ui.py took 0.108 seconds
[2023-11-28T01:08:04.335+0000] {processor.py:157} INFO - Started process (PID=6173) to work on /usr/local/lib/python3.10/dist-packages/airflow/example_dags/example_params_trigger_ui.py
[2023-11-28T01:08:04.336+0000] {processor.py:829} INFO - Processing file /usr/local/lib/python3.10/dist-packages/airflow/example_dags/example_params_trigger_ui.py for tasks to queue
[2023-11-28T01:08:04.337+0000] {logging_mixin.py:154} INFO - [2023-11-28T01:08:04.337+0000] {dagbag.py:536} INFO - Filling up the DagBag from /usr/local/lib/python3.10/dist-packages/airflow/example_dags/example_params_trigger_ui.py
[2023-11-28T01:08:04.356+0000] {processor.py:839} INFO - DAG(s) dict_keys(['example_params_trigger_ui']) retrieved from /usr/local/lib/python3.10/dist-packages/airflow/example_dags/example_params_trigger_ui.py
[2023-11-28T01:08:04.403+0000] {logging_mixin.py:154} INFO - [2023-11-28T01:08:04.403+0000] {dag.py:2941} INFO - Sync 1 DAGs
[2023-11-28T01:08:04.416+0000] {logging_mixin.py:154} INFO - [2023-11-28T01:08:04.416+0000] {dag.py:3722} INFO - Setting next_dagrun for example_params_trigger_ui to None, run_after=None
[2023-11-28T01:08:04.439+0000] {processor.py:179} INFO - Processing /usr/local/lib/python3.10/dist-packages/airflow/example_dags/example_params_trigger_ui.py took 0.108 seconds
[2023-11-28T01:08:50.693+0000] {processor.py:157} INFO - Started process (PID=6223) to work on /usr/local/lib/python3.10/dist-packages/airflow/example_dags/example_params_trigger_ui.py
[2023-11-28T01:08:50.695+0000] {processor.py:829} INFO - Processing file /usr/local/lib/python3.10/dist-packages/airflow/example_dags/example_params_trigger_ui.py for tasks to queue
[2023-11-28T01:08:50.695+0000] {logging_mixin.py:154} INFO - [2023-11-28T01:08:50.695+0000] {dagbag.py:536} INFO - Filling up the DagBag from /usr/local/lib/python3.10/dist-packages/airflow/example_dags/example_params_trigger_ui.py
[2023-11-28T01:08:50.714+0000] {processor.py:839} INFO - DAG(s) dict_keys(['example_params_trigger_ui']) retrieved from /usr/local/lib/python3.10/dist-packages/airflow/example_dags/example_params_trigger_ui.py
[2023-11-28T01:08:50.761+0000] {logging_mixin.py:154} INFO - [2023-11-28T01:08:50.761+0000] {dag.py:2941} INFO - Sync 1 DAGs
[2023-11-28T01:08:50.773+0000] {logging_mixin.py:154} INFO - [2023-11-28T01:08:50.773+0000] {dag.py:3722} INFO - Setting next_dagrun for example_params_trigger_ui to None, run_after=None
[2023-11-28T01:08:50.796+0000] {processor.py:179} INFO - Processing /usr/local/lib/python3.10/dist-packages/airflow/example_dags/example_params_trigger_ui.py took 0.106 seconds
[2023-11-28T01:09:48.842+0000] {processor.py:157} INFO - Started process (PID=6284) to work on /usr/local/lib/python3.10/dist-packages/airflow/example_dags/example_params_trigger_ui.py
[2023-11-28T01:09:48.843+0000] {processor.py:829} INFO - Processing file /usr/local/lib/python3.10/dist-packages/airflow/example_dags/example_params_trigger_ui.py for tasks to queue
[2023-11-28T01:09:48.844+0000] {logging_mixin.py:154} INFO - [2023-11-28T01:09:48.844+0000] {dagbag.py:536} INFO - Filling up the DagBag from /usr/local/lib/python3.10/dist-packages/airflow/example_dags/example_params_trigger_ui.py
[2023-11-28T01:09:48.863+0000] {processor.py:839} INFO - DAG(s) dict_keys(['example_params_trigger_ui']) retrieved from /usr/local/lib/python3.10/dist-packages/airflow/example_dags/example_params_trigger_ui.py
[2023-11-28T01:09:48.909+0000] {logging_mixin.py:154} INFO - [2023-11-28T01:09:48.909+0000] {dag.py:2941} INFO - Sync 1 DAGs
[2023-11-28T01:09:48.922+0000] {logging_mixin.py:154} INFO - [2023-11-28T01:09:48.922+0000] {dag.py:3722} INFO - Setting next_dagrun for example_params_trigger_ui to None, run_after=None
[2023-11-28T01:09:48.944+0000] {processor.py:179} INFO - Processing /usr/local/lib/python3.10/dist-packages/airflow/example_dags/example_params_trigger_ui.py took 0.106 seconds
[2023-11-28T01:10:36.190+0000] {processor.py:157} INFO - Started process (PID=6332) to work on /usr/local/lib/python3.10/dist-packages/airflow/example_dags/example_params_trigger_ui.py
[2023-11-28T01:10:36.192+0000] {processor.py:829} INFO - Processing file /usr/local/lib/python3.10/dist-packages/airflow/example_dags/example_params_trigger_ui.py for tasks to queue
[2023-11-28T01:10:36.193+0000] {logging_mixin.py:154} INFO - [2023-11-28T01:10:36.192+0000] {dagbag.py:536} INFO - Filling up the DagBag from /usr/local/lib/python3.10/dist-packages/airflow/example_dags/example_params_trigger_ui.py
[2023-11-28T01:10:36.212+0000] {processor.py:839} INFO - DAG(s) dict_keys(['example_params_trigger_ui']) retrieved from /usr/local/lib/python3.10/dist-packages/airflow/example_dags/example_params_trigger_ui.py
[2023-11-28T01:10:36.259+0000] {logging_mixin.py:154} INFO - [2023-11-28T01:10:36.259+0000] {dag.py:2941} INFO - Sync 1 DAGs
[2023-11-28T01:10:36.271+0000] {logging_mixin.py:154} INFO - [2023-11-28T01:10:36.271+0000] {dag.py:3722} INFO - Setting next_dagrun for example_params_trigger_ui to None, run_after=None
[2023-11-28T01:10:36.293+0000] {processor.py:179} INFO - Processing /usr/local/lib/python3.10/dist-packages/airflow/example_dags/example_params_trigger_ui.py took 0.106 seconds
[2023-11-28T01:11:23.753+0000] {processor.py:157} INFO - Started process (PID=6381) to work on /usr/local/lib/python3.10/dist-packages/airflow/example_dags/example_params_trigger_ui.py
[2023-11-28T01:11:23.755+0000] {processor.py:829} INFO - Processing file /usr/local/lib/python3.10/dist-packages/airflow/example_dags/example_params_trigger_ui.py for tasks to queue
[2023-11-28T01:11:23.756+0000] {logging_mixin.py:154} INFO - [2023-11-28T01:11:23.755+0000] {dagbag.py:536} INFO - Filling up the DagBag from /usr/local/lib/python3.10/dist-packages/airflow/example_dags/example_params_trigger_ui.py
[2023-11-28T01:11:23.774+0000] {processor.py:839} INFO - DAG(s) dict_keys(['example_params_trigger_ui']) retrieved from /usr/local/lib/python3.10/dist-packages/airflow/example_dags/example_params_trigger_ui.py
[2023-11-28T01:11:23.821+0000] {logging_mixin.py:154} INFO - [2023-11-28T01:11:23.821+0000] {dag.py:2941} INFO - Sync 1 DAGs
[2023-11-28T01:11:23.834+0000] {logging_mixin.py:154} INFO - [2023-11-28T01:11:23.833+0000] {dag.py:3722} INFO - Setting next_dagrun for example_params_trigger_ui to None, run_after=None
[2023-11-28T01:11:23.856+0000] {processor.py:179} INFO - Processing /usr/local/lib/python3.10/dist-packages/airflow/example_dags/example_params_trigger_ui.py took 0.106 seconds
[2023-11-28T01:12:08.443+0000] {processor.py:157} INFO - Started process (PID=6427) to work on /usr/local/lib/python3.10/dist-packages/airflow/example_dags/example_params_trigger_ui.py
[2023-11-28T01:12:08.444+0000] {processor.py:829} INFO - Processing file /usr/local/lib/python3.10/dist-packages/airflow/example_dags/example_params_trigger_ui.py for tasks to queue
[2023-11-28T01:12:08.445+0000] {logging_mixin.py:154} INFO - [2023-11-28T01:12:08.445+0000] {dagbag.py:536} INFO - Filling up the DagBag from /usr/local/lib/python3.10/dist-packages/airflow/example_dags/example_params_trigger_ui.py
[2023-11-28T01:12:08.464+0000] {processor.py:839} INFO - DAG(s) dict_keys(['example_params_trigger_ui']) retrieved from /usr/local/lib/python3.10/dist-packages/airflow/example_dags/example_params_trigger_ui.py
[2023-11-28T01:12:08.511+0000] {logging_mixin.py:154} INFO - [2023-11-28T01:12:08.510+0000] {dag.py:2941} INFO - Sync 1 DAGs
[2023-11-28T01:12:08.523+0000] {logging_mixin.py:154} INFO - [2023-11-28T01:12:08.523+0000] {dag.py:3722} INFO - Setting next_dagrun for example_params_trigger_ui to None, run_after=None
[2023-11-28T01:12:08.546+0000] {processor.py:179} INFO - Processing /usr/local/lib/python3.10/dist-packages/airflow/example_dags/example_params_trigger_ui.py took 0.107 seconds
[2023-11-28T01:12:51.870+0000] {processor.py:157} INFO - Started process (PID=6474) to work on /usr/local/lib/python3.10/dist-packages/airflow/example_dags/example_params_trigger_ui.py
[2023-11-28T01:12:51.872+0000] {processor.py:829} INFO - Processing file /usr/local/lib/python3.10/dist-packages/airflow/example_dags/example_params_trigger_ui.py for tasks to queue
[2023-11-28T01:12:51.873+0000] {logging_mixin.py:154} INFO - [2023-11-28T01:12:51.872+0000] {dagbag.py:536} INFO - Filling up the DagBag from /usr/local/lib/python3.10/dist-packages/airflow/example_dags/example_params_trigger_ui.py
[2023-11-28T01:12:51.892+0000] {processor.py:839} INFO - DAG(s) dict_keys(['example_params_trigger_ui']) retrieved from /usr/local/lib/python3.10/dist-packages/airflow/example_dags/example_params_trigger_ui.py
[2023-11-28T01:12:51.939+0000] {logging_mixin.py:154} INFO - [2023-11-28T01:12:51.939+0000] {dag.py:2941} INFO - Sync 1 DAGs
[2023-11-28T01:12:51.951+0000] {logging_mixin.py:154} INFO - [2023-11-28T01:12:51.951+0000] {dag.py:3722} INFO - Setting next_dagrun for example_params_trigger_ui to None, run_after=None
[2023-11-28T01:12:51.974+0000] {processor.py:179} INFO - Processing /usr/local/lib/python3.10/dist-packages/airflow/example_dags/example_params_trigger_ui.py took 0.108 seconds
[2023-11-28T01:13:37.854+0000] {processor.py:157} INFO - Started process (PID=6519) to work on /usr/local/lib/python3.10/dist-packages/airflow/example_dags/example_params_trigger_ui.py
[2023-11-28T01:13:37.856+0000] {processor.py:829} INFO - Processing file /usr/local/lib/python3.10/dist-packages/airflow/example_dags/example_params_trigger_ui.py for tasks to queue
[2023-11-28T01:13:37.857+0000] {logging_mixin.py:154} INFO - [2023-11-28T01:13:37.856+0000] {dagbag.py:536} INFO - Filling up the DagBag from /usr/local/lib/python3.10/dist-packages/airflow/example_dags/example_params_trigger_ui.py
[2023-11-28T01:13:37.875+0000] {processor.py:839} INFO - DAG(s) dict_keys(['example_params_trigger_ui']) retrieved from /usr/local/lib/python3.10/dist-packages/airflow/example_dags/example_params_trigger_ui.py
[2023-11-28T01:13:37.922+0000] {logging_mixin.py:154} INFO - [2023-11-28T01:13:37.922+0000] {dag.py:2941} INFO - Sync 1 DAGs
[2023-11-28T01:13:37.935+0000] {logging_mixin.py:154} INFO - [2023-11-28T01:13:37.935+0000] {dag.py:3722} INFO - Setting next_dagrun for example_params_trigger_ui to None, run_after=None
[2023-11-28T01:13:37.960+0000] {processor.py:179} INFO - Processing /usr/local/lib/python3.10/dist-packages/airflow/example_dags/example_params_trigger_ui.py took 0.109 seconds
[2023-11-28T01:14:29.944+0000] {processor.py:157} INFO - Started process (PID=6574) to work on /usr/local/lib/python3.10/dist-packages/airflow/example_dags/example_params_trigger_ui.py
[2023-11-28T01:14:29.946+0000] {processor.py:829} INFO - Processing file /usr/local/lib/python3.10/dist-packages/airflow/example_dags/example_params_trigger_ui.py for tasks to queue
[2023-11-28T01:14:29.947+0000] {logging_mixin.py:154} INFO - [2023-11-28T01:14:29.946+0000] {dagbag.py:536} INFO - Filling up the DagBag from /usr/local/lib/python3.10/dist-packages/airflow/example_dags/example_params_trigger_ui.py
[2023-11-28T01:14:29.966+0000] {processor.py:839} INFO - DAG(s) dict_keys(['example_params_trigger_ui']) retrieved from /usr/local/lib/python3.10/dist-packages/airflow/example_dags/example_params_trigger_ui.py
[2023-11-28T01:14:30.016+0000] {logging_mixin.py:154} INFO - [2023-11-28T01:14:30.016+0000] {dag.py:2941} INFO - Sync 1 DAGs
[2023-11-28T01:14:30.031+0000] {logging_mixin.py:154} INFO - [2023-11-28T01:14:30.030+0000] {dag.py:3722} INFO - Setting next_dagrun for example_params_trigger_ui to None, run_after=None
[2023-11-28T01:14:30.075+0000] {processor.py:179} INFO - Processing /usr/local/lib/python3.10/dist-packages/airflow/example_dags/example_params_trigger_ui.py took 0.134 seconds
[2023-11-28T01:15:36.357+0000] {processor.py:157} INFO - Started process (PID=6651) to work on /usr/local/lib/python3.10/dist-packages/airflow/example_dags/example_params_trigger_ui.py
[2023-11-28T01:15:36.360+0000] {processor.py:829} INFO - Processing file /usr/local/lib/python3.10/dist-packages/airflow/example_dags/example_params_trigger_ui.py for tasks to queue
[2023-11-28T01:15:36.361+0000] {logging_mixin.py:154} INFO - [2023-11-28T01:15:36.361+0000] {dagbag.py:536} INFO - Filling up the DagBag from /usr/local/lib/python3.10/dist-packages/airflow/example_dags/example_params_trigger_ui.py
[2023-11-28T01:15:36.381+0000] {processor.py:839} INFO - DAG(s) dict_keys(['example_params_trigger_ui']) retrieved from /usr/local/lib/python3.10/dist-packages/airflow/example_dags/example_params_trigger_ui.py
[2023-11-28T01:15:36.429+0000] {logging_mixin.py:154} INFO - [2023-11-28T01:15:36.429+0000] {dag.py:2941} INFO - Sync 1 DAGs
[2023-11-28T01:15:36.442+0000] {logging_mixin.py:154} INFO - [2023-11-28T01:15:36.442+0000] {dag.py:3722} INFO - Setting next_dagrun for example_params_trigger_ui to None, run_after=None
[2023-11-28T01:15:36.465+0000] {processor.py:179} INFO - Processing /usr/local/lib/python3.10/dist-packages/airflow/example_dags/example_params_trigger_ui.py took 0.112 seconds
[2023-11-28T01:16:20.545+0000] {processor.py:157} INFO - Started process (PID=6697) to work on /usr/local/lib/python3.10/dist-packages/airflow/example_dags/example_params_trigger_ui.py
[2023-11-28T01:16:20.547+0000] {processor.py:829} INFO - Processing file /usr/local/lib/python3.10/dist-packages/airflow/example_dags/example_params_trigger_ui.py for tasks to queue
[2023-11-28T01:16:20.547+0000] {logging_mixin.py:154} INFO - [2023-11-28T01:16:20.547+0000] {dagbag.py:536} INFO - Filling up the DagBag from /usr/local/lib/python3.10/dist-packages/airflow/example_dags/example_params_trigger_ui.py
[2023-11-28T01:16:20.566+0000] {processor.py:839} INFO - DAG(s) dict_keys(['example_params_trigger_ui']) retrieved from /usr/local/lib/python3.10/dist-packages/airflow/example_dags/example_params_trigger_ui.py
[2023-11-28T01:16:20.614+0000] {logging_mixin.py:154} INFO - [2023-11-28T01:16:20.613+0000] {dag.py:2941} INFO - Sync 1 DAGs
[2023-11-28T01:16:20.627+0000] {logging_mixin.py:154} INFO - [2023-11-28T01:16:20.626+0000] {dag.py:3722} INFO - Setting next_dagrun for example_params_trigger_ui to None, run_after=None
[2023-11-28T01:16:20.649+0000] {processor.py:179} INFO - Processing /usr/local/lib/python3.10/dist-packages/airflow/example_dags/example_params_trigger_ui.py took 0.107 seconds
[2023-11-28T01:17:08.312+0000] {processor.py:157} INFO - Started process (PID=6754) to work on /usr/local/lib/python3.10/dist-packages/airflow/example_dags/example_params_trigger_ui.py
[2023-11-28T01:17:08.313+0000] {processor.py:829} INFO - Processing file /usr/local/lib/python3.10/dist-packages/airflow/example_dags/example_params_trigger_ui.py for tasks to queue
[2023-11-28T01:17:08.314+0000] {logging_mixin.py:154} INFO - [2023-11-28T01:17:08.313+0000] {dagbag.py:536} INFO - Filling up the DagBag from /usr/local/lib/python3.10/dist-packages/airflow/example_dags/example_params_trigger_ui.py
[2023-11-28T01:17:08.332+0000] {processor.py:839} INFO - DAG(s) dict_keys(['example_params_trigger_ui']) retrieved from /usr/local/lib/python3.10/dist-packages/airflow/example_dags/example_params_trigger_ui.py
[2023-11-28T01:17:08.379+0000] {logging_mixin.py:154} INFO - [2023-11-28T01:17:08.379+0000] {dag.py:2941} INFO - Sync 1 DAGs
[2023-11-28T01:17:08.391+0000] {logging_mixin.py:154} INFO - [2023-11-28T01:17:08.391+0000] {dag.py:3722} INFO - Setting next_dagrun for example_params_trigger_ui to None, run_after=None
[2023-11-28T01:17:08.414+0000] {processor.py:179} INFO - Processing /usr/local/lib/python3.10/dist-packages/airflow/example_dags/example_params_trigger_ui.py took 0.106 seconds
[2023-11-28T01:17:57.344+0000] {processor.py:157} INFO - Started process (PID=6804) to work on /usr/local/lib/python3.10/dist-packages/airflow/example_dags/example_params_trigger_ui.py
[2023-11-28T01:17:57.346+0000] {processor.py:829} INFO - Processing file /usr/local/lib/python3.10/dist-packages/airflow/example_dags/example_params_trigger_ui.py for tasks to queue
[2023-11-28T01:17:57.347+0000] {logging_mixin.py:154} INFO - [2023-11-28T01:17:57.346+0000] {dagbag.py:536} INFO - Filling up the DagBag from /usr/local/lib/python3.10/dist-packages/airflow/example_dags/example_params_trigger_ui.py
[2023-11-28T01:17:57.366+0000] {processor.py:839} INFO - DAG(s) dict_keys(['example_params_trigger_ui']) retrieved from /usr/local/lib/python3.10/dist-packages/airflow/example_dags/example_params_trigger_ui.py
[2023-11-28T01:17:57.413+0000] {logging_mixin.py:154} INFO - [2023-11-28T01:17:57.413+0000] {dag.py:2941} INFO - Sync 1 DAGs
[2023-11-28T01:17:57.426+0000] {logging_mixin.py:154} INFO - [2023-11-28T01:17:57.425+0000] {dag.py:3722} INFO - Setting next_dagrun for example_params_trigger_ui to None, run_after=None
[2023-11-28T01:17:57.448+0000] {processor.py:179} INFO - Processing /usr/local/lib/python3.10/dist-packages/airflow/example_dags/example_params_trigger_ui.py took 0.107 seconds
[2023-11-28T01:18:55.664+0000] {processor.py:157} INFO - Started process (PID=6865) to work on /usr/local/lib/python3.10/dist-packages/airflow/example_dags/example_params_trigger_ui.py
[2023-11-28T01:18:55.665+0000] {processor.py:829} INFO - Processing file /usr/local/lib/python3.10/dist-packages/airflow/example_dags/example_params_trigger_ui.py for tasks to queue
[2023-11-28T01:18:55.666+0000] {logging_mixin.py:154} INFO - [2023-11-28T01:18:55.666+0000] {dagbag.py:536} INFO - Filling up the DagBag from /usr/local/lib/python3.10/dist-packages/airflow/example_dags/example_params_trigger_ui.py
[2023-11-28T01:18:55.685+0000] {processor.py:839} INFO - DAG(s) dict_keys(['example_params_trigger_ui']) retrieved from /usr/local/lib/python3.10/dist-packages/airflow/example_dags/example_params_trigger_ui.py
[2023-11-28T01:18:55.732+0000] {logging_mixin.py:154} INFO - [2023-11-28T01:18:55.732+0000] {dag.py:2941} INFO - Sync 1 DAGs
[2023-11-28T01:18:55.744+0000] {logging_mixin.py:154} INFO - [2023-11-28T01:18:55.744+0000] {dag.py:3722} INFO - Setting next_dagrun for example_params_trigger_ui to None, run_after=None
[2023-11-28T01:18:55.767+0000] {processor.py:179} INFO - Processing /usr/local/lib/python3.10/dist-packages/airflow/example_dags/example_params_trigger_ui.py took 0.107 seconds
[2023-11-28T01:19:40.049+0000] {processor.py:157} INFO - Started process (PID=7030) to work on /usr/local/lib/python3.10/dist-packages/airflow/example_dags/example_params_trigger_ui.py
[2023-11-28T01:19:40.051+0000] {processor.py:829} INFO - Processing file /usr/local/lib/python3.10/dist-packages/airflow/example_dags/example_params_trigger_ui.py for tasks to queue
[2023-11-28T01:19:40.052+0000] {logging_mixin.py:154} INFO - [2023-11-28T01:19:40.051+0000] {dagbag.py:536} INFO - Filling up the DagBag from /usr/local/lib/python3.10/dist-packages/airflow/example_dags/example_params_trigger_ui.py
[2023-11-28T01:19:40.071+0000] {processor.py:839} INFO - DAG(s) dict_keys(['example_params_trigger_ui']) retrieved from /usr/local/lib/python3.10/dist-packages/airflow/example_dags/example_params_trigger_ui.py
[2023-11-28T01:19:40.119+0000] {logging_mixin.py:154} INFO - [2023-11-28T01:19:40.119+0000] {dag.py:2941} INFO - Sync 1 DAGs
[2023-11-28T01:19:40.132+0000] {logging_mixin.py:154} INFO - [2023-11-28T01:19:40.131+0000] {dag.py:3722} INFO - Setting next_dagrun for example_params_trigger_ui to None, run_after=None
[2023-11-28T01:19:40.154+0000] {processor.py:179} INFO - Processing /usr/local/lib/python3.10/dist-packages/airflow/example_dags/example_params_trigger_ui.py took 0.108 seconds
