[2023-11-28T00:44:39.773+0000] {processor.py:157} INFO - Started process (PID=3420) to work on /usr/local/lib/python3.10/dist-packages/airflow/example_dags/example_params_ui_tutorial.py
[2023-11-28T00:44:39.773+0000] {processor.py:829} INFO - Processing file /usr/local/lib/python3.10/dist-packages/airflow/example_dags/example_params_ui_tutorial.py for tasks to queue
[2023-11-28T00:44:39.774+0000] {logging_mixin.py:154} INFO - [2023-11-28T00:44:39.774+0000] {dagbag.py:536} INFO - Filling up the DagBag from /usr/local/lib/python3.10/dist-packages/airflow/example_dags/example_params_ui_tutorial.py
[2023-11-28T00:44:39.814+0000] {processor.py:839} INFO - DAG(s) dict_keys(['example_params_ui_tutorial']) retrieved from /usr/local/lib/python3.10/dist-packages/airflow/example_dags/example_params_ui_tutorial.py
[2023-11-28T00:44:39.969+0000] {logging_mixin.py:154} INFO - [2023-11-28T00:44:39.968+0000] {manager.py:499} INFO - Created Permission View: %s
[2023-11-28T00:44:39.981+0000] {logging_mixin.py:154} INFO - [2023-11-28T00:44:39.981+0000] {manager.py:499} INFO - Created Permission View: %s
[2023-11-28T00:44:39.991+0000] {logging_mixin.py:154} INFO - [2023-11-28T00:44:39.990+0000] {manager.py:499} INFO - Created Permission View: %s
[2023-11-28T00:44:39.991+0000] {logging_mixin.py:154} INFO - [2023-11-28T00:44:39.991+0000] {dag.py:2941} INFO - Sync 1 DAGs
[2023-11-28T00:44:40.002+0000] {logging_mixin.py:154} INFO - [2023-11-28T00:44:40.002+0000] {dag.py:2963} INFO - Creating ORM DAG for example_params_ui_tutorial
[2023-11-28T00:44:40.002+0000] {logging_mixin.py:154} INFO - [2023-11-28T00:44:40.002+0000] {dag.py:3722} INFO - Setting next_dagrun for example_params_ui_tutorial to None, run_after=None
[2023-11-28T00:44:40.031+0000] {processor.py:179} INFO - Processing /usr/local/lib/python3.10/dist-packages/airflow/example_dags/example_params_ui_tutorial.py took 0.261 seconds
[2023-11-28T00:45:32.103+0000] {processor.py:157} INFO - Started process (PID=3558) to work on /usr/local/lib/python3.10/dist-packages/airflow/example_dags/example_params_ui_tutorial.py
[2023-11-28T00:45:32.104+0000] {processor.py:829} INFO - Processing file /usr/local/lib/python3.10/dist-packages/airflow/example_dags/example_params_ui_tutorial.py for tasks to queue
[2023-11-28T00:45:32.105+0000] {logging_mixin.py:154} INFO - [2023-11-28T00:45:32.105+0000] {dagbag.py:536} INFO - Filling up the DagBag from /usr/local/lib/python3.10/dist-packages/airflow/example_dags/example_params_ui_tutorial.py
[2023-11-28T00:45:32.145+0000] {processor.py:839} INFO - DAG(s) dict_keys(['example_params_ui_tutorial']) retrieved from /usr/local/lib/python3.10/dist-packages/airflow/example_dags/example_params_ui_tutorial.py
[2023-11-28T00:45:32.206+0000] {logging_mixin.py:154} INFO - [2023-11-28T00:45:32.205+0000] {dag.py:2941} INFO - Sync 1 DAGs
[2023-11-28T00:45:32.218+0000] {logging_mixin.py:154} INFO - [2023-11-28T00:45:32.217+0000] {dag.py:3722} INFO - Setting next_dagrun for example_params_ui_tutorial to None, run_after=None
[2023-11-28T00:45:32.241+0000] {processor.py:179} INFO - Processing /usr/local/lib/python3.10/dist-packages/airflow/example_dags/example_params_ui_tutorial.py took 0.141 seconds
[2023-11-28T00:46:16.057+0000] {processor.py:157} INFO - Started process (PID=3604) to work on /usr/local/lib/python3.10/dist-packages/airflow/example_dags/example_params_ui_tutorial.py
[2023-11-28T00:46:16.059+0000] {processor.py:829} INFO - Processing file /usr/local/lib/python3.10/dist-packages/airflow/example_dags/example_params_ui_tutorial.py for tasks to queue
[2023-11-28T00:46:16.060+0000] {logging_mixin.py:154} INFO - [2023-11-28T00:46:16.059+0000] {dagbag.py:536} INFO - Filling up the DagBag from /usr/local/lib/python3.10/dist-packages/airflow/example_dags/example_params_ui_tutorial.py
[2023-11-28T00:46:16.101+0000] {processor.py:839} INFO - DAG(s) dict_keys(['example_params_ui_tutorial']) retrieved from /usr/local/lib/python3.10/dist-packages/airflow/example_dags/example_params_ui_tutorial.py
[2023-11-28T00:46:16.162+0000] {logging_mixin.py:154} INFO - [2023-11-28T00:46:16.161+0000] {dag.py:2941} INFO - Sync 1 DAGs
[2023-11-28T00:46:16.174+0000] {logging_mixin.py:154} INFO - [2023-11-28T00:46:16.174+0000] {dag.py:3722} INFO - Setting next_dagrun for example_params_ui_tutorial to None, run_after=None
[2023-11-28T00:46:16.197+0000] {processor.py:179} INFO - Processing /usr/local/lib/python3.10/dist-packages/airflow/example_dags/example_params_ui_tutorial.py took 0.143 seconds
[2023-11-28T00:47:00.566+0000] {processor.py:157} INFO - Started process (PID=3653) to work on /usr/local/lib/python3.10/dist-packages/airflow/example_dags/example_params_ui_tutorial.py
[2023-11-28T00:47:00.568+0000] {processor.py:829} INFO - Processing file /usr/local/lib/python3.10/dist-packages/airflow/example_dags/example_params_ui_tutorial.py for tasks to queue
[2023-11-28T00:47:00.569+0000] {logging_mixin.py:154} INFO - [2023-11-28T00:47:00.568+0000] {dagbag.py:536} INFO - Filling up the DagBag from /usr/local/lib/python3.10/dist-packages/airflow/example_dags/example_params_ui_tutorial.py
[2023-11-28T00:47:00.610+0000] {processor.py:839} INFO - DAG(s) dict_keys(['example_params_ui_tutorial']) retrieved from /usr/local/lib/python3.10/dist-packages/airflow/example_dags/example_params_ui_tutorial.py
[2023-11-28T00:47:00.673+0000] {logging_mixin.py:154} INFO - [2023-11-28T00:47:00.673+0000] {dag.py:2941} INFO - Sync 1 DAGs
[2023-11-28T00:47:00.685+0000] {logging_mixin.py:154} INFO - [2023-11-28T00:47:00.685+0000] {dag.py:3722} INFO - Setting next_dagrun for example_params_ui_tutorial to None, run_after=None
[2023-11-28T00:47:00.707+0000] {processor.py:179} INFO - Processing /usr/local/lib/python3.10/dist-packages/airflow/example_dags/example_params_ui_tutorial.py took 0.145 seconds
[2023-11-28T00:47:45.362+0000] {processor.py:157} INFO - Started process (PID=3701) to work on /usr/local/lib/python3.10/dist-packages/airflow/example_dags/example_params_ui_tutorial.py
[2023-11-28T00:47:45.364+0000] {processor.py:829} INFO - Processing file /usr/local/lib/python3.10/dist-packages/airflow/example_dags/example_params_ui_tutorial.py for tasks to queue
[2023-11-28T00:47:45.365+0000] {logging_mixin.py:154} INFO - [2023-11-28T00:47:45.364+0000] {dagbag.py:536} INFO - Filling up the DagBag from /usr/local/lib/python3.10/dist-packages/airflow/example_dags/example_params_ui_tutorial.py
[2023-11-28T00:47:45.406+0000] {processor.py:839} INFO - DAG(s) dict_keys(['example_params_ui_tutorial']) retrieved from /usr/local/lib/python3.10/dist-packages/airflow/example_dags/example_params_ui_tutorial.py
[2023-11-28T00:47:45.467+0000] {logging_mixin.py:154} INFO - [2023-11-28T00:47:45.467+0000] {dag.py:2941} INFO - Sync 1 DAGs
[2023-11-28T00:47:45.479+0000] {logging_mixin.py:154} INFO - [2023-11-28T00:47:45.479+0000] {dag.py:3722} INFO - Setting next_dagrun for example_params_ui_tutorial to None, run_after=None
[2023-11-28T00:47:45.502+0000] {processor.py:179} INFO - Processing /usr/local/lib/python3.10/dist-packages/airflow/example_dags/example_params_ui_tutorial.py took 0.143 seconds
[2023-11-28T00:48:25.296+0000] {processor.py:157} INFO - Started process (PID=3742) to work on /usr/local/lib/python3.10/dist-packages/airflow/example_dags/example_params_ui_tutorial.py
[2023-11-28T00:48:25.297+0000] {processor.py:829} INFO - Processing file /usr/local/lib/python3.10/dist-packages/airflow/example_dags/example_params_ui_tutorial.py for tasks to queue
[2023-11-28T00:48:25.298+0000] {logging_mixin.py:154} INFO - [2023-11-28T00:48:25.298+0000] {dagbag.py:536} INFO - Filling up the DagBag from /usr/local/lib/python3.10/dist-packages/airflow/example_dags/example_params_ui_tutorial.py
[2023-11-28T00:48:25.339+0000] {processor.py:839} INFO - DAG(s) dict_keys(['example_params_ui_tutorial']) retrieved from /usr/local/lib/python3.10/dist-packages/airflow/example_dags/example_params_ui_tutorial.py
[2023-11-28T00:48:25.401+0000] {logging_mixin.py:154} INFO - [2023-11-28T00:48:25.400+0000] {dag.py:2941} INFO - Sync 1 DAGs
[2023-11-28T00:48:25.412+0000] {logging_mixin.py:154} INFO - [2023-11-28T00:48:25.412+0000] {dag.py:3722} INFO - Setting next_dagrun for example_params_ui_tutorial to None, run_after=None
[2023-11-28T00:48:25.435+0000] {processor.py:179} INFO - Processing /usr/local/lib/python3.10/dist-packages/airflow/example_dags/example_params_ui_tutorial.py took 0.142 seconds
[2023-11-28T00:49:10.466+0000] {processor.py:157} INFO - Started process (PID=3789) to work on /usr/local/lib/python3.10/dist-packages/airflow/example_dags/example_params_ui_tutorial.py
[2023-11-28T00:49:10.468+0000] {processor.py:829} INFO - Processing file /usr/local/lib/python3.10/dist-packages/airflow/example_dags/example_params_ui_tutorial.py for tasks to queue
[2023-11-28T00:49:10.469+0000] {logging_mixin.py:154} INFO - [2023-11-28T00:49:10.468+0000] {dagbag.py:536} INFO - Filling up the DagBag from /usr/local/lib/python3.10/dist-packages/airflow/example_dags/example_params_ui_tutorial.py
[2023-11-28T00:49:10.511+0000] {processor.py:839} INFO - DAG(s) dict_keys(['example_params_ui_tutorial']) retrieved from /usr/local/lib/python3.10/dist-packages/airflow/example_dags/example_params_ui_tutorial.py
[2023-11-28T00:49:10.575+0000] {logging_mixin.py:154} INFO - [2023-11-28T00:49:10.575+0000] {dag.py:2941} INFO - Sync 1 DAGs
[2023-11-28T00:49:10.587+0000] {logging_mixin.py:154} INFO - [2023-11-28T00:49:10.587+0000] {dag.py:3722} INFO - Setting next_dagrun for example_params_ui_tutorial to None, run_after=None
[2023-11-28T00:49:10.610+0000] {processor.py:179} INFO - Processing /usr/local/lib/python3.10/dist-packages/airflow/example_dags/example_params_ui_tutorial.py took 0.147 seconds
[2023-11-28T00:49:54.159+0000] {processor.py:157} INFO - Started process (PID=3835) to work on /usr/local/lib/python3.10/dist-packages/airflow/example_dags/example_params_ui_tutorial.py
[2023-11-28T00:49:54.161+0000] {processor.py:829} INFO - Processing file /usr/local/lib/python3.10/dist-packages/airflow/example_dags/example_params_ui_tutorial.py for tasks to queue
[2023-11-28T00:49:54.162+0000] {logging_mixin.py:154} INFO - [2023-11-28T00:49:54.162+0000] {dagbag.py:536} INFO - Filling up the DagBag from /usr/local/lib/python3.10/dist-packages/airflow/example_dags/example_params_ui_tutorial.py
[2023-11-28T00:49:54.202+0000] {processor.py:839} INFO - DAG(s) dict_keys(['example_params_ui_tutorial']) retrieved from /usr/local/lib/python3.10/dist-packages/airflow/example_dags/example_params_ui_tutorial.py
[2023-11-28T00:49:54.263+0000] {logging_mixin.py:154} INFO - [2023-11-28T00:49:54.263+0000] {dag.py:2941} INFO - Sync 1 DAGs
[2023-11-28T00:49:54.275+0000] {logging_mixin.py:154} INFO - [2023-11-28T00:49:54.274+0000] {dag.py:3722} INFO - Setting next_dagrun for example_params_ui_tutorial to None, run_after=None
[2023-11-28T00:49:54.296+0000] {processor.py:179} INFO - Processing /usr/local/lib/python3.10/dist-packages/airflow/example_dags/example_params_ui_tutorial.py took 0.140 seconds
[2023-11-28T00:50:40.601+0000] {processor.py:157} INFO - Started process (PID=3883) to work on /usr/local/lib/python3.10/dist-packages/airflow/example_dags/example_params_ui_tutorial.py
[2023-11-28T00:50:40.603+0000] {processor.py:829} INFO - Processing file /usr/local/lib/python3.10/dist-packages/airflow/example_dags/example_params_ui_tutorial.py for tasks to queue
[2023-11-28T00:50:40.604+0000] {logging_mixin.py:154} INFO - [2023-11-28T00:50:40.603+0000] {dagbag.py:536} INFO - Filling up the DagBag from /usr/local/lib/python3.10/dist-packages/airflow/example_dags/example_params_ui_tutorial.py
[2023-11-28T00:50:40.644+0000] {processor.py:839} INFO - DAG(s) dict_keys(['example_params_ui_tutorial']) retrieved from /usr/local/lib/python3.10/dist-packages/airflow/example_dags/example_params_ui_tutorial.py
[2023-11-28T00:50:40.704+0000] {logging_mixin.py:154} INFO - [2023-11-28T00:50:40.704+0000] {dag.py:2941} INFO - Sync 1 DAGs
[2023-11-28T00:50:40.716+0000] {logging_mixin.py:154} INFO - [2023-11-28T00:50:40.716+0000] {dag.py:3722} INFO - Setting next_dagrun for example_params_ui_tutorial to None, run_after=None
[2023-11-28T00:50:40.738+0000] {processor.py:179} INFO - Processing /usr/local/lib/python3.10/dist-packages/airflow/example_dags/example_params_ui_tutorial.py took 0.140 seconds
[2023-11-28T00:51:27.691+0000] {processor.py:157} INFO - Started process (PID=3931) to work on /usr/local/lib/python3.10/dist-packages/airflow/example_dags/example_params_ui_tutorial.py
[2023-11-28T00:51:27.692+0000] {processor.py:829} INFO - Processing file /usr/local/lib/python3.10/dist-packages/airflow/example_dags/example_params_ui_tutorial.py for tasks to queue
[2023-11-28T00:51:27.693+0000] {logging_mixin.py:154} INFO - [2023-11-28T00:51:27.692+0000] {dagbag.py:536} INFO - Filling up the DagBag from /usr/local/lib/python3.10/dist-packages/airflow/example_dags/example_params_ui_tutorial.py
[2023-11-28T00:51:27.734+0000] {processor.py:839} INFO - DAG(s) dict_keys(['example_params_ui_tutorial']) retrieved from /usr/local/lib/python3.10/dist-packages/airflow/example_dags/example_params_ui_tutorial.py
[2023-11-28T00:51:27.796+0000] {logging_mixin.py:154} INFO - [2023-11-28T00:51:27.796+0000] {dag.py:2941} INFO - Sync 1 DAGs
[2023-11-28T00:51:27.808+0000] {logging_mixin.py:154} INFO - [2023-11-28T00:51:27.808+0000] {dag.py:3722} INFO - Setting next_dagrun for example_params_ui_tutorial to None, run_after=None
[2023-11-28T00:51:27.830+0000] {processor.py:179} INFO - Processing /usr/local/lib/python3.10/dist-packages/airflow/example_dags/example_params_ui_tutorial.py took 0.143 seconds
[2023-11-28T00:52:14.686+0000] {processor.py:157} INFO - Started process (PID=4083) to work on /usr/local/lib/python3.10/dist-packages/airflow/example_dags/example_params_ui_tutorial.py
[2023-11-28T00:52:14.687+0000] {processor.py:829} INFO - Processing file /usr/local/lib/python3.10/dist-packages/airflow/example_dags/example_params_ui_tutorial.py for tasks to queue
[2023-11-28T00:52:14.688+0000] {logging_mixin.py:154} INFO - [2023-11-28T00:52:14.688+0000] {dagbag.py:536} INFO - Filling up the DagBag from /usr/local/lib/python3.10/dist-packages/airflow/example_dags/example_params_ui_tutorial.py
[2023-11-28T00:52:14.732+0000] {processor.py:839} INFO - DAG(s) dict_keys(['example_params_ui_tutorial']) retrieved from /usr/local/lib/python3.10/dist-packages/airflow/example_dags/example_params_ui_tutorial.py
[2023-11-28T00:52:14.793+0000] {logging_mixin.py:154} INFO - [2023-11-28T00:52:14.793+0000] {dag.py:2941} INFO - Sync 1 DAGs
[2023-11-28T00:52:14.805+0000] {logging_mixin.py:154} INFO - [2023-11-28T00:52:14.805+0000] {dag.py:3722} INFO - Setting next_dagrun for example_params_ui_tutorial to None, run_after=None
[2023-11-28T00:52:14.834+0000] {processor.py:179} INFO - Processing /usr/local/lib/python3.10/dist-packages/airflow/example_dags/example_params_ui_tutorial.py took 0.152 seconds
[2023-11-28T00:53:01.165+0000] {processor.py:157} INFO - Started process (PID=4411) to work on /usr/local/lib/python3.10/dist-packages/airflow/example_dags/example_params_ui_tutorial.py
[2023-11-28T00:53:01.167+0000] {processor.py:829} INFO - Processing file /usr/local/lib/python3.10/dist-packages/airflow/example_dags/example_params_ui_tutorial.py for tasks to queue
[2023-11-28T00:53:01.168+0000] {logging_mixin.py:154} INFO - [2023-11-28T00:53:01.168+0000] {dagbag.py:536} INFO - Filling up the DagBag from /usr/local/lib/python3.10/dist-packages/airflow/example_dags/example_params_ui_tutorial.py
[2023-11-28T00:53:01.208+0000] {processor.py:839} INFO - DAG(s) dict_keys(['example_params_ui_tutorial']) retrieved from /usr/local/lib/python3.10/dist-packages/airflow/example_dags/example_params_ui_tutorial.py
[2023-11-28T00:53:01.269+0000] {logging_mixin.py:154} INFO - [2023-11-28T00:53:01.269+0000] {dag.py:2941} INFO - Sync 1 DAGs
[2023-11-28T00:53:01.281+0000] {logging_mixin.py:154} INFO - [2023-11-28T00:53:01.281+0000] {dag.py:3722} INFO - Setting next_dagrun for example_params_ui_tutorial to None, run_after=None
[2023-11-28T00:53:01.308+0000] {processor.py:179} INFO - Processing /usr/local/lib/python3.10/dist-packages/airflow/example_dags/example_params_ui_tutorial.py took 0.146 seconds
[2023-11-28T00:53:46.894+0000] {processor.py:157} INFO - Started process (PID=4680) to work on /usr/local/lib/python3.10/dist-packages/airflow/example_dags/example_params_ui_tutorial.py
[2023-11-28T00:53:46.895+0000] {processor.py:829} INFO - Processing file /usr/local/lib/python3.10/dist-packages/airflow/example_dags/example_params_ui_tutorial.py for tasks to queue
[2023-11-28T00:53:46.896+0000] {logging_mixin.py:154} INFO - [2023-11-28T00:53:46.896+0000] {dagbag.py:536} INFO - Filling up the DagBag from /usr/local/lib/python3.10/dist-packages/airflow/example_dags/example_params_ui_tutorial.py
[2023-11-28T00:53:46.936+0000] {processor.py:839} INFO - DAG(s) dict_keys(['example_params_ui_tutorial']) retrieved from /usr/local/lib/python3.10/dist-packages/airflow/example_dags/example_params_ui_tutorial.py
[2023-11-28T00:53:46.996+0000] {logging_mixin.py:154} INFO - [2023-11-28T00:53:46.996+0000] {dag.py:2941} INFO - Sync 1 DAGs
[2023-11-28T00:53:47.008+0000] {logging_mixin.py:154} INFO - [2023-11-28T00:53:47.008+0000] {dag.py:3722} INFO - Setting next_dagrun for example_params_ui_tutorial to None, run_after=None
[2023-11-28T00:53:47.033+0000] {processor.py:179} INFO - Processing /usr/local/lib/python3.10/dist-packages/airflow/example_dags/example_params_ui_tutorial.py took 0.142 seconds
[2023-11-28T00:54:30.213+0000] {processor.py:157} INFO - Started process (PID=4898) to work on /usr/local/lib/python3.10/dist-packages/airflow/example_dags/example_params_ui_tutorial.py
[2023-11-28T00:54:30.214+0000] {processor.py:829} INFO - Processing file /usr/local/lib/python3.10/dist-packages/airflow/example_dags/example_params_ui_tutorial.py for tasks to queue
[2023-11-28T00:54:30.215+0000] {logging_mixin.py:154} INFO - [2023-11-28T00:54:30.214+0000] {dagbag.py:536} INFO - Filling up the DagBag from /usr/local/lib/python3.10/dist-packages/airflow/example_dags/example_params_ui_tutorial.py
[2023-11-28T00:54:30.255+0000] {processor.py:839} INFO - DAG(s) dict_keys(['example_params_ui_tutorial']) retrieved from /usr/local/lib/python3.10/dist-packages/airflow/example_dags/example_params_ui_tutorial.py
[2023-11-28T00:54:30.315+0000] {logging_mixin.py:154} INFO - [2023-11-28T00:54:30.315+0000] {dag.py:2941} INFO - Sync 1 DAGs
[2023-11-28T00:54:30.327+0000] {logging_mixin.py:154} INFO - [2023-11-28T00:54:30.326+0000] {dag.py:3722} INFO - Setting next_dagrun for example_params_ui_tutorial to None, run_after=None
[2023-11-28T00:54:30.349+0000] {processor.py:179} INFO - Processing /usr/local/lib/python3.10/dist-packages/airflow/example_dags/example_params_ui_tutorial.py took 0.140 seconds
[2023-11-28T00:55:12.511+0000] {processor.py:157} INFO - Started process (PID=4942) to work on /usr/local/lib/python3.10/dist-packages/airflow/example_dags/example_params_ui_tutorial.py
[2023-11-28T00:55:12.512+0000] {processor.py:829} INFO - Processing file /usr/local/lib/python3.10/dist-packages/airflow/example_dags/example_params_ui_tutorial.py for tasks to queue
[2023-11-28T00:55:12.513+0000] {logging_mixin.py:154} INFO - [2023-11-28T00:55:12.512+0000] {dagbag.py:536} INFO - Filling up the DagBag from /usr/local/lib/python3.10/dist-packages/airflow/example_dags/example_params_ui_tutorial.py
[2023-11-28T00:55:12.554+0000] {processor.py:839} INFO - DAG(s) dict_keys(['example_params_ui_tutorial']) retrieved from /usr/local/lib/python3.10/dist-packages/airflow/example_dags/example_params_ui_tutorial.py
[2023-11-28T00:55:12.615+0000] {logging_mixin.py:154} INFO - [2023-11-28T00:55:12.615+0000] {dag.py:2941} INFO - Sync 1 DAGs
[2023-11-28T00:55:12.627+0000] {logging_mixin.py:154} INFO - [2023-11-28T00:55:12.627+0000] {dag.py:3722} INFO - Setting next_dagrun for example_params_ui_tutorial to None, run_after=None
[2023-11-28T00:55:12.652+0000] {processor.py:179} INFO - Processing /usr/local/lib/python3.10/dist-packages/airflow/example_dags/example_params_ui_tutorial.py took 0.145 seconds
[2023-11-28T00:56:01.349+0000] {processor.py:157} INFO - Started process (PID=5221) to work on /usr/local/lib/python3.10/dist-packages/airflow/example_dags/example_params_ui_tutorial.py
[2023-11-28T00:56:01.351+0000] {processor.py:829} INFO - Processing file /usr/local/lib/python3.10/dist-packages/airflow/example_dags/example_params_ui_tutorial.py for tasks to queue
[2023-11-28T00:56:01.352+0000] {logging_mixin.py:154} INFO - [2023-11-28T00:56:01.351+0000] {dagbag.py:536} INFO - Filling up the DagBag from /usr/local/lib/python3.10/dist-packages/airflow/example_dags/example_params_ui_tutorial.py
[2023-11-28T00:56:01.393+0000] {processor.py:839} INFO - DAG(s) dict_keys(['example_params_ui_tutorial']) retrieved from /usr/local/lib/python3.10/dist-packages/airflow/example_dags/example_params_ui_tutorial.py
[2023-11-28T00:56:01.456+0000] {logging_mixin.py:154} INFO - [2023-11-28T00:56:01.456+0000] {dag.py:2941} INFO - Sync 1 DAGs
[2023-11-28T00:56:01.469+0000] {logging_mixin.py:154} INFO - [2023-11-28T00:56:01.468+0000] {dag.py:3722} INFO - Setting next_dagrun for example_params_ui_tutorial to None, run_after=None
[2023-11-28T00:56:01.492+0000] {processor.py:179} INFO - Processing /usr/local/lib/python3.10/dist-packages/airflow/example_dags/example_params_ui_tutorial.py took 0.147 seconds
[2023-11-28T00:56:47.017+0000] {processor.py:157} INFO - Started process (PID=5358) to work on /usr/local/lib/python3.10/dist-packages/airflow/example_dags/example_params_ui_tutorial.py
[2023-11-28T00:56:47.018+0000] {processor.py:829} INFO - Processing file /usr/local/lib/python3.10/dist-packages/airflow/example_dags/example_params_ui_tutorial.py for tasks to queue
[2023-11-28T00:56:47.019+0000] {logging_mixin.py:154} INFO - [2023-11-28T00:56:47.019+0000] {dagbag.py:536} INFO - Filling up the DagBag from /usr/local/lib/python3.10/dist-packages/airflow/example_dags/example_params_ui_tutorial.py
[2023-11-28T00:56:47.060+0000] {processor.py:839} INFO - DAG(s) dict_keys(['example_params_ui_tutorial']) retrieved from /usr/local/lib/python3.10/dist-packages/airflow/example_dags/example_params_ui_tutorial.py
[2023-11-28T00:56:47.121+0000] {logging_mixin.py:154} INFO - [2023-11-28T00:56:47.120+0000] {dag.py:2941} INFO - Sync 1 DAGs
[2023-11-28T00:56:47.132+0000] {logging_mixin.py:154} INFO - [2023-11-28T00:56:47.132+0000] {dag.py:3722} INFO - Setting next_dagrun for example_params_ui_tutorial to None, run_after=None
[2023-11-28T00:56:47.156+0000] {processor.py:179} INFO - Processing /usr/local/lib/python3.10/dist-packages/airflow/example_dags/example_params_ui_tutorial.py took 0.142 seconds
[2023-11-28T00:57:34.318+0000] {processor.py:157} INFO - Started process (PID=5408) to work on /usr/local/lib/python3.10/dist-packages/airflow/example_dags/example_params_ui_tutorial.py
[2023-11-28T00:57:34.320+0000] {processor.py:829} INFO - Processing file /usr/local/lib/python3.10/dist-packages/airflow/example_dags/example_params_ui_tutorial.py for tasks to queue
[2023-11-28T00:57:34.321+0000] {logging_mixin.py:154} INFO - [2023-11-28T00:57:34.320+0000] {dagbag.py:536} INFO - Filling up the DagBag from /usr/local/lib/python3.10/dist-packages/airflow/example_dags/example_params_ui_tutorial.py
[2023-11-28T00:57:34.361+0000] {processor.py:839} INFO - DAG(s) dict_keys(['example_params_ui_tutorial']) retrieved from /usr/local/lib/python3.10/dist-packages/airflow/example_dags/example_params_ui_tutorial.py
[2023-11-28T00:57:34.423+0000] {logging_mixin.py:154} INFO - [2023-11-28T00:57:34.422+0000] {dag.py:2941} INFO - Sync 1 DAGs
[2023-11-28T00:57:34.434+0000] {logging_mixin.py:154} INFO - [2023-11-28T00:57:34.434+0000] {dag.py:3722} INFO - Setting next_dagrun for example_params_ui_tutorial to None, run_after=None
[2023-11-28T00:57:34.457+0000] {processor.py:179} INFO - Processing /usr/local/lib/python3.10/dist-packages/airflow/example_dags/example_params_ui_tutorial.py took 0.143 seconds
[2023-11-28T00:58:20.743+0000] {processor.py:157} INFO - Started process (PID=5456) to work on /usr/local/lib/python3.10/dist-packages/airflow/example_dags/example_params_ui_tutorial.py
[2023-11-28T00:58:20.745+0000] {processor.py:829} INFO - Processing file /usr/local/lib/python3.10/dist-packages/airflow/example_dags/example_params_ui_tutorial.py for tasks to queue
[2023-11-28T00:58:20.745+0000] {logging_mixin.py:154} INFO - [2023-11-28T00:58:20.745+0000] {dagbag.py:536} INFO - Filling up the DagBag from /usr/local/lib/python3.10/dist-packages/airflow/example_dags/example_params_ui_tutorial.py
[2023-11-28T00:58:20.786+0000] {processor.py:839} INFO - DAG(s) dict_keys(['example_params_ui_tutorial']) retrieved from /usr/local/lib/python3.10/dist-packages/airflow/example_dags/example_params_ui_tutorial.py
[2023-11-28T00:58:20.846+0000] {logging_mixin.py:154} INFO - [2023-11-28T00:58:20.846+0000] {dag.py:2941} INFO - Sync 1 DAGs
[2023-11-28T00:58:20.859+0000] {logging_mixin.py:154} INFO - [2023-11-28T00:58:20.859+0000] {dag.py:3722} INFO - Setting next_dagrun for example_params_ui_tutorial to None, run_after=None
[2023-11-28T00:58:20.881+0000] {processor.py:179} INFO - Processing /usr/local/lib/python3.10/dist-packages/airflow/example_dags/example_params_ui_tutorial.py took 0.142 seconds
[2023-11-28T00:59:07.691+0000] {processor.py:157} INFO - Started process (PID=5504) to work on /usr/local/lib/python3.10/dist-packages/airflow/example_dags/example_params_ui_tutorial.py
[2023-11-28T00:59:07.692+0000] {processor.py:829} INFO - Processing file /usr/local/lib/python3.10/dist-packages/airflow/example_dags/example_params_ui_tutorial.py for tasks to queue
[2023-11-28T00:59:07.693+0000] {logging_mixin.py:154} INFO - [2023-11-28T00:59:07.692+0000] {dagbag.py:536} INFO - Filling up the DagBag from /usr/local/lib/python3.10/dist-packages/airflow/example_dags/example_params_ui_tutorial.py
[2023-11-28T00:59:07.733+0000] {processor.py:839} INFO - DAG(s) dict_keys(['example_params_ui_tutorial']) retrieved from /usr/local/lib/python3.10/dist-packages/airflow/example_dags/example_params_ui_tutorial.py
[2023-11-28T00:59:07.794+0000] {logging_mixin.py:154} INFO - [2023-11-28T00:59:07.794+0000] {dag.py:2941} INFO - Sync 1 DAGs
[2023-11-28T00:59:07.806+0000] {logging_mixin.py:154} INFO - [2023-11-28T00:59:07.805+0000] {dag.py:3722} INFO - Setting next_dagrun for example_params_ui_tutorial to None, run_after=None
[2023-11-28T00:59:07.828+0000] {processor.py:179} INFO - Processing /usr/local/lib/python3.10/dist-packages/airflow/example_dags/example_params_ui_tutorial.py took 0.141 seconds
[2023-11-28T00:59:52.037+0000] {processor.py:157} INFO - Started process (PID=5550) to work on /usr/local/lib/python3.10/dist-packages/airflow/example_dags/example_params_ui_tutorial.py
[2023-11-28T00:59:52.038+0000] {processor.py:829} INFO - Processing file /usr/local/lib/python3.10/dist-packages/airflow/example_dags/example_params_ui_tutorial.py for tasks to queue
[2023-11-28T00:59:52.039+0000] {logging_mixin.py:154} INFO - [2023-11-28T00:59:52.039+0000] {dagbag.py:536} INFO - Filling up the DagBag from /usr/local/lib/python3.10/dist-packages/airflow/example_dags/example_params_ui_tutorial.py
[2023-11-28T00:59:52.079+0000] {processor.py:839} INFO - DAG(s) dict_keys(['example_params_ui_tutorial']) retrieved from /usr/local/lib/python3.10/dist-packages/airflow/example_dags/example_params_ui_tutorial.py
[2023-11-28T00:59:52.140+0000] {logging_mixin.py:154} INFO - [2023-11-28T00:59:52.140+0000] {dag.py:2941} INFO - Sync 1 DAGs
[2023-11-28T00:59:52.152+0000] {logging_mixin.py:154} INFO - [2023-11-28T00:59:52.152+0000] {dag.py:3722} INFO - Setting next_dagrun for example_params_ui_tutorial to None, run_after=None
[2023-11-28T00:59:52.174+0000] {processor.py:179} INFO - Processing /usr/local/lib/python3.10/dist-packages/airflow/example_dags/example_params_ui_tutorial.py took 0.141 seconds
[2023-11-28T01:00:34.958+0000] {processor.py:157} INFO - Started process (PID=5594) to work on /usr/local/lib/python3.10/dist-packages/airflow/example_dags/example_params_ui_tutorial.py
[2023-11-28T01:00:34.960+0000] {processor.py:829} INFO - Processing file /usr/local/lib/python3.10/dist-packages/airflow/example_dags/example_params_ui_tutorial.py for tasks to queue
[2023-11-28T01:00:34.961+0000] {logging_mixin.py:154} INFO - [2023-11-28T01:00:34.960+0000] {dagbag.py:536} INFO - Filling up the DagBag from /usr/local/lib/python3.10/dist-packages/airflow/example_dags/example_params_ui_tutorial.py
[2023-11-28T01:00:35.003+0000] {processor.py:839} INFO - DAG(s) dict_keys(['example_params_ui_tutorial']) retrieved from /usr/local/lib/python3.10/dist-packages/airflow/example_dags/example_params_ui_tutorial.py
[2023-11-28T01:00:35.067+0000] {logging_mixin.py:154} INFO - [2023-11-28T01:00:35.067+0000] {dag.py:2941} INFO - Sync 1 DAGs
[2023-11-28T01:00:35.080+0000] {logging_mixin.py:154} INFO - [2023-11-28T01:00:35.079+0000] {dag.py:3722} INFO - Setting next_dagrun for example_params_ui_tutorial to None, run_after=None
[2023-11-28T01:00:35.104+0000] {processor.py:179} INFO - Processing /usr/local/lib/python3.10/dist-packages/airflow/example_dags/example_params_ui_tutorial.py took 0.149 seconds
[2023-11-28T01:01:20.726+0000] {processor.py:157} INFO - Started process (PID=5642) to work on /usr/local/lib/python3.10/dist-packages/airflow/example_dags/example_params_ui_tutorial.py
[2023-11-28T01:01:20.727+0000] {processor.py:829} INFO - Processing file /usr/local/lib/python3.10/dist-packages/airflow/example_dags/example_params_ui_tutorial.py for tasks to queue
[2023-11-28T01:01:20.728+0000] {logging_mixin.py:154} INFO - [2023-11-28T01:01:20.728+0000] {dagbag.py:536} INFO - Filling up the DagBag from /usr/local/lib/python3.10/dist-packages/airflow/example_dags/example_params_ui_tutorial.py
[2023-11-28T01:01:20.770+0000] {processor.py:839} INFO - DAG(s) dict_keys(['example_params_ui_tutorial']) retrieved from /usr/local/lib/python3.10/dist-packages/airflow/example_dags/example_params_ui_tutorial.py
[2023-11-28T01:01:20.833+0000] {logging_mixin.py:154} INFO - [2023-11-28T01:01:20.833+0000] {dag.py:2941} INFO - Sync 1 DAGs
[2023-11-28T01:01:20.846+0000] {logging_mixin.py:154} INFO - [2023-11-28T01:01:20.846+0000] {dag.py:3722} INFO - Setting next_dagrun for example_params_ui_tutorial to None, run_after=None
[2023-11-28T01:01:20.870+0000] {processor.py:179} INFO - Processing /usr/local/lib/python3.10/dist-packages/airflow/example_dags/example_params_ui_tutorial.py took 0.148 seconds
[2023-11-28T01:02:04.944+0000] {processor.py:157} INFO - Started process (PID=5688) to work on /usr/local/lib/python3.10/dist-packages/airflow/example_dags/example_params_ui_tutorial.py
[2023-11-28T01:02:04.947+0000] {processor.py:829} INFO - Processing file /usr/local/lib/python3.10/dist-packages/airflow/example_dags/example_params_ui_tutorial.py for tasks to queue
[2023-11-28T01:02:04.948+0000] {logging_mixin.py:154} INFO - [2023-11-28T01:02:04.947+0000] {dagbag.py:536} INFO - Filling up the DagBag from /usr/local/lib/python3.10/dist-packages/airflow/example_dags/example_params_ui_tutorial.py
[2023-11-28T01:02:04.990+0000] {processor.py:839} INFO - DAG(s) dict_keys(['example_params_ui_tutorial']) retrieved from /usr/local/lib/python3.10/dist-packages/airflow/example_dags/example_params_ui_tutorial.py
[2023-11-28T01:02:05.054+0000] {logging_mixin.py:154} INFO - [2023-11-28T01:02:05.054+0000] {dag.py:2941} INFO - Sync 1 DAGs
[2023-11-28T01:02:05.067+0000] {logging_mixin.py:154} INFO - [2023-11-28T01:02:05.066+0000] {dag.py:3722} INFO - Setting next_dagrun for example_params_ui_tutorial to None, run_after=None
[2023-11-28T01:02:05.092+0000] {processor.py:179} INFO - Processing /usr/local/lib/python3.10/dist-packages/airflow/example_dags/example_params_ui_tutorial.py took 0.152 seconds
[2023-11-28T01:02:48.327+0000] {processor.py:157} INFO - Started process (PID=5734) to work on /usr/local/lib/python3.10/dist-packages/airflow/example_dags/example_params_ui_tutorial.py
[2023-11-28T01:02:48.329+0000] {processor.py:829} INFO - Processing file /usr/local/lib/python3.10/dist-packages/airflow/example_dags/example_params_ui_tutorial.py for tasks to queue
[2023-11-28T01:02:48.329+0000] {logging_mixin.py:154} INFO - [2023-11-28T01:02:48.329+0000] {dagbag.py:536} INFO - Filling up the DagBag from /usr/local/lib/python3.10/dist-packages/airflow/example_dags/example_params_ui_tutorial.py
[2023-11-28T01:02:48.370+0000] {processor.py:839} INFO - DAG(s) dict_keys(['example_params_ui_tutorial']) retrieved from /usr/local/lib/python3.10/dist-packages/airflow/example_dags/example_params_ui_tutorial.py
[2023-11-28T01:02:48.430+0000] {logging_mixin.py:154} INFO - [2023-11-28T01:02:48.430+0000] {dag.py:2941} INFO - Sync 1 DAGs
[2023-11-28T01:02:48.442+0000] {logging_mixin.py:154} INFO - [2023-11-28T01:02:48.442+0000] {dag.py:3722} INFO - Setting next_dagrun for example_params_ui_tutorial to None, run_after=None
[2023-11-28T01:02:48.467+0000] {processor.py:179} INFO - Processing /usr/local/lib/python3.10/dist-packages/airflow/example_dags/example_params_ui_tutorial.py took 0.143 seconds
[2023-11-28T01:03:33.920+0000] {processor.py:157} INFO - Started process (PID=5781) to work on /usr/local/lib/python3.10/dist-packages/airflow/example_dags/example_params_ui_tutorial.py
[2023-11-28T01:03:33.921+0000] {processor.py:829} INFO - Processing file /usr/local/lib/python3.10/dist-packages/airflow/example_dags/example_params_ui_tutorial.py for tasks to queue
[2023-11-28T01:03:33.922+0000] {logging_mixin.py:154} INFO - [2023-11-28T01:03:33.922+0000] {dagbag.py:536} INFO - Filling up the DagBag from /usr/local/lib/python3.10/dist-packages/airflow/example_dags/example_params_ui_tutorial.py
[2023-11-28T01:03:33.962+0000] {processor.py:839} INFO - DAG(s) dict_keys(['example_params_ui_tutorial']) retrieved from /usr/local/lib/python3.10/dist-packages/airflow/example_dags/example_params_ui_tutorial.py
[2023-11-28T01:03:34.023+0000] {logging_mixin.py:154} INFO - [2023-11-28T01:03:34.023+0000] {dag.py:2941} INFO - Sync 1 DAGs
[2023-11-28T01:03:34.035+0000] {logging_mixin.py:154} INFO - [2023-11-28T01:03:34.035+0000] {dag.py:3722} INFO - Setting next_dagrun for example_params_ui_tutorial to None, run_after=None
[2023-11-28T01:03:34.058+0000] {processor.py:179} INFO - Processing /usr/local/lib/python3.10/dist-packages/airflow/example_dags/example_params_ui_tutorial.py took 0.142 seconds
[2023-11-28T01:04:19.392+0000] {processor.py:157} INFO - Started process (PID=5942) to work on /usr/local/lib/python3.10/dist-packages/airflow/example_dags/example_params_ui_tutorial.py
[2023-11-28T01:04:19.394+0000] {processor.py:829} INFO - Processing file /usr/local/lib/python3.10/dist-packages/airflow/example_dags/example_params_ui_tutorial.py for tasks to queue
[2023-11-28T01:04:19.395+0000] {logging_mixin.py:154} INFO - [2023-11-28T01:04:19.394+0000] {dagbag.py:536} INFO - Filling up the DagBag from /usr/local/lib/python3.10/dist-packages/airflow/example_dags/example_params_ui_tutorial.py
[2023-11-28T01:04:19.435+0000] {processor.py:839} INFO - DAG(s) dict_keys(['example_params_ui_tutorial']) retrieved from /usr/local/lib/python3.10/dist-packages/airflow/example_dags/example_params_ui_tutorial.py
[2023-11-28T01:04:19.497+0000] {logging_mixin.py:154} INFO - [2023-11-28T01:04:19.497+0000] {dag.py:2941} INFO - Sync 1 DAGs
[2023-11-28T01:04:19.509+0000] {logging_mixin.py:154} INFO - [2023-11-28T01:04:19.509+0000] {dag.py:3722} INFO - Setting next_dagrun for example_params_ui_tutorial to None, run_after=None
[2023-11-28T01:04:19.531+0000] {processor.py:179} INFO - Processing /usr/local/lib/python3.10/dist-packages/airflow/example_dags/example_params_ui_tutorial.py took 0.143 seconds
[2023-11-28T01:05:03.939+0000] {processor.py:157} INFO - Started process (PID=5989) to work on /usr/local/lib/python3.10/dist-packages/airflow/example_dags/example_params_ui_tutorial.py
[2023-11-28T01:05:03.941+0000] {processor.py:829} INFO - Processing file /usr/local/lib/python3.10/dist-packages/airflow/example_dags/example_params_ui_tutorial.py for tasks to queue
[2023-11-28T01:05:03.941+0000] {logging_mixin.py:154} INFO - [2023-11-28T01:05:03.941+0000] {dagbag.py:536} INFO - Filling up the DagBag from /usr/local/lib/python3.10/dist-packages/airflow/example_dags/example_params_ui_tutorial.py
[2023-11-28T01:05:03.983+0000] {processor.py:839} INFO - DAG(s) dict_keys(['example_params_ui_tutorial']) retrieved from /usr/local/lib/python3.10/dist-packages/airflow/example_dags/example_params_ui_tutorial.py
[2023-11-28T01:05:04.046+0000] {logging_mixin.py:154} INFO - [2023-11-28T01:05:04.046+0000] {dag.py:2941} INFO - Sync 1 DAGs
[2023-11-28T01:05:04.058+0000] {logging_mixin.py:154} INFO - [2023-11-28T01:05:04.058+0000] {dag.py:3722} INFO - Setting next_dagrun for example_params_ui_tutorial to None, run_after=None
[2023-11-28T01:05:04.082+0000] {processor.py:179} INFO - Processing /usr/local/lib/python3.10/dist-packages/airflow/example_dags/example_params_ui_tutorial.py took 0.146 seconds
[2023-11-28T01:05:50.422+0000] {processor.py:157} INFO - Started process (PID=6037) to work on /usr/local/lib/python3.10/dist-packages/airflow/example_dags/example_params_ui_tutorial.py
[2023-11-28T01:05:50.423+0000] {processor.py:829} INFO - Processing file /usr/local/lib/python3.10/dist-packages/airflow/example_dags/example_params_ui_tutorial.py for tasks to queue
[2023-11-28T01:05:50.424+0000] {logging_mixin.py:154} INFO - [2023-11-28T01:05:50.424+0000] {dagbag.py:536} INFO - Filling up the DagBag from /usr/local/lib/python3.10/dist-packages/airflow/example_dags/example_params_ui_tutorial.py
[2023-11-28T01:05:50.467+0000] {processor.py:839} INFO - DAG(s) dict_keys(['example_params_ui_tutorial']) retrieved from /usr/local/lib/python3.10/dist-packages/airflow/example_dags/example_params_ui_tutorial.py
[2023-11-28T01:05:50.531+0000] {logging_mixin.py:154} INFO - [2023-11-28T01:05:50.531+0000] {dag.py:2941} INFO - Sync 1 DAGs
[2023-11-28T01:05:50.543+0000] {logging_mixin.py:154} INFO - [2023-11-28T01:05:50.543+0000] {dag.py:3722} INFO - Setting next_dagrun for example_params_ui_tutorial to None, run_after=None
[2023-11-28T01:05:50.570+0000] {processor.py:179} INFO - Processing /usr/local/lib/python3.10/dist-packages/airflow/example_dags/example_params_ui_tutorial.py took 0.152 seconds
[2023-11-28T01:06:36.776+0000] {processor.py:157} INFO - Started process (PID=6085) to work on /usr/local/lib/python3.10/dist-packages/airflow/example_dags/example_params_ui_tutorial.py
[2023-11-28T01:06:36.778+0000] {processor.py:829} INFO - Processing file /usr/local/lib/python3.10/dist-packages/airflow/example_dags/example_params_ui_tutorial.py for tasks to queue
[2023-11-28T01:06:36.779+0000] {logging_mixin.py:154} INFO - [2023-11-28T01:06:36.779+0000] {dagbag.py:536} INFO - Filling up the DagBag from /usr/local/lib/python3.10/dist-packages/airflow/example_dags/example_params_ui_tutorial.py
[2023-11-28T01:06:36.820+0000] {processor.py:839} INFO - DAG(s) dict_keys(['example_params_ui_tutorial']) retrieved from /usr/local/lib/python3.10/dist-packages/airflow/example_dags/example_params_ui_tutorial.py
[2023-11-28T01:06:36.880+0000] {logging_mixin.py:154} INFO - [2023-11-28T01:06:36.880+0000] {dag.py:2941} INFO - Sync 1 DAGs
[2023-11-28T01:06:36.892+0000] {logging_mixin.py:154} INFO - [2023-11-28T01:06:36.892+0000] {dag.py:3722} INFO - Setting next_dagrun for example_params_ui_tutorial to None, run_after=None
[2023-11-28T01:06:36.914+0000] {processor.py:179} INFO - Processing /usr/local/lib/python3.10/dist-packages/airflow/example_dags/example_params_ui_tutorial.py took 0.141 seconds
[2023-11-28T01:07:25.881+0000] {processor.py:157} INFO - Started process (PID=6133) to work on /usr/local/lib/python3.10/dist-packages/airflow/example_dags/example_params_ui_tutorial.py
[2023-11-28T01:07:25.882+0000] {processor.py:829} INFO - Processing file /usr/local/lib/python3.10/dist-packages/airflow/example_dags/example_params_ui_tutorial.py for tasks to queue
[2023-11-28T01:07:25.883+0000] {logging_mixin.py:154} INFO - [2023-11-28T01:07:25.883+0000] {dagbag.py:536} INFO - Filling up the DagBag from /usr/local/lib/python3.10/dist-packages/airflow/example_dags/example_params_ui_tutorial.py
[2023-11-28T01:07:25.924+0000] {processor.py:839} INFO - DAG(s) dict_keys(['example_params_ui_tutorial']) retrieved from /usr/local/lib/python3.10/dist-packages/airflow/example_dags/example_params_ui_tutorial.py
[2023-11-28T01:07:25.985+0000] {logging_mixin.py:154} INFO - [2023-11-28T01:07:25.985+0000] {dag.py:2941} INFO - Sync 1 DAGs
[2023-11-28T01:07:25.997+0000] {logging_mixin.py:154} INFO - [2023-11-28T01:07:25.997+0000] {dag.py:3722} INFO - Setting next_dagrun for example_params_ui_tutorial to None, run_after=None
[2023-11-28T01:07:26.020+0000] {processor.py:179} INFO - Processing /usr/local/lib/python3.10/dist-packages/airflow/example_dags/example_params_ui_tutorial.py took 0.143 seconds
[2023-11-28T01:08:14.022+0000] {processor.py:157} INFO - Started process (PID=6183) to work on /usr/local/lib/python3.10/dist-packages/airflow/example_dags/example_params_ui_tutorial.py
[2023-11-28T01:08:14.024+0000] {processor.py:829} INFO - Processing file /usr/local/lib/python3.10/dist-packages/airflow/example_dags/example_params_ui_tutorial.py for tasks to queue
[2023-11-28T01:08:14.025+0000] {logging_mixin.py:154} INFO - [2023-11-28T01:08:14.025+0000] {dagbag.py:536} INFO - Filling up the DagBag from /usr/local/lib/python3.10/dist-packages/airflow/example_dags/example_params_ui_tutorial.py
[2023-11-28T01:08:14.067+0000] {processor.py:839} INFO - DAG(s) dict_keys(['example_params_ui_tutorial']) retrieved from /usr/local/lib/python3.10/dist-packages/airflow/example_dags/example_params_ui_tutorial.py
[2023-11-28T01:08:14.130+0000] {logging_mixin.py:154} INFO - [2023-11-28T01:08:14.130+0000] {dag.py:2941} INFO - Sync 1 DAGs
[2023-11-28T01:08:14.143+0000] {logging_mixin.py:154} INFO - [2023-11-28T01:08:14.143+0000] {dag.py:3722} INFO - Setting next_dagrun for example_params_ui_tutorial to None, run_after=None
[2023-11-28T01:08:14.166+0000] {processor.py:179} INFO - Processing /usr/local/lib/python3.10/dist-packages/airflow/example_dags/example_params_ui_tutorial.py took 0.147 seconds
[2023-11-28T01:08:58.118+0000] {processor.py:157} INFO - Started process (PID=6230) to work on /usr/local/lib/python3.10/dist-packages/airflow/example_dags/example_params_ui_tutorial.py
[2023-11-28T01:08:58.120+0000] {processor.py:829} INFO - Processing file /usr/local/lib/python3.10/dist-packages/airflow/example_dags/example_params_ui_tutorial.py for tasks to queue
[2023-11-28T01:08:58.121+0000] {logging_mixin.py:154} INFO - [2023-11-28T01:08:58.120+0000] {dagbag.py:536} INFO - Filling up the DagBag from /usr/local/lib/python3.10/dist-packages/airflow/example_dags/example_params_ui_tutorial.py
[2023-11-28T01:08:58.161+0000] {processor.py:839} INFO - DAG(s) dict_keys(['example_params_ui_tutorial']) retrieved from /usr/local/lib/python3.10/dist-packages/airflow/example_dags/example_params_ui_tutorial.py
[2023-11-28T01:08:58.222+0000] {logging_mixin.py:154} INFO - [2023-11-28T01:08:58.221+0000] {dag.py:2941} INFO - Sync 1 DAGs
[2023-11-28T01:08:58.233+0000] {logging_mixin.py:154} INFO - [2023-11-28T01:08:58.233+0000] {dag.py:3722} INFO - Setting next_dagrun for example_params_ui_tutorial to None, run_after=None
[2023-11-28T01:08:58.256+0000] {processor.py:179} INFO - Processing /usr/local/lib/python3.10/dist-packages/airflow/example_dags/example_params_ui_tutorial.py took 0.141 seconds
[2023-11-28T01:09:39.941+0000] {processor.py:157} INFO - Started process (PID=6275) to work on /usr/local/lib/python3.10/dist-packages/airflow/example_dags/example_params_ui_tutorial.py
[2023-11-28T01:09:39.942+0000] {processor.py:829} INFO - Processing file /usr/local/lib/python3.10/dist-packages/airflow/example_dags/example_params_ui_tutorial.py for tasks to queue
[2023-11-28T01:09:39.943+0000] {logging_mixin.py:154} INFO - [2023-11-28T01:09:39.943+0000] {dagbag.py:536} INFO - Filling up the DagBag from /usr/local/lib/python3.10/dist-packages/airflow/example_dags/example_params_ui_tutorial.py
[2023-11-28T01:09:39.984+0000] {processor.py:839} INFO - DAG(s) dict_keys(['example_params_ui_tutorial']) retrieved from /usr/local/lib/python3.10/dist-packages/airflow/example_dags/example_params_ui_tutorial.py
[2023-11-28T01:09:40.046+0000] {logging_mixin.py:154} INFO - [2023-11-28T01:09:40.046+0000] {dag.py:2941} INFO - Sync 1 DAGs
[2023-11-28T01:09:40.058+0000] {logging_mixin.py:154} INFO - [2023-11-28T01:09:40.058+0000] {dag.py:3722} INFO - Setting next_dagrun for example_params_ui_tutorial to None, run_after=None
[2023-11-28T01:09:40.082+0000] {processor.py:179} INFO - Processing /usr/local/lib/python3.10/dist-packages/airflow/example_dags/example_params_ui_tutorial.py took 0.145 seconds
[2023-11-28T01:10:26.928+0000] {processor.py:157} INFO - Started process (PID=6323) to work on /usr/local/lib/python3.10/dist-packages/airflow/example_dags/example_params_ui_tutorial.py
[2023-11-28T01:10:26.929+0000] {processor.py:829} INFO - Processing file /usr/local/lib/python3.10/dist-packages/airflow/example_dags/example_params_ui_tutorial.py for tasks to queue
[2023-11-28T01:10:26.930+0000] {logging_mixin.py:154} INFO - [2023-11-28T01:10:26.930+0000] {dagbag.py:536} INFO - Filling up the DagBag from /usr/local/lib/python3.10/dist-packages/airflow/example_dags/example_params_ui_tutorial.py
[2023-11-28T01:10:26.972+0000] {processor.py:839} INFO - DAG(s) dict_keys(['example_params_ui_tutorial']) retrieved from /usr/local/lib/python3.10/dist-packages/airflow/example_dags/example_params_ui_tutorial.py
[2023-11-28T01:10:27.032+0000] {logging_mixin.py:154} INFO - [2023-11-28T01:10:27.032+0000] {dag.py:2941} INFO - Sync 1 DAGs
[2023-11-28T01:10:27.044+0000] {logging_mixin.py:154} INFO - [2023-11-28T01:10:27.044+0000] {dag.py:3722} INFO - Setting next_dagrun for example_params_ui_tutorial to None, run_after=None
[2023-11-28T01:10:27.067+0000] {processor.py:179} INFO - Processing /usr/local/lib/python3.10/dist-packages/airflow/example_dags/example_params_ui_tutorial.py took 0.142 seconds
[2023-11-28T01:11:15.077+0000] {processor.py:157} INFO - Started process (PID=6372) to work on /usr/local/lib/python3.10/dist-packages/airflow/example_dags/example_params_ui_tutorial.py
[2023-11-28T01:11:15.078+0000] {processor.py:829} INFO - Processing file /usr/local/lib/python3.10/dist-packages/airflow/example_dags/example_params_ui_tutorial.py for tasks to queue
[2023-11-28T01:11:15.079+0000] {logging_mixin.py:154} INFO - [2023-11-28T01:11:15.079+0000] {dagbag.py:536} INFO - Filling up the DagBag from /usr/local/lib/python3.10/dist-packages/airflow/example_dags/example_params_ui_tutorial.py
[2023-11-28T01:11:15.121+0000] {processor.py:839} INFO - DAG(s) dict_keys(['example_params_ui_tutorial']) retrieved from /usr/local/lib/python3.10/dist-packages/airflow/example_dags/example_params_ui_tutorial.py
[2023-11-28T01:11:15.182+0000] {logging_mixin.py:154} INFO - [2023-11-28T01:11:15.182+0000] {dag.py:2941} INFO - Sync 1 DAGs
[2023-11-28T01:11:15.194+0000] {logging_mixin.py:154} INFO - [2023-11-28T01:11:15.194+0000] {dag.py:3722} INFO - Setting next_dagrun for example_params_ui_tutorial to None, run_after=None
[2023-11-28T01:11:15.219+0000] {processor.py:179} INFO - Processing /usr/local/lib/python3.10/dist-packages/airflow/example_dags/example_params_ui_tutorial.py took 0.146 seconds
[2023-11-28T01:11:59.444+0000] {processor.py:157} INFO - Started process (PID=6418) to work on /usr/local/lib/python3.10/dist-packages/airflow/example_dags/example_params_ui_tutorial.py
[2023-11-28T01:11:59.445+0000] {processor.py:829} INFO - Processing file /usr/local/lib/python3.10/dist-packages/airflow/example_dags/example_params_ui_tutorial.py for tasks to queue
[2023-11-28T01:11:59.446+0000] {logging_mixin.py:154} INFO - [2023-11-28T01:11:59.446+0000] {dagbag.py:536} INFO - Filling up the DagBag from /usr/local/lib/python3.10/dist-packages/airflow/example_dags/example_params_ui_tutorial.py
[2023-11-28T01:11:59.486+0000] {processor.py:839} INFO - DAG(s) dict_keys(['example_params_ui_tutorial']) retrieved from /usr/local/lib/python3.10/dist-packages/airflow/example_dags/example_params_ui_tutorial.py
[2023-11-28T01:11:59.547+0000] {logging_mixin.py:154} INFO - [2023-11-28T01:11:59.546+0000] {dag.py:2941} INFO - Sync 1 DAGs
[2023-11-28T01:11:59.558+0000] {logging_mixin.py:154} INFO - [2023-11-28T01:11:59.558+0000] {dag.py:3722} INFO - Setting next_dagrun for example_params_ui_tutorial to None, run_after=None
[2023-11-28T01:11:59.580+0000] {processor.py:179} INFO - Processing /usr/local/lib/python3.10/dist-packages/airflow/example_dags/example_params_ui_tutorial.py took 0.140 seconds
[2023-11-28T01:12:42.719+0000] {processor.py:157} INFO - Started process (PID=6465) to work on /usr/local/lib/python3.10/dist-packages/airflow/example_dags/example_params_ui_tutorial.py
[2023-11-28T01:12:42.720+0000] {processor.py:829} INFO - Processing file /usr/local/lib/python3.10/dist-packages/airflow/example_dags/example_params_ui_tutorial.py for tasks to queue
[2023-11-28T01:12:42.721+0000] {logging_mixin.py:154} INFO - [2023-11-28T01:12:42.721+0000] {dagbag.py:536} INFO - Filling up the DagBag from /usr/local/lib/python3.10/dist-packages/airflow/example_dags/example_params_ui_tutorial.py
[2023-11-28T01:12:42.761+0000] {processor.py:839} INFO - DAG(s) dict_keys(['example_params_ui_tutorial']) retrieved from /usr/local/lib/python3.10/dist-packages/airflow/example_dags/example_params_ui_tutorial.py
[2023-11-28T01:12:42.822+0000] {logging_mixin.py:154} INFO - [2023-11-28T01:12:42.822+0000] {dag.py:2941} INFO - Sync 1 DAGs
[2023-11-28T01:12:42.834+0000] {logging_mixin.py:154} INFO - [2023-11-28T01:12:42.834+0000] {dag.py:3722} INFO - Setting next_dagrun for example_params_ui_tutorial to None, run_after=None
[2023-11-28T01:12:42.856+0000] {processor.py:179} INFO - Processing /usr/local/lib/python3.10/dist-packages/airflow/example_dags/example_params_ui_tutorial.py took 0.141 seconds
[2023-11-28T01:13:26.307+0000] {processor.py:157} INFO - Started process (PID=6508) to work on /usr/local/lib/python3.10/dist-packages/airflow/example_dags/example_params_ui_tutorial.py
[2023-11-28T01:13:26.309+0000] {processor.py:829} INFO - Processing file /usr/local/lib/python3.10/dist-packages/airflow/example_dags/example_params_ui_tutorial.py for tasks to queue
[2023-11-28T01:13:26.310+0000] {logging_mixin.py:154} INFO - [2023-11-28T01:13:26.309+0000] {dagbag.py:536} INFO - Filling up the DagBag from /usr/local/lib/python3.10/dist-packages/airflow/example_dags/example_params_ui_tutorial.py
[2023-11-28T01:13:26.353+0000] {processor.py:839} INFO - DAG(s) dict_keys(['example_params_ui_tutorial']) retrieved from /usr/local/lib/python3.10/dist-packages/airflow/example_dags/example_params_ui_tutorial.py
[2023-11-28T01:13:26.417+0000] {logging_mixin.py:154} INFO - [2023-11-28T01:13:26.416+0000] {dag.py:2941} INFO - Sync 1 DAGs
[2023-11-28T01:13:26.429+0000] {logging_mixin.py:154} INFO - [2023-11-28T01:13:26.429+0000] {dag.py:3722} INFO - Setting next_dagrun for example_params_ui_tutorial to None, run_after=None
[2023-11-28T01:13:26.452+0000] {processor.py:179} INFO - Processing /usr/local/lib/python3.10/dist-packages/airflow/example_dags/example_params_ui_tutorial.py took 0.148 seconds
[2023-11-28T01:14:10.303+0000] {processor.py:157} INFO - Started process (PID=6554) to work on /usr/local/lib/python3.10/dist-packages/airflow/example_dags/example_params_ui_tutorial.py
[2023-11-28T01:14:10.305+0000] {processor.py:829} INFO - Processing file /usr/local/lib/python3.10/dist-packages/airflow/example_dags/example_params_ui_tutorial.py for tasks to queue
[2023-11-28T01:14:10.306+0000] {logging_mixin.py:154} INFO - [2023-11-28T01:14:10.305+0000] {dagbag.py:536} INFO - Filling up the DagBag from /usr/local/lib/python3.10/dist-packages/airflow/example_dags/example_params_ui_tutorial.py
[2023-11-28T01:14:10.347+0000] {processor.py:839} INFO - DAG(s) dict_keys(['example_params_ui_tutorial']) retrieved from /usr/local/lib/python3.10/dist-packages/airflow/example_dags/example_params_ui_tutorial.py
[2023-11-28T01:14:10.407+0000] {logging_mixin.py:154} INFO - [2023-11-28T01:14:10.407+0000] {dag.py:2941} INFO - Sync 1 DAGs
[2023-11-28T01:14:10.420+0000] {logging_mixin.py:154} INFO - [2023-11-28T01:14:10.420+0000] {dag.py:3722} INFO - Setting next_dagrun for example_params_ui_tutorial to None, run_after=None
[2023-11-28T01:14:10.442+0000] {processor.py:179} INFO - Processing /usr/local/lib/python3.10/dist-packages/airflow/example_dags/example_params_ui_tutorial.py took 0.142 seconds
[2023-11-28T01:15:15.753+0000] {processor.py:157} INFO - Started process (PID=6629) to work on /usr/local/lib/python3.10/dist-packages/airflow/example_dags/example_params_ui_tutorial.py
[2023-11-28T01:15:15.755+0000] {processor.py:829} INFO - Processing file /usr/local/lib/python3.10/dist-packages/airflow/example_dags/example_params_ui_tutorial.py for tasks to queue
[2023-11-28T01:15:15.756+0000] {logging_mixin.py:154} INFO - [2023-11-28T01:15:15.756+0000] {dagbag.py:536} INFO - Filling up the DagBag from /usr/local/lib/python3.10/dist-packages/airflow/example_dags/example_params_ui_tutorial.py
[2023-11-28T01:15:15.798+0000] {processor.py:839} INFO - DAG(s) dict_keys(['example_params_ui_tutorial']) retrieved from /usr/local/lib/python3.10/dist-packages/airflow/example_dags/example_params_ui_tutorial.py
[2023-11-28T01:15:15.806+0000] {logging_mixin.py:154} INFO - [2023-11-28T01:15:15.806+0000] {dag.py:2941} INFO - Sync 1 DAGs
[2023-11-28T01:15:15.821+0000] {logging_mixin.py:154} INFO - [2023-11-28T01:15:15.821+0000] {dag.py:3722} INFO - Setting next_dagrun for example_params_ui_tutorial to None, run_after=None
[2023-11-28T01:15:15.845+0000] {processor.py:179} INFO - Processing /usr/local/lib/python3.10/dist-packages/airflow/example_dags/example_params_ui_tutorial.py took 0.095 seconds
[2023-11-28T01:15:58.680+0000] {processor.py:157} INFO - Started process (PID=6676) to work on /usr/local/lib/python3.10/dist-packages/airflow/example_dags/example_params_ui_tutorial.py
[2023-11-28T01:15:58.681+0000] {processor.py:829} INFO - Processing file /usr/local/lib/python3.10/dist-packages/airflow/example_dags/example_params_ui_tutorial.py for tasks to queue
[2023-11-28T01:15:58.682+0000] {logging_mixin.py:154} INFO - [2023-11-28T01:15:58.682+0000] {dagbag.py:536} INFO - Filling up the DagBag from /usr/local/lib/python3.10/dist-packages/airflow/example_dags/example_params_ui_tutorial.py
[2023-11-28T01:15:58.723+0000] {processor.py:839} INFO - DAG(s) dict_keys(['example_params_ui_tutorial']) retrieved from /usr/local/lib/python3.10/dist-packages/airflow/example_dags/example_params_ui_tutorial.py
[2023-11-28T01:15:58.783+0000] {logging_mixin.py:154} INFO - [2023-11-28T01:15:58.783+0000] {dag.py:2941} INFO - Sync 1 DAGs
[2023-11-28T01:15:58.795+0000] {logging_mixin.py:154} INFO - [2023-11-28T01:15:58.795+0000] {dag.py:3722} INFO - Setting next_dagrun for example_params_ui_tutorial to None, run_after=None
[2023-11-28T01:15:58.817+0000] {processor.py:179} INFO - Processing /usr/local/lib/python3.10/dist-packages/airflow/example_dags/example_params_ui_tutorial.py took 0.141 seconds
[2023-11-28T01:16:45.221+0000] {processor.py:157} INFO - Started process (PID=6722) to work on /usr/local/lib/python3.10/dist-packages/airflow/example_dags/example_params_ui_tutorial.py
[2023-11-28T01:16:45.222+0000] {processor.py:829} INFO - Processing file /usr/local/lib/python3.10/dist-packages/airflow/example_dags/example_params_ui_tutorial.py for tasks to queue
[2023-11-28T01:16:45.223+0000] {logging_mixin.py:154} INFO - [2023-11-28T01:16:45.223+0000] {dagbag.py:536} INFO - Filling up the DagBag from /usr/local/lib/python3.10/dist-packages/airflow/example_dags/example_params_ui_tutorial.py
[2023-11-28T01:16:45.266+0000] {processor.py:839} INFO - DAG(s) dict_keys(['example_params_ui_tutorial']) retrieved from /usr/local/lib/python3.10/dist-packages/airflow/example_dags/example_params_ui_tutorial.py
[2023-11-28T01:16:45.330+0000] {logging_mixin.py:154} INFO - [2023-11-28T01:16:45.329+0000] {dag.py:2941} INFO - Sync 1 DAGs
[2023-11-28T01:16:45.342+0000] {logging_mixin.py:154} INFO - [2023-11-28T01:16:45.342+0000] {dag.py:3722} INFO - Setting next_dagrun for example_params_ui_tutorial to None, run_after=None
[2023-11-28T01:16:45.364+0000] {processor.py:179} INFO - Processing /usr/local/lib/python3.10/dist-packages/airflow/example_dags/example_params_ui_tutorial.py took 0.147 seconds
[2023-11-28T01:17:32.819+0000] {processor.py:157} INFO - Started process (PID=6778) to work on /usr/local/lib/python3.10/dist-packages/airflow/example_dags/example_params_ui_tutorial.py
[2023-11-28T01:17:32.821+0000] {processor.py:829} INFO - Processing file /usr/local/lib/python3.10/dist-packages/airflow/example_dags/example_params_ui_tutorial.py for tasks to queue
[2023-11-28T01:17:32.822+0000] {logging_mixin.py:154} INFO - [2023-11-28T01:17:32.822+0000] {dagbag.py:536} INFO - Filling up the DagBag from /usr/local/lib/python3.10/dist-packages/airflow/example_dags/example_params_ui_tutorial.py
[2023-11-28T01:17:32.862+0000] {processor.py:839} INFO - DAG(s) dict_keys(['example_params_ui_tutorial']) retrieved from /usr/local/lib/python3.10/dist-packages/airflow/example_dags/example_params_ui_tutorial.py
[2023-11-28T01:17:32.923+0000] {logging_mixin.py:154} INFO - [2023-11-28T01:17:32.923+0000] {dag.py:2941} INFO - Sync 1 DAGs
[2023-11-28T01:17:32.935+0000] {logging_mixin.py:154} INFO - [2023-11-28T01:17:32.935+0000] {dag.py:3722} INFO - Setting next_dagrun for example_params_ui_tutorial to None, run_after=None
[2023-11-28T01:17:32.958+0000] {processor.py:179} INFO - Processing /usr/local/lib/python3.10/dist-packages/airflow/example_dags/example_params_ui_tutorial.py took 0.142 seconds
[2023-11-28T01:18:16.342+0000] {processor.py:157} INFO - Started process (PID=6824) to work on /usr/local/lib/python3.10/dist-packages/airflow/example_dags/example_params_ui_tutorial.py
[2023-11-28T01:18:16.343+0000] {processor.py:829} INFO - Processing file /usr/local/lib/python3.10/dist-packages/airflow/example_dags/example_params_ui_tutorial.py for tasks to queue
[2023-11-28T01:18:16.344+0000] {logging_mixin.py:154} INFO - [2023-11-28T01:18:16.344+0000] {dagbag.py:536} INFO - Filling up the DagBag from /usr/local/lib/python3.10/dist-packages/airflow/example_dags/example_params_ui_tutorial.py
[2023-11-28T01:18:16.387+0000] {processor.py:839} INFO - DAG(s) dict_keys(['example_params_ui_tutorial']) retrieved from /usr/local/lib/python3.10/dist-packages/airflow/example_dags/example_params_ui_tutorial.py
[2023-11-28T01:18:16.449+0000] {logging_mixin.py:154} INFO - [2023-11-28T01:18:16.449+0000] {dag.py:2941} INFO - Sync 1 DAGs
[2023-11-28T01:18:16.461+0000] {logging_mixin.py:154} INFO - [2023-11-28T01:18:16.461+0000] {dag.py:3722} INFO - Setting next_dagrun for example_params_ui_tutorial to None, run_after=None
[2023-11-28T01:18:16.485+0000] {processor.py:179} INFO - Processing /usr/local/lib/python3.10/dist-packages/airflow/example_dags/example_params_ui_tutorial.py took 0.146 seconds
[2023-11-28T01:19:02.881+0000] {processor.py:157} INFO - Started process (PID=6872) to work on /usr/local/lib/python3.10/dist-packages/airflow/example_dags/example_params_ui_tutorial.py
[2023-11-28T01:19:02.883+0000] {processor.py:829} INFO - Processing file /usr/local/lib/python3.10/dist-packages/airflow/example_dags/example_params_ui_tutorial.py for tasks to queue
[2023-11-28T01:19:02.884+0000] {logging_mixin.py:154} INFO - [2023-11-28T01:19:02.883+0000] {dagbag.py:536} INFO - Filling up the DagBag from /usr/local/lib/python3.10/dist-packages/airflow/example_dags/example_params_ui_tutorial.py
[2023-11-28T01:19:02.924+0000] {processor.py:839} INFO - DAG(s) dict_keys(['example_params_ui_tutorial']) retrieved from /usr/local/lib/python3.10/dist-packages/airflow/example_dags/example_params_ui_tutorial.py
[2023-11-28T01:19:02.987+0000] {logging_mixin.py:154} INFO - [2023-11-28T01:19:02.987+0000] {dag.py:2941} INFO - Sync 1 DAGs
[2023-11-28T01:19:02.999+0000] {logging_mixin.py:154} INFO - [2023-11-28T01:19:02.999+0000] {dag.py:3722} INFO - Setting next_dagrun for example_params_ui_tutorial to None, run_after=None
[2023-11-28T01:19:03.028+0000] {processor.py:179} INFO - Processing /usr/local/lib/python3.10/dist-packages/airflow/example_dags/example_params_ui_tutorial.py took 0.150 seconds
[2023-11-28T01:19:46.376+0000] {processor.py:157} INFO - Started process (PID=7037) to work on /usr/local/lib/python3.10/dist-packages/airflow/example_dags/example_params_ui_tutorial.py
[2023-11-28T01:19:46.378+0000] {processor.py:829} INFO - Processing file /usr/local/lib/python3.10/dist-packages/airflow/example_dags/example_params_ui_tutorial.py for tasks to queue
[2023-11-28T01:19:46.378+0000] {logging_mixin.py:154} INFO - [2023-11-28T01:19:46.378+0000] {dagbag.py:536} INFO - Filling up the DagBag from /usr/local/lib/python3.10/dist-packages/airflow/example_dags/example_params_ui_tutorial.py
[2023-11-28T01:19:46.419+0000] {processor.py:839} INFO - DAG(s) dict_keys(['example_params_ui_tutorial']) retrieved from /usr/local/lib/python3.10/dist-packages/airflow/example_dags/example_params_ui_tutorial.py
[2023-11-28T01:19:46.479+0000] {logging_mixin.py:154} INFO - [2023-11-28T01:19:46.479+0000] {dag.py:2941} INFO - Sync 1 DAGs
[2023-11-28T01:19:46.491+0000] {logging_mixin.py:154} INFO - [2023-11-28T01:19:46.491+0000] {dag.py:3722} INFO - Setting next_dagrun for example_params_ui_tutorial to None, run_after=None
[2023-11-28T01:19:46.514+0000] {processor.py:179} INFO - Processing /usr/local/lib/python3.10/dist-packages/airflow/example_dags/example_params_ui_tutorial.py took 0.141 seconds
