[2023-11-28T00:44:33.179+0000] {processor.py:157} INFO - Started process (PID=3414) to work on /usr/local/lib/python3.10/dist-packages/airflow/example_dags/example_xcomargs.py
[2023-11-28T00:44:33.180+0000] {processor.py:829} INFO - Processing file /usr/local/lib/python3.10/dist-packages/airflow/example_dags/example_xcomargs.py for tasks to queue
[2023-11-28T00:44:33.181+0000] {logging_mixin.py:154} INFO - [2023-11-28T00:44:33.181+0000] {dagbag.py:536} INFO - Filling up the DagBag from /usr/local/lib/python3.10/dist-packages/airflow/example_dags/example_xcomargs.py
[2023-11-28T00:44:33.193+0000] {processor.py:839} INFO - DAG(s) dict_keys(['example_xcom_args_with_operators', 'example_xcom_args']) retrieved from /usr/local/lib/python3.10/dist-packages/airflow/example_dags/example_xcomargs.py
[2023-11-28T00:44:33.308+0000] {logging_mixin.py:154} INFO - [2023-11-28T00:44:33.308+0000] {manager.py:499} INFO - Created Permission View: %s
[2023-11-28T00:44:33.322+0000] {logging_mixin.py:154} INFO - [2023-11-28T00:44:33.322+0000] {manager.py:499} INFO - Created Permission View: %s
[2023-11-28T00:44:33.332+0000] {logging_mixin.py:154} INFO - [2023-11-28T00:44:33.332+0000] {manager.py:499} INFO - Created Permission View: %s
[2023-11-28T00:44:33.355+0000] {logging_mixin.py:154} INFO - [2023-11-28T00:44:33.354+0000] {manager.py:499} INFO - Created Permission View: %s
[2023-11-28T00:44:33.365+0000] {logging_mixin.py:154} INFO - [2023-11-28T00:44:33.365+0000] {manager.py:499} INFO - Created Permission View: %s
[2023-11-28T00:44:33.375+0000] {logging_mixin.py:154} INFO - [2023-11-28T00:44:33.375+0000] {manager.py:499} INFO - Created Permission View: %s
[2023-11-28T00:44:33.376+0000] {logging_mixin.py:154} INFO - [2023-11-28T00:44:33.376+0000] {dag.py:2941} INFO - Sync 2 DAGs
[2023-11-28T00:44:33.388+0000] {logging_mixin.py:154} INFO - [2023-11-28T00:44:33.388+0000] {dag.py:2963} INFO - Creating ORM DAG for example_xcom_args_with_operators
[2023-11-28T00:44:33.389+0000] {logging_mixin.py:154} INFO - [2023-11-28T00:44:33.389+0000] {dag.py:2963} INFO - Creating ORM DAG for example_xcom_args
[2023-11-28T00:44:33.389+0000] {logging_mixin.py:154} INFO - [2023-11-28T00:44:33.389+0000] {dag.py:3722} INFO - Setting next_dagrun for example_xcom_args to None, run_after=None
[2023-11-28T00:44:33.390+0000] {logging_mixin.py:154} INFO - [2023-11-28T00:44:33.390+0000] {dag.py:3722} INFO - Setting next_dagrun for example_xcom_args_with_operators to None, run_after=None
[2023-11-28T00:44:33.417+0000] {processor.py:179} INFO - Processing /usr/local/lib/python3.10/dist-packages/airflow/example_dags/example_xcomargs.py took 0.241 seconds
[2023-11-28T00:45:25.962+0000] {processor.py:157} INFO - Started process (PID=3552) to work on /usr/local/lib/python3.10/dist-packages/airflow/example_dags/example_xcomargs.py
[2023-11-28T00:45:25.963+0000] {processor.py:829} INFO - Processing file /usr/local/lib/python3.10/dist-packages/airflow/example_dags/example_xcomargs.py for tasks to queue
[2023-11-28T00:45:25.964+0000] {logging_mixin.py:154} INFO - [2023-11-28T00:45:25.964+0000] {dagbag.py:536} INFO - Filling up the DagBag from /usr/local/lib/python3.10/dist-packages/airflow/example_dags/example_xcomargs.py
[2023-11-28T00:45:25.974+0000] {processor.py:839} INFO - DAG(s) dict_keys(['example_xcom_args', 'example_xcom_args_with_operators']) retrieved from /usr/local/lib/python3.10/dist-packages/airflow/example_dags/example_xcomargs.py
[2023-11-28T00:45:25.993+0000] {logging_mixin.py:154} INFO - [2023-11-28T00:45:25.993+0000] {dag.py:2941} INFO - Sync 2 DAGs
[2023-11-28T00:45:26.009+0000] {logging_mixin.py:154} INFO - [2023-11-28T00:45:26.008+0000] {dag.py:3722} INFO - Setting next_dagrun for example_xcom_args to None, run_after=None
[2023-11-28T00:45:26.012+0000] {logging_mixin.py:154} INFO - [2023-11-28T00:45:26.012+0000] {dag.py:3722} INFO - Setting next_dagrun for example_xcom_args_with_operators to None, run_after=None
[2023-11-28T00:45:26.032+0000] {processor.py:179} INFO - Processing /usr/local/lib/python3.10/dist-packages/airflow/example_dags/example_xcomargs.py took 0.073 seconds
[2023-11-28T00:46:11.229+0000] {processor.py:157} INFO - Started process (PID=3598) to work on /usr/local/lib/python3.10/dist-packages/airflow/example_dags/example_xcomargs.py
[2023-11-28T00:46:11.231+0000] {processor.py:829} INFO - Processing file /usr/local/lib/python3.10/dist-packages/airflow/example_dags/example_xcomargs.py for tasks to queue
[2023-11-28T00:46:11.232+0000] {logging_mixin.py:154} INFO - [2023-11-28T00:46:11.231+0000] {dagbag.py:536} INFO - Filling up the DagBag from /usr/local/lib/python3.10/dist-packages/airflow/example_dags/example_xcomargs.py
[2023-11-28T00:46:11.241+0000] {processor.py:839} INFO - DAG(s) dict_keys(['example_xcom_args', 'example_xcom_args_with_operators']) retrieved from /usr/local/lib/python3.10/dist-packages/airflow/example_dags/example_xcomargs.py
[2023-11-28T00:46:11.263+0000] {logging_mixin.py:154} INFO - [2023-11-28T00:46:11.263+0000] {dag.py:2941} INFO - Sync 2 DAGs
[2023-11-28T00:46:11.277+0000] {logging_mixin.py:154} INFO - [2023-11-28T00:46:11.277+0000] {dag.py:3722} INFO - Setting next_dagrun for example_xcom_args to None, run_after=None
[2023-11-28T00:46:11.280+0000] {logging_mixin.py:154} INFO - [2023-11-28T00:46:11.280+0000] {dag.py:3722} INFO - Setting next_dagrun for example_xcom_args_with_operators to None, run_after=None
[2023-11-28T00:46:11.301+0000] {processor.py:179} INFO - Processing /usr/local/lib/python3.10/dist-packages/airflow/example_dags/example_xcomargs.py took 0.076 seconds
[2023-11-28T00:46:49.247+0000] {processor.py:157} INFO - Started process (PID=3639) to work on /usr/local/lib/python3.10/dist-packages/airflow/example_dags/example_xcomargs.py
[2023-11-28T00:46:49.248+0000] {processor.py:829} INFO - Processing file /usr/local/lib/python3.10/dist-packages/airflow/example_dags/example_xcomargs.py for tasks to queue
[2023-11-28T00:46:49.249+0000] {logging_mixin.py:154} INFO - [2023-11-28T00:46:49.249+0000] {dagbag.py:536} INFO - Filling up the DagBag from /usr/local/lib/python3.10/dist-packages/airflow/example_dags/example_xcomargs.py
[2023-11-28T00:46:49.259+0000] {processor.py:839} INFO - DAG(s) dict_keys(['example_xcom_args', 'example_xcom_args_with_operators']) retrieved from /usr/local/lib/python3.10/dist-packages/airflow/example_dags/example_xcomargs.py
[2023-11-28T00:46:49.279+0000] {logging_mixin.py:154} INFO - [2023-11-28T00:46:49.279+0000] {dag.py:2941} INFO - Sync 2 DAGs
[2023-11-28T00:46:49.292+0000] {logging_mixin.py:154} INFO - [2023-11-28T00:46:49.292+0000] {dag.py:3722} INFO - Setting next_dagrun for example_xcom_args to None, run_after=None
[2023-11-28T00:46:49.295+0000] {logging_mixin.py:154} INFO - [2023-11-28T00:46:49.295+0000] {dag.py:3722} INFO - Setting next_dagrun for example_xcom_args_with_operators to None, run_after=None
[2023-11-28T00:46:49.317+0000] {processor.py:179} INFO - Processing /usr/local/lib/python3.10/dist-packages/airflow/example_dags/example_xcomargs.py took 0.073 seconds
[2023-11-28T00:47:33.252+0000] {processor.py:157} INFO - Started process (PID=3690) to work on /usr/local/lib/python3.10/dist-packages/airflow/example_dags/example_xcomargs.py
[2023-11-28T00:47:33.254+0000] {processor.py:829} INFO - Processing file /usr/local/lib/python3.10/dist-packages/airflow/example_dags/example_xcomargs.py for tasks to queue
[2023-11-28T00:47:33.255+0000] {logging_mixin.py:154} INFO - [2023-11-28T00:47:33.254+0000] {dagbag.py:536} INFO - Filling up the DagBag from /usr/local/lib/python3.10/dist-packages/airflow/example_dags/example_xcomargs.py
[2023-11-28T00:47:33.264+0000] {processor.py:839} INFO - DAG(s) dict_keys(['example_xcom_args', 'example_xcom_args_with_operators']) retrieved from /usr/local/lib/python3.10/dist-packages/airflow/example_dags/example_xcomargs.py
[2023-11-28T00:47:33.284+0000] {logging_mixin.py:154} INFO - [2023-11-28T00:47:33.284+0000] {dag.py:2941} INFO - Sync 2 DAGs
[2023-11-28T00:47:33.297+0000] {logging_mixin.py:154} INFO - [2023-11-28T00:47:33.296+0000] {dag.py:3722} INFO - Setting next_dagrun for example_xcom_args to None, run_after=None
[2023-11-28T00:47:33.300+0000] {logging_mixin.py:154} INFO - [2023-11-28T00:47:33.299+0000] {dag.py:3722} INFO - Setting next_dagrun for example_xcom_args_with_operators to None, run_after=None
[2023-11-28T00:47:33.320+0000] {processor.py:179} INFO - Processing /usr/local/lib/python3.10/dist-packages/airflow/example_dags/example_xcomargs.py took 0.072 seconds
[2023-11-28T00:48:18.497+0000] {processor.py:157} INFO - Started process (PID=3736) to work on /usr/local/lib/python3.10/dist-packages/airflow/example_dags/example_xcomargs.py
[2023-11-28T00:48:18.498+0000] {processor.py:829} INFO - Processing file /usr/local/lib/python3.10/dist-packages/airflow/example_dags/example_xcomargs.py for tasks to queue
[2023-11-28T00:48:18.499+0000] {logging_mixin.py:154} INFO - [2023-11-28T00:48:18.498+0000] {dagbag.py:536} INFO - Filling up the DagBag from /usr/local/lib/python3.10/dist-packages/airflow/example_dags/example_xcomargs.py
[2023-11-28T00:48:18.508+0000] {processor.py:839} INFO - DAG(s) dict_keys(['example_xcom_args', 'example_xcom_args_with_operators']) retrieved from /usr/local/lib/python3.10/dist-packages/airflow/example_dags/example_xcomargs.py
[2023-11-28T00:48:18.528+0000] {logging_mixin.py:154} INFO - [2023-11-28T00:48:18.528+0000] {dag.py:2941} INFO - Sync 2 DAGs
[2023-11-28T00:48:18.541+0000] {logging_mixin.py:154} INFO - [2023-11-28T00:48:18.541+0000] {dag.py:3722} INFO - Setting next_dagrun for example_xcom_args to None, run_after=None
[2023-11-28T00:48:18.544+0000] {logging_mixin.py:154} INFO - [2023-11-28T00:48:18.544+0000] {dag.py:3722} INFO - Setting next_dagrun for example_xcom_args_with_operators to None, run_after=None
[2023-11-28T00:48:18.563+0000] {processor.py:179} INFO - Processing /usr/local/lib/python3.10/dist-packages/airflow/example_dags/example_xcomargs.py took 0.070 seconds
[2023-11-28T00:49:05.324+0000] {processor.py:157} INFO - Started process (PID=3783) to work on /usr/local/lib/python3.10/dist-packages/airflow/example_dags/example_xcomargs.py
[2023-11-28T00:49:05.325+0000] {processor.py:829} INFO - Processing file /usr/local/lib/python3.10/dist-packages/airflow/example_dags/example_xcomargs.py for tasks to queue
[2023-11-28T00:49:05.326+0000] {logging_mixin.py:154} INFO - [2023-11-28T00:49:05.326+0000] {dagbag.py:536} INFO - Filling up the DagBag from /usr/local/lib/python3.10/dist-packages/airflow/example_dags/example_xcomargs.py
[2023-11-28T00:49:05.335+0000] {processor.py:839} INFO - DAG(s) dict_keys(['example_xcom_args', 'example_xcom_args_with_operators']) retrieved from /usr/local/lib/python3.10/dist-packages/airflow/example_dags/example_xcomargs.py
[2023-11-28T00:49:05.356+0000] {logging_mixin.py:154} INFO - [2023-11-28T00:49:05.356+0000] {dag.py:2941} INFO - Sync 2 DAGs
[2023-11-28T00:49:05.369+0000] {logging_mixin.py:154} INFO - [2023-11-28T00:49:05.369+0000] {dag.py:3722} INFO - Setting next_dagrun for example_xcom_args to None, run_after=None
[2023-11-28T00:49:05.372+0000] {logging_mixin.py:154} INFO - [2023-11-28T00:49:05.372+0000] {dag.py:3722} INFO - Setting next_dagrun for example_xcom_args_with_operators to None, run_after=None
[2023-11-28T00:49:05.394+0000] {processor.py:179} INFO - Processing /usr/local/lib/python3.10/dist-packages/airflow/example_dags/example_xcomargs.py took 0.073 seconds
[2023-11-28T00:49:48.411+0000] {processor.py:157} INFO - Started process (PID=3829) to work on /usr/local/lib/python3.10/dist-packages/airflow/example_dags/example_xcomargs.py
[2023-11-28T00:49:48.413+0000] {processor.py:829} INFO - Processing file /usr/local/lib/python3.10/dist-packages/airflow/example_dags/example_xcomargs.py for tasks to queue
[2023-11-28T00:49:48.413+0000] {logging_mixin.py:154} INFO - [2023-11-28T00:49:48.413+0000] {dagbag.py:536} INFO - Filling up the DagBag from /usr/local/lib/python3.10/dist-packages/airflow/example_dags/example_xcomargs.py
[2023-11-28T00:49:48.423+0000] {processor.py:839} INFO - DAG(s) dict_keys(['example_xcom_args_with_operators', 'example_xcom_args']) retrieved from /usr/local/lib/python3.10/dist-packages/airflow/example_dags/example_xcomargs.py
[2023-11-28T00:49:48.444+0000] {logging_mixin.py:154} INFO - [2023-11-28T00:49:48.444+0000] {dag.py:2941} INFO - Sync 2 DAGs
[2023-11-28T00:49:48.458+0000] {logging_mixin.py:154} INFO - [2023-11-28T00:49:48.457+0000] {dag.py:3722} INFO - Setting next_dagrun for example_xcom_args to None, run_after=None
[2023-11-28T00:49:48.461+0000] {logging_mixin.py:154} INFO - [2023-11-28T00:49:48.461+0000] {dag.py:3722} INFO - Setting next_dagrun for example_xcom_args_with_operators to None, run_after=None
[2023-11-28T00:49:48.481+0000] {processor.py:179} INFO - Processing /usr/local/lib/python3.10/dist-packages/airflow/example_dags/example_xcomargs.py took 0.074 seconds
[2023-11-28T00:50:30.458+0000] {processor.py:157} INFO - Started process (PID=3873) to work on /usr/local/lib/python3.10/dist-packages/airflow/example_dags/example_xcomargs.py
[2023-11-28T00:50:30.460+0000] {processor.py:829} INFO - Processing file /usr/local/lib/python3.10/dist-packages/airflow/example_dags/example_xcomargs.py for tasks to queue
[2023-11-28T00:50:30.460+0000] {logging_mixin.py:154} INFO - [2023-11-28T00:50:30.460+0000] {dagbag.py:536} INFO - Filling up the DagBag from /usr/local/lib/python3.10/dist-packages/airflow/example_dags/example_xcomargs.py
[2023-11-28T00:50:30.470+0000] {processor.py:839} INFO - DAG(s) dict_keys(['example_xcom_args', 'example_xcom_args_with_operators']) retrieved from /usr/local/lib/python3.10/dist-packages/airflow/example_dags/example_xcomargs.py
[2023-11-28T00:50:30.490+0000] {logging_mixin.py:154} INFO - [2023-11-28T00:50:30.490+0000] {dag.py:2941} INFO - Sync 2 DAGs
[2023-11-28T00:50:30.502+0000] {logging_mixin.py:154} INFO - [2023-11-28T00:50:30.502+0000] {dag.py:3722} INFO - Setting next_dagrun for example_xcom_args to None, run_after=None
[2023-11-28T00:50:30.506+0000] {logging_mixin.py:154} INFO - [2023-11-28T00:50:30.506+0000] {dag.py:3722} INFO - Setting next_dagrun for example_xcom_args_with_operators to None, run_after=None
[2023-11-28T00:50:30.526+0000] {processor.py:179} INFO - Processing /usr/local/lib/python3.10/dist-packages/airflow/example_dags/example_xcomargs.py took 0.071 seconds
[2023-11-28T00:51:17.965+0000] {processor.py:157} INFO - Started process (PID=3921) to work on /usr/local/lib/python3.10/dist-packages/airflow/example_dags/example_xcomargs.py
[2023-11-28T00:51:17.966+0000] {processor.py:829} INFO - Processing file /usr/local/lib/python3.10/dist-packages/airflow/example_dags/example_xcomargs.py for tasks to queue
[2023-11-28T00:51:17.967+0000] {logging_mixin.py:154} INFO - [2023-11-28T00:51:17.966+0000] {dagbag.py:536} INFO - Filling up the DagBag from /usr/local/lib/python3.10/dist-packages/airflow/example_dags/example_xcomargs.py
[2023-11-28T00:51:17.977+0000] {processor.py:839} INFO - DAG(s) dict_keys(['example_xcom_args', 'example_xcom_args_with_operators']) retrieved from /usr/local/lib/python3.10/dist-packages/airflow/example_dags/example_xcomargs.py
[2023-11-28T00:51:17.997+0000] {logging_mixin.py:154} INFO - [2023-11-28T00:51:17.997+0000] {dag.py:2941} INFO - Sync 2 DAGs
[2023-11-28T00:51:18.010+0000] {logging_mixin.py:154} INFO - [2023-11-28T00:51:18.010+0000] {dag.py:3722} INFO - Setting next_dagrun for example_xcom_args to None, run_after=None
[2023-11-28T00:51:18.014+0000] {logging_mixin.py:154} INFO - [2023-11-28T00:51:18.014+0000] {dag.py:3722} INFO - Setting next_dagrun for example_xcom_args_with_operators to None, run_after=None
[2023-11-28T00:51:18.036+0000] {processor.py:179} INFO - Processing /usr/local/lib/python3.10/dist-packages/airflow/example_dags/example_xcomargs.py took 0.075 seconds
[2023-11-28T00:52:04.383+0000] {processor.py:157} INFO - Started process (PID=3970) to work on /usr/local/lib/python3.10/dist-packages/airflow/example_dags/example_xcomargs.py
[2023-11-28T00:52:04.384+0000] {processor.py:829} INFO - Processing file /usr/local/lib/python3.10/dist-packages/airflow/example_dags/example_xcomargs.py for tasks to queue
[2023-11-28T00:52:04.385+0000] {logging_mixin.py:154} INFO - [2023-11-28T00:52:04.385+0000] {dagbag.py:536} INFO - Filling up the DagBag from /usr/local/lib/python3.10/dist-packages/airflow/example_dags/example_xcomargs.py
[2023-11-28T00:52:04.394+0000] {processor.py:839} INFO - DAG(s) dict_keys(['example_xcom_args_with_operators', 'example_xcom_args']) retrieved from /usr/local/lib/python3.10/dist-packages/airflow/example_dags/example_xcomargs.py
[2023-11-28T00:52:04.414+0000] {logging_mixin.py:154} INFO - [2023-11-28T00:52:04.414+0000] {dag.py:2941} INFO - Sync 2 DAGs
[2023-11-28T00:52:04.427+0000] {logging_mixin.py:154} INFO - [2023-11-28T00:52:04.427+0000] {dag.py:3722} INFO - Setting next_dagrun for example_xcom_args to None, run_after=None
[2023-11-28T00:52:04.430+0000] {logging_mixin.py:154} INFO - [2023-11-28T00:52:04.430+0000] {dag.py:3722} INFO - Setting next_dagrun for example_xcom_args_with_operators to None, run_after=None
[2023-11-28T00:52:04.450+0000] {processor.py:179} INFO - Processing /usr/local/lib/python3.10/dist-packages/airflow/example_dags/example_xcomargs.py took 0.070 seconds
[2023-11-28T00:52:50.341+0000] {processor.py:157} INFO - Started process (PID=4397) to work on /usr/local/lib/python3.10/dist-packages/airflow/example_dags/example_xcomargs.py
[2023-11-28T00:52:50.342+0000] {processor.py:829} INFO - Processing file /usr/local/lib/python3.10/dist-packages/airflow/example_dags/example_xcomargs.py for tasks to queue
[2023-11-28T00:52:50.343+0000] {logging_mixin.py:154} INFO - [2023-11-28T00:52:50.342+0000] {dagbag.py:536} INFO - Filling up the DagBag from /usr/local/lib/python3.10/dist-packages/airflow/example_dags/example_xcomargs.py
[2023-11-28T00:52:50.352+0000] {processor.py:839} INFO - DAG(s) dict_keys(['example_xcom_args_with_operators', 'example_xcom_args']) retrieved from /usr/local/lib/python3.10/dist-packages/airflow/example_dags/example_xcomargs.py
[2023-11-28T00:52:50.372+0000] {logging_mixin.py:154} INFO - [2023-11-28T00:52:50.372+0000] {dag.py:2941} INFO - Sync 2 DAGs
[2023-11-28T00:52:50.385+0000] {logging_mixin.py:154} INFO - [2023-11-28T00:52:50.385+0000] {dag.py:3722} INFO - Setting next_dagrun for example_xcom_args to None, run_after=None
[2023-11-28T00:52:50.388+0000] {logging_mixin.py:154} INFO - [2023-11-28T00:52:50.388+0000] {dag.py:3722} INFO - Setting next_dagrun for example_xcom_args_with_operators to None, run_after=None
[2023-11-28T00:52:50.408+0000] {processor.py:179} INFO - Processing /usr/local/lib/python3.10/dist-packages/airflow/example_dags/example_xcomargs.py took 0.071 seconds
[2023-11-28T00:53:36.913+0000] {processor.py:157} INFO - Started process (PID=4533) to work on /usr/local/lib/python3.10/dist-packages/airflow/example_dags/example_xcomargs.py
[2023-11-28T00:53:36.914+0000] {processor.py:829} INFO - Processing file /usr/local/lib/python3.10/dist-packages/airflow/example_dags/example_xcomargs.py for tasks to queue
[2023-11-28T00:53:36.915+0000] {logging_mixin.py:154} INFO - [2023-11-28T00:53:36.914+0000] {dagbag.py:536} INFO - Filling up the DagBag from /usr/local/lib/python3.10/dist-packages/airflow/example_dags/example_xcomargs.py
[2023-11-28T00:53:36.924+0000] {processor.py:839} INFO - DAG(s) dict_keys(['example_xcom_args', 'example_xcom_args_with_operators']) retrieved from /usr/local/lib/python3.10/dist-packages/airflow/example_dags/example_xcomargs.py
[2023-11-28T00:53:36.944+0000] {logging_mixin.py:154} INFO - [2023-11-28T00:53:36.943+0000] {dag.py:2941} INFO - Sync 2 DAGs
[2023-11-28T00:53:36.956+0000] {logging_mixin.py:154} INFO - [2023-11-28T00:53:36.956+0000] {dag.py:3722} INFO - Setting next_dagrun for example_xcom_args to None, run_after=None
[2023-11-28T00:53:36.959+0000] {logging_mixin.py:154} INFO - [2023-11-28T00:53:36.959+0000] {dag.py:3722} INFO - Setting next_dagrun for example_xcom_args_with_operators to None, run_after=None
[2023-11-28T00:53:36.981+0000] {processor.py:179} INFO - Processing /usr/local/lib/python3.10/dist-packages/airflow/example_dags/example_xcomargs.py took 0.072 seconds
[2023-11-28T00:54:20.953+0000] {processor.py:157} INFO - Started process (PID=4889) to work on /usr/local/lib/python3.10/dist-packages/airflow/example_dags/example_xcomargs.py
[2023-11-28T00:54:20.954+0000] {processor.py:829} INFO - Processing file /usr/local/lib/python3.10/dist-packages/airflow/example_dags/example_xcomargs.py for tasks to queue
[2023-11-28T00:54:20.955+0000] {logging_mixin.py:154} INFO - [2023-11-28T00:54:20.955+0000] {dagbag.py:536} INFO - Filling up the DagBag from /usr/local/lib/python3.10/dist-packages/airflow/example_dags/example_xcomargs.py
[2023-11-28T00:54:20.964+0000] {processor.py:839} INFO - DAG(s) dict_keys(['example_xcom_args', 'example_xcom_args_with_operators']) retrieved from /usr/local/lib/python3.10/dist-packages/airflow/example_dags/example_xcomargs.py
[2023-11-28T00:54:20.983+0000] {logging_mixin.py:154} INFO - [2023-11-28T00:54:20.983+0000] {dag.py:2941} INFO - Sync 2 DAGs
[2023-11-28T00:54:20.996+0000] {logging_mixin.py:154} INFO - [2023-11-28T00:54:20.996+0000] {dag.py:3722} INFO - Setting next_dagrun for example_xcom_args to None, run_after=None
[2023-11-28T00:54:20.999+0000] {logging_mixin.py:154} INFO - [2023-11-28T00:54:20.999+0000] {dag.py:3722} INFO - Setting next_dagrun for example_xcom_args_with_operators to None, run_after=None
[2023-11-28T00:54:21.020+0000] {processor.py:179} INFO - Processing /usr/local/lib/python3.10/dist-packages/airflow/example_dags/example_xcomargs.py took 0.070 seconds
[2023-11-28T00:55:04.385+0000] {processor.py:157} INFO - Started process (PID=4933) to work on /usr/local/lib/python3.10/dist-packages/airflow/example_dags/example_xcomargs.py
[2023-11-28T00:55:04.386+0000] {processor.py:829} INFO - Processing file /usr/local/lib/python3.10/dist-packages/airflow/example_dags/example_xcomargs.py for tasks to queue
[2023-11-28T00:55:04.387+0000] {logging_mixin.py:154} INFO - [2023-11-28T00:55:04.386+0000] {dagbag.py:536} INFO - Filling up the DagBag from /usr/local/lib/python3.10/dist-packages/airflow/example_dags/example_xcomargs.py
[2023-11-28T00:55:04.397+0000] {processor.py:839} INFO - DAG(s) dict_keys(['example_xcom_args_with_operators', 'example_xcom_args']) retrieved from /usr/local/lib/python3.10/dist-packages/airflow/example_dags/example_xcomargs.py
[2023-11-28T00:55:04.416+0000] {logging_mixin.py:154} INFO - [2023-11-28T00:55:04.416+0000] {dag.py:2941} INFO - Sync 2 DAGs
[2023-11-28T00:55:04.428+0000] {logging_mixin.py:154} INFO - [2023-11-28T00:55:04.428+0000] {dag.py:3722} INFO - Setting next_dagrun for example_xcom_args to None, run_after=None
[2023-11-28T00:55:04.432+0000] {logging_mixin.py:154} INFO - [2023-11-28T00:55:04.431+0000] {dag.py:3722} INFO - Setting next_dagrun for example_xcom_args_with_operators to None, run_after=None
[2023-11-28T00:55:04.454+0000] {processor.py:179} INFO - Processing /usr/local/lib/python3.10/dist-packages/airflow/example_dags/example_xcomargs.py took 0.073 seconds
[2023-11-28T00:55:50.833+0000] {processor.py:157} INFO - Started process (PID=5042) to work on /usr/local/lib/python3.10/dist-packages/airflow/example_dags/example_xcomargs.py
[2023-11-28T00:55:50.835+0000] {processor.py:829} INFO - Processing file /usr/local/lib/python3.10/dist-packages/airflow/example_dags/example_xcomargs.py for tasks to queue
[2023-11-28T00:55:50.836+0000] {logging_mixin.py:154} INFO - [2023-11-28T00:55:50.835+0000] {dagbag.py:536} INFO - Filling up the DagBag from /usr/local/lib/python3.10/dist-packages/airflow/example_dags/example_xcomargs.py
[2023-11-28T00:55:50.845+0000] {processor.py:839} INFO - DAG(s) dict_keys(['example_xcom_args_with_operators', 'example_xcom_args']) retrieved from /usr/local/lib/python3.10/dist-packages/airflow/example_dags/example_xcomargs.py
[2023-11-28T00:55:50.865+0000] {logging_mixin.py:154} INFO - [2023-11-28T00:55:50.865+0000] {dag.py:2941} INFO - Sync 2 DAGs
[2023-11-28T00:55:50.879+0000] {logging_mixin.py:154} INFO - [2023-11-28T00:55:50.878+0000] {dag.py:3722} INFO - Setting next_dagrun for example_xcom_args to None, run_after=None
[2023-11-28T00:55:50.882+0000] {logging_mixin.py:154} INFO - [2023-11-28T00:55:50.882+0000] {dag.py:3722} INFO - Setting next_dagrun for example_xcom_args_with_operators to None, run_after=None
[2023-11-28T00:55:50.908+0000] {processor.py:179} INFO - Processing /usr/local/lib/python3.10/dist-packages/airflow/example_dags/example_xcomargs.py took 0.078 seconds
[2023-11-28T00:56:36.872+0000] {processor.py:157} INFO - Started process (PID=5346) to work on /usr/local/lib/python3.10/dist-packages/airflow/example_dags/example_xcomargs.py
[2023-11-28T00:56:36.874+0000] {processor.py:829} INFO - Processing file /usr/local/lib/python3.10/dist-packages/airflow/example_dags/example_xcomargs.py for tasks to queue
[2023-11-28T00:56:36.874+0000] {logging_mixin.py:154} INFO - [2023-11-28T00:56:36.874+0000] {dagbag.py:536} INFO - Filling up the DagBag from /usr/local/lib/python3.10/dist-packages/airflow/example_dags/example_xcomargs.py
[2023-11-28T00:56:36.884+0000] {processor.py:839} INFO - DAG(s) dict_keys(['example_xcom_args', 'example_xcom_args_with_operators']) retrieved from /usr/local/lib/python3.10/dist-packages/airflow/example_dags/example_xcomargs.py
[2023-11-28T00:56:36.903+0000] {logging_mixin.py:154} INFO - [2023-11-28T00:56:36.903+0000] {dag.py:2941} INFO - Sync 2 DAGs
[2023-11-28T00:56:36.915+0000] {logging_mixin.py:154} INFO - [2023-11-28T00:56:36.915+0000] {dag.py:3722} INFO - Setting next_dagrun for example_xcom_args to None, run_after=None
[2023-11-28T00:56:36.918+0000] {logging_mixin.py:154} INFO - [2023-11-28T00:56:36.918+0000] {dag.py:3722} INFO - Setting next_dagrun for example_xcom_args_with_operators to None, run_after=None
[2023-11-28T00:56:36.939+0000] {processor.py:179} INFO - Processing /usr/local/lib/python3.10/dist-packages/airflow/example_dags/example_xcomargs.py took 0.070 seconds
[2023-11-28T00:57:24.018+0000] {processor.py:157} INFO - Started process (PID=5398) to work on /usr/local/lib/python3.10/dist-packages/airflow/example_dags/example_xcomargs.py
[2023-11-28T00:57:24.020+0000] {processor.py:829} INFO - Processing file /usr/local/lib/python3.10/dist-packages/airflow/example_dags/example_xcomargs.py for tasks to queue
[2023-11-28T00:57:24.021+0000] {logging_mixin.py:154} INFO - [2023-11-28T00:57:24.020+0000] {dagbag.py:536} INFO - Filling up the DagBag from /usr/local/lib/python3.10/dist-packages/airflow/example_dags/example_xcomargs.py
[2023-11-28T00:57:24.030+0000] {processor.py:839} INFO - DAG(s) dict_keys(['example_xcom_args', 'example_xcom_args_with_operators']) retrieved from /usr/local/lib/python3.10/dist-packages/airflow/example_dags/example_xcomargs.py
[2023-11-28T00:57:24.051+0000] {logging_mixin.py:154} INFO - [2023-11-28T00:57:24.051+0000] {dag.py:2941} INFO - Sync 2 DAGs
[2023-11-28T00:57:24.064+0000] {logging_mixin.py:154} INFO - [2023-11-28T00:57:24.063+0000] {dag.py:3722} INFO - Setting next_dagrun for example_xcom_args to None, run_after=None
[2023-11-28T00:57:24.067+0000] {logging_mixin.py:154} INFO - [2023-11-28T00:57:24.067+0000] {dag.py:3722} INFO - Setting next_dagrun for example_xcom_args_with_operators to None, run_after=None
[2023-11-28T00:57:24.088+0000] {processor.py:179} INFO - Processing /usr/local/lib/python3.10/dist-packages/airflow/example_dags/example_xcomargs.py took 0.073 seconds
[2023-11-28T00:58:10.570+0000] {processor.py:157} INFO - Started process (PID=5445) to work on /usr/local/lib/python3.10/dist-packages/airflow/example_dags/example_xcomargs.py
[2023-11-28T00:58:10.571+0000] {processor.py:829} INFO - Processing file /usr/local/lib/python3.10/dist-packages/airflow/example_dags/example_xcomargs.py for tasks to queue
[2023-11-28T00:58:10.572+0000] {logging_mixin.py:154} INFO - [2023-11-28T00:58:10.571+0000] {dagbag.py:536} INFO - Filling up the DagBag from /usr/local/lib/python3.10/dist-packages/airflow/example_dags/example_xcomargs.py
[2023-11-28T00:58:10.581+0000] {processor.py:839} INFO - DAG(s) dict_keys(['example_xcom_args', 'example_xcom_args_with_operators']) retrieved from /usr/local/lib/python3.10/dist-packages/airflow/example_dags/example_xcomargs.py
[2023-11-28T00:58:10.602+0000] {logging_mixin.py:154} INFO - [2023-11-28T00:58:10.602+0000] {dag.py:2941} INFO - Sync 2 DAGs
[2023-11-28T00:58:10.614+0000] {logging_mixin.py:154} INFO - [2023-11-28T00:58:10.614+0000] {dag.py:3722} INFO - Setting next_dagrun for example_xcom_args to None, run_after=None
[2023-11-28T00:58:10.618+0000] {logging_mixin.py:154} INFO - [2023-11-28T00:58:10.617+0000] {dag.py:3722} INFO - Setting next_dagrun for example_xcom_args_with_operators to None, run_after=None
[2023-11-28T00:58:10.638+0000] {processor.py:179} INFO - Processing /usr/local/lib/python3.10/dist-packages/airflow/example_dags/example_xcomargs.py took 0.072 seconds
[2023-11-28T00:58:56.966+0000] {processor.py:157} INFO - Started process (PID=5492) to work on /usr/local/lib/python3.10/dist-packages/airflow/example_dags/example_xcomargs.py
[2023-11-28T00:58:56.968+0000] {processor.py:829} INFO - Processing file /usr/local/lib/python3.10/dist-packages/airflow/example_dags/example_xcomargs.py for tasks to queue
[2023-11-28T00:58:56.969+0000] {logging_mixin.py:154} INFO - [2023-11-28T00:58:56.968+0000] {dagbag.py:536} INFO - Filling up the DagBag from /usr/local/lib/python3.10/dist-packages/airflow/example_dags/example_xcomargs.py
[2023-11-28T00:58:56.978+0000] {processor.py:839} INFO - DAG(s) dict_keys(['example_xcom_args_with_operators', 'example_xcom_args']) retrieved from /usr/local/lib/python3.10/dist-packages/airflow/example_dags/example_xcomargs.py
[2023-11-28T00:58:56.997+0000] {logging_mixin.py:154} INFO - [2023-11-28T00:58:56.997+0000] {dag.py:2941} INFO - Sync 2 DAGs
[2023-11-28T00:58:57.011+0000] {logging_mixin.py:154} INFO - [2023-11-28T00:58:57.010+0000] {dag.py:3722} INFO - Setting next_dagrun for example_xcom_args to None, run_after=None
[2023-11-28T00:58:57.014+0000] {logging_mixin.py:154} INFO - [2023-11-28T00:58:57.014+0000] {dag.py:3722} INFO - Setting next_dagrun for example_xcom_args_with_operators to None, run_after=None
[2023-11-28T00:58:57.034+0000] {processor.py:179} INFO - Processing /usr/local/lib/python3.10/dist-packages/airflow/example_dags/example_xcomargs.py took 0.071 seconds
[2023-11-28T00:59:42.642+0000] {processor.py:157} INFO - Started process (PID=5540) to work on /usr/local/lib/python3.10/dist-packages/airflow/example_dags/example_xcomargs.py
[2023-11-28T00:59:42.643+0000] {processor.py:829} INFO - Processing file /usr/local/lib/python3.10/dist-packages/airflow/example_dags/example_xcomargs.py for tasks to queue
[2023-11-28T00:59:42.644+0000] {logging_mixin.py:154} INFO - [2023-11-28T00:59:42.644+0000] {dagbag.py:536} INFO - Filling up the DagBag from /usr/local/lib/python3.10/dist-packages/airflow/example_dags/example_xcomargs.py
[2023-11-28T00:59:42.653+0000] {processor.py:839} INFO - DAG(s) dict_keys(['example_xcom_args_with_operators', 'example_xcom_args']) retrieved from /usr/local/lib/python3.10/dist-packages/airflow/example_dags/example_xcomargs.py
[2023-11-28T00:59:42.672+0000] {logging_mixin.py:154} INFO - [2023-11-28T00:59:42.672+0000] {dag.py:2941} INFO - Sync 2 DAGs
[2023-11-28T00:59:42.684+0000] {logging_mixin.py:154} INFO - [2023-11-28T00:59:42.684+0000] {dag.py:3722} INFO - Setting next_dagrun for example_xcom_args to None, run_after=None
[2023-11-28T00:59:42.688+0000] {logging_mixin.py:154} INFO - [2023-11-28T00:59:42.688+0000] {dag.py:3722} INFO - Setting next_dagrun for example_xcom_args_with_operators to None, run_after=None
[2023-11-28T00:59:42.707+0000] {processor.py:179} INFO - Processing /usr/local/lib/python3.10/dist-packages/airflow/example_dags/example_xcomargs.py took 0.069 seconds
[2023-11-28T01:00:24.648+0000] {processor.py:157} INFO - Started process (PID=5584) to work on /usr/local/lib/python3.10/dist-packages/airflow/example_dags/example_xcomargs.py
[2023-11-28T01:00:24.649+0000] {processor.py:829} INFO - Processing file /usr/local/lib/python3.10/dist-packages/airflow/example_dags/example_xcomargs.py for tasks to queue
[2023-11-28T01:00:24.650+0000] {logging_mixin.py:154} INFO - [2023-11-28T01:00:24.650+0000] {dagbag.py:536} INFO - Filling up the DagBag from /usr/local/lib/python3.10/dist-packages/airflow/example_dags/example_xcomargs.py
[2023-11-28T01:00:24.660+0000] {processor.py:839} INFO - DAG(s) dict_keys(['example_xcom_args', 'example_xcom_args_with_operators']) retrieved from /usr/local/lib/python3.10/dist-packages/airflow/example_dags/example_xcomargs.py
[2023-11-28T01:00:24.680+0000] {logging_mixin.py:154} INFO - [2023-11-28T01:00:24.679+0000] {dag.py:2941} INFO - Sync 2 DAGs
[2023-11-28T01:00:24.692+0000] {logging_mixin.py:154} INFO - [2023-11-28T01:00:24.692+0000] {dag.py:3722} INFO - Setting next_dagrun for example_xcom_args to None, run_after=None
[2023-11-28T01:00:24.695+0000] {logging_mixin.py:154} INFO - [2023-11-28T01:00:24.695+0000] {dag.py:3722} INFO - Setting next_dagrun for example_xcom_args_with_operators to None, run_after=None
[2023-11-28T01:00:24.716+0000] {processor.py:179} INFO - Processing /usr/local/lib/python3.10/dist-packages/airflow/example_dags/example_xcomargs.py took 0.071 seconds
[2023-11-28T01:01:11.217+0000] {processor.py:157} INFO - Started process (PID=5632) to work on /usr/local/lib/python3.10/dist-packages/airflow/example_dags/example_xcomargs.py
[2023-11-28T01:01:11.219+0000] {processor.py:829} INFO - Processing file /usr/local/lib/python3.10/dist-packages/airflow/example_dags/example_xcomargs.py for tasks to queue
[2023-11-28T01:01:11.220+0000] {logging_mixin.py:154} INFO - [2023-11-28T01:01:11.219+0000] {dagbag.py:536} INFO - Filling up the DagBag from /usr/local/lib/python3.10/dist-packages/airflow/example_dags/example_xcomargs.py
[2023-11-28T01:01:11.229+0000] {processor.py:839} INFO - DAG(s) dict_keys(['example_xcom_args_with_operators', 'example_xcom_args']) retrieved from /usr/local/lib/python3.10/dist-packages/airflow/example_dags/example_xcomargs.py
[2023-11-28T01:01:11.249+0000] {logging_mixin.py:154} INFO - [2023-11-28T01:01:11.248+0000] {dag.py:2941} INFO - Sync 2 DAGs
[2023-11-28T01:01:11.261+0000] {logging_mixin.py:154} INFO - [2023-11-28T01:01:11.260+0000] {dag.py:3722} INFO - Setting next_dagrun for example_xcom_args to None, run_after=None
[2023-11-28T01:01:11.264+0000] {logging_mixin.py:154} INFO - [2023-11-28T01:01:11.264+0000] {dag.py:3722} INFO - Setting next_dagrun for example_xcom_args_with_operators to None, run_after=None
[2023-11-28T01:01:11.284+0000] {processor.py:179} INFO - Processing /usr/local/lib/python3.10/dist-packages/airflow/example_dags/example_xcomargs.py took 0.070 seconds
[2023-11-28T01:01:55.528+0000] {processor.py:157} INFO - Started process (PID=5678) to work on /usr/local/lib/python3.10/dist-packages/airflow/example_dags/example_xcomargs.py
[2023-11-28T01:01:55.529+0000] {processor.py:829} INFO - Processing file /usr/local/lib/python3.10/dist-packages/airflow/example_dags/example_xcomargs.py for tasks to queue
[2023-11-28T01:01:55.530+0000] {logging_mixin.py:154} INFO - [2023-11-28T01:01:55.530+0000] {dagbag.py:536} INFO - Filling up the DagBag from /usr/local/lib/python3.10/dist-packages/airflow/example_dags/example_xcomargs.py
[2023-11-28T01:01:55.540+0000] {processor.py:839} INFO - DAG(s) dict_keys(['example_xcom_args', 'example_xcom_args_with_operators']) retrieved from /usr/local/lib/python3.10/dist-packages/airflow/example_dags/example_xcomargs.py
[2023-11-28T01:01:55.560+0000] {logging_mixin.py:154} INFO - [2023-11-28T01:01:55.560+0000] {dag.py:2941} INFO - Sync 2 DAGs
[2023-11-28T01:01:55.573+0000] {logging_mixin.py:154} INFO - [2023-11-28T01:01:55.572+0000] {dag.py:3722} INFO - Setting next_dagrun for example_xcom_args to None, run_after=None
[2023-11-28T01:01:55.576+0000] {logging_mixin.py:154} INFO - [2023-11-28T01:01:55.576+0000] {dag.py:3722} INFO - Setting next_dagrun for example_xcom_args_with_operators to None, run_after=None
[2023-11-28T01:01:55.598+0000] {processor.py:179} INFO - Processing /usr/local/lib/python3.10/dist-packages/airflow/example_dags/example_xcomargs.py took 0.074 seconds
[2023-11-28T01:02:40.959+0000] {processor.py:157} INFO - Started process (PID=5727) to work on /usr/local/lib/python3.10/dist-packages/airflow/example_dags/example_xcomargs.py
[2023-11-28T01:02:40.960+0000] {processor.py:829} INFO - Processing file /usr/local/lib/python3.10/dist-packages/airflow/example_dags/example_xcomargs.py for tasks to queue
[2023-11-28T01:02:40.961+0000] {logging_mixin.py:154} INFO - [2023-11-28T01:02:40.961+0000] {dagbag.py:536} INFO - Filling up the DagBag from /usr/local/lib/python3.10/dist-packages/airflow/example_dags/example_xcomargs.py
[2023-11-28T01:02:40.970+0000] {processor.py:839} INFO - DAG(s) dict_keys(['example_xcom_args', 'example_xcom_args_with_operators']) retrieved from /usr/local/lib/python3.10/dist-packages/airflow/example_dags/example_xcomargs.py
[2023-11-28T01:02:40.992+0000] {logging_mixin.py:154} INFO - [2023-11-28T01:02:40.991+0000] {dag.py:2941} INFO - Sync 2 DAGs
[2023-11-28T01:02:41.005+0000] {logging_mixin.py:154} INFO - [2023-11-28T01:02:41.004+0000] {dag.py:3722} INFO - Setting next_dagrun for example_xcom_args to None, run_after=None
[2023-11-28T01:02:41.009+0000] {logging_mixin.py:154} INFO - [2023-11-28T01:02:41.009+0000] {dag.py:3722} INFO - Setting next_dagrun for example_xcom_args_with_operators to None, run_after=None
[2023-11-28T01:02:41.030+0000] {processor.py:179} INFO - Processing /usr/local/lib/python3.10/dist-packages/airflow/example_dags/example_xcomargs.py took 0.074 seconds
[2023-11-28T01:03:26.118+0000] {processor.py:157} INFO - Started process (PID=5772) to work on /usr/local/lib/python3.10/dist-packages/airflow/example_dags/example_xcomargs.py
[2023-11-28T01:03:26.119+0000] {processor.py:829} INFO - Processing file /usr/local/lib/python3.10/dist-packages/airflow/example_dags/example_xcomargs.py for tasks to queue
[2023-11-28T01:03:26.120+0000] {logging_mixin.py:154} INFO - [2023-11-28T01:03:26.120+0000] {dagbag.py:536} INFO - Filling up the DagBag from /usr/local/lib/python3.10/dist-packages/airflow/example_dags/example_xcomargs.py
[2023-11-28T01:03:26.129+0000] {processor.py:839} INFO - DAG(s) dict_keys(['example_xcom_args', 'example_xcom_args_with_operators']) retrieved from /usr/local/lib/python3.10/dist-packages/airflow/example_dags/example_xcomargs.py
[2023-11-28T01:03:26.150+0000] {logging_mixin.py:154} INFO - [2023-11-28T01:03:26.150+0000] {dag.py:2941} INFO - Sync 2 DAGs
[2023-11-28T01:03:26.163+0000] {logging_mixin.py:154} INFO - [2023-11-28T01:03:26.163+0000] {dag.py:3722} INFO - Setting next_dagrun for example_xcom_args to None, run_after=None
[2023-11-28T01:03:26.166+0000] {logging_mixin.py:154} INFO - [2023-11-28T01:03:26.166+0000] {dag.py:3722} INFO - Setting next_dagrun for example_xcom_args_with_operators to None, run_after=None
[2023-11-28T01:03:26.187+0000] {processor.py:179} INFO - Processing /usr/local/lib/python3.10/dist-packages/airflow/example_dags/example_xcomargs.py took 0.073 seconds
[2023-11-28T01:04:11.419+0000] {processor.py:157} INFO - Started process (PID=5932) to work on /usr/local/lib/python3.10/dist-packages/airflow/example_dags/example_xcomargs.py
[2023-11-28T01:04:11.420+0000] {processor.py:829} INFO - Processing file /usr/local/lib/python3.10/dist-packages/airflow/example_dags/example_xcomargs.py for tasks to queue
[2023-11-28T01:04:11.421+0000] {logging_mixin.py:154} INFO - [2023-11-28T01:04:11.421+0000] {dagbag.py:536} INFO - Filling up the DagBag from /usr/local/lib/python3.10/dist-packages/airflow/example_dags/example_xcomargs.py
[2023-11-28T01:04:11.431+0000] {processor.py:839} INFO - DAG(s) dict_keys(['example_xcom_args', 'example_xcom_args_with_operators']) retrieved from /usr/local/lib/python3.10/dist-packages/airflow/example_dags/example_xcomargs.py
[2023-11-28T01:04:11.451+0000] {logging_mixin.py:154} INFO - [2023-11-28T01:04:11.450+0000] {dag.py:2941} INFO - Sync 2 DAGs
[2023-11-28T01:04:11.463+0000] {logging_mixin.py:154} INFO - [2023-11-28T01:04:11.463+0000] {dag.py:3722} INFO - Setting next_dagrun for example_xcom_args to None, run_after=None
[2023-11-28T01:04:11.467+0000] {logging_mixin.py:154} INFO - [2023-11-28T01:04:11.467+0000] {dag.py:3722} INFO - Setting next_dagrun for example_xcom_args_with_operators to None, run_after=None
[2023-11-28T01:04:11.487+0000] {processor.py:179} INFO - Processing /usr/local/lib/python3.10/dist-packages/airflow/example_dags/example_xcomargs.py took 0.072 seconds
[2023-11-28T01:04:53.785+0000] {processor.py:157} INFO - Started process (PID=5978) to work on /usr/local/lib/python3.10/dist-packages/airflow/example_dags/example_xcomargs.py
[2023-11-28T01:04:53.787+0000] {processor.py:829} INFO - Processing file /usr/local/lib/python3.10/dist-packages/airflow/example_dags/example_xcomargs.py for tasks to queue
[2023-11-28T01:04:53.788+0000] {logging_mixin.py:154} INFO - [2023-11-28T01:04:53.787+0000] {dagbag.py:536} INFO - Filling up the DagBag from /usr/local/lib/python3.10/dist-packages/airflow/example_dags/example_xcomargs.py
[2023-11-28T01:04:53.797+0000] {processor.py:839} INFO - DAG(s) dict_keys(['example_xcom_args_with_operators', 'example_xcom_args']) retrieved from /usr/local/lib/python3.10/dist-packages/airflow/example_dags/example_xcomargs.py
[2023-11-28T01:04:53.818+0000] {logging_mixin.py:154} INFO - [2023-11-28T01:04:53.818+0000] {dag.py:2941} INFO - Sync 2 DAGs
[2023-11-28T01:04:53.831+0000] {logging_mixin.py:154} INFO - [2023-11-28T01:04:53.831+0000] {dag.py:3722} INFO - Setting next_dagrun for example_xcom_args to None, run_after=None
[2023-11-28T01:04:53.835+0000] {logging_mixin.py:154} INFO - [2023-11-28T01:04:53.835+0000] {dag.py:3722} INFO - Setting next_dagrun for example_xcom_args_with_operators to None, run_after=None
[2023-11-28T01:04:53.856+0000] {processor.py:179} INFO - Processing /usr/local/lib/python3.10/dist-packages/airflow/example_dags/example_xcomargs.py took 0.075 seconds
[2023-11-28T01:05:38.393+0000] {processor.py:157} INFO - Started process (PID=6024) to work on /usr/local/lib/python3.10/dist-packages/airflow/example_dags/example_xcomargs.py
[2023-11-28T01:05:38.395+0000] {processor.py:829} INFO - Processing file /usr/local/lib/python3.10/dist-packages/airflow/example_dags/example_xcomargs.py for tasks to queue
[2023-11-28T01:05:38.396+0000] {logging_mixin.py:154} INFO - [2023-11-28T01:05:38.395+0000] {dagbag.py:536} INFO - Filling up the DagBag from /usr/local/lib/python3.10/dist-packages/airflow/example_dags/example_xcomargs.py
[2023-11-28T01:05:38.406+0000] {processor.py:839} INFO - DAG(s) dict_keys(['example_xcom_args', 'example_xcom_args_with_operators']) retrieved from /usr/local/lib/python3.10/dist-packages/airflow/example_dags/example_xcomargs.py
[2023-11-28T01:05:38.426+0000] {logging_mixin.py:154} INFO - [2023-11-28T01:05:38.426+0000] {dag.py:2941} INFO - Sync 2 DAGs
[2023-11-28T01:05:38.438+0000] {logging_mixin.py:154} INFO - [2023-11-28T01:05:38.438+0000] {dag.py:3722} INFO - Setting next_dagrun for example_xcom_args to None, run_after=None
[2023-11-28T01:05:38.442+0000] {logging_mixin.py:154} INFO - [2023-11-28T01:05:38.442+0000] {dag.py:3722} INFO - Setting next_dagrun for example_xcom_args_with_operators to None, run_after=None
[2023-11-28T01:05:38.462+0000] {processor.py:179} INFO - Processing /usr/local/lib/python3.10/dist-packages/airflow/example_dags/example_xcomargs.py took 0.073 seconds
[2023-11-28T01:06:25.295+0000] {processor.py:157} INFO - Started process (PID=6073) to work on /usr/local/lib/python3.10/dist-packages/airflow/example_dags/example_xcomargs.py
[2023-11-28T01:06:25.297+0000] {processor.py:829} INFO - Processing file /usr/local/lib/python3.10/dist-packages/airflow/example_dags/example_xcomargs.py for tasks to queue
[2023-11-28T01:06:25.298+0000] {logging_mixin.py:154} INFO - [2023-11-28T01:06:25.297+0000] {dagbag.py:536} INFO - Filling up the DagBag from /usr/local/lib/python3.10/dist-packages/airflow/example_dags/example_xcomargs.py
[2023-11-28T01:06:25.307+0000] {processor.py:839} INFO - DAG(s) dict_keys(['example_xcom_args', 'example_xcom_args_with_operators']) retrieved from /usr/local/lib/python3.10/dist-packages/airflow/example_dags/example_xcomargs.py
[2023-11-28T01:06:25.329+0000] {logging_mixin.py:154} INFO - [2023-11-28T01:06:25.329+0000] {dag.py:2941} INFO - Sync 2 DAGs
[2023-11-28T01:06:25.342+0000] {logging_mixin.py:154} INFO - [2023-11-28T01:06:25.342+0000] {dag.py:3722} INFO - Setting next_dagrun for example_xcom_args to None, run_after=None
[2023-11-28T01:06:25.346+0000] {logging_mixin.py:154} INFO - [2023-11-28T01:06:25.346+0000] {dag.py:3722} INFO - Setting next_dagrun for example_xcom_args_with_operators to None, run_after=None
[2023-11-28T01:06:25.367+0000] {processor.py:179} INFO - Processing /usr/local/lib/python3.10/dist-packages/airflow/example_dags/example_xcomargs.py took 0.076 seconds
[2023-11-28T01:07:11.678+0000] {processor.py:157} INFO - Started process (PID=6119) to work on /usr/local/lib/python3.10/dist-packages/airflow/example_dags/example_xcomargs.py
[2023-11-28T01:07:11.679+0000] {processor.py:829} INFO - Processing file /usr/local/lib/python3.10/dist-packages/airflow/example_dags/example_xcomargs.py for tasks to queue
[2023-11-28T01:07:11.680+0000] {logging_mixin.py:154} INFO - [2023-11-28T01:07:11.679+0000] {dagbag.py:536} INFO - Filling up the DagBag from /usr/local/lib/python3.10/dist-packages/airflow/example_dags/example_xcomargs.py
[2023-11-28T01:07:11.689+0000] {processor.py:839} INFO - DAG(s) dict_keys(['example_xcom_args_with_operators', 'example_xcom_args']) retrieved from /usr/local/lib/python3.10/dist-packages/airflow/example_dags/example_xcomargs.py
[2023-11-28T01:07:11.710+0000] {logging_mixin.py:154} INFO - [2023-11-28T01:07:11.710+0000] {dag.py:2941} INFO - Sync 2 DAGs
[2023-11-28T01:07:11.723+0000] {logging_mixin.py:154} INFO - [2023-11-28T01:07:11.723+0000] {dag.py:3722} INFO - Setting next_dagrun for example_xcom_args to None, run_after=None
[2023-11-28T01:07:11.728+0000] {logging_mixin.py:154} INFO - [2023-11-28T01:07:11.727+0000] {dag.py:3722} INFO - Setting next_dagrun for example_xcom_args_with_operators to None, run_after=None
[2023-11-28T01:07:11.749+0000] {processor.py:179} INFO - Processing /usr/local/lib/python3.10/dist-packages/airflow/example_dags/example_xcomargs.py took 0.075 seconds
[2023-11-28T01:08:00.093+0000] {processor.py:157} INFO - Started process (PID=6168) to work on /usr/local/lib/python3.10/dist-packages/airflow/example_dags/example_xcomargs.py
[2023-11-28T01:08:00.095+0000] {processor.py:829} INFO - Processing file /usr/local/lib/python3.10/dist-packages/airflow/example_dags/example_xcomargs.py for tasks to queue
[2023-11-28T01:08:00.097+0000] {logging_mixin.py:154} INFO - [2023-11-28T01:08:00.095+0000] {dagbag.py:536} INFO - Filling up the DagBag from /usr/local/lib/python3.10/dist-packages/airflow/example_dags/example_xcomargs.py
[2023-11-28T01:08:00.134+0000] {processor.py:839} INFO - DAG(s) dict_keys(['example_xcom_args_with_operators', 'example_xcom_args']) retrieved from /usr/local/lib/python3.10/dist-packages/airflow/example_dags/example_xcomargs.py
[2023-11-28T01:08:00.161+0000] {logging_mixin.py:154} INFO - [2023-11-28T01:08:00.161+0000] {dag.py:2941} INFO - Sync 2 DAGs
[2023-11-28T01:08:00.176+0000] {logging_mixin.py:154} INFO - [2023-11-28T01:08:00.175+0000] {dag.py:3722} INFO - Setting next_dagrun for example_xcom_args to None, run_after=None
[2023-11-28T01:08:00.180+0000] {logging_mixin.py:154} INFO - [2023-11-28T01:08:00.180+0000] {dag.py:3722} INFO - Setting next_dagrun for example_xcom_args_with_operators to None, run_after=None
[2023-11-28T01:08:00.235+0000] {processor.py:179} INFO - Processing /usr/local/lib/python3.10/dist-packages/airflow/example_dags/example_xcomargs.py took 0.156 seconds
[2023-11-28T01:08:46.835+0000] {processor.py:157} INFO - Started process (PID=6219) to work on /usr/local/lib/python3.10/dist-packages/airflow/example_dags/example_xcomargs.py
[2023-11-28T01:08:46.836+0000] {processor.py:829} INFO - Processing file /usr/local/lib/python3.10/dist-packages/airflow/example_dags/example_xcomargs.py for tasks to queue
[2023-11-28T01:08:46.837+0000] {logging_mixin.py:154} INFO - [2023-11-28T01:08:46.837+0000] {dagbag.py:536} INFO - Filling up the DagBag from /usr/local/lib/python3.10/dist-packages/airflow/example_dags/example_xcomargs.py
[2023-11-28T01:08:46.847+0000] {processor.py:839} INFO - DAG(s) dict_keys(['example_xcom_args_with_operators', 'example_xcom_args']) retrieved from /usr/local/lib/python3.10/dist-packages/airflow/example_dags/example_xcomargs.py
[2023-11-28T01:08:46.867+0000] {logging_mixin.py:154} INFO - [2023-11-28T01:08:46.866+0000] {dag.py:2941} INFO - Sync 2 DAGs
[2023-11-28T01:08:46.880+0000] {logging_mixin.py:154} INFO - [2023-11-28T01:08:46.880+0000] {dag.py:3722} INFO - Setting next_dagrun for example_xcom_args to None, run_after=None
[2023-11-28T01:08:46.883+0000] {logging_mixin.py:154} INFO - [2023-11-28T01:08:46.883+0000] {dag.py:3722} INFO - Setting next_dagrun for example_xcom_args_with_operators to None, run_after=None
[2023-11-28T01:08:46.905+0000] {processor.py:179} INFO - Processing /usr/local/lib/python3.10/dist-packages/airflow/example_dags/example_xcomargs.py took 0.073 seconds
[2023-11-28T01:09:28.553+0000] {processor.py:157} INFO - Started process (PID=6264) to work on /usr/local/lib/python3.10/dist-packages/airflow/example_dags/example_xcomargs.py
[2023-11-28T01:09:28.555+0000] {processor.py:829} INFO - Processing file /usr/local/lib/python3.10/dist-packages/airflow/example_dags/example_xcomargs.py for tasks to queue
[2023-11-28T01:09:28.556+0000] {logging_mixin.py:154} INFO - [2023-11-28T01:09:28.555+0000] {dagbag.py:536} INFO - Filling up the DagBag from /usr/local/lib/python3.10/dist-packages/airflow/example_dags/example_xcomargs.py
[2023-11-28T01:09:28.565+0000] {processor.py:839} INFO - DAG(s) dict_keys(['example_xcom_args', 'example_xcom_args_with_operators']) retrieved from /usr/local/lib/python3.10/dist-packages/airflow/example_dags/example_xcomargs.py
[2023-11-28T01:09:28.585+0000] {logging_mixin.py:154} INFO - [2023-11-28T01:09:28.584+0000] {dag.py:2941} INFO - Sync 2 DAGs
[2023-11-28T01:09:28.597+0000] {logging_mixin.py:154} INFO - [2023-11-28T01:09:28.597+0000] {dag.py:3722} INFO - Setting next_dagrun for example_xcom_args to None, run_after=None
[2023-11-28T01:09:28.600+0000] {logging_mixin.py:154} INFO - [2023-11-28T01:09:28.600+0000] {dag.py:3722} INFO - Setting next_dagrun for example_xcom_args_with_operators to None, run_after=None
[2023-11-28T01:09:28.621+0000] {processor.py:179} INFO - Processing /usr/local/lib/python3.10/dist-packages/airflow/example_dags/example_xcomargs.py took 0.071 seconds
[2023-11-28T01:10:16.332+0000] {processor.py:157} INFO - Started process (PID=6312) to work on /usr/local/lib/python3.10/dist-packages/airflow/example_dags/example_xcomargs.py
[2023-11-28T01:10:16.334+0000] {processor.py:829} INFO - Processing file /usr/local/lib/python3.10/dist-packages/airflow/example_dags/example_xcomargs.py for tasks to queue
[2023-11-28T01:10:16.335+0000] {logging_mixin.py:154} INFO - [2023-11-28T01:10:16.334+0000] {dagbag.py:536} INFO - Filling up the DagBag from /usr/local/lib/python3.10/dist-packages/airflow/example_dags/example_xcomargs.py
[2023-11-28T01:10:16.344+0000] {processor.py:839} INFO - DAG(s) dict_keys(['example_xcom_args_with_operators', 'example_xcom_args']) retrieved from /usr/local/lib/python3.10/dist-packages/airflow/example_dags/example_xcomargs.py
[2023-11-28T01:10:16.366+0000] {logging_mixin.py:154} INFO - [2023-11-28T01:10:16.365+0000] {dag.py:2941} INFO - Sync 2 DAGs
[2023-11-28T01:10:16.378+0000] {logging_mixin.py:154} INFO - [2023-11-28T01:10:16.378+0000] {dag.py:3722} INFO - Setting next_dagrun for example_xcom_args to None, run_after=None
[2023-11-28T01:10:16.382+0000] {logging_mixin.py:154} INFO - [2023-11-28T01:10:16.382+0000] {dag.py:3722} INFO - Setting next_dagrun for example_xcom_args_with_operators to None, run_after=None
[2023-11-28T01:10:16.405+0000] {processor.py:179} INFO - Processing /usr/local/lib/python3.10/dist-packages/airflow/example_dags/example_xcomargs.py took 0.076 seconds
[2023-11-28T01:11:03.054+0000] {processor.py:157} INFO - Started process (PID=6360) to work on /usr/local/lib/python3.10/dist-packages/airflow/example_dags/example_xcomargs.py
[2023-11-28T01:11:03.055+0000] {processor.py:829} INFO - Processing file /usr/local/lib/python3.10/dist-packages/airflow/example_dags/example_xcomargs.py for tasks to queue
[2023-11-28T01:11:03.056+0000] {logging_mixin.py:154} INFO - [2023-11-28T01:11:03.056+0000] {dagbag.py:536} INFO - Filling up the DagBag from /usr/local/lib/python3.10/dist-packages/airflow/example_dags/example_xcomargs.py
[2023-11-28T01:11:03.066+0000] {processor.py:839} INFO - DAG(s) dict_keys(['example_xcom_args', 'example_xcom_args_with_operators']) retrieved from /usr/local/lib/python3.10/dist-packages/airflow/example_dags/example_xcomargs.py
[2023-11-28T01:11:03.086+0000] {logging_mixin.py:154} INFO - [2023-11-28T01:11:03.086+0000] {dag.py:2941} INFO - Sync 2 DAGs
[2023-11-28T01:11:03.099+0000] {logging_mixin.py:154} INFO - [2023-11-28T01:11:03.099+0000] {dag.py:3722} INFO - Setting next_dagrun for example_xcom_args to None, run_after=None
[2023-11-28T01:11:03.103+0000] {logging_mixin.py:154} INFO - [2023-11-28T01:11:03.102+0000] {dag.py:3722} INFO - Setting next_dagrun for example_xcom_args_with_operators to None, run_after=None
[2023-11-28T01:11:03.123+0000] {processor.py:179} INFO - Processing /usr/local/lib/python3.10/dist-packages/airflow/example_dags/example_xcomargs.py took 0.073 seconds
[2023-11-28T01:11:48.157+0000] {processor.py:157} INFO - Started process (PID=6407) to work on /usr/local/lib/python3.10/dist-packages/airflow/example_dags/example_xcomargs.py
[2023-11-28T01:11:48.158+0000] {processor.py:829} INFO - Processing file /usr/local/lib/python3.10/dist-packages/airflow/example_dags/example_xcomargs.py for tasks to queue
[2023-11-28T01:11:48.159+0000] {logging_mixin.py:154} INFO - [2023-11-28T01:11:48.159+0000] {dagbag.py:536} INFO - Filling up the DagBag from /usr/local/lib/python3.10/dist-packages/airflow/example_dags/example_xcomargs.py
[2023-11-28T01:11:48.169+0000] {processor.py:839} INFO - DAG(s) dict_keys(['example_xcom_args', 'example_xcom_args_with_operators']) retrieved from /usr/local/lib/python3.10/dist-packages/airflow/example_dags/example_xcomargs.py
[2023-11-28T01:11:48.189+0000] {logging_mixin.py:154} INFO - [2023-11-28T01:11:48.189+0000] {dag.py:2941} INFO - Sync 2 DAGs
[2023-11-28T01:11:48.202+0000] {logging_mixin.py:154} INFO - [2023-11-28T01:11:48.201+0000] {dag.py:3722} INFO - Setting next_dagrun for example_xcom_args to None, run_after=None
[2023-11-28T01:11:48.205+0000] {logging_mixin.py:154} INFO - [2023-11-28T01:11:48.205+0000] {dag.py:3722} INFO - Setting next_dagrun for example_xcom_args_with_operators to None, run_after=None
[2023-11-28T01:11:48.225+0000] {processor.py:179} INFO - Processing /usr/local/lib/python3.10/dist-packages/airflow/example_dags/example_xcomargs.py took 0.072 seconds
[2023-11-28T01:12:33.908+0000] {processor.py:157} INFO - Started process (PID=6455) to work on /usr/local/lib/python3.10/dist-packages/airflow/example_dags/example_xcomargs.py
[2023-11-28T01:12:33.909+0000] {processor.py:829} INFO - Processing file /usr/local/lib/python3.10/dist-packages/airflow/example_dags/example_xcomargs.py for tasks to queue
[2023-11-28T01:12:33.910+0000] {logging_mixin.py:154} INFO - [2023-11-28T01:12:33.910+0000] {dagbag.py:536} INFO - Filling up the DagBag from /usr/local/lib/python3.10/dist-packages/airflow/example_dags/example_xcomargs.py
[2023-11-28T01:12:33.920+0000] {processor.py:839} INFO - DAG(s) dict_keys(['example_xcom_args', 'example_xcom_args_with_operators']) retrieved from /usr/local/lib/python3.10/dist-packages/airflow/example_dags/example_xcomargs.py
[2023-11-28T01:12:33.940+0000] {logging_mixin.py:154} INFO - [2023-11-28T01:12:33.940+0000] {dag.py:2941} INFO - Sync 2 DAGs
[2023-11-28T01:12:33.953+0000] {logging_mixin.py:154} INFO - [2023-11-28T01:12:33.953+0000] {dag.py:3722} INFO - Setting next_dagrun for example_xcom_args to None, run_after=None
[2023-11-28T01:12:33.957+0000] {logging_mixin.py:154} INFO - [2023-11-28T01:12:33.957+0000] {dag.py:3722} INFO - Setting next_dagrun for example_xcom_args_with_operators to None, run_after=None
[2023-11-28T01:12:33.980+0000] {processor.py:179} INFO - Processing /usr/local/lib/python3.10/dist-packages/airflow/example_dags/example_xcomargs.py took 0.076 seconds
[2023-11-28T01:13:17.021+0000] {processor.py:157} INFO - Started process (PID=6499) to work on /usr/local/lib/python3.10/dist-packages/airflow/example_dags/example_xcomargs.py
[2023-11-28T01:13:17.023+0000] {processor.py:829} INFO - Processing file /usr/local/lib/python3.10/dist-packages/airflow/example_dags/example_xcomargs.py for tasks to queue
[2023-11-28T01:13:17.024+0000] {logging_mixin.py:154} INFO - [2023-11-28T01:13:17.023+0000] {dagbag.py:536} INFO - Filling up the DagBag from /usr/local/lib/python3.10/dist-packages/airflow/example_dags/example_xcomargs.py
[2023-11-28T01:13:17.033+0000] {processor.py:839} INFO - DAG(s) dict_keys(['example_xcom_args_with_operators', 'example_xcom_args']) retrieved from /usr/local/lib/python3.10/dist-packages/airflow/example_dags/example_xcomargs.py
[2023-11-28T01:13:17.054+0000] {logging_mixin.py:154} INFO - [2023-11-28T01:13:17.054+0000] {dag.py:2941} INFO - Sync 2 DAGs
[2023-11-28T01:13:17.067+0000] {logging_mixin.py:154} INFO - [2023-11-28T01:13:17.067+0000] {dag.py:3722} INFO - Setting next_dagrun for example_xcom_args to None, run_after=None
[2023-11-28T01:13:17.071+0000] {logging_mixin.py:154} INFO - [2023-11-28T01:13:17.070+0000] {dag.py:3722} INFO - Setting next_dagrun for example_xcom_args_with_operators to None, run_after=None
[2023-11-28T01:13:17.091+0000] {processor.py:179} INFO - Processing /usr/local/lib/python3.10/dist-packages/airflow/example_dags/example_xcomargs.py took 0.073 seconds
[2023-11-28T01:14:04.183+0000] {processor.py:157} INFO - Started process (PID=6547) to work on /usr/local/lib/python3.10/dist-packages/airflow/example_dags/example_xcomargs.py
[2023-11-28T01:14:04.184+0000] {processor.py:829} INFO - Processing file /usr/local/lib/python3.10/dist-packages/airflow/example_dags/example_xcomargs.py for tasks to queue
[2023-11-28T01:14:04.185+0000] {logging_mixin.py:154} INFO - [2023-11-28T01:14:04.184+0000] {dagbag.py:536} INFO - Filling up the DagBag from /usr/local/lib/python3.10/dist-packages/airflow/example_dags/example_xcomargs.py
[2023-11-28T01:14:04.194+0000] {processor.py:839} INFO - DAG(s) dict_keys(['example_xcom_args_with_operators', 'example_xcom_args']) retrieved from /usr/local/lib/python3.10/dist-packages/airflow/example_dags/example_xcomargs.py
[2023-11-28T01:14:04.216+0000] {logging_mixin.py:154} INFO - [2023-11-28T01:14:04.215+0000] {dag.py:2941} INFO - Sync 2 DAGs
[2023-11-28T01:14:04.229+0000] {logging_mixin.py:154} INFO - [2023-11-28T01:14:04.229+0000] {dag.py:3722} INFO - Setting next_dagrun for example_xcom_args to None, run_after=None
[2023-11-28T01:14:04.233+0000] {logging_mixin.py:154} INFO - [2023-11-28T01:14:04.233+0000] {dag.py:3722} INFO - Setting next_dagrun for example_xcom_args_with_operators to None, run_after=None
[2023-11-28T01:14:04.254+0000] {processor.py:179} INFO - Processing /usr/local/lib/python3.10/dist-packages/airflow/example_dags/example_xcomargs.py took 0.075 seconds
[2023-11-28T01:15:09.556+0000] {processor.py:157} INFO - Started process (PID=6623) to work on /usr/local/lib/python3.10/dist-packages/airflow/example_dags/example_xcomargs.py
[2023-11-28T01:15:09.557+0000] {processor.py:829} INFO - Processing file /usr/local/lib/python3.10/dist-packages/airflow/example_dags/example_xcomargs.py for tasks to queue
[2023-11-28T01:15:09.558+0000] {logging_mixin.py:154} INFO - [2023-11-28T01:15:09.558+0000] {dagbag.py:536} INFO - Filling up the DagBag from /usr/local/lib/python3.10/dist-packages/airflow/example_dags/example_xcomargs.py
[2023-11-28T01:15:09.570+0000] {processor.py:839} INFO - DAG(s) dict_keys(['example_xcom_args', 'example_xcom_args_with_operators']) retrieved from /usr/local/lib/python3.10/dist-packages/airflow/example_dags/example_xcomargs.py
[2023-11-28T01:15:09.579+0000] {logging_mixin.py:154} INFO - [2023-11-28T01:15:09.579+0000] {dag.py:2941} INFO - Sync 2 DAGs
[2023-11-28T01:15:09.593+0000] {logging_mixin.py:154} INFO - [2023-11-28T01:15:09.593+0000] {dag.py:3722} INFO - Setting next_dagrun for example_xcom_args to None, run_after=None
[2023-11-28T01:15:09.597+0000] {logging_mixin.py:154} INFO - [2023-11-28T01:15:09.597+0000] {dag.py:3722} INFO - Setting next_dagrun for example_xcom_args_with_operators to None, run_after=None
[2023-11-28T01:15:09.621+0000] {processor.py:179} INFO - Processing /usr/local/lib/python3.10/dist-packages/airflow/example_dags/example_xcomargs.py took 0.069 seconds
[2023-11-28T01:15:52.944+0000] {processor.py:157} INFO - Started process (PID=6670) to work on /usr/local/lib/python3.10/dist-packages/airflow/example_dags/example_xcomargs.py
[2023-11-28T01:15:52.945+0000] {processor.py:829} INFO - Processing file /usr/local/lib/python3.10/dist-packages/airflow/example_dags/example_xcomargs.py for tasks to queue
[2023-11-28T01:15:52.946+0000] {logging_mixin.py:154} INFO - [2023-11-28T01:15:52.946+0000] {dagbag.py:536} INFO - Filling up the DagBag from /usr/local/lib/python3.10/dist-packages/airflow/example_dags/example_xcomargs.py
[2023-11-28T01:15:52.956+0000] {processor.py:839} INFO - DAG(s) dict_keys(['example_xcom_args', 'example_xcom_args_with_operators']) retrieved from /usr/local/lib/python3.10/dist-packages/airflow/example_dags/example_xcomargs.py
[2023-11-28T01:15:52.977+0000] {logging_mixin.py:154} INFO - [2023-11-28T01:15:52.976+0000] {dag.py:2941} INFO - Sync 2 DAGs
[2023-11-28T01:15:52.990+0000] {logging_mixin.py:154} INFO - [2023-11-28T01:15:52.989+0000] {dag.py:3722} INFO - Setting next_dagrun for example_xcom_args to None, run_after=None
[2023-11-28T01:15:52.993+0000] {logging_mixin.py:154} INFO - [2023-11-28T01:15:52.993+0000] {dag.py:3722} INFO - Setting next_dagrun for example_xcom_args_with_operators to None, run_after=None
[2023-11-28T01:15:53.017+0000] {processor.py:179} INFO - Processing /usr/local/lib/python3.10/dist-packages/airflow/example_dags/example_xcomargs.py took 0.077 seconds
[2023-11-28T01:16:39.217+0000] {processor.py:157} INFO - Started process (PID=6716) to work on /usr/local/lib/python3.10/dist-packages/airflow/example_dags/example_xcomargs.py
[2023-11-28T01:16:39.219+0000] {processor.py:829} INFO - Processing file /usr/local/lib/python3.10/dist-packages/airflow/example_dags/example_xcomargs.py for tasks to queue
[2023-11-28T01:16:39.220+0000] {logging_mixin.py:154} INFO - [2023-11-28T01:16:39.220+0000] {dagbag.py:536} INFO - Filling up the DagBag from /usr/local/lib/python3.10/dist-packages/airflow/example_dags/example_xcomargs.py
[2023-11-28T01:16:39.230+0000] {processor.py:839} INFO - DAG(s) dict_keys(['example_xcom_args', 'example_xcom_args_with_operators']) retrieved from /usr/local/lib/python3.10/dist-packages/airflow/example_dags/example_xcomargs.py
[2023-11-28T01:16:39.250+0000] {logging_mixin.py:154} INFO - [2023-11-28T01:16:39.250+0000] {dag.py:2941} INFO - Sync 2 DAGs
[2023-11-28T01:16:39.263+0000] {logging_mixin.py:154} INFO - [2023-11-28T01:16:39.263+0000] {dag.py:3722} INFO - Setting next_dagrun for example_xcom_args to None, run_after=None
[2023-11-28T01:16:39.266+0000] {logging_mixin.py:154} INFO - [2023-11-28T01:16:39.266+0000] {dag.py:3722} INFO - Setting next_dagrun for example_xcom_args_with_operators to None, run_after=None
[2023-11-28T01:16:39.286+0000] {processor.py:179} INFO - Processing /usr/local/lib/python3.10/dist-packages/airflow/example_dags/example_xcomargs.py took 0.072 seconds
[2023-11-28T01:17:23.554+0000] {processor.py:157} INFO - Started process (PID=6769) to work on /usr/local/lib/python3.10/dist-packages/airflow/example_dags/example_xcomargs.py
[2023-11-28T01:17:23.555+0000] {processor.py:829} INFO - Processing file /usr/local/lib/python3.10/dist-packages/airflow/example_dags/example_xcomargs.py for tasks to queue
[2023-11-28T01:17:23.556+0000] {logging_mixin.py:154} INFO - [2023-11-28T01:17:23.555+0000] {dagbag.py:536} INFO - Filling up the DagBag from /usr/local/lib/python3.10/dist-packages/airflow/example_dags/example_xcomargs.py
[2023-11-28T01:17:23.565+0000] {processor.py:839} INFO - DAG(s) dict_keys(['example_xcom_args', 'example_xcom_args_with_operators']) retrieved from /usr/local/lib/python3.10/dist-packages/airflow/example_dags/example_xcomargs.py
[2023-11-28T01:17:23.585+0000] {logging_mixin.py:154} INFO - [2023-11-28T01:17:23.585+0000] {dag.py:2941} INFO - Sync 2 DAGs
[2023-11-28T01:17:23.598+0000] {logging_mixin.py:154} INFO - [2023-11-28T01:17:23.598+0000] {dag.py:3722} INFO - Setting next_dagrun for example_xcom_args to None, run_after=None
[2023-11-28T01:17:23.601+0000] {logging_mixin.py:154} INFO - [2023-11-28T01:17:23.601+0000] {dag.py:3722} INFO - Setting next_dagrun for example_xcom_args_with_operators to None, run_after=None
[2023-11-28T01:17:23.621+0000] {processor.py:179} INFO - Processing /usr/local/lib/python3.10/dist-packages/airflow/example_dags/example_xcomargs.py took 0.071 seconds
[2023-11-28T01:18:09.084+0000] {processor.py:157} INFO - Started process (PID=6817) to work on /usr/local/lib/python3.10/dist-packages/airflow/example_dags/example_xcomargs.py
[2023-11-28T01:18:09.086+0000] {processor.py:829} INFO - Processing file /usr/local/lib/python3.10/dist-packages/airflow/example_dags/example_xcomargs.py for tasks to queue
[2023-11-28T01:18:09.086+0000] {logging_mixin.py:154} INFO - [2023-11-28T01:18:09.086+0000] {dagbag.py:536} INFO - Filling up the DagBag from /usr/local/lib/python3.10/dist-packages/airflow/example_dags/example_xcomargs.py
[2023-11-28T01:18:09.096+0000] {processor.py:839} INFO - DAG(s) dict_keys(['example_xcom_args_with_operators', 'example_xcom_args']) retrieved from /usr/local/lib/python3.10/dist-packages/airflow/example_dags/example_xcomargs.py
[2023-11-28T01:18:09.116+0000] {logging_mixin.py:154} INFO - [2023-11-28T01:18:09.116+0000] {dag.py:2941} INFO - Sync 2 DAGs
[2023-11-28T01:18:09.129+0000] {logging_mixin.py:154} INFO - [2023-11-28T01:18:09.129+0000] {dag.py:3722} INFO - Setting next_dagrun for example_xcom_args to None, run_after=None
[2023-11-28T01:18:09.132+0000] {logging_mixin.py:154} INFO - [2023-11-28T01:18:09.132+0000] {dag.py:3722} INFO - Setting next_dagrun for example_xcom_args_with_operators to None, run_after=None
[2023-11-28T01:18:09.152+0000] {processor.py:179} INFO - Processing /usr/local/lib/python3.10/dist-packages/airflow/example_dags/example_xcomargs.py took 0.071 seconds
[2023-11-28T01:18:52.590+0000] {processor.py:157} INFO - Started process (PID=6861) to work on /usr/local/lib/python3.10/dist-packages/airflow/example_dags/example_xcomargs.py
[2023-11-28T01:18:52.591+0000] {processor.py:829} INFO - Processing file /usr/local/lib/python3.10/dist-packages/airflow/example_dags/example_xcomargs.py for tasks to queue
[2023-11-28T01:18:52.592+0000] {logging_mixin.py:154} INFO - [2023-11-28T01:18:52.592+0000] {dagbag.py:536} INFO - Filling up the DagBag from /usr/local/lib/python3.10/dist-packages/airflow/example_dags/example_xcomargs.py
[2023-11-28T01:18:52.601+0000] {processor.py:839} INFO - DAG(s) dict_keys(['example_xcom_args_with_operators', 'example_xcom_args']) retrieved from /usr/local/lib/python3.10/dist-packages/airflow/example_dags/example_xcomargs.py
[2023-11-28T01:18:52.621+0000] {logging_mixin.py:154} INFO - [2023-11-28T01:18:52.620+0000] {dag.py:2941} INFO - Sync 2 DAGs
[2023-11-28T01:18:52.633+0000] {logging_mixin.py:154} INFO - [2023-11-28T01:18:52.633+0000] {dag.py:3722} INFO - Setting next_dagrun for example_xcom_args to None, run_after=None
[2023-11-28T01:18:52.636+0000] {logging_mixin.py:154} INFO - [2023-11-28T01:18:52.636+0000] {dag.py:3722} INFO - Setting next_dagrun for example_xcom_args_with_operators to None, run_after=None
[2023-11-28T01:18:52.657+0000] {processor.py:179} INFO - Processing /usr/local/lib/python3.10/dist-packages/airflow/example_dags/example_xcomargs.py took 0.070 seconds
[2023-11-28T01:19:36.233+0000] {processor.py:157} INFO - Started process (PID=7026) to work on /usr/local/lib/python3.10/dist-packages/airflow/example_dags/example_xcomargs.py
[2023-11-28T01:19:36.234+0000] {processor.py:829} INFO - Processing file /usr/local/lib/python3.10/dist-packages/airflow/example_dags/example_xcomargs.py for tasks to queue
[2023-11-28T01:19:36.235+0000] {logging_mixin.py:154} INFO - [2023-11-28T01:19:36.235+0000] {dagbag.py:536} INFO - Filling up the DagBag from /usr/local/lib/python3.10/dist-packages/airflow/example_dags/example_xcomargs.py
[2023-11-28T01:19:36.245+0000] {processor.py:839} INFO - DAG(s) dict_keys(['example_xcom_args', 'example_xcom_args_with_operators']) retrieved from /usr/local/lib/python3.10/dist-packages/airflow/example_dags/example_xcomargs.py
[2023-11-28T01:19:36.265+0000] {logging_mixin.py:154} INFO - [2023-11-28T01:19:36.264+0000] {dag.py:2941} INFO - Sync 2 DAGs
[2023-11-28T01:19:36.277+0000] {logging_mixin.py:154} INFO - [2023-11-28T01:19:36.277+0000] {dag.py:3722} INFO - Setting next_dagrun for example_xcom_args to None, run_after=None
[2023-11-28T01:19:36.280+0000] {logging_mixin.py:154} INFO - [2023-11-28T01:19:36.280+0000] {dag.py:3722} INFO - Setting next_dagrun for example_xcom_args_with_operators to None, run_after=None
[2023-11-28T01:19:36.300+0000] {processor.py:179} INFO - Processing /usr/local/lib/python3.10/dist-packages/airflow/example_dags/example_xcomargs.py took 0.070 seconds
