[2023-11-28T00:45:01.811+0000] {processor.py:157} INFO - Started process (PID=3453) to work on /usr/local/lib/python3.10/dist-packages/airflow/example_dags/example_dag_decorator.py
[2023-11-28T00:45:01.812+0000] {processor.py:829} INFO - Processing file /usr/local/lib/python3.10/dist-packages/airflow/example_dags/example_dag_decorator.py for tasks to queue
[2023-11-28T00:45:01.813+0000] {logging_mixin.py:154} INFO - [2023-11-28T00:45:01.812+0000] {dagbag.py:536} INFO - Filling up the DagBag from /usr/local/lib/python3.10/dist-packages/airflow/example_dags/example_dag_decorator.py
[2023-11-28T00:45:01.826+0000] {processor.py:839} INFO - DAG(s) dict_keys(['example_dag_decorator']) retrieved from /usr/local/lib/python3.10/dist-packages/airflow/example_dags/example_dag_decorator.py
[2023-11-28T00:45:01.944+0000] {logging_mixin.py:154} INFO - [2023-11-28T00:45:01.943+0000] {manager.py:499} INFO - Created Permission View: %s
[2023-11-28T00:45:01.959+0000] {logging_mixin.py:154} INFO - [2023-11-28T00:45:01.958+0000] {manager.py:499} INFO - Created Permission View: %s
[2023-11-28T00:45:01.970+0000] {logging_mixin.py:154} INFO - [2023-11-28T00:45:01.970+0000] {manager.py:499} INFO - Created Permission View: %s
[2023-11-28T00:45:01.970+0000] {logging_mixin.py:154} INFO - [2023-11-28T00:45:01.970+0000] {dag.py:2941} INFO - Sync 1 DAGs
[2023-11-28T00:45:01.982+0000] {logging_mixin.py:154} INFO - [2023-11-28T00:45:01.982+0000] {dag.py:2963} INFO - Creating ORM DAG for example_dag_decorator
[2023-11-28T00:45:01.982+0000] {logging_mixin.py:154} INFO - [2023-11-28T00:45:01.982+0000] {dag.py:3722} INFO - Setting next_dagrun for example_dag_decorator to None, run_after=None
[2023-11-28T00:45:02.008+0000] {processor.py:179} INFO - Processing /usr/local/lib/python3.10/dist-packages/airflow/example_dags/example_dag_decorator.py took 0.200 seconds
[2023-11-28T00:45:49.515+0000] {processor.py:157} INFO - Started process (PID=3575) to work on /usr/local/lib/python3.10/dist-packages/airflow/example_dags/example_dag_decorator.py
[2023-11-28T00:45:49.516+0000] {processor.py:829} INFO - Processing file /usr/local/lib/python3.10/dist-packages/airflow/example_dags/example_dag_decorator.py for tasks to queue
[2023-11-28T00:45:49.517+0000] {logging_mixin.py:154} INFO - [2023-11-28T00:45:49.517+0000] {dagbag.py:536} INFO - Filling up the DagBag from /usr/local/lib/python3.10/dist-packages/airflow/example_dags/example_dag_decorator.py
[2023-11-28T00:45:49.530+0000] {processor.py:839} INFO - DAG(s) dict_keys(['example_dag_decorator']) retrieved from /usr/local/lib/python3.10/dist-packages/airflow/example_dags/example_dag_decorator.py
[2023-11-28T00:45:49.631+0000] {logging_mixin.py:154} INFO - [2023-11-28T00:45:49.631+0000] {dag.py:2941} INFO - Sync 1 DAGs
[2023-11-28T00:45:49.642+0000] {logging_mixin.py:154} INFO - [2023-11-28T00:45:49.641+0000] {dag.py:3722} INFO - Setting next_dagrun for example_dag_decorator to None, run_after=None
[2023-11-28T00:45:49.665+0000] {processor.py:179} INFO - Processing /usr/local/lib/python3.10/dist-packages/airflow/example_dags/example_dag_decorator.py took 0.154 seconds
[2023-11-28T00:46:43.392+0000] {processor.py:157} INFO - Started process (PID=3632) to work on /usr/local/lib/python3.10/dist-packages/airflow/example_dags/example_dag_decorator.py
[2023-11-28T00:46:43.393+0000] {processor.py:829} INFO - Processing file /usr/local/lib/python3.10/dist-packages/airflow/example_dags/example_dag_decorator.py for tasks to queue
[2023-11-28T00:46:43.394+0000] {logging_mixin.py:154} INFO - [2023-11-28T00:46:43.394+0000] {dagbag.py:536} INFO - Filling up the DagBag from /usr/local/lib/python3.10/dist-packages/airflow/example_dags/example_dag_decorator.py
[2023-11-28T00:46:43.407+0000] {processor.py:839} INFO - DAG(s) dict_keys(['example_dag_decorator']) retrieved from /usr/local/lib/python3.10/dist-packages/airflow/example_dags/example_dag_decorator.py
[2023-11-28T00:46:43.509+0000] {logging_mixin.py:154} INFO - [2023-11-28T00:46:43.509+0000] {dag.py:2941} INFO - Sync 1 DAGs
[2023-11-28T00:46:43.520+0000] {logging_mixin.py:154} INFO - [2023-11-28T00:46:43.520+0000] {dag.py:3722} INFO - Setting next_dagrun for example_dag_decorator to None, run_after=None
[2023-11-28T00:46:43.543+0000] {processor.py:179} INFO - Processing /usr/local/lib/python3.10/dist-packages/airflow/example_dags/example_dag_decorator.py took 0.155 seconds
[2023-11-28T00:47:27.635+0000] {processor.py:157} INFO - Started process (PID=3684) to work on /usr/local/lib/python3.10/dist-packages/airflow/example_dags/example_dag_decorator.py
[2023-11-28T00:47:27.637+0000] {processor.py:829} INFO - Processing file /usr/local/lib/python3.10/dist-packages/airflow/example_dags/example_dag_decorator.py for tasks to queue
[2023-11-28T00:47:27.638+0000] {logging_mixin.py:154} INFO - [2023-11-28T00:47:27.637+0000] {dagbag.py:536} INFO - Filling up the DagBag from /usr/local/lib/python3.10/dist-packages/airflow/example_dags/example_dag_decorator.py
[2023-11-28T00:47:27.651+0000] {processor.py:839} INFO - DAG(s) dict_keys(['example_dag_decorator']) retrieved from /usr/local/lib/python3.10/dist-packages/airflow/example_dags/example_dag_decorator.py
[2023-11-28T00:47:27.752+0000] {logging_mixin.py:154} INFO - [2023-11-28T00:47:27.751+0000] {dag.py:2941} INFO - Sync 1 DAGs
[2023-11-28T00:47:27.762+0000] {logging_mixin.py:154} INFO - [2023-11-28T00:47:27.762+0000] {dag.py:3722} INFO - Setting next_dagrun for example_dag_decorator to None, run_after=None
[2023-11-28T00:47:27.785+0000] {processor.py:179} INFO - Processing /usr/local/lib/python3.10/dist-packages/airflow/example_dags/example_dag_decorator.py took 0.153 seconds
[2023-11-28T00:48:14.902+0000] {processor.py:157} INFO - Started process (PID=3731) to work on /usr/local/lib/python3.10/dist-packages/airflow/example_dags/example_dag_decorator.py
[2023-11-28T00:48:14.904+0000] {processor.py:829} INFO - Processing file /usr/local/lib/python3.10/dist-packages/airflow/example_dags/example_dag_decorator.py for tasks to queue
[2023-11-28T00:48:14.905+0000] {logging_mixin.py:154} INFO - [2023-11-28T00:48:14.905+0000] {dagbag.py:536} INFO - Filling up the DagBag from /usr/local/lib/python3.10/dist-packages/airflow/example_dags/example_dag_decorator.py
[2023-11-28T00:48:14.918+0000] {processor.py:839} INFO - DAG(s) dict_keys(['example_dag_decorator']) retrieved from /usr/local/lib/python3.10/dist-packages/airflow/example_dags/example_dag_decorator.py
[2023-11-28T00:48:15.023+0000] {logging_mixin.py:154} INFO - [2023-11-28T00:48:15.023+0000] {dag.py:2941} INFO - Sync 1 DAGs
[2023-11-28T00:48:15.034+0000] {logging_mixin.py:154} INFO - [2023-11-28T00:48:15.034+0000] {dag.py:3722} INFO - Setting next_dagrun for example_dag_decorator to None, run_after=None
[2023-11-28T00:48:15.058+0000] {processor.py:179} INFO - Processing /usr/local/lib/python3.10/dist-packages/airflow/example_dags/example_dag_decorator.py took 0.159 seconds
[2023-11-28T00:49:01.413+0000] {processor.py:157} INFO - Started process (PID=3779) to work on /usr/local/lib/python3.10/dist-packages/airflow/example_dags/example_dag_decorator.py
[2023-11-28T00:49:01.414+0000] {processor.py:829} INFO - Processing file /usr/local/lib/python3.10/dist-packages/airflow/example_dags/example_dag_decorator.py for tasks to queue
[2023-11-28T00:49:01.415+0000] {logging_mixin.py:154} INFO - [2023-11-28T00:49:01.414+0000] {dagbag.py:536} INFO - Filling up the DagBag from /usr/local/lib/python3.10/dist-packages/airflow/example_dags/example_dag_decorator.py
[2023-11-28T00:49:01.429+0000] {processor.py:839} INFO - DAG(s) dict_keys(['example_dag_decorator']) retrieved from /usr/local/lib/python3.10/dist-packages/airflow/example_dags/example_dag_decorator.py
[2023-11-28T00:49:01.535+0000] {logging_mixin.py:154} INFO - [2023-11-28T00:49:01.534+0000] {dag.py:2941} INFO - Sync 1 DAGs
[2023-11-28T00:49:01.545+0000] {logging_mixin.py:154} INFO - [2023-11-28T00:49:01.545+0000] {dag.py:3722} INFO - Setting next_dagrun for example_dag_decorator to None, run_after=None
[2023-11-28T00:49:01.569+0000] {processor.py:179} INFO - Processing /usr/local/lib/python3.10/dist-packages/airflow/example_dags/example_dag_decorator.py took 0.160 seconds
[2023-11-28T00:49:45.376+0000] {processor.py:157} INFO - Started process (PID=3826) to work on /usr/local/lib/python3.10/dist-packages/airflow/example_dags/example_dag_decorator.py
[2023-11-28T00:49:45.378+0000] {processor.py:829} INFO - Processing file /usr/local/lib/python3.10/dist-packages/airflow/example_dags/example_dag_decorator.py for tasks to queue
[2023-11-28T00:49:45.379+0000] {logging_mixin.py:154} INFO - [2023-11-28T00:49:45.378+0000] {dagbag.py:536} INFO - Filling up the DagBag from /usr/local/lib/python3.10/dist-packages/airflow/example_dags/example_dag_decorator.py
[2023-11-28T00:49:45.392+0000] {processor.py:839} INFO - DAG(s) dict_keys(['example_dag_decorator']) retrieved from /usr/local/lib/python3.10/dist-packages/airflow/example_dags/example_dag_decorator.py
[2023-11-28T00:49:45.493+0000] {logging_mixin.py:154} INFO - [2023-11-28T00:49:45.493+0000] {dag.py:2941} INFO - Sync 1 DAGs
[2023-11-28T00:49:45.503+0000] {logging_mixin.py:154} INFO - [2023-11-28T00:49:45.503+0000] {dag.py:3722} INFO - Setting next_dagrun for example_dag_decorator to None, run_after=None
[2023-11-28T00:49:45.526+0000] {processor.py:179} INFO - Processing /usr/local/lib/python3.10/dist-packages/airflow/example_dags/example_dag_decorator.py took 0.153 seconds
[2023-11-28T00:50:32.752+0000] {processor.py:157} INFO - Started process (PID=3875) to work on /usr/local/lib/python3.10/dist-packages/airflow/example_dags/example_dag_decorator.py
[2023-11-28T00:50:32.753+0000] {processor.py:829} INFO - Processing file /usr/local/lib/python3.10/dist-packages/airflow/example_dags/example_dag_decorator.py for tasks to queue
[2023-11-28T00:50:32.754+0000] {logging_mixin.py:154} INFO - [2023-11-28T00:50:32.753+0000] {dagbag.py:536} INFO - Filling up the DagBag from /usr/local/lib/python3.10/dist-packages/airflow/example_dags/example_dag_decorator.py
[2023-11-28T00:50:32.767+0000] {processor.py:839} INFO - DAG(s) dict_keys(['example_dag_decorator']) retrieved from /usr/local/lib/python3.10/dist-packages/airflow/example_dags/example_dag_decorator.py
[2023-11-28T00:50:32.870+0000] {logging_mixin.py:154} INFO - [2023-11-28T00:50:32.870+0000] {dag.py:2941} INFO - Sync 1 DAGs
[2023-11-28T00:50:32.880+0000] {logging_mixin.py:154} INFO - [2023-11-28T00:50:32.880+0000] {dag.py:3722} INFO - Setting next_dagrun for example_dag_decorator to None, run_after=None
[2023-11-28T00:50:32.902+0000] {processor.py:179} INFO - Processing /usr/local/lib/python3.10/dist-packages/airflow/example_dags/example_dag_decorator.py took 0.154 seconds
[2023-11-28T00:51:20.623+0000] {processor.py:157} INFO - Started process (PID=3924) to work on /usr/local/lib/python3.10/dist-packages/airflow/example_dags/example_dag_decorator.py
[2023-11-28T00:51:20.624+0000] {processor.py:829} INFO - Processing file /usr/local/lib/python3.10/dist-packages/airflow/example_dags/example_dag_decorator.py for tasks to queue
[2023-11-28T00:51:20.625+0000] {logging_mixin.py:154} INFO - [2023-11-28T00:51:20.625+0000] {dagbag.py:536} INFO - Filling up the DagBag from /usr/local/lib/python3.10/dist-packages/airflow/example_dags/example_dag_decorator.py
[2023-11-28T00:51:20.638+0000] {processor.py:839} INFO - DAG(s) dict_keys(['example_dag_decorator']) retrieved from /usr/local/lib/python3.10/dist-packages/airflow/example_dags/example_dag_decorator.py
[2023-11-28T00:51:20.740+0000] {logging_mixin.py:154} INFO - [2023-11-28T00:51:20.740+0000] {dag.py:2941} INFO - Sync 1 DAGs
[2023-11-28T00:51:20.751+0000] {logging_mixin.py:154} INFO - [2023-11-28T00:51:20.751+0000] {dag.py:3722} INFO - Setting next_dagrun for example_dag_decorator to None, run_after=None
[2023-11-28T00:51:20.775+0000] {processor.py:179} INFO - Processing /usr/local/lib/python3.10/dist-packages/airflow/example_dags/example_dag_decorator.py took 0.155 seconds
[2023-11-28T00:52:07.201+0000] {processor.py:157} INFO - Started process (PID=3973) to work on /usr/local/lib/python3.10/dist-packages/airflow/example_dags/example_dag_decorator.py
[2023-11-28T00:52:07.202+0000] {processor.py:829} INFO - Processing file /usr/local/lib/python3.10/dist-packages/airflow/example_dags/example_dag_decorator.py for tasks to queue
[2023-11-28T00:52:07.203+0000] {logging_mixin.py:154} INFO - [2023-11-28T00:52:07.203+0000] {dagbag.py:536} INFO - Filling up the DagBag from /usr/local/lib/python3.10/dist-packages/airflow/example_dags/example_dag_decorator.py
[2023-11-28T00:52:07.216+0000] {processor.py:839} INFO - DAG(s) dict_keys(['example_dag_decorator']) retrieved from /usr/local/lib/python3.10/dist-packages/airflow/example_dags/example_dag_decorator.py
[2023-11-28T00:52:07.319+0000] {logging_mixin.py:154} INFO - [2023-11-28T00:52:07.319+0000] {dag.py:2941} INFO - Sync 1 DAGs
[2023-11-28T00:52:07.330+0000] {logging_mixin.py:154} INFO - [2023-11-28T00:52:07.330+0000] {dag.py:3722} INFO - Setting next_dagrun for example_dag_decorator to None, run_after=None
[2023-11-28T00:52:07.354+0000] {processor.py:179} INFO - Processing /usr/local/lib/python3.10/dist-packages/airflow/example_dags/example_dag_decorator.py took 0.156 seconds
[2023-11-28T00:52:52.492+0000] {processor.py:157} INFO - Started process (PID=4403) to work on /usr/local/lib/python3.10/dist-packages/airflow/example_dags/example_dag_decorator.py
[2023-11-28T00:52:52.493+0000] {processor.py:829} INFO - Processing file /usr/local/lib/python3.10/dist-packages/airflow/example_dags/example_dag_decorator.py for tasks to queue
[2023-11-28T00:52:52.494+0000] {logging_mixin.py:154} INFO - [2023-11-28T00:52:52.494+0000] {dagbag.py:536} INFO - Filling up the DagBag from /usr/local/lib/python3.10/dist-packages/airflow/example_dags/example_dag_decorator.py
[2023-11-28T00:52:52.507+0000] {processor.py:839} INFO - DAG(s) dict_keys(['example_dag_decorator']) retrieved from /usr/local/lib/python3.10/dist-packages/airflow/example_dags/example_dag_decorator.py
[2023-11-28T00:52:52.608+0000] {logging_mixin.py:154} INFO - [2023-11-28T00:52:52.608+0000] {dag.py:2941} INFO - Sync 1 DAGs
[2023-11-28T00:52:52.618+0000] {logging_mixin.py:154} INFO - [2023-11-28T00:52:52.618+0000] {dag.py:3722} INFO - Setting next_dagrun for example_dag_decorator to None, run_after=None
[2023-11-28T00:52:52.643+0000] {processor.py:179} INFO - Processing /usr/local/lib/python3.10/dist-packages/airflow/example_dags/example_dag_decorator.py took 0.154 seconds
[2023-11-28T00:53:39.717+0000] {processor.py:157} INFO - Started process (PID=4538) to work on /usr/local/lib/python3.10/dist-packages/airflow/example_dags/example_dag_decorator.py
[2023-11-28T00:53:39.719+0000] {processor.py:829} INFO - Processing file /usr/local/lib/python3.10/dist-packages/airflow/example_dags/example_dag_decorator.py for tasks to queue
[2023-11-28T00:53:39.720+0000] {logging_mixin.py:154} INFO - [2023-11-28T00:53:39.719+0000] {dagbag.py:536} INFO - Filling up the DagBag from /usr/local/lib/python3.10/dist-packages/airflow/example_dags/example_dag_decorator.py
[2023-11-28T00:53:39.733+0000] {processor.py:839} INFO - DAG(s) dict_keys(['example_dag_decorator']) retrieved from /usr/local/lib/python3.10/dist-packages/airflow/example_dags/example_dag_decorator.py
[2023-11-28T00:53:39.835+0000] {logging_mixin.py:154} INFO - [2023-11-28T00:53:39.835+0000] {dag.py:2941} INFO - Sync 1 DAGs
[2023-11-28T00:53:39.845+0000] {logging_mixin.py:154} INFO - [2023-11-28T00:53:39.845+0000] {dag.py:3722} INFO - Setting next_dagrun for example_dag_decorator to None, run_after=None
[2023-11-28T00:53:39.879+0000] {processor.py:179} INFO - Processing /usr/local/lib/python3.10/dist-packages/airflow/example_dags/example_dag_decorator.py took 0.165 seconds
[2023-11-28T00:54:23.812+0000] {processor.py:157} INFO - Started process (PID=4892) to work on /usr/local/lib/python3.10/dist-packages/airflow/example_dags/example_dag_decorator.py
[2023-11-28T00:54:23.813+0000] {processor.py:829} INFO - Processing file /usr/local/lib/python3.10/dist-packages/airflow/example_dags/example_dag_decorator.py for tasks to queue
[2023-11-28T00:54:23.814+0000] {logging_mixin.py:154} INFO - [2023-11-28T00:54:23.814+0000] {dagbag.py:536} INFO - Filling up the DagBag from /usr/local/lib/python3.10/dist-packages/airflow/example_dags/example_dag_decorator.py
[2023-11-28T00:54:23.827+0000] {processor.py:839} INFO - DAG(s) dict_keys(['example_dag_decorator']) retrieved from /usr/local/lib/python3.10/dist-packages/airflow/example_dags/example_dag_decorator.py
[2023-11-28T00:54:23.929+0000] {logging_mixin.py:154} INFO - [2023-11-28T00:54:23.928+0000] {dag.py:2941} INFO - Sync 1 DAGs
[2023-11-28T00:54:23.939+0000] {logging_mixin.py:154} INFO - [2023-11-28T00:54:23.938+0000] {dag.py:3722} INFO - Setting next_dagrun for example_dag_decorator to None, run_after=None
[2023-11-28T00:54:23.962+0000] {processor.py:179} INFO - Processing /usr/local/lib/python3.10/dist-packages/airflow/example_dags/example_dag_decorator.py took 0.154 seconds
[2023-11-28T00:55:16.015+0000] {processor.py:157} INFO - Started process (PID=4946) to work on /usr/local/lib/python3.10/dist-packages/airflow/example_dags/example_dag_decorator.py
[2023-11-28T00:55:16.017+0000] {processor.py:829} INFO - Processing file /usr/local/lib/python3.10/dist-packages/airflow/example_dags/example_dag_decorator.py for tasks to queue
[2023-11-28T00:55:16.018+0000] {logging_mixin.py:154} INFO - [2023-11-28T00:55:16.017+0000] {dagbag.py:536} INFO - Filling up the DagBag from /usr/local/lib/python3.10/dist-packages/airflow/example_dags/example_dag_decorator.py
[2023-11-28T00:55:16.032+0000] {processor.py:839} INFO - DAG(s) dict_keys(['example_dag_decorator']) retrieved from /usr/local/lib/python3.10/dist-packages/airflow/example_dags/example_dag_decorator.py
[2023-11-28T00:55:16.141+0000] {logging_mixin.py:154} INFO - [2023-11-28T00:55:16.141+0000] {dag.py:2941} INFO - Sync 1 DAGs
[2023-11-28T00:55:16.152+0000] {logging_mixin.py:154} INFO - [2023-11-28T00:55:16.152+0000] {dag.py:3722} INFO - Setting next_dagrun for example_dag_decorator to None, run_after=None
[2023-11-28T00:55:16.177+0000] {processor.py:179} INFO - Processing /usr/local/lib/python3.10/dist-packages/airflow/example_dags/example_dag_decorator.py took 0.166 seconds
[2023-11-28T00:56:05.245+0000] {processor.py:157} INFO - Started process (PID=5274) to work on /usr/local/lib/python3.10/dist-packages/airflow/example_dags/example_dag_decorator.py
[2023-11-28T00:56:05.246+0000] {processor.py:829} INFO - Processing file /usr/local/lib/python3.10/dist-packages/airflow/example_dags/example_dag_decorator.py for tasks to queue
[2023-11-28T00:56:05.247+0000] {logging_mixin.py:154} INFO - [2023-11-28T00:56:05.247+0000] {dagbag.py:536} INFO - Filling up the DagBag from /usr/local/lib/python3.10/dist-packages/airflow/example_dags/example_dag_decorator.py
[2023-11-28T00:56:05.260+0000] {processor.py:839} INFO - DAG(s) dict_keys(['example_dag_decorator']) retrieved from /usr/local/lib/python3.10/dist-packages/airflow/example_dags/example_dag_decorator.py
[2023-11-28T00:56:05.362+0000] {logging_mixin.py:154} INFO - [2023-11-28T00:56:05.362+0000] {dag.py:2941} INFO - Sync 1 DAGs
[2023-11-28T00:56:05.372+0000] {logging_mixin.py:154} INFO - [2023-11-28T00:56:05.372+0000] {dag.py:3722} INFO - Setting next_dagrun for example_dag_decorator to None, run_after=None
[2023-11-28T00:56:05.395+0000] {processor.py:179} INFO - Processing /usr/local/lib/python3.10/dist-packages/airflow/example_dags/example_dag_decorator.py took 0.154 seconds
[2023-11-28T00:56:51.400+0000] {processor.py:157} INFO - Started process (PID=5362) to work on /usr/local/lib/python3.10/dist-packages/airflow/example_dags/example_dag_decorator.py
[2023-11-28T00:56:51.402+0000] {processor.py:829} INFO - Processing file /usr/local/lib/python3.10/dist-packages/airflow/example_dags/example_dag_decorator.py for tasks to queue
[2023-11-28T00:56:51.403+0000] {logging_mixin.py:154} INFO - [2023-11-28T00:56:51.402+0000] {dagbag.py:536} INFO - Filling up the DagBag from /usr/local/lib/python3.10/dist-packages/airflow/example_dags/example_dag_decorator.py
[2023-11-28T00:56:51.416+0000] {processor.py:839} INFO - DAG(s) dict_keys(['example_dag_decorator']) retrieved from /usr/local/lib/python3.10/dist-packages/airflow/example_dags/example_dag_decorator.py
[2023-11-28T00:56:51.519+0000] {logging_mixin.py:154} INFO - [2023-11-28T00:56:51.519+0000] {dag.py:2941} INFO - Sync 1 DAGs
[2023-11-28T00:56:51.530+0000] {logging_mixin.py:154} INFO - [2023-11-28T00:56:51.529+0000] {dag.py:3722} INFO - Setting next_dagrun for example_dag_decorator to None, run_after=None
[2023-11-28T00:56:51.554+0000] {processor.py:179} INFO - Processing /usr/local/lib/python3.10/dist-packages/airflow/example_dags/example_dag_decorator.py took 0.157 seconds
[2023-11-28T00:57:38.050+0000] {processor.py:157} INFO - Started process (PID=5412) to work on /usr/local/lib/python3.10/dist-packages/airflow/example_dags/example_dag_decorator.py
[2023-11-28T00:57:38.051+0000] {processor.py:829} INFO - Processing file /usr/local/lib/python3.10/dist-packages/airflow/example_dags/example_dag_decorator.py for tasks to queue
[2023-11-28T00:57:38.052+0000] {logging_mixin.py:154} INFO - [2023-11-28T00:57:38.051+0000] {dagbag.py:536} INFO - Filling up the DagBag from /usr/local/lib/python3.10/dist-packages/airflow/example_dags/example_dag_decorator.py
[2023-11-28T00:57:38.065+0000] {processor.py:839} INFO - DAG(s) dict_keys(['example_dag_decorator']) retrieved from /usr/local/lib/python3.10/dist-packages/airflow/example_dags/example_dag_decorator.py
[2023-11-28T00:57:38.167+0000] {logging_mixin.py:154} INFO - [2023-11-28T00:57:38.167+0000] {dag.py:2941} INFO - Sync 1 DAGs
[2023-11-28T00:57:38.177+0000] {logging_mixin.py:154} INFO - [2023-11-28T00:57:38.177+0000] {dag.py:3722} INFO - Setting next_dagrun for example_dag_decorator to None, run_after=None
[2023-11-28T00:57:38.201+0000] {processor.py:179} INFO - Processing /usr/local/lib/python3.10/dist-packages/airflow/example_dags/example_dag_decorator.py took 0.155 seconds
[2023-11-28T00:58:24.732+0000] {processor.py:157} INFO - Started process (PID=5460) to work on /usr/local/lib/python3.10/dist-packages/airflow/example_dags/example_dag_decorator.py
[2023-11-28T00:58:24.733+0000] {processor.py:829} INFO - Processing file /usr/local/lib/python3.10/dist-packages/airflow/example_dags/example_dag_decorator.py for tasks to queue
[2023-11-28T00:58:24.734+0000] {logging_mixin.py:154} INFO - [2023-11-28T00:58:24.734+0000] {dagbag.py:536} INFO - Filling up the DagBag from /usr/local/lib/python3.10/dist-packages/airflow/example_dags/example_dag_decorator.py
[2023-11-28T00:58:24.747+0000] {processor.py:839} INFO - DAG(s) dict_keys(['example_dag_decorator']) retrieved from /usr/local/lib/python3.10/dist-packages/airflow/example_dags/example_dag_decorator.py
[2023-11-28T00:58:24.848+0000] {logging_mixin.py:154} INFO - [2023-11-28T00:58:24.848+0000] {dag.py:2941} INFO - Sync 1 DAGs
[2023-11-28T00:58:24.859+0000] {logging_mixin.py:154} INFO - [2023-11-28T00:58:24.859+0000] {dag.py:3722} INFO - Setting next_dagrun for example_dag_decorator to None, run_after=None
[2023-11-28T00:58:24.882+0000] {processor.py:179} INFO - Processing /usr/local/lib/python3.10/dist-packages/airflow/example_dags/example_dag_decorator.py took 0.154 seconds
[2023-11-28T00:59:12.358+0000] {processor.py:157} INFO - Started process (PID=5508) to work on /usr/local/lib/python3.10/dist-packages/airflow/example_dags/example_dag_decorator.py
[2023-11-28T00:59:12.359+0000] {processor.py:829} INFO - Processing file /usr/local/lib/python3.10/dist-packages/airflow/example_dags/example_dag_decorator.py for tasks to queue
[2023-11-28T00:59:12.360+0000] {logging_mixin.py:154} INFO - [2023-11-28T00:59:12.360+0000] {dagbag.py:536} INFO - Filling up the DagBag from /usr/local/lib/python3.10/dist-packages/airflow/example_dags/example_dag_decorator.py
[2023-11-28T00:59:12.373+0000] {processor.py:839} INFO - DAG(s) dict_keys(['example_dag_decorator']) retrieved from /usr/local/lib/python3.10/dist-packages/airflow/example_dags/example_dag_decorator.py
[2023-11-28T00:59:12.474+0000] {logging_mixin.py:154} INFO - [2023-11-28T00:59:12.474+0000] {dag.py:2941} INFO - Sync 1 DAGs
[2023-11-28T00:59:12.484+0000] {logging_mixin.py:154} INFO - [2023-11-28T00:59:12.484+0000] {dag.py:3722} INFO - Setting next_dagrun for example_dag_decorator to None, run_after=None
[2023-11-28T00:59:12.506+0000] {processor.py:179} INFO - Processing /usr/local/lib/python3.10/dist-packages/airflow/example_dags/example_dag_decorator.py took 0.151 seconds
[2023-11-28T00:59:55.506+0000] {processor.py:157} INFO - Started process (PID=5554) to work on /usr/local/lib/python3.10/dist-packages/airflow/example_dags/example_dag_decorator.py
[2023-11-28T00:59:55.508+0000] {processor.py:829} INFO - Processing file /usr/local/lib/python3.10/dist-packages/airflow/example_dags/example_dag_decorator.py for tasks to queue
[2023-11-28T00:59:55.509+0000] {logging_mixin.py:154} INFO - [2023-11-28T00:59:55.508+0000] {dagbag.py:536} INFO - Filling up the DagBag from /usr/local/lib/python3.10/dist-packages/airflow/example_dags/example_dag_decorator.py
[2023-11-28T00:59:55.522+0000] {processor.py:839} INFO - DAG(s) dict_keys(['example_dag_decorator']) retrieved from /usr/local/lib/python3.10/dist-packages/airflow/example_dags/example_dag_decorator.py
[2023-11-28T00:59:55.622+0000] {logging_mixin.py:154} INFO - [2023-11-28T00:59:55.622+0000] {dag.py:2941} INFO - Sync 1 DAGs
[2023-11-28T00:59:55.633+0000] {logging_mixin.py:154} INFO - [2023-11-28T00:59:55.633+0000] {dag.py:3722} INFO - Setting next_dagrun for example_dag_decorator to None, run_after=None
[2023-11-28T00:59:55.656+0000] {processor.py:179} INFO - Processing /usr/local/lib/python3.10/dist-packages/airflow/example_dags/example_dag_decorator.py took 0.153 seconds
[2023-11-28T01:00:40.208+0000] {processor.py:157} INFO - Started process (PID=5600) to work on /usr/local/lib/python3.10/dist-packages/airflow/example_dags/example_dag_decorator.py
[2023-11-28T01:00:40.211+0000] {processor.py:829} INFO - Processing file /usr/local/lib/python3.10/dist-packages/airflow/example_dags/example_dag_decorator.py for tasks to queue
[2023-11-28T01:00:40.212+0000] {logging_mixin.py:154} INFO - [2023-11-28T01:00:40.211+0000] {dagbag.py:536} INFO - Filling up the DagBag from /usr/local/lib/python3.10/dist-packages/airflow/example_dags/example_dag_decorator.py
[2023-11-28T01:00:40.225+0000] {processor.py:839} INFO - DAG(s) dict_keys(['example_dag_decorator']) retrieved from /usr/local/lib/python3.10/dist-packages/airflow/example_dags/example_dag_decorator.py
[2023-11-28T01:00:40.327+0000] {logging_mixin.py:154} INFO - [2023-11-28T01:00:40.327+0000] {dag.py:2941} INFO - Sync 1 DAGs
[2023-11-28T01:00:40.337+0000] {logging_mixin.py:154} INFO - [2023-11-28T01:00:40.337+0000] {dag.py:3722} INFO - Setting next_dagrun for example_dag_decorator to None, run_after=None
[2023-11-28T01:00:40.361+0000] {processor.py:179} INFO - Processing /usr/local/lib/python3.10/dist-packages/airflow/example_dags/example_dag_decorator.py took 0.156 seconds
[2023-11-28T01:01:26.386+0000] {processor.py:157} INFO - Started process (PID=5648) to work on /usr/local/lib/python3.10/dist-packages/airflow/example_dags/example_dag_decorator.py
[2023-11-28T01:01:26.387+0000] {processor.py:829} INFO - Processing file /usr/local/lib/python3.10/dist-packages/airflow/example_dags/example_dag_decorator.py for tasks to queue
[2023-11-28T01:01:26.388+0000] {logging_mixin.py:154} INFO - [2023-11-28T01:01:26.387+0000] {dagbag.py:536} INFO - Filling up the DagBag from /usr/local/lib/python3.10/dist-packages/airflow/example_dags/example_dag_decorator.py
[2023-11-28T01:01:26.401+0000] {processor.py:839} INFO - DAG(s) dict_keys(['example_dag_decorator']) retrieved from /usr/local/lib/python3.10/dist-packages/airflow/example_dags/example_dag_decorator.py
[2023-11-28T01:01:26.507+0000] {logging_mixin.py:154} INFO - [2023-11-28T01:01:26.507+0000] {dag.py:2941} INFO - Sync 1 DAGs
[2023-11-28T01:01:26.518+0000] {logging_mixin.py:154} INFO - [2023-11-28T01:01:26.518+0000] {dag.py:3722} INFO - Setting next_dagrun for example_dag_decorator to None, run_after=None
[2023-11-28T01:01:26.541+0000] {processor.py:179} INFO - Processing /usr/local/lib/python3.10/dist-packages/airflow/example_dags/example_dag_decorator.py took 0.159 seconds
[2023-11-28T01:02:10.405+0000] {processor.py:157} INFO - Started process (PID=5694) to work on /usr/local/lib/python3.10/dist-packages/airflow/example_dags/example_dag_decorator.py
[2023-11-28T01:02:10.406+0000] {processor.py:829} INFO - Processing file /usr/local/lib/python3.10/dist-packages/airflow/example_dags/example_dag_decorator.py for tasks to queue
[2023-11-28T01:02:10.407+0000] {logging_mixin.py:154} INFO - [2023-11-28T01:02:10.407+0000] {dagbag.py:536} INFO - Filling up the DagBag from /usr/local/lib/python3.10/dist-packages/airflow/example_dags/example_dag_decorator.py
[2023-11-28T01:02:10.420+0000] {processor.py:839} INFO - DAG(s) dict_keys(['example_dag_decorator']) retrieved from /usr/local/lib/python3.10/dist-packages/airflow/example_dags/example_dag_decorator.py
[2023-11-28T01:02:10.523+0000] {logging_mixin.py:154} INFO - [2023-11-28T01:02:10.523+0000] {dag.py:2941} INFO - Sync 1 DAGs
[2023-11-28T01:02:10.533+0000] {logging_mixin.py:154} INFO - [2023-11-28T01:02:10.533+0000] {dag.py:3722} INFO - Setting next_dagrun for example_dag_decorator to None, run_after=None
[2023-11-28T01:02:10.557+0000] {processor.py:179} INFO - Processing /usr/local/lib/python3.10/dist-packages/airflow/example_dags/example_dag_decorator.py took 0.156 seconds
[2023-11-28T01:02:53.955+0000] {processor.py:157} INFO - Started process (PID=5740) to work on /usr/local/lib/python3.10/dist-packages/airflow/example_dags/example_dag_decorator.py
[2023-11-28T01:02:53.957+0000] {processor.py:829} INFO - Processing file /usr/local/lib/python3.10/dist-packages/airflow/example_dags/example_dag_decorator.py for tasks to queue
[2023-11-28T01:02:53.958+0000] {logging_mixin.py:154} INFO - [2023-11-28T01:02:53.957+0000] {dagbag.py:536} INFO - Filling up the DagBag from /usr/local/lib/python3.10/dist-packages/airflow/example_dags/example_dag_decorator.py
[2023-11-28T01:02:53.970+0000] {processor.py:839} INFO - DAG(s) dict_keys(['example_dag_decorator']) retrieved from /usr/local/lib/python3.10/dist-packages/airflow/example_dags/example_dag_decorator.py
[2023-11-28T01:02:54.073+0000] {logging_mixin.py:154} INFO - [2023-11-28T01:02:54.073+0000] {dag.py:2941} INFO - Sync 1 DAGs
[2023-11-28T01:02:54.083+0000] {logging_mixin.py:154} INFO - [2023-11-28T01:02:54.083+0000] {dag.py:3722} INFO - Setting next_dagrun for example_dag_decorator to None, run_after=None
[2023-11-28T01:02:54.107+0000] {processor.py:179} INFO - Processing /usr/local/lib/python3.10/dist-packages/airflow/example_dags/example_dag_decorator.py took 0.155 seconds
[2023-11-28T01:03:40.311+0000] {processor.py:157} INFO - Started process (PID=5900) to work on /usr/local/lib/python3.10/dist-packages/airflow/example_dags/example_dag_decorator.py
[2023-11-28T01:03:40.313+0000] {processor.py:829} INFO - Processing file /usr/local/lib/python3.10/dist-packages/airflow/example_dags/example_dag_decorator.py for tasks to queue
[2023-11-28T01:03:40.314+0000] {logging_mixin.py:154} INFO - [2023-11-28T01:03:40.313+0000] {dagbag.py:536} INFO - Filling up the DagBag from /usr/local/lib/python3.10/dist-packages/airflow/example_dags/example_dag_decorator.py
[2023-11-28T01:03:40.327+0000] {processor.py:839} INFO - DAG(s) dict_keys(['example_dag_decorator']) retrieved from /usr/local/lib/python3.10/dist-packages/airflow/example_dags/example_dag_decorator.py
[2023-11-28T01:03:40.431+0000] {logging_mixin.py:154} INFO - [2023-11-28T01:03:40.430+0000] {dag.py:2941} INFO - Sync 1 DAGs
[2023-11-28T01:03:40.441+0000] {logging_mixin.py:154} INFO - [2023-11-28T01:03:40.441+0000] {dag.py:3722} INFO - Setting next_dagrun for example_dag_decorator to None, run_after=None
[2023-11-28T01:03:40.466+0000] {processor.py:179} INFO - Processing /usr/local/lib/python3.10/dist-packages/airflow/example_dags/example_dag_decorator.py took 0.158 seconds
[2023-11-28T01:04:25.726+0000] {processor.py:157} INFO - Started process (PID=5948) to work on /usr/local/lib/python3.10/dist-packages/airflow/example_dags/example_dag_decorator.py
[2023-11-28T01:04:25.740+0000] {processor.py:829} INFO - Processing file /usr/local/lib/python3.10/dist-packages/airflow/example_dags/example_dag_decorator.py for tasks to queue
[2023-11-28T01:04:25.742+0000] {logging_mixin.py:154} INFO - [2023-11-28T01:04:25.741+0000] {dagbag.py:536} INFO - Filling up the DagBag from /usr/local/lib/python3.10/dist-packages/airflow/example_dags/example_dag_decorator.py
[2023-11-28T01:04:25.755+0000] {processor.py:839} INFO - DAG(s) dict_keys(['example_dag_decorator']) retrieved from /usr/local/lib/python3.10/dist-packages/airflow/example_dags/example_dag_decorator.py
[2023-11-28T01:04:25.858+0000] {logging_mixin.py:154} INFO - [2023-11-28T01:04:25.858+0000] {dag.py:2941} INFO - Sync 1 DAGs
[2023-11-28T01:04:25.868+0000] {logging_mixin.py:154} INFO - [2023-11-28T01:04:25.868+0000] {dag.py:3722} INFO - Setting next_dagrun for example_dag_decorator to None, run_after=None
[2023-11-28T01:04:25.892+0000] {processor.py:179} INFO - Processing /usr/local/lib/python3.10/dist-packages/airflow/example_dags/example_dag_decorator.py took 0.169 seconds
[2023-11-28T01:05:10.233+0000] {processor.py:157} INFO - Started process (PID=5995) to work on /usr/local/lib/python3.10/dist-packages/airflow/example_dags/example_dag_decorator.py
[2023-11-28T01:05:10.234+0000] {processor.py:829} INFO - Processing file /usr/local/lib/python3.10/dist-packages/airflow/example_dags/example_dag_decorator.py for tasks to queue
[2023-11-28T01:05:10.235+0000] {logging_mixin.py:154} INFO - [2023-11-28T01:05:10.234+0000] {dagbag.py:536} INFO - Filling up the DagBag from /usr/local/lib/python3.10/dist-packages/airflow/example_dags/example_dag_decorator.py
[2023-11-28T01:05:10.249+0000] {processor.py:839} INFO - DAG(s) dict_keys(['example_dag_decorator']) retrieved from /usr/local/lib/python3.10/dist-packages/airflow/example_dags/example_dag_decorator.py
[2023-11-28T01:05:10.357+0000] {logging_mixin.py:154} INFO - [2023-11-28T01:05:10.357+0000] {dag.py:2941} INFO - Sync 1 DAGs
[2023-11-28T01:05:10.368+0000] {logging_mixin.py:154} INFO - [2023-11-28T01:05:10.368+0000] {dag.py:3722} INFO - Setting next_dagrun for example_dag_decorator to None, run_after=None
[2023-11-28T01:05:10.398+0000] {processor.py:179} INFO - Processing /usr/local/lib/python3.10/dist-packages/airflow/example_dags/example_dag_decorator.py took 0.169 seconds
[2023-11-28T01:05:56.800+0000] {processor.py:157} INFO - Started process (PID=6043) to work on /usr/local/lib/python3.10/dist-packages/airflow/example_dags/example_dag_decorator.py
[2023-11-28T01:05:56.802+0000] {processor.py:829} INFO - Processing file /usr/local/lib/python3.10/dist-packages/airflow/example_dags/example_dag_decorator.py for tasks to queue
[2023-11-28T01:05:56.803+0000] {logging_mixin.py:154} INFO - [2023-11-28T01:05:56.802+0000] {dagbag.py:536} INFO - Filling up the DagBag from /usr/local/lib/python3.10/dist-packages/airflow/example_dags/example_dag_decorator.py
[2023-11-28T01:05:56.816+0000] {processor.py:839} INFO - DAG(s) dict_keys(['example_dag_decorator']) retrieved from /usr/local/lib/python3.10/dist-packages/airflow/example_dags/example_dag_decorator.py
[2023-11-28T01:05:56.921+0000] {logging_mixin.py:154} INFO - [2023-11-28T01:05:56.921+0000] {dag.py:2941} INFO - Sync 1 DAGs
[2023-11-28T01:05:56.932+0000] {logging_mixin.py:154} INFO - [2023-11-28T01:05:56.932+0000] {dag.py:3722} INFO - Setting next_dagrun for example_dag_decorator to None, run_after=None
[2023-11-28T01:05:56.956+0000] {processor.py:179} INFO - Processing /usr/local/lib/python3.10/dist-packages/airflow/example_dags/example_dag_decorator.py took 0.159 seconds
[2023-11-28T01:06:43.063+0000] {processor.py:157} INFO - Started process (PID=6091) to work on /usr/local/lib/python3.10/dist-packages/airflow/example_dags/example_dag_decorator.py
[2023-11-28T01:06:43.065+0000] {processor.py:829} INFO - Processing file /usr/local/lib/python3.10/dist-packages/airflow/example_dags/example_dag_decorator.py for tasks to queue
[2023-11-28T01:06:43.065+0000] {logging_mixin.py:154} INFO - [2023-11-28T01:06:43.065+0000] {dagbag.py:536} INFO - Filling up the DagBag from /usr/local/lib/python3.10/dist-packages/airflow/example_dags/example_dag_decorator.py
[2023-11-28T01:06:43.079+0000] {processor.py:839} INFO - DAG(s) dict_keys(['example_dag_decorator']) retrieved from /usr/local/lib/python3.10/dist-packages/airflow/example_dags/example_dag_decorator.py
[2023-11-28T01:06:43.182+0000] {logging_mixin.py:154} INFO - [2023-11-28T01:06:43.181+0000] {dag.py:2941} INFO - Sync 1 DAGs
[2023-11-28T01:06:43.192+0000] {logging_mixin.py:154} INFO - [2023-11-28T01:06:43.191+0000] {dag.py:3722} INFO - Setting next_dagrun for example_dag_decorator to None, run_after=None
[2023-11-28T01:06:43.222+0000] {processor.py:179} INFO - Processing /usr/local/lib/python3.10/dist-packages/airflow/example_dags/example_dag_decorator.py took 0.162 seconds
[2023-11-28T01:07:32.025+0000] {processor.py:157} INFO - Started process (PID=6139) to work on /usr/local/lib/python3.10/dist-packages/airflow/example_dags/example_dag_decorator.py
[2023-11-28T01:07:32.027+0000] {processor.py:829} INFO - Processing file /usr/local/lib/python3.10/dist-packages/airflow/example_dags/example_dag_decorator.py for tasks to queue
[2023-11-28T01:07:32.028+0000] {logging_mixin.py:154} INFO - [2023-11-28T01:07:32.027+0000] {dagbag.py:536} INFO - Filling up the DagBag from /usr/local/lib/python3.10/dist-packages/airflow/example_dags/example_dag_decorator.py
[2023-11-28T01:07:32.041+0000] {processor.py:839} INFO - DAG(s) dict_keys(['example_dag_decorator']) retrieved from /usr/local/lib/python3.10/dist-packages/airflow/example_dags/example_dag_decorator.py
[2023-11-28T01:07:32.144+0000] {logging_mixin.py:154} INFO - [2023-11-28T01:07:32.144+0000] {dag.py:2941} INFO - Sync 1 DAGs
[2023-11-28T01:07:32.154+0000] {logging_mixin.py:154} INFO - [2023-11-28T01:07:32.154+0000] {dag.py:3722} INFO - Setting next_dagrun for example_dag_decorator to None, run_after=None
[2023-11-28T01:07:32.178+0000] {processor.py:179} INFO - Processing /usr/local/lib/python3.10/dist-packages/airflow/example_dags/example_dag_decorator.py took 0.156 seconds
[2023-11-28T01:08:19.791+0000] {processor.py:157} INFO - Started process (PID=6189) to work on /usr/local/lib/python3.10/dist-packages/airflow/example_dags/example_dag_decorator.py
[2023-11-28T01:08:19.793+0000] {processor.py:829} INFO - Processing file /usr/local/lib/python3.10/dist-packages/airflow/example_dags/example_dag_decorator.py for tasks to queue
[2023-11-28T01:08:19.794+0000] {logging_mixin.py:154} INFO - [2023-11-28T01:08:19.793+0000] {dagbag.py:536} INFO - Filling up the DagBag from /usr/local/lib/python3.10/dist-packages/airflow/example_dags/example_dag_decorator.py
[2023-11-28T01:08:19.807+0000] {processor.py:839} INFO - DAG(s) dict_keys(['example_dag_decorator']) retrieved from /usr/local/lib/python3.10/dist-packages/airflow/example_dags/example_dag_decorator.py
[2023-11-28T01:08:19.914+0000] {logging_mixin.py:154} INFO - [2023-11-28T01:08:19.914+0000] {dag.py:2941} INFO - Sync 1 DAGs
[2023-11-28T01:08:19.924+0000] {logging_mixin.py:154} INFO - [2023-11-28T01:08:19.924+0000] {dag.py:3722} INFO - Setting next_dagrun for example_dag_decorator to None, run_after=None
[2023-11-28T01:08:19.949+0000] {processor.py:179} INFO - Processing /usr/local/lib/python3.10/dist-packages/airflow/example_dags/example_dag_decorator.py took 0.161 seconds
[2023-11-28T01:09:03.376+0000] {processor.py:157} INFO - Started process (PID=6236) to work on /usr/local/lib/python3.10/dist-packages/airflow/example_dags/example_dag_decorator.py
[2023-11-28T01:09:03.378+0000] {processor.py:829} INFO - Processing file /usr/local/lib/python3.10/dist-packages/airflow/example_dags/example_dag_decorator.py for tasks to queue
[2023-11-28T01:09:03.379+0000] {logging_mixin.py:154} INFO - [2023-11-28T01:09:03.378+0000] {dagbag.py:536} INFO - Filling up the DagBag from /usr/local/lib/python3.10/dist-packages/airflow/example_dags/example_dag_decorator.py
[2023-11-28T01:09:03.392+0000] {processor.py:839} INFO - DAG(s) dict_keys(['example_dag_decorator']) retrieved from /usr/local/lib/python3.10/dist-packages/airflow/example_dags/example_dag_decorator.py
[2023-11-28T01:09:03.501+0000] {logging_mixin.py:154} INFO - [2023-11-28T01:09:03.501+0000] {dag.py:2941} INFO - Sync 1 DAGs
[2023-11-28T01:09:03.512+0000] {logging_mixin.py:154} INFO - [2023-11-28T01:09:03.511+0000] {dag.py:3722} INFO - Setting next_dagrun for example_dag_decorator to None, run_after=None
[2023-11-28T01:09:03.535+0000] {processor.py:179} INFO - Processing /usr/local/lib/python3.10/dist-packages/airflow/example_dags/example_dag_decorator.py took 0.162 seconds
[2023-11-28T01:09:46.186+0000] {processor.py:157} INFO - Started process (PID=6281) to work on /usr/local/lib/python3.10/dist-packages/airflow/example_dags/example_dag_decorator.py
[2023-11-28T01:09:46.187+0000] {processor.py:829} INFO - Processing file /usr/local/lib/python3.10/dist-packages/airflow/example_dags/example_dag_decorator.py for tasks to queue
[2023-11-28T01:09:46.188+0000] {logging_mixin.py:154} INFO - [2023-11-28T01:09:46.188+0000] {dagbag.py:536} INFO - Filling up the DagBag from /usr/local/lib/python3.10/dist-packages/airflow/example_dags/example_dag_decorator.py
[2023-11-28T01:09:46.201+0000] {processor.py:839} INFO - DAG(s) dict_keys(['example_dag_decorator']) retrieved from /usr/local/lib/python3.10/dist-packages/airflow/example_dags/example_dag_decorator.py
[2023-11-28T01:09:46.303+0000] {logging_mixin.py:154} INFO - [2023-11-28T01:09:46.303+0000] {dag.py:2941} INFO - Sync 1 DAGs
[2023-11-28T01:09:46.314+0000] {logging_mixin.py:154} INFO - [2023-11-28T01:09:46.313+0000] {dag.py:3722} INFO - Setting next_dagrun for example_dag_decorator to None, run_after=None
[2023-11-28T01:09:46.338+0000] {processor.py:179} INFO - Processing /usr/local/lib/python3.10/dist-packages/airflow/example_dags/example_dag_decorator.py took 0.156 seconds
[2023-11-28T01:10:32.650+0000] {processor.py:157} INFO - Started process (PID=6329) to work on /usr/local/lib/python3.10/dist-packages/airflow/example_dags/example_dag_decorator.py
[2023-11-28T01:10:32.652+0000] {processor.py:829} INFO - Processing file /usr/local/lib/python3.10/dist-packages/airflow/example_dags/example_dag_decorator.py for tasks to queue
[2023-11-28T01:10:32.653+0000] {logging_mixin.py:154} INFO - [2023-11-28T01:10:32.652+0000] {dagbag.py:536} INFO - Filling up the DagBag from /usr/local/lib/python3.10/dist-packages/airflow/example_dags/example_dag_decorator.py
[2023-11-28T01:10:32.666+0000] {processor.py:839} INFO - DAG(s) dict_keys(['example_dag_decorator']) retrieved from /usr/local/lib/python3.10/dist-packages/airflow/example_dags/example_dag_decorator.py
[2023-11-28T01:10:32.782+0000] {logging_mixin.py:154} INFO - [2023-11-28T01:10:32.782+0000] {dag.py:2941} INFO - Sync 1 DAGs
[2023-11-28T01:10:32.793+0000] {logging_mixin.py:154} INFO - [2023-11-28T01:10:32.793+0000] {dag.py:3722} INFO - Setting next_dagrun for example_dag_decorator to None, run_after=None
[2023-11-28T01:10:32.816+0000] {processor.py:179} INFO - Processing /usr/local/lib/python3.10/dist-packages/airflow/example_dags/example_dag_decorator.py took 0.169 seconds
[2023-11-28T01:11:20.230+0000] {processor.py:157} INFO - Started process (PID=6378) to work on /usr/local/lib/python3.10/dist-packages/airflow/example_dags/example_dag_decorator.py
[2023-11-28T01:11:20.231+0000] {processor.py:829} INFO - Processing file /usr/local/lib/python3.10/dist-packages/airflow/example_dags/example_dag_decorator.py for tasks to queue
[2023-11-28T01:11:20.232+0000] {logging_mixin.py:154} INFO - [2023-11-28T01:11:20.232+0000] {dagbag.py:536} INFO - Filling up the DagBag from /usr/local/lib/python3.10/dist-packages/airflow/example_dags/example_dag_decorator.py
[2023-11-28T01:11:20.246+0000] {processor.py:839} INFO - DAG(s) dict_keys(['example_dag_decorator']) retrieved from /usr/local/lib/python3.10/dist-packages/airflow/example_dags/example_dag_decorator.py
[2023-11-28T01:11:20.352+0000] {logging_mixin.py:154} INFO - [2023-11-28T01:11:20.352+0000] {dag.py:2941} INFO - Sync 1 DAGs
[2023-11-28T01:11:20.364+0000] {logging_mixin.py:154} INFO - [2023-11-28T01:11:20.364+0000] {dag.py:3722} INFO - Setting next_dagrun for example_dag_decorator to None, run_after=None
[2023-11-28T01:11:20.387+0000] {processor.py:179} INFO - Processing /usr/local/lib/python3.10/dist-packages/airflow/example_dags/example_dag_decorator.py took 0.161 seconds
[2023-11-28T01:12:05.417+0000] {processor.py:157} INFO - Started process (PID=6424) to work on /usr/local/lib/python3.10/dist-packages/airflow/example_dags/example_dag_decorator.py
[2023-11-28T01:12:05.419+0000] {processor.py:829} INFO - Processing file /usr/local/lib/python3.10/dist-packages/airflow/example_dags/example_dag_decorator.py for tasks to queue
[2023-11-28T01:12:05.419+0000] {logging_mixin.py:154} INFO - [2023-11-28T01:12:05.419+0000] {dagbag.py:536} INFO - Filling up the DagBag from /usr/local/lib/python3.10/dist-packages/airflow/example_dags/example_dag_decorator.py
[2023-11-28T01:12:05.433+0000] {processor.py:839} INFO - DAG(s) dict_keys(['example_dag_decorator']) retrieved from /usr/local/lib/python3.10/dist-packages/airflow/example_dags/example_dag_decorator.py
[2023-11-28T01:12:05.536+0000] {logging_mixin.py:154} INFO - [2023-11-28T01:12:05.536+0000] {dag.py:2941} INFO - Sync 1 DAGs
[2023-11-28T01:12:05.547+0000] {logging_mixin.py:154} INFO - [2023-11-28T01:12:05.546+0000] {dag.py:3722} INFO - Setting next_dagrun for example_dag_decorator to None, run_after=None
[2023-11-28T01:12:05.569+0000] {processor.py:179} INFO - Processing /usr/local/lib/python3.10/dist-packages/airflow/example_dags/example_dag_decorator.py took 0.156 seconds
[2023-11-28T01:12:49.016+0000] {processor.py:157} INFO - Started process (PID=6471) to work on /usr/local/lib/python3.10/dist-packages/airflow/example_dags/example_dag_decorator.py
[2023-11-28T01:12:49.018+0000] {processor.py:829} INFO - Processing file /usr/local/lib/python3.10/dist-packages/airflow/example_dags/example_dag_decorator.py for tasks to queue
[2023-11-28T01:12:49.019+0000] {logging_mixin.py:154} INFO - [2023-11-28T01:12:49.018+0000] {dagbag.py:536} INFO - Filling up the DagBag from /usr/local/lib/python3.10/dist-packages/airflow/example_dags/example_dag_decorator.py
[2023-11-28T01:12:49.032+0000] {processor.py:839} INFO - DAG(s) dict_keys(['example_dag_decorator']) retrieved from /usr/local/lib/python3.10/dist-packages/airflow/example_dags/example_dag_decorator.py
[2023-11-28T01:12:49.137+0000] {logging_mixin.py:154} INFO - [2023-11-28T01:12:49.136+0000] {dag.py:2941} INFO - Sync 1 DAGs
[2023-11-28T01:12:49.147+0000] {logging_mixin.py:154} INFO - [2023-11-28T01:12:49.147+0000] {dag.py:3722} INFO - Setting next_dagrun for example_dag_decorator to None, run_after=None
[2023-11-28T01:12:49.171+0000] {processor.py:179} INFO - Processing /usr/local/lib/python3.10/dist-packages/airflow/example_dags/example_dag_decorator.py took 0.158 seconds
[2023-11-28T01:13:33.174+0000] {processor.py:157} INFO - Started process (PID=6515) to work on /usr/local/lib/python3.10/dist-packages/airflow/example_dags/example_dag_decorator.py
[2023-11-28T01:13:33.175+0000] {processor.py:829} INFO - Processing file /usr/local/lib/python3.10/dist-packages/airflow/example_dags/example_dag_decorator.py for tasks to queue
[2023-11-28T01:13:33.176+0000] {logging_mixin.py:154} INFO - [2023-11-28T01:13:33.176+0000] {dagbag.py:536} INFO - Filling up the DagBag from /usr/local/lib/python3.10/dist-packages/airflow/example_dags/example_dag_decorator.py
[2023-11-28T01:13:33.190+0000] {processor.py:839} INFO - DAG(s) dict_keys(['example_dag_decorator']) retrieved from /usr/local/lib/python3.10/dist-packages/airflow/example_dags/example_dag_decorator.py
[2023-11-28T01:13:33.296+0000] {logging_mixin.py:154} INFO - [2023-11-28T01:13:33.296+0000] {dag.py:2941} INFO - Sync 1 DAGs
[2023-11-28T01:13:33.307+0000] {logging_mixin.py:154} INFO - [2023-11-28T01:13:33.307+0000] {dag.py:3722} INFO - Setting next_dagrun for example_dag_decorator to None, run_after=None
[2023-11-28T01:13:33.331+0000] {processor.py:179} INFO - Processing /usr/local/lib/python3.10/dist-packages/airflow/example_dags/example_dag_decorator.py took 0.161 seconds
[2023-11-28T01:14:25.944+0000] {processor.py:157} INFO - Started process (PID=6569) to work on /usr/local/lib/python3.10/dist-packages/airflow/example_dags/example_dag_decorator.py
[2023-11-28T01:14:25.945+0000] {processor.py:829} INFO - Processing file /usr/local/lib/python3.10/dist-packages/airflow/example_dags/example_dag_decorator.py for tasks to queue
[2023-11-28T01:14:25.946+0000] {logging_mixin.py:154} INFO - [2023-11-28T01:14:25.946+0000] {dagbag.py:536} INFO - Filling up the DagBag from /usr/local/lib/python3.10/dist-packages/airflow/example_dags/example_dag_decorator.py
[2023-11-28T01:14:25.959+0000] {processor.py:839} INFO - DAG(s) dict_keys(['example_dag_decorator']) retrieved from /usr/local/lib/python3.10/dist-packages/airflow/example_dags/example_dag_decorator.py
[2023-11-28T01:14:26.064+0000] {logging_mixin.py:154} INFO - [2023-11-28T01:14:26.063+0000] {dag.py:2941} INFO - Sync 1 DAGs
[2023-11-28T01:14:26.074+0000] {logging_mixin.py:154} INFO - [2023-11-28T01:14:26.074+0000] {dag.py:3722} INFO - Setting next_dagrun for example_dag_decorator to None, run_after=None
[2023-11-28T01:14:26.098+0000] {processor.py:179} INFO - Processing /usr/local/lib/python3.10/dist-packages/airflow/example_dags/example_dag_decorator.py took 0.157 seconds
[2023-11-28T01:15:32.559+0000] {processor.py:157} INFO - Started process (PID=6647) to work on /usr/local/lib/python3.10/dist-packages/airflow/example_dags/example_dag_decorator.py
[2023-11-28T01:15:32.561+0000] {processor.py:829} INFO - Processing file /usr/local/lib/python3.10/dist-packages/airflow/example_dags/example_dag_decorator.py for tasks to queue
[2023-11-28T01:15:32.562+0000] {logging_mixin.py:154} INFO - [2023-11-28T01:15:32.561+0000] {dagbag.py:536} INFO - Filling up the DagBag from /usr/local/lib/python3.10/dist-packages/airflow/example_dags/example_dag_decorator.py
[2023-11-28T01:15:32.575+0000] {processor.py:839} INFO - DAG(s) dict_keys(['example_dag_decorator']) retrieved from /usr/local/lib/python3.10/dist-packages/airflow/example_dags/example_dag_decorator.py
[2023-11-28T01:15:32.678+0000] {logging_mixin.py:154} INFO - [2023-11-28T01:15:32.678+0000] {dag.py:2941} INFO - Sync 1 DAGs
[2023-11-28T01:15:32.689+0000] {logging_mixin.py:154} INFO - [2023-11-28T01:15:32.688+0000] {dag.py:3722} INFO - Setting next_dagrun for example_dag_decorator to None, run_after=None
[2023-11-28T01:15:32.712+0000] {processor.py:179} INFO - Processing /usr/local/lib/python3.10/dist-packages/airflow/example_dags/example_dag_decorator.py took 0.155 seconds
[2023-11-28T01:16:16.537+0000] {processor.py:157} INFO - Started process (PID=6693) to work on /usr/local/lib/python3.10/dist-packages/airflow/example_dags/example_dag_decorator.py
[2023-11-28T01:16:16.538+0000] {processor.py:829} INFO - Processing file /usr/local/lib/python3.10/dist-packages/airflow/example_dags/example_dag_decorator.py for tasks to queue
[2023-11-28T01:16:16.539+0000] {logging_mixin.py:154} INFO - [2023-11-28T01:16:16.539+0000] {dagbag.py:536} INFO - Filling up the DagBag from /usr/local/lib/python3.10/dist-packages/airflow/example_dags/example_dag_decorator.py
[2023-11-28T01:16:16.553+0000] {processor.py:839} INFO - DAG(s) dict_keys(['example_dag_decorator']) retrieved from /usr/local/lib/python3.10/dist-packages/airflow/example_dags/example_dag_decorator.py
[2023-11-28T01:16:16.656+0000] {logging_mixin.py:154} INFO - [2023-11-28T01:16:16.656+0000] {dag.py:2941} INFO - Sync 1 DAGs
[2023-11-28T01:16:16.668+0000] {logging_mixin.py:154} INFO - [2023-11-28T01:16:16.668+0000] {dag.py:3722} INFO - Setting next_dagrun for example_dag_decorator to None, run_after=None
[2023-11-28T01:16:16.691+0000] {processor.py:179} INFO - Processing /usr/local/lib/python3.10/dist-packages/airflow/example_dags/example_dag_decorator.py took 0.158 seconds
[2023-11-28T01:17:03.988+0000] {processor.py:157} INFO - Started process (PID=6750) to work on /usr/local/lib/python3.10/dist-packages/airflow/example_dags/example_dag_decorator.py
[2023-11-28T01:17:03.989+0000] {processor.py:829} INFO - Processing file /usr/local/lib/python3.10/dist-packages/airflow/example_dags/example_dag_decorator.py for tasks to queue
[2023-11-28T01:17:03.990+0000] {logging_mixin.py:154} INFO - [2023-11-28T01:17:03.989+0000] {dagbag.py:536} INFO - Filling up the DagBag from /usr/local/lib/python3.10/dist-packages/airflow/example_dags/example_dag_decorator.py
[2023-11-28T01:17:04.005+0000] {processor.py:839} INFO - DAG(s) dict_keys(['example_dag_decorator']) retrieved from /usr/local/lib/python3.10/dist-packages/airflow/example_dags/example_dag_decorator.py
[2023-11-28T01:17:04.119+0000] {logging_mixin.py:154} INFO - [2023-11-28T01:17:04.119+0000] {dag.py:2941} INFO - Sync 1 DAGs
[2023-11-28T01:17:04.130+0000] {logging_mixin.py:154} INFO - [2023-11-28T01:17:04.130+0000] {dag.py:3722} INFO - Setting next_dagrun for example_dag_decorator to None, run_after=None
[2023-11-28T01:17:04.192+0000] {processor.py:179} INFO - Processing /usr/local/lib/python3.10/dist-packages/airflow/example_dags/example_dag_decorator.py took 0.208 seconds
[2023-11-28T01:17:53.842+0000] {processor.py:157} INFO - Started process (PID=6800) to work on /usr/local/lib/python3.10/dist-packages/airflow/example_dags/example_dag_decorator.py
[2023-11-28T01:17:53.844+0000] {processor.py:829} INFO - Processing file /usr/local/lib/python3.10/dist-packages/airflow/example_dags/example_dag_decorator.py for tasks to queue
[2023-11-28T01:17:53.845+0000] {logging_mixin.py:154} INFO - [2023-11-28T01:17:53.844+0000] {dagbag.py:536} INFO - Filling up the DagBag from /usr/local/lib/python3.10/dist-packages/airflow/example_dags/example_dag_decorator.py
[2023-11-28T01:17:53.858+0000] {processor.py:839} INFO - DAG(s) dict_keys(['example_dag_decorator']) retrieved from /usr/local/lib/python3.10/dist-packages/airflow/example_dags/example_dag_decorator.py
[2023-11-28T01:17:53.962+0000] {logging_mixin.py:154} INFO - [2023-11-28T01:17:53.962+0000] {dag.py:2941} INFO - Sync 1 DAGs
[2023-11-28T01:17:53.973+0000] {logging_mixin.py:154} INFO - [2023-11-28T01:17:53.973+0000] {dag.py:3722} INFO - Setting next_dagrun for example_dag_decorator to None, run_after=None
[2023-11-28T01:17:53.996+0000] {processor.py:179} INFO - Processing /usr/local/lib/python3.10/dist-packages/airflow/example_dags/example_dag_decorator.py took 0.158 seconds
[2023-11-28T01:18:38.648+0000] {processor.py:157} INFO - Started process (PID=6846) to work on /usr/local/lib/python3.10/dist-packages/airflow/example_dags/example_dag_decorator.py
[2023-11-28T01:18:38.650+0000] {processor.py:829} INFO - Processing file /usr/local/lib/python3.10/dist-packages/airflow/example_dags/example_dag_decorator.py for tasks to queue
[2023-11-28T01:18:38.651+0000] {logging_mixin.py:154} INFO - [2023-11-28T01:18:38.650+0000] {dagbag.py:536} INFO - Filling up the DagBag from /usr/local/lib/python3.10/dist-packages/airflow/example_dags/example_dag_decorator.py
[2023-11-28T01:18:38.664+0000] {processor.py:839} INFO - DAG(s) dict_keys(['example_dag_decorator']) retrieved from /usr/local/lib/python3.10/dist-packages/airflow/example_dags/example_dag_decorator.py
[2023-11-28T01:18:38.765+0000] {logging_mixin.py:154} INFO - [2023-11-28T01:18:38.765+0000] {dag.py:2941} INFO - Sync 1 DAGs
[2023-11-28T01:18:38.776+0000] {logging_mixin.py:154} INFO - [2023-11-28T01:18:38.776+0000] {dag.py:3722} INFO - Setting next_dagrun for example_dag_decorator to None, run_after=None
[2023-11-28T01:18:38.801+0000] {processor.py:179} INFO - Processing /usr/local/lib/python3.10/dist-packages/airflow/example_dags/example_dag_decorator.py took 0.156 seconds
[2023-11-28T01:19:24.800+0000] {processor.py:157} INFO - Started process (PID=6897) to work on /usr/local/lib/python3.10/dist-packages/airflow/example_dags/example_dag_decorator.py
[2023-11-28T01:19:24.801+0000] {processor.py:829} INFO - Processing file /usr/local/lib/python3.10/dist-packages/airflow/example_dags/example_dag_decorator.py for tasks to queue
[2023-11-28T01:19:24.802+0000] {logging_mixin.py:154} INFO - [2023-11-28T01:19:24.802+0000] {dagbag.py:536} INFO - Filling up the DagBag from /usr/local/lib/python3.10/dist-packages/airflow/example_dags/example_dag_decorator.py
[2023-11-28T01:19:24.815+0000] {processor.py:839} INFO - DAG(s) dict_keys(['example_dag_decorator']) retrieved from /usr/local/lib/python3.10/dist-packages/airflow/example_dags/example_dag_decorator.py
[2023-11-28T01:19:24.920+0000] {logging_mixin.py:154} INFO - [2023-11-28T01:19:24.920+0000] {dag.py:2941} INFO - Sync 1 DAGs
[2023-11-28T01:19:24.930+0000] {logging_mixin.py:154} INFO - [2023-11-28T01:19:24.930+0000] {dag.py:3722} INFO - Setting next_dagrun for example_dag_decorator to None, run_after=None
[2023-11-28T01:19:24.953+0000] {processor.py:179} INFO - Processing /usr/local/lib/python3.10/dist-packages/airflow/example_dags/example_dag_decorator.py took 0.157 seconds
