[2023-11-28T00:44:25.137+0000] {processor.py:157} INFO - Started process (PID=3407) to work on /usr/local/lib/python3.10/dist-packages/airflow/example_dags/example_xcom.py
[2023-11-28T00:44:25.138+0000] {processor.py:829} INFO - Processing file /usr/local/lib/python3.10/dist-packages/airflow/example_dags/example_xcom.py for tasks to queue
[2023-11-28T00:44:25.138+0000] {logging_mixin.py:154} INFO - [2023-11-28T00:44:25.138+0000] {dagbag.py:536} INFO - Filling up the DagBag from /usr/local/lib/python3.10/dist-packages/airflow/example_dags/example_xcom.py
[2023-11-28T00:44:25.150+0000] {processor.py:839} INFO - DAG(s) dict_keys(['example_xcom']) retrieved from /usr/local/lib/python3.10/dist-packages/airflow/example_dags/example_xcom.py
[2023-11-28T00:44:25.277+0000] {logging_mixin.py:154} INFO - [2023-11-28T00:44:25.277+0000] {manager.py:499} INFO - Created Permission View: %s
[2023-11-28T00:44:25.291+0000] {logging_mixin.py:154} INFO - [2023-11-28T00:44:25.290+0000] {manager.py:499} INFO - Created Permission View: %s
[2023-11-28T00:44:25.301+0000] {logging_mixin.py:154} INFO - [2023-11-28T00:44:25.301+0000] {manager.py:499} INFO - Created Permission View: %s
[2023-11-28T00:44:25.302+0000] {logging_mixin.py:154} INFO - [2023-11-28T00:44:25.302+0000] {dag.py:2941} INFO - Sync 1 DAGs
[2023-11-28T00:44:25.315+0000] {logging_mixin.py:154} INFO - [2023-11-28T00:44:25.315+0000] {dag.py:2963} INFO - Creating ORM DAG for example_xcom
[2023-11-28T00:44:25.324+0000] {logging_mixin.py:154} INFO - [2023-11-28T00:44:25.324+0000] {dag.py:3722} INFO - Setting next_dagrun for example_xcom to 2021-01-01T00:00:00+00:00, run_after=2021-01-01T00:00:00+00:00
[2023-11-28T00:44:25.347+0000] {processor.py:179} INFO - Processing /usr/local/lib/python3.10/dist-packages/airflow/example_dags/example_xcom.py took 0.214 seconds
[2023-11-28T00:45:18.609+0000] {processor.py:157} INFO - Started process (PID=3540) to work on /usr/local/lib/python3.10/dist-packages/airflow/example_dags/example_xcom.py
[2023-11-28T00:45:18.610+0000] {processor.py:829} INFO - Processing file /usr/local/lib/python3.10/dist-packages/airflow/example_dags/example_xcom.py for tasks to queue
[2023-11-28T00:45:18.611+0000] {logging_mixin.py:154} INFO - [2023-11-28T00:45:18.611+0000] {dagbag.py:536} INFO - Filling up the DagBag from /usr/local/lib/python3.10/dist-packages/airflow/example_dags/example_xcom.py
[2023-11-28T00:45:18.620+0000] {processor.py:839} INFO - DAG(s) dict_keys(['example_xcom']) retrieved from /usr/local/lib/python3.10/dist-packages/airflow/example_dags/example_xcom.py
[2023-11-28T00:45:18.640+0000] {logging_mixin.py:154} INFO - [2023-11-28T00:45:18.640+0000] {dag.py:2941} INFO - Sync 1 DAGs
[2023-11-28T00:45:18.675+0000] {logging_mixin.py:154} INFO - [2023-11-28T00:45:18.674+0000] {dag.py:3722} INFO - Setting next_dagrun for example_xcom to 2021-01-01T00:00:00+00:00, run_after=2021-01-01T00:00:00+00:00
[2023-11-28T00:45:18.701+0000] {processor.py:179} INFO - Processing /usr/local/lib/python3.10/dist-packages/airflow/example_dags/example_xcom.py took 0.096 seconds
[2023-11-28T00:45:59.686+0000] {processor.py:157} INFO - Started process (PID=3585) to work on /usr/local/lib/python3.10/dist-packages/airflow/example_dags/example_xcom.py
[2023-11-28T00:45:59.687+0000] {processor.py:829} INFO - Processing file /usr/local/lib/python3.10/dist-packages/airflow/example_dags/example_xcom.py for tasks to queue
[2023-11-28T00:45:59.688+0000] {logging_mixin.py:154} INFO - [2023-11-28T00:45:59.688+0000] {dagbag.py:536} INFO - Filling up the DagBag from /usr/local/lib/python3.10/dist-packages/airflow/example_dags/example_xcom.py
[2023-11-28T00:45:59.697+0000] {processor.py:839} INFO - DAG(s) dict_keys(['example_xcom']) retrieved from /usr/local/lib/python3.10/dist-packages/airflow/example_dags/example_xcom.py
[2023-11-28T00:45:59.714+0000] {logging_mixin.py:154} INFO - [2023-11-28T00:45:59.714+0000] {dag.py:2941} INFO - Sync 1 DAGs
[2023-11-28T00:45:59.735+0000] {logging_mixin.py:154} INFO - [2023-11-28T00:45:59.734+0000] {dag.py:3722} INFO - Setting next_dagrun for example_xcom to 2021-01-01T00:00:00+00:00, run_after=2021-01-01T00:00:00+00:00
[2023-11-28T00:45:59.758+0000] {processor.py:179} INFO - Processing /usr/local/lib/python3.10/dist-packages/airflow/example_dags/example_xcom.py took 0.076 seconds
[2023-11-28T00:46:41.112+0000] {processor.py:157} INFO - Started process (PID=3630) to work on /usr/local/lib/python3.10/dist-packages/airflow/example_dags/example_xcom.py
[2023-11-28T00:46:41.114+0000] {processor.py:829} INFO - Processing file /usr/local/lib/python3.10/dist-packages/airflow/example_dags/example_xcom.py for tasks to queue
[2023-11-28T00:46:41.114+0000] {logging_mixin.py:154} INFO - [2023-11-28T00:46:41.114+0000] {dagbag.py:536} INFO - Filling up the DagBag from /usr/local/lib/python3.10/dist-packages/airflow/example_dags/example_xcom.py
[2023-11-28T00:46:41.123+0000] {processor.py:839} INFO - DAG(s) dict_keys(['example_xcom']) retrieved from /usr/local/lib/python3.10/dist-packages/airflow/example_dags/example_xcom.py
[2023-11-28T00:46:41.142+0000] {logging_mixin.py:154} INFO - [2023-11-28T00:46:41.142+0000] {dag.py:2941} INFO - Sync 1 DAGs
[2023-11-28T00:46:41.163+0000] {logging_mixin.py:154} INFO - [2023-11-28T00:46:41.162+0000] {dag.py:3722} INFO - Setting next_dagrun for example_xcom to 2021-01-01T00:00:00+00:00, run_after=2021-01-01T00:00:00+00:00
[2023-11-28T00:46:41.185+0000] {processor.py:179} INFO - Processing /usr/local/lib/python3.10/dist-packages/airflow/example_dags/example_xcom.py took 0.076 seconds
[2023-11-28T00:47:23.659+0000] {processor.py:157} INFO - Started process (PID=3680) to work on /usr/local/lib/python3.10/dist-packages/airflow/example_dags/example_xcom.py
[2023-11-28T00:47:23.660+0000] {processor.py:829} INFO - Processing file /usr/local/lib/python3.10/dist-packages/airflow/example_dags/example_xcom.py for tasks to queue
[2023-11-28T00:47:23.661+0000] {logging_mixin.py:154} INFO - [2023-11-28T00:47:23.660+0000] {dagbag.py:536} INFO - Filling up the DagBag from /usr/local/lib/python3.10/dist-packages/airflow/example_dags/example_xcom.py
[2023-11-28T00:47:23.669+0000] {processor.py:839} INFO - DAG(s) dict_keys(['example_xcom']) retrieved from /usr/local/lib/python3.10/dist-packages/airflow/example_dags/example_xcom.py
[2023-11-28T00:47:23.687+0000] {logging_mixin.py:154} INFO - [2023-11-28T00:47:23.687+0000] {dag.py:2941} INFO - Sync 1 DAGs
[2023-11-28T00:47:23.707+0000] {logging_mixin.py:154} INFO - [2023-11-28T00:47:23.707+0000] {dag.py:3722} INFO - Setting next_dagrun for example_xcom to 2021-01-01T00:00:00+00:00, run_after=2021-01-01T00:00:00+00:00
[2023-11-28T00:47:23.730+0000] {processor.py:179} INFO - Processing /usr/local/lib/python3.10/dist-packages/airflow/example_dags/example_xcom.py took 0.074 seconds
[2023-11-28T00:48:09.497+0000] {processor.py:157} INFO - Started process (PID=3726) to work on /usr/local/lib/python3.10/dist-packages/airflow/example_dags/example_xcom.py
[2023-11-28T00:48:09.499+0000] {processor.py:829} INFO - Processing file /usr/local/lib/python3.10/dist-packages/airflow/example_dags/example_xcom.py for tasks to queue
[2023-11-28T00:48:09.500+0000] {logging_mixin.py:154} INFO - [2023-11-28T00:48:09.499+0000] {dagbag.py:536} INFO - Filling up the DagBag from /usr/local/lib/python3.10/dist-packages/airflow/example_dags/example_xcom.py
[2023-11-28T00:48:09.508+0000] {processor.py:839} INFO - DAG(s) dict_keys(['example_xcom']) retrieved from /usr/local/lib/python3.10/dist-packages/airflow/example_dags/example_xcom.py
[2023-11-28T00:48:09.527+0000] {logging_mixin.py:154} INFO - [2023-11-28T00:48:09.527+0000] {dag.py:2941} INFO - Sync 1 DAGs
[2023-11-28T00:48:09.549+0000] {logging_mixin.py:154} INFO - [2023-11-28T00:48:09.548+0000] {dag.py:3722} INFO - Setting next_dagrun for example_xcom to 2021-01-01T00:00:00+00:00, run_after=2021-01-01T00:00:00+00:00
[2023-11-28T00:48:09.572+0000] {processor.py:179} INFO - Processing /usr/local/lib/python3.10/dist-packages/airflow/example_dags/example_xcom.py took 0.078 seconds
[2023-11-28T00:48:54.012+0000] {processor.py:157} INFO - Started process (PID=3772) to work on /usr/local/lib/python3.10/dist-packages/airflow/example_dags/example_xcom.py
[2023-11-28T00:48:54.013+0000] {processor.py:829} INFO - Processing file /usr/local/lib/python3.10/dist-packages/airflow/example_dags/example_xcom.py for tasks to queue
[2023-11-28T00:48:54.014+0000] {logging_mixin.py:154} INFO - [2023-11-28T00:48:54.014+0000] {dagbag.py:536} INFO - Filling up the DagBag from /usr/local/lib/python3.10/dist-packages/airflow/example_dags/example_xcom.py
[2023-11-28T00:48:54.022+0000] {processor.py:839} INFO - DAG(s) dict_keys(['example_xcom']) retrieved from /usr/local/lib/python3.10/dist-packages/airflow/example_dags/example_xcom.py
[2023-11-28T00:48:54.040+0000] {logging_mixin.py:154} INFO - [2023-11-28T00:48:54.040+0000] {dag.py:2941} INFO - Sync 1 DAGs
[2023-11-28T00:48:54.060+0000] {logging_mixin.py:154} INFO - [2023-11-28T00:48:54.060+0000] {dag.py:3722} INFO - Setting next_dagrun for example_xcom to 2021-01-01T00:00:00+00:00, run_after=2021-01-01T00:00:00+00:00
[2023-11-28T00:48:54.081+0000] {processor.py:179} INFO - Processing /usr/local/lib/python3.10/dist-packages/airflow/example_dags/example_xcom.py took 0.072 seconds
[2023-11-28T00:49:38.508+0000] {processor.py:157} INFO - Started process (PID=3818) to work on /usr/local/lib/python3.10/dist-packages/airflow/example_dags/example_xcom.py
[2023-11-28T00:49:38.509+0000] {processor.py:829} INFO - Processing file /usr/local/lib/python3.10/dist-packages/airflow/example_dags/example_xcom.py for tasks to queue
[2023-11-28T00:49:38.510+0000] {logging_mixin.py:154} INFO - [2023-11-28T00:49:38.510+0000] {dagbag.py:536} INFO - Filling up the DagBag from /usr/local/lib/python3.10/dist-packages/airflow/example_dags/example_xcom.py
[2023-11-28T00:49:38.519+0000] {processor.py:839} INFO - DAG(s) dict_keys(['example_xcom']) retrieved from /usr/local/lib/python3.10/dist-packages/airflow/example_dags/example_xcom.py
[2023-11-28T00:49:38.537+0000] {logging_mixin.py:154} INFO - [2023-11-28T00:49:38.537+0000] {dag.py:2941} INFO - Sync 1 DAGs
[2023-11-28T00:49:38.560+0000] {logging_mixin.py:154} INFO - [2023-11-28T00:49:38.560+0000] {dag.py:3722} INFO - Setting next_dagrun for example_xcom to 2021-01-01T00:00:00+00:00, run_after=2021-01-01T00:00:00+00:00
[2023-11-28T00:49:38.583+0000] {processor.py:179} INFO - Processing /usr/local/lib/python3.10/dist-packages/airflow/example_dags/example_xcom.py took 0.079 seconds
[2023-11-28T00:50:23.706+0000] {processor.py:157} INFO - Started process (PID=3866) to work on /usr/local/lib/python3.10/dist-packages/airflow/example_dags/example_xcom.py
[2023-11-28T00:50:23.707+0000] {processor.py:829} INFO - Processing file /usr/local/lib/python3.10/dist-packages/airflow/example_dags/example_xcom.py for tasks to queue
[2023-11-28T00:50:23.708+0000] {logging_mixin.py:154} INFO - [2023-11-28T00:50:23.708+0000] {dagbag.py:536} INFO - Filling up the DagBag from /usr/local/lib/python3.10/dist-packages/airflow/example_dags/example_xcom.py
[2023-11-28T00:50:23.717+0000] {processor.py:839} INFO - DAG(s) dict_keys(['example_xcom']) retrieved from /usr/local/lib/python3.10/dist-packages/airflow/example_dags/example_xcom.py
[2023-11-28T00:50:23.735+0000] {logging_mixin.py:154} INFO - [2023-11-28T00:50:23.734+0000] {dag.py:2941} INFO - Sync 1 DAGs
[2023-11-28T00:50:23.756+0000] {logging_mixin.py:154} INFO - [2023-11-28T00:50:23.756+0000] {dag.py:3722} INFO - Setting next_dagrun for example_xcom to 2021-01-01T00:00:00+00:00, run_after=2021-01-01T00:00:00+00:00
[2023-11-28T00:50:23.779+0000] {processor.py:179} INFO - Processing /usr/local/lib/python3.10/dist-packages/airflow/example_dags/example_xcom.py took 0.077 seconds
[2023-11-28T00:51:12.212+0000] {processor.py:157} INFO - Started process (PID=3914) to work on /usr/local/lib/python3.10/dist-packages/airflow/example_dags/example_xcom.py
[2023-11-28T00:51:12.213+0000] {processor.py:829} INFO - Processing file /usr/local/lib/python3.10/dist-packages/airflow/example_dags/example_xcom.py for tasks to queue
[2023-11-28T00:51:12.214+0000] {logging_mixin.py:154} INFO - [2023-11-28T00:51:12.214+0000] {dagbag.py:536} INFO - Filling up the DagBag from /usr/local/lib/python3.10/dist-packages/airflow/example_dags/example_xcom.py
[2023-11-28T00:51:12.223+0000] {processor.py:839} INFO - DAG(s) dict_keys(['example_xcom']) retrieved from /usr/local/lib/python3.10/dist-packages/airflow/example_dags/example_xcom.py
[2023-11-28T00:51:12.241+0000] {logging_mixin.py:154} INFO - [2023-11-28T00:51:12.241+0000] {dag.py:2941} INFO - Sync 1 DAGs
[2023-11-28T00:51:12.263+0000] {logging_mixin.py:154} INFO - [2023-11-28T00:51:12.263+0000] {dag.py:3722} INFO - Setting next_dagrun for example_xcom to 2021-01-01T00:00:00+00:00, run_after=2021-01-01T00:00:00+00:00
[2023-11-28T00:51:12.285+0000] {processor.py:179} INFO - Processing /usr/local/lib/python3.10/dist-packages/airflow/example_dags/example_xcom.py took 0.077 seconds
[2023-11-28T00:51:58.655+0000] {processor.py:157} INFO - Started process (PID=3963) to work on /usr/local/lib/python3.10/dist-packages/airflow/example_dags/example_xcom.py
[2023-11-28T00:51:58.657+0000] {processor.py:829} INFO - Processing file /usr/local/lib/python3.10/dist-packages/airflow/example_dags/example_xcom.py for tasks to queue
[2023-11-28T00:51:58.658+0000] {logging_mixin.py:154} INFO - [2023-11-28T00:51:58.657+0000] {dagbag.py:536} INFO - Filling up the DagBag from /usr/local/lib/python3.10/dist-packages/airflow/example_dags/example_xcom.py
[2023-11-28T00:51:58.666+0000] {processor.py:839} INFO - DAG(s) dict_keys(['example_xcom']) retrieved from /usr/local/lib/python3.10/dist-packages/airflow/example_dags/example_xcom.py
[2023-11-28T00:51:58.685+0000] {logging_mixin.py:154} INFO - [2023-11-28T00:51:58.685+0000] {dag.py:2941} INFO - Sync 1 DAGs
[2023-11-28T00:51:58.706+0000] {logging_mixin.py:154} INFO - [2023-11-28T00:51:58.706+0000] {dag.py:3722} INFO - Setting next_dagrun for example_xcom to 2021-01-01T00:00:00+00:00, run_after=2021-01-01T00:00:00+00:00
[2023-11-28T00:51:58.729+0000] {processor.py:179} INFO - Processing /usr/local/lib/python3.10/dist-packages/airflow/example_dags/example_xcom.py took 0.077 seconds
[2023-11-28T00:52:42.351+0000] {processor.py:157} INFO - Started process (PID=4353) to work on /usr/local/lib/python3.10/dist-packages/airflow/example_dags/example_xcom.py
[2023-11-28T00:52:42.353+0000] {processor.py:829} INFO - Processing file /usr/local/lib/python3.10/dist-packages/airflow/example_dags/example_xcom.py for tasks to queue
[2023-11-28T00:52:42.353+0000] {logging_mixin.py:154} INFO - [2023-11-28T00:52:42.353+0000] {dagbag.py:536} INFO - Filling up the DagBag from /usr/local/lib/python3.10/dist-packages/airflow/example_dags/example_xcom.py
[2023-11-28T00:52:42.362+0000] {processor.py:839} INFO - DAG(s) dict_keys(['example_xcom']) retrieved from /usr/local/lib/python3.10/dist-packages/airflow/example_dags/example_xcom.py
[2023-11-28T00:52:42.380+0000] {logging_mixin.py:154} INFO - [2023-11-28T00:52:42.379+0000] {dag.py:2941} INFO - Sync 1 DAGs
[2023-11-28T00:52:42.401+0000] {logging_mixin.py:154} INFO - [2023-11-28T00:52:42.401+0000] {dag.py:3722} INFO - Setting next_dagrun for example_xcom to 2021-01-01T00:00:00+00:00, run_after=2021-01-01T00:00:00+00:00
[2023-11-28T00:52:42.424+0000] {processor.py:179} INFO - Processing /usr/local/lib/python3.10/dist-packages/airflow/example_dags/example_xcom.py took 0.076 seconds
[2023-11-28T00:53:30.559+0000] {processor.py:157} INFO - Started process (PID=4522) to work on /usr/local/lib/python3.10/dist-packages/airflow/example_dags/example_xcom.py
[2023-11-28T00:53:30.560+0000] {processor.py:829} INFO - Processing file /usr/local/lib/python3.10/dist-packages/airflow/example_dags/example_xcom.py for tasks to queue
[2023-11-28T00:53:30.561+0000] {logging_mixin.py:154} INFO - [2023-11-28T00:53:30.561+0000] {dagbag.py:536} INFO - Filling up the DagBag from /usr/local/lib/python3.10/dist-packages/airflow/example_dags/example_xcom.py
[2023-11-28T00:53:30.570+0000] {processor.py:839} INFO - DAG(s) dict_keys(['example_xcom']) retrieved from /usr/local/lib/python3.10/dist-packages/airflow/example_dags/example_xcom.py
[2023-11-28T00:53:30.587+0000] {logging_mixin.py:154} INFO - [2023-11-28T00:53:30.587+0000] {dag.py:2941} INFO - Sync 1 DAGs
[2023-11-28T00:53:30.607+0000] {logging_mixin.py:154} INFO - [2023-11-28T00:53:30.607+0000] {dag.py:3722} INFO - Setting next_dagrun for example_xcom to 2021-01-01T00:00:00+00:00, run_after=2021-01-01T00:00:00+00:00
[2023-11-28T00:53:30.632+0000] {processor.py:179} INFO - Processing /usr/local/lib/python3.10/dist-packages/airflow/example_dags/example_xcom.py took 0.076 seconds
[2023-11-28T00:54:15.042+0000] {processor.py:157} INFO - Started process (PID=4879) to work on /usr/local/lib/python3.10/dist-packages/airflow/example_dags/example_xcom.py
[2023-11-28T00:54:15.044+0000] {processor.py:829} INFO - Processing file /usr/local/lib/python3.10/dist-packages/airflow/example_dags/example_xcom.py for tasks to queue
[2023-11-28T00:54:15.045+0000] {logging_mixin.py:154} INFO - [2023-11-28T00:54:15.044+0000] {dagbag.py:536} INFO - Filling up the DagBag from /usr/local/lib/python3.10/dist-packages/airflow/example_dags/example_xcom.py
[2023-11-28T00:54:15.053+0000] {processor.py:839} INFO - DAG(s) dict_keys(['example_xcom']) retrieved from /usr/local/lib/python3.10/dist-packages/airflow/example_dags/example_xcom.py
[2023-11-28T00:54:15.071+0000] {logging_mixin.py:154} INFO - [2023-11-28T00:54:15.071+0000] {dag.py:2941} INFO - Sync 1 DAGs
[2023-11-28T00:54:15.094+0000] {logging_mixin.py:154} INFO - [2023-11-28T00:54:15.094+0000] {dag.py:3722} INFO - Setting next_dagrun for example_xcom to 2021-01-01T00:00:00+00:00, run_after=2021-01-01T00:00:00+00:00
[2023-11-28T00:54:15.118+0000] {processor.py:179} INFO - Processing /usr/local/lib/python3.10/dist-packages/airflow/example_dags/example_xcom.py took 0.080 seconds
[2023-11-28T00:54:56.951+0000] {processor.py:157} INFO - Started process (PID=4926) to work on /usr/local/lib/python3.10/dist-packages/airflow/example_dags/example_xcom.py
[2023-11-28T00:54:56.953+0000] {processor.py:829} INFO - Processing file /usr/local/lib/python3.10/dist-packages/airflow/example_dags/example_xcom.py for tasks to queue
[2023-11-28T00:54:56.954+0000] {logging_mixin.py:154} INFO - [2023-11-28T00:54:56.953+0000] {dagbag.py:536} INFO - Filling up the DagBag from /usr/local/lib/python3.10/dist-packages/airflow/example_dags/example_xcom.py
[2023-11-28T00:54:56.962+0000] {processor.py:839} INFO - DAG(s) dict_keys(['example_xcom']) retrieved from /usr/local/lib/python3.10/dist-packages/airflow/example_dags/example_xcom.py
[2023-11-28T00:54:56.981+0000] {logging_mixin.py:154} INFO - [2023-11-28T00:54:56.980+0000] {dag.py:2941} INFO - Sync 1 DAGs
[2023-11-28T00:54:57.002+0000] {logging_mixin.py:154} INFO - [2023-11-28T00:54:57.002+0000] {dag.py:3722} INFO - Setting next_dagrun for example_xcom to 2021-01-01T00:00:00+00:00, run_after=2021-01-01T00:00:00+00:00
[2023-11-28T00:54:57.028+0000] {processor.py:179} INFO - Processing /usr/local/lib/python3.10/dist-packages/airflow/example_dags/example_xcom.py took 0.080 seconds
[2023-11-28T00:55:44.541+0000] {processor.py:157} INFO - Started process (PID=4975) to work on /usr/local/lib/python3.10/dist-packages/airflow/example_dags/example_xcom.py
[2023-11-28T00:55:44.542+0000] {processor.py:829} INFO - Processing file /usr/local/lib/python3.10/dist-packages/airflow/example_dags/example_xcom.py for tasks to queue
[2023-11-28T00:55:44.543+0000] {logging_mixin.py:154} INFO - [2023-11-28T00:55:44.543+0000] {dagbag.py:536} INFO - Filling up the DagBag from /usr/local/lib/python3.10/dist-packages/airflow/example_dags/example_xcom.py
[2023-11-28T00:55:44.551+0000] {processor.py:839} INFO - DAG(s) dict_keys(['example_xcom']) retrieved from /usr/local/lib/python3.10/dist-packages/airflow/example_dags/example_xcom.py
[2023-11-28T00:55:44.569+0000] {logging_mixin.py:154} INFO - [2023-11-28T00:55:44.569+0000] {dag.py:2941} INFO - Sync 1 DAGs
[2023-11-28T00:55:44.589+0000] {logging_mixin.py:154} INFO - [2023-11-28T00:55:44.589+0000] {dag.py:3722} INFO - Setting next_dagrun for example_xcom to 2021-01-01T00:00:00+00:00, run_after=2021-01-01T00:00:00+00:00
[2023-11-28T00:55:44.611+0000] {processor.py:179} INFO - Processing /usr/local/lib/python3.10/dist-packages/airflow/example_dags/example_xcom.py took 0.073 seconds
[2023-11-28T00:56:29.659+0000] {processor.py:157} INFO - Started process (PID=5339) to work on /usr/local/lib/python3.10/dist-packages/airflow/example_dags/example_xcom.py
[2023-11-28T00:56:29.661+0000] {processor.py:829} INFO - Processing file /usr/local/lib/python3.10/dist-packages/airflow/example_dags/example_xcom.py for tasks to queue
[2023-11-28T00:56:29.661+0000] {logging_mixin.py:154} INFO - [2023-11-28T00:56:29.661+0000] {dagbag.py:536} INFO - Filling up the DagBag from /usr/local/lib/python3.10/dist-packages/airflow/example_dags/example_xcom.py
[2023-11-28T00:56:29.670+0000] {processor.py:839} INFO - DAG(s) dict_keys(['example_xcom']) retrieved from /usr/local/lib/python3.10/dist-packages/airflow/example_dags/example_xcom.py
[2023-11-28T00:56:29.687+0000] {logging_mixin.py:154} INFO - [2023-11-28T00:56:29.687+0000] {dag.py:2941} INFO - Sync 1 DAGs
[2023-11-28T00:56:29.707+0000] {logging_mixin.py:154} INFO - [2023-11-28T00:56:29.707+0000] {dag.py:3722} INFO - Setting next_dagrun for example_xcom to 2021-01-01T00:00:00+00:00, run_after=2021-01-01T00:00:00+00:00
[2023-11-28T00:56:29.729+0000] {processor.py:179} INFO - Processing /usr/local/lib/python3.10/dist-packages/airflow/example_dags/example_xcom.py took 0.073 seconds
[2023-11-28T00:57:17.448+0000] {processor.py:157} INFO - Started process (PID=5391) to work on /usr/local/lib/python3.10/dist-packages/airflow/example_dags/example_xcom.py
[2023-11-28T00:57:17.449+0000] {processor.py:829} INFO - Processing file /usr/local/lib/python3.10/dist-packages/airflow/example_dags/example_xcom.py for tasks to queue
[2023-11-28T00:57:17.450+0000] {logging_mixin.py:154} INFO - [2023-11-28T00:57:17.450+0000] {dagbag.py:536} INFO - Filling up the DagBag from /usr/local/lib/python3.10/dist-packages/airflow/example_dags/example_xcom.py
[2023-11-28T00:57:17.459+0000] {processor.py:839} INFO - DAG(s) dict_keys(['example_xcom']) retrieved from /usr/local/lib/python3.10/dist-packages/airflow/example_dags/example_xcom.py
[2023-11-28T00:57:17.477+0000] {logging_mixin.py:154} INFO - [2023-11-28T00:57:17.476+0000] {dag.py:2941} INFO - Sync 1 DAGs
[2023-11-28T00:57:17.496+0000] {logging_mixin.py:154} INFO - [2023-11-28T00:57:17.496+0000] {dag.py:3722} INFO - Setting next_dagrun for example_xcom to 2021-01-01T00:00:00+00:00, run_after=2021-01-01T00:00:00+00:00
[2023-11-28T00:57:17.519+0000] {processor.py:179} INFO - Processing /usr/local/lib/python3.10/dist-packages/airflow/example_dags/example_xcom.py took 0.074 seconds
[2023-11-28T00:58:04.842+0000] {processor.py:157} INFO - Started process (PID=5438) to work on /usr/local/lib/python3.10/dist-packages/airflow/example_dags/example_xcom.py
[2023-11-28T00:58:04.844+0000] {processor.py:829} INFO - Processing file /usr/local/lib/python3.10/dist-packages/airflow/example_dags/example_xcom.py for tasks to queue
[2023-11-28T00:58:04.845+0000] {logging_mixin.py:154} INFO - [2023-11-28T00:58:04.844+0000] {dagbag.py:536} INFO - Filling up the DagBag from /usr/local/lib/python3.10/dist-packages/airflow/example_dags/example_xcom.py
[2023-11-28T00:58:04.854+0000] {processor.py:839} INFO - DAG(s) dict_keys(['example_xcom']) retrieved from /usr/local/lib/python3.10/dist-packages/airflow/example_dags/example_xcom.py
[2023-11-28T00:58:04.873+0000] {logging_mixin.py:154} INFO - [2023-11-28T00:58:04.873+0000] {dag.py:2941} INFO - Sync 1 DAGs
[2023-11-28T00:58:04.895+0000] {logging_mixin.py:154} INFO - [2023-11-28T00:58:04.895+0000] {dag.py:3722} INFO - Setting next_dagrun for example_xcom to 2021-01-01T00:00:00+00:00, run_after=2021-01-01T00:00:00+00:00
[2023-11-28T00:58:04.921+0000] {processor.py:179} INFO - Processing /usr/local/lib/python3.10/dist-packages/airflow/example_dags/example_xcom.py took 0.083 seconds
[2023-11-28T00:58:49.688+0000] {processor.py:157} INFO - Started process (PID=5485) to work on /usr/local/lib/python3.10/dist-packages/airflow/example_dags/example_xcom.py
[2023-11-28T00:58:49.690+0000] {processor.py:829} INFO - Processing file /usr/local/lib/python3.10/dist-packages/airflow/example_dags/example_xcom.py for tasks to queue
[2023-11-28T00:58:49.690+0000] {logging_mixin.py:154} INFO - [2023-11-28T00:58:49.690+0000] {dagbag.py:536} INFO - Filling up the DagBag from /usr/local/lib/python3.10/dist-packages/airflow/example_dags/example_xcom.py
[2023-11-28T00:58:49.699+0000] {processor.py:839} INFO - DAG(s) dict_keys(['example_xcom']) retrieved from /usr/local/lib/python3.10/dist-packages/airflow/example_dags/example_xcom.py
[2023-11-28T00:58:49.717+0000] {logging_mixin.py:154} INFO - [2023-11-28T00:58:49.716+0000] {dag.py:2941} INFO - Sync 1 DAGs
[2023-11-28T00:58:49.737+0000] {logging_mixin.py:154} INFO - [2023-11-28T00:58:49.737+0000] {dag.py:3722} INFO - Setting next_dagrun for example_xcom to 2021-01-01T00:00:00+00:00, run_after=2021-01-01T00:00:00+00:00
[2023-11-28T00:58:49.759+0000] {processor.py:179} INFO - Processing /usr/local/lib/python3.10/dist-packages/airflow/example_dags/example_xcom.py took 0.074 seconds
[2023-11-28T00:59:35.346+0000] {processor.py:157} INFO - Started process (PID=5533) to work on /usr/local/lib/python3.10/dist-packages/airflow/example_dags/example_xcom.py
[2023-11-28T00:59:35.348+0000] {processor.py:829} INFO - Processing file /usr/local/lib/python3.10/dist-packages/airflow/example_dags/example_xcom.py for tasks to queue
[2023-11-28T00:59:35.349+0000] {logging_mixin.py:154} INFO - [2023-11-28T00:59:35.348+0000] {dagbag.py:536} INFO - Filling up the DagBag from /usr/local/lib/python3.10/dist-packages/airflow/example_dags/example_xcom.py
[2023-11-28T00:59:35.357+0000] {processor.py:839} INFO - DAG(s) dict_keys(['example_xcom']) retrieved from /usr/local/lib/python3.10/dist-packages/airflow/example_dags/example_xcom.py
[2023-11-28T00:59:35.376+0000] {logging_mixin.py:154} INFO - [2023-11-28T00:59:35.375+0000] {dag.py:2941} INFO - Sync 1 DAGs
[2023-11-28T00:59:35.397+0000] {logging_mixin.py:154} INFO - [2023-11-28T00:59:35.397+0000] {dag.py:3722} INFO - Setting next_dagrun for example_xcom to 2021-01-01T00:00:00+00:00, run_after=2021-01-01T00:00:00+00:00
[2023-11-28T00:59:35.418+0000] {processor.py:179} INFO - Processing /usr/local/lib/python3.10/dist-packages/airflow/example_dags/example_xcom.py took 0.076 seconds
[2023-11-28T01:00:17.747+0000] {processor.py:157} INFO - Started process (PID=5577) to work on /usr/local/lib/python3.10/dist-packages/airflow/example_dags/example_xcom.py
[2023-11-28T01:00:17.748+0000] {processor.py:829} INFO - Processing file /usr/local/lib/python3.10/dist-packages/airflow/example_dags/example_xcom.py for tasks to queue
[2023-11-28T01:00:17.749+0000] {logging_mixin.py:154} INFO - [2023-11-28T01:00:17.749+0000] {dagbag.py:536} INFO - Filling up the DagBag from /usr/local/lib/python3.10/dist-packages/airflow/example_dags/example_xcom.py
[2023-11-28T01:00:17.758+0000] {processor.py:839} INFO - DAG(s) dict_keys(['example_xcom']) retrieved from /usr/local/lib/python3.10/dist-packages/airflow/example_dags/example_xcom.py
[2023-11-28T01:00:17.776+0000] {logging_mixin.py:154} INFO - [2023-11-28T01:00:17.776+0000] {dag.py:2941} INFO - Sync 1 DAGs
[2023-11-28T01:00:17.797+0000] {logging_mixin.py:154} INFO - [2023-11-28T01:00:17.797+0000] {dag.py:3722} INFO - Setting next_dagrun for example_xcom to 2021-01-01T00:00:00+00:00, run_after=2021-01-01T00:00:00+00:00
[2023-11-28T01:00:17.819+0000] {processor.py:179} INFO - Processing /usr/local/lib/python3.10/dist-packages/airflow/example_dags/example_xcom.py took 0.075 seconds
[2023-11-28T01:01:04.347+0000] {processor.py:157} INFO - Started process (PID=5624) to work on /usr/local/lib/python3.10/dist-packages/airflow/example_dags/example_xcom.py
[2023-11-28T01:01:04.349+0000] {processor.py:829} INFO - Processing file /usr/local/lib/python3.10/dist-packages/airflow/example_dags/example_xcom.py for tasks to queue
[2023-11-28T01:01:04.350+0000] {logging_mixin.py:154} INFO - [2023-11-28T01:01:04.349+0000] {dagbag.py:536} INFO - Filling up the DagBag from /usr/local/lib/python3.10/dist-packages/airflow/example_dags/example_xcom.py
[2023-11-28T01:01:04.358+0000] {processor.py:839} INFO - DAG(s) dict_keys(['example_xcom']) retrieved from /usr/local/lib/python3.10/dist-packages/airflow/example_dags/example_xcom.py
[2023-11-28T01:01:04.376+0000] {logging_mixin.py:154} INFO - [2023-11-28T01:01:04.376+0000] {dag.py:2941} INFO - Sync 1 DAGs
[2023-11-28T01:01:04.398+0000] {logging_mixin.py:154} INFO - [2023-11-28T01:01:04.397+0000] {dag.py:3722} INFO - Setting next_dagrun for example_xcom to 2021-01-01T00:00:00+00:00, run_after=2021-01-01T00:00:00+00:00
[2023-11-28T01:01:04.421+0000] {processor.py:179} INFO - Processing /usr/local/lib/python3.10/dist-packages/airflow/example_dags/example_xcom.py took 0.077 seconds
[2023-11-28T01:01:48.420+0000] {processor.py:157} INFO - Started process (PID=5671) to work on /usr/local/lib/python3.10/dist-packages/airflow/example_dags/example_xcom.py
[2023-11-28T01:01:48.422+0000] {processor.py:829} INFO - Processing file /usr/local/lib/python3.10/dist-packages/airflow/example_dags/example_xcom.py for tasks to queue
[2023-11-28T01:01:48.423+0000] {logging_mixin.py:154} INFO - [2023-11-28T01:01:48.422+0000] {dagbag.py:536} INFO - Filling up the DagBag from /usr/local/lib/python3.10/dist-packages/airflow/example_dags/example_xcom.py
[2023-11-28T01:01:48.431+0000] {processor.py:839} INFO - DAG(s) dict_keys(['example_xcom']) retrieved from /usr/local/lib/python3.10/dist-packages/airflow/example_dags/example_xcom.py
[2023-11-28T01:01:48.449+0000] {logging_mixin.py:154} INFO - [2023-11-28T01:01:48.449+0000] {dag.py:2941} INFO - Sync 1 DAGs
[2023-11-28T01:01:48.471+0000] {logging_mixin.py:154} INFO - [2023-11-28T01:01:48.470+0000] {dag.py:3722} INFO - Setting next_dagrun for example_xcom to 2021-01-01T00:00:00+00:00, run_after=2021-01-01T00:00:00+00:00
[2023-11-28T01:01:48.493+0000] {processor.py:179} INFO - Processing /usr/local/lib/python3.10/dist-packages/airflow/example_dags/example_xcom.py took 0.076 seconds
[2023-11-28T01:02:34.507+0000] {processor.py:157} INFO - Started process (PID=5720) to work on /usr/local/lib/python3.10/dist-packages/airflow/example_dags/example_xcom.py
[2023-11-28T01:02:34.508+0000] {processor.py:829} INFO - Processing file /usr/local/lib/python3.10/dist-packages/airflow/example_dags/example_xcom.py for tasks to queue
[2023-11-28T01:02:34.509+0000] {logging_mixin.py:154} INFO - [2023-11-28T01:02:34.509+0000] {dagbag.py:536} INFO - Filling up the DagBag from /usr/local/lib/python3.10/dist-packages/airflow/example_dags/example_xcom.py
[2023-11-28T01:02:34.518+0000] {processor.py:839} INFO - DAG(s) dict_keys(['example_xcom']) retrieved from /usr/local/lib/python3.10/dist-packages/airflow/example_dags/example_xcom.py
[2023-11-28T01:02:34.537+0000] {logging_mixin.py:154} INFO - [2023-11-28T01:02:34.537+0000] {dag.py:2941} INFO - Sync 1 DAGs
[2023-11-28T01:02:34.559+0000] {logging_mixin.py:154} INFO - [2023-11-28T01:02:34.558+0000] {dag.py:3722} INFO - Setting next_dagrun for example_xcom to 2021-01-01T00:00:00+00:00, run_after=2021-01-01T00:00:00+00:00
[2023-11-28T01:02:34.581+0000] {processor.py:179} INFO - Processing /usr/local/lib/python3.10/dist-packages/airflow/example_dags/example_xcom.py took 0.078 seconds
[2023-11-28T01:03:19.810+0000] {processor.py:157} INFO - Started process (PID=5765) to work on /usr/local/lib/python3.10/dist-packages/airflow/example_dags/example_xcom.py
[2023-11-28T01:03:19.811+0000] {processor.py:829} INFO - Processing file /usr/local/lib/python3.10/dist-packages/airflow/example_dags/example_xcom.py for tasks to queue
[2023-11-28T01:03:19.812+0000] {logging_mixin.py:154} INFO - [2023-11-28T01:03:19.812+0000] {dagbag.py:536} INFO - Filling up the DagBag from /usr/local/lib/python3.10/dist-packages/airflow/example_dags/example_xcom.py
[2023-11-28T01:03:19.821+0000] {processor.py:839} INFO - DAG(s) dict_keys(['example_xcom']) retrieved from /usr/local/lib/python3.10/dist-packages/airflow/example_dags/example_xcom.py
[2023-11-28T01:03:19.838+0000] {logging_mixin.py:154} INFO - [2023-11-28T01:03:19.838+0000] {dag.py:2941} INFO - Sync 1 DAGs
[2023-11-28T01:03:19.859+0000] {logging_mixin.py:154} INFO - [2023-11-28T01:03:19.859+0000] {dag.py:3722} INFO - Setting next_dagrun for example_xcom to 2021-01-01T00:00:00+00:00, run_after=2021-01-01T00:00:00+00:00
[2023-11-28T01:03:19.881+0000] {processor.py:179} INFO - Processing /usr/local/lib/python3.10/dist-packages/airflow/example_dags/example_xcom.py took 0.074 seconds
[2023-11-28T01:04:04.296+0000] {processor.py:157} INFO - Started process (PID=5925) to work on /usr/local/lib/python3.10/dist-packages/airflow/example_dags/example_xcom.py
[2023-11-28T01:04:04.298+0000] {processor.py:829} INFO - Processing file /usr/local/lib/python3.10/dist-packages/airflow/example_dags/example_xcom.py for tasks to queue
[2023-11-28T01:04:04.298+0000] {logging_mixin.py:154} INFO - [2023-11-28T01:04:04.298+0000] {dagbag.py:536} INFO - Filling up the DagBag from /usr/local/lib/python3.10/dist-packages/airflow/example_dags/example_xcom.py
[2023-11-28T01:04:04.316+0000] {processor.py:839} INFO - DAG(s) dict_keys(['example_xcom']) retrieved from /usr/local/lib/python3.10/dist-packages/airflow/example_dags/example_xcom.py
[2023-11-28T01:04:04.335+0000] {logging_mixin.py:154} INFO - [2023-11-28T01:04:04.335+0000] {dag.py:2941} INFO - Sync 1 DAGs
[2023-11-28T01:04:04.357+0000] {logging_mixin.py:154} INFO - [2023-11-28T01:04:04.357+0000] {dag.py:3722} INFO - Setting next_dagrun for example_xcom to 2021-01-01T00:00:00+00:00, run_after=2021-01-01T00:00:00+00:00
[2023-11-28T01:04:04.380+0000] {processor.py:179} INFO - Processing /usr/local/lib/python3.10/dist-packages/airflow/example_dags/example_xcom.py took 0.087 seconds
[2023-11-28T01:04:47.244+0000] {processor.py:157} INFO - Started process (PID=5971) to work on /usr/local/lib/python3.10/dist-packages/airflow/example_dags/example_xcom.py
[2023-11-28T01:04:47.246+0000] {processor.py:829} INFO - Processing file /usr/local/lib/python3.10/dist-packages/airflow/example_dags/example_xcom.py for tasks to queue
[2023-11-28T01:04:47.247+0000] {logging_mixin.py:154} INFO - [2023-11-28T01:04:47.246+0000] {dagbag.py:536} INFO - Filling up the DagBag from /usr/local/lib/python3.10/dist-packages/airflow/example_dags/example_xcom.py
[2023-11-28T01:04:47.255+0000] {processor.py:839} INFO - DAG(s) dict_keys(['example_xcom']) retrieved from /usr/local/lib/python3.10/dist-packages/airflow/example_dags/example_xcom.py
[2023-11-28T01:04:47.273+0000] {logging_mixin.py:154} INFO - [2023-11-28T01:04:47.273+0000] {dag.py:2941} INFO - Sync 1 DAGs
[2023-11-28T01:04:47.293+0000] {logging_mixin.py:154} INFO - [2023-11-28T01:04:47.293+0000] {dag.py:3722} INFO - Setting next_dagrun for example_xcom to 2021-01-01T00:00:00+00:00, run_after=2021-01-01T00:00:00+00:00
[2023-11-28T01:04:47.314+0000] {processor.py:179} INFO - Processing /usr/local/lib/python3.10/dist-packages/airflow/example_dags/example_xcom.py took 0.073 seconds
[2023-11-28T01:05:30.959+0000] {processor.py:157} INFO - Started process (PID=6017) to work on /usr/local/lib/python3.10/dist-packages/airflow/example_dags/example_xcom.py
[2023-11-28T01:05:30.961+0000] {processor.py:829} INFO - Processing file /usr/local/lib/python3.10/dist-packages/airflow/example_dags/example_xcom.py for tasks to queue
[2023-11-28T01:05:30.962+0000] {logging_mixin.py:154} INFO - [2023-11-28T01:05:30.962+0000] {dagbag.py:536} INFO - Filling up the DagBag from /usr/local/lib/python3.10/dist-packages/airflow/example_dags/example_xcom.py
[2023-11-28T01:05:30.971+0000] {processor.py:839} INFO - DAG(s) dict_keys(['example_xcom']) retrieved from /usr/local/lib/python3.10/dist-packages/airflow/example_dags/example_xcom.py
[2023-11-28T01:05:30.990+0000] {logging_mixin.py:154} INFO - [2023-11-28T01:05:30.989+0000] {dag.py:2941} INFO - Sync 1 DAGs
[2023-11-28T01:05:31.012+0000] {logging_mixin.py:154} INFO - [2023-11-28T01:05:31.012+0000] {dag.py:3722} INFO - Setting next_dagrun for example_xcom to 2021-01-01T00:00:00+00:00, run_after=2021-01-01T00:00:00+00:00
[2023-11-28T01:05:31.035+0000] {processor.py:179} INFO - Processing /usr/local/lib/python3.10/dist-packages/airflow/example_dags/example_xcom.py took 0.079 seconds
[2023-11-28T01:06:19.679+0000] {processor.py:157} INFO - Started process (PID=6066) to work on /usr/local/lib/python3.10/dist-packages/airflow/example_dags/example_xcom.py
[2023-11-28T01:06:19.680+0000] {processor.py:829} INFO - Processing file /usr/local/lib/python3.10/dist-packages/airflow/example_dags/example_xcom.py for tasks to queue
[2023-11-28T01:06:19.681+0000] {logging_mixin.py:154} INFO - [2023-11-28T01:06:19.681+0000] {dagbag.py:536} INFO - Filling up the DagBag from /usr/local/lib/python3.10/dist-packages/airflow/example_dags/example_xcom.py
[2023-11-28T01:06:19.690+0000] {processor.py:839} INFO - DAG(s) dict_keys(['example_xcom']) retrieved from /usr/local/lib/python3.10/dist-packages/airflow/example_dags/example_xcom.py
[2023-11-28T01:06:19.708+0000] {logging_mixin.py:154} INFO - [2023-11-28T01:06:19.708+0000] {dag.py:2941} INFO - Sync 1 DAGs
[2023-11-28T01:06:19.728+0000] {logging_mixin.py:154} INFO - [2023-11-28T01:06:19.728+0000] {dag.py:3722} INFO - Setting next_dagrun for example_xcom to 2021-01-01T00:00:00+00:00, run_after=2021-01-01T00:00:00+00:00
[2023-11-28T01:06:19.755+0000] {processor.py:179} INFO - Processing /usr/local/lib/python3.10/dist-packages/airflow/example_dags/example_xcom.py took 0.079 seconds
[2023-11-28T01:07:04.582+0000] {processor.py:157} INFO - Started process (PID=6112) to work on /usr/local/lib/python3.10/dist-packages/airflow/example_dags/example_xcom.py
[2023-11-28T01:07:04.583+0000] {processor.py:829} INFO - Processing file /usr/local/lib/python3.10/dist-packages/airflow/example_dags/example_xcom.py for tasks to queue
[2023-11-28T01:07:04.584+0000] {logging_mixin.py:154} INFO - [2023-11-28T01:07:04.584+0000] {dagbag.py:536} INFO - Filling up the DagBag from /usr/local/lib/python3.10/dist-packages/airflow/example_dags/example_xcom.py
[2023-11-28T01:07:04.593+0000] {processor.py:839} INFO - DAG(s) dict_keys(['example_xcom']) retrieved from /usr/local/lib/python3.10/dist-packages/airflow/example_dags/example_xcom.py
[2023-11-28T01:07:04.611+0000] {logging_mixin.py:154} INFO - [2023-11-28T01:07:04.611+0000] {dag.py:2941} INFO - Sync 1 DAGs
[2023-11-28T01:07:04.633+0000] {logging_mixin.py:154} INFO - [2023-11-28T01:07:04.632+0000] {dag.py:3722} INFO - Setting next_dagrun for example_xcom to 2021-01-01T00:00:00+00:00, run_after=2021-01-01T00:00:00+00:00
[2023-11-28T01:07:04.655+0000] {processor.py:179} INFO - Processing /usr/local/lib/python3.10/dist-packages/airflow/example_dags/example_xcom.py took 0.076 seconds
[2023-11-28T01:07:52.880+0000] {processor.py:157} INFO - Started process (PID=6161) to work on /usr/local/lib/python3.10/dist-packages/airflow/example_dags/example_xcom.py
[2023-11-28T01:07:52.882+0000] {processor.py:829} INFO - Processing file /usr/local/lib/python3.10/dist-packages/airflow/example_dags/example_xcom.py for tasks to queue
[2023-11-28T01:07:52.882+0000] {logging_mixin.py:154} INFO - [2023-11-28T01:07:52.882+0000] {dagbag.py:536} INFO - Filling up the DagBag from /usr/local/lib/python3.10/dist-packages/airflow/example_dags/example_xcom.py
[2023-11-28T01:07:52.892+0000] {processor.py:839} INFO - DAG(s) dict_keys(['example_xcom']) retrieved from /usr/local/lib/python3.10/dist-packages/airflow/example_dags/example_xcom.py
[2023-11-28T01:07:52.911+0000] {logging_mixin.py:154} INFO - [2023-11-28T01:07:52.910+0000] {dag.py:2941} INFO - Sync 1 DAGs
[2023-11-28T01:07:52.933+0000] {logging_mixin.py:154} INFO - [2023-11-28T01:07:52.932+0000] {dag.py:3722} INFO - Setting next_dagrun for example_xcom to 2021-01-01T00:00:00+00:00, run_after=2021-01-01T00:00:00+00:00
[2023-11-28T01:07:52.956+0000] {processor.py:179} INFO - Processing /usr/local/lib/python3.10/dist-packages/airflow/example_dags/example_xcom.py took 0.079 seconds
[2023-11-28T01:08:26.552+0000] {processor.py:157} INFO - Started process (PID=6196) to work on /usr/local/lib/python3.10/dist-packages/airflow/example_dags/example_xcom.py
[2023-11-28T01:08:26.553+0000] {processor.py:829} INFO - Processing file /usr/local/lib/python3.10/dist-packages/airflow/example_dags/example_xcom.py for tasks to queue
[2023-11-28T01:08:26.554+0000] {logging_mixin.py:154} INFO - [2023-11-28T01:08:26.553+0000] {dagbag.py:536} INFO - Filling up the DagBag from /usr/local/lib/python3.10/dist-packages/airflow/example_dags/example_xcom.py
[2023-11-28T01:08:26.562+0000] {processor.py:839} INFO - DAG(s) dict_keys(['example_xcom']) retrieved from /usr/local/lib/python3.10/dist-packages/airflow/example_dags/example_xcom.py
[2023-11-28T01:08:26.581+0000] {logging_mixin.py:154} INFO - [2023-11-28T01:08:26.581+0000] {dag.py:2941} INFO - Sync 1 DAGs
[2023-11-28T01:08:26.603+0000] {logging_mixin.py:154} INFO - [2023-11-28T01:08:26.603+0000] {dag.py:3722} INFO - Setting next_dagrun for example_xcom to 2021-01-01T00:00:00+00:00, run_after=2021-01-01T00:00:00+00:00
[2023-11-28T01:08:26.626+0000] {processor.py:179} INFO - Processing /usr/local/lib/python3.10/dist-packages/airflow/example_dags/example_xcom.py took 0.078 seconds
[2023-11-28T01:09:10.144+0000] {processor.py:157} INFO - Started process (PID=6243) to work on /usr/local/lib/python3.10/dist-packages/airflow/example_dags/example_xcom.py
[2023-11-28T01:09:10.145+0000] {processor.py:829} INFO - Processing file /usr/local/lib/python3.10/dist-packages/airflow/example_dags/example_xcom.py for tasks to queue
[2023-11-28T01:09:10.146+0000] {logging_mixin.py:154} INFO - [2023-11-28T01:09:10.146+0000] {dagbag.py:536} INFO - Filling up the DagBag from /usr/local/lib/python3.10/dist-packages/airflow/example_dags/example_xcom.py
[2023-11-28T01:09:10.155+0000] {processor.py:839} INFO - DAG(s) dict_keys(['example_xcom']) retrieved from /usr/local/lib/python3.10/dist-packages/airflow/example_dags/example_xcom.py
[2023-11-28T01:09:10.175+0000] {logging_mixin.py:154} INFO - [2023-11-28T01:09:10.174+0000] {dag.py:2941} INFO - Sync 1 DAGs
[2023-11-28T01:09:10.196+0000] {logging_mixin.py:154} INFO - [2023-11-28T01:09:10.196+0000] {dag.py:3722} INFO - Setting next_dagrun for example_xcom to 2021-01-01T00:00:00+00:00, run_after=2021-01-01T00:00:00+00:00
[2023-11-28T01:09:10.218+0000] {processor.py:179} INFO - Processing /usr/local/lib/python3.10/dist-packages/airflow/example_dags/example_xcom.py took 0.078 seconds
[2023-11-28T01:09:56.586+0000] {processor.py:157} INFO - Started process (PID=6292) to work on /usr/local/lib/python3.10/dist-packages/airflow/example_dags/example_xcom.py
[2023-11-28T01:09:56.588+0000] {processor.py:829} INFO - Processing file /usr/local/lib/python3.10/dist-packages/airflow/example_dags/example_xcom.py for tasks to queue
[2023-11-28T01:09:56.589+0000] {logging_mixin.py:154} INFO - [2023-11-28T01:09:56.588+0000] {dagbag.py:536} INFO - Filling up the DagBag from /usr/local/lib/python3.10/dist-packages/airflow/example_dags/example_xcom.py
[2023-11-28T01:09:56.597+0000] {processor.py:839} INFO - DAG(s) dict_keys(['example_xcom']) retrieved from /usr/local/lib/python3.10/dist-packages/airflow/example_dags/example_xcom.py
[2023-11-28T01:09:56.615+0000] {logging_mixin.py:154} INFO - [2023-11-28T01:09:56.615+0000] {dag.py:2941} INFO - Sync 1 DAGs
[2023-11-28T01:09:56.636+0000] {logging_mixin.py:154} INFO - [2023-11-28T01:09:56.636+0000] {dag.py:3722} INFO - Setting next_dagrun for example_xcom to 2021-01-01T00:00:00+00:00, run_after=2021-01-01T00:00:00+00:00
[2023-11-28T01:09:56.658+0000] {processor.py:179} INFO - Processing /usr/local/lib/python3.10/dist-packages/airflow/example_dags/example_xcom.py took 0.075 seconds
[2023-11-28T01:10:43.057+0000] {processor.py:157} INFO - Started process (PID=6339) to work on /usr/local/lib/python3.10/dist-packages/airflow/example_dags/example_xcom.py
[2023-11-28T01:10:43.059+0000] {processor.py:829} INFO - Processing file /usr/local/lib/python3.10/dist-packages/airflow/example_dags/example_xcom.py for tasks to queue
[2023-11-28T01:10:43.060+0000] {logging_mixin.py:154} INFO - [2023-11-28T01:10:43.059+0000] {dagbag.py:536} INFO - Filling up the DagBag from /usr/local/lib/python3.10/dist-packages/airflow/example_dags/example_xcom.py
[2023-11-28T01:10:43.068+0000] {processor.py:839} INFO - DAG(s) dict_keys(['example_xcom']) retrieved from /usr/local/lib/python3.10/dist-packages/airflow/example_dags/example_xcom.py
[2023-11-28T01:10:43.087+0000] {logging_mixin.py:154} INFO - [2023-11-28T01:10:43.087+0000] {dag.py:2941} INFO - Sync 1 DAGs
[2023-11-28T01:10:43.108+0000] {logging_mixin.py:154} INFO - [2023-11-28T01:10:43.108+0000] {dag.py:3722} INFO - Setting next_dagrun for example_xcom to 2021-01-01T00:00:00+00:00, run_after=2021-01-01T00:00:00+00:00
[2023-11-28T01:10:43.132+0000] {processor.py:179} INFO - Processing /usr/local/lib/python3.10/dist-packages/airflow/example_dags/example_xcom.py took 0.078 seconds
[2023-11-28T01:11:29.377+0000] {processor.py:157} INFO - Started process (PID=6388) to work on /usr/local/lib/python3.10/dist-packages/airflow/example_dags/example_xcom.py
[2023-11-28T01:11:29.379+0000] {processor.py:829} INFO - Processing file /usr/local/lib/python3.10/dist-packages/airflow/example_dags/example_xcom.py for tasks to queue
[2023-11-28T01:11:29.380+0000] {logging_mixin.py:154} INFO - [2023-11-28T01:11:29.379+0000] {dagbag.py:536} INFO - Filling up the DagBag from /usr/local/lib/python3.10/dist-packages/airflow/example_dags/example_xcom.py
[2023-11-28T01:11:29.388+0000] {processor.py:839} INFO - DAG(s) dict_keys(['example_xcom']) retrieved from /usr/local/lib/python3.10/dist-packages/airflow/example_dags/example_xcom.py
[2023-11-28T01:11:29.407+0000] {logging_mixin.py:154} INFO - [2023-11-28T01:11:29.407+0000] {dag.py:2941} INFO - Sync 1 DAGs
[2023-11-28T01:11:29.429+0000] {logging_mixin.py:154} INFO - [2023-11-28T01:11:29.429+0000] {dag.py:3722} INFO - Setting next_dagrun for example_xcom to 2021-01-01T00:00:00+00:00, run_after=2021-01-01T00:00:00+00:00
[2023-11-28T01:11:29.452+0000] {processor.py:179} INFO - Processing /usr/local/lib/python3.10/dist-packages/airflow/example_dags/example_xcom.py took 0.078 seconds
[2023-11-28T01:12:15.821+0000] {processor.py:157} INFO - Started process (PID=6434) to work on /usr/local/lib/python3.10/dist-packages/airflow/example_dags/example_xcom.py
[2023-11-28T01:12:15.822+0000] {processor.py:829} INFO - Processing file /usr/local/lib/python3.10/dist-packages/airflow/example_dags/example_xcom.py for tasks to queue
[2023-11-28T01:12:15.823+0000] {logging_mixin.py:154} INFO - [2023-11-28T01:12:15.823+0000] {dagbag.py:536} INFO - Filling up the DagBag from /usr/local/lib/python3.10/dist-packages/airflow/example_dags/example_xcom.py
[2023-11-28T01:12:15.831+0000] {processor.py:839} INFO - DAG(s) dict_keys(['example_xcom']) retrieved from /usr/local/lib/python3.10/dist-packages/airflow/example_dags/example_xcom.py
[2023-11-28T01:12:15.850+0000] {logging_mixin.py:154} INFO - [2023-11-28T01:12:15.849+0000] {dag.py:2941} INFO - Sync 1 DAGs
[2023-11-28T01:12:15.871+0000] {logging_mixin.py:154} INFO - [2023-11-28T01:12:15.871+0000] {dag.py:3722} INFO - Setting next_dagrun for example_xcom to 2021-01-01T00:00:00+00:00, run_after=2021-01-01T00:00:00+00:00
[2023-11-28T01:12:15.893+0000] {processor.py:179} INFO - Processing /usr/local/lib/python3.10/dist-packages/airflow/example_dags/example_xcom.py took 0.076 seconds
[2023-11-28T01:12:59.260+0000] {processor.py:157} INFO - Started process (PID=6481) to work on /usr/local/lib/python3.10/dist-packages/airflow/example_dags/example_xcom.py
[2023-11-28T01:12:59.261+0000] {processor.py:829} INFO - Processing file /usr/local/lib/python3.10/dist-packages/airflow/example_dags/example_xcom.py for tasks to queue
[2023-11-28T01:12:59.262+0000] {logging_mixin.py:154} INFO - [2023-11-28T01:12:59.262+0000] {dagbag.py:536} INFO - Filling up the DagBag from /usr/local/lib/python3.10/dist-packages/airflow/example_dags/example_xcom.py
[2023-11-28T01:12:59.270+0000] {processor.py:839} INFO - DAG(s) dict_keys(['example_xcom']) retrieved from /usr/local/lib/python3.10/dist-packages/airflow/example_dags/example_xcom.py
[2023-11-28T01:12:59.289+0000] {logging_mixin.py:154} INFO - [2023-11-28T01:12:59.289+0000] {dag.py:2941} INFO - Sync 1 DAGs
[2023-11-28T01:12:59.310+0000] {logging_mixin.py:154} INFO - [2023-11-28T01:12:59.310+0000] {dag.py:3722} INFO - Setting next_dagrun for example_xcom to 2021-01-01T00:00:00+00:00, run_after=2021-01-01T00:00:00+00:00
[2023-11-28T01:12:59.332+0000] {processor.py:179} INFO - Processing /usr/local/lib/python3.10/dist-packages/airflow/example_dags/example_xcom.py took 0.076 seconds
[2023-11-28T01:13:47.011+0000] {processor.py:157} INFO - Started process (PID=6529) to work on /usr/local/lib/python3.10/dist-packages/airflow/example_dags/example_xcom.py
[2023-11-28T01:13:47.012+0000] {processor.py:829} INFO - Processing file /usr/local/lib/python3.10/dist-packages/airflow/example_dags/example_xcom.py for tasks to queue
[2023-11-28T01:13:47.013+0000] {logging_mixin.py:154} INFO - [2023-11-28T01:13:47.013+0000] {dagbag.py:536} INFO - Filling up the DagBag from /usr/local/lib/python3.10/dist-packages/airflow/example_dags/example_xcom.py
[2023-11-28T01:13:47.021+0000] {processor.py:839} INFO - DAG(s) dict_keys(['example_xcom']) retrieved from /usr/local/lib/python3.10/dist-packages/airflow/example_dags/example_xcom.py
[2023-11-28T01:13:47.040+0000] {logging_mixin.py:154} INFO - [2023-11-28T01:13:47.039+0000] {dag.py:2941} INFO - Sync 1 DAGs
[2023-11-28T01:13:47.061+0000] {logging_mixin.py:154} INFO - [2023-11-28T01:13:47.061+0000] {dag.py:3722} INFO - Setting next_dagrun for example_xcom to 2021-01-01T00:00:00+00:00, run_after=2021-01-01T00:00:00+00:00
[2023-11-28T01:13:47.145+0000] {processor.py:179} INFO - Processing /usr/local/lib/python3.10/dist-packages/airflow/example_dags/example_xcom.py took 0.138 seconds
[2023-11-28T01:14:34.832+0000] {processor.py:157} INFO - Started process (PID=6579) to work on /usr/local/lib/python3.10/dist-packages/airflow/example_dags/example_xcom.py
[2023-11-28T01:14:34.840+0000] {processor.py:829} INFO - Processing file /usr/local/lib/python3.10/dist-packages/airflow/example_dags/example_xcom.py for tasks to queue
[2023-11-28T01:14:34.841+0000] {logging_mixin.py:154} INFO - [2023-11-28T01:14:34.840+0000] {dagbag.py:536} INFO - Filling up the DagBag from /usr/local/lib/python3.10/dist-packages/airflow/example_dags/example_xcom.py
[2023-11-28T01:14:34.849+0000] {processor.py:839} INFO - DAG(s) dict_keys(['example_xcom']) retrieved from /usr/local/lib/python3.10/dist-packages/airflow/example_dags/example_xcom.py
[2023-11-28T01:14:34.867+0000] {logging_mixin.py:154} INFO - [2023-11-28T01:14:34.867+0000] {dag.py:2941} INFO - Sync 1 DAGs
[2023-11-28T01:14:34.888+0000] {logging_mixin.py:154} INFO - [2023-11-28T01:14:34.888+0000] {dag.py:3722} INFO - Setting next_dagrun for example_xcom to 2021-01-01T00:00:00+00:00, run_after=2021-01-01T00:00:00+00:00
[2023-11-28T01:14:34.910+0000] {processor.py:179} INFO - Processing /usr/local/lib/python3.10/dist-packages/airflow/example_dags/example_xcom.py took 0.082 seconds
[2023-11-28T01:15:02.161+0000] {processor.py:157} INFO - Started process (PID=6616) to work on /usr/local/lib/python3.10/dist-packages/airflow/example_dags/example_xcom.py
[2023-11-28T01:15:02.163+0000] {processor.py:829} INFO - Processing file /usr/local/lib/python3.10/dist-packages/airflow/example_dags/example_xcom.py for tasks to queue
[2023-11-28T01:15:02.164+0000] {logging_mixin.py:154} INFO - [2023-11-28T01:15:02.163+0000] {dagbag.py:536} INFO - Filling up the DagBag from /usr/local/lib/python3.10/dist-packages/airflow/example_dags/example_xcom.py
[2023-11-28T01:15:02.176+0000] {processor.py:839} INFO - DAG(s) dict_keys(['example_xcom']) retrieved from /usr/local/lib/python3.10/dist-packages/airflow/example_dags/example_xcom.py
[2023-11-28T01:15:02.185+0000] {logging_mixin.py:154} INFO - [2023-11-28T01:15:02.184+0000] {dag.py:2941} INFO - Sync 1 DAGs
[2023-11-28T01:15:02.209+0000] {logging_mixin.py:154} INFO - [2023-11-28T01:15:02.208+0000] {dag.py:3722} INFO - Setting next_dagrun for example_xcom to 2021-01-01T00:00:00+00:00, run_after=2021-01-01T00:00:00+00:00
[2023-11-28T01:15:02.234+0000] {processor.py:179} INFO - Processing /usr/local/lib/python3.10/dist-packages/airflow/example_dags/example_xcom.py took 0.076 seconds
[2023-11-28T01:15:47.802+0000] {processor.py:157} INFO - Started process (PID=6663) to work on /usr/local/lib/python3.10/dist-packages/airflow/example_dags/example_xcom.py
[2023-11-28T01:15:47.803+0000] {processor.py:829} INFO - Processing file /usr/local/lib/python3.10/dist-packages/airflow/example_dags/example_xcom.py for tasks to queue
[2023-11-28T01:15:47.804+0000] {logging_mixin.py:154} INFO - [2023-11-28T01:15:47.804+0000] {dagbag.py:536} INFO - Filling up the DagBag from /usr/local/lib/python3.10/dist-packages/airflow/example_dags/example_xcom.py
[2023-11-28T01:15:47.813+0000] {processor.py:839} INFO - DAG(s) dict_keys(['example_xcom']) retrieved from /usr/local/lib/python3.10/dist-packages/airflow/example_dags/example_xcom.py
[2023-11-28T01:15:47.832+0000] {logging_mixin.py:154} INFO - [2023-11-28T01:15:47.831+0000] {dag.py:2941} INFO - Sync 1 DAGs
[2023-11-28T01:15:47.853+0000] {logging_mixin.py:154} INFO - [2023-11-28T01:15:47.852+0000] {dag.py:3722} INFO - Setting next_dagrun for example_xcom to 2021-01-01T00:00:00+00:00, run_after=2021-01-01T00:00:00+00:00
[2023-11-28T01:15:47.876+0000] {processor.py:179} INFO - Processing /usr/local/lib/python3.10/dist-packages/airflow/example_dags/example_xcom.py took 0.077 seconds
[2023-11-28T01:16:31.958+0000] {processor.py:157} INFO - Started process (PID=6708) to work on /usr/local/lib/python3.10/dist-packages/airflow/example_dags/example_xcom.py
[2023-11-28T01:16:31.959+0000] {processor.py:829} INFO - Processing file /usr/local/lib/python3.10/dist-packages/airflow/example_dags/example_xcom.py for tasks to queue
[2023-11-28T01:16:31.960+0000] {logging_mixin.py:154} INFO - [2023-11-28T01:16:31.960+0000] {dagbag.py:536} INFO - Filling up the DagBag from /usr/local/lib/python3.10/dist-packages/airflow/example_dags/example_xcom.py
[2023-11-28T01:16:31.969+0000] {processor.py:839} INFO - DAG(s) dict_keys(['example_xcom']) retrieved from /usr/local/lib/python3.10/dist-packages/airflow/example_dags/example_xcom.py
[2023-11-28T01:16:31.988+0000] {logging_mixin.py:154} INFO - [2023-11-28T01:16:31.988+0000] {dag.py:2941} INFO - Sync 1 DAGs
[2023-11-28T01:16:32.012+0000] {logging_mixin.py:154} INFO - [2023-11-28T01:16:32.012+0000] {dag.py:3722} INFO - Setting next_dagrun for example_xcom to 2021-01-01T00:00:00+00:00, run_after=2021-01-01T00:00:00+00:00
[2023-11-28T01:16:32.035+0000] {processor.py:179} INFO - Processing /usr/local/lib/python3.10/dist-packages/airflow/example_dags/example_xcom.py took 0.081 seconds
[2023-11-28T01:17:16.220+0000] {processor.py:157} INFO - Started process (PID=6762) to work on /usr/local/lib/python3.10/dist-packages/airflow/example_dags/example_xcom.py
[2023-11-28T01:17:16.221+0000] {processor.py:829} INFO - Processing file /usr/local/lib/python3.10/dist-packages/airflow/example_dags/example_xcom.py for tasks to queue
[2023-11-28T01:17:16.222+0000] {logging_mixin.py:154} INFO - [2023-11-28T01:17:16.222+0000] {dagbag.py:536} INFO - Filling up the DagBag from /usr/local/lib/python3.10/dist-packages/airflow/example_dags/example_xcom.py
[2023-11-28T01:17:16.231+0000] {processor.py:839} INFO - DAG(s) dict_keys(['example_xcom']) retrieved from /usr/local/lib/python3.10/dist-packages/airflow/example_dags/example_xcom.py
[2023-11-28T01:17:16.250+0000] {logging_mixin.py:154} INFO - [2023-11-28T01:17:16.250+0000] {dag.py:2941} INFO - Sync 1 DAGs
[2023-11-28T01:17:16.271+0000] {logging_mixin.py:154} INFO - [2023-11-28T01:17:16.271+0000] {dag.py:3722} INFO - Setting next_dagrun for example_xcom to 2021-01-01T00:00:00+00:00, run_after=2021-01-01T00:00:00+00:00
[2023-11-28T01:17:16.295+0000] {processor.py:179} INFO - Processing /usr/local/lib/python3.10/dist-packages/airflow/example_dags/example_xcom.py took 0.079 seconds
[2023-11-28T01:18:03.750+0000] {processor.py:157} INFO - Started process (PID=6810) to work on /usr/local/lib/python3.10/dist-packages/airflow/example_dags/example_xcom.py
[2023-11-28T01:18:03.752+0000] {processor.py:829} INFO - Processing file /usr/local/lib/python3.10/dist-packages/airflow/example_dags/example_xcom.py for tasks to queue
[2023-11-28T01:18:03.753+0000] {logging_mixin.py:154} INFO - [2023-11-28T01:18:03.752+0000] {dagbag.py:536} INFO - Filling up the DagBag from /usr/local/lib/python3.10/dist-packages/airflow/example_dags/example_xcom.py
[2023-11-28T01:18:03.761+0000] {processor.py:839} INFO - DAG(s) dict_keys(['example_xcom']) retrieved from /usr/local/lib/python3.10/dist-packages/airflow/example_dags/example_xcom.py
[2023-11-28T01:18:03.780+0000] {logging_mixin.py:154} INFO - [2023-11-28T01:18:03.780+0000] {dag.py:2941} INFO - Sync 1 DAGs
[2023-11-28T01:18:03.801+0000] {logging_mixin.py:154} INFO - [2023-11-28T01:18:03.800+0000] {dag.py:3722} INFO - Setting next_dagrun for example_xcom to 2021-01-01T00:00:00+00:00, run_after=2021-01-01T00:00:00+00:00
[2023-11-28T01:18:03.823+0000] {processor.py:179} INFO - Processing /usr/local/lib/python3.10/dist-packages/airflow/example_dags/example_xcom.py took 0.077 seconds
[2023-11-28T01:18:45.625+0000] {processor.py:157} INFO - Started process (PID=6853) to work on /usr/local/lib/python3.10/dist-packages/airflow/example_dags/example_xcom.py
[2023-11-28T01:18:45.626+0000] {processor.py:829} INFO - Processing file /usr/local/lib/python3.10/dist-packages/airflow/example_dags/example_xcom.py for tasks to queue
[2023-11-28T01:18:45.627+0000] {logging_mixin.py:154} INFO - [2023-11-28T01:18:45.627+0000] {dagbag.py:536} INFO - Filling up the DagBag from /usr/local/lib/python3.10/dist-packages/airflow/example_dags/example_xcom.py
[2023-11-28T01:18:45.636+0000] {processor.py:839} INFO - DAG(s) dict_keys(['example_xcom']) retrieved from /usr/local/lib/python3.10/dist-packages/airflow/example_dags/example_xcom.py
[2023-11-28T01:18:45.653+0000] {logging_mixin.py:154} INFO - [2023-11-28T01:18:45.653+0000] {dag.py:2941} INFO - Sync 1 DAGs
[2023-11-28T01:18:45.673+0000] {logging_mixin.py:154} INFO - [2023-11-28T01:18:45.672+0000] {dag.py:3722} INFO - Setting next_dagrun for example_xcom to 2021-01-01T00:00:00+00:00, run_after=2021-01-01T00:00:00+00:00
[2023-11-28T01:18:45.696+0000] {processor.py:179} INFO - Processing /usr/local/lib/python3.10/dist-packages/airflow/example_dags/example_xcom.py took 0.074 seconds
[2023-11-28T01:19:29.516+0000] {processor.py:157} INFO - Started process (PID=7019) to work on /usr/local/lib/python3.10/dist-packages/airflow/example_dags/example_xcom.py
[2023-11-28T01:19:29.517+0000] {processor.py:829} INFO - Processing file /usr/local/lib/python3.10/dist-packages/airflow/example_dags/example_xcom.py for tasks to queue
[2023-11-28T01:19:29.518+0000] {logging_mixin.py:154} INFO - [2023-11-28T01:19:29.518+0000] {dagbag.py:536} INFO - Filling up the DagBag from /usr/local/lib/python3.10/dist-packages/airflow/example_dags/example_xcom.py
[2023-11-28T01:19:29.527+0000] {processor.py:839} INFO - DAG(s) dict_keys(['example_xcom']) retrieved from /usr/local/lib/python3.10/dist-packages/airflow/example_dags/example_xcom.py
[2023-11-28T01:19:29.545+0000] {logging_mixin.py:154} INFO - [2023-11-28T01:19:29.545+0000] {dag.py:2941} INFO - Sync 1 DAGs
[2023-11-28T01:19:29.566+0000] {logging_mixin.py:154} INFO - [2023-11-28T01:19:29.566+0000] {dag.py:3722} INFO - Setting next_dagrun for example_xcom to 2021-01-01T00:00:00+00:00, run_after=2021-01-01T00:00:00+00:00
[2023-11-28T01:19:29.590+0000] {processor.py:179} INFO - Processing /usr/local/lib/python3.10/dist-packages/airflow/example_dags/example_xcom.py took 0.077 seconds
