[2023-11-28T00:44:35.838+0000] {processor.py:157} INFO - Started process (PID=3417) to work on /usr/local/lib/python3.10/dist-packages/airflow/example_dags/example_short_circuit_decorator.py
[2023-11-28T00:44:35.839+0000] {processor.py:829} INFO - Processing file /usr/local/lib/python3.10/dist-packages/airflow/example_dags/example_short_circuit_decorator.py for tasks to queue
[2023-11-28T00:44:35.840+0000] {logging_mixin.py:154} INFO - [2023-11-28T00:44:35.839+0000] {dagbag.py:536} INFO - Filling up the DagBag from /usr/local/lib/python3.10/dist-packages/airflow/example_dags/example_short_circuit_decorator.py
[2023-11-28T00:44:35.852+0000] {processor.py:839} INFO - DAG(s) dict_keys(['example_short_circuit_decorator']) retrieved from /usr/local/lib/python3.10/dist-packages/airflow/example_dags/example_short_circuit_decorator.py
[2023-11-28T00:44:35.964+0000] {logging_mixin.py:154} INFO - [2023-11-28T00:44:35.963+0000] {manager.py:499} INFO - Created Permission View: %s
[2023-11-28T00:44:35.977+0000] {logging_mixin.py:154} INFO - [2023-11-28T00:44:35.976+0000] {manager.py:499} INFO - Created Permission View: %s
[2023-11-28T00:44:35.986+0000] {logging_mixin.py:154} INFO - [2023-11-28T00:44:35.986+0000] {manager.py:499} INFO - Created Permission View: %s
[2023-11-28T00:44:35.986+0000] {logging_mixin.py:154} INFO - [2023-11-28T00:44:35.986+0000] {dag.py:2941} INFO - Sync 1 DAGs
[2023-11-28T00:44:35.999+0000] {logging_mixin.py:154} INFO - [2023-11-28T00:44:35.999+0000] {dag.py:2963} INFO - Creating ORM DAG for example_short_circuit_decorator
[2023-11-28T00:44:36.011+0000] {logging_mixin.py:154} INFO - [2023-11-28T00:44:36.011+0000] {dag.py:3722} INFO - Setting next_dagrun for example_short_circuit_decorator to 2023-11-27T00:44:36.011073+00:00, run_after=2023-11-28T00:44:36.011073+00:00
[2023-11-28T00:44:36.034+0000] {processor.py:179} INFO - Processing /usr/local/lib/python3.10/dist-packages/airflow/example_dags/example_short_circuit_decorator.py took 0.200 seconds
[2023-11-28T00:45:28.912+0000] {processor.py:157} INFO - Started process (PID=3555) to work on /usr/local/lib/python3.10/dist-packages/airflow/example_dags/example_short_circuit_decorator.py
[2023-11-28T00:45:28.914+0000] {processor.py:829} INFO - Processing file /usr/local/lib/python3.10/dist-packages/airflow/example_dags/example_short_circuit_decorator.py for tasks to queue
[2023-11-28T00:45:28.915+0000] {logging_mixin.py:154} INFO - [2023-11-28T00:45:28.914+0000] {dagbag.py:536} INFO - Filling up the DagBag from /usr/local/lib/python3.10/dist-packages/airflow/example_dags/example_short_circuit_decorator.py
[2023-11-28T00:45:28.925+0000] {processor.py:839} INFO - DAG(s) dict_keys(['example_short_circuit_decorator']) retrieved from /usr/local/lib/python3.10/dist-packages/airflow/example_dags/example_short_circuit_decorator.py
[2023-11-28T00:45:28.946+0000] {logging_mixin.py:154} INFO - [2023-11-28T00:45:28.945+0000] {dag.py:2941} INFO - Sync 1 DAGs
[2023-11-28T00:45:28.968+0000] {logging_mixin.py:154} INFO - [2023-11-28T00:45:28.967+0000] {dag.py:3722} INFO - Setting next_dagrun for example_short_circuit_decorator to 2023-11-27T00:45:28.967507+00:00, run_after=2023-11-28T00:45:28.967507+00:00
[2023-11-28T00:45:28.993+0000] {processor.py:179} INFO - Processing /usr/local/lib/python3.10/dist-packages/airflow/example_dags/example_short_circuit_decorator.py took 0.084 seconds
[2023-11-28T00:46:14.086+0000] {processor.py:157} INFO - Started process (PID=3601) to work on /usr/local/lib/python3.10/dist-packages/airflow/example_dags/example_short_circuit_decorator.py
[2023-11-28T00:46:14.088+0000] {processor.py:829} INFO - Processing file /usr/local/lib/python3.10/dist-packages/airflow/example_dags/example_short_circuit_decorator.py for tasks to queue
[2023-11-28T00:46:14.089+0000] {logging_mixin.py:154} INFO - [2023-11-28T00:46:14.088+0000] {dagbag.py:536} INFO - Filling up the DagBag from /usr/local/lib/python3.10/dist-packages/airflow/example_dags/example_short_circuit_decorator.py
[2023-11-28T00:46:14.100+0000] {processor.py:839} INFO - DAG(s) dict_keys(['example_short_circuit_decorator']) retrieved from /usr/local/lib/python3.10/dist-packages/airflow/example_dags/example_short_circuit_decorator.py
[2023-11-28T00:46:14.120+0000] {logging_mixin.py:154} INFO - [2023-11-28T00:46:14.120+0000] {dag.py:2941} INFO - Sync 1 DAGs
[2023-11-28T00:46:14.142+0000] {logging_mixin.py:154} INFO - [2023-11-28T00:46:14.142+0000] {dag.py:3722} INFO - Setting next_dagrun for example_short_circuit_decorator to 2023-11-27T00:46:14.142233+00:00, run_after=2023-11-28T00:46:14.142233+00:00
[2023-11-28T00:46:14.166+0000] {processor.py:179} INFO - Processing /usr/local/lib/python3.10/dist-packages/airflow/example_dags/example_short_circuit_decorator.py took 0.083 seconds
[2023-11-28T00:46:52.557+0000] {processor.py:157} INFO - Started process (PID=3645) to work on /usr/local/lib/python3.10/dist-packages/airflow/example_dags/example_short_circuit_decorator.py
[2023-11-28T00:46:52.558+0000] {processor.py:829} INFO - Processing file /usr/local/lib/python3.10/dist-packages/airflow/example_dags/example_short_circuit_decorator.py for tasks to queue
[2023-11-28T00:46:52.559+0000] {logging_mixin.py:154} INFO - [2023-11-28T00:46:52.559+0000] {dagbag.py:536} INFO - Filling up the DagBag from /usr/local/lib/python3.10/dist-packages/airflow/example_dags/example_short_circuit_decorator.py
[2023-11-28T00:46:52.570+0000] {processor.py:839} INFO - DAG(s) dict_keys(['example_short_circuit_decorator']) retrieved from /usr/local/lib/python3.10/dist-packages/airflow/example_dags/example_short_circuit_decorator.py
[2023-11-28T00:46:52.591+0000] {logging_mixin.py:154} INFO - [2023-11-28T00:46:52.590+0000] {dag.py:2941} INFO - Sync 1 DAGs
[2023-11-28T00:46:52.613+0000] {logging_mixin.py:154} INFO - [2023-11-28T00:46:52.612+0000] {dag.py:3722} INFO - Setting next_dagrun for example_short_circuit_decorator to 2023-11-27T00:46:52.612671+00:00, run_after=2023-11-28T00:46:52.612671+00:00
[2023-11-28T00:46:52.637+0000] {processor.py:179} INFO - Processing /usr/local/lib/python3.10/dist-packages/airflow/example_dags/example_short_circuit_decorator.py took 0.083 seconds
[2023-11-28T00:47:36.673+0000] {processor.py:157} INFO - Started process (PID=3693) to work on /usr/local/lib/python3.10/dist-packages/airflow/example_dags/example_short_circuit_decorator.py
[2023-11-28T00:47:36.674+0000] {processor.py:829} INFO - Processing file /usr/local/lib/python3.10/dist-packages/airflow/example_dags/example_short_circuit_decorator.py for tasks to queue
[2023-11-28T00:47:36.675+0000] {logging_mixin.py:154} INFO - [2023-11-28T00:47:36.675+0000] {dagbag.py:536} INFO - Filling up the DagBag from /usr/local/lib/python3.10/dist-packages/airflow/example_dags/example_short_circuit_decorator.py
[2023-11-28T00:47:36.686+0000] {processor.py:839} INFO - DAG(s) dict_keys(['example_short_circuit_decorator']) retrieved from /usr/local/lib/python3.10/dist-packages/airflow/example_dags/example_short_circuit_decorator.py
[2023-11-28T00:47:36.706+0000] {logging_mixin.py:154} INFO - [2023-11-28T00:47:36.706+0000] {dag.py:2941} INFO - Sync 1 DAGs
[2023-11-28T00:47:36.728+0000] {logging_mixin.py:154} INFO - [2023-11-28T00:47:36.728+0000] {dag.py:3722} INFO - Setting next_dagrun for example_short_circuit_decorator to 2023-11-27T00:47:36.728262+00:00, run_after=2023-11-28T00:47:36.728262+00:00
[2023-11-28T00:47:36.753+0000] {processor.py:179} INFO - Processing /usr/local/lib/python3.10/dist-packages/airflow/example_dags/example_short_circuit_decorator.py took 0.084 seconds
[2023-11-28T00:48:21.917+0000] {processor.py:157} INFO - Started process (PID=3739) to work on /usr/local/lib/python3.10/dist-packages/airflow/example_dags/example_short_circuit_decorator.py
[2023-11-28T00:48:21.919+0000] {processor.py:829} INFO - Processing file /usr/local/lib/python3.10/dist-packages/airflow/example_dags/example_short_circuit_decorator.py for tasks to queue
[2023-11-28T00:48:21.920+0000] {logging_mixin.py:154} INFO - [2023-11-28T00:48:21.919+0000] {dagbag.py:536} INFO - Filling up the DagBag from /usr/local/lib/python3.10/dist-packages/airflow/example_dags/example_short_circuit_decorator.py
[2023-11-28T00:48:21.931+0000] {processor.py:839} INFO - DAG(s) dict_keys(['example_short_circuit_decorator']) retrieved from /usr/local/lib/python3.10/dist-packages/airflow/example_dags/example_short_circuit_decorator.py
[2023-11-28T00:48:21.950+0000] {logging_mixin.py:154} INFO - [2023-11-28T00:48:21.950+0000] {dag.py:2941} INFO - Sync 1 DAGs
[2023-11-28T00:48:21.970+0000] {logging_mixin.py:154} INFO - [2023-11-28T00:48:21.970+0000] {dag.py:3722} INFO - Setting next_dagrun for example_short_circuit_decorator to 2023-11-27T00:48:21.970441+00:00, run_after=2023-11-28T00:48:21.970441+00:00
[2023-11-28T00:48:21.993+0000] {processor.py:179} INFO - Processing /usr/local/lib/python3.10/dist-packages/airflow/example_dags/example_short_circuit_decorator.py took 0.079 seconds
[2023-11-28T00:49:08.747+0000] {processor.py:157} INFO - Started process (PID=3786) to work on /usr/local/lib/python3.10/dist-packages/airflow/example_dags/example_short_circuit_decorator.py
[2023-11-28T00:49:08.748+0000] {processor.py:829} INFO - Processing file /usr/local/lib/python3.10/dist-packages/airflow/example_dags/example_short_circuit_decorator.py for tasks to queue
[2023-11-28T00:49:08.749+0000] {logging_mixin.py:154} INFO - [2023-11-28T00:49:08.749+0000] {dagbag.py:536} INFO - Filling up the DagBag from /usr/local/lib/python3.10/dist-packages/airflow/example_dags/example_short_circuit_decorator.py
[2023-11-28T00:49:08.760+0000] {processor.py:839} INFO - DAG(s) dict_keys(['example_short_circuit_decorator']) retrieved from /usr/local/lib/python3.10/dist-packages/airflow/example_dags/example_short_circuit_decorator.py
[2023-11-28T00:49:08.779+0000] {logging_mixin.py:154} INFO - [2023-11-28T00:49:08.779+0000] {dag.py:2941} INFO - Sync 1 DAGs
[2023-11-28T00:49:08.800+0000] {logging_mixin.py:154} INFO - [2023-11-28T00:49:08.800+0000] {dag.py:3722} INFO - Setting next_dagrun for example_short_circuit_decorator to 2023-11-27T00:49:08.799848+00:00, run_after=2023-11-28T00:49:08.799848+00:00
[2023-11-28T00:49:08.822+0000] {processor.py:179} INFO - Processing /usr/local/lib/python3.10/dist-packages/airflow/example_dags/example_short_circuit_decorator.py took 0.079 seconds
[2023-11-28T00:49:50.627+0000] {processor.py:157} INFO - Started process (PID=3832) to work on /usr/local/lib/python3.10/dist-packages/airflow/example_dags/example_short_circuit_decorator.py
[2023-11-28T00:49:50.629+0000] {processor.py:829} INFO - Processing file /usr/local/lib/python3.10/dist-packages/airflow/example_dags/example_short_circuit_decorator.py for tasks to queue
[2023-11-28T00:49:50.630+0000] {logging_mixin.py:154} INFO - [2023-11-28T00:49:50.629+0000] {dagbag.py:536} INFO - Filling up the DagBag from /usr/local/lib/python3.10/dist-packages/airflow/example_dags/example_short_circuit_decorator.py
[2023-11-28T00:49:50.640+0000] {processor.py:839} INFO - DAG(s) dict_keys(['example_short_circuit_decorator']) retrieved from /usr/local/lib/python3.10/dist-packages/airflow/example_dags/example_short_circuit_decorator.py
[2023-11-28T00:49:50.660+0000] {logging_mixin.py:154} INFO - [2023-11-28T00:49:50.660+0000] {dag.py:2941} INFO - Sync 1 DAGs
[2023-11-28T00:49:50.681+0000] {logging_mixin.py:154} INFO - [2023-11-28T00:49:50.681+0000] {dag.py:3722} INFO - Setting next_dagrun for example_short_circuit_decorator to 2023-11-27T00:49:50.681045+00:00, run_after=2023-11-28T00:49:50.681045+00:00
[2023-11-28T00:49:50.703+0000] {processor.py:179} INFO - Processing /usr/local/lib/python3.10/dist-packages/airflow/example_dags/example_short_circuit_decorator.py took 0.079 seconds
[2023-11-28T00:50:37.902+0000] {processor.py:157} INFO - Started process (PID=3880) to work on /usr/local/lib/python3.10/dist-packages/airflow/example_dags/example_short_circuit_decorator.py
[2023-11-28T00:50:37.904+0000] {processor.py:829} INFO - Processing file /usr/local/lib/python3.10/dist-packages/airflow/example_dags/example_short_circuit_decorator.py for tasks to queue
[2023-11-28T00:50:37.905+0000] {logging_mixin.py:154} INFO - [2023-11-28T00:50:37.904+0000] {dagbag.py:536} INFO - Filling up the DagBag from /usr/local/lib/python3.10/dist-packages/airflow/example_dags/example_short_circuit_decorator.py
[2023-11-28T00:50:37.915+0000] {processor.py:839} INFO - DAG(s) dict_keys(['example_short_circuit_decorator']) retrieved from /usr/local/lib/python3.10/dist-packages/airflow/example_dags/example_short_circuit_decorator.py
[2023-11-28T00:50:37.935+0000] {logging_mixin.py:154} INFO - [2023-11-28T00:50:37.935+0000] {dag.py:2941} INFO - Sync 1 DAGs
[2023-11-28T00:50:37.956+0000] {logging_mixin.py:154} INFO - [2023-11-28T00:50:37.955+0000] {dag.py:3722} INFO - Setting next_dagrun for example_short_circuit_decorator to 2023-11-27T00:50:37.955681+00:00, run_after=2023-11-28T00:50:37.955681+00:00
[2023-11-28T00:50:37.978+0000] {processor.py:179} INFO - Processing /usr/local/lib/python3.10/dist-packages/airflow/example_dags/example_short_circuit_decorator.py took 0.079 seconds
[2023-11-28T00:51:24.266+0000] {processor.py:157} INFO - Started process (PID=3928) to work on /usr/local/lib/python3.10/dist-packages/airflow/example_dags/example_short_circuit_decorator.py
[2023-11-28T00:51:24.267+0000] {processor.py:829} INFO - Processing file /usr/local/lib/python3.10/dist-packages/airflow/example_dags/example_short_circuit_decorator.py for tasks to queue
[2023-11-28T00:51:24.268+0000] {logging_mixin.py:154} INFO - [2023-11-28T00:51:24.267+0000] {dagbag.py:536} INFO - Filling up the DagBag from /usr/local/lib/python3.10/dist-packages/airflow/example_dags/example_short_circuit_decorator.py
[2023-11-28T00:51:24.279+0000] {processor.py:839} INFO - DAG(s) dict_keys(['example_short_circuit_decorator']) retrieved from /usr/local/lib/python3.10/dist-packages/airflow/example_dags/example_short_circuit_decorator.py
[2023-11-28T00:51:24.299+0000] {logging_mixin.py:154} INFO - [2023-11-28T00:51:24.299+0000] {dag.py:2941} INFO - Sync 1 DAGs
[2023-11-28T00:51:24.321+0000] {logging_mixin.py:154} INFO - [2023-11-28T00:51:24.321+0000] {dag.py:3722} INFO - Setting next_dagrun for example_short_circuit_decorator to 2023-11-27T00:51:24.321397+00:00, run_after=2023-11-28T00:51:24.321397+00:00
[2023-11-28T00:51:24.345+0000] {processor.py:179} INFO - Processing /usr/local/lib/python3.10/dist-packages/airflow/example_dags/example_short_circuit_decorator.py took 0.083 seconds
[2023-11-28T00:52:11.823+0000] {processor.py:157} INFO - Started process (PID=4033) to work on /usr/local/lib/python3.10/dist-packages/airflow/example_dags/example_short_circuit_decorator.py
[2023-11-28T00:52:11.825+0000] {processor.py:829} INFO - Processing file /usr/local/lib/python3.10/dist-packages/airflow/example_dags/example_short_circuit_decorator.py for tasks to queue
[2023-11-28T00:52:11.826+0000] {logging_mixin.py:154} INFO - [2023-11-28T00:52:11.825+0000] {dagbag.py:536} INFO - Filling up the DagBag from /usr/local/lib/python3.10/dist-packages/airflow/example_dags/example_short_circuit_decorator.py
[2023-11-28T00:52:11.836+0000] {processor.py:839} INFO - DAG(s) dict_keys(['example_short_circuit_decorator']) retrieved from /usr/local/lib/python3.10/dist-packages/airflow/example_dags/example_short_circuit_decorator.py
[2023-11-28T00:52:11.856+0000] {logging_mixin.py:154} INFO - [2023-11-28T00:52:11.855+0000] {dag.py:2941} INFO - Sync 1 DAGs
[2023-11-28T00:52:11.876+0000] {logging_mixin.py:154} INFO - [2023-11-28T00:52:11.876+0000] {dag.py:3722} INFO - Setting next_dagrun for example_short_circuit_decorator to 2023-11-27T00:52:11.875899+00:00, run_after=2023-11-28T00:52:11.875899+00:00
[2023-11-28T00:52:11.898+0000] {processor.py:179} INFO - Processing /usr/local/lib/python3.10/dist-packages/airflow/example_dags/example_short_circuit_decorator.py took 0.078 seconds
[2023-11-28T00:52:58.303+0000] {processor.py:157} INFO - Started process (PID=4408) to work on /usr/local/lib/python3.10/dist-packages/airflow/example_dags/example_short_circuit_decorator.py
[2023-11-28T00:52:58.304+0000] {processor.py:829} INFO - Processing file /usr/local/lib/python3.10/dist-packages/airflow/example_dags/example_short_circuit_decorator.py for tasks to queue
[2023-11-28T00:52:58.305+0000] {logging_mixin.py:154} INFO - [2023-11-28T00:52:58.305+0000] {dagbag.py:536} INFO - Filling up the DagBag from /usr/local/lib/python3.10/dist-packages/airflow/example_dags/example_short_circuit_decorator.py
[2023-11-28T00:52:58.316+0000] {processor.py:839} INFO - DAG(s) dict_keys(['example_short_circuit_decorator']) retrieved from /usr/local/lib/python3.10/dist-packages/airflow/example_dags/example_short_circuit_decorator.py
[2023-11-28T00:52:58.335+0000] {logging_mixin.py:154} INFO - [2023-11-28T00:52:58.335+0000] {dag.py:2941} INFO - Sync 1 DAGs
[2023-11-28T00:52:58.356+0000] {logging_mixin.py:154} INFO - [2023-11-28T00:52:58.355+0000] {dag.py:3722} INFO - Setting next_dagrun for example_short_circuit_decorator to 2023-11-27T00:52:58.355607+00:00, run_after=2023-11-28T00:52:58.355607+00:00
[2023-11-28T00:52:58.378+0000] {processor.py:179} INFO - Processing /usr/local/lib/python3.10/dist-packages/airflow/example_dags/example_short_circuit_decorator.py took 0.078 seconds
[2023-11-28T00:53:43.249+0000] {processor.py:157} INFO - Started process (PID=4653) to work on /usr/local/lib/python3.10/dist-packages/airflow/example_dags/example_short_circuit_decorator.py
[2023-11-28T00:53:43.250+0000] {processor.py:829} INFO - Processing file /usr/local/lib/python3.10/dist-packages/airflow/example_dags/example_short_circuit_decorator.py for tasks to queue
[2023-11-28T00:53:43.251+0000] {logging_mixin.py:154} INFO - [2023-11-28T00:53:43.251+0000] {dagbag.py:536} INFO - Filling up the DagBag from /usr/local/lib/python3.10/dist-packages/airflow/example_dags/example_short_circuit_decorator.py
[2023-11-28T00:53:43.262+0000] {processor.py:839} INFO - DAG(s) dict_keys(['example_short_circuit_decorator']) retrieved from /usr/local/lib/python3.10/dist-packages/airflow/example_dags/example_short_circuit_decorator.py
[2023-11-28T00:53:43.282+0000] {logging_mixin.py:154} INFO - [2023-11-28T00:53:43.282+0000] {dag.py:2941} INFO - Sync 1 DAGs
[2023-11-28T00:53:43.305+0000] {logging_mixin.py:154} INFO - [2023-11-28T00:53:43.305+0000] {dag.py:3722} INFO - Setting next_dagrun for example_short_circuit_decorator to 2023-11-27T00:53:43.303217+00:00, run_after=2023-11-28T00:53:43.303217+00:00
[2023-11-28T00:53:43.327+0000] {processor.py:179} INFO - Processing /usr/local/lib/python3.10/dist-packages/airflow/example_dags/example_short_circuit_decorator.py took 0.082 seconds
[2023-11-28T00:54:27.345+0000] {processor.py:157} INFO - Started process (PID=4895) to work on /usr/local/lib/python3.10/dist-packages/airflow/example_dags/example_short_circuit_decorator.py
[2023-11-28T00:54:27.346+0000] {processor.py:829} INFO - Processing file /usr/local/lib/python3.10/dist-packages/airflow/example_dags/example_short_circuit_decorator.py for tasks to queue
[2023-11-28T00:54:27.347+0000] {logging_mixin.py:154} INFO - [2023-11-28T00:54:27.346+0000] {dagbag.py:536} INFO - Filling up the DagBag from /usr/local/lib/python3.10/dist-packages/airflow/example_dags/example_short_circuit_decorator.py
[2023-11-28T00:54:27.357+0000] {processor.py:839} INFO - DAG(s) dict_keys(['example_short_circuit_decorator']) retrieved from /usr/local/lib/python3.10/dist-packages/airflow/example_dags/example_short_circuit_decorator.py
[2023-11-28T00:54:27.377+0000] {logging_mixin.py:154} INFO - [2023-11-28T00:54:27.376+0000] {dag.py:2941} INFO - Sync 1 DAGs
[2023-11-28T00:54:27.397+0000] {logging_mixin.py:154} INFO - [2023-11-28T00:54:27.397+0000] {dag.py:3722} INFO - Setting next_dagrun for example_short_circuit_decorator to 2023-11-27T00:54:27.397000+00:00, run_after=2023-11-28T00:54:27.397000+00:00
[2023-11-28T00:54:27.445+0000] {processor.py:179} INFO - Processing /usr/local/lib/python3.10/dist-packages/airflow/example_dags/example_short_circuit_decorator.py took 0.104 seconds
[2023-11-28T00:55:09.914+0000] {processor.py:157} INFO - Started process (PID=4939) to work on /usr/local/lib/python3.10/dist-packages/airflow/example_dags/example_short_circuit_decorator.py
[2023-11-28T00:55:09.916+0000] {processor.py:829} INFO - Processing file /usr/local/lib/python3.10/dist-packages/airflow/example_dags/example_short_circuit_decorator.py for tasks to queue
[2023-11-28T00:55:09.917+0000] {logging_mixin.py:154} INFO - [2023-11-28T00:55:09.916+0000] {dagbag.py:536} INFO - Filling up the DagBag from /usr/local/lib/python3.10/dist-packages/airflow/example_dags/example_short_circuit_decorator.py
[2023-11-28T00:55:09.927+0000] {processor.py:839} INFO - DAG(s) dict_keys(['example_short_circuit_decorator']) retrieved from /usr/local/lib/python3.10/dist-packages/airflow/example_dags/example_short_circuit_decorator.py
[2023-11-28T00:55:09.948+0000] {logging_mixin.py:154} INFO - [2023-11-28T00:55:09.948+0000] {dag.py:2941} INFO - Sync 1 DAGs
[2023-11-28T00:55:09.970+0000] {logging_mixin.py:154} INFO - [2023-11-28T00:55:09.969+0000] {dag.py:3722} INFO - Setting next_dagrun for example_short_circuit_decorator to 2023-11-27T00:55:09.969612+00:00, run_after=2023-11-28T00:55:09.969612+00:00
[2023-11-28T00:55:09.992+0000] {processor.py:179} INFO - Processing /usr/local/lib/python3.10/dist-packages/airflow/example_dags/example_short_circuit_decorator.py took 0.082 seconds
[2023-11-28T00:55:57.725+0000] {processor.py:157} INFO - Started process (PID=5159) to work on /usr/local/lib/python3.10/dist-packages/airflow/example_dags/example_short_circuit_decorator.py
[2023-11-28T00:55:57.727+0000] {processor.py:829} INFO - Processing file /usr/local/lib/python3.10/dist-packages/airflow/example_dags/example_short_circuit_decorator.py for tasks to queue
[2023-11-28T00:55:57.728+0000] {logging_mixin.py:154} INFO - [2023-11-28T00:55:57.728+0000] {dagbag.py:536} INFO - Filling up the DagBag from /usr/local/lib/python3.10/dist-packages/airflow/example_dags/example_short_circuit_decorator.py
[2023-11-28T00:55:57.778+0000] {processor.py:839} INFO - DAG(s) dict_keys(['example_short_circuit_decorator']) retrieved from /usr/local/lib/python3.10/dist-packages/airflow/example_dags/example_short_circuit_decorator.py
[2023-11-28T00:55:57.806+0000] {logging_mixin.py:154} INFO - [2023-11-28T00:55:57.806+0000] {dag.py:2941} INFO - Sync 1 DAGs
[2023-11-28T00:55:57.833+0000] {logging_mixin.py:154} INFO - [2023-11-28T00:55:57.833+0000] {dag.py:3722} INFO - Setting next_dagrun for example_short_circuit_decorator to 2023-11-27T00:55:57.832951+00:00, run_after=2023-11-28T00:55:57.832951+00:00
[2023-11-28T00:55:57.859+0000] {processor.py:179} INFO - Processing /usr/local/lib/python3.10/dist-packages/airflow/example_dags/example_short_circuit_decorator.py took 0.140 seconds
[2023-11-28T00:56:43.969+0000] {processor.py:157} INFO - Started process (PID=5355) to work on /usr/local/lib/python3.10/dist-packages/airflow/example_dags/example_short_circuit_decorator.py
[2023-11-28T00:56:43.971+0000] {processor.py:829} INFO - Processing file /usr/local/lib/python3.10/dist-packages/airflow/example_dags/example_short_circuit_decorator.py for tasks to queue
[2023-11-28T00:56:43.972+0000] {logging_mixin.py:154} INFO - [2023-11-28T00:56:43.971+0000] {dagbag.py:536} INFO - Filling up the DagBag from /usr/local/lib/python3.10/dist-packages/airflow/example_dags/example_short_circuit_decorator.py
[2023-11-28T00:56:43.982+0000] {processor.py:839} INFO - DAG(s) dict_keys(['example_short_circuit_decorator']) retrieved from /usr/local/lib/python3.10/dist-packages/airflow/example_dags/example_short_circuit_decorator.py
[2023-11-28T00:56:44.002+0000] {logging_mixin.py:154} INFO - [2023-11-28T00:56:44.001+0000] {dag.py:2941} INFO - Sync 1 DAGs
[2023-11-28T00:56:44.023+0000] {logging_mixin.py:154} INFO - [2023-11-28T00:56:44.023+0000] {dag.py:3722} INFO - Setting next_dagrun for example_short_circuit_decorator to 2023-11-27T00:56:44.023085+00:00, run_after=2023-11-28T00:56:44.023085+00:00
[2023-11-28T00:56:44.049+0000] {processor.py:179} INFO - Processing /usr/local/lib/python3.10/dist-packages/airflow/example_dags/example_short_circuit_decorator.py took 0.083 seconds
[2023-11-28T00:57:31.458+0000] {processor.py:157} INFO - Started process (PID=5405) to work on /usr/local/lib/python3.10/dist-packages/airflow/example_dags/example_short_circuit_decorator.py
[2023-11-28T00:57:31.459+0000] {processor.py:829} INFO - Processing file /usr/local/lib/python3.10/dist-packages/airflow/example_dags/example_short_circuit_decorator.py for tasks to queue
[2023-11-28T00:57:31.460+0000] {logging_mixin.py:154} INFO - [2023-11-28T00:57:31.460+0000] {dagbag.py:536} INFO - Filling up the DagBag from /usr/local/lib/python3.10/dist-packages/airflow/example_dags/example_short_circuit_decorator.py
[2023-11-28T00:57:31.471+0000] {processor.py:839} INFO - DAG(s) dict_keys(['example_short_circuit_decorator']) retrieved from /usr/local/lib/python3.10/dist-packages/airflow/example_dags/example_short_circuit_decorator.py
[2023-11-28T00:57:31.491+0000] {logging_mixin.py:154} INFO - [2023-11-28T00:57:31.491+0000] {dag.py:2941} INFO - Sync 1 DAGs
[2023-11-28T00:57:31.512+0000] {logging_mixin.py:154} INFO - [2023-11-28T00:57:31.512+0000] {dag.py:3722} INFO - Setting next_dagrun for example_short_circuit_decorator to 2023-11-27T00:57:31.511863+00:00, run_after=2023-11-28T00:57:31.511863+00:00
[2023-11-28T00:57:31.534+0000] {processor.py:179} INFO - Processing /usr/local/lib/python3.10/dist-packages/airflow/example_dags/example_short_circuit_decorator.py took 0.080 seconds
[2023-11-28T00:58:18.169+0000] {processor.py:157} INFO - Started process (PID=5453) to work on /usr/local/lib/python3.10/dist-packages/airflow/example_dags/example_short_circuit_decorator.py
[2023-11-28T00:58:18.170+0000] {processor.py:829} INFO - Processing file /usr/local/lib/python3.10/dist-packages/airflow/example_dags/example_short_circuit_decorator.py for tasks to queue
[2023-11-28T00:58:18.171+0000] {logging_mixin.py:154} INFO - [2023-11-28T00:58:18.171+0000] {dagbag.py:536} INFO - Filling up the DagBag from /usr/local/lib/python3.10/dist-packages/airflow/example_dags/example_short_circuit_decorator.py
[2023-11-28T00:58:18.182+0000] {processor.py:839} INFO - DAG(s) dict_keys(['example_short_circuit_decorator']) retrieved from /usr/local/lib/python3.10/dist-packages/airflow/example_dags/example_short_circuit_decorator.py
[2023-11-28T00:58:18.201+0000] {logging_mixin.py:154} INFO - [2023-11-28T00:58:18.201+0000] {dag.py:2941} INFO - Sync 1 DAGs
[2023-11-28T00:58:18.224+0000] {logging_mixin.py:154} INFO - [2023-11-28T00:58:18.223+0000] {dag.py:3722} INFO - Setting next_dagrun for example_short_circuit_decorator to 2023-11-27T00:58:18.223629+00:00, run_after=2023-11-28T00:58:18.223629+00:00
[2023-11-28T00:58:18.247+0000] {processor.py:179} INFO - Processing /usr/local/lib/python3.10/dist-packages/airflow/example_dags/example_short_circuit_decorator.py took 0.081 seconds
[2023-11-28T00:59:05.544+0000] {processor.py:157} INFO - Started process (PID=5501) to work on /usr/local/lib/python3.10/dist-packages/airflow/example_dags/example_short_circuit_decorator.py
[2023-11-28T00:59:05.545+0000] {processor.py:829} INFO - Processing file /usr/local/lib/python3.10/dist-packages/airflow/example_dags/example_short_circuit_decorator.py for tasks to queue
[2023-11-28T00:59:05.546+0000] {logging_mixin.py:154} INFO - [2023-11-28T00:59:05.546+0000] {dagbag.py:536} INFO - Filling up the DagBag from /usr/local/lib/python3.10/dist-packages/airflow/example_dags/example_short_circuit_decorator.py
[2023-11-28T00:59:05.557+0000] {processor.py:839} INFO - DAG(s) dict_keys(['example_short_circuit_decorator']) retrieved from /usr/local/lib/python3.10/dist-packages/airflow/example_dags/example_short_circuit_decorator.py
[2023-11-28T00:59:05.577+0000] {logging_mixin.py:154} INFO - [2023-11-28T00:59:05.576+0000] {dag.py:2941} INFO - Sync 1 DAGs
[2023-11-28T00:59:05.597+0000] {logging_mixin.py:154} INFO - [2023-11-28T00:59:05.597+0000] {dag.py:3722} INFO - Setting next_dagrun for example_short_circuit_decorator to 2023-11-27T00:59:05.597129+00:00, run_after=2023-11-28T00:59:05.597129+00:00
[2023-11-28T00:59:05.663+0000] {processor.py:179} INFO - Processing /usr/local/lib/python3.10/dist-packages/airflow/example_dags/example_short_circuit_decorator.py took 0.123 seconds
[2023-11-28T00:59:48.605+0000] {processor.py:157} INFO - Started process (PID=5547) to work on /usr/local/lib/python3.10/dist-packages/airflow/example_dags/example_short_circuit_decorator.py
[2023-11-28T00:59:48.607+0000] {processor.py:829} INFO - Processing file /usr/local/lib/python3.10/dist-packages/airflow/example_dags/example_short_circuit_decorator.py for tasks to queue
[2023-11-28T00:59:48.608+0000] {logging_mixin.py:154} INFO - [2023-11-28T00:59:48.607+0000] {dagbag.py:536} INFO - Filling up the DagBag from /usr/local/lib/python3.10/dist-packages/airflow/example_dags/example_short_circuit_decorator.py
[2023-11-28T00:59:48.618+0000] {processor.py:839} INFO - DAG(s) dict_keys(['example_short_circuit_decorator']) retrieved from /usr/local/lib/python3.10/dist-packages/airflow/example_dags/example_short_circuit_decorator.py
[2023-11-28T00:59:48.637+0000] {logging_mixin.py:154} INFO - [2023-11-28T00:59:48.637+0000] {dag.py:2941} INFO - Sync 1 DAGs
[2023-11-28T00:59:48.658+0000] {logging_mixin.py:154} INFO - [2023-11-28T00:59:48.658+0000] {dag.py:3722} INFO - Setting next_dagrun for example_short_circuit_decorator to 2023-11-27T00:59:48.657967+00:00, run_after=2023-11-28T00:59:48.657967+00:00
[2023-11-28T00:59:48.679+0000] {processor.py:179} INFO - Processing /usr/local/lib/python3.10/dist-packages/airflow/example_dags/example_short_circuit_decorator.py took 0.077 seconds
[2023-11-28T01:00:32.099+0000] {processor.py:157} INFO - Started process (PID=5591) to work on /usr/local/lib/python3.10/dist-packages/airflow/example_dags/example_short_circuit_decorator.py
[2023-11-28T01:00:32.101+0000] {processor.py:829} INFO - Processing file /usr/local/lib/python3.10/dist-packages/airflow/example_dags/example_short_circuit_decorator.py for tasks to queue
[2023-11-28T01:00:32.102+0000] {logging_mixin.py:154} INFO - [2023-11-28T01:00:32.102+0000] {dagbag.py:536} INFO - Filling up the DagBag from /usr/local/lib/python3.10/dist-packages/airflow/example_dags/example_short_circuit_decorator.py
[2023-11-28T01:00:32.113+0000] {processor.py:839} INFO - DAG(s) dict_keys(['example_short_circuit_decorator']) retrieved from /usr/local/lib/python3.10/dist-packages/airflow/example_dags/example_short_circuit_decorator.py
[2023-11-28T01:00:32.133+0000] {logging_mixin.py:154} INFO - [2023-11-28T01:00:32.132+0000] {dag.py:2941} INFO - Sync 1 DAGs
[2023-11-28T01:00:32.153+0000] {logging_mixin.py:154} INFO - [2023-11-28T01:00:32.153+0000] {dag.py:3722} INFO - Setting next_dagrun for example_short_circuit_decorator to 2023-11-27T01:00:32.153457+00:00, run_after=2023-11-28T01:00:32.153457+00:00
[2023-11-28T01:00:32.179+0000] {processor.py:179} INFO - Processing /usr/local/lib/python3.10/dist-packages/airflow/example_dags/example_short_circuit_decorator.py took 0.083 seconds
[2023-11-28T01:01:17.893+0000] {processor.py:157} INFO - Started process (PID=5639) to work on /usr/local/lib/python3.10/dist-packages/airflow/example_dags/example_short_circuit_decorator.py
[2023-11-28T01:01:17.894+0000] {processor.py:829} INFO - Processing file /usr/local/lib/python3.10/dist-packages/airflow/example_dags/example_short_circuit_decorator.py for tasks to queue
[2023-11-28T01:01:17.895+0000] {logging_mixin.py:154} INFO - [2023-11-28T01:01:17.895+0000] {dagbag.py:536} INFO - Filling up the DagBag from /usr/local/lib/python3.10/dist-packages/airflow/example_dags/example_short_circuit_decorator.py
[2023-11-28T01:01:17.906+0000] {processor.py:839} INFO - DAG(s) dict_keys(['example_short_circuit_decorator']) retrieved from /usr/local/lib/python3.10/dist-packages/airflow/example_dags/example_short_circuit_decorator.py
[2023-11-28T01:01:17.927+0000] {logging_mixin.py:154} INFO - [2023-11-28T01:01:17.926+0000] {dag.py:2941} INFO - Sync 1 DAGs
[2023-11-28T01:01:17.949+0000] {logging_mixin.py:154} INFO - [2023-11-28T01:01:17.949+0000] {dag.py:3722} INFO - Setting next_dagrun for example_short_circuit_decorator to 2023-11-27T01:01:17.948743+00:00, run_after=2023-11-28T01:01:17.948743+00:00
[2023-11-28T01:01:17.973+0000] {processor.py:179} INFO - Processing /usr/local/lib/python3.10/dist-packages/airflow/example_dags/example_short_circuit_decorator.py took 0.083 seconds
[2023-11-28T01:02:01.404+0000] {processor.py:157} INFO - Started process (PID=5684) to work on /usr/local/lib/python3.10/dist-packages/airflow/example_dags/example_short_circuit_decorator.py
[2023-11-28T01:02:01.405+0000] {processor.py:829} INFO - Processing file /usr/local/lib/python3.10/dist-packages/airflow/example_dags/example_short_circuit_decorator.py for tasks to queue
[2023-11-28T01:02:01.406+0000] {logging_mixin.py:154} INFO - [2023-11-28T01:02:01.406+0000] {dagbag.py:536} INFO - Filling up the DagBag from /usr/local/lib/python3.10/dist-packages/airflow/example_dags/example_short_circuit_decorator.py
[2023-11-28T01:02:01.417+0000] {processor.py:839} INFO - DAG(s) dict_keys(['example_short_circuit_decorator']) retrieved from /usr/local/lib/python3.10/dist-packages/airflow/example_dags/example_short_circuit_decorator.py
[2023-11-28T01:02:01.437+0000] {logging_mixin.py:154} INFO - [2023-11-28T01:02:01.437+0000] {dag.py:2941} INFO - Sync 1 DAGs
[2023-11-28T01:02:01.458+0000] {logging_mixin.py:154} INFO - [2023-11-28T01:02:01.457+0000] {dag.py:3722} INFO - Setting next_dagrun for example_short_circuit_decorator to 2023-11-27T01:02:01.457707+00:00, run_after=2023-11-28T01:02:01.457707+00:00
[2023-11-28T01:02:01.481+0000] {processor.py:179} INFO - Processing /usr/local/lib/python3.10/dist-packages/airflow/example_dags/example_short_circuit_decorator.py took 0.081 seconds
[2023-11-28T01:02:44.806+0000] {processor.py:157} INFO - Started process (PID=5731) to work on /usr/local/lib/python3.10/dist-packages/airflow/example_dags/example_short_circuit_decorator.py
[2023-11-28T01:02:44.808+0000] {processor.py:829} INFO - Processing file /usr/local/lib/python3.10/dist-packages/airflow/example_dags/example_short_circuit_decorator.py for tasks to queue
[2023-11-28T01:02:44.809+0000] {logging_mixin.py:154} INFO - [2023-11-28T01:02:44.808+0000] {dagbag.py:536} INFO - Filling up the DagBag from /usr/local/lib/python3.10/dist-packages/airflow/example_dags/example_short_circuit_decorator.py
[2023-11-28T01:02:44.819+0000] {processor.py:839} INFO - DAG(s) dict_keys(['example_short_circuit_decorator']) retrieved from /usr/local/lib/python3.10/dist-packages/airflow/example_dags/example_short_circuit_decorator.py
[2023-11-28T01:02:44.839+0000] {logging_mixin.py:154} INFO - [2023-11-28T01:02:44.839+0000] {dag.py:2941} INFO - Sync 1 DAGs
[2023-11-28T01:02:44.860+0000] {logging_mixin.py:154} INFO - [2023-11-28T01:02:44.860+0000] {dag.py:3722} INFO - Setting next_dagrun for example_short_circuit_decorator to 2023-11-27T01:02:44.860438+00:00, run_after=2023-11-28T01:02:44.860438+00:00
[2023-11-28T01:02:44.884+0000] {processor.py:179} INFO - Processing /usr/local/lib/python3.10/dist-packages/airflow/example_dags/example_short_circuit_decorator.py took 0.081 seconds
[2023-11-28T01:03:31.258+0000] {processor.py:157} INFO - Started process (PID=5778) to work on /usr/local/lib/python3.10/dist-packages/airflow/example_dags/example_short_circuit_decorator.py
[2023-11-28T01:03:31.259+0000] {processor.py:829} INFO - Processing file /usr/local/lib/python3.10/dist-packages/airflow/example_dags/example_short_circuit_decorator.py for tasks to queue
[2023-11-28T01:03:31.260+0000] {logging_mixin.py:154} INFO - [2023-11-28T01:03:31.260+0000] {dagbag.py:536} INFO - Filling up the DagBag from /usr/local/lib/python3.10/dist-packages/airflow/example_dags/example_short_circuit_decorator.py
[2023-11-28T01:03:31.271+0000] {processor.py:839} INFO - DAG(s) dict_keys(['example_short_circuit_decorator']) retrieved from /usr/local/lib/python3.10/dist-packages/airflow/example_dags/example_short_circuit_decorator.py
[2023-11-28T01:03:31.291+0000] {logging_mixin.py:154} INFO - [2023-11-28T01:03:31.291+0000] {dag.py:2941} INFO - Sync 1 DAGs
[2023-11-28T01:03:31.312+0000] {logging_mixin.py:154} INFO - [2023-11-28T01:03:31.312+0000] {dag.py:3722} INFO - Setting next_dagrun for example_short_circuit_decorator to 2023-11-27T01:03:31.312219+00:00, run_after=2023-11-28T01:03:31.312219+00:00
[2023-11-28T01:03:31.335+0000] {processor.py:179} INFO - Processing /usr/local/lib/python3.10/dist-packages/airflow/example_dags/example_short_circuit_decorator.py took 0.081 seconds
[2023-11-28T01:04:16.568+0000] {processor.py:157} INFO - Started process (PID=5939) to work on /usr/local/lib/python3.10/dist-packages/airflow/example_dags/example_short_circuit_decorator.py
[2023-11-28T01:04:16.570+0000] {processor.py:829} INFO - Processing file /usr/local/lib/python3.10/dist-packages/airflow/example_dags/example_short_circuit_decorator.py for tasks to queue
[2023-11-28T01:04:16.570+0000] {logging_mixin.py:154} INFO - [2023-11-28T01:04:16.570+0000] {dagbag.py:536} INFO - Filling up the DagBag from /usr/local/lib/python3.10/dist-packages/airflow/example_dags/example_short_circuit_decorator.py
[2023-11-28T01:04:16.581+0000] {processor.py:839} INFO - DAG(s) dict_keys(['example_short_circuit_decorator']) retrieved from /usr/local/lib/python3.10/dist-packages/airflow/example_dags/example_short_circuit_decorator.py
[2023-11-28T01:04:16.600+0000] {logging_mixin.py:154} INFO - [2023-11-28T01:04:16.600+0000] {dag.py:2941} INFO - Sync 1 DAGs
[2023-11-28T01:04:16.621+0000] {logging_mixin.py:154} INFO - [2023-11-28T01:04:16.621+0000] {dag.py:3722} INFO - Setting next_dagrun for example_short_circuit_decorator to 2023-11-27T01:04:16.621200+00:00, run_after=2023-11-28T01:04:16.621200+00:00
[2023-11-28T01:04:16.644+0000] {processor.py:179} INFO - Processing /usr/local/lib/python3.10/dist-packages/airflow/example_dags/example_short_circuit_decorator.py took 0.079 seconds
[2023-11-28T01:05:01.330+0000] {processor.py:157} INFO - Started process (PID=5985) to work on /usr/local/lib/python3.10/dist-packages/airflow/example_dags/example_short_circuit_decorator.py
[2023-11-28T01:05:01.332+0000] {processor.py:829} INFO - Processing file /usr/local/lib/python3.10/dist-packages/airflow/example_dags/example_short_circuit_decorator.py for tasks to queue
[2023-11-28T01:05:01.333+0000] {logging_mixin.py:154} INFO - [2023-11-28T01:05:01.332+0000] {dagbag.py:536} INFO - Filling up the DagBag from /usr/local/lib/python3.10/dist-packages/airflow/example_dags/example_short_circuit_decorator.py
[2023-11-28T01:05:01.344+0000] {processor.py:839} INFO - DAG(s) dict_keys(['example_short_circuit_decorator']) retrieved from /usr/local/lib/python3.10/dist-packages/airflow/example_dags/example_short_circuit_decorator.py
[2023-11-28T01:05:01.365+0000] {logging_mixin.py:154} INFO - [2023-11-28T01:05:01.365+0000] {dag.py:2941} INFO - Sync 1 DAGs
[2023-11-28T01:05:01.389+0000] {logging_mixin.py:154} INFO - [2023-11-28T01:05:01.389+0000] {dag.py:3722} INFO - Setting next_dagrun for example_short_circuit_decorator to 2023-11-27T01:05:01.388897+00:00, run_after=2023-11-28T01:05:01.388897+00:00
[2023-11-28T01:05:01.414+0000] {processor.py:179} INFO - Processing /usr/local/lib/python3.10/dist-packages/airflow/example_dags/example_short_circuit_decorator.py took 0.089 seconds
[2023-11-28T01:05:47.549+0000] {processor.py:157} INFO - Started process (PID=6034) to work on /usr/local/lib/python3.10/dist-packages/airflow/example_dags/example_short_circuit_decorator.py
[2023-11-28T01:05:47.550+0000] {processor.py:829} INFO - Processing file /usr/local/lib/python3.10/dist-packages/airflow/example_dags/example_short_circuit_decorator.py for tasks to queue
[2023-11-28T01:05:47.551+0000] {logging_mixin.py:154} INFO - [2023-11-28T01:05:47.551+0000] {dagbag.py:536} INFO - Filling up the DagBag from /usr/local/lib/python3.10/dist-packages/airflow/example_dags/example_short_circuit_decorator.py
[2023-11-28T01:05:47.562+0000] {processor.py:839} INFO - DAG(s) dict_keys(['example_short_circuit_decorator']) retrieved from /usr/local/lib/python3.10/dist-packages/airflow/example_dags/example_short_circuit_decorator.py
[2023-11-28T01:05:47.582+0000] {logging_mixin.py:154} INFO - [2023-11-28T01:05:47.582+0000] {dag.py:2941} INFO - Sync 1 DAGs
[2023-11-28T01:05:47.604+0000] {logging_mixin.py:154} INFO - [2023-11-28T01:05:47.604+0000] {dag.py:3722} INFO - Setting next_dagrun for example_short_circuit_decorator to 2023-11-27T01:05:47.604435+00:00, run_after=2023-11-28T01:05:47.604435+00:00
[2023-11-28T01:05:47.627+0000] {processor.py:179} INFO - Processing /usr/local/lib/python3.10/dist-packages/airflow/example_dags/example_short_circuit_decorator.py took 0.082 seconds
[2023-11-28T01:06:34.144+0000] {processor.py:157} INFO - Started process (PID=6082) to work on /usr/local/lib/python3.10/dist-packages/airflow/example_dags/example_short_circuit_decorator.py
[2023-11-28T01:06:34.145+0000] {processor.py:829} INFO - Processing file /usr/local/lib/python3.10/dist-packages/airflow/example_dags/example_short_circuit_decorator.py for tasks to queue
[2023-11-28T01:06:34.146+0000] {logging_mixin.py:154} INFO - [2023-11-28T01:06:34.146+0000] {dagbag.py:536} INFO - Filling up the DagBag from /usr/local/lib/python3.10/dist-packages/airflow/example_dags/example_short_circuit_decorator.py
[2023-11-28T01:06:34.157+0000] {processor.py:839} INFO - DAG(s) dict_keys(['example_short_circuit_decorator']) retrieved from /usr/local/lib/python3.10/dist-packages/airflow/example_dags/example_short_circuit_decorator.py
[2023-11-28T01:06:34.177+0000] {logging_mixin.py:154} INFO - [2023-11-28T01:06:34.176+0000] {dag.py:2941} INFO - Sync 1 DAGs
[2023-11-28T01:06:34.198+0000] {logging_mixin.py:154} INFO - [2023-11-28T01:06:34.198+0000] {dag.py:3722} INFO - Setting next_dagrun for example_short_circuit_decorator to 2023-11-27T01:06:34.198163+00:00, run_after=2023-11-28T01:06:34.198163+00:00
[2023-11-28T01:06:34.222+0000] {processor.py:179} INFO - Processing /usr/local/lib/python3.10/dist-packages/airflow/example_dags/example_short_circuit_decorator.py took 0.082 seconds
[2023-11-28T01:07:23.132+0000] {processor.py:157} INFO - Started process (PID=6130) to work on /usr/local/lib/python3.10/dist-packages/airflow/example_dags/example_short_circuit_decorator.py
[2023-11-28T01:07:23.133+0000] {processor.py:829} INFO - Processing file /usr/local/lib/python3.10/dist-packages/airflow/example_dags/example_short_circuit_decorator.py for tasks to queue
[2023-11-28T01:07:23.134+0000] {logging_mixin.py:154} INFO - [2023-11-28T01:07:23.134+0000] {dagbag.py:536} INFO - Filling up the DagBag from /usr/local/lib/python3.10/dist-packages/airflow/example_dags/example_short_circuit_decorator.py
[2023-11-28T01:07:23.145+0000] {processor.py:839} INFO - DAG(s) dict_keys(['example_short_circuit_decorator']) retrieved from /usr/local/lib/python3.10/dist-packages/airflow/example_dags/example_short_circuit_decorator.py
[2023-11-28T01:07:23.164+0000] {logging_mixin.py:154} INFO - [2023-11-28T01:07:23.164+0000] {dag.py:2941} INFO - Sync 1 DAGs
[2023-11-28T01:07:23.186+0000] {logging_mixin.py:154} INFO - [2023-11-28T01:07:23.185+0000] {dag.py:3722} INFO - Setting next_dagrun for example_short_circuit_decorator to 2023-11-27T01:07:23.185539+00:00, run_after=2023-11-28T01:07:23.185539+00:00
[2023-11-28T01:07:23.210+0000] {processor.py:179} INFO - Processing /usr/local/lib/python3.10/dist-packages/airflow/example_dags/example_short_circuit_decorator.py took 0.081 seconds
[2023-11-28T01:08:11.801+0000] {processor.py:157} INFO - Started process (PID=6180) to work on /usr/local/lib/python3.10/dist-packages/airflow/example_dags/example_short_circuit_decorator.py
[2023-11-28T01:08:11.803+0000] {processor.py:829} INFO - Processing file /usr/local/lib/python3.10/dist-packages/airflow/example_dags/example_short_circuit_decorator.py for tasks to queue
[2023-11-28T01:08:11.803+0000] {logging_mixin.py:154} INFO - [2023-11-28T01:08:11.803+0000] {dagbag.py:536} INFO - Filling up the DagBag from /usr/local/lib/python3.10/dist-packages/airflow/example_dags/example_short_circuit_decorator.py
[2023-11-28T01:08:11.814+0000] {processor.py:839} INFO - DAG(s) dict_keys(['example_short_circuit_decorator']) retrieved from /usr/local/lib/python3.10/dist-packages/airflow/example_dags/example_short_circuit_decorator.py
[2023-11-28T01:08:11.834+0000] {logging_mixin.py:154} INFO - [2023-11-28T01:08:11.834+0000] {dag.py:2941} INFO - Sync 1 DAGs
[2023-11-28T01:08:11.855+0000] {logging_mixin.py:154} INFO - [2023-11-28T01:08:11.855+0000] {dag.py:3722} INFO - Setting next_dagrun for example_short_circuit_decorator to 2023-11-27T01:08:11.855322+00:00, run_after=2023-11-28T01:08:11.855322+00:00
[2023-11-28T01:08:11.879+0000] {processor.py:179} INFO - Processing /usr/local/lib/python3.10/dist-packages/airflow/example_dags/example_short_circuit_decorator.py took 0.082 seconds
[2023-11-28T01:08:54.691+0000] {processor.py:157} INFO - Started process (PID=6227) to work on /usr/local/lib/python3.10/dist-packages/airflow/example_dags/example_short_circuit_decorator.py
[2023-11-28T01:08:54.693+0000] {processor.py:829} INFO - Processing file /usr/local/lib/python3.10/dist-packages/airflow/example_dags/example_short_circuit_decorator.py for tasks to queue
[2023-11-28T01:08:54.694+0000] {logging_mixin.py:154} INFO - [2023-11-28T01:08:54.693+0000] {dagbag.py:536} INFO - Filling up the DagBag from /usr/local/lib/python3.10/dist-packages/airflow/example_dags/example_short_circuit_decorator.py
[2023-11-28T01:08:54.704+0000] {processor.py:839} INFO - DAG(s) dict_keys(['example_short_circuit_decorator']) retrieved from /usr/local/lib/python3.10/dist-packages/airflow/example_dags/example_short_circuit_decorator.py
[2023-11-28T01:08:54.724+0000] {logging_mixin.py:154} INFO - [2023-11-28T01:08:54.724+0000] {dag.py:2941} INFO - Sync 1 DAGs
[2023-11-28T01:08:54.745+0000] {logging_mixin.py:154} INFO - [2023-11-28T01:08:54.744+0000] {dag.py:3722} INFO - Setting next_dagrun for example_short_circuit_decorator to 2023-11-27T01:08:54.744561+00:00, run_after=2023-11-28T01:08:54.744561+00:00
[2023-11-28T01:08:54.770+0000] {processor.py:179} INFO - Processing /usr/local/lib/python3.10/dist-packages/airflow/example_dags/example_short_circuit_decorator.py took 0.082 seconds
[2023-11-28T01:09:36.414+0000] {processor.py:157} INFO - Started process (PID=6272) to work on /usr/local/lib/python3.10/dist-packages/airflow/example_dags/example_short_circuit_decorator.py
[2023-11-28T01:09:36.416+0000] {processor.py:829} INFO - Processing file /usr/local/lib/python3.10/dist-packages/airflow/example_dags/example_short_circuit_decorator.py for tasks to queue
[2023-11-28T01:09:36.417+0000] {logging_mixin.py:154} INFO - [2023-11-28T01:09:36.416+0000] {dagbag.py:536} INFO - Filling up the DagBag from /usr/local/lib/python3.10/dist-packages/airflow/example_dags/example_short_circuit_decorator.py
[2023-11-28T01:09:36.428+0000] {processor.py:839} INFO - DAG(s) dict_keys(['example_short_circuit_decorator']) retrieved from /usr/local/lib/python3.10/dist-packages/airflow/example_dags/example_short_circuit_decorator.py
[2023-11-28T01:09:36.447+0000] {logging_mixin.py:154} INFO - [2023-11-28T01:09:36.447+0000] {dag.py:2941} INFO - Sync 1 DAGs
[2023-11-28T01:09:36.469+0000] {logging_mixin.py:154} INFO - [2023-11-28T01:09:36.468+0000] {dag.py:3722} INFO - Setting next_dagrun for example_short_circuit_decorator to 2023-11-27T01:09:36.468542+00:00, run_after=2023-11-28T01:09:36.468542+00:00
[2023-11-28T01:09:36.492+0000] {processor.py:179} INFO - Processing /usr/local/lib/python3.10/dist-packages/airflow/example_dags/example_short_circuit_decorator.py took 0.082 seconds
[2023-11-28T01:10:17.966+0000] {processor.py:157} INFO - Started process (PID=6315) to work on /usr/local/lib/python3.10/dist-packages/airflow/example_dags/example_short_circuit_decorator.py
[2023-11-28T01:10:17.967+0000] {processor.py:829} INFO - Processing file /usr/local/lib/python3.10/dist-packages/airflow/example_dags/example_short_circuit_decorator.py for tasks to queue
[2023-11-28T01:10:17.968+0000] {logging_mixin.py:154} INFO - [2023-11-28T01:10:17.968+0000] {dagbag.py:536} INFO - Filling up the DagBag from /usr/local/lib/python3.10/dist-packages/airflow/example_dags/example_short_circuit_decorator.py
[2023-11-28T01:10:17.979+0000] {processor.py:839} INFO - DAG(s) dict_keys(['example_short_circuit_decorator']) retrieved from /usr/local/lib/python3.10/dist-packages/airflow/example_dags/example_short_circuit_decorator.py
[2023-11-28T01:10:17.999+0000] {logging_mixin.py:154} INFO - [2023-11-28T01:10:17.999+0000] {dag.py:2941} INFO - Sync 1 DAGs
[2023-11-28T01:10:18.021+0000] {logging_mixin.py:154} INFO - [2023-11-28T01:10:18.021+0000] {dag.py:3722} INFO - Setting next_dagrun for example_short_circuit_decorator to 2023-11-27T01:10:18.021148+00:00, run_after=2023-11-28T01:10:18.021148+00:00
[2023-11-28T01:10:18.045+0000] {processor.py:179} INFO - Processing /usr/local/lib/python3.10/dist-packages/airflow/example_dags/example_short_circuit_decorator.py took 0.083 seconds
[2023-11-28T01:11:05.952+0000] {processor.py:157} INFO - Started process (PID=6363) to work on /usr/local/lib/python3.10/dist-packages/airflow/example_dags/example_short_circuit_decorator.py
[2023-11-28T01:11:05.953+0000] {processor.py:829} INFO - Processing file /usr/local/lib/python3.10/dist-packages/airflow/example_dags/example_short_circuit_decorator.py for tasks to queue
[2023-11-28T01:11:05.954+0000] {logging_mixin.py:154} INFO - [2023-11-28T01:11:05.953+0000] {dagbag.py:536} INFO - Filling up the DagBag from /usr/local/lib/python3.10/dist-packages/airflow/example_dags/example_short_circuit_decorator.py
[2023-11-28T01:11:05.965+0000] {processor.py:839} INFO - DAG(s) dict_keys(['example_short_circuit_decorator']) retrieved from /usr/local/lib/python3.10/dist-packages/airflow/example_dags/example_short_circuit_decorator.py
[2023-11-28T01:11:05.985+0000] {logging_mixin.py:154} INFO - [2023-11-28T01:11:05.985+0000] {dag.py:2941} INFO - Sync 1 DAGs
[2023-11-28T01:11:06.014+0000] {logging_mixin.py:154} INFO - [2023-11-28T01:11:06.014+0000] {dag.py:3722} INFO - Setting next_dagrun for example_short_circuit_decorator to 2023-11-27T01:11:06.014087+00:00, run_after=2023-11-28T01:11:06.014087+00:00
[2023-11-28T01:11:06.042+0000] {processor.py:179} INFO - Processing /usr/local/lib/python3.10/dist-packages/airflow/example_dags/example_short_circuit_decorator.py took 0.095 seconds
[2023-11-28T01:11:51.086+0000] {processor.py:157} INFO - Started process (PID=6410) to work on /usr/local/lib/python3.10/dist-packages/airflow/example_dags/example_short_circuit_decorator.py
[2023-11-28T01:11:51.088+0000] {processor.py:829} INFO - Processing file /usr/local/lib/python3.10/dist-packages/airflow/example_dags/example_short_circuit_decorator.py for tasks to queue
[2023-11-28T01:11:51.089+0000] {logging_mixin.py:154} INFO - [2023-11-28T01:11:51.088+0000] {dagbag.py:536} INFO - Filling up the DagBag from /usr/local/lib/python3.10/dist-packages/airflow/example_dags/example_short_circuit_decorator.py
[2023-11-28T01:11:51.100+0000] {processor.py:839} INFO - DAG(s) dict_keys(['example_short_circuit_decorator']) retrieved from /usr/local/lib/python3.10/dist-packages/airflow/example_dags/example_short_circuit_decorator.py
[2023-11-28T01:11:51.121+0000] {logging_mixin.py:154} INFO - [2023-11-28T01:11:51.120+0000] {dag.py:2941} INFO - Sync 1 DAGs
[2023-11-28T01:11:51.142+0000] {logging_mixin.py:154} INFO - [2023-11-28T01:11:51.142+0000] {dag.py:3722} INFO - Setting next_dagrun for example_short_circuit_decorator to 2023-11-27T01:11:51.142048+00:00, run_after=2023-11-28T01:11:51.142048+00:00
[2023-11-28T01:11:51.165+0000] {processor.py:179} INFO - Processing /usr/local/lib/python3.10/dist-packages/airflow/example_dags/example_short_circuit_decorator.py took 0.082 seconds
[2023-11-28T01:12:36.418+0000] {processor.py:157} INFO - Started process (PID=6458) to work on /usr/local/lib/python3.10/dist-packages/airflow/example_dags/example_short_circuit_decorator.py
[2023-11-28T01:12:36.420+0000] {processor.py:829} INFO - Processing file /usr/local/lib/python3.10/dist-packages/airflow/example_dags/example_short_circuit_decorator.py for tasks to queue
[2023-11-28T01:12:36.421+0000] {logging_mixin.py:154} INFO - [2023-11-28T01:12:36.421+0000] {dagbag.py:536} INFO - Filling up the DagBag from /usr/local/lib/python3.10/dist-packages/airflow/example_dags/example_short_circuit_decorator.py
[2023-11-28T01:12:36.432+0000] {processor.py:839} INFO - DAG(s) dict_keys(['example_short_circuit_decorator']) retrieved from /usr/local/lib/python3.10/dist-packages/airflow/example_dags/example_short_circuit_decorator.py
[2023-11-28T01:12:36.453+0000] {logging_mixin.py:154} INFO - [2023-11-28T01:12:36.453+0000] {dag.py:2941} INFO - Sync 1 DAGs
[2023-11-28T01:12:36.477+0000] {logging_mixin.py:154} INFO - [2023-11-28T01:12:36.476+0000] {dag.py:3722} INFO - Setting next_dagrun for example_short_circuit_decorator to 2023-11-27T01:12:36.476697+00:00, run_after=2023-11-28T01:12:36.476697+00:00
[2023-11-28T01:12:36.501+0000] {processor.py:179} INFO - Processing /usr/local/lib/python3.10/dist-packages/airflow/example_dags/example_short_circuit_decorator.py took 0.087 seconds
[2023-11-28T01:13:19.547+0000] {processor.py:157} INFO - Started process (PID=6502) to work on /usr/local/lib/python3.10/dist-packages/airflow/example_dags/example_short_circuit_decorator.py
[2023-11-28T01:13:19.548+0000] {processor.py:829} INFO - Processing file /usr/local/lib/python3.10/dist-packages/airflow/example_dags/example_short_circuit_decorator.py for tasks to queue
[2023-11-28T01:13:19.549+0000] {logging_mixin.py:154} INFO - [2023-11-28T01:13:19.548+0000] {dagbag.py:536} INFO - Filling up the DagBag from /usr/local/lib/python3.10/dist-packages/airflow/example_dags/example_short_circuit_decorator.py
[2023-11-28T01:13:19.559+0000] {processor.py:839} INFO - DAG(s) dict_keys(['example_short_circuit_decorator']) retrieved from /usr/local/lib/python3.10/dist-packages/airflow/example_dags/example_short_circuit_decorator.py
[2023-11-28T01:13:19.579+0000] {logging_mixin.py:154} INFO - [2023-11-28T01:13:19.578+0000] {dag.py:2941} INFO - Sync 1 DAGs
[2023-11-28T01:13:19.599+0000] {logging_mixin.py:154} INFO - [2023-11-28T01:13:19.599+0000] {dag.py:3722} INFO - Setting next_dagrun for example_short_circuit_decorator to 2023-11-27T01:13:19.599333+00:00, run_after=2023-11-28T01:13:19.599333+00:00
[2023-11-28T01:13:19.621+0000] {processor.py:179} INFO - Processing /usr/local/lib/python3.10/dist-packages/airflow/example_dags/example_short_circuit_decorator.py took 0.078 seconds
[2023-11-28T01:14:07.618+0000] {processor.py:157} INFO - Started process (PID=6551) to work on /usr/local/lib/python3.10/dist-packages/airflow/example_dags/example_short_circuit_decorator.py
[2023-11-28T01:14:07.620+0000] {processor.py:829} INFO - Processing file /usr/local/lib/python3.10/dist-packages/airflow/example_dags/example_short_circuit_decorator.py for tasks to queue
[2023-11-28T01:14:07.621+0000] {logging_mixin.py:154} INFO - [2023-11-28T01:14:07.621+0000] {dagbag.py:536} INFO - Filling up the DagBag from /usr/local/lib/python3.10/dist-packages/airflow/example_dags/example_short_circuit_decorator.py
[2023-11-28T01:14:07.632+0000] {processor.py:839} INFO - DAG(s) dict_keys(['example_short_circuit_decorator']) retrieved from /usr/local/lib/python3.10/dist-packages/airflow/example_dags/example_short_circuit_decorator.py
[2023-11-28T01:14:07.652+0000] {logging_mixin.py:154} INFO - [2023-11-28T01:14:07.651+0000] {dag.py:2941} INFO - Sync 1 DAGs
[2023-11-28T01:14:07.673+0000] {logging_mixin.py:154} INFO - [2023-11-28T01:14:07.673+0000] {dag.py:3722} INFO - Setting next_dagrun for example_short_circuit_decorator to 2023-11-27T01:14:07.673049+00:00, run_after=2023-11-28T01:14:07.673049+00:00
[2023-11-28T01:14:07.699+0000] {processor.py:179} INFO - Processing /usr/local/lib/python3.10/dist-packages/airflow/example_dags/example_short_circuit_decorator.py took 0.085 seconds
[2023-11-28T01:15:12.317+0000] {processor.py:157} INFO - Started process (PID=6626) to work on /usr/local/lib/python3.10/dist-packages/airflow/example_dags/example_short_circuit_decorator.py
[2023-11-28T01:15:12.319+0000] {processor.py:829} INFO - Processing file /usr/local/lib/python3.10/dist-packages/airflow/example_dags/example_short_circuit_decorator.py for tasks to queue
[2023-11-28T01:15:12.319+0000] {logging_mixin.py:154} INFO - [2023-11-28T01:15:12.319+0000] {dagbag.py:536} INFO - Filling up the DagBag from /usr/local/lib/python3.10/dist-packages/airflow/example_dags/example_short_circuit_decorator.py
[2023-11-28T01:15:12.333+0000] {processor.py:839} INFO - DAG(s) dict_keys(['example_short_circuit_decorator']) retrieved from /usr/local/lib/python3.10/dist-packages/airflow/example_dags/example_short_circuit_decorator.py
[2023-11-28T01:15:12.341+0000] {logging_mixin.py:154} INFO - [2023-11-28T01:15:12.341+0000] {dag.py:2941} INFO - Sync 1 DAGs
[2023-11-28T01:15:12.364+0000] {logging_mixin.py:154} INFO - [2023-11-28T01:15:12.364+0000] {dag.py:3722} INFO - Setting next_dagrun for example_short_circuit_decorator to 2023-11-27T01:15:12.363842+00:00, run_after=2023-11-28T01:15:12.363842+00:00
[2023-11-28T01:15:12.389+0000] {processor.py:179} INFO - Processing /usr/local/lib/python3.10/dist-packages/airflow/example_dags/example_short_circuit_decorator.py took 0.075 seconds
[2023-11-28T01:15:55.819+0000] {processor.py:157} INFO - Started process (PID=6673) to work on /usr/local/lib/python3.10/dist-packages/airflow/example_dags/example_short_circuit_decorator.py
[2023-11-28T01:15:55.820+0000] {processor.py:829} INFO - Processing file /usr/local/lib/python3.10/dist-packages/airflow/example_dags/example_short_circuit_decorator.py for tasks to queue
[2023-11-28T01:15:55.821+0000] {logging_mixin.py:154} INFO - [2023-11-28T01:15:55.821+0000] {dagbag.py:536} INFO - Filling up the DagBag from /usr/local/lib/python3.10/dist-packages/airflow/example_dags/example_short_circuit_decorator.py
[2023-11-28T01:15:55.832+0000] {processor.py:839} INFO - DAG(s) dict_keys(['example_short_circuit_decorator']) retrieved from /usr/local/lib/python3.10/dist-packages/airflow/example_dags/example_short_circuit_decorator.py
[2023-11-28T01:15:55.851+0000] {logging_mixin.py:154} INFO - [2023-11-28T01:15:55.851+0000] {dag.py:2941} INFO - Sync 1 DAGs
[2023-11-28T01:15:55.871+0000] {logging_mixin.py:154} INFO - [2023-11-28T01:15:55.871+0000] {dag.py:3722} INFO - Setting next_dagrun for example_short_circuit_decorator to 2023-11-27T01:15:55.871401+00:00, run_after=2023-11-28T01:15:55.871401+00:00
[2023-11-28T01:15:55.893+0000] {processor.py:179} INFO - Processing /usr/local/lib/python3.10/dist-packages/airflow/example_dags/example_short_circuit_decorator.py took 0.078 seconds
[2023-11-28T01:16:42.362+0000] {processor.py:157} INFO - Started process (PID=6719) to work on /usr/local/lib/python3.10/dist-packages/airflow/example_dags/example_short_circuit_decorator.py
[2023-11-28T01:16:42.363+0000] {processor.py:829} INFO - Processing file /usr/local/lib/python3.10/dist-packages/airflow/example_dags/example_short_circuit_decorator.py for tasks to queue
[2023-11-28T01:16:42.364+0000] {logging_mixin.py:154} INFO - [2023-11-28T01:16:42.364+0000] {dagbag.py:536} INFO - Filling up the DagBag from /usr/local/lib/python3.10/dist-packages/airflow/example_dags/example_short_circuit_decorator.py
[2023-11-28T01:16:42.375+0000] {processor.py:839} INFO - DAG(s) dict_keys(['example_short_circuit_decorator']) retrieved from /usr/local/lib/python3.10/dist-packages/airflow/example_dags/example_short_circuit_decorator.py
[2023-11-28T01:16:42.395+0000] {logging_mixin.py:154} INFO - [2023-11-28T01:16:42.394+0000] {dag.py:2941} INFO - Sync 1 DAGs
[2023-11-28T01:16:42.416+0000] {logging_mixin.py:154} INFO - [2023-11-28T01:16:42.416+0000] {dag.py:3722} INFO - Setting next_dagrun for example_short_circuit_decorator to 2023-11-27T01:16:42.416007+00:00, run_after=2023-11-28T01:16:42.416007+00:00
[2023-11-28T01:16:42.439+0000] {processor.py:179} INFO - Processing /usr/local/lib/python3.10/dist-packages/airflow/example_dags/example_short_circuit_decorator.py took 0.081 seconds
[2023-11-28T01:17:29.951+0000] {processor.py:157} INFO - Started process (PID=6775) to work on /usr/local/lib/python3.10/dist-packages/airflow/example_dags/example_short_circuit_decorator.py
[2023-11-28T01:17:29.952+0000] {processor.py:829} INFO - Processing file /usr/local/lib/python3.10/dist-packages/airflow/example_dags/example_short_circuit_decorator.py for tasks to queue
[2023-11-28T01:17:29.953+0000] {logging_mixin.py:154} INFO - [2023-11-28T01:17:29.953+0000] {dagbag.py:536} INFO - Filling up the DagBag from /usr/local/lib/python3.10/dist-packages/airflow/example_dags/example_short_circuit_decorator.py
[2023-11-28T01:17:29.964+0000] {processor.py:839} INFO - DAG(s) dict_keys(['example_short_circuit_decorator']) retrieved from /usr/local/lib/python3.10/dist-packages/airflow/example_dags/example_short_circuit_decorator.py
[2023-11-28T01:17:29.984+0000] {logging_mixin.py:154} INFO - [2023-11-28T01:17:29.984+0000] {dag.py:2941} INFO - Sync 1 DAGs
[2023-11-28T01:17:30.006+0000] {logging_mixin.py:154} INFO - [2023-11-28T01:17:30.006+0000] {dag.py:3722} INFO - Setting next_dagrun for example_short_circuit_decorator to 2023-11-27T01:17:30.006158+00:00, run_after=2023-11-28T01:17:30.006158+00:00
[2023-11-28T01:17:30.036+0000] {processor.py:179} INFO - Processing /usr/local/lib/python3.10/dist-packages/airflow/example_dags/example_short_circuit_decorator.py took 0.088 seconds
[2023-11-28T01:18:12.901+0000] {processor.py:157} INFO - Started process (PID=6821) to work on /usr/local/lib/python3.10/dist-packages/airflow/example_dags/example_short_circuit_decorator.py
[2023-11-28T01:18:12.902+0000] {processor.py:829} INFO - Processing file /usr/local/lib/python3.10/dist-packages/airflow/example_dags/example_short_circuit_decorator.py for tasks to queue
[2023-11-28T01:18:12.903+0000] {logging_mixin.py:154} INFO - [2023-11-28T01:18:12.903+0000] {dagbag.py:536} INFO - Filling up the DagBag from /usr/local/lib/python3.10/dist-packages/airflow/example_dags/example_short_circuit_decorator.py
[2023-11-28T01:18:12.915+0000] {processor.py:839} INFO - DAG(s) dict_keys(['example_short_circuit_decorator']) retrieved from /usr/local/lib/python3.10/dist-packages/airflow/example_dags/example_short_circuit_decorator.py
[2023-11-28T01:18:12.936+0000] {logging_mixin.py:154} INFO - [2023-11-28T01:18:12.935+0000] {dag.py:2941} INFO - Sync 1 DAGs
[2023-11-28T01:18:12.958+0000] {logging_mixin.py:154} INFO - [2023-11-28T01:18:12.958+0000] {dag.py:3722} INFO - Setting next_dagrun for example_short_circuit_decorator to 2023-11-27T01:18:12.958333+00:00, run_after=2023-11-28T01:18:12.958333+00:00
[2023-11-28T01:18:12.983+0000] {processor.py:179} INFO - Processing /usr/local/lib/python3.10/dist-packages/airflow/example_dags/example_short_circuit_decorator.py took 0.086 seconds
[2023-11-28T01:18:59.348+0000] {processor.py:157} INFO - Started process (PID=6869) to work on /usr/local/lib/python3.10/dist-packages/airflow/example_dags/example_short_circuit_decorator.py
[2023-11-28T01:18:59.350+0000] {processor.py:829} INFO - Processing file /usr/local/lib/python3.10/dist-packages/airflow/example_dags/example_short_circuit_decorator.py for tasks to queue
[2023-11-28T01:18:59.350+0000] {logging_mixin.py:154} INFO - [2023-11-28T01:18:59.350+0000] {dagbag.py:536} INFO - Filling up the DagBag from /usr/local/lib/python3.10/dist-packages/airflow/example_dags/example_short_circuit_decorator.py
[2023-11-28T01:18:59.361+0000] {processor.py:839} INFO - DAG(s) dict_keys(['example_short_circuit_decorator']) retrieved from /usr/local/lib/python3.10/dist-packages/airflow/example_dags/example_short_circuit_decorator.py
[2023-11-28T01:18:59.381+0000] {logging_mixin.py:154} INFO - [2023-11-28T01:18:59.381+0000] {dag.py:2941} INFO - Sync 1 DAGs
[2023-11-28T01:18:59.401+0000] {logging_mixin.py:154} INFO - [2023-11-28T01:18:59.401+0000] {dag.py:3722} INFO - Setting next_dagrun for example_short_circuit_decorator to 2023-11-27T01:18:59.401388+00:00, run_after=2023-11-28T01:18:59.401388+00:00
[2023-11-28T01:18:59.425+0000] {processor.py:179} INFO - Processing /usr/local/lib/python3.10/dist-packages/airflow/example_dags/example_short_circuit_decorator.py took 0.080 seconds
[2023-11-28T01:19:43.975+0000] {processor.py:157} INFO - Started process (PID=7034) to work on /usr/local/lib/python3.10/dist-packages/airflow/example_dags/example_short_circuit_decorator.py
[2023-11-28T01:19:43.976+0000] {processor.py:829} INFO - Processing file /usr/local/lib/python3.10/dist-packages/airflow/example_dags/example_short_circuit_decorator.py for tasks to queue
[2023-11-28T01:19:43.977+0000] {logging_mixin.py:154} INFO - [2023-11-28T01:19:43.977+0000] {dagbag.py:536} INFO - Filling up the DagBag from /usr/local/lib/python3.10/dist-packages/airflow/example_dags/example_short_circuit_decorator.py
[2023-11-28T01:19:43.988+0000] {processor.py:839} INFO - DAG(s) dict_keys(['example_short_circuit_decorator']) retrieved from /usr/local/lib/python3.10/dist-packages/airflow/example_dags/example_short_circuit_decorator.py
[2023-11-28T01:19:44.008+0000] {logging_mixin.py:154} INFO - [2023-11-28T01:19:44.008+0000] {dag.py:2941} INFO - Sync 1 DAGs
[2023-11-28T01:19:44.029+0000] {logging_mixin.py:154} INFO - [2023-11-28T01:19:44.029+0000] {dag.py:3722} INFO - Setting next_dagrun for example_short_circuit_decorator to 2023-11-27T01:19:44.028838+00:00, run_after=2023-11-28T01:19:44.028838+00:00
[2023-11-28T01:19:44.052+0000] {processor.py:179} INFO - Processing /usr/local/lib/python3.10/dist-packages/airflow/example_dags/example_short_circuit_decorator.py took 0.081 seconds
