[2023-11-28T00:44:41.114+0000] {processor.py:157} INFO - Started process (PID=3421) to work on /usr/local/lib/python3.10/dist-packages/airflow/example_dags/example_python_operator.py
[2023-11-28T00:44:41.115+0000] {processor.py:829} INFO - Processing file /usr/local/lib/python3.10/dist-packages/airflow/example_dags/example_python_operator.py for tasks to queue
[2023-11-28T00:44:41.116+0000] {logging_mixin.py:154} INFO - [2023-11-28T00:44:41.116+0000] {dagbag.py:536} INFO - Filling up the DagBag from /usr/local/lib/python3.10/dist-packages/airflow/example_dags/example_python_operator.py
[2023-11-28T00:44:41.126+0000] {logging_mixin.py:154} INFO - [2023-11-28T00:44:41.126+0000] {example_python_operator.py:86} WARNING - The virtalenv_python example task requires virtualenv, please install it.
[2023-11-28T00:44:41.127+0000] {processor.py:839} INFO - DAG(s) dict_keys(['example_python_operator']) retrieved from /usr/local/lib/python3.10/dist-packages/airflow/example_dags/example_python_operator.py
[2023-11-28T00:44:41.243+0000] {logging_mixin.py:154} INFO - [2023-11-28T00:44:41.243+0000] {manager.py:499} INFO - Created Permission View: %s
[2023-11-28T00:44:41.258+0000] {logging_mixin.py:154} INFO - [2023-11-28T00:44:41.257+0000] {manager.py:499} INFO - Created Permission View: %s
[2023-11-28T00:44:41.268+0000] {logging_mixin.py:154} INFO - [2023-11-28T00:44:41.267+0000] {manager.py:499} INFO - Created Permission View: %s
[2023-11-28T00:44:41.268+0000] {logging_mixin.py:154} INFO - [2023-11-28T00:44:41.268+0000] {dag.py:2941} INFO - Sync 1 DAGs
[2023-11-28T00:44:41.279+0000] {logging_mixin.py:154} INFO - [2023-11-28T00:44:41.279+0000] {dag.py:2963} INFO - Creating ORM DAG for example_python_operator
[2023-11-28T00:44:41.280+0000] {logging_mixin.py:154} INFO - [2023-11-28T00:44:41.280+0000] {dag.py:3722} INFO - Setting next_dagrun for example_python_operator to None, run_after=None
[2023-11-28T00:44:41.302+0000] {processor.py:179} INFO - Processing /usr/local/lib/python3.10/dist-packages/airflow/example_dags/example_python_operator.py took 0.192 seconds
[2023-11-28T00:45:32.912+0000] {processor.py:157} INFO - Started process (PID=3559) to work on /usr/local/lib/python3.10/dist-packages/airflow/example_dags/example_python_operator.py
[2023-11-28T00:45:32.913+0000] {processor.py:829} INFO - Processing file /usr/local/lib/python3.10/dist-packages/airflow/example_dags/example_python_operator.py for tasks to queue
[2023-11-28T00:45:32.914+0000] {logging_mixin.py:154} INFO - [2023-11-28T00:45:32.914+0000] {dagbag.py:536} INFO - Filling up the DagBag from /usr/local/lib/python3.10/dist-packages/airflow/example_dags/example_python_operator.py
[2023-11-28T00:45:32.924+0000] {logging_mixin.py:154} INFO - [2023-11-28T00:45:32.924+0000] {example_python_operator.py:86} WARNING - The virtalenv_python example task requires virtualenv, please install it.
[2023-11-28T00:45:32.925+0000] {processor.py:839} INFO - DAG(s) dict_keys(['example_python_operator']) retrieved from /usr/local/lib/python3.10/dist-packages/airflow/example_dags/example_python_operator.py
[2023-11-28T00:45:32.944+0000] {logging_mixin.py:154} INFO - [2023-11-28T00:45:32.944+0000] {dag.py:2941} INFO - Sync 1 DAGs
[2023-11-28T00:45:32.956+0000] {logging_mixin.py:154} INFO - [2023-11-28T00:45:32.956+0000] {dag.py:3722} INFO - Setting next_dagrun for example_python_operator to None, run_after=None
[2023-11-28T00:45:32.979+0000] {processor.py:179} INFO - Processing /usr/local/lib/python3.10/dist-packages/airflow/example_dags/example_python_operator.py took 0.071 seconds
[2023-11-28T00:46:16.393+0000] {processor.py:157} INFO - Started process (PID=3605) to work on /usr/local/lib/python3.10/dist-packages/airflow/example_dags/example_python_operator.py
[2023-11-28T00:46:16.394+0000] {processor.py:829} INFO - Processing file /usr/local/lib/python3.10/dist-packages/airflow/example_dags/example_python_operator.py for tasks to queue
[2023-11-28T00:46:16.395+0000] {logging_mixin.py:154} INFO - [2023-11-28T00:46:16.395+0000] {dagbag.py:536} INFO - Filling up the DagBag from /usr/local/lib/python3.10/dist-packages/airflow/example_dags/example_python_operator.py
[2023-11-28T00:46:16.405+0000] {logging_mixin.py:154} INFO - [2023-11-28T00:46:16.405+0000] {example_python_operator.py:86} WARNING - The virtalenv_python example task requires virtualenv, please install it.
[2023-11-28T00:46:16.406+0000] {processor.py:839} INFO - DAG(s) dict_keys(['example_python_operator']) retrieved from /usr/local/lib/python3.10/dist-packages/airflow/example_dags/example_python_operator.py
[2023-11-28T00:46:16.424+0000] {logging_mixin.py:154} INFO - [2023-11-28T00:46:16.424+0000] {dag.py:2941} INFO - Sync 1 DAGs
[2023-11-28T00:46:16.436+0000] {logging_mixin.py:154} INFO - [2023-11-28T00:46:16.436+0000] {dag.py:3722} INFO - Setting next_dagrun for example_python_operator to None, run_after=None
[2023-11-28T00:46:16.458+0000] {processor.py:179} INFO - Processing /usr/local/lib/python3.10/dist-packages/airflow/example_dags/example_python_operator.py took 0.069 seconds
[2023-11-28T00:47:01.818+0000] {processor.py:157} INFO - Started process (PID=3654) to work on /usr/local/lib/python3.10/dist-packages/airflow/example_dags/example_python_operator.py
[2023-11-28T00:47:01.820+0000] {processor.py:829} INFO - Processing file /usr/local/lib/python3.10/dist-packages/airflow/example_dags/example_python_operator.py for tasks to queue
[2023-11-28T00:47:01.821+0000] {logging_mixin.py:154} INFO - [2023-11-28T00:47:01.820+0000] {dagbag.py:536} INFO - Filling up the DagBag from /usr/local/lib/python3.10/dist-packages/airflow/example_dags/example_python_operator.py
[2023-11-28T00:47:01.831+0000] {logging_mixin.py:154} INFO - [2023-11-28T00:47:01.831+0000] {example_python_operator.py:86} WARNING - The virtalenv_python example task requires virtualenv, please install it.
[2023-11-28T00:47:01.832+0000] {processor.py:839} INFO - DAG(s) dict_keys(['example_python_operator']) retrieved from /usr/local/lib/python3.10/dist-packages/airflow/example_dags/example_python_operator.py
[2023-11-28T00:47:01.851+0000] {logging_mixin.py:154} INFO - [2023-11-28T00:47:01.850+0000] {dag.py:2941} INFO - Sync 1 DAGs
[2023-11-28T00:47:01.864+0000] {logging_mixin.py:154} INFO - [2023-11-28T00:47:01.864+0000] {dag.py:3722} INFO - Setting next_dagrun for example_python_operator to None, run_after=None
[2023-11-28T00:47:01.890+0000] {processor.py:179} INFO - Processing /usr/local/lib/python3.10/dist-packages/airflow/example_dags/example_python_operator.py took 0.076 seconds
[2023-11-28T00:47:46.603+0000] {processor.py:157} INFO - Started process (PID=3702) to work on /usr/local/lib/python3.10/dist-packages/airflow/example_dags/example_python_operator.py
[2023-11-28T00:47:46.604+0000] {processor.py:829} INFO - Processing file /usr/local/lib/python3.10/dist-packages/airflow/example_dags/example_python_operator.py for tasks to queue
[2023-11-28T00:47:46.605+0000] {logging_mixin.py:154} INFO - [2023-11-28T00:47:46.605+0000] {dagbag.py:536} INFO - Filling up the DagBag from /usr/local/lib/python3.10/dist-packages/airflow/example_dags/example_python_operator.py
[2023-11-28T00:47:46.615+0000] {logging_mixin.py:154} INFO - [2023-11-28T00:47:46.615+0000] {example_python_operator.py:86} WARNING - The virtalenv_python example task requires virtualenv, please install it.
[2023-11-28T00:47:46.616+0000] {processor.py:839} INFO - DAG(s) dict_keys(['example_python_operator']) retrieved from /usr/local/lib/python3.10/dist-packages/airflow/example_dags/example_python_operator.py
[2023-11-28T00:47:46.634+0000] {logging_mixin.py:154} INFO - [2023-11-28T00:47:46.634+0000] {dag.py:2941} INFO - Sync 1 DAGs
[2023-11-28T00:47:46.647+0000] {logging_mixin.py:154} INFO - [2023-11-28T00:47:46.647+0000] {dag.py:3722} INFO - Setting next_dagrun for example_python_operator to None, run_after=None
[2023-11-28T00:47:46.671+0000] {processor.py:179} INFO - Processing /usr/local/lib/python3.10/dist-packages/airflow/example_dags/example_python_operator.py took 0.072 seconds
[2023-11-28T00:48:26.542+0000] {processor.py:157} INFO - Started process (PID=3743) to work on /usr/local/lib/python3.10/dist-packages/airflow/example_dags/example_python_operator.py
[2023-11-28T00:48:26.543+0000] {processor.py:829} INFO - Processing file /usr/local/lib/python3.10/dist-packages/airflow/example_dags/example_python_operator.py for tasks to queue
[2023-11-28T00:48:26.544+0000] {logging_mixin.py:154} INFO - [2023-11-28T00:48:26.544+0000] {dagbag.py:536} INFO - Filling up the DagBag from /usr/local/lib/python3.10/dist-packages/airflow/example_dags/example_python_operator.py
[2023-11-28T00:48:26.554+0000] {logging_mixin.py:154} INFO - [2023-11-28T00:48:26.554+0000] {example_python_operator.py:86} WARNING - The virtalenv_python example task requires virtualenv, please install it.
[2023-11-28T00:48:26.555+0000] {processor.py:839} INFO - DAG(s) dict_keys(['example_python_operator']) retrieved from /usr/local/lib/python3.10/dist-packages/airflow/example_dags/example_python_operator.py
[2023-11-28T00:48:26.573+0000] {logging_mixin.py:154} INFO - [2023-11-28T00:48:26.573+0000] {dag.py:2941} INFO - Sync 1 DAGs
[2023-11-28T00:48:26.586+0000] {logging_mixin.py:154} INFO - [2023-11-28T00:48:26.585+0000] {dag.py:3722} INFO - Setting next_dagrun for example_python_operator to None, run_after=None
[2023-11-28T00:48:26.608+0000] {processor.py:179} INFO - Processing /usr/local/lib/python3.10/dist-packages/airflow/example_dags/example_python_operator.py took 0.069 seconds
[2023-11-28T00:49:11.708+0000] {processor.py:157} INFO - Started process (PID=3790) to work on /usr/local/lib/python3.10/dist-packages/airflow/example_dags/example_python_operator.py
[2023-11-28T00:49:11.710+0000] {processor.py:829} INFO - Processing file /usr/local/lib/python3.10/dist-packages/airflow/example_dags/example_python_operator.py for tasks to queue
[2023-11-28T00:49:11.711+0000] {logging_mixin.py:154} INFO - [2023-11-28T00:49:11.710+0000] {dagbag.py:536} INFO - Filling up the DagBag from /usr/local/lib/python3.10/dist-packages/airflow/example_dags/example_python_operator.py
[2023-11-28T00:49:11.721+0000] {logging_mixin.py:154} INFO - [2023-11-28T00:49:11.720+0000] {example_python_operator.py:86} WARNING - The virtalenv_python example task requires virtualenv, please install it.
[2023-11-28T00:49:11.721+0000] {processor.py:839} INFO - DAG(s) dict_keys(['example_python_operator']) retrieved from /usr/local/lib/python3.10/dist-packages/airflow/example_dags/example_python_operator.py
[2023-11-28T00:49:11.740+0000] {logging_mixin.py:154} INFO - [2023-11-28T00:49:11.740+0000] {dag.py:2941} INFO - Sync 1 DAGs
[2023-11-28T00:49:11.753+0000] {logging_mixin.py:154} INFO - [2023-11-28T00:49:11.752+0000] {dag.py:3722} INFO - Setting next_dagrun for example_python_operator to None, run_after=None
[2023-11-28T00:49:11.778+0000] {processor.py:179} INFO - Processing /usr/local/lib/python3.10/dist-packages/airflow/example_dags/example_python_operator.py took 0.073 seconds
[2023-11-28T00:49:55.400+0000] {processor.py:157} INFO - Started process (PID=3836) to work on /usr/local/lib/python3.10/dist-packages/airflow/example_dags/example_python_operator.py
[2023-11-28T00:49:55.402+0000] {processor.py:829} INFO - Processing file /usr/local/lib/python3.10/dist-packages/airflow/example_dags/example_python_operator.py for tasks to queue
[2023-11-28T00:49:55.403+0000] {logging_mixin.py:154} INFO - [2023-11-28T00:49:55.402+0000] {dagbag.py:536} INFO - Filling up the DagBag from /usr/local/lib/python3.10/dist-packages/airflow/example_dags/example_python_operator.py
[2023-11-28T00:49:55.413+0000] {logging_mixin.py:154} INFO - [2023-11-28T00:49:55.412+0000] {example_python_operator.py:86} WARNING - The virtalenv_python example task requires virtualenv, please install it.
[2023-11-28T00:49:55.413+0000] {processor.py:839} INFO - DAG(s) dict_keys(['example_python_operator']) retrieved from /usr/local/lib/python3.10/dist-packages/airflow/example_dags/example_python_operator.py
[2023-11-28T00:49:55.432+0000] {logging_mixin.py:154} INFO - [2023-11-28T00:49:55.432+0000] {dag.py:2941} INFO - Sync 1 DAGs
[2023-11-28T00:49:55.445+0000] {logging_mixin.py:154} INFO - [2023-11-28T00:49:55.445+0000] {dag.py:3722} INFO - Setting next_dagrun for example_python_operator to None, run_after=None
[2023-11-28T00:49:55.468+0000] {processor.py:179} INFO - Processing /usr/local/lib/python3.10/dist-packages/airflow/example_dags/example_python_operator.py took 0.072 seconds
[2023-11-28T00:50:41.846+0000] {processor.py:157} INFO - Started process (PID=3884) to work on /usr/local/lib/python3.10/dist-packages/airflow/example_dags/example_python_operator.py
[2023-11-28T00:50:41.847+0000] {processor.py:829} INFO - Processing file /usr/local/lib/python3.10/dist-packages/airflow/example_dags/example_python_operator.py for tasks to queue
[2023-11-28T00:50:41.848+0000] {logging_mixin.py:154} INFO - [2023-11-28T00:50:41.848+0000] {dagbag.py:536} INFO - Filling up the DagBag from /usr/local/lib/python3.10/dist-packages/airflow/example_dags/example_python_operator.py
[2023-11-28T00:50:41.858+0000] {logging_mixin.py:154} INFO - [2023-11-28T00:50:41.858+0000] {example_python_operator.py:86} WARNING - The virtalenv_python example task requires virtualenv, please install it.
[2023-11-28T00:50:41.859+0000] {processor.py:839} INFO - DAG(s) dict_keys(['example_python_operator']) retrieved from /usr/local/lib/python3.10/dist-packages/airflow/example_dags/example_python_operator.py
[2023-11-28T00:50:41.878+0000] {logging_mixin.py:154} INFO - [2023-11-28T00:50:41.877+0000] {dag.py:2941} INFO - Sync 1 DAGs
[2023-11-28T00:50:41.890+0000] {logging_mixin.py:154} INFO - [2023-11-28T00:50:41.890+0000] {dag.py:3722} INFO - Setting next_dagrun for example_python_operator to None, run_after=None
[2023-11-28T00:50:41.914+0000] {processor.py:179} INFO - Processing /usr/local/lib/python3.10/dist-packages/airflow/example_dags/example_python_operator.py took 0.072 seconds
[2023-11-28T00:51:28.266+0000] {processor.py:157} INFO - Started process (PID=3932) to work on /usr/local/lib/python3.10/dist-packages/airflow/example_dags/example_python_operator.py
[2023-11-28T00:51:28.267+0000] {processor.py:829} INFO - Processing file /usr/local/lib/python3.10/dist-packages/airflow/example_dags/example_python_operator.py for tasks to queue
[2023-11-28T00:51:28.268+0000] {logging_mixin.py:154} INFO - [2023-11-28T00:51:28.267+0000] {dagbag.py:536} INFO - Filling up the DagBag from /usr/local/lib/python3.10/dist-packages/airflow/example_dags/example_python_operator.py
[2023-11-28T00:51:28.277+0000] {logging_mixin.py:154} INFO - [2023-11-28T00:51:28.277+0000] {example_python_operator.py:86} WARNING - The virtalenv_python example task requires virtualenv, please install it.
[2023-11-28T00:51:28.278+0000] {processor.py:839} INFO - DAG(s) dict_keys(['example_python_operator']) retrieved from /usr/local/lib/python3.10/dist-packages/airflow/example_dags/example_python_operator.py
[2023-11-28T00:51:28.295+0000] {logging_mixin.py:154} INFO - [2023-11-28T00:51:28.295+0000] {dag.py:2941} INFO - Sync 1 DAGs
[2023-11-28T00:51:28.307+0000] {logging_mixin.py:154} INFO - [2023-11-28T00:51:28.307+0000] {dag.py:3722} INFO - Setting next_dagrun for example_python_operator to None, run_after=None
[2023-11-28T00:51:28.330+0000] {processor.py:179} INFO - Processing /usr/local/lib/python3.10/dist-packages/airflow/example_dags/example_python_operator.py took 0.068 seconds
[2023-11-28T00:52:15.299+0000] {processor.py:157} INFO - Started process (PID=4084) to work on /usr/local/lib/python3.10/dist-packages/airflow/example_dags/example_python_operator.py
[2023-11-28T00:52:15.300+0000] {processor.py:829} INFO - Processing file /usr/local/lib/python3.10/dist-packages/airflow/example_dags/example_python_operator.py for tasks to queue
[2023-11-28T00:52:15.301+0000] {logging_mixin.py:154} INFO - [2023-11-28T00:52:15.300+0000] {dagbag.py:536} INFO - Filling up the DagBag from /usr/local/lib/python3.10/dist-packages/airflow/example_dags/example_python_operator.py
[2023-11-28T00:52:15.311+0000] {logging_mixin.py:154} INFO - [2023-11-28T00:52:15.310+0000] {example_python_operator.py:86} WARNING - The virtalenv_python example task requires virtualenv, please install it.
[2023-11-28T00:52:15.311+0000] {processor.py:839} INFO - DAG(s) dict_keys(['example_python_operator']) retrieved from /usr/local/lib/python3.10/dist-packages/airflow/example_dags/example_python_operator.py
[2023-11-28T00:52:15.330+0000] {logging_mixin.py:154} INFO - [2023-11-28T00:52:15.329+0000] {dag.py:2941} INFO - Sync 1 DAGs
[2023-11-28T00:52:15.342+0000] {logging_mixin.py:154} INFO - [2023-11-28T00:52:15.342+0000] {dag.py:3722} INFO - Setting next_dagrun for example_python_operator to None, run_after=None
[2023-11-28T00:52:15.373+0000] {processor.py:179} INFO - Processing /usr/local/lib/python3.10/dist-packages/airflow/example_dags/example_python_operator.py took 0.078 seconds
[2023-11-28T00:53:02.418+0000] {processor.py:157} INFO - Started process (PID=4412) to work on /usr/local/lib/python3.10/dist-packages/airflow/example_dags/example_python_operator.py
[2023-11-28T00:53:02.420+0000] {processor.py:829} INFO - Processing file /usr/local/lib/python3.10/dist-packages/airflow/example_dags/example_python_operator.py for tasks to queue
[2023-11-28T00:53:02.421+0000] {logging_mixin.py:154} INFO - [2023-11-28T00:53:02.420+0000] {dagbag.py:536} INFO - Filling up the DagBag from /usr/local/lib/python3.10/dist-packages/airflow/example_dags/example_python_operator.py
[2023-11-28T00:53:02.431+0000] {logging_mixin.py:154} INFO - [2023-11-28T00:53:02.430+0000] {example_python_operator.py:86} WARNING - The virtalenv_python example task requires virtualenv, please install it.
[2023-11-28T00:53:02.431+0000] {processor.py:839} INFO - DAG(s) dict_keys(['example_python_operator']) retrieved from /usr/local/lib/python3.10/dist-packages/airflow/example_dags/example_python_operator.py
[2023-11-28T00:53:02.451+0000] {logging_mixin.py:154} INFO - [2023-11-28T00:53:02.450+0000] {dag.py:2941} INFO - Sync 1 DAGs
[2023-11-28T00:53:02.464+0000] {logging_mixin.py:154} INFO - [2023-11-28T00:53:02.463+0000] {dag.py:3722} INFO - Setting next_dagrun for example_python_operator to None, run_after=None
[2023-11-28T00:53:02.488+0000] {processor.py:179} INFO - Processing /usr/local/lib/python3.10/dist-packages/airflow/example_dags/example_python_operator.py took 0.073 seconds
[2023-11-28T00:53:47.726+0000] {processor.py:157} INFO - Started process (PID=4681) to work on /usr/local/lib/python3.10/dist-packages/airflow/example_dags/example_python_operator.py
[2023-11-28T00:53:47.727+0000] {processor.py:829} INFO - Processing file /usr/local/lib/python3.10/dist-packages/airflow/example_dags/example_python_operator.py for tasks to queue
[2023-11-28T00:53:47.728+0000] {logging_mixin.py:154} INFO - [2023-11-28T00:53:47.728+0000] {dagbag.py:536} INFO - Filling up the DagBag from /usr/local/lib/python3.10/dist-packages/airflow/example_dags/example_python_operator.py
[2023-11-28T00:53:47.737+0000] {logging_mixin.py:154} INFO - [2023-11-28T00:53:47.737+0000] {example_python_operator.py:86} WARNING - The virtalenv_python example task requires virtualenv, please install it.
[2023-11-28T00:53:47.738+0000] {processor.py:839} INFO - DAG(s) dict_keys(['example_python_operator']) retrieved from /usr/local/lib/python3.10/dist-packages/airflow/example_dags/example_python_operator.py
[2023-11-28T00:53:47.756+0000] {logging_mixin.py:154} INFO - [2023-11-28T00:53:47.756+0000] {dag.py:2941} INFO - Sync 1 DAGs
[2023-11-28T00:53:47.768+0000] {logging_mixin.py:154} INFO - [2023-11-28T00:53:47.768+0000] {dag.py:3722} INFO - Setting next_dagrun for example_python_operator to None, run_after=None
[2023-11-28T00:53:47.791+0000] {processor.py:179} INFO - Processing /usr/local/lib/python3.10/dist-packages/airflow/example_dags/example_python_operator.py took 0.068 seconds
[2023-11-28T00:54:31.453+0000] {processor.py:157} INFO - Started process (PID=4899) to work on /usr/local/lib/python3.10/dist-packages/airflow/example_dags/example_python_operator.py
[2023-11-28T00:54:31.454+0000] {processor.py:829} INFO - Processing file /usr/local/lib/python3.10/dist-packages/airflow/example_dags/example_python_operator.py for tasks to queue
[2023-11-28T00:54:31.455+0000] {logging_mixin.py:154} INFO - [2023-11-28T00:54:31.454+0000] {dagbag.py:536} INFO - Filling up the DagBag from /usr/local/lib/python3.10/dist-packages/airflow/example_dags/example_python_operator.py
[2023-11-28T00:54:31.464+0000] {logging_mixin.py:154} INFO - [2023-11-28T00:54:31.464+0000] {example_python_operator.py:86} WARNING - The virtalenv_python example task requires virtualenv, please install it.
[2023-11-28T00:54:31.465+0000] {processor.py:839} INFO - DAG(s) dict_keys(['example_python_operator']) retrieved from /usr/local/lib/python3.10/dist-packages/airflow/example_dags/example_python_operator.py
[2023-11-28T00:54:31.483+0000] {logging_mixin.py:154} INFO - [2023-11-28T00:54:31.482+0000] {dag.py:2941} INFO - Sync 1 DAGs
[2023-11-28T00:54:31.495+0000] {logging_mixin.py:154} INFO - [2023-11-28T00:54:31.494+0000] {dag.py:3722} INFO - Setting next_dagrun for example_python_operator to None, run_after=None
[2023-11-28T00:54:31.517+0000] {processor.py:179} INFO - Processing /usr/local/lib/python3.10/dist-packages/airflow/example_dags/example_python_operator.py took 0.068 seconds
[2023-11-28T00:55:13.752+0000] {processor.py:157} INFO - Started process (PID=4943) to work on /usr/local/lib/python3.10/dist-packages/airflow/example_dags/example_python_operator.py
[2023-11-28T00:55:13.753+0000] {processor.py:829} INFO - Processing file /usr/local/lib/python3.10/dist-packages/airflow/example_dags/example_python_operator.py for tasks to queue
[2023-11-28T00:55:13.754+0000] {logging_mixin.py:154} INFO - [2023-11-28T00:55:13.754+0000] {dagbag.py:536} INFO - Filling up the DagBag from /usr/local/lib/python3.10/dist-packages/airflow/example_dags/example_python_operator.py
[2023-11-28T00:55:13.764+0000] {logging_mixin.py:154} INFO - [2023-11-28T00:55:13.764+0000] {example_python_operator.py:86} WARNING - The virtalenv_python example task requires virtualenv, please install it.
[2023-11-28T00:55:13.765+0000] {processor.py:839} INFO - DAG(s) dict_keys(['example_python_operator']) retrieved from /usr/local/lib/python3.10/dist-packages/airflow/example_dags/example_python_operator.py
[2023-11-28T00:55:13.784+0000] {logging_mixin.py:154} INFO - [2023-11-28T00:55:13.783+0000] {dag.py:2941} INFO - Sync 1 DAGs
[2023-11-28T00:55:13.797+0000] {logging_mixin.py:154} INFO - [2023-11-28T00:55:13.796+0000] {dag.py:3722} INFO - Setting next_dagrun for example_python_operator to None, run_after=None
[2023-11-28T00:55:13.819+0000] {processor.py:179} INFO - Processing /usr/local/lib/python3.10/dist-packages/airflow/example_dags/example_python_operator.py took 0.071 seconds
[2023-11-28T00:56:01.719+0000] {processor.py:157} INFO - Started process (PID=5249) to work on /usr/local/lib/python3.10/dist-packages/airflow/example_dags/example_python_operator.py
[2023-11-28T00:56:01.720+0000] {processor.py:829} INFO - Processing file /usr/local/lib/python3.10/dist-packages/airflow/example_dags/example_python_operator.py for tasks to queue
[2023-11-28T00:56:01.721+0000] {logging_mixin.py:154} INFO - [2023-11-28T00:56:01.721+0000] {dagbag.py:536} INFO - Filling up the DagBag from /usr/local/lib/python3.10/dist-packages/airflow/example_dags/example_python_operator.py
[2023-11-28T00:56:01.731+0000] {logging_mixin.py:154} INFO - [2023-11-28T00:56:01.731+0000] {example_python_operator.py:86} WARNING - The virtalenv_python example task requires virtualenv, please install it.
[2023-11-28T00:56:01.731+0000] {processor.py:839} INFO - DAG(s) dict_keys(['example_python_operator']) retrieved from /usr/local/lib/python3.10/dist-packages/airflow/example_dags/example_python_operator.py
[2023-11-28T00:56:01.750+0000] {logging_mixin.py:154} INFO - [2023-11-28T00:56:01.750+0000] {dag.py:2941} INFO - Sync 1 DAGs
[2023-11-28T00:56:01.765+0000] {logging_mixin.py:154} INFO - [2023-11-28T00:56:01.764+0000] {dag.py:3722} INFO - Setting next_dagrun for example_python_operator to None, run_after=None
[2023-11-28T00:56:01.787+0000] {processor.py:179} INFO - Processing /usr/local/lib/python3.10/dist-packages/airflow/example_dags/example_python_operator.py took 0.073 seconds
[2023-11-28T00:56:47.969+0000] {processor.py:157} INFO - Started process (PID=5359) to work on /usr/local/lib/python3.10/dist-packages/airflow/example_dags/example_python_operator.py
[2023-11-28T00:56:47.971+0000] {processor.py:829} INFO - Processing file /usr/local/lib/python3.10/dist-packages/airflow/example_dags/example_python_operator.py for tasks to queue
[2023-11-28T00:56:47.971+0000] {logging_mixin.py:154} INFO - [2023-11-28T00:56:47.971+0000] {dagbag.py:536} INFO - Filling up the DagBag from /usr/local/lib/python3.10/dist-packages/airflow/example_dags/example_python_operator.py
[2023-11-28T00:56:47.981+0000] {logging_mixin.py:154} INFO - [2023-11-28T00:56:47.981+0000] {example_python_operator.py:86} WARNING - The virtalenv_python example task requires virtualenv, please install it.
[2023-11-28T00:56:47.982+0000] {processor.py:839} INFO - DAG(s) dict_keys(['example_python_operator']) retrieved from /usr/local/lib/python3.10/dist-packages/airflow/example_dags/example_python_operator.py
[2023-11-28T00:56:48.000+0000] {logging_mixin.py:154} INFO - [2023-11-28T00:56:47.999+0000] {dag.py:2941} INFO - Sync 1 DAGs
[2023-11-28T00:56:48.012+0000] {logging_mixin.py:154} INFO - [2023-11-28T00:56:48.012+0000] {dag.py:3722} INFO - Setting next_dagrun for example_python_operator to None, run_after=None
[2023-11-28T00:56:48.035+0000] {processor.py:179} INFO - Processing /usr/local/lib/python3.10/dist-packages/airflow/example_dags/example_python_operator.py took 0.070 seconds
[2023-11-28T00:57:35.570+0000] {processor.py:157} INFO - Started process (PID=5409) to work on /usr/local/lib/python3.10/dist-packages/airflow/example_dags/example_python_operator.py
[2023-11-28T00:57:35.572+0000] {processor.py:829} INFO - Processing file /usr/local/lib/python3.10/dist-packages/airflow/example_dags/example_python_operator.py for tasks to queue
[2023-11-28T00:57:35.573+0000] {logging_mixin.py:154} INFO - [2023-11-28T00:57:35.572+0000] {dagbag.py:536} INFO - Filling up the DagBag from /usr/local/lib/python3.10/dist-packages/airflow/example_dags/example_python_operator.py
[2023-11-28T00:57:35.582+0000] {logging_mixin.py:154} INFO - [2023-11-28T00:57:35.582+0000] {example_python_operator.py:86} WARNING - The virtalenv_python example task requires virtualenv, please install it.
[2023-11-28T00:57:35.583+0000] {processor.py:839} INFO - DAG(s) dict_keys(['example_python_operator']) retrieved from /usr/local/lib/python3.10/dist-packages/airflow/example_dags/example_python_operator.py
[2023-11-28T00:57:35.601+0000] {logging_mixin.py:154} INFO - [2023-11-28T00:57:35.601+0000] {dag.py:2941} INFO - Sync 1 DAGs
[2023-11-28T00:57:35.613+0000] {logging_mixin.py:154} INFO - [2023-11-28T00:57:35.613+0000] {dag.py:3722} INFO - Setting next_dagrun for example_python_operator to None, run_after=None
[2023-11-28T00:57:35.635+0000] {processor.py:179} INFO - Processing /usr/local/lib/python3.10/dist-packages/airflow/example_dags/example_python_operator.py took 0.068 seconds
[2023-11-28T00:58:21.994+0000] {processor.py:157} INFO - Started process (PID=5457) to work on /usr/local/lib/python3.10/dist-packages/airflow/example_dags/example_python_operator.py
[2023-11-28T00:58:21.995+0000] {processor.py:829} INFO - Processing file /usr/local/lib/python3.10/dist-packages/airflow/example_dags/example_python_operator.py for tasks to queue
[2023-11-28T00:58:21.996+0000] {logging_mixin.py:154} INFO - [2023-11-28T00:58:21.996+0000] {dagbag.py:536} INFO - Filling up the DagBag from /usr/local/lib/python3.10/dist-packages/airflow/example_dags/example_python_operator.py
[2023-11-28T00:58:22.007+0000] {logging_mixin.py:154} INFO - [2023-11-28T00:58:22.006+0000] {example_python_operator.py:86} WARNING - The virtalenv_python example task requires virtualenv, please install it.
[2023-11-28T00:58:22.007+0000] {processor.py:839} INFO - DAG(s) dict_keys(['example_python_operator']) retrieved from /usr/local/lib/python3.10/dist-packages/airflow/example_dags/example_python_operator.py
[2023-11-28T00:58:22.026+0000] {logging_mixin.py:154} INFO - [2023-11-28T00:58:22.026+0000] {dag.py:2941} INFO - Sync 1 DAGs
[2023-11-28T00:58:22.039+0000] {logging_mixin.py:154} INFO - [2023-11-28T00:58:22.039+0000] {dag.py:3722} INFO - Setting next_dagrun for example_python_operator to None, run_after=None
[2023-11-28T00:58:22.062+0000] {processor.py:179} INFO - Processing /usr/local/lib/python3.10/dist-packages/airflow/example_dags/example_python_operator.py took 0.072 seconds
[2023-11-28T00:59:08.935+0000] {processor.py:157} INFO - Started process (PID=5505) to work on /usr/local/lib/python3.10/dist-packages/airflow/example_dags/example_python_operator.py
[2023-11-28T00:59:08.936+0000] {processor.py:829} INFO - Processing file /usr/local/lib/python3.10/dist-packages/airflow/example_dags/example_python_operator.py for tasks to queue
[2023-11-28T00:59:08.937+0000] {logging_mixin.py:154} INFO - [2023-11-28T00:59:08.937+0000] {dagbag.py:536} INFO - Filling up the DagBag from /usr/local/lib/python3.10/dist-packages/airflow/example_dags/example_python_operator.py
[2023-11-28T00:59:08.947+0000] {logging_mixin.py:154} INFO - [2023-11-28T00:59:08.947+0000] {example_python_operator.py:86} WARNING - The virtalenv_python example task requires virtualenv, please install it.
[2023-11-28T00:59:08.948+0000] {processor.py:839} INFO - DAG(s) dict_keys(['example_python_operator']) retrieved from /usr/local/lib/python3.10/dist-packages/airflow/example_dags/example_python_operator.py
[2023-11-28T00:59:08.966+0000] {logging_mixin.py:154} INFO - [2023-11-28T00:59:08.966+0000] {dag.py:2941} INFO - Sync 1 DAGs
[2023-11-28T00:59:08.979+0000] {logging_mixin.py:154} INFO - [2023-11-28T00:59:08.978+0000] {dag.py:3722} INFO - Setting next_dagrun for example_python_operator to None, run_after=None
[2023-11-28T00:59:09.001+0000] {processor.py:179} INFO - Processing /usr/local/lib/python3.10/dist-packages/airflow/example_dags/example_python_operator.py took 0.070 seconds
[2023-11-28T00:59:53.277+0000] {processor.py:157} INFO - Started process (PID=5551) to work on /usr/local/lib/python3.10/dist-packages/airflow/example_dags/example_python_operator.py
[2023-11-28T00:59:53.278+0000] {processor.py:829} INFO - Processing file /usr/local/lib/python3.10/dist-packages/airflow/example_dags/example_python_operator.py for tasks to queue
[2023-11-28T00:59:53.279+0000] {logging_mixin.py:154} INFO - [2023-11-28T00:59:53.279+0000] {dagbag.py:536} INFO - Filling up the DagBag from /usr/local/lib/python3.10/dist-packages/airflow/example_dags/example_python_operator.py
[2023-11-28T00:59:53.289+0000] {logging_mixin.py:154} INFO - [2023-11-28T00:59:53.289+0000] {example_python_operator.py:86} WARNING - The virtalenv_python example task requires virtualenv, please install it.
[2023-11-28T00:59:53.289+0000] {processor.py:839} INFO - DAG(s) dict_keys(['example_python_operator']) retrieved from /usr/local/lib/python3.10/dist-packages/airflow/example_dags/example_python_operator.py
[2023-11-28T00:59:53.308+0000] {logging_mixin.py:154} INFO - [2023-11-28T00:59:53.307+0000] {dag.py:2941} INFO - Sync 1 DAGs
[2023-11-28T00:59:53.321+0000] {logging_mixin.py:154} INFO - [2023-11-28T00:59:53.321+0000] {dag.py:3722} INFO - Setting next_dagrun for example_python_operator to None, run_after=None
[2023-11-28T00:59:53.344+0000] {processor.py:179} INFO - Processing /usr/local/lib/python3.10/dist-packages/airflow/example_dags/example_python_operator.py took 0.070 seconds
[2023-11-28T01:00:36.210+0000] {processor.py:157} INFO - Started process (PID=5595) to work on /usr/local/lib/python3.10/dist-packages/airflow/example_dags/example_python_operator.py
[2023-11-28T01:00:36.211+0000] {processor.py:829} INFO - Processing file /usr/local/lib/python3.10/dist-packages/airflow/example_dags/example_python_operator.py for tasks to queue
[2023-11-28T01:00:36.212+0000] {logging_mixin.py:154} INFO - [2023-11-28T01:00:36.211+0000] {dagbag.py:536} INFO - Filling up the DagBag from /usr/local/lib/python3.10/dist-packages/airflow/example_dags/example_python_operator.py
[2023-11-28T01:00:36.221+0000] {logging_mixin.py:154} INFO - [2023-11-28T01:00:36.221+0000] {example_python_operator.py:86} WARNING - The virtalenv_python example task requires virtualenv, please install it.
[2023-11-28T01:00:36.222+0000] {processor.py:839} INFO - DAG(s) dict_keys(['example_python_operator']) retrieved from /usr/local/lib/python3.10/dist-packages/airflow/example_dags/example_python_operator.py
[2023-11-28T01:00:36.240+0000] {logging_mixin.py:154} INFO - [2023-11-28T01:00:36.240+0000] {dag.py:2941} INFO - Sync 1 DAGs
[2023-11-28T01:00:36.252+0000] {logging_mixin.py:154} INFO - [2023-11-28T01:00:36.252+0000] {dag.py:3722} INFO - Setting next_dagrun for example_python_operator to None, run_after=None
[2023-11-28T01:00:36.275+0000] {processor.py:179} INFO - Processing /usr/local/lib/python3.10/dist-packages/airflow/example_dags/example_python_operator.py took 0.069 seconds
[2023-11-28T01:01:21.518+0000] {processor.py:157} INFO - Started process (PID=5643) to work on /usr/local/lib/python3.10/dist-packages/airflow/example_dags/example_python_operator.py
[2023-11-28T01:01:21.519+0000] {processor.py:829} INFO - Processing file /usr/local/lib/python3.10/dist-packages/airflow/example_dags/example_python_operator.py for tasks to queue
[2023-11-28T01:01:21.520+0000] {logging_mixin.py:154} INFO - [2023-11-28T01:01:21.520+0000] {dagbag.py:536} INFO - Filling up the DagBag from /usr/local/lib/python3.10/dist-packages/airflow/example_dags/example_python_operator.py
[2023-11-28T01:01:21.530+0000] {logging_mixin.py:154} INFO - [2023-11-28T01:01:21.529+0000] {example_python_operator.py:86} WARNING - The virtalenv_python example task requires virtualenv, please install it.
[2023-11-28T01:01:21.530+0000] {processor.py:839} INFO - DAG(s) dict_keys(['example_python_operator']) retrieved from /usr/local/lib/python3.10/dist-packages/airflow/example_dags/example_python_operator.py
[2023-11-28T01:01:21.548+0000] {logging_mixin.py:154} INFO - [2023-11-28T01:01:21.548+0000] {dag.py:2941} INFO - Sync 1 DAGs
[2023-11-28T01:01:21.561+0000] {logging_mixin.py:154} INFO - [2023-11-28T01:01:21.561+0000] {dag.py:3722} INFO - Setting next_dagrun for example_python_operator to None, run_after=None
[2023-11-28T01:01:21.584+0000] {processor.py:179} INFO - Processing /usr/local/lib/python3.10/dist-packages/airflow/example_dags/example_python_operator.py took 0.069 seconds
[2023-11-28T01:02:06.185+0000] {processor.py:157} INFO - Started process (PID=5689) to work on /usr/local/lib/python3.10/dist-packages/airflow/example_dags/example_python_operator.py
[2023-11-28T01:02:06.186+0000] {processor.py:829} INFO - Processing file /usr/local/lib/python3.10/dist-packages/airflow/example_dags/example_python_operator.py for tasks to queue
[2023-11-28T01:02:06.187+0000] {logging_mixin.py:154} INFO - [2023-11-28T01:02:06.187+0000] {dagbag.py:536} INFO - Filling up the DagBag from /usr/local/lib/python3.10/dist-packages/airflow/example_dags/example_python_operator.py
[2023-11-28T01:02:06.197+0000] {logging_mixin.py:154} INFO - [2023-11-28T01:02:06.197+0000] {example_python_operator.py:86} WARNING - The virtalenv_python example task requires virtualenv, please install it.
[2023-11-28T01:02:06.198+0000] {processor.py:839} INFO - DAG(s) dict_keys(['example_python_operator']) retrieved from /usr/local/lib/python3.10/dist-packages/airflow/example_dags/example_python_operator.py
[2023-11-28T01:02:06.217+0000] {logging_mixin.py:154} INFO - [2023-11-28T01:02:06.216+0000] {dag.py:2941} INFO - Sync 1 DAGs
[2023-11-28T01:02:06.229+0000] {logging_mixin.py:154} INFO - [2023-11-28T01:02:06.229+0000] {dag.py:3722} INFO - Setting next_dagrun for example_python_operator to None, run_after=None
[2023-11-28T01:02:06.253+0000] {processor.py:179} INFO - Processing /usr/local/lib/python3.10/dist-packages/airflow/example_dags/example_python_operator.py took 0.071 seconds
[2023-11-28T01:02:48.805+0000] {processor.py:157} INFO - Started process (PID=5735) to work on /usr/local/lib/python3.10/dist-packages/airflow/example_dags/example_python_operator.py
[2023-11-28T01:02:48.807+0000] {processor.py:829} INFO - Processing file /usr/local/lib/python3.10/dist-packages/airflow/example_dags/example_python_operator.py for tasks to queue
[2023-11-28T01:02:48.808+0000] {logging_mixin.py:154} INFO - [2023-11-28T01:02:48.807+0000] {dagbag.py:536} INFO - Filling up the DagBag from /usr/local/lib/python3.10/dist-packages/airflow/example_dags/example_python_operator.py
[2023-11-28T01:02:48.817+0000] {logging_mixin.py:154} INFO - [2023-11-28T01:02:48.817+0000] {example_python_operator.py:86} WARNING - The virtalenv_python example task requires virtualenv, please install it.
[2023-11-28T01:02:48.818+0000] {processor.py:839} INFO - DAG(s) dict_keys(['example_python_operator']) retrieved from /usr/local/lib/python3.10/dist-packages/airflow/example_dags/example_python_operator.py
[2023-11-28T01:02:48.836+0000] {logging_mixin.py:154} INFO - [2023-11-28T01:02:48.836+0000] {dag.py:2941} INFO - Sync 1 DAGs
[2023-11-28T01:02:48.849+0000] {logging_mixin.py:154} INFO - [2023-11-28T01:02:48.848+0000] {dag.py:3722} INFO - Setting next_dagrun for example_python_operator to None, run_after=None
[2023-11-28T01:02:48.871+0000] {processor.py:179} INFO - Processing /usr/local/lib/python3.10/dist-packages/airflow/example_dags/example_python_operator.py took 0.069 seconds
[2023-11-28T01:03:35.160+0000] {processor.py:157} INFO - Started process (PID=5784) to work on /usr/local/lib/python3.10/dist-packages/airflow/example_dags/example_python_operator.py
[2023-11-28T01:03:35.161+0000] {processor.py:829} INFO - Processing file /usr/local/lib/python3.10/dist-packages/airflow/example_dags/example_python_operator.py for tasks to queue
[2023-11-28T01:03:35.162+0000] {logging_mixin.py:154} INFO - [2023-11-28T01:03:35.162+0000] {dagbag.py:536} INFO - Filling up the DagBag from /usr/local/lib/python3.10/dist-packages/airflow/example_dags/example_python_operator.py
[2023-11-28T01:03:35.172+0000] {logging_mixin.py:154} INFO - [2023-11-28T01:03:35.172+0000] {example_python_operator.py:86} WARNING - The virtalenv_python example task requires virtualenv, please install it.
[2023-11-28T01:03:35.172+0000] {processor.py:839} INFO - DAG(s) dict_keys(['example_python_operator']) retrieved from /usr/local/lib/python3.10/dist-packages/airflow/example_dags/example_python_operator.py
[2023-11-28T01:03:35.190+0000] {logging_mixin.py:154} INFO - [2023-11-28T01:03:35.190+0000] {dag.py:2941} INFO - Sync 1 DAGs
[2023-11-28T01:03:35.202+0000] {logging_mixin.py:154} INFO - [2023-11-28T01:03:35.202+0000] {dag.py:3722} INFO - Setting next_dagrun for example_python_operator to None, run_after=None
[2023-11-28T01:03:35.239+0000] {processor.py:179} INFO - Processing /usr/local/lib/python3.10/dist-packages/airflow/example_dags/example_python_operator.py took 0.082 seconds
[2023-11-28T01:04:20.634+0000] {processor.py:157} INFO - Started process (PID=5943) to work on /usr/local/lib/python3.10/dist-packages/airflow/example_dags/example_python_operator.py
[2023-11-28T01:04:20.635+0000] {processor.py:829} INFO - Processing file /usr/local/lib/python3.10/dist-packages/airflow/example_dags/example_python_operator.py for tasks to queue
[2023-11-28T01:04:20.636+0000] {logging_mixin.py:154} INFO - [2023-11-28T01:04:20.636+0000] {dagbag.py:536} INFO - Filling up the DagBag from /usr/local/lib/python3.10/dist-packages/airflow/example_dags/example_python_operator.py
[2023-11-28T01:04:20.646+0000] {logging_mixin.py:154} INFO - [2023-11-28T01:04:20.646+0000] {example_python_operator.py:86} WARNING - The virtalenv_python example task requires virtualenv, please install it.
[2023-11-28T01:04:20.647+0000] {processor.py:839} INFO - DAG(s) dict_keys(['example_python_operator']) retrieved from /usr/local/lib/python3.10/dist-packages/airflow/example_dags/example_python_operator.py
[2023-11-28T01:04:20.665+0000] {logging_mixin.py:154} INFO - [2023-11-28T01:04:20.665+0000] {dag.py:2941} INFO - Sync 1 DAGs
[2023-11-28T01:04:20.678+0000] {logging_mixin.py:154} INFO - [2023-11-28T01:04:20.677+0000] {dag.py:3722} INFO - Setting next_dagrun for example_python_operator to None, run_after=None
[2023-11-28T01:04:20.700+0000] {processor.py:179} INFO - Processing /usr/local/lib/python3.10/dist-packages/airflow/example_dags/example_python_operator.py took 0.070 seconds
[2023-11-28T01:05:05.182+0000] {processor.py:157} INFO - Started process (PID=5990) to work on /usr/local/lib/python3.10/dist-packages/airflow/example_dags/example_python_operator.py
[2023-11-28T01:05:05.183+0000] {processor.py:829} INFO - Processing file /usr/local/lib/python3.10/dist-packages/airflow/example_dags/example_python_operator.py for tasks to queue
[2023-11-28T01:05:05.184+0000] {logging_mixin.py:154} INFO - [2023-11-28T01:05:05.184+0000] {dagbag.py:536} INFO - Filling up the DagBag from /usr/local/lib/python3.10/dist-packages/airflow/example_dags/example_python_operator.py
[2023-11-28T01:05:05.194+0000] {logging_mixin.py:154} INFO - [2023-11-28T01:05:05.194+0000] {example_python_operator.py:86} WARNING - The virtalenv_python example task requires virtualenv, please install it.
[2023-11-28T01:05:05.195+0000] {processor.py:839} INFO - DAG(s) dict_keys(['example_python_operator']) retrieved from /usr/local/lib/python3.10/dist-packages/airflow/example_dags/example_python_operator.py
[2023-11-28T01:05:05.214+0000] {logging_mixin.py:154} INFO - [2023-11-28T01:05:05.214+0000] {dag.py:2941} INFO - Sync 1 DAGs
[2023-11-28T01:05:05.227+0000] {logging_mixin.py:154} INFO - [2023-11-28T01:05:05.227+0000] {dag.py:3722} INFO - Setting next_dagrun for example_python_operator to None, run_after=None
[2023-11-28T01:05:05.251+0000] {processor.py:179} INFO - Processing /usr/local/lib/python3.10/dist-packages/airflow/example_dags/example_python_operator.py took 0.073 seconds
[2023-11-28T01:05:51.662+0000] {processor.py:157} INFO - Started process (PID=6038) to work on /usr/local/lib/python3.10/dist-packages/airflow/example_dags/example_python_operator.py
[2023-11-28T01:05:51.663+0000] {processor.py:829} INFO - Processing file /usr/local/lib/python3.10/dist-packages/airflow/example_dags/example_python_operator.py for tasks to queue
[2023-11-28T01:05:51.664+0000] {logging_mixin.py:154} INFO - [2023-11-28T01:05:51.664+0000] {dagbag.py:536} INFO - Filling up the DagBag from /usr/local/lib/python3.10/dist-packages/airflow/example_dags/example_python_operator.py
[2023-11-28T01:05:51.674+0000] {logging_mixin.py:154} INFO - [2023-11-28T01:05:51.674+0000] {example_python_operator.py:86} WARNING - The virtalenv_python example task requires virtualenv, please install it.
[2023-11-28T01:05:51.675+0000] {processor.py:839} INFO - DAG(s) dict_keys(['example_python_operator']) retrieved from /usr/local/lib/python3.10/dist-packages/airflow/example_dags/example_python_operator.py
[2023-11-28T01:05:51.694+0000] {logging_mixin.py:154} INFO - [2023-11-28T01:05:51.694+0000] {dag.py:2941} INFO - Sync 1 DAGs
[2023-11-28T01:05:51.707+0000] {logging_mixin.py:154} INFO - [2023-11-28T01:05:51.707+0000] {dag.py:3722} INFO - Setting next_dagrun for example_python_operator to None, run_after=None
[2023-11-28T01:05:51.730+0000] {processor.py:179} INFO - Processing /usr/local/lib/python3.10/dist-packages/airflow/example_dags/example_python_operator.py took 0.072 seconds
[2023-11-28T01:06:38.018+0000] {processor.py:157} INFO - Started process (PID=6086) to work on /usr/local/lib/python3.10/dist-packages/airflow/example_dags/example_python_operator.py
[2023-11-28T01:06:38.020+0000] {processor.py:829} INFO - Processing file /usr/local/lib/python3.10/dist-packages/airflow/example_dags/example_python_operator.py for tasks to queue
[2023-11-28T01:06:38.021+0000] {logging_mixin.py:154} INFO - [2023-11-28T01:06:38.021+0000] {dagbag.py:536} INFO - Filling up the DagBag from /usr/local/lib/python3.10/dist-packages/airflow/example_dags/example_python_operator.py
[2023-11-28T01:06:38.031+0000] {logging_mixin.py:154} INFO - [2023-11-28T01:06:38.031+0000] {example_python_operator.py:86} WARNING - The virtalenv_python example task requires virtualenv, please install it.
[2023-11-28T01:06:38.031+0000] {processor.py:839} INFO - DAG(s) dict_keys(['example_python_operator']) retrieved from /usr/local/lib/python3.10/dist-packages/airflow/example_dags/example_python_operator.py
[2023-11-28T01:06:38.050+0000] {logging_mixin.py:154} INFO - [2023-11-28T01:06:38.050+0000] {dag.py:2941} INFO - Sync 1 DAGs
[2023-11-28T01:06:38.062+0000] {logging_mixin.py:154} INFO - [2023-11-28T01:06:38.062+0000] {dag.py:3722} INFO - Setting next_dagrun for example_python_operator to None, run_after=None
[2023-11-28T01:06:38.088+0000] {processor.py:179} INFO - Processing /usr/local/lib/python3.10/dist-packages/airflow/example_dags/example_python_operator.py took 0.073 seconds
[2023-11-28T01:07:27.121+0000] {processor.py:157} INFO - Started process (PID=6134) to work on /usr/local/lib/python3.10/dist-packages/airflow/example_dags/example_python_operator.py
[2023-11-28T01:07:27.126+0000] {processor.py:829} INFO - Processing file /usr/local/lib/python3.10/dist-packages/airflow/example_dags/example_python_operator.py for tasks to queue
[2023-11-28T01:07:27.127+0000] {logging_mixin.py:154} INFO - [2023-11-28T01:07:27.127+0000] {dagbag.py:536} INFO - Filling up the DagBag from /usr/local/lib/python3.10/dist-packages/airflow/example_dags/example_python_operator.py
[2023-11-28T01:07:27.137+0000] {logging_mixin.py:154} INFO - [2023-11-28T01:07:27.137+0000] {example_python_operator.py:86} WARNING - The virtalenv_python example task requires virtualenv, please install it.
[2023-11-28T01:07:27.137+0000] {processor.py:839} INFO - DAG(s) dict_keys(['example_python_operator']) retrieved from /usr/local/lib/python3.10/dist-packages/airflow/example_dags/example_python_operator.py
[2023-11-28T01:07:27.156+0000] {logging_mixin.py:154} INFO - [2023-11-28T01:07:27.156+0000] {dag.py:2941} INFO - Sync 1 DAGs
[2023-11-28T01:07:27.168+0000] {logging_mixin.py:154} INFO - [2023-11-28T01:07:27.168+0000] {dag.py:3722} INFO - Setting next_dagrun for example_python_operator to None, run_after=None
[2023-11-28T01:07:27.191+0000] {processor.py:179} INFO - Processing /usr/local/lib/python3.10/dist-packages/airflow/example_dags/example_python_operator.py took 0.073 seconds
[2023-11-28T01:08:15.266+0000] {processor.py:157} INFO - Started process (PID=6184) to work on /usr/local/lib/python3.10/dist-packages/airflow/example_dags/example_python_operator.py
[2023-11-28T01:08:15.268+0000] {processor.py:829} INFO - Processing file /usr/local/lib/python3.10/dist-packages/airflow/example_dags/example_python_operator.py for tasks to queue
[2023-11-28T01:08:15.269+0000] {logging_mixin.py:154} INFO - [2023-11-28T01:08:15.268+0000] {dagbag.py:536} INFO - Filling up the DagBag from /usr/local/lib/python3.10/dist-packages/airflow/example_dags/example_python_operator.py
[2023-11-28T01:08:15.278+0000] {logging_mixin.py:154} INFO - [2023-11-28T01:08:15.278+0000] {example_python_operator.py:86} WARNING - The virtalenv_python example task requires virtualenv, please install it.
[2023-11-28T01:08:15.279+0000] {processor.py:839} INFO - DAG(s) dict_keys(['example_python_operator']) retrieved from /usr/local/lib/python3.10/dist-packages/airflow/example_dags/example_python_operator.py
[2023-11-28T01:08:15.297+0000] {logging_mixin.py:154} INFO - [2023-11-28T01:08:15.297+0000] {dag.py:2941} INFO - Sync 1 DAGs
[2023-11-28T01:08:15.309+0000] {logging_mixin.py:154} INFO - [2023-11-28T01:08:15.309+0000] {dag.py:3722} INFO - Setting next_dagrun for example_python_operator to None, run_after=None
[2023-11-28T01:08:15.332+0000] {processor.py:179} INFO - Processing /usr/local/lib/python3.10/dist-packages/airflow/example_dags/example_python_operator.py took 0.069 seconds
[2023-11-28T01:08:59.366+0000] {processor.py:157} INFO - Started process (PID=6231) to work on /usr/local/lib/python3.10/dist-packages/airflow/example_dags/example_python_operator.py
[2023-11-28T01:08:59.367+0000] {processor.py:829} INFO - Processing file /usr/local/lib/python3.10/dist-packages/airflow/example_dags/example_python_operator.py for tasks to queue
[2023-11-28T01:08:59.368+0000] {logging_mixin.py:154} INFO - [2023-11-28T01:08:59.368+0000] {dagbag.py:536} INFO - Filling up the DagBag from /usr/local/lib/python3.10/dist-packages/airflow/example_dags/example_python_operator.py
[2023-11-28T01:08:59.378+0000] {logging_mixin.py:154} INFO - [2023-11-28T01:08:59.377+0000] {example_python_operator.py:86} WARNING - The virtalenv_python example task requires virtualenv, please install it.
[2023-11-28T01:08:59.378+0000] {processor.py:839} INFO - DAG(s) dict_keys(['example_python_operator']) retrieved from /usr/local/lib/python3.10/dist-packages/airflow/example_dags/example_python_operator.py
[2023-11-28T01:08:59.396+0000] {logging_mixin.py:154} INFO - [2023-11-28T01:08:59.396+0000] {dag.py:2941} INFO - Sync 1 DAGs
[2023-11-28T01:08:59.409+0000] {logging_mixin.py:154} INFO - [2023-11-28T01:08:59.408+0000] {dag.py:3722} INFO - Setting next_dagrun for example_python_operator to None, run_after=None
[2023-11-28T01:08:59.432+0000] {processor.py:179} INFO - Processing /usr/local/lib/python3.10/dist-packages/airflow/example_dags/example_python_operator.py took 0.069 seconds
[2023-11-28T01:09:41.054+0000] {processor.py:157} INFO - Started process (PID=6276) to work on /usr/local/lib/python3.10/dist-packages/airflow/example_dags/example_python_operator.py
[2023-11-28T01:09:41.055+0000] {processor.py:829} INFO - Processing file /usr/local/lib/python3.10/dist-packages/airflow/example_dags/example_python_operator.py for tasks to queue
[2023-11-28T01:09:41.056+0000] {logging_mixin.py:154} INFO - [2023-11-28T01:09:41.056+0000] {dagbag.py:536} INFO - Filling up the DagBag from /usr/local/lib/python3.10/dist-packages/airflow/example_dags/example_python_operator.py
[2023-11-28T01:09:41.066+0000] {logging_mixin.py:154} INFO - [2023-11-28T01:09:41.066+0000] {example_python_operator.py:86} WARNING - The virtalenv_python example task requires virtualenv, please install it.
[2023-11-28T01:09:41.067+0000] {processor.py:839} INFO - DAG(s) dict_keys(['example_python_operator']) retrieved from /usr/local/lib/python3.10/dist-packages/airflow/example_dags/example_python_operator.py
[2023-11-28T01:09:41.086+0000] {logging_mixin.py:154} INFO - [2023-11-28T01:09:41.086+0000] {dag.py:2941} INFO - Sync 1 DAGs
[2023-11-28T01:09:41.098+0000] {logging_mixin.py:154} INFO - [2023-11-28T01:09:41.098+0000] {dag.py:3722} INFO - Setting next_dagrun for example_python_operator to None, run_after=None
[2023-11-28T01:09:41.122+0000] {processor.py:179} INFO - Processing /usr/local/lib/python3.10/dist-packages/airflow/example_dags/example_python_operator.py took 0.072 seconds
[2023-11-28T01:10:27.500+0000] {processor.py:157} INFO - Started process (PID=6324) to work on /usr/local/lib/python3.10/dist-packages/airflow/example_dags/example_python_operator.py
[2023-11-28T01:10:27.503+0000] {processor.py:829} INFO - Processing file /usr/local/lib/python3.10/dist-packages/airflow/example_dags/example_python_operator.py for tasks to queue
[2023-11-28T01:10:27.504+0000] {logging_mixin.py:154} INFO - [2023-11-28T01:10:27.503+0000] {dagbag.py:536} INFO - Filling up the DagBag from /usr/local/lib/python3.10/dist-packages/airflow/example_dags/example_python_operator.py
[2023-11-28T01:10:27.514+0000] {logging_mixin.py:154} INFO - [2023-11-28T01:10:27.513+0000] {example_python_operator.py:86} WARNING - The virtalenv_python example task requires virtualenv, please install it.
[2023-11-28T01:10:27.514+0000] {processor.py:839} INFO - DAG(s) dict_keys(['example_python_operator']) retrieved from /usr/local/lib/python3.10/dist-packages/airflow/example_dags/example_python_operator.py
[2023-11-28T01:10:27.533+0000] {logging_mixin.py:154} INFO - [2023-11-28T01:10:27.533+0000] {dag.py:2941} INFO - Sync 1 DAGs
[2023-11-28T01:10:27.545+0000] {logging_mixin.py:154} INFO - [2023-11-28T01:10:27.545+0000] {dag.py:3722} INFO - Setting next_dagrun for example_python_operator to None, run_after=None
[2023-11-28T01:10:27.568+0000] {processor.py:179} INFO - Processing /usr/local/lib/python3.10/dist-packages/airflow/example_dags/example_python_operator.py took 0.072 seconds
[2023-11-28T01:11:15.911+0000] {processor.py:157} INFO - Started process (PID=6373) to work on /usr/local/lib/python3.10/dist-packages/airflow/example_dags/example_python_operator.py
[2023-11-28T01:11:15.912+0000] {processor.py:829} INFO - Processing file /usr/local/lib/python3.10/dist-packages/airflow/example_dags/example_python_operator.py for tasks to queue
[2023-11-28T01:11:15.913+0000] {logging_mixin.py:154} INFO - [2023-11-28T01:11:15.913+0000] {dagbag.py:536} INFO - Filling up the DagBag from /usr/local/lib/python3.10/dist-packages/airflow/example_dags/example_python_operator.py
[2023-11-28T01:11:15.923+0000] {logging_mixin.py:154} INFO - [2023-11-28T01:11:15.923+0000] {example_python_operator.py:86} WARNING - The virtalenv_python example task requires virtualenv, please install it.
[2023-11-28T01:11:15.924+0000] {processor.py:839} INFO - DAG(s) dict_keys(['example_python_operator']) retrieved from /usr/local/lib/python3.10/dist-packages/airflow/example_dags/example_python_operator.py
[2023-11-28T01:11:15.943+0000] {logging_mixin.py:154} INFO - [2023-11-28T01:11:15.943+0000] {dag.py:2941} INFO - Sync 1 DAGs
[2023-11-28T01:11:15.956+0000] {logging_mixin.py:154} INFO - [2023-11-28T01:11:15.956+0000] {dag.py:3722} INFO - Setting next_dagrun for example_python_operator to None, run_after=None
[2023-11-28T01:11:15.982+0000] {processor.py:179} INFO - Processing /usr/local/lib/python3.10/dist-packages/airflow/example_dags/example_python_operator.py took 0.075 seconds
[2023-11-28T01:12:00.270+0000] {processor.py:157} INFO - Started process (PID=6419) to work on /usr/local/lib/python3.10/dist-packages/airflow/example_dags/example_python_operator.py
[2023-11-28T01:12:00.271+0000] {processor.py:829} INFO - Processing file /usr/local/lib/python3.10/dist-packages/airflow/example_dags/example_python_operator.py for tasks to queue
[2023-11-28T01:12:00.273+0000] {logging_mixin.py:154} INFO - [2023-11-28T01:12:00.273+0000] {dagbag.py:536} INFO - Filling up the DagBag from /usr/local/lib/python3.10/dist-packages/airflow/example_dags/example_python_operator.py
[2023-11-28T01:12:00.287+0000] {logging_mixin.py:154} INFO - [2023-11-28T01:12:00.287+0000] {example_python_operator.py:86} WARNING - The virtalenv_python example task requires virtualenv, please install it.
[2023-11-28T01:12:00.288+0000] {processor.py:839} INFO - DAG(s) dict_keys(['example_python_operator']) retrieved from /usr/local/lib/python3.10/dist-packages/airflow/example_dags/example_python_operator.py
[2023-11-28T01:12:00.307+0000] {logging_mixin.py:154} INFO - [2023-11-28T01:12:00.307+0000] {dag.py:2941} INFO - Sync 1 DAGs
[2023-11-28T01:12:00.321+0000] {logging_mixin.py:154} INFO - [2023-11-28T01:12:00.320+0000] {dag.py:3722} INFO - Setting next_dagrun for example_python_operator to None, run_after=None
[2023-11-28T01:12:00.352+0000] {processor.py:179} INFO - Processing /usr/local/lib/python3.10/dist-packages/airflow/example_dags/example_python_operator.py took 0.086 seconds
[2023-11-28T01:12:43.959+0000] {processor.py:157} INFO - Started process (PID=6466) to work on /usr/local/lib/python3.10/dist-packages/airflow/example_dags/example_python_operator.py
[2023-11-28T01:12:43.961+0000] {processor.py:829} INFO - Processing file /usr/local/lib/python3.10/dist-packages/airflow/example_dags/example_python_operator.py for tasks to queue
[2023-11-28T01:12:43.962+0000] {logging_mixin.py:154} INFO - [2023-11-28T01:12:43.961+0000] {dagbag.py:536} INFO - Filling up the DagBag from /usr/local/lib/python3.10/dist-packages/airflow/example_dags/example_python_operator.py
[2023-11-28T01:12:43.972+0000] {logging_mixin.py:154} INFO - [2023-11-28T01:12:43.972+0000] {example_python_operator.py:86} WARNING - The virtalenv_python example task requires virtualenv, please install it.
[2023-11-28T01:12:43.972+0000] {processor.py:839} INFO - DAG(s) dict_keys(['example_python_operator']) retrieved from /usr/local/lib/python3.10/dist-packages/airflow/example_dags/example_python_operator.py
[2023-11-28T01:12:43.991+0000] {logging_mixin.py:154} INFO - [2023-11-28T01:12:43.991+0000] {dag.py:2941} INFO - Sync 1 DAGs
[2023-11-28T01:12:44.005+0000] {logging_mixin.py:154} INFO - [2023-11-28T01:12:44.005+0000] {dag.py:3722} INFO - Setting next_dagrun for example_python_operator to None, run_after=None
[2023-11-28T01:12:44.029+0000] {processor.py:179} INFO - Processing /usr/local/lib/python3.10/dist-packages/airflow/example_dags/example_python_operator.py took 0.073 seconds
[2023-11-28T01:13:27.548+0000] {processor.py:157} INFO - Started process (PID=6509) to work on /usr/local/lib/python3.10/dist-packages/airflow/example_dags/example_python_operator.py
[2023-11-28T01:13:27.550+0000] {processor.py:829} INFO - Processing file /usr/local/lib/python3.10/dist-packages/airflow/example_dags/example_python_operator.py for tasks to queue
[2023-11-28T01:13:27.551+0000] {logging_mixin.py:154} INFO - [2023-11-28T01:13:27.550+0000] {dagbag.py:536} INFO - Filling up the DagBag from /usr/local/lib/python3.10/dist-packages/airflow/example_dags/example_python_operator.py
[2023-11-28T01:13:27.560+0000] {logging_mixin.py:154} INFO - [2023-11-28T01:13:27.560+0000] {example_python_operator.py:86} WARNING - The virtalenv_python example task requires virtualenv, please install it.
[2023-11-28T01:13:27.561+0000] {processor.py:839} INFO - DAG(s) dict_keys(['example_python_operator']) retrieved from /usr/local/lib/python3.10/dist-packages/airflow/example_dags/example_python_operator.py
[2023-11-28T01:13:27.579+0000] {logging_mixin.py:154} INFO - [2023-11-28T01:13:27.579+0000] {dag.py:2941} INFO - Sync 1 DAGs
[2023-11-28T01:13:27.591+0000] {logging_mixin.py:154} INFO - [2023-11-28T01:13:27.591+0000] {dag.py:3722} INFO - Setting next_dagrun for example_python_operator to None, run_after=None
[2023-11-28T01:13:27.614+0000] {processor.py:179} INFO - Processing /usr/local/lib/python3.10/dist-packages/airflow/example_dags/example_python_operator.py took 0.069 seconds
[2023-11-28T01:14:19.642+0000] {processor.py:157} INFO - Started process (PID=6563) to work on /usr/local/lib/python3.10/dist-packages/airflow/example_dags/example_python_operator.py
[2023-11-28T01:14:19.643+0000] {processor.py:829} INFO - Processing file /usr/local/lib/python3.10/dist-packages/airflow/example_dags/example_python_operator.py for tasks to queue
[2023-11-28T01:14:19.644+0000] {logging_mixin.py:154} INFO - [2023-11-28T01:14:19.644+0000] {dagbag.py:536} INFO - Filling up the DagBag from /usr/local/lib/python3.10/dist-packages/airflow/example_dags/example_python_operator.py
[2023-11-28T01:14:19.654+0000] {logging_mixin.py:154} INFO - [2023-11-28T01:14:19.653+0000] {example_python_operator.py:86} WARNING - The virtalenv_python example task requires virtualenv, please install it.
[2023-11-28T01:14:19.654+0000] {processor.py:839} INFO - DAG(s) dict_keys(['example_python_operator']) retrieved from /usr/local/lib/python3.10/dist-packages/airflow/example_dags/example_python_operator.py
[2023-11-28T01:14:19.673+0000] {logging_mixin.py:154} INFO - [2023-11-28T01:14:19.673+0000] {dag.py:2941} INFO - Sync 1 DAGs
[2023-11-28T01:14:19.685+0000] {logging_mixin.py:154} INFO - [2023-11-28T01:14:19.685+0000] {dag.py:3722} INFO - Setting next_dagrun for example_python_operator to None, run_after=None
[2023-11-28T01:14:19.707+0000] {processor.py:179} INFO - Processing /usr/local/lib/python3.10/dist-packages/airflow/example_dags/example_python_operator.py took 0.069 seconds
[2023-11-28T01:15:16.897+0000] {processor.py:157} INFO - Started process (PID=6630) to work on /usr/local/lib/python3.10/dist-packages/airflow/example_dags/example_python_operator.py
[2023-11-28T01:15:16.899+0000] {processor.py:829} INFO - Processing file /usr/local/lib/python3.10/dist-packages/airflow/example_dags/example_python_operator.py for tasks to queue
[2023-11-28T01:15:16.900+0000] {logging_mixin.py:154} INFO - [2023-11-28T01:15:16.899+0000] {dagbag.py:536} INFO - Filling up the DagBag from /usr/local/lib/python3.10/dist-packages/airflow/example_dags/example_python_operator.py
[2023-11-28T01:15:16.910+0000] {logging_mixin.py:154} INFO - [2023-11-28T01:15:16.910+0000] {example_python_operator.py:86} WARNING - The virtalenv_python example task requires virtualenv, please install it.
[2023-11-28T01:15:16.910+0000] {processor.py:839} INFO - DAG(s) dict_keys(['example_python_operator']) retrieved from /usr/local/lib/python3.10/dist-packages/airflow/example_dags/example_python_operator.py
[2023-11-28T01:15:16.919+0000] {logging_mixin.py:154} INFO - [2023-11-28T01:15:16.919+0000] {dag.py:2941} INFO - Sync 1 DAGs
[2023-11-28T01:15:16.933+0000] {logging_mixin.py:154} INFO - [2023-11-28T01:15:16.933+0000] {dag.py:3722} INFO - Setting next_dagrun for example_python_operator to None, run_after=None
[2023-11-28T01:15:16.959+0000] {processor.py:179} INFO - Processing /usr/local/lib/python3.10/dist-packages/airflow/example_dags/example_python_operator.py took 0.065 seconds
[2023-11-28T01:15:59.930+0000] {processor.py:157} INFO - Started process (PID=6677) to work on /usr/local/lib/python3.10/dist-packages/airflow/example_dags/example_python_operator.py
[2023-11-28T01:15:59.931+0000] {processor.py:829} INFO - Processing file /usr/local/lib/python3.10/dist-packages/airflow/example_dags/example_python_operator.py for tasks to queue
[2023-11-28T01:15:59.932+0000] {logging_mixin.py:154} INFO - [2023-11-28T01:15:59.932+0000] {dagbag.py:536} INFO - Filling up the DagBag from /usr/local/lib/python3.10/dist-packages/airflow/example_dags/example_python_operator.py
[2023-11-28T01:15:59.942+0000] {logging_mixin.py:154} INFO - [2023-11-28T01:15:59.942+0000] {example_python_operator.py:86} WARNING - The virtalenv_python example task requires virtualenv, please install it.
[2023-11-28T01:15:59.943+0000] {processor.py:839} INFO - DAG(s) dict_keys(['example_python_operator']) retrieved from /usr/local/lib/python3.10/dist-packages/airflow/example_dags/example_python_operator.py
[2023-11-28T01:15:59.962+0000] {logging_mixin.py:154} INFO - [2023-11-28T01:15:59.961+0000] {dag.py:2941} INFO - Sync 1 DAGs
[2023-11-28T01:15:59.974+0000] {logging_mixin.py:154} INFO - [2023-11-28T01:15:59.974+0000] {dag.py:3722} INFO - Setting next_dagrun for example_python_operator to None, run_after=None
[2023-11-28T01:15:59.997+0000] {processor.py:179} INFO - Processing /usr/local/lib/python3.10/dist-packages/airflow/example_dags/example_python_operator.py took 0.070 seconds
[2023-11-28T01:16:46.472+0000] {processor.py:157} INFO - Started process (PID=6723) to work on /usr/local/lib/python3.10/dist-packages/airflow/example_dags/example_python_operator.py
[2023-11-28T01:16:46.474+0000] {processor.py:829} INFO - Processing file /usr/local/lib/python3.10/dist-packages/airflow/example_dags/example_python_operator.py for tasks to queue
[2023-11-28T01:16:46.474+0000] {logging_mixin.py:154} INFO - [2023-11-28T01:16:46.474+0000] {dagbag.py:536} INFO - Filling up the DagBag from /usr/local/lib/python3.10/dist-packages/airflow/example_dags/example_python_operator.py
[2023-11-28T01:16:46.484+0000] {logging_mixin.py:154} INFO - [2023-11-28T01:16:46.484+0000] {example_python_operator.py:86} WARNING - The virtalenv_python example task requires virtualenv, please install it.
[2023-11-28T01:16:46.485+0000] {processor.py:839} INFO - DAG(s) dict_keys(['example_python_operator']) retrieved from /usr/local/lib/python3.10/dist-packages/airflow/example_dags/example_python_operator.py
[2023-11-28T01:16:46.504+0000] {logging_mixin.py:154} INFO - [2023-11-28T01:16:46.503+0000] {dag.py:2941} INFO - Sync 1 DAGs
[2023-11-28T01:16:46.516+0000] {logging_mixin.py:154} INFO - [2023-11-28T01:16:46.516+0000] {dag.py:3722} INFO - Setting next_dagrun for example_python_operator to None, run_after=None
[2023-11-28T01:16:46.537+0000] {processor.py:179} INFO - Processing /usr/local/lib/python3.10/dist-packages/airflow/example_dags/example_python_operator.py took 0.069 seconds
[2023-11-28T01:17:34.060+0000] {processor.py:157} INFO - Started process (PID=6779) to work on /usr/local/lib/python3.10/dist-packages/airflow/example_dags/example_python_operator.py
[2023-11-28T01:17:34.061+0000] {processor.py:829} INFO - Processing file /usr/local/lib/python3.10/dist-packages/airflow/example_dags/example_python_operator.py for tasks to queue
[2023-11-28T01:17:34.062+0000] {logging_mixin.py:154} INFO - [2023-11-28T01:17:34.062+0000] {dagbag.py:536} INFO - Filling up the DagBag from /usr/local/lib/python3.10/dist-packages/airflow/example_dags/example_python_operator.py
[2023-11-28T01:17:34.072+0000] {logging_mixin.py:154} INFO - [2023-11-28T01:17:34.072+0000] {example_python_operator.py:86} WARNING - The virtalenv_python example task requires virtualenv, please install it.
[2023-11-28T01:17:34.073+0000] {processor.py:839} INFO - DAG(s) dict_keys(['example_python_operator']) retrieved from /usr/local/lib/python3.10/dist-packages/airflow/example_dags/example_python_operator.py
[2023-11-28T01:17:34.091+0000] {logging_mixin.py:154} INFO - [2023-11-28T01:17:34.091+0000] {dag.py:2941} INFO - Sync 1 DAGs
[2023-11-28T01:17:34.104+0000] {logging_mixin.py:154} INFO - [2023-11-28T01:17:34.104+0000] {dag.py:3722} INFO - Setting next_dagrun for example_python_operator to None, run_after=None
[2023-11-28T01:17:34.127+0000] {processor.py:179} INFO - Processing /usr/local/lib/python3.10/dist-packages/airflow/example_dags/example_python_operator.py took 0.070 seconds
[2023-11-28T01:18:17.582+0000] {processor.py:157} INFO - Started process (PID=6825) to work on /usr/local/lib/python3.10/dist-packages/airflow/example_dags/example_python_operator.py
[2023-11-28T01:18:17.583+0000] {processor.py:829} INFO - Processing file /usr/local/lib/python3.10/dist-packages/airflow/example_dags/example_python_operator.py for tasks to queue
[2023-11-28T01:18:17.584+0000] {logging_mixin.py:154} INFO - [2023-11-28T01:18:17.584+0000] {dagbag.py:536} INFO - Filling up the DagBag from /usr/local/lib/python3.10/dist-packages/airflow/example_dags/example_python_operator.py
[2023-11-28T01:18:17.594+0000] {logging_mixin.py:154} INFO - [2023-11-28T01:18:17.594+0000] {example_python_operator.py:86} WARNING - The virtalenv_python example task requires virtualenv, please install it.
[2023-11-28T01:18:17.594+0000] {processor.py:839} INFO - DAG(s) dict_keys(['example_python_operator']) retrieved from /usr/local/lib/python3.10/dist-packages/airflow/example_dags/example_python_operator.py
[2023-11-28T01:18:17.613+0000] {logging_mixin.py:154} INFO - [2023-11-28T01:18:17.612+0000] {dag.py:2941} INFO - Sync 1 DAGs
[2023-11-28T01:18:17.625+0000] {logging_mixin.py:154} INFO - [2023-11-28T01:18:17.624+0000] {dag.py:3722} INFO - Setting next_dagrun for example_python_operator to None, run_after=None
[2023-11-28T01:18:17.646+0000] {processor.py:179} INFO - Processing /usr/local/lib/python3.10/dist-packages/airflow/example_dags/example_python_operator.py took 0.068 seconds
[2023-11-28T01:19:04.123+0000] {processor.py:157} INFO - Started process (PID=6873) to work on /usr/local/lib/python3.10/dist-packages/airflow/example_dags/example_python_operator.py
[2023-11-28T01:19:04.124+0000] {processor.py:829} INFO - Processing file /usr/local/lib/python3.10/dist-packages/airflow/example_dags/example_python_operator.py for tasks to queue
[2023-11-28T01:19:04.125+0000] {logging_mixin.py:154} INFO - [2023-11-28T01:19:04.125+0000] {dagbag.py:536} INFO - Filling up the DagBag from /usr/local/lib/python3.10/dist-packages/airflow/example_dags/example_python_operator.py
[2023-11-28T01:19:04.135+0000] {logging_mixin.py:154} INFO - [2023-11-28T01:19:04.135+0000] {example_python_operator.py:86} WARNING - The virtalenv_python example task requires virtualenv, please install it.
[2023-11-28T01:19:04.136+0000] {processor.py:839} INFO - DAG(s) dict_keys(['example_python_operator']) retrieved from /usr/local/lib/python3.10/dist-packages/airflow/example_dags/example_python_operator.py
[2023-11-28T01:19:04.155+0000] {logging_mixin.py:154} INFO - [2023-11-28T01:19:04.154+0000] {dag.py:2941} INFO - Sync 1 DAGs
[2023-11-28T01:19:04.167+0000] {logging_mixin.py:154} INFO - [2023-11-28T01:19:04.167+0000] {dag.py:3722} INFO - Setting next_dagrun for example_python_operator to None, run_after=None
[2023-11-28T01:19:04.191+0000] {processor.py:179} INFO - Processing /usr/local/lib/python3.10/dist-packages/airflow/example_dags/example_python_operator.py took 0.072 seconds
[2023-11-28T01:19:47.621+0000] {processor.py:157} INFO - Started process (PID=7038) to work on /usr/local/lib/python3.10/dist-packages/airflow/example_dags/example_python_operator.py
[2023-11-28T01:19:47.622+0000] {processor.py:829} INFO - Processing file /usr/local/lib/python3.10/dist-packages/airflow/example_dags/example_python_operator.py for tasks to queue
[2023-11-28T01:19:47.623+0000] {logging_mixin.py:154} INFO - [2023-11-28T01:19:47.623+0000] {dagbag.py:536} INFO - Filling up the DagBag from /usr/local/lib/python3.10/dist-packages/airflow/example_dags/example_python_operator.py
[2023-11-28T01:19:47.633+0000] {logging_mixin.py:154} INFO - [2023-11-28T01:19:47.633+0000] {example_python_operator.py:86} WARNING - The virtalenv_python example task requires virtualenv, please install it.
[2023-11-28T01:19:47.633+0000] {processor.py:839} INFO - DAG(s) dict_keys(['example_python_operator']) retrieved from /usr/local/lib/python3.10/dist-packages/airflow/example_dags/example_python_operator.py
[2023-11-28T01:19:47.652+0000] {logging_mixin.py:154} INFO - [2023-11-28T01:19:47.651+0000] {dag.py:2941} INFO - Sync 1 DAGs
[2023-11-28T01:19:47.663+0000] {logging_mixin.py:154} INFO - [2023-11-28T01:19:47.663+0000] {dag.py:3722} INFO - Setting next_dagrun for example_python_operator to None, run_after=None
[2023-11-28T01:19:47.685+0000] {processor.py:179} INFO - Processing /usr/local/lib/python3.10/dist-packages/airflow/example_dags/example_python_operator.py took 0.067 seconds
