[2023-11-28T00:44:26.488+0000] {processor.py:157} INFO - Started process (PID=3408) to work on /usr/local/lib/python3.10/dist-packages/airflow/example_dags/example_setup_teardown_taskflow.py
[2023-11-28T00:44:26.489+0000] {processor.py:829} INFO - Processing file /usr/local/lib/python3.10/dist-packages/airflow/example_dags/example_setup_teardown_taskflow.py for tasks to queue
[2023-11-28T00:44:26.490+0000] {logging_mixin.py:154} INFO - [2023-11-28T00:44:26.490+0000] {dagbag.py:536} INFO - Filling up the DagBag from /usr/local/lib/python3.10/dist-packages/airflow/example_dags/example_setup_teardown_taskflow.py
[2023-11-28T00:44:26.503+0000] {processor.py:839} INFO - DAG(s) dict_keys(['example_setup_teardown_taskflow']) retrieved from /usr/local/lib/python3.10/dist-packages/airflow/example_dags/example_setup_teardown_taskflow.py
[2023-11-28T00:44:26.617+0000] {logging_mixin.py:154} INFO - [2023-11-28T00:44:26.616+0000] {manager.py:499} INFO - Created Permission View: %s
[2023-11-28T00:44:26.629+0000] {logging_mixin.py:154} INFO - [2023-11-28T00:44:26.629+0000] {manager.py:499} INFO - Created Permission View: %s
[2023-11-28T00:44:26.639+0000] {logging_mixin.py:154} INFO - [2023-11-28T00:44:26.639+0000] {manager.py:499} INFO - Created Permission View: %s
[2023-11-28T00:44:26.639+0000] {logging_mixin.py:154} INFO - [2023-11-28T00:44:26.639+0000] {dag.py:2941} INFO - Sync 1 DAGs
[2023-11-28T00:44:26.652+0000] {logging_mixin.py:154} INFO - [2023-11-28T00:44:26.652+0000] {dag.py:2963} INFO - Creating ORM DAG for example_setup_teardown_taskflow
[2023-11-28T00:44:26.661+0000] {logging_mixin.py:154} INFO - [2023-11-28T00:44:26.660+0000] {dag.py:3722} INFO - Setting next_dagrun for example_setup_teardown_taskflow to 2023-11-27T00:44:26.660663+00:00, run_after=2023-11-28T00:44:26.660663+00:00
[2023-11-28T00:44:26.683+0000] {processor.py:179} INFO - Processing /usr/local/lib/python3.10/dist-packages/airflow/example_dags/example_setup_teardown_taskflow.py took 0.198 seconds
[2023-11-28T00:45:19.841+0000] {processor.py:157} INFO - Started process (PID=3542) to work on /usr/local/lib/python3.10/dist-packages/airflow/example_dags/example_setup_teardown_taskflow.py
[2023-11-28T00:45:19.843+0000] {processor.py:829} INFO - Processing file /usr/local/lib/python3.10/dist-packages/airflow/example_dags/example_setup_teardown_taskflow.py for tasks to queue
[2023-11-28T00:45:19.844+0000] {logging_mixin.py:154} INFO - [2023-11-28T00:45:19.843+0000] {dagbag.py:536} INFO - Filling up the DagBag from /usr/local/lib/python3.10/dist-packages/airflow/example_dags/example_setup_teardown_taskflow.py
[2023-11-28T00:45:19.855+0000] {processor.py:839} INFO - DAG(s) dict_keys(['example_setup_teardown_taskflow']) retrieved from /usr/local/lib/python3.10/dist-packages/airflow/example_dags/example_setup_teardown_taskflow.py
[2023-11-28T00:45:19.873+0000] {logging_mixin.py:154} INFO - [2023-11-28T00:45:19.873+0000] {dag.py:2941} INFO - Sync 1 DAGs
[2023-11-28T00:45:19.894+0000] {logging_mixin.py:154} INFO - [2023-11-28T00:45:19.894+0000] {dag.py:3722} INFO - Setting next_dagrun for example_setup_teardown_taskflow to 2023-11-27T00:45:19.894137+00:00, run_after=2023-11-28T00:45:19.894137+00:00
[2023-11-28T00:45:19.918+0000] {processor.py:179} INFO - Processing /usr/local/lib/python3.10/dist-packages/airflow/example_dags/example_setup_teardown_taskflow.py took 0.080 seconds
[2023-11-28T00:46:00.826+0000] {processor.py:157} INFO - Started process (PID=3586) to work on /usr/local/lib/python3.10/dist-packages/airflow/example_dags/example_setup_teardown_taskflow.py
[2023-11-28T00:46:00.828+0000] {processor.py:829} INFO - Processing file /usr/local/lib/python3.10/dist-packages/airflow/example_dags/example_setup_teardown_taskflow.py for tasks to queue
[2023-11-28T00:46:00.829+0000] {logging_mixin.py:154} INFO - [2023-11-28T00:46:00.828+0000] {dagbag.py:536} INFO - Filling up the DagBag from /usr/local/lib/python3.10/dist-packages/airflow/example_dags/example_setup_teardown_taskflow.py
[2023-11-28T00:46:00.840+0000] {processor.py:839} INFO - DAG(s) dict_keys(['example_setup_teardown_taskflow']) retrieved from /usr/local/lib/python3.10/dist-packages/airflow/example_dags/example_setup_teardown_taskflow.py
[2023-11-28T00:46:00.858+0000] {logging_mixin.py:154} INFO - [2023-11-28T00:46:00.858+0000] {dag.py:2941} INFO - Sync 1 DAGs
[2023-11-28T00:46:00.879+0000] {logging_mixin.py:154} INFO - [2023-11-28T00:46:00.878+0000] {dag.py:3722} INFO - Setting next_dagrun for example_setup_teardown_taskflow to 2023-11-27T00:46:00.878563+00:00, run_after=2023-11-28T00:46:00.878563+00:00
[2023-11-28T00:46:00.902+0000] {processor.py:179} INFO - Processing /usr/local/lib/python3.10/dist-packages/airflow/example_dags/example_setup_teardown_taskflow.py took 0.079 seconds
[2023-11-28T00:46:42.253+0000] {processor.py:157} INFO - Started process (PID=3631) to work on /usr/local/lib/python3.10/dist-packages/airflow/example_dags/example_setup_teardown_taskflow.py
[2023-11-28T00:46:42.254+0000] {processor.py:829} INFO - Processing file /usr/local/lib/python3.10/dist-packages/airflow/example_dags/example_setup_teardown_taskflow.py for tasks to queue
[2023-11-28T00:46:42.255+0000] {logging_mixin.py:154} INFO - [2023-11-28T00:46:42.254+0000] {dagbag.py:536} INFO - Filling up the DagBag from /usr/local/lib/python3.10/dist-packages/airflow/example_dags/example_setup_teardown_taskflow.py
[2023-11-28T00:46:42.266+0000] {processor.py:839} INFO - DAG(s) dict_keys(['example_setup_teardown_taskflow']) retrieved from /usr/local/lib/python3.10/dist-packages/airflow/example_dags/example_setup_teardown_taskflow.py
[2023-11-28T00:46:42.285+0000] {logging_mixin.py:154} INFO - [2023-11-28T00:46:42.285+0000] {dag.py:2941} INFO - Sync 1 DAGs
[2023-11-28T00:46:42.307+0000] {logging_mixin.py:154} INFO - [2023-11-28T00:46:42.306+0000] {dag.py:3722} INFO - Setting next_dagrun for example_setup_teardown_taskflow to 2023-11-27T00:46:42.306621+00:00, run_after=2023-11-28T00:46:42.306621+00:00
[2023-11-28T00:46:42.330+0000] {processor.py:179} INFO - Processing /usr/local/lib/python3.10/dist-packages/airflow/example_dags/example_setup_teardown_taskflow.py took 0.081 seconds
[2023-11-28T00:47:24.798+0000] {processor.py:157} INFO - Started process (PID=3681) to work on /usr/local/lib/python3.10/dist-packages/airflow/example_dags/example_setup_teardown_taskflow.py
[2023-11-28T00:47:24.800+0000] {processor.py:829} INFO - Processing file /usr/local/lib/python3.10/dist-packages/airflow/example_dags/example_setup_teardown_taskflow.py for tasks to queue
[2023-11-28T00:47:24.801+0000] {logging_mixin.py:154} INFO - [2023-11-28T00:47:24.800+0000] {dagbag.py:536} INFO - Filling up the DagBag from /usr/local/lib/python3.10/dist-packages/airflow/example_dags/example_setup_teardown_taskflow.py
[2023-11-28T00:47:24.812+0000] {processor.py:839} INFO - DAG(s) dict_keys(['example_setup_teardown_taskflow']) retrieved from /usr/local/lib/python3.10/dist-packages/airflow/example_dags/example_setup_teardown_taskflow.py
[2023-11-28T00:47:24.829+0000] {logging_mixin.py:154} INFO - [2023-11-28T00:47:24.829+0000] {dag.py:2941} INFO - Sync 1 DAGs
[2023-11-28T00:47:24.849+0000] {logging_mixin.py:154} INFO - [2023-11-28T00:47:24.849+0000] {dag.py:3722} INFO - Setting next_dagrun for example_setup_teardown_taskflow to 2023-11-27T00:47:24.849288+00:00, run_after=2023-11-28T00:47:24.849288+00:00
[2023-11-28T00:47:24.872+0000] {processor.py:179} INFO - Processing /usr/local/lib/python3.10/dist-packages/airflow/example_dags/example_setup_teardown_taskflow.py took 0.077 seconds
[2023-11-28T00:48:10.638+0000] {processor.py:157} INFO - Started process (PID=3727) to work on /usr/local/lib/python3.10/dist-packages/airflow/example_dags/example_setup_teardown_taskflow.py
[2023-11-28T00:48:10.640+0000] {processor.py:829} INFO - Processing file /usr/local/lib/python3.10/dist-packages/airflow/example_dags/example_setup_teardown_taskflow.py for tasks to queue
[2023-11-28T00:48:10.641+0000] {logging_mixin.py:154} INFO - [2023-11-28T00:48:10.641+0000] {dagbag.py:536} INFO - Filling up the DagBag from /usr/local/lib/python3.10/dist-packages/airflow/example_dags/example_setup_teardown_taskflow.py
[2023-11-28T00:48:10.653+0000] {processor.py:839} INFO - DAG(s) dict_keys(['example_setup_teardown_taskflow']) retrieved from /usr/local/lib/python3.10/dist-packages/airflow/example_dags/example_setup_teardown_taskflow.py
[2023-11-28T00:48:10.672+0000] {logging_mixin.py:154} INFO - [2023-11-28T00:48:10.672+0000] {dag.py:2941} INFO - Sync 1 DAGs
[2023-11-28T00:48:10.695+0000] {logging_mixin.py:154} INFO - [2023-11-28T00:48:10.694+0000] {dag.py:3722} INFO - Setting next_dagrun for example_setup_teardown_taskflow to 2023-11-27T00:48:10.694515+00:00, run_after=2023-11-28T00:48:10.694515+00:00
[2023-11-28T00:48:10.718+0000] {processor.py:179} INFO - Processing /usr/local/lib/python3.10/dist-packages/airflow/example_dags/example_setup_teardown_taskflow.py took 0.084 seconds
[2023-11-28T00:48:55.161+0000] {processor.py:157} INFO - Started process (PID=3773) to work on /usr/local/lib/python3.10/dist-packages/airflow/example_dags/example_setup_teardown_taskflow.py
[2023-11-28T00:48:55.162+0000] {processor.py:829} INFO - Processing file /usr/local/lib/python3.10/dist-packages/airflow/example_dags/example_setup_teardown_taskflow.py for tasks to queue
[2023-11-28T00:48:55.163+0000] {logging_mixin.py:154} INFO - [2023-11-28T00:48:55.163+0000] {dagbag.py:536} INFO - Filling up the DagBag from /usr/local/lib/python3.10/dist-packages/airflow/example_dags/example_setup_teardown_taskflow.py
[2023-11-28T00:48:55.174+0000] {processor.py:839} INFO - DAG(s) dict_keys(['example_setup_teardown_taskflow']) retrieved from /usr/local/lib/python3.10/dist-packages/airflow/example_dags/example_setup_teardown_taskflow.py
[2023-11-28T00:48:55.192+0000] {logging_mixin.py:154} INFO - [2023-11-28T00:48:55.192+0000] {dag.py:2941} INFO - Sync 1 DAGs
[2023-11-28T00:48:55.213+0000] {logging_mixin.py:154} INFO - [2023-11-28T00:48:55.213+0000] {dag.py:3722} INFO - Setting next_dagrun for example_setup_teardown_taskflow to 2023-11-27T00:48:55.212854+00:00, run_after=2023-11-28T00:48:55.212854+00:00
[2023-11-28T00:48:55.235+0000] {processor.py:179} INFO - Processing /usr/local/lib/python3.10/dist-packages/airflow/example_dags/example_setup_teardown_taskflow.py took 0.078 seconds
[2023-11-28T00:49:39.555+0000] {processor.py:157} INFO - Started process (PID=3820) to work on /usr/local/lib/python3.10/dist-packages/airflow/example_dags/example_setup_teardown_taskflow.py
[2023-11-28T00:49:39.556+0000] {processor.py:829} INFO - Processing file /usr/local/lib/python3.10/dist-packages/airflow/example_dags/example_setup_teardown_taskflow.py for tasks to queue
[2023-11-28T00:49:39.557+0000] {logging_mixin.py:154} INFO - [2023-11-28T00:49:39.557+0000] {dagbag.py:536} INFO - Filling up the DagBag from /usr/local/lib/python3.10/dist-packages/airflow/example_dags/example_setup_teardown_taskflow.py
[2023-11-28T00:49:39.568+0000] {processor.py:839} INFO - DAG(s) dict_keys(['example_setup_teardown_taskflow']) retrieved from /usr/local/lib/python3.10/dist-packages/airflow/example_dags/example_setup_teardown_taskflow.py
[2023-11-28T00:49:39.586+0000] {logging_mixin.py:154} INFO - [2023-11-28T00:49:39.586+0000] {dag.py:2941} INFO - Sync 1 DAGs
[2023-11-28T00:49:39.607+0000] {logging_mixin.py:154} INFO - [2023-11-28T00:49:39.607+0000] {dag.py:3722} INFO - Setting next_dagrun for example_setup_teardown_taskflow to 2023-11-27T00:49:39.607005+00:00, run_after=2023-11-28T00:49:39.607005+00:00
[2023-11-28T00:49:39.629+0000] {processor.py:179} INFO - Processing /usr/local/lib/python3.10/dist-packages/airflow/example_dags/example_setup_teardown_taskflow.py took 0.077 seconds
[2023-11-28T00:50:24.846+0000] {processor.py:157} INFO - Started process (PID=3867) to work on /usr/local/lib/python3.10/dist-packages/airflow/example_dags/example_setup_teardown_taskflow.py
[2023-11-28T00:50:24.848+0000] {processor.py:829} INFO - Processing file /usr/local/lib/python3.10/dist-packages/airflow/example_dags/example_setup_teardown_taskflow.py for tasks to queue
[2023-11-28T00:50:24.850+0000] {logging_mixin.py:154} INFO - [2023-11-28T00:50:24.849+0000] {dagbag.py:536} INFO - Filling up the DagBag from /usr/local/lib/python3.10/dist-packages/airflow/example_dags/example_setup_teardown_taskflow.py
[2023-11-28T00:50:24.862+0000] {processor.py:839} INFO - DAG(s) dict_keys(['example_setup_teardown_taskflow']) retrieved from /usr/local/lib/python3.10/dist-packages/airflow/example_dags/example_setup_teardown_taskflow.py
[2023-11-28T00:50:24.881+0000] {logging_mixin.py:154} INFO - [2023-11-28T00:50:24.881+0000] {dag.py:2941} INFO - Sync 1 DAGs
[2023-11-28T00:50:24.905+0000] {logging_mixin.py:154} INFO - [2023-11-28T00:50:24.905+0000] {dag.py:3722} INFO - Setting next_dagrun for example_setup_teardown_taskflow to 2023-11-27T00:50:24.904918+00:00, run_after=2023-11-28T00:50:24.904918+00:00
[2023-11-28T00:50:24.929+0000] {processor.py:179} INFO - Processing /usr/local/lib/python3.10/dist-packages/airflow/example_dags/example_setup_teardown_taskflow.py took 0.087 seconds
[2023-11-28T00:51:12.812+0000] {processor.py:157} INFO - Started process (PID=3915) to work on /usr/local/lib/python3.10/dist-packages/airflow/example_dags/example_setup_teardown_taskflow.py
[2023-11-28T00:51:12.813+0000] {processor.py:829} INFO - Processing file /usr/local/lib/python3.10/dist-packages/airflow/example_dags/example_setup_teardown_taskflow.py for tasks to queue
[2023-11-28T00:51:12.814+0000] {logging_mixin.py:154} INFO - [2023-11-28T00:51:12.813+0000] {dagbag.py:536} INFO - Filling up the DagBag from /usr/local/lib/python3.10/dist-packages/airflow/example_dags/example_setup_teardown_taskflow.py
[2023-11-28T00:51:12.825+0000] {processor.py:839} INFO - DAG(s) dict_keys(['example_setup_teardown_taskflow']) retrieved from /usr/local/lib/python3.10/dist-packages/airflow/example_dags/example_setup_teardown_taskflow.py
[2023-11-28T00:51:12.843+0000] {logging_mixin.py:154} INFO - [2023-11-28T00:51:12.843+0000] {dag.py:2941} INFO - Sync 1 DAGs
[2023-11-28T00:51:12.865+0000] {logging_mixin.py:154} INFO - [2023-11-28T00:51:12.865+0000] {dag.py:3722} INFO - Setting next_dagrun for example_setup_teardown_taskflow to 2023-11-27T00:51:12.865084+00:00, run_after=2023-11-28T00:51:12.865084+00:00
[2023-11-28T00:51:12.888+0000] {processor.py:179} INFO - Processing /usr/local/lib/python3.10/dist-packages/airflow/example_dags/example_setup_teardown_taskflow.py took 0.080 seconds
[2023-11-28T00:51:59.234+0000] {processor.py:157} INFO - Started process (PID=3964) to work on /usr/local/lib/python3.10/dist-packages/airflow/example_dags/example_setup_teardown_taskflow.py
[2023-11-28T00:51:59.235+0000] {processor.py:829} INFO - Processing file /usr/local/lib/python3.10/dist-packages/airflow/example_dags/example_setup_teardown_taskflow.py for tasks to queue
[2023-11-28T00:51:59.236+0000] {logging_mixin.py:154} INFO - [2023-11-28T00:51:59.236+0000] {dagbag.py:536} INFO - Filling up the DagBag from /usr/local/lib/python3.10/dist-packages/airflow/example_dags/example_setup_teardown_taskflow.py
[2023-11-28T00:51:59.247+0000] {processor.py:839} INFO - DAG(s) dict_keys(['example_setup_teardown_taskflow']) retrieved from /usr/local/lib/python3.10/dist-packages/airflow/example_dags/example_setup_teardown_taskflow.py
[2023-11-28T00:51:59.264+0000] {logging_mixin.py:154} INFO - [2023-11-28T00:51:59.264+0000] {dag.py:2941} INFO - Sync 1 DAGs
[2023-11-28T00:51:59.284+0000] {logging_mixin.py:154} INFO - [2023-11-28T00:51:59.284+0000] {dag.py:3722} INFO - Setting next_dagrun for example_setup_teardown_taskflow to 2023-11-27T00:51:59.284329+00:00, run_after=2023-11-28T00:51:59.284329+00:00
[2023-11-28T00:51:59.306+0000] {processor.py:179} INFO - Processing /usr/local/lib/python3.10/dist-packages/airflow/example_dags/example_setup_teardown_taskflow.py took 0.075 seconds
[2023-11-28T00:52:43.492+0000] {processor.py:157} INFO - Started process (PID=4354) to work on /usr/local/lib/python3.10/dist-packages/airflow/example_dags/example_setup_teardown_taskflow.py
[2023-11-28T00:52:43.494+0000] {processor.py:829} INFO - Processing file /usr/local/lib/python3.10/dist-packages/airflow/example_dags/example_setup_teardown_taskflow.py for tasks to queue
[2023-11-28T00:52:43.495+0000] {logging_mixin.py:154} INFO - [2023-11-28T00:52:43.494+0000] {dagbag.py:536} INFO - Filling up the DagBag from /usr/local/lib/python3.10/dist-packages/airflow/example_dags/example_setup_teardown_taskflow.py
[2023-11-28T00:52:43.505+0000] {processor.py:839} INFO - DAG(s) dict_keys(['example_setup_teardown_taskflow']) retrieved from /usr/local/lib/python3.10/dist-packages/airflow/example_dags/example_setup_teardown_taskflow.py
[2023-11-28T00:52:43.523+0000] {logging_mixin.py:154} INFO - [2023-11-28T00:52:43.523+0000] {dag.py:2941} INFO - Sync 1 DAGs
[2023-11-28T00:52:43.543+0000] {logging_mixin.py:154} INFO - [2023-11-28T00:52:43.543+0000] {dag.py:3722} INFO - Setting next_dagrun for example_setup_teardown_taskflow to 2023-11-27T00:52:43.543461+00:00, run_after=2023-11-28T00:52:43.543461+00:00
[2023-11-28T00:52:43.566+0000] {processor.py:179} INFO - Processing /usr/local/lib/python3.10/dist-packages/airflow/example_dags/example_setup_teardown_taskflow.py took 0.077 seconds
[2023-11-28T00:53:31.699+0000] {processor.py:157} INFO - Started process (PID=4523) to work on /usr/local/lib/python3.10/dist-packages/airflow/example_dags/example_setup_teardown_taskflow.py
[2023-11-28T00:53:31.700+0000] {processor.py:829} INFO - Processing file /usr/local/lib/python3.10/dist-packages/airflow/example_dags/example_setup_teardown_taskflow.py for tasks to queue
[2023-11-28T00:53:31.701+0000] {logging_mixin.py:154} INFO - [2023-11-28T00:53:31.701+0000] {dagbag.py:536} INFO - Filling up the DagBag from /usr/local/lib/python3.10/dist-packages/airflow/example_dags/example_setup_teardown_taskflow.py
[2023-11-28T00:53:31.712+0000] {processor.py:839} INFO - DAG(s) dict_keys(['example_setup_teardown_taskflow']) retrieved from /usr/local/lib/python3.10/dist-packages/airflow/example_dags/example_setup_teardown_taskflow.py
[2023-11-28T00:53:31.731+0000] {logging_mixin.py:154} INFO - [2023-11-28T00:53:31.730+0000] {dag.py:2941} INFO - Sync 1 DAGs
[2023-11-28T00:53:31.751+0000] {logging_mixin.py:154} INFO - [2023-11-28T00:53:31.751+0000] {dag.py:3722} INFO - Setting next_dagrun for example_setup_teardown_taskflow to 2023-11-27T00:53:31.751484+00:00, run_after=2023-11-28T00:53:31.751484+00:00
[2023-11-28T00:53:31.800+0000] {processor.py:179} INFO - Processing /usr/local/lib/python3.10/dist-packages/airflow/example_dags/example_setup_teardown_taskflow.py took 0.104 seconds
[2023-11-28T00:54:15.438+0000] {processor.py:157} INFO - Started process (PID=4883) to work on /usr/local/lib/python3.10/dist-packages/airflow/example_dags/example_setup_teardown_taskflow.py
[2023-11-28T00:54:15.440+0000] {processor.py:829} INFO - Processing file /usr/local/lib/python3.10/dist-packages/airflow/example_dags/example_setup_teardown_taskflow.py for tasks to queue
[2023-11-28T00:54:15.441+0000] {logging_mixin.py:154} INFO - [2023-11-28T00:54:15.440+0000] {dagbag.py:536} INFO - Filling up the DagBag from /usr/local/lib/python3.10/dist-packages/airflow/example_dags/example_setup_teardown_taskflow.py
[2023-11-28T00:54:15.452+0000] {processor.py:839} INFO - DAG(s) dict_keys(['example_setup_teardown_taskflow']) retrieved from /usr/local/lib/python3.10/dist-packages/airflow/example_dags/example_setup_teardown_taskflow.py
[2023-11-28T00:54:15.470+0000] {logging_mixin.py:154} INFO - [2023-11-28T00:54:15.469+0000] {dag.py:2941} INFO - Sync 1 DAGs
[2023-11-28T00:54:15.491+0000] {logging_mixin.py:154} INFO - [2023-11-28T00:54:15.490+0000] {dag.py:3722} INFO - Setting next_dagrun for example_setup_teardown_taskflow to 2023-11-27T00:54:15.490679+00:00, run_after=2023-11-28T00:54:15.490679+00:00
[2023-11-28T00:54:15.514+0000] {processor.py:179} INFO - Processing /usr/local/lib/python3.10/dist-packages/airflow/example_dags/example_setup_teardown_taskflow.py took 0.079 seconds
[2023-11-28T00:54:58.091+0000] {processor.py:157} INFO - Started process (PID=4927) to work on /usr/local/lib/python3.10/dist-packages/airflow/example_dags/example_setup_teardown_taskflow.py
[2023-11-28T00:54:58.093+0000] {processor.py:829} INFO - Processing file /usr/local/lib/python3.10/dist-packages/airflow/example_dags/example_setup_teardown_taskflow.py for tasks to queue
[2023-11-28T00:54:58.094+0000] {logging_mixin.py:154} INFO - [2023-11-28T00:54:58.093+0000] {dagbag.py:536} INFO - Filling up the DagBag from /usr/local/lib/python3.10/dist-packages/airflow/example_dags/example_setup_teardown_taskflow.py
[2023-11-28T00:54:58.105+0000] {processor.py:839} INFO - DAG(s) dict_keys(['example_setup_teardown_taskflow']) retrieved from /usr/local/lib/python3.10/dist-packages/airflow/example_dags/example_setup_teardown_taskflow.py
[2023-11-28T00:54:58.123+0000] {logging_mixin.py:154} INFO - [2023-11-28T00:54:58.123+0000] {dag.py:2941} INFO - Sync 1 DAGs
[2023-11-28T00:54:58.145+0000] {logging_mixin.py:154} INFO - [2023-11-28T00:54:58.145+0000] {dag.py:3722} INFO - Setting next_dagrun for example_setup_teardown_taskflow to 2023-11-27T00:54:58.145015+00:00, run_after=2023-11-28T00:54:58.145015+00:00
[2023-11-28T00:54:58.168+0000] {processor.py:179} INFO - Processing /usr/local/lib/python3.10/dist-packages/airflow/example_dags/example_setup_teardown_taskflow.py took 0.080 seconds
[2023-11-28T00:55:44.958+0000] {processor.py:157} INFO - Started process (PID=4976) to work on /usr/local/lib/python3.10/dist-packages/airflow/example_dags/example_setup_teardown_taskflow.py
[2023-11-28T00:55:44.960+0000] {processor.py:829} INFO - Processing file /usr/local/lib/python3.10/dist-packages/airflow/example_dags/example_setup_teardown_taskflow.py for tasks to queue
[2023-11-28T00:55:44.960+0000] {logging_mixin.py:154} INFO - [2023-11-28T00:55:44.960+0000] {dagbag.py:536} INFO - Filling up the DagBag from /usr/local/lib/python3.10/dist-packages/airflow/example_dags/example_setup_teardown_taskflow.py
[2023-11-28T00:55:44.972+0000] {processor.py:839} INFO - DAG(s) dict_keys(['example_setup_teardown_taskflow']) retrieved from /usr/local/lib/python3.10/dist-packages/airflow/example_dags/example_setup_teardown_taskflow.py
[2023-11-28T00:55:44.991+0000] {logging_mixin.py:154} INFO - [2023-11-28T00:55:44.991+0000] {dag.py:2941} INFO - Sync 1 DAGs
[2023-11-28T00:55:45.015+0000] {logging_mixin.py:154} INFO - [2023-11-28T00:55:45.015+0000] {dag.py:3722} INFO - Setting next_dagrun for example_setup_teardown_taskflow to 2023-11-27T00:55:45.014770+00:00, run_after=2023-11-28T00:55:45.014770+00:00
[2023-11-28T00:55:45.039+0000] {processor.py:179} INFO - Processing /usr/local/lib/python3.10/dist-packages/airflow/example_dags/example_setup_teardown_taskflow.py took 0.085 seconds
[2023-11-28T00:56:30.800+0000] {processor.py:157} INFO - Started process (PID=5340) to work on /usr/local/lib/python3.10/dist-packages/airflow/example_dags/example_setup_teardown_taskflow.py
[2023-11-28T00:56:30.801+0000] {processor.py:829} INFO - Processing file /usr/local/lib/python3.10/dist-packages/airflow/example_dags/example_setup_teardown_taskflow.py for tasks to queue
[2023-11-28T00:56:30.802+0000] {logging_mixin.py:154} INFO - [2023-11-28T00:56:30.801+0000] {dagbag.py:536} INFO - Filling up the DagBag from /usr/local/lib/python3.10/dist-packages/airflow/example_dags/example_setup_teardown_taskflow.py
[2023-11-28T00:56:30.813+0000] {processor.py:839} INFO - DAG(s) dict_keys(['example_setup_teardown_taskflow']) retrieved from /usr/local/lib/python3.10/dist-packages/airflow/example_dags/example_setup_teardown_taskflow.py
[2023-11-28T00:56:30.831+0000] {logging_mixin.py:154} INFO - [2023-11-28T00:56:30.831+0000] {dag.py:2941} INFO - Sync 1 DAGs
[2023-11-28T00:56:30.852+0000] {logging_mixin.py:154} INFO - [2023-11-28T00:56:30.851+0000] {dag.py:3722} INFO - Setting next_dagrun for example_setup_teardown_taskflow to 2023-11-27T00:56:30.851527+00:00, run_after=2023-11-28T00:56:30.851527+00:00
[2023-11-28T00:56:30.902+0000] {processor.py:179} INFO - Processing /usr/local/lib/python3.10/dist-packages/airflow/example_dags/example_setup_teardown_taskflow.py took 0.106 seconds
[2023-11-28T00:57:18.588+0000] {processor.py:157} INFO - Started process (PID=5392) to work on /usr/local/lib/python3.10/dist-packages/airflow/example_dags/example_setup_teardown_taskflow.py
[2023-11-28T00:57:18.589+0000] {processor.py:829} INFO - Processing file /usr/local/lib/python3.10/dist-packages/airflow/example_dags/example_setup_teardown_taskflow.py for tasks to queue
[2023-11-28T00:57:18.590+0000] {logging_mixin.py:154} INFO - [2023-11-28T00:57:18.590+0000] {dagbag.py:536} INFO - Filling up the DagBag from /usr/local/lib/python3.10/dist-packages/airflow/example_dags/example_setup_teardown_taskflow.py
[2023-11-28T00:57:18.601+0000] {processor.py:839} INFO - DAG(s) dict_keys(['example_setup_teardown_taskflow']) retrieved from /usr/local/lib/python3.10/dist-packages/airflow/example_dags/example_setup_teardown_taskflow.py
[2023-11-28T00:57:18.620+0000] {logging_mixin.py:154} INFO - [2023-11-28T00:57:18.620+0000] {dag.py:2941} INFO - Sync 1 DAGs
[2023-11-28T00:57:18.641+0000] {logging_mixin.py:154} INFO - [2023-11-28T00:57:18.640+0000] {dag.py:3722} INFO - Setting next_dagrun for example_setup_teardown_taskflow to 2023-11-27T00:57:18.640496+00:00, run_after=2023-11-28T00:57:18.640496+00:00
[2023-11-28T00:57:18.664+0000] {processor.py:179} INFO - Processing /usr/local/lib/python3.10/dist-packages/airflow/example_dags/example_setup_teardown_taskflow.py took 0.080 seconds
[2023-11-28T00:58:05.419+0000] {processor.py:157} INFO - Started process (PID=5439) to work on /usr/local/lib/python3.10/dist-packages/airflow/example_dags/example_setup_teardown_taskflow.py
[2023-11-28T00:58:05.421+0000] {processor.py:829} INFO - Processing file /usr/local/lib/python3.10/dist-packages/airflow/example_dags/example_setup_teardown_taskflow.py for tasks to queue
[2023-11-28T00:58:05.421+0000] {logging_mixin.py:154} INFO - [2023-11-28T00:58:05.421+0000] {dagbag.py:536} INFO - Filling up the DagBag from /usr/local/lib/python3.10/dist-packages/airflow/example_dags/example_setup_teardown_taskflow.py
[2023-11-28T00:58:05.432+0000] {processor.py:839} INFO - DAG(s) dict_keys(['example_setup_teardown_taskflow']) retrieved from /usr/local/lib/python3.10/dist-packages/airflow/example_dags/example_setup_teardown_taskflow.py
[2023-11-28T00:58:05.451+0000] {logging_mixin.py:154} INFO - [2023-11-28T00:58:05.451+0000] {dag.py:2941} INFO - Sync 1 DAGs
[2023-11-28T00:58:05.472+0000] {logging_mixin.py:154} INFO - [2023-11-28T00:58:05.472+0000] {dag.py:3722} INFO - Setting next_dagrun for example_setup_teardown_taskflow to 2023-11-27T00:58:05.472354+00:00, run_after=2023-11-28T00:58:05.472354+00:00
[2023-11-28T00:58:05.496+0000] {processor.py:179} INFO - Processing /usr/local/lib/python3.10/dist-packages/airflow/example_dags/example_setup_teardown_taskflow.py took 0.080 seconds
[2023-11-28T00:58:50.830+0000] {processor.py:157} INFO - Started process (PID=5486) to work on /usr/local/lib/python3.10/dist-packages/airflow/example_dags/example_setup_teardown_taskflow.py
[2023-11-28T00:58:50.831+0000] {processor.py:829} INFO - Processing file /usr/local/lib/python3.10/dist-packages/airflow/example_dags/example_setup_teardown_taskflow.py for tasks to queue
[2023-11-28T00:58:50.832+0000] {logging_mixin.py:154} INFO - [2023-11-28T00:58:50.832+0000] {dagbag.py:536} INFO - Filling up the DagBag from /usr/local/lib/python3.10/dist-packages/airflow/example_dags/example_setup_teardown_taskflow.py
[2023-11-28T00:58:50.844+0000] {processor.py:839} INFO - DAG(s) dict_keys(['example_setup_teardown_taskflow']) retrieved from /usr/local/lib/python3.10/dist-packages/airflow/example_dags/example_setup_teardown_taskflow.py
[2023-11-28T00:58:50.863+0000] {logging_mixin.py:154} INFO - [2023-11-28T00:58:50.862+0000] {dag.py:2941} INFO - Sync 1 DAGs
[2023-11-28T00:58:50.884+0000] {logging_mixin.py:154} INFO - [2023-11-28T00:58:50.884+0000] {dag.py:3722} INFO - Setting next_dagrun for example_setup_teardown_taskflow to 2023-11-27T00:58:50.883756+00:00, run_after=2023-11-28T00:58:50.883756+00:00
[2023-11-28T00:58:50.906+0000] {processor.py:179} INFO - Processing /usr/local/lib/python3.10/dist-packages/airflow/example_dags/example_setup_teardown_taskflow.py took 0.080 seconds
[2023-11-28T00:59:36.485+0000] {processor.py:157} INFO - Started process (PID=5534) to work on /usr/local/lib/python3.10/dist-packages/airflow/example_dags/example_setup_teardown_taskflow.py
[2023-11-28T00:59:36.486+0000] {processor.py:829} INFO - Processing file /usr/local/lib/python3.10/dist-packages/airflow/example_dags/example_setup_teardown_taskflow.py for tasks to queue
[2023-11-28T00:59:36.487+0000] {logging_mixin.py:154} INFO - [2023-11-28T00:59:36.487+0000] {dagbag.py:536} INFO - Filling up the DagBag from /usr/local/lib/python3.10/dist-packages/airflow/example_dags/example_setup_teardown_taskflow.py
[2023-11-28T00:59:36.499+0000] {processor.py:839} INFO - DAG(s) dict_keys(['example_setup_teardown_taskflow']) retrieved from /usr/local/lib/python3.10/dist-packages/airflow/example_dags/example_setup_teardown_taskflow.py
[2023-11-28T00:59:36.518+0000] {logging_mixin.py:154} INFO - [2023-11-28T00:59:36.517+0000] {dag.py:2941} INFO - Sync 1 DAGs
[2023-11-28T00:59:36.540+0000] {logging_mixin.py:154} INFO - [2023-11-28T00:59:36.540+0000] {dag.py:3722} INFO - Setting next_dagrun for example_setup_teardown_taskflow to 2023-11-27T00:59:36.540197+00:00, run_after=2023-11-28T00:59:36.540197+00:00
[2023-11-28T00:59:36.564+0000] {processor.py:179} INFO - Processing /usr/local/lib/python3.10/dist-packages/airflow/example_dags/example_setup_teardown_taskflow.py took 0.083 seconds
[2023-11-28T01:00:18.789+0000] {processor.py:157} INFO - Started process (PID=5578) to work on /usr/local/lib/python3.10/dist-packages/airflow/example_dags/example_setup_teardown_taskflow.py
[2023-11-28T01:00:18.790+0000] {processor.py:829} INFO - Processing file /usr/local/lib/python3.10/dist-packages/airflow/example_dags/example_setup_teardown_taskflow.py for tasks to queue
[2023-11-28T01:00:18.791+0000] {logging_mixin.py:154} INFO - [2023-11-28T01:00:18.791+0000] {dagbag.py:536} INFO - Filling up the DagBag from /usr/local/lib/python3.10/dist-packages/airflow/example_dags/example_setup_teardown_taskflow.py
[2023-11-28T01:00:18.803+0000] {processor.py:839} INFO - DAG(s) dict_keys(['example_setup_teardown_taskflow']) retrieved from /usr/local/lib/python3.10/dist-packages/airflow/example_dags/example_setup_teardown_taskflow.py
[2023-11-28T01:00:18.821+0000] {logging_mixin.py:154} INFO - [2023-11-28T01:00:18.820+0000] {dag.py:2941} INFO - Sync 1 DAGs
[2023-11-28T01:00:18.841+0000] {logging_mixin.py:154} INFO - [2023-11-28T01:00:18.841+0000] {dag.py:3722} INFO - Setting next_dagrun for example_setup_teardown_taskflow to 2023-11-27T01:00:18.841147+00:00, run_after=2023-11-28T01:00:18.841147+00:00
[2023-11-28T01:00:18.864+0000] {processor.py:179} INFO - Processing /usr/local/lib/python3.10/dist-packages/airflow/example_dags/example_setup_teardown_taskflow.py took 0.078 seconds
[2023-11-28T01:01:05.507+0000] {processor.py:157} INFO - Started process (PID=5625) to work on /usr/local/lib/python3.10/dist-packages/airflow/example_dags/example_setup_teardown_taskflow.py
[2023-11-28T01:01:05.509+0000] {processor.py:829} INFO - Processing file /usr/local/lib/python3.10/dist-packages/airflow/example_dags/example_setup_teardown_taskflow.py for tasks to queue
[2023-11-28T01:01:05.510+0000] {logging_mixin.py:154} INFO - [2023-11-28T01:01:05.509+0000] {dagbag.py:536} INFO - Filling up the DagBag from /usr/local/lib/python3.10/dist-packages/airflow/example_dags/example_setup_teardown_taskflow.py
[2023-11-28T01:01:05.521+0000] {processor.py:839} INFO - DAG(s) dict_keys(['example_setup_teardown_taskflow']) retrieved from /usr/local/lib/python3.10/dist-packages/airflow/example_dags/example_setup_teardown_taskflow.py
[2023-11-28T01:01:05.540+0000] {logging_mixin.py:154} INFO - [2023-11-28T01:01:05.539+0000] {dag.py:2941} INFO - Sync 1 DAGs
[2023-11-28T01:01:05.561+0000] {logging_mixin.py:154} INFO - [2023-11-28T01:01:05.561+0000] {dag.py:3722} INFO - Setting next_dagrun for example_setup_teardown_taskflow to 2023-11-27T01:01:05.561266+00:00, run_after=2023-11-28T01:01:05.561266+00:00
[2023-11-28T01:01:05.585+0000] {processor.py:179} INFO - Processing /usr/local/lib/python3.10/dist-packages/airflow/example_dags/example_setup_teardown_taskflow.py took 0.081 seconds
[2023-11-28T01:01:49.561+0000] {processor.py:157} INFO - Started process (PID=5672) to work on /usr/local/lib/python3.10/dist-packages/airflow/example_dags/example_setup_teardown_taskflow.py
[2023-11-28T01:01:49.562+0000] {processor.py:829} INFO - Processing file /usr/local/lib/python3.10/dist-packages/airflow/example_dags/example_setup_teardown_taskflow.py for tasks to queue
[2023-11-28T01:01:49.563+0000] {logging_mixin.py:154} INFO - [2023-11-28T01:01:49.563+0000] {dagbag.py:536} INFO - Filling up the DagBag from /usr/local/lib/python3.10/dist-packages/airflow/example_dags/example_setup_teardown_taskflow.py
[2023-11-28T01:01:49.574+0000] {processor.py:839} INFO - DAG(s) dict_keys(['example_setup_teardown_taskflow']) retrieved from /usr/local/lib/python3.10/dist-packages/airflow/example_dags/example_setup_teardown_taskflow.py
[2023-11-28T01:01:49.593+0000] {logging_mixin.py:154} INFO - [2023-11-28T01:01:49.592+0000] {dag.py:2941} INFO - Sync 1 DAGs
[2023-11-28T01:01:49.613+0000] {logging_mixin.py:154} INFO - [2023-11-28T01:01:49.613+0000] {dag.py:3722} INFO - Setting next_dagrun for example_setup_teardown_taskflow to 2023-11-27T01:01:49.613354+00:00, run_after=2023-11-28T01:01:49.613354+00:00
[2023-11-28T01:01:49.637+0000] {processor.py:179} INFO - Processing /usr/local/lib/python3.10/dist-packages/airflow/example_dags/example_setup_teardown_taskflow.py took 0.080 seconds
[2023-11-28T01:02:35.647+0000] {processor.py:157} INFO - Started process (PID=5721) to work on /usr/local/lib/python3.10/dist-packages/airflow/example_dags/example_setup_teardown_taskflow.py
[2023-11-28T01:02:35.649+0000] {processor.py:829} INFO - Processing file /usr/local/lib/python3.10/dist-packages/airflow/example_dags/example_setup_teardown_taskflow.py for tasks to queue
[2023-11-28T01:02:35.650+0000] {logging_mixin.py:154} INFO - [2023-11-28T01:02:35.649+0000] {dagbag.py:536} INFO - Filling up the DagBag from /usr/local/lib/python3.10/dist-packages/airflow/example_dags/example_setup_teardown_taskflow.py
[2023-11-28T01:02:35.661+0000] {processor.py:839} INFO - DAG(s) dict_keys(['example_setup_teardown_taskflow']) retrieved from /usr/local/lib/python3.10/dist-packages/airflow/example_dags/example_setup_teardown_taskflow.py
[2023-11-28T01:02:35.679+0000] {logging_mixin.py:154} INFO - [2023-11-28T01:02:35.679+0000] {dag.py:2941} INFO - Sync 1 DAGs
[2023-11-28T01:02:35.701+0000] {logging_mixin.py:154} INFO - [2023-11-28T01:02:35.701+0000] {dag.py:3722} INFO - Setting next_dagrun for example_setup_teardown_taskflow to 2023-11-27T01:02:35.700984+00:00, run_after=2023-11-28T01:02:35.700984+00:00
[2023-11-28T01:02:35.725+0000] {processor.py:179} INFO - Processing /usr/local/lib/python3.10/dist-packages/airflow/example_dags/example_setup_teardown_taskflow.py took 0.081 seconds
[2023-11-28T01:03:20.972+0000] {processor.py:157} INFO - Started process (PID=5766) to work on /usr/local/lib/python3.10/dist-packages/airflow/example_dags/example_setup_teardown_taskflow.py
[2023-11-28T01:03:20.974+0000] {processor.py:829} INFO - Processing file /usr/local/lib/python3.10/dist-packages/airflow/example_dags/example_setup_teardown_taskflow.py for tasks to queue
[2023-11-28T01:03:20.975+0000] {logging_mixin.py:154} INFO - [2023-11-28T01:03:20.974+0000] {dagbag.py:536} INFO - Filling up the DagBag from /usr/local/lib/python3.10/dist-packages/airflow/example_dags/example_setup_teardown_taskflow.py
[2023-11-28T01:03:20.987+0000] {processor.py:839} INFO - DAG(s) dict_keys(['example_setup_teardown_taskflow']) retrieved from /usr/local/lib/python3.10/dist-packages/airflow/example_dags/example_setup_teardown_taskflow.py
[2023-11-28T01:03:21.006+0000] {logging_mixin.py:154} INFO - [2023-11-28T01:03:21.006+0000] {dag.py:2941} INFO - Sync 1 DAGs
[2023-11-28T01:03:21.028+0000] {logging_mixin.py:154} INFO - [2023-11-28T01:03:21.028+0000] {dag.py:3722} INFO - Setting next_dagrun for example_setup_teardown_taskflow to 2023-11-27T01:03:21.028216+00:00, run_after=2023-11-28T01:03:21.028216+00:00
[2023-11-28T01:03:21.052+0000] {processor.py:179} INFO - Processing /usr/local/lib/python3.10/dist-packages/airflow/example_dags/example_setup_teardown_taskflow.py took 0.083 seconds
[2023-11-28T01:04:05.436+0000] {processor.py:157} INFO - Started process (PID=5926) to work on /usr/local/lib/python3.10/dist-packages/airflow/example_dags/example_setup_teardown_taskflow.py
[2023-11-28T01:04:05.438+0000] {processor.py:829} INFO - Processing file /usr/local/lib/python3.10/dist-packages/airflow/example_dags/example_setup_teardown_taskflow.py for tasks to queue
[2023-11-28T01:04:05.439+0000] {logging_mixin.py:154} INFO - [2023-11-28T01:04:05.438+0000] {dagbag.py:536} INFO - Filling up the DagBag from /usr/local/lib/python3.10/dist-packages/airflow/example_dags/example_setup_teardown_taskflow.py
[2023-11-28T01:04:05.450+0000] {processor.py:839} INFO - DAG(s) dict_keys(['example_setup_teardown_taskflow']) retrieved from /usr/local/lib/python3.10/dist-packages/airflow/example_dags/example_setup_teardown_taskflow.py
[2023-11-28T01:04:05.469+0000] {logging_mixin.py:154} INFO - [2023-11-28T01:04:05.469+0000] {dag.py:2941} INFO - Sync 1 DAGs
[2023-11-28T01:04:05.491+0000] {logging_mixin.py:154} INFO - [2023-11-28T01:04:05.491+0000] {dag.py:3722} INFO - Setting next_dagrun for example_setup_teardown_taskflow to 2023-11-27T01:04:05.491467+00:00, run_after=2023-11-28T01:04:05.491467+00:00
[2023-11-28T01:04:05.515+0000] {processor.py:179} INFO - Processing /usr/local/lib/python3.10/dist-packages/airflow/example_dags/example_setup_teardown_taskflow.py took 0.082 seconds
[2023-11-28T01:04:47.477+0000] {processor.py:157} INFO - Started process (PID=5972) to work on /usr/local/lib/python3.10/dist-packages/airflow/example_dags/example_setup_teardown_taskflow.py
[2023-11-28T01:04:47.478+0000] {processor.py:829} INFO - Processing file /usr/local/lib/python3.10/dist-packages/airflow/example_dags/example_setup_teardown_taskflow.py for tasks to queue
[2023-11-28T01:04:47.479+0000] {logging_mixin.py:154} INFO - [2023-11-28T01:04:47.479+0000] {dagbag.py:536} INFO - Filling up the DagBag from /usr/local/lib/python3.10/dist-packages/airflow/example_dags/example_setup_teardown_taskflow.py
[2023-11-28T01:04:47.490+0000] {processor.py:839} INFO - DAG(s) dict_keys(['example_setup_teardown_taskflow']) retrieved from /usr/local/lib/python3.10/dist-packages/airflow/example_dags/example_setup_teardown_taskflow.py
[2023-11-28T01:04:47.508+0000] {logging_mixin.py:154} INFO - [2023-11-28T01:04:47.507+0000] {dag.py:2941} INFO - Sync 1 DAGs
[2023-11-28T01:04:47.528+0000] {logging_mixin.py:154} INFO - [2023-11-28T01:04:47.528+0000] {dag.py:3722} INFO - Setting next_dagrun for example_setup_teardown_taskflow to 2023-11-27T01:04:47.527919+00:00, run_after=2023-11-28T01:04:47.527919+00:00
[2023-11-28T01:04:47.550+0000] {processor.py:179} INFO - Processing /usr/local/lib/python3.10/dist-packages/airflow/example_dags/example_setup_teardown_taskflow.py took 0.077 seconds
[2023-11-28T01:05:32.100+0000] {processor.py:157} INFO - Started process (PID=6018) to work on /usr/local/lib/python3.10/dist-packages/airflow/example_dags/example_setup_teardown_taskflow.py
[2023-11-28T01:05:32.101+0000] {processor.py:829} INFO - Processing file /usr/local/lib/python3.10/dist-packages/airflow/example_dags/example_setup_teardown_taskflow.py for tasks to queue
[2023-11-28T01:05:32.102+0000] {logging_mixin.py:154} INFO - [2023-11-28T01:05:32.102+0000] {dagbag.py:536} INFO - Filling up the DagBag from /usr/local/lib/python3.10/dist-packages/airflow/example_dags/example_setup_teardown_taskflow.py
[2023-11-28T01:05:32.114+0000] {processor.py:839} INFO - DAG(s) dict_keys(['example_setup_teardown_taskflow']) retrieved from /usr/local/lib/python3.10/dist-packages/airflow/example_dags/example_setup_teardown_taskflow.py
[2023-11-28T01:05:32.133+0000] {logging_mixin.py:154} INFO - [2023-11-28T01:05:32.133+0000] {dag.py:2941} INFO - Sync 1 DAGs
[2023-11-28T01:05:32.155+0000] {logging_mixin.py:154} INFO - [2023-11-28T01:05:32.155+0000] {dag.py:3722} INFO - Setting next_dagrun for example_setup_teardown_taskflow to 2023-11-27T01:05:32.155442+00:00, run_after=2023-11-28T01:05:32.155442+00:00
[2023-11-28T01:05:32.180+0000] {processor.py:179} INFO - Processing /usr/local/lib/python3.10/dist-packages/airflow/example_dags/example_setup_teardown_taskflow.py took 0.084 seconds
[2023-11-28T01:06:20.146+0000] {processor.py:157} INFO - Started process (PID=6067) to work on /usr/local/lib/python3.10/dist-packages/airflow/example_dags/example_setup_teardown_taskflow.py
[2023-11-28T01:06:20.147+0000] {processor.py:829} INFO - Processing file /usr/local/lib/python3.10/dist-packages/airflow/example_dags/example_setup_teardown_taskflow.py for tasks to queue
[2023-11-28T01:06:20.148+0000] {logging_mixin.py:154} INFO - [2023-11-28T01:06:20.148+0000] {dagbag.py:536} INFO - Filling up the DagBag from /usr/local/lib/python3.10/dist-packages/airflow/example_dags/example_setup_teardown_taskflow.py
[2023-11-28T01:06:20.159+0000] {processor.py:839} INFO - DAG(s) dict_keys(['example_setup_teardown_taskflow']) retrieved from /usr/local/lib/python3.10/dist-packages/airflow/example_dags/example_setup_teardown_taskflow.py
[2023-11-28T01:06:20.178+0000] {logging_mixin.py:154} INFO - [2023-11-28T01:06:20.178+0000] {dag.py:2941} INFO - Sync 1 DAGs
[2023-11-28T01:06:20.199+0000] {logging_mixin.py:154} INFO - [2023-11-28T01:06:20.198+0000] {dag.py:3722} INFO - Setting next_dagrun for example_setup_teardown_taskflow to 2023-11-27T01:06:20.198550+00:00, run_after=2023-11-28T01:06:20.198550+00:00
[2023-11-28T01:06:20.221+0000] {processor.py:179} INFO - Processing /usr/local/lib/python3.10/dist-packages/airflow/example_dags/example_setup_teardown_taskflow.py took 0.079 seconds
[2023-11-28T01:07:05.725+0000] {processor.py:157} INFO - Started process (PID=6113) to work on /usr/local/lib/python3.10/dist-packages/airflow/example_dags/example_setup_teardown_taskflow.py
[2023-11-28T01:07:05.726+0000] {processor.py:829} INFO - Processing file /usr/local/lib/python3.10/dist-packages/airflow/example_dags/example_setup_teardown_taskflow.py for tasks to queue
[2023-11-28T01:07:05.727+0000] {logging_mixin.py:154} INFO - [2023-11-28T01:07:05.727+0000] {dagbag.py:536} INFO - Filling up the DagBag from /usr/local/lib/python3.10/dist-packages/airflow/example_dags/example_setup_teardown_taskflow.py
[2023-11-28T01:07:05.739+0000] {processor.py:839} INFO - DAG(s) dict_keys(['example_setup_teardown_taskflow']) retrieved from /usr/local/lib/python3.10/dist-packages/airflow/example_dags/example_setup_teardown_taskflow.py
[2023-11-28T01:07:05.758+0000] {logging_mixin.py:154} INFO - [2023-11-28T01:07:05.757+0000] {dag.py:2941} INFO - Sync 1 DAGs
[2023-11-28T01:07:05.780+0000] {logging_mixin.py:154} INFO - [2023-11-28T01:07:05.780+0000] {dag.py:3722} INFO - Setting next_dagrun for example_setup_teardown_taskflow to 2023-11-27T01:07:05.780406+00:00, run_after=2023-11-28T01:07:05.780406+00:00
[2023-11-28T01:07:05.804+0000] {processor.py:179} INFO - Processing /usr/local/lib/python3.10/dist-packages/airflow/example_dags/example_setup_teardown_taskflow.py took 0.082 seconds
[2023-11-28T01:07:54.030+0000] {processor.py:157} INFO - Started process (PID=6162) to work on /usr/local/lib/python3.10/dist-packages/airflow/example_dags/example_setup_teardown_taskflow.py
[2023-11-28T01:07:54.032+0000] {processor.py:829} INFO - Processing file /usr/local/lib/python3.10/dist-packages/airflow/example_dags/example_setup_teardown_taskflow.py for tasks to queue
[2023-11-28T01:07:54.033+0000] {logging_mixin.py:154} INFO - [2023-11-28T01:07:54.032+0000] {dagbag.py:536} INFO - Filling up the DagBag from /usr/local/lib/python3.10/dist-packages/airflow/example_dags/example_setup_teardown_taskflow.py
[2023-11-28T01:07:54.044+0000] {processor.py:839} INFO - DAG(s) dict_keys(['example_setup_teardown_taskflow']) retrieved from /usr/local/lib/python3.10/dist-packages/airflow/example_dags/example_setup_teardown_taskflow.py
[2023-11-28T01:07:54.061+0000] {logging_mixin.py:154} INFO - [2023-11-28T01:07:54.061+0000] {dag.py:2941} INFO - Sync 1 DAGs
[2023-11-28T01:07:54.082+0000] {logging_mixin.py:154} INFO - [2023-11-28T01:07:54.081+0000] {dag.py:3722} INFO - Setting next_dagrun for example_setup_teardown_taskflow to 2023-11-27T01:07:54.081731+00:00, run_after=2023-11-28T01:07:54.081731+00:00
[2023-11-28T01:07:54.105+0000] {processor.py:179} INFO - Processing /usr/local/lib/python3.10/dist-packages/airflow/example_dags/example_setup_teardown_taskflow.py took 0.078 seconds
[2023-11-28T01:08:41.533+0000] {processor.py:157} INFO - Started process (PID=6213) to work on /usr/local/lib/python3.10/dist-packages/airflow/example_dags/example_setup_teardown_taskflow.py
[2023-11-28T01:08:41.535+0000] {processor.py:829} INFO - Processing file /usr/local/lib/python3.10/dist-packages/airflow/example_dags/example_setup_teardown_taskflow.py for tasks to queue
[2023-11-28T01:08:41.536+0000] {logging_mixin.py:154} INFO - [2023-11-28T01:08:41.535+0000] {dagbag.py:536} INFO - Filling up the DagBag from /usr/local/lib/python3.10/dist-packages/airflow/example_dags/example_setup_teardown_taskflow.py
[2023-11-28T01:08:41.547+0000] {processor.py:839} INFO - DAG(s) dict_keys(['example_setup_teardown_taskflow']) retrieved from /usr/local/lib/python3.10/dist-packages/airflow/example_dags/example_setup_teardown_taskflow.py
[2023-11-28T01:08:41.565+0000] {logging_mixin.py:154} INFO - [2023-11-28T01:08:41.565+0000] {dag.py:2941} INFO - Sync 1 DAGs
[2023-11-28T01:08:41.586+0000] {logging_mixin.py:154} INFO - [2023-11-28T01:08:41.586+0000] {dag.py:3722} INFO - Setting next_dagrun for example_setup_teardown_taskflow to 2023-11-27T01:08:41.586365+00:00, run_after=2023-11-28T01:08:41.586365+00:00
[2023-11-28T01:08:41.610+0000] {processor.py:179} INFO - Processing /usr/local/lib/python3.10/dist-packages/airflow/example_dags/example_setup_teardown_taskflow.py took 0.080 seconds
[2023-11-28T01:09:22.734+0000] {processor.py:157} INFO - Started process (PID=6258) to work on /usr/local/lib/python3.10/dist-packages/airflow/example_dags/example_setup_teardown_taskflow.py
[2023-11-28T01:09:22.736+0000] {processor.py:829} INFO - Processing file /usr/local/lib/python3.10/dist-packages/airflow/example_dags/example_setup_teardown_taskflow.py for tasks to queue
[2023-11-28T01:09:22.736+0000] {logging_mixin.py:154} INFO - [2023-11-28T01:09:22.736+0000] {dagbag.py:536} INFO - Filling up the DagBag from /usr/local/lib/python3.10/dist-packages/airflow/example_dags/example_setup_teardown_taskflow.py
[2023-11-28T01:09:22.748+0000] {processor.py:839} INFO - DAG(s) dict_keys(['example_setup_teardown_taskflow']) retrieved from /usr/local/lib/python3.10/dist-packages/airflow/example_dags/example_setup_teardown_taskflow.py
[2023-11-28T01:09:22.766+0000] {logging_mixin.py:154} INFO - [2023-11-28T01:09:22.766+0000] {dag.py:2941} INFO - Sync 1 DAGs
[2023-11-28T01:09:22.787+0000] {logging_mixin.py:154} INFO - [2023-11-28T01:09:22.787+0000] {dag.py:3722} INFO - Setting next_dagrun for example_setup_teardown_taskflow to 2023-11-27T01:09:22.787028+00:00, run_after=2023-11-28T01:09:22.787028+00:00
[2023-11-28T01:09:22.811+0000] {processor.py:179} INFO - Processing /usr/local/lib/python3.10/dist-packages/airflow/example_dags/example_setup_teardown_taskflow.py took 0.080 seconds
[2023-11-28T01:10:10.330+0000] {processor.py:157} INFO - Started process (PID=6306) to work on /usr/local/lib/python3.10/dist-packages/airflow/example_dags/example_setup_teardown_taskflow.py
[2023-11-28T01:10:10.331+0000] {processor.py:829} INFO - Processing file /usr/local/lib/python3.10/dist-packages/airflow/example_dags/example_setup_teardown_taskflow.py for tasks to queue
[2023-11-28T01:10:10.332+0000] {logging_mixin.py:154} INFO - [2023-11-28T01:10:10.332+0000] {dagbag.py:536} INFO - Filling up the DagBag from /usr/local/lib/python3.10/dist-packages/airflow/example_dags/example_setup_teardown_taskflow.py
[2023-11-28T01:10:10.344+0000] {processor.py:839} INFO - DAG(s) dict_keys(['example_setup_teardown_taskflow']) retrieved from /usr/local/lib/python3.10/dist-packages/airflow/example_dags/example_setup_teardown_taskflow.py
[2023-11-28T01:10:10.364+0000] {logging_mixin.py:154} INFO - [2023-11-28T01:10:10.364+0000] {dag.py:2941} INFO - Sync 1 DAGs
[2023-11-28T01:10:10.386+0000] {logging_mixin.py:154} INFO - [2023-11-28T01:10:10.386+0000] {dag.py:3722} INFO - Setting next_dagrun for example_setup_teardown_taskflow to 2023-11-27T01:10:10.386130+00:00, run_after=2023-11-28T01:10:10.386130+00:00
[2023-11-28T01:10:10.411+0000] {processor.py:179} INFO - Processing /usr/local/lib/python3.10/dist-packages/airflow/example_dags/example_setup_teardown_taskflow.py took 0.085 seconds
[2023-11-28T01:10:56.790+0000] {processor.py:157} INFO - Started process (PID=6353) to work on /usr/local/lib/python3.10/dist-packages/airflow/example_dags/example_setup_teardown_taskflow.py
[2023-11-28T01:10:56.792+0000] {processor.py:829} INFO - Processing file /usr/local/lib/python3.10/dist-packages/airflow/example_dags/example_setup_teardown_taskflow.py for tasks to queue
[2023-11-28T01:10:56.793+0000] {logging_mixin.py:154} INFO - [2023-11-28T01:10:56.792+0000] {dagbag.py:536} INFO - Filling up the DagBag from /usr/local/lib/python3.10/dist-packages/airflow/example_dags/example_setup_teardown_taskflow.py
[2023-11-28T01:10:56.803+0000] {processor.py:839} INFO - DAG(s) dict_keys(['example_setup_teardown_taskflow']) retrieved from /usr/local/lib/python3.10/dist-packages/airflow/example_dags/example_setup_teardown_taskflow.py
[2023-11-28T01:10:56.822+0000] {logging_mixin.py:154} INFO - [2023-11-28T01:10:56.821+0000] {dag.py:2941} INFO - Sync 1 DAGs
[2023-11-28T01:10:56.842+0000] {logging_mixin.py:154} INFO - [2023-11-28T01:10:56.842+0000] {dag.py:3722} INFO - Setting next_dagrun for example_setup_teardown_taskflow to 2023-11-27T01:10:56.842149+00:00, run_after=2023-11-28T01:10:56.842149+00:00
[2023-11-28T01:10:56.864+0000] {processor.py:179} INFO - Processing /usr/local/lib/python3.10/dist-packages/airflow/example_dags/example_setup_teardown_taskflow.py took 0.077 seconds
[2023-11-28T01:11:43.064+0000] {processor.py:157} INFO - Started process (PID=6401) to work on /usr/local/lib/python3.10/dist-packages/airflow/example_dags/example_setup_teardown_taskflow.py
[2023-11-28T01:11:43.065+0000] {processor.py:829} INFO - Processing file /usr/local/lib/python3.10/dist-packages/airflow/example_dags/example_setup_teardown_taskflow.py for tasks to queue
[2023-11-28T01:11:43.066+0000] {logging_mixin.py:154} INFO - [2023-11-28T01:11:43.065+0000] {dagbag.py:536} INFO - Filling up the DagBag from /usr/local/lib/python3.10/dist-packages/airflow/example_dags/example_setup_teardown_taskflow.py
[2023-11-28T01:11:43.077+0000] {processor.py:839} INFO - DAG(s) dict_keys(['example_setup_teardown_taskflow']) retrieved from /usr/local/lib/python3.10/dist-packages/airflow/example_dags/example_setup_teardown_taskflow.py
[2023-11-28T01:11:43.096+0000] {logging_mixin.py:154} INFO - [2023-11-28T01:11:43.096+0000] {dag.py:2941} INFO - Sync 1 DAGs
[2023-11-28T01:11:43.118+0000] {logging_mixin.py:154} INFO - [2023-11-28T01:11:43.117+0000] {dag.py:3722} INFO - Setting next_dagrun for example_setup_teardown_taskflow to 2023-11-27T01:11:43.117559+00:00, run_after=2023-11-28T01:11:43.117559+00:00
[2023-11-28T01:11:43.141+0000] {processor.py:179} INFO - Processing /usr/local/lib/python3.10/dist-packages/airflow/example_dags/example_setup_teardown_taskflow.py took 0.081 seconds
[2023-11-28T01:12:28.830+0000] {processor.py:157} INFO - Started process (PID=6449) to work on /usr/local/lib/python3.10/dist-packages/airflow/example_dags/example_setup_teardown_taskflow.py
[2023-11-28T01:12:28.831+0000] {processor.py:829} INFO - Processing file /usr/local/lib/python3.10/dist-packages/airflow/example_dags/example_setup_teardown_taskflow.py for tasks to queue
[2023-11-28T01:12:28.832+0000] {logging_mixin.py:154} INFO - [2023-11-28T01:12:28.832+0000] {dagbag.py:536} INFO - Filling up the DagBag from /usr/local/lib/python3.10/dist-packages/airflow/example_dags/example_setup_teardown_taskflow.py
[2023-11-28T01:12:28.844+0000] {processor.py:839} INFO - DAG(s) dict_keys(['example_setup_teardown_taskflow']) retrieved from /usr/local/lib/python3.10/dist-packages/airflow/example_dags/example_setup_teardown_taskflow.py
[2023-11-28T01:12:28.863+0000] {logging_mixin.py:154} INFO - [2023-11-28T01:12:28.862+0000] {dag.py:2941} INFO - Sync 1 DAGs
[2023-11-28T01:12:28.885+0000] {logging_mixin.py:154} INFO - [2023-11-28T01:12:28.885+0000] {dag.py:3722} INFO - Setting next_dagrun for example_setup_teardown_taskflow to 2023-11-27T01:12:28.885125+00:00, run_after=2023-11-28T01:12:28.885125+00:00
[2023-11-28T01:12:28.912+0000] {processor.py:179} INFO - Processing /usr/local/lib/python3.10/dist-packages/airflow/example_dags/example_setup_teardown_taskflow.py took 0.085 seconds
[2023-11-28T01:13:10.547+0000] {processor.py:157} INFO - Started process (PID=6493) to work on /usr/local/lib/python3.10/dist-packages/airflow/example_dags/example_setup_teardown_taskflow.py
[2023-11-28T01:13:10.550+0000] {processor.py:829} INFO - Processing file /usr/local/lib/python3.10/dist-packages/airflow/example_dags/example_setup_teardown_taskflow.py for tasks to queue
[2023-11-28T01:13:10.551+0000] {logging_mixin.py:154} INFO - [2023-11-28T01:13:10.551+0000] {dagbag.py:536} INFO - Filling up the DagBag from /usr/local/lib/python3.10/dist-packages/airflow/example_dags/example_setup_teardown_taskflow.py
[2023-11-28T01:13:10.562+0000] {processor.py:839} INFO - DAG(s) dict_keys(['example_setup_teardown_taskflow']) retrieved from /usr/local/lib/python3.10/dist-packages/airflow/example_dags/example_setup_teardown_taskflow.py
[2023-11-28T01:13:10.581+0000] {logging_mixin.py:154} INFO - [2023-11-28T01:13:10.581+0000] {dag.py:2941} INFO - Sync 1 DAGs
[2023-11-28T01:13:10.603+0000] {logging_mixin.py:154} INFO - [2023-11-28T01:13:10.603+0000] {dag.py:3722} INFO - Setting next_dagrun for example_setup_teardown_taskflow to 2023-11-27T01:13:10.603419+00:00, run_after=2023-11-28T01:13:10.603419+00:00
[2023-11-28T01:13:10.627+0000] {processor.py:179} INFO - Processing /usr/local/lib/python3.10/dist-packages/airflow/example_dags/example_setup_teardown_taskflow.py took 0.083 seconds
[2023-11-28T01:13:58.556+0000] {processor.py:157} INFO - Started process (PID=6540) to work on /usr/local/lib/python3.10/dist-packages/airflow/example_dags/example_setup_teardown_taskflow.py
[2023-11-28T01:13:58.557+0000] {processor.py:829} INFO - Processing file /usr/local/lib/python3.10/dist-packages/airflow/example_dags/example_setup_teardown_taskflow.py for tasks to queue
[2023-11-28T01:13:58.558+0000] {logging_mixin.py:154} INFO - [2023-11-28T01:13:58.558+0000] {dagbag.py:536} INFO - Filling up the DagBag from /usr/local/lib/python3.10/dist-packages/airflow/example_dags/example_setup_teardown_taskflow.py
[2023-11-28T01:13:58.570+0000] {processor.py:839} INFO - DAG(s) dict_keys(['example_setup_teardown_taskflow']) retrieved from /usr/local/lib/python3.10/dist-packages/airflow/example_dags/example_setup_teardown_taskflow.py
[2023-11-28T01:13:58.589+0000] {logging_mixin.py:154} INFO - [2023-11-28T01:13:58.589+0000] {dag.py:2941} INFO - Sync 1 DAGs
[2023-11-28T01:13:58.611+0000] {logging_mixin.py:154} INFO - [2023-11-28T01:13:58.611+0000] {dag.py:3722} INFO - Setting next_dagrun for example_setup_teardown_taskflow to 2023-11-27T01:13:58.611232+00:00, run_after=2023-11-28T01:13:58.611232+00:00
[2023-11-28T01:13:58.635+0000] {processor.py:179} INFO - Processing /usr/local/lib/python3.10/dist-packages/airflow/example_dags/example_setup_teardown_taskflow.py took 0.083 seconds
[2023-11-28T01:14:35.199+0000] {processor.py:157} INFO - Started process (PID=6580) to work on /usr/local/lib/python3.10/dist-packages/airflow/example_dags/example_setup_teardown_taskflow.py
[2023-11-28T01:14:35.201+0000] {processor.py:829} INFO - Processing file /usr/local/lib/python3.10/dist-packages/airflow/example_dags/example_setup_teardown_taskflow.py for tasks to queue
[2023-11-28T01:14:35.203+0000] {logging_mixin.py:154} INFO - [2023-11-28T01:14:35.202+0000] {dagbag.py:536} INFO - Filling up the DagBag from /usr/local/lib/python3.10/dist-packages/airflow/example_dags/example_setup_teardown_taskflow.py
[2023-11-28T01:14:35.214+0000] {processor.py:839} INFO - DAG(s) dict_keys(['example_setup_teardown_taskflow']) retrieved from /usr/local/lib/python3.10/dist-packages/airflow/example_dags/example_setup_teardown_taskflow.py
[2023-11-28T01:14:35.234+0000] {logging_mixin.py:154} INFO - [2023-11-28T01:14:35.233+0000] {dag.py:2941} INFO - Sync 1 DAGs
[2023-11-28T01:14:35.256+0000] {logging_mixin.py:154} INFO - [2023-11-28T01:14:35.256+0000] {dag.py:3722} INFO - Setting next_dagrun for example_setup_teardown_taskflow to 2023-11-27T01:14:35.256089+00:00, run_after=2023-11-28T01:14:35.256089+00:00
[2023-11-28T01:14:35.290+0000] {processor.py:179} INFO - Processing /usr/local/lib/python3.10/dist-packages/airflow/example_dags/example_setup_teardown_taskflow.py took 0.094 seconds
[2023-11-28T01:15:03.320+0000] {processor.py:157} INFO - Started process (PID=6617) to work on /usr/local/lib/python3.10/dist-packages/airflow/example_dags/example_setup_teardown_taskflow.py
[2023-11-28T01:15:03.321+0000] {processor.py:829} INFO - Processing file /usr/local/lib/python3.10/dist-packages/airflow/example_dags/example_setup_teardown_taskflow.py for tasks to queue
[2023-11-28T01:15:03.322+0000] {logging_mixin.py:154} INFO - [2023-11-28T01:15:03.322+0000] {dagbag.py:536} INFO - Filling up the DagBag from /usr/local/lib/python3.10/dist-packages/airflow/example_dags/example_setup_teardown_taskflow.py
[2023-11-28T01:15:03.337+0000] {processor.py:839} INFO - DAG(s) dict_keys(['example_setup_teardown_taskflow']) retrieved from /usr/local/lib/python3.10/dist-packages/airflow/example_dags/example_setup_teardown_taskflow.py
[2023-11-28T01:15:03.345+0000] {logging_mixin.py:154} INFO - [2023-11-28T01:15:03.345+0000] {dag.py:2941} INFO - Sync 1 DAGs
[2023-11-28T01:15:03.368+0000] {logging_mixin.py:154} INFO - [2023-11-28T01:15:03.368+0000] {dag.py:3722} INFO - Setting next_dagrun for example_setup_teardown_taskflow to 2023-11-27T01:15:03.368365+00:00, run_after=2023-11-28T01:15:03.368365+00:00
[2023-11-28T01:15:03.393+0000] {processor.py:179} INFO - Processing /usr/local/lib/python3.10/dist-packages/airflow/example_dags/example_setup_teardown_taskflow.py took 0.076 seconds
[2023-11-28T01:15:48.379+0000] {processor.py:157} INFO - Started process (PID=6664) to work on /usr/local/lib/python3.10/dist-packages/airflow/example_dags/example_setup_teardown_taskflow.py
[2023-11-28T01:15:48.380+0000] {processor.py:829} INFO - Processing file /usr/local/lib/python3.10/dist-packages/airflow/example_dags/example_setup_teardown_taskflow.py for tasks to queue
[2023-11-28T01:15:48.381+0000] {logging_mixin.py:154} INFO - [2023-11-28T01:15:48.380+0000] {dagbag.py:536} INFO - Filling up the DagBag from /usr/local/lib/python3.10/dist-packages/airflow/example_dags/example_setup_teardown_taskflow.py
[2023-11-28T01:15:48.392+0000] {processor.py:839} INFO - DAG(s) dict_keys(['example_setup_teardown_taskflow']) retrieved from /usr/local/lib/python3.10/dist-packages/airflow/example_dags/example_setup_teardown_taskflow.py
[2023-11-28T01:15:48.410+0000] {logging_mixin.py:154} INFO - [2023-11-28T01:15:48.410+0000] {dag.py:2941} INFO - Sync 1 DAGs
[2023-11-28T01:15:48.430+0000] {logging_mixin.py:154} INFO - [2023-11-28T01:15:48.430+0000] {dag.py:3722} INFO - Setting next_dagrun for example_setup_teardown_taskflow to 2023-11-27T01:15:48.430174+00:00, run_after=2023-11-28T01:15:48.430174+00:00
[2023-11-28T01:15:48.452+0000] {processor.py:179} INFO - Processing /usr/local/lib/python3.10/dist-packages/airflow/example_dags/example_setup_teardown_taskflow.py took 0.077 seconds
[2023-11-28T01:16:33.099+0000] {processor.py:157} INFO - Started process (PID=6709) to work on /usr/local/lib/python3.10/dist-packages/airflow/example_dags/example_setup_teardown_taskflow.py
[2023-11-28T01:16:33.101+0000] {processor.py:829} INFO - Processing file /usr/local/lib/python3.10/dist-packages/airflow/example_dags/example_setup_teardown_taskflow.py for tasks to queue
[2023-11-28T01:16:33.102+0000] {logging_mixin.py:154} INFO - [2023-11-28T01:16:33.101+0000] {dagbag.py:536} INFO - Filling up the DagBag from /usr/local/lib/python3.10/dist-packages/airflow/example_dags/example_setup_teardown_taskflow.py
[2023-11-28T01:16:33.113+0000] {processor.py:839} INFO - DAG(s) dict_keys(['example_setup_teardown_taskflow']) retrieved from /usr/local/lib/python3.10/dist-packages/airflow/example_dags/example_setup_teardown_taskflow.py
[2023-11-28T01:16:33.132+0000] {logging_mixin.py:154} INFO - [2023-11-28T01:16:33.131+0000] {dag.py:2941} INFO - Sync 1 DAGs
[2023-11-28T01:16:33.154+0000] {logging_mixin.py:154} INFO - [2023-11-28T01:16:33.154+0000] {dag.py:3722} INFO - Setting next_dagrun for example_setup_teardown_taskflow to 2023-11-27T01:16:33.154075+00:00, run_after=2023-11-28T01:16:33.154075+00:00
[2023-11-28T01:16:33.177+0000] {processor.py:179} INFO - Processing /usr/local/lib/python3.10/dist-packages/airflow/example_dags/example_setup_teardown_taskflow.py took 0.082 seconds
[2023-11-28T01:17:17.370+0000] {processor.py:157} INFO - Started process (PID=6763) to work on /usr/local/lib/python3.10/dist-packages/airflow/example_dags/example_setup_teardown_taskflow.py
[2023-11-28T01:17:17.372+0000] {processor.py:829} INFO - Processing file /usr/local/lib/python3.10/dist-packages/airflow/example_dags/example_setup_teardown_taskflow.py for tasks to queue
[2023-11-28T01:17:17.373+0000] {logging_mixin.py:154} INFO - [2023-11-28T01:17:17.372+0000] {dagbag.py:536} INFO - Filling up the DagBag from /usr/local/lib/python3.10/dist-packages/airflow/example_dags/example_setup_teardown_taskflow.py
[2023-11-28T01:17:17.384+0000] {processor.py:839} INFO - DAG(s) dict_keys(['example_setup_teardown_taskflow']) retrieved from /usr/local/lib/python3.10/dist-packages/airflow/example_dags/example_setup_teardown_taskflow.py
[2023-11-28T01:17:17.402+0000] {logging_mixin.py:154} INFO - [2023-11-28T01:17:17.402+0000] {dag.py:2941} INFO - Sync 1 DAGs
[2023-11-28T01:17:17.422+0000] {logging_mixin.py:154} INFO - [2023-11-28T01:17:17.422+0000] {dag.py:3722} INFO - Setting next_dagrun for example_setup_teardown_taskflow to 2023-11-27T01:17:17.422380+00:00, run_after=2023-11-28T01:17:17.422380+00:00
[2023-11-28T01:17:17.445+0000] {processor.py:179} INFO - Processing /usr/local/lib/python3.10/dist-packages/airflow/example_dags/example_setup_teardown_taskflow.py took 0.078 seconds
[2023-11-28T01:18:04.892+0000] {processor.py:157} INFO - Started process (PID=6811) to work on /usr/local/lib/python3.10/dist-packages/airflow/example_dags/example_setup_teardown_taskflow.py
[2023-11-28T01:18:04.893+0000] {processor.py:829} INFO - Processing file /usr/local/lib/python3.10/dist-packages/airflow/example_dags/example_setup_teardown_taskflow.py for tasks to queue
[2023-11-28T01:18:04.894+0000] {logging_mixin.py:154} INFO - [2023-11-28T01:18:04.893+0000] {dagbag.py:536} INFO - Filling up the DagBag from /usr/local/lib/python3.10/dist-packages/airflow/example_dags/example_setup_teardown_taskflow.py
[2023-11-28T01:18:04.905+0000] {processor.py:839} INFO - DAG(s) dict_keys(['example_setup_teardown_taskflow']) retrieved from /usr/local/lib/python3.10/dist-packages/airflow/example_dags/example_setup_teardown_taskflow.py
[2023-11-28T01:18:04.925+0000] {logging_mixin.py:154} INFO - [2023-11-28T01:18:04.924+0000] {dag.py:2941} INFO - Sync 1 DAGs
[2023-11-28T01:18:04.947+0000] {logging_mixin.py:154} INFO - [2023-11-28T01:18:04.946+0000] {dag.py:3722} INFO - Setting next_dagrun for example_setup_teardown_taskflow to 2023-11-27T01:18:04.946601+00:00, run_after=2023-11-28T01:18:04.946601+00:00
[2023-11-28T01:18:04.969+0000] {processor.py:179} INFO - Processing /usr/local/lib/python3.10/dist-packages/airflow/example_dags/example_setup_teardown_taskflow.py took 0.081 seconds
[2023-11-28T01:18:46.768+0000] {processor.py:157} INFO - Started process (PID=6854) to work on /usr/local/lib/python3.10/dist-packages/airflow/example_dags/example_setup_teardown_taskflow.py
[2023-11-28T01:18:46.769+0000] {processor.py:829} INFO - Processing file /usr/local/lib/python3.10/dist-packages/airflow/example_dags/example_setup_teardown_taskflow.py for tasks to queue
[2023-11-28T01:18:46.770+0000] {logging_mixin.py:154} INFO - [2023-11-28T01:18:46.770+0000] {dagbag.py:536} INFO - Filling up the DagBag from /usr/local/lib/python3.10/dist-packages/airflow/example_dags/example_setup_teardown_taskflow.py
[2023-11-28T01:18:46.781+0000] {processor.py:839} INFO - DAG(s) dict_keys(['example_setup_teardown_taskflow']) retrieved from /usr/local/lib/python3.10/dist-packages/airflow/example_dags/example_setup_teardown_taskflow.py
[2023-11-28T01:18:46.800+0000] {logging_mixin.py:154} INFO - [2023-11-28T01:18:46.800+0000] {dag.py:2941} INFO - Sync 1 DAGs
[2023-11-28T01:18:46.821+0000] {logging_mixin.py:154} INFO - [2023-11-28T01:18:46.821+0000] {dag.py:3722} INFO - Setting next_dagrun for example_setup_teardown_taskflow to 2023-11-27T01:18:46.821190+00:00, run_after=2023-11-28T01:18:46.821190+00:00
[2023-11-28T01:18:46.844+0000] {processor.py:179} INFO - Processing /usr/local/lib/python3.10/dist-packages/airflow/example_dags/example_setup_teardown_taskflow.py took 0.079 seconds
[2023-11-28T01:19:30.249+0000] {processor.py:157} INFO - Started process (PID=7020) to work on /usr/local/lib/python3.10/dist-packages/airflow/example_dags/example_setup_teardown_taskflow.py
[2023-11-28T01:19:30.250+0000] {processor.py:829} INFO - Processing file /usr/local/lib/python3.10/dist-packages/airflow/example_dags/example_setup_teardown_taskflow.py for tasks to queue
[2023-11-28T01:19:30.251+0000] {logging_mixin.py:154} INFO - [2023-11-28T01:19:30.251+0000] {dagbag.py:536} INFO - Filling up the DagBag from /usr/local/lib/python3.10/dist-packages/airflow/example_dags/example_setup_teardown_taskflow.py
[2023-11-28T01:19:30.263+0000] {processor.py:839} INFO - DAG(s) dict_keys(['example_setup_teardown_taskflow']) retrieved from /usr/local/lib/python3.10/dist-packages/airflow/example_dags/example_setup_teardown_taskflow.py
[2023-11-28T01:19:30.282+0000] {logging_mixin.py:154} INFO - [2023-11-28T01:19:30.281+0000] {dag.py:2941} INFO - Sync 1 DAGs
[2023-11-28T01:19:30.304+0000] {logging_mixin.py:154} INFO - [2023-11-28T01:19:30.303+0000] {dag.py:3722} INFO - Setting next_dagrun for example_setup_teardown_taskflow to 2023-11-27T01:19:30.303645+00:00, run_after=2023-11-28T01:19:30.303645+00:00
[2023-11-28T01:19:30.326+0000] {processor.py:179} INFO - Processing /usr/local/lib/python3.10/dist-packages/airflow/example_dags/example_setup_teardown_taskflow.py took 0.080 seconds
