[2023-11-28T00:44:50.289+0000] {processor.py:157} INFO - Started process (PID=3430) to work on /usr/local/lib/python3.10/dist-packages/airflow/example_dags/example_dynamic_task_mapping.py
[2023-11-28T00:44:50.290+0000] {processor.py:829} INFO - Processing file /usr/local/lib/python3.10/dist-packages/airflow/example_dags/example_dynamic_task_mapping.py for tasks to queue
[2023-11-28T00:44:50.291+0000] {logging_mixin.py:154} INFO - [2023-11-28T00:44:50.290+0000] {dagbag.py:536} INFO - Filling up the DagBag from /usr/local/lib/python3.10/dist-packages/airflow/example_dags/example_dynamic_task_mapping.py
[2023-11-28T00:44:50.299+0000] {processor.py:839} INFO - DAG(s) dict_keys(['example_dynamic_task_mapping']) retrieved from /usr/local/lib/python3.10/dist-packages/airflow/example_dags/example_dynamic_task_mapping.py
[2023-11-28T00:44:50.408+0000] {logging_mixin.py:154} INFO - [2023-11-28T00:44:50.407+0000] {manager.py:499} INFO - Created Permission View: %s
[2023-11-28T00:44:50.420+0000] {logging_mixin.py:154} INFO - [2023-11-28T00:44:50.420+0000] {manager.py:499} INFO - Created Permission View: %s
[2023-11-28T00:44:50.429+0000] {logging_mixin.py:154} INFO - [2023-11-28T00:44:50.429+0000] {manager.py:499} INFO - Created Permission View: %s
[2023-11-28T00:44:50.430+0000] {logging_mixin.py:154} INFO - [2023-11-28T00:44:50.430+0000] {dag.py:2941} INFO - Sync 1 DAGs
[2023-11-28T00:44:50.441+0000] {logging_mixin.py:154} INFO - [2023-11-28T00:44:50.441+0000] {dag.py:2963} INFO - Creating ORM DAG for example_dynamic_task_mapping
[2023-11-28T00:44:50.450+0000] {logging_mixin.py:154} INFO - [2023-11-28T00:44:50.450+0000] {dag.py:3722} INFO - Setting next_dagrun for example_dynamic_task_mapping to 2022-03-04T00:00:00+00:00, run_after=2022-03-05T00:00:00+00:00
[2023-11-28T00:44:50.469+0000] {processor.py:179} INFO - Processing /usr/local/lib/python3.10/dist-packages/airflow/example_dags/example_dynamic_task_mapping.py took 0.184 seconds
[2023-11-28T00:45:40.353+0000] {processor.py:157} INFO - Started process (PID=3566) to work on /usr/local/lib/python3.10/dist-packages/airflow/example_dags/example_dynamic_task_mapping.py
[2023-11-28T00:45:40.355+0000] {processor.py:829} INFO - Processing file /usr/local/lib/python3.10/dist-packages/airflow/example_dags/example_dynamic_task_mapping.py for tasks to queue
[2023-11-28T00:45:40.356+0000] {logging_mixin.py:154} INFO - [2023-11-28T00:45:40.356+0000] {dagbag.py:536} INFO - Filling up the DagBag from /usr/local/lib/python3.10/dist-packages/airflow/example_dags/example_dynamic_task_mapping.py
[2023-11-28T00:45:40.364+0000] {processor.py:839} INFO - DAG(s) dict_keys(['example_dynamic_task_mapping']) retrieved from /usr/local/lib/python3.10/dist-packages/airflow/example_dags/example_dynamic_task_mapping.py
[2023-11-28T00:45:40.380+0000] {logging_mixin.py:154} INFO - [2023-11-28T00:45:40.380+0000] {dag.py:2941} INFO - Sync 1 DAGs
[2023-11-28T00:45:40.402+0000] {logging_mixin.py:154} INFO - [2023-11-28T00:45:40.402+0000] {dag.py:3722} INFO - Setting next_dagrun for example_dynamic_task_mapping to 2022-03-04T00:00:00+00:00, run_after=2022-03-05T00:00:00+00:00
[2023-11-28T00:45:40.423+0000] {processor.py:179} INFO - Processing /usr/local/lib/python3.10/dist-packages/airflow/example_dags/example_dynamic_task_mapping.py took 0.073 seconds
[2023-11-28T00:46:22.666+0000] {processor.py:157} INFO - Started process (PID=3612) to work on /usr/local/lib/python3.10/dist-packages/airflow/example_dags/example_dynamic_task_mapping.py
[2023-11-28T00:46:22.667+0000] {processor.py:829} INFO - Processing file /usr/local/lib/python3.10/dist-packages/airflow/example_dags/example_dynamic_task_mapping.py for tasks to queue
[2023-11-28T00:46:22.668+0000] {logging_mixin.py:154} INFO - [2023-11-28T00:46:22.667+0000] {dagbag.py:536} INFO - Filling up the DagBag from /usr/local/lib/python3.10/dist-packages/airflow/example_dags/example_dynamic_task_mapping.py
[2023-11-28T00:46:22.676+0000] {processor.py:839} INFO - DAG(s) dict_keys(['example_dynamic_task_mapping']) retrieved from /usr/local/lib/python3.10/dist-packages/airflow/example_dags/example_dynamic_task_mapping.py
[2023-11-28T00:46:22.691+0000] {logging_mixin.py:154} INFO - [2023-11-28T00:46:22.691+0000] {dag.py:2941} INFO - Sync 1 DAGs
[2023-11-28T00:46:22.712+0000] {logging_mixin.py:154} INFO - [2023-11-28T00:46:22.712+0000] {dag.py:3722} INFO - Setting next_dagrun for example_dynamic_task_mapping to 2022-03-04T00:00:00+00:00, run_after=2022-03-05T00:00:00+00:00
[2023-11-28T00:46:22.734+0000] {processor.py:179} INFO - Processing /usr/local/lib/python3.10/dist-packages/airflow/example_dags/example_dynamic_task_mapping.py took 0.071 seconds
[2023-11-28T00:47:08.493+0000] {processor.py:157} INFO - Started process (PID=3661) to work on /usr/local/lib/python3.10/dist-packages/airflow/example_dags/example_dynamic_task_mapping.py
[2023-11-28T00:47:08.495+0000] {processor.py:829} INFO - Processing file /usr/local/lib/python3.10/dist-packages/airflow/example_dags/example_dynamic_task_mapping.py for tasks to queue
[2023-11-28T00:47:08.496+0000] {logging_mixin.py:154} INFO - [2023-11-28T00:47:08.495+0000] {dagbag.py:536} INFO - Filling up the DagBag from /usr/local/lib/python3.10/dist-packages/airflow/example_dags/example_dynamic_task_mapping.py
[2023-11-28T00:47:08.504+0000] {processor.py:839} INFO - DAG(s) dict_keys(['example_dynamic_task_mapping']) retrieved from /usr/local/lib/python3.10/dist-packages/airflow/example_dags/example_dynamic_task_mapping.py
[2023-11-28T00:47:08.520+0000] {logging_mixin.py:154} INFO - [2023-11-28T00:47:08.520+0000] {dag.py:2941} INFO - Sync 1 DAGs
[2023-11-28T00:47:08.541+0000] {logging_mixin.py:154} INFO - [2023-11-28T00:47:08.541+0000] {dag.py:3722} INFO - Setting next_dagrun for example_dynamic_task_mapping to 2022-03-04T00:00:00+00:00, run_after=2022-03-05T00:00:00+00:00
[2023-11-28T00:47:08.563+0000] {processor.py:179} INFO - Processing /usr/local/lib/python3.10/dist-packages/airflow/example_dags/example_dynamic_task_mapping.py took 0.073 seconds
[2023-11-28T00:47:52.231+0000] {processor.py:157} INFO - Started process (PID=3709) to work on /usr/local/lib/python3.10/dist-packages/airflow/example_dags/example_dynamic_task_mapping.py
[2023-11-28T00:47:52.233+0000] {processor.py:829} INFO - Processing file /usr/local/lib/python3.10/dist-packages/airflow/example_dags/example_dynamic_task_mapping.py for tasks to queue
[2023-11-28T00:47:52.234+0000] {logging_mixin.py:154} INFO - [2023-11-28T00:47:52.233+0000] {dagbag.py:536} INFO - Filling up the DagBag from /usr/local/lib/python3.10/dist-packages/airflow/example_dags/example_dynamic_task_mapping.py
[2023-11-28T00:47:52.242+0000] {processor.py:839} INFO - DAG(s) dict_keys(['example_dynamic_task_mapping']) retrieved from /usr/local/lib/python3.10/dist-packages/airflow/example_dags/example_dynamic_task_mapping.py
[2023-11-28T00:47:52.258+0000] {logging_mixin.py:154} INFO - [2023-11-28T00:47:52.258+0000] {dag.py:2941} INFO - Sync 1 DAGs
[2023-11-28T00:47:52.280+0000] {logging_mixin.py:154} INFO - [2023-11-28T00:47:52.280+0000] {dag.py:3722} INFO - Setting next_dagrun for example_dynamic_task_mapping to 2022-03-04T00:00:00+00:00, run_after=2022-03-05T00:00:00+00:00
[2023-11-28T00:47:52.301+0000] {processor.py:179} INFO - Processing /usr/local/lib/python3.10/dist-packages/airflow/example_dags/example_dynamic_task_mapping.py took 0.073 seconds
[2023-11-28T00:48:39.923+0000] {processor.py:157} INFO - Started process (PID=3758) to work on /usr/local/lib/python3.10/dist-packages/airflow/example_dags/example_dynamic_task_mapping.py
[2023-11-28T00:48:39.924+0000] {processor.py:829} INFO - Processing file /usr/local/lib/python3.10/dist-packages/airflow/example_dags/example_dynamic_task_mapping.py for tasks to queue
[2023-11-28T00:48:39.925+0000] {logging_mixin.py:154} INFO - [2023-11-28T00:48:39.925+0000] {dagbag.py:536} INFO - Filling up the DagBag from /usr/local/lib/python3.10/dist-packages/airflow/example_dags/example_dynamic_task_mapping.py
[2023-11-28T00:48:39.933+0000] {processor.py:839} INFO - DAG(s) dict_keys(['example_dynamic_task_mapping']) retrieved from /usr/local/lib/python3.10/dist-packages/airflow/example_dags/example_dynamic_task_mapping.py
[2023-11-28T00:48:39.950+0000] {logging_mixin.py:154} INFO - [2023-11-28T00:48:39.949+0000] {dag.py:2941} INFO - Sync 1 DAGs
[2023-11-28T00:48:39.971+0000] {logging_mixin.py:154} INFO - [2023-11-28T00:48:39.971+0000] {dag.py:3722} INFO - Setting next_dagrun for example_dynamic_task_mapping to 2022-03-04T00:00:00+00:00, run_after=2022-03-05T00:00:00+00:00
[2023-11-28T00:48:39.993+0000] {processor.py:179} INFO - Processing /usr/local/lib/python3.10/dist-packages/airflow/example_dags/example_dynamic_task_mapping.py took 0.074 seconds
[2023-11-28T00:49:24.289+0000] {processor.py:157} INFO - Started process (PID=3804) to work on /usr/local/lib/python3.10/dist-packages/airflow/example_dags/example_dynamic_task_mapping.py
[2023-11-28T00:49:24.290+0000] {processor.py:829} INFO - Processing file /usr/local/lib/python3.10/dist-packages/airflow/example_dags/example_dynamic_task_mapping.py for tasks to queue
[2023-11-28T00:49:24.291+0000] {logging_mixin.py:154} INFO - [2023-11-28T00:49:24.291+0000] {dagbag.py:536} INFO - Filling up the DagBag from /usr/local/lib/python3.10/dist-packages/airflow/example_dags/example_dynamic_task_mapping.py
[2023-11-28T00:49:24.299+0000] {processor.py:839} INFO - DAG(s) dict_keys(['example_dynamic_task_mapping']) retrieved from /usr/local/lib/python3.10/dist-packages/airflow/example_dags/example_dynamic_task_mapping.py
[2023-11-28T00:49:24.315+0000] {logging_mixin.py:154} INFO - [2023-11-28T00:49:24.315+0000] {dag.py:2941} INFO - Sync 1 DAGs
[2023-11-28T00:49:24.337+0000] {logging_mixin.py:154} INFO - [2023-11-28T00:49:24.337+0000] {dag.py:3722} INFO - Setting next_dagrun for example_dynamic_task_mapping to 2022-03-04T00:00:00+00:00, run_after=2022-03-05T00:00:00+00:00
[2023-11-28T00:49:24.360+0000] {processor.py:179} INFO - Processing /usr/local/lib/python3.10/dist-packages/airflow/example_dags/example_dynamic_task_mapping.py took 0.074 seconds
[2023-11-28T00:50:11.103+0000] {processor.py:157} INFO - Started process (PID=3852) to work on /usr/local/lib/python3.10/dist-packages/airflow/example_dags/example_dynamic_task_mapping.py
[2023-11-28T00:50:11.105+0000] {processor.py:829} INFO - Processing file /usr/local/lib/python3.10/dist-packages/airflow/example_dags/example_dynamic_task_mapping.py for tasks to queue
[2023-11-28T00:50:11.105+0000] {logging_mixin.py:154} INFO - [2023-11-28T00:50:11.105+0000] {dagbag.py:536} INFO - Filling up the DagBag from /usr/local/lib/python3.10/dist-packages/airflow/example_dags/example_dynamic_task_mapping.py
[2023-11-28T00:50:11.114+0000] {processor.py:839} INFO - DAG(s) dict_keys(['example_dynamic_task_mapping']) retrieved from /usr/local/lib/python3.10/dist-packages/airflow/example_dags/example_dynamic_task_mapping.py
[2023-11-28T00:50:11.130+0000] {logging_mixin.py:154} INFO - [2023-11-28T00:50:11.130+0000] {dag.py:2941} INFO - Sync 1 DAGs
[2023-11-28T00:50:11.151+0000] {logging_mixin.py:154} INFO - [2023-11-28T00:50:11.151+0000] {dag.py:3722} INFO - Setting next_dagrun for example_dynamic_task_mapping to 2022-03-04T00:00:00+00:00, run_after=2022-03-05T00:00:00+00:00
[2023-11-28T00:50:11.173+0000] {processor.py:179} INFO - Processing /usr/local/lib/python3.10/dist-packages/airflow/example_dags/example_dynamic_task_mapping.py took 0.074 seconds
[2023-11-28T00:50:58.545+0000] {processor.py:157} INFO - Started process (PID=3901) to work on /usr/local/lib/python3.10/dist-packages/airflow/example_dags/example_dynamic_task_mapping.py
[2023-11-28T00:50:58.546+0000] {processor.py:829} INFO - Processing file /usr/local/lib/python3.10/dist-packages/airflow/example_dags/example_dynamic_task_mapping.py for tasks to queue
[2023-11-28T00:50:58.547+0000] {logging_mixin.py:154} INFO - [2023-11-28T00:50:58.546+0000] {dagbag.py:536} INFO - Filling up the DagBag from /usr/local/lib/python3.10/dist-packages/airflow/example_dags/example_dynamic_task_mapping.py
[2023-11-28T00:50:58.555+0000] {processor.py:839} INFO - DAG(s) dict_keys(['example_dynamic_task_mapping']) retrieved from /usr/local/lib/python3.10/dist-packages/airflow/example_dags/example_dynamic_task_mapping.py
[2023-11-28T00:50:58.571+0000] {logging_mixin.py:154} INFO - [2023-11-28T00:50:58.571+0000] {dag.py:2941} INFO - Sync 1 DAGs
[2023-11-28T00:50:58.592+0000] {logging_mixin.py:154} INFO - [2023-11-28T00:50:58.592+0000] {dag.py:3722} INFO - Setting next_dagrun for example_dynamic_task_mapping to 2022-03-04T00:00:00+00:00, run_after=2022-03-05T00:00:00+00:00
[2023-11-28T00:50:58.616+0000] {processor.py:179} INFO - Processing /usr/local/lib/python3.10/dist-packages/airflow/example_dags/example_dynamic_task_mapping.py took 0.075 seconds
[2023-11-28T00:51:44.931+0000] {processor.py:157} INFO - Started process (PID=3948) to work on /usr/local/lib/python3.10/dist-packages/airflow/example_dags/example_dynamic_task_mapping.py
[2023-11-28T00:51:44.933+0000] {processor.py:829} INFO - Processing file /usr/local/lib/python3.10/dist-packages/airflow/example_dags/example_dynamic_task_mapping.py for tasks to queue
[2023-11-28T00:51:44.934+0000] {logging_mixin.py:154} INFO - [2023-11-28T00:51:44.933+0000] {dagbag.py:536} INFO - Filling up the DagBag from /usr/local/lib/python3.10/dist-packages/airflow/example_dags/example_dynamic_task_mapping.py
[2023-11-28T00:51:44.942+0000] {processor.py:839} INFO - DAG(s) dict_keys(['example_dynamic_task_mapping']) retrieved from /usr/local/lib/python3.10/dist-packages/airflow/example_dags/example_dynamic_task_mapping.py
[2023-11-28T00:51:44.958+0000] {logging_mixin.py:154} INFO - [2023-11-28T00:51:44.958+0000] {dag.py:2941} INFO - Sync 1 DAGs
[2023-11-28T00:51:44.979+0000] {logging_mixin.py:154} INFO - [2023-11-28T00:51:44.979+0000] {dag.py:3722} INFO - Setting next_dagrun for example_dynamic_task_mapping to 2022-03-04T00:00:00+00:00, run_after=2022-03-05T00:00:00+00:00
[2023-11-28T00:51:45.000+0000] {processor.py:179} INFO - Processing /usr/local/lib/python3.10/dist-packages/airflow/example_dags/example_dynamic_task_mapping.py took 0.072 seconds
[2023-11-28T00:52:30.352+0000] {processor.py:157} INFO - Started process (PID=4340) to work on /usr/local/lib/python3.10/dist-packages/airflow/example_dags/example_dynamic_task_mapping.py
[2023-11-28T00:52:30.354+0000] {processor.py:829} INFO - Processing file /usr/local/lib/python3.10/dist-packages/airflow/example_dags/example_dynamic_task_mapping.py for tasks to queue
[2023-11-28T00:52:30.355+0000] {logging_mixin.py:154} INFO - [2023-11-28T00:52:30.355+0000] {dagbag.py:536} INFO - Filling up the DagBag from /usr/local/lib/python3.10/dist-packages/airflow/example_dags/example_dynamic_task_mapping.py
[2023-11-28T00:52:30.363+0000] {processor.py:839} INFO - DAG(s) dict_keys(['example_dynamic_task_mapping']) retrieved from /usr/local/lib/python3.10/dist-packages/airflow/example_dags/example_dynamic_task_mapping.py
[2023-11-28T00:52:30.379+0000] {logging_mixin.py:154} INFO - [2023-11-28T00:52:30.378+0000] {dag.py:2941} INFO - Sync 1 DAGs
[2023-11-28T00:52:30.400+0000] {logging_mixin.py:154} INFO - [2023-11-28T00:52:30.400+0000] {dag.py:3722} INFO - Setting next_dagrun for example_dynamic_task_mapping to 2022-03-04T00:00:00+00:00, run_after=2022-03-05T00:00:00+00:00
[2023-11-28T00:52:30.439+0000] {processor.py:179} INFO - Processing /usr/local/lib/python3.10/dist-packages/airflow/example_dags/example_dynamic_task_mapping.py took 0.091 seconds
[2023-11-28T00:53:17.976+0000] {processor.py:157} INFO - Started process (PID=4471) to work on /usr/local/lib/python3.10/dist-packages/airflow/example_dags/example_dynamic_task_mapping.py
[2023-11-28T00:53:17.978+0000] {processor.py:829} INFO - Processing file /usr/local/lib/python3.10/dist-packages/airflow/example_dags/example_dynamic_task_mapping.py for tasks to queue
[2023-11-28T00:53:17.978+0000] {logging_mixin.py:154} INFO - [2023-11-28T00:53:17.978+0000] {dagbag.py:536} INFO - Filling up the DagBag from /usr/local/lib/python3.10/dist-packages/airflow/example_dags/example_dynamic_task_mapping.py
[2023-11-28T00:53:17.986+0000] {processor.py:839} INFO - DAG(s) dict_keys(['example_dynamic_task_mapping']) retrieved from /usr/local/lib/python3.10/dist-packages/airflow/example_dags/example_dynamic_task_mapping.py
[2023-11-28T00:53:18.002+0000] {logging_mixin.py:154} INFO - [2023-11-28T00:53:18.002+0000] {dag.py:2941} INFO - Sync 1 DAGs
[2023-11-28T00:53:18.023+0000] {logging_mixin.py:154} INFO - [2023-11-28T00:53:18.023+0000] {dag.py:3722} INFO - Setting next_dagrun for example_dynamic_task_mapping to 2022-03-04T00:00:00+00:00, run_after=2022-03-05T00:00:00+00:00
[2023-11-28T00:53:18.045+0000] {processor.py:179} INFO - Processing /usr/local/lib/python3.10/dist-packages/airflow/example_dags/example_dynamic_task_mapping.py took 0.072 seconds
[2023-11-28T00:54:03.533+0000] {processor.py:157} INFO - Started process (PID=4829) to work on /usr/local/lib/python3.10/dist-packages/airflow/example_dags/example_dynamic_task_mapping.py
[2023-11-28T00:54:03.535+0000] {processor.py:829} INFO - Processing file /usr/local/lib/python3.10/dist-packages/airflow/example_dags/example_dynamic_task_mapping.py for tasks to queue
[2023-11-28T00:54:03.536+0000] {logging_mixin.py:154} INFO - [2023-11-28T00:54:03.535+0000] {dagbag.py:536} INFO - Filling up the DagBag from /usr/local/lib/python3.10/dist-packages/airflow/example_dags/example_dynamic_task_mapping.py
[2023-11-28T00:54:03.544+0000] {processor.py:839} INFO - DAG(s) dict_keys(['example_dynamic_task_mapping']) retrieved from /usr/local/lib/python3.10/dist-packages/airflow/example_dags/example_dynamic_task_mapping.py
[2023-11-28T00:54:03.560+0000] {logging_mixin.py:154} INFO - [2023-11-28T00:54:03.560+0000] {dag.py:2941} INFO - Sync 1 DAGs
[2023-11-28T00:54:03.583+0000] {logging_mixin.py:154} INFO - [2023-11-28T00:54:03.582+0000] {dag.py:3722} INFO - Setting next_dagrun for example_dynamic_task_mapping to 2022-03-04T00:00:00+00:00, run_after=2022-03-05T00:00:00+00:00
[2023-11-28T00:54:03.607+0000] {processor.py:179} INFO - Processing /usr/local/lib/python3.10/dist-packages/airflow/example_dags/example_dynamic_task_mapping.py took 0.077 seconds
[2023-11-28T00:54:46.653+0000] {processor.py:157} INFO - Started process (PID=4915) to work on /usr/local/lib/python3.10/dist-packages/airflow/example_dags/example_dynamic_task_mapping.py
[2023-11-28T00:54:46.655+0000] {processor.py:829} INFO - Processing file /usr/local/lib/python3.10/dist-packages/airflow/example_dags/example_dynamic_task_mapping.py for tasks to queue
[2023-11-28T00:54:46.656+0000] {logging_mixin.py:154} INFO - [2023-11-28T00:54:46.655+0000] {dagbag.py:536} INFO - Filling up the DagBag from /usr/local/lib/python3.10/dist-packages/airflow/example_dags/example_dynamic_task_mapping.py
[2023-11-28T00:54:46.664+0000] {processor.py:839} INFO - DAG(s) dict_keys(['example_dynamic_task_mapping']) retrieved from /usr/local/lib/python3.10/dist-packages/airflow/example_dags/example_dynamic_task_mapping.py
[2023-11-28T00:54:46.679+0000] {logging_mixin.py:154} INFO - [2023-11-28T00:54:46.679+0000] {dag.py:2941} INFO - Sync 1 DAGs
[2023-11-28T00:54:46.699+0000] {logging_mixin.py:154} INFO - [2023-11-28T00:54:46.699+0000] {dag.py:3722} INFO - Setting next_dagrun for example_dynamic_task_mapping to 2022-03-04T00:00:00+00:00, run_after=2022-03-05T00:00:00+00:00
[2023-11-28T00:54:46.720+0000] {processor.py:179} INFO - Processing /usr/local/lib/python3.10/dist-packages/airflow/example_dags/example_dynamic_task_mapping.py took 0.071 seconds
[2023-11-28T00:55:32.074+0000] {processor.py:157} INFO - Started process (PID=4963) to work on /usr/local/lib/python3.10/dist-packages/airflow/example_dags/example_dynamic_task_mapping.py
[2023-11-28T00:55:32.075+0000] {processor.py:829} INFO - Processing file /usr/local/lib/python3.10/dist-packages/airflow/example_dags/example_dynamic_task_mapping.py for tasks to queue
[2023-11-28T00:55:32.076+0000] {logging_mixin.py:154} INFO - [2023-11-28T00:55:32.076+0000] {dagbag.py:536} INFO - Filling up the DagBag from /usr/local/lib/python3.10/dist-packages/airflow/example_dags/example_dynamic_task_mapping.py
[2023-11-28T00:55:32.084+0000] {processor.py:839} INFO - DAG(s) dict_keys(['example_dynamic_task_mapping']) retrieved from /usr/local/lib/python3.10/dist-packages/airflow/example_dags/example_dynamic_task_mapping.py
[2023-11-28T00:55:32.100+0000] {logging_mixin.py:154} INFO - [2023-11-28T00:55:32.100+0000] {dag.py:2941} INFO - Sync 1 DAGs
[2023-11-28T00:55:32.122+0000] {logging_mixin.py:154} INFO - [2023-11-28T00:55:32.121+0000] {dag.py:3722} INFO - Setting next_dagrun for example_dynamic_task_mapping to 2022-03-04T00:00:00+00:00, run_after=2022-03-05T00:00:00+00:00
[2023-11-28T00:55:32.143+0000] {processor.py:179} INFO - Processing /usr/local/lib/python3.10/dist-packages/airflow/example_dags/example_dynamic_task_mapping.py took 0.073 seconds
[2023-11-28T00:56:18.312+0000] {processor.py:157} INFO - Started process (PID=5328) to work on /usr/local/lib/python3.10/dist-packages/airflow/example_dags/example_dynamic_task_mapping.py
[2023-11-28T00:56:18.313+0000] {processor.py:829} INFO - Processing file /usr/local/lib/python3.10/dist-packages/airflow/example_dags/example_dynamic_task_mapping.py for tasks to queue
[2023-11-28T00:56:18.314+0000] {logging_mixin.py:154} INFO - [2023-11-28T00:56:18.314+0000] {dagbag.py:536} INFO - Filling up the DagBag from /usr/local/lib/python3.10/dist-packages/airflow/example_dags/example_dynamic_task_mapping.py
[2023-11-28T00:56:18.322+0000] {processor.py:839} INFO - DAG(s) dict_keys(['example_dynamic_task_mapping']) retrieved from /usr/local/lib/python3.10/dist-packages/airflow/example_dags/example_dynamic_task_mapping.py
[2023-11-28T00:56:18.338+0000] {logging_mixin.py:154} INFO - [2023-11-28T00:56:18.338+0000] {dag.py:2941} INFO - Sync 1 DAGs
[2023-11-28T00:56:18.359+0000] {logging_mixin.py:154} INFO - [2023-11-28T00:56:18.359+0000] {dag.py:3722} INFO - Setting next_dagrun for example_dynamic_task_mapping to 2022-03-04T00:00:00+00:00, run_after=2022-03-05T00:00:00+00:00
[2023-11-28T00:56:18.385+0000] {processor.py:179} INFO - Processing /usr/local/lib/python3.10/dist-packages/airflow/example_dags/example_dynamic_task_mapping.py took 0.077 seconds
[2023-11-28T00:57:06.158+0000] {processor.py:157} INFO - Started process (PID=5377) to work on /usr/local/lib/python3.10/dist-packages/airflow/example_dags/example_dynamic_task_mapping.py
[2023-11-28T00:57:06.159+0000] {processor.py:829} INFO - Processing file /usr/local/lib/python3.10/dist-packages/airflow/example_dags/example_dynamic_task_mapping.py for tasks to queue
[2023-11-28T00:57:06.160+0000] {logging_mixin.py:154} INFO - [2023-11-28T00:57:06.160+0000] {dagbag.py:536} INFO - Filling up the DagBag from /usr/local/lib/python3.10/dist-packages/airflow/example_dags/example_dynamic_task_mapping.py
[2023-11-28T00:57:06.168+0000] {processor.py:839} INFO - DAG(s) dict_keys(['example_dynamic_task_mapping']) retrieved from /usr/local/lib/python3.10/dist-packages/airflow/example_dags/example_dynamic_task_mapping.py
[2023-11-28T00:57:06.185+0000] {logging_mixin.py:154} INFO - [2023-11-28T00:57:06.185+0000] {dag.py:2941} INFO - Sync 1 DAGs
[2023-11-28T00:57:06.208+0000] {logging_mixin.py:154} INFO - [2023-11-28T00:57:06.208+0000] {dag.py:3722} INFO - Setting next_dagrun for example_dynamic_task_mapping to 2022-03-04T00:00:00+00:00, run_after=2022-03-05T00:00:00+00:00
[2023-11-28T00:57:06.233+0000] {processor.py:179} INFO - Processing /usr/local/lib/python3.10/dist-packages/airflow/example_dags/example_dynamic_task_mapping.py took 0.078 seconds
[2023-11-28T00:57:53.292+0000] {processor.py:157} INFO - Started process (PID=5427) to work on /usr/local/lib/python3.10/dist-packages/airflow/example_dags/example_dynamic_task_mapping.py
[2023-11-28T00:57:53.293+0000] {processor.py:829} INFO - Processing file /usr/local/lib/python3.10/dist-packages/airflow/example_dags/example_dynamic_task_mapping.py for tasks to queue
[2023-11-28T00:57:53.294+0000] {logging_mixin.py:154} INFO - [2023-11-28T00:57:53.293+0000] {dagbag.py:536} INFO - Filling up the DagBag from /usr/local/lib/python3.10/dist-packages/airflow/example_dags/example_dynamic_task_mapping.py
[2023-11-28T00:57:53.302+0000] {processor.py:839} INFO - DAG(s) dict_keys(['example_dynamic_task_mapping']) retrieved from /usr/local/lib/python3.10/dist-packages/airflow/example_dags/example_dynamic_task_mapping.py
[2023-11-28T00:57:53.317+0000] {logging_mixin.py:154} INFO - [2023-11-28T00:57:53.317+0000] {dag.py:2941} INFO - Sync 1 DAGs
[2023-11-28T00:57:53.338+0000] {logging_mixin.py:154} INFO - [2023-11-28T00:57:53.337+0000] {dag.py:3722} INFO - Setting next_dagrun for example_dynamic_task_mapping to 2022-03-04T00:00:00+00:00, run_after=2022-03-05T00:00:00+00:00
[2023-11-28T00:57:53.360+0000] {processor.py:179} INFO - Processing /usr/local/lib/python3.10/dist-packages/airflow/example_dags/example_dynamic_task_mapping.py took 0.071 seconds
[2023-11-28T00:58:38.731+0000] {processor.py:157} INFO - Started process (PID=5474) to work on /usr/local/lib/python3.10/dist-packages/airflow/example_dags/example_dynamic_task_mapping.py
[2023-11-28T00:58:38.732+0000] {processor.py:829} INFO - Processing file /usr/local/lib/python3.10/dist-packages/airflow/example_dags/example_dynamic_task_mapping.py for tasks to queue
[2023-11-28T00:58:38.733+0000] {logging_mixin.py:154} INFO - [2023-11-28T00:58:38.733+0000] {dagbag.py:536} INFO - Filling up the DagBag from /usr/local/lib/python3.10/dist-packages/airflow/example_dags/example_dynamic_task_mapping.py
[2023-11-28T00:58:38.741+0000] {processor.py:839} INFO - DAG(s) dict_keys(['example_dynamic_task_mapping']) retrieved from /usr/local/lib/python3.10/dist-packages/airflow/example_dags/example_dynamic_task_mapping.py
[2023-11-28T00:58:38.757+0000] {logging_mixin.py:154} INFO - [2023-11-28T00:58:38.757+0000] {dag.py:2941} INFO - Sync 1 DAGs
[2023-11-28T00:58:38.778+0000] {logging_mixin.py:154} INFO - [2023-11-28T00:58:38.778+0000] {dag.py:3722} INFO - Setting next_dagrun for example_dynamic_task_mapping to 2022-03-04T00:00:00+00:00, run_after=2022-03-05T00:00:00+00:00
[2023-11-28T00:58:38.800+0000] {processor.py:179} INFO - Processing /usr/local/lib/python3.10/dist-packages/airflow/example_dags/example_dynamic_task_mapping.py took 0.072 seconds
[2023-11-28T00:59:27.496+0000] {processor.py:157} INFO - Started process (PID=5524) to work on /usr/local/lib/python3.10/dist-packages/airflow/example_dags/example_dynamic_task_mapping.py
[2023-11-28T00:59:27.498+0000] {processor.py:829} INFO - Processing file /usr/local/lib/python3.10/dist-packages/airflow/example_dags/example_dynamic_task_mapping.py for tasks to queue
[2023-11-28T00:59:27.499+0000] {logging_mixin.py:154} INFO - [2023-11-28T00:59:27.498+0000] {dagbag.py:536} INFO - Filling up the DagBag from /usr/local/lib/python3.10/dist-packages/airflow/example_dags/example_dynamic_task_mapping.py
[2023-11-28T00:59:27.506+0000] {processor.py:839} INFO - DAG(s) dict_keys(['example_dynamic_task_mapping']) retrieved from /usr/local/lib/python3.10/dist-packages/airflow/example_dags/example_dynamic_task_mapping.py
[2023-11-28T00:59:27.522+0000] {logging_mixin.py:154} INFO - [2023-11-28T00:59:27.522+0000] {dag.py:2941} INFO - Sync 1 DAGs
[2023-11-28T00:59:27.543+0000] {logging_mixin.py:154} INFO - [2023-11-28T00:59:27.543+0000] {dag.py:3722} INFO - Setting next_dagrun for example_dynamic_task_mapping to 2022-03-04T00:00:00+00:00, run_after=2022-03-05T00:00:00+00:00
[2023-11-28T00:59:27.565+0000] {processor.py:179} INFO - Processing /usr/local/lib/python3.10/dist-packages/airflow/example_dags/example_dynamic_task_mapping.py took 0.072 seconds
[2023-11-28T01:00:10.649+0000] {processor.py:157} INFO - Started process (PID=5570) to work on /usr/local/lib/python3.10/dist-packages/airflow/example_dags/example_dynamic_task_mapping.py
[2023-11-28T01:00:10.651+0000] {processor.py:829} INFO - Processing file /usr/local/lib/python3.10/dist-packages/airflow/example_dags/example_dynamic_task_mapping.py for tasks to queue
[2023-11-28T01:00:10.652+0000] {logging_mixin.py:154} INFO - [2023-11-28T01:00:10.652+0000] {dagbag.py:536} INFO - Filling up the DagBag from /usr/local/lib/python3.10/dist-packages/airflow/example_dags/example_dynamic_task_mapping.py
[2023-11-28T01:00:10.660+0000] {processor.py:839} INFO - DAG(s) dict_keys(['example_dynamic_task_mapping']) retrieved from /usr/local/lib/python3.10/dist-packages/airflow/example_dags/example_dynamic_task_mapping.py
[2023-11-28T01:00:10.678+0000] {logging_mixin.py:154} INFO - [2023-11-28T01:00:10.677+0000] {dag.py:2941} INFO - Sync 1 DAGs
[2023-11-28T01:00:10.700+0000] {logging_mixin.py:154} INFO - [2023-11-28T01:00:10.699+0000] {dag.py:3722} INFO - Setting next_dagrun for example_dynamic_task_mapping to 2022-03-04T00:00:00+00:00, run_after=2022-03-05T00:00:00+00:00
[2023-11-28T01:00:10.722+0000] {processor.py:179} INFO - Processing /usr/local/lib/python3.10/dist-packages/airflow/example_dags/example_dynamic_task_mapping.py took 0.077 seconds
[2023-11-28T01:00:54.948+0000] {processor.py:157} INFO - Started process (PID=5615) to work on /usr/local/lib/python3.10/dist-packages/airflow/example_dags/example_dynamic_task_mapping.py
[2023-11-28T01:00:54.950+0000] {processor.py:829} INFO - Processing file /usr/local/lib/python3.10/dist-packages/airflow/example_dags/example_dynamic_task_mapping.py for tasks to queue
[2023-11-28T01:00:54.950+0000] {logging_mixin.py:154} INFO - [2023-11-28T01:00:54.950+0000] {dagbag.py:536} INFO - Filling up the DagBag from /usr/local/lib/python3.10/dist-packages/airflow/example_dags/example_dynamic_task_mapping.py
[2023-11-28T01:00:54.959+0000] {processor.py:839} INFO - DAG(s) dict_keys(['example_dynamic_task_mapping']) retrieved from /usr/local/lib/python3.10/dist-packages/airflow/example_dags/example_dynamic_task_mapping.py
[2023-11-28T01:00:54.976+0000] {logging_mixin.py:154} INFO - [2023-11-28T01:00:54.975+0000] {dag.py:2941} INFO - Sync 1 DAGs
[2023-11-28T01:00:54.998+0000] {logging_mixin.py:154} INFO - [2023-11-28T01:00:54.997+0000] {dag.py:3722} INFO - Setting next_dagrun for example_dynamic_task_mapping to 2022-03-04T00:00:00+00:00, run_after=2022-03-05T00:00:00+00:00
[2023-11-28T01:00:55.024+0000] {processor.py:179} INFO - Processing /usr/local/lib/python3.10/dist-packages/airflow/example_dags/example_dynamic_task_mapping.py took 0.080 seconds
[2023-11-28T01:01:39.968+0000] {processor.py:157} INFO - Started process (PID=5662) to work on /usr/local/lib/python3.10/dist-packages/airflow/example_dags/example_dynamic_task_mapping.py
[2023-11-28T01:01:39.969+0000] {processor.py:829} INFO - Processing file /usr/local/lib/python3.10/dist-packages/airflow/example_dags/example_dynamic_task_mapping.py for tasks to queue
[2023-11-28T01:01:39.970+0000] {logging_mixin.py:154} INFO - [2023-11-28T01:01:39.969+0000] {dagbag.py:536} INFO - Filling up the DagBag from /usr/local/lib/python3.10/dist-packages/airflow/example_dags/example_dynamic_task_mapping.py
[2023-11-28T01:01:39.978+0000] {processor.py:839} INFO - DAG(s) dict_keys(['example_dynamic_task_mapping']) retrieved from /usr/local/lib/python3.10/dist-packages/airflow/example_dags/example_dynamic_task_mapping.py
[2023-11-28T01:01:39.993+0000] {logging_mixin.py:154} INFO - [2023-11-28T01:01:39.993+0000] {dag.py:2941} INFO - Sync 1 DAGs
[2023-11-28T01:01:40.015+0000] {logging_mixin.py:154} INFO - [2023-11-28T01:01:40.015+0000] {dag.py:3722} INFO - Setting next_dagrun for example_dynamic_task_mapping to 2022-03-04T00:00:00+00:00, run_after=2022-03-05T00:00:00+00:00
[2023-11-28T01:01:40.041+0000] {processor.py:179} INFO - Processing /usr/local/lib/python3.10/dist-packages/airflow/example_dags/example_dynamic_task_mapping.py took 0.077 seconds
[2023-11-28T01:02:23.189+0000] {processor.py:157} INFO - Started process (PID=5708) to work on /usr/local/lib/python3.10/dist-packages/airflow/example_dags/example_dynamic_task_mapping.py
[2023-11-28T01:02:23.190+0000] {processor.py:829} INFO - Processing file /usr/local/lib/python3.10/dist-packages/airflow/example_dags/example_dynamic_task_mapping.py for tasks to queue
[2023-11-28T01:02:23.191+0000] {logging_mixin.py:154} INFO - [2023-11-28T01:02:23.191+0000] {dagbag.py:536} INFO - Filling up the DagBag from /usr/local/lib/python3.10/dist-packages/airflow/example_dags/example_dynamic_task_mapping.py
[2023-11-28T01:02:23.199+0000] {processor.py:839} INFO - DAG(s) dict_keys(['example_dynamic_task_mapping']) retrieved from /usr/local/lib/python3.10/dist-packages/airflow/example_dags/example_dynamic_task_mapping.py
[2023-11-28T01:02:23.215+0000] {logging_mixin.py:154} INFO - [2023-11-28T01:02:23.215+0000] {dag.py:2941} INFO - Sync 1 DAGs
[2023-11-28T01:02:23.237+0000] {logging_mixin.py:154} INFO - [2023-11-28T01:02:23.237+0000] {dag.py:3722} INFO - Setting next_dagrun for example_dynamic_task_mapping to 2022-03-04T00:00:00+00:00, run_after=2022-03-05T00:00:00+00:00
[2023-11-28T01:02:23.261+0000] {processor.py:179} INFO - Processing /usr/local/lib/python3.10/dist-packages/airflow/example_dags/example_dynamic_task_mapping.py took 0.076 seconds
[2023-11-28T01:03:08.930+0000] {processor.py:157} INFO - Started process (PID=5754) to work on /usr/local/lib/python3.10/dist-packages/airflow/example_dags/example_dynamic_task_mapping.py
[2023-11-28T01:03:08.931+0000] {processor.py:829} INFO - Processing file /usr/local/lib/python3.10/dist-packages/airflow/example_dags/example_dynamic_task_mapping.py for tasks to queue
[2023-11-28T01:03:08.932+0000] {logging_mixin.py:154} INFO - [2023-11-28T01:03:08.932+0000] {dagbag.py:536} INFO - Filling up the DagBag from /usr/local/lib/python3.10/dist-packages/airflow/example_dags/example_dynamic_task_mapping.py
[2023-11-28T01:03:08.940+0000] {processor.py:839} INFO - DAG(s) dict_keys(['example_dynamic_task_mapping']) retrieved from /usr/local/lib/python3.10/dist-packages/airflow/example_dags/example_dynamic_task_mapping.py
[2023-11-28T01:03:08.957+0000] {logging_mixin.py:154} INFO - [2023-11-28T01:03:08.957+0000] {dag.py:2941} INFO - Sync 1 DAGs
[2023-11-28T01:03:08.978+0000] {logging_mixin.py:154} INFO - [2023-11-28T01:03:08.978+0000] {dag.py:3722} INFO - Setting next_dagrun for example_dynamic_task_mapping to 2022-03-04T00:00:00+00:00, run_after=2022-03-05T00:00:00+00:00
[2023-11-28T01:03:09.001+0000] {processor.py:179} INFO - Processing /usr/local/lib/python3.10/dist-packages/airflow/example_dags/example_dynamic_task_mapping.py took 0.075 seconds
[2023-11-28T01:03:54.151+0000] {processor.py:157} INFO - Started process (PID=5915) to work on /usr/local/lib/python3.10/dist-packages/airflow/example_dags/example_dynamic_task_mapping.py
[2023-11-28T01:03:54.153+0000] {processor.py:829} INFO - Processing file /usr/local/lib/python3.10/dist-packages/airflow/example_dags/example_dynamic_task_mapping.py for tasks to queue
[2023-11-28T01:03:54.153+0000] {logging_mixin.py:154} INFO - [2023-11-28T01:03:54.153+0000] {dagbag.py:536} INFO - Filling up the DagBag from /usr/local/lib/python3.10/dist-packages/airflow/example_dags/example_dynamic_task_mapping.py
[2023-11-28T01:03:54.162+0000] {processor.py:839} INFO - DAG(s) dict_keys(['example_dynamic_task_mapping']) retrieved from /usr/local/lib/python3.10/dist-packages/airflow/example_dags/example_dynamic_task_mapping.py
[2023-11-28T01:03:54.178+0000] {logging_mixin.py:154} INFO - [2023-11-28T01:03:54.178+0000] {dag.py:2941} INFO - Sync 1 DAGs
[2023-11-28T01:03:54.199+0000] {logging_mixin.py:154} INFO - [2023-11-28T01:03:54.199+0000] {dag.py:3722} INFO - Setting next_dagrun for example_dynamic_task_mapping to 2022-03-04T00:00:00+00:00, run_after=2022-03-05T00:00:00+00:00
[2023-11-28T01:03:54.222+0000] {processor.py:179} INFO - Processing /usr/local/lib/python3.10/dist-packages/airflow/example_dags/example_dynamic_task_mapping.py took 0.075 seconds
[2023-11-28T01:04:40.608+0000] {processor.py:157} INFO - Started process (PID=5963) to work on /usr/local/lib/python3.10/dist-packages/airflow/example_dags/example_dynamic_task_mapping.py
[2023-11-28T01:04:40.611+0000] {processor.py:829} INFO - Processing file /usr/local/lib/python3.10/dist-packages/airflow/example_dags/example_dynamic_task_mapping.py for tasks to queue
[2023-11-28T01:04:40.612+0000] {logging_mixin.py:154} INFO - [2023-11-28T01:04:40.612+0000] {dagbag.py:536} INFO - Filling up the DagBag from /usr/local/lib/python3.10/dist-packages/airflow/example_dags/example_dynamic_task_mapping.py
[2023-11-28T01:04:40.620+0000] {processor.py:839} INFO - DAG(s) dict_keys(['example_dynamic_task_mapping']) retrieved from /usr/local/lib/python3.10/dist-packages/airflow/example_dags/example_dynamic_task_mapping.py
[2023-11-28T01:04:40.636+0000] {logging_mixin.py:154} INFO - [2023-11-28T01:04:40.636+0000] {dag.py:2941} INFO - Sync 1 DAGs
[2023-11-28T01:04:40.657+0000] {logging_mixin.py:154} INFO - [2023-11-28T01:04:40.656+0000] {dag.py:3722} INFO - Setting next_dagrun for example_dynamic_task_mapping to 2022-03-04T00:00:00+00:00, run_after=2022-03-05T00:00:00+00:00
[2023-11-28T01:04:40.678+0000] {processor.py:179} INFO - Processing /usr/local/lib/python3.10/dist-packages/airflow/example_dags/example_dynamic_task_mapping.py took 0.073 seconds
[2023-11-28T01:05:22.828+0000] {processor.py:157} INFO - Started process (PID=6008) to work on /usr/local/lib/python3.10/dist-packages/airflow/example_dags/example_dynamic_task_mapping.py
[2023-11-28T01:05:22.829+0000] {processor.py:829} INFO - Processing file /usr/local/lib/python3.10/dist-packages/airflow/example_dags/example_dynamic_task_mapping.py for tasks to queue
[2023-11-28T01:05:22.830+0000] {logging_mixin.py:154} INFO - [2023-11-28T01:05:22.830+0000] {dagbag.py:536} INFO - Filling up the DagBag from /usr/local/lib/python3.10/dist-packages/airflow/example_dags/example_dynamic_task_mapping.py
[2023-11-28T01:05:22.838+0000] {processor.py:839} INFO - DAG(s) dict_keys(['example_dynamic_task_mapping']) retrieved from /usr/local/lib/python3.10/dist-packages/airflow/example_dags/example_dynamic_task_mapping.py
[2023-11-28T01:05:22.855+0000] {logging_mixin.py:154} INFO - [2023-11-28T01:05:22.854+0000] {dag.py:2941} INFO - Sync 1 DAGs
[2023-11-28T01:05:22.877+0000] {logging_mixin.py:154} INFO - [2023-11-28T01:05:22.876+0000] {dag.py:3722} INFO - Setting next_dagrun for example_dynamic_task_mapping to 2022-03-04T00:00:00+00:00, run_after=2022-03-05T00:00:00+00:00
[2023-11-28T01:05:22.902+0000] {processor.py:179} INFO - Processing /usr/local/lib/python3.10/dist-packages/airflow/example_dags/example_dynamic_task_mapping.py took 0.078 seconds
[2023-11-28T01:06:09.381+0000] {processor.py:157} INFO - Started process (PID=6055) to work on /usr/local/lib/python3.10/dist-packages/airflow/example_dags/example_dynamic_task_mapping.py
[2023-11-28T01:06:09.383+0000] {processor.py:829} INFO - Processing file /usr/local/lib/python3.10/dist-packages/airflow/example_dags/example_dynamic_task_mapping.py for tasks to queue
[2023-11-28T01:06:09.383+0000] {logging_mixin.py:154} INFO - [2023-11-28T01:06:09.383+0000] {dagbag.py:536} INFO - Filling up the DagBag from /usr/local/lib/python3.10/dist-packages/airflow/example_dags/example_dynamic_task_mapping.py
[2023-11-28T01:06:09.391+0000] {processor.py:839} INFO - DAG(s) dict_keys(['example_dynamic_task_mapping']) retrieved from /usr/local/lib/python3.10/dist-packages/airflow/example_dags/example_dynamic_task_mapping.py
[2023-11-28T01:06:09.408+0000] {logging_mixin.py:154} INFO - [2023-11-28T01:06:09.407+0000] {dag.py:2941} INFO - Sync 1 DAGs
[2023-11-28T01:06:09.428+0000] {logging_mixin.py:154} INFO - [2023-11-28T01:06:09.428+0000] {dag.py:3722} INFO - Setting next_dagrun for example_dynamic_task_mapping to 2022-03-04T00:00:00+00:00, run_after=2022-03-05T00:00:00+00:00
[2023-11-28T01:06:09.457+0000] {processor.py:179} INFO - Processing /usr/local/lib/python3.10/dist-packages/airflow/example_dags/example_dynamic_task_mapping.py took 0.080 seconds
[2023-11-28T01:06:53.365+0000] {processor.py:157} INFO - Started process (PID=6101) to work on /usr/local/lib/python3.10/dist-packages/airflow/example_dags/example_dynamic_task_mapping.py
[2023-11-28T01:06:53.367+0000] {processor.py:829} INFO - Processing file /usr/local/lib/python3.10/dist-packages/airflow/example_dags/example_dynamic_task_mapping.py for tasks to queue
[2023-11-28T01:06:53.367+0000] {logging_mixin.py:154} INFO - [2023-11-28T01:06:53.367+0000] {dagbag.py:536} INFO - Filling up the DagBag from /usr/local/lib/python3.10/dist-packages/airflow/example_dags/example_dynamic_task_mapping.py
[2023-11-28T01:06:53.375+0000] {processor.py:839} INFO - DAG(s) dict_keys(['example_dynamic_task_mapping']) retrieved from /usr/local/lib/python3.10/dist-packages/airflow/example_dags/example_dynamic_task_mapping.py
[2023-11-28T01:06:53.392+0000] {logging_mixin.py:154} INFO - [2023-11-28T01:06:53.391+0000] {dag.py:2941} INFO - Sync 1 DAGs
[2023-11-28T01:06:53.413+0000] {logging_mixin.py:154} INFO - [2023-11-28T01:06:53.412+0000] {dag.py:3722} INFO - Setting next_dagrun for example_dynamic_task_mapping to 2022-03-04T00:00:00+00:00, run_after=2022-03-05T00:00:00+00:00
[2023-11-28T01:06:53.436+0000] {processor.py:179} INFO - Processing /usr/local/lib/python3.10/dist-packages/airflow/example_dags/example_dynamic_task_mapping.py took 0.074 seconds
[2023-11-28T01:07:42.580+0000] {processor.py:157} INFO - Started process (PID=6151) to work on /usr/local/lib/python3.10/dist-packages/airflow/example_dags/example_dynamic_task_mapping.py
[2023-11-28T01:07:42.582+0000] {processor.py:829} INFO - Processing file /usr/local/lib/python3.10/dist-packages/airflow/example_dags/example_dynamic_task_mapping.py for tasks to queue
[2023-11-28T01:07:42.583+0000] {logging_mixin.py:154} INFO - [2023-11-28T01:07:42.582+0000] {dagbag.py:536} INFO - Filling up the DagBag from /usr/local/lib/python3.10/dist-packages/airflow/example_dags/example_dynamic_task_mapping.py
[2023-11-28T01:07:42.591+0000] {processor.py:839} INFO - DAG(s) dict_keys(['example_dynamic_task_mapping']) retrieved from /usr/local/lib/python3.10/dist-packages/airflow/example_dags/example_dynamic_task_mapping.py
[2023-11-28T01:07:42.606+0000] {logging_mixin.py:154} INFO - [2023-11-28T01:07:42.606+0000] {dag.py:2941} INFO - Sync 1 DAGs
[2023-11-28T01:07:42.627+0000] {logging_mixin.py:154} INFO - [2023-11-28T01:07:42.626+0000] {dag.py:3722} INFO - Setting next_dagrun for example_dynamic_task_mapping to 2022-03-04T00:00:00+00:00, run_after=2022-03-05T00:00:00+00:00
[2023-11-28T01:07:42.648+0000] {processor.py:179} INFO - Processing /usr/local/lib/python3.10/dist-packages/airflow/example_dags/example_dynamic_task_mapping.py took 0.071 seconds
[2023-11-28T01:08:32.693+0000] {processor.py:157} INFO - Started process (PID=6202) to work on /usr/local/lib/python3.10/dist-packages/airflow/example_dags/example_dynamic_task_mapping.py
[2023-11-28T01:08:32.695+0000] {processor.py:829} INFO - Processing file /usr/local/lib/python3.10/dist-packages/airflow/example_dags/example_dynamic_task_mapping.py for tasks to queue
[2023-11-28T01:08:32.696+0000] {logging_mixin.py:154} INFO - [2023-11-28T01:08:32.695+0000] {dagbag.py:536} INFO - Filling up the DagBag from /usr/local/lib/python3.10/dist-packages/airflow/example_dags/example_dynamic_task_mapping.py
[2023-11-28T01:08:32.704+0000] {processor.py:839} INFO - DAG(s) dict_keys(['example_dynamic_task_mapping']) retrieved from /usr/local/lib/python3.10/dist-packages/airflow/example_dags/example_dynamic_task_mapping.py
[2023-11-28T01:08:32.720+0000] {logging_mixin.py:154} INFO - [2023-11-28T01:08:32.720+0000] {dag.py:2941} INFO - Sync 1 DAGs
[2023-11-28T01:08:32.742+0000] {logging_mixin.py:154} INFO - [2023-11-28T01:08:32.742+0000] {dag.py:3722} INFO - Setting next_dagrun for example_dynamic_task_mapping to 2022-03-04T00:00:00+00:00, run_after=2022-03-05T00:00:00+00:00
[2023-11-28T01:08:32.765+0000] {processor.py:179} INFO - Processing /usr/local/lib/python3.10/dist-packages/airflow/example_dags/example_dynamic_task_mapping.py took 0.075 seconds
[2023-11-28T01:09:15.559+0000] {processor.py:157} INFO - Started process (PID=6249) to work on /usr/local/lib/python3.10/dist-packages/airflow/example_dags/example_dynamic_task_mapping.py
[2023-11-28T01:09:15.560+0000] {processor.py:829} INFO - Processing file /usr/local/lib/python3.10/dist-packages/airflow/example_dags/example_dynamic_task_mapping.py for tasks to queue
[2023-11-28T01:09:15.561+0000] {logging_mixin.py:154} INFO - [2023-11-28T01:09:15.561+0000] {dagbag.py:536} INFO - Filling up the DagBag from /usr/local/lib/python3.10/dist-packages/airflow/example_dags/example_dynamic_task_mapping.py
[2023-11-28T01:09:15.569+0000] {processor.py:839} INFO - DAG(s) dict_keys(['example_dynamic_task_mapping']) retrieved from /usr/local/lib/python3.10/dist-packages/airflow/example_dags/example_dynamic_task_mapping.py
[2023-11-28T01:09:15.586+0000] {logging_mixin.py:154} INFO - [2023-11-28T01:09:15.586+0000] {dag.py:2941} INFO - Sync 1 DAGs
[2023-11-28T01:09:15.607+0000] {logging_mixin.py:154} INFO - [2023-11-28T01:09:15.606+0000] {dag.py:3722} INFO - Setting next_dagrun for example_dynamic_task_mapping to 2022-03-04T00:00:00+00:00, run_after=2022-03-05T00:00:00+00:00
[2023-11-28T01:09:15.628+0000] {processor.py:179} INFO - Processing /usr/local/lib/python3.10/dist-packages/airflow/example_dags/example_dynamic_task_mapping.py took 0.073 seconds
[2023-11-28T01:10:02.892+0000] {processor.py:157} INFO - Started process (PID=6298) to work on /usr/local/lib/python3.10/dist-packages/airflow/example_dags/example_dynamic_task_mapping.py
[2023-11-28T01:10:02.894+0000] {processor.py:829} INFO - Processing file /usr/local/lib/python3.10/dist-packages/airflow/example_dags/example_dynamic_task_mapping.py for tasks to queue
[2023-11-28T01:10:02.895+0000] {logging_mixin.py:154} INFO - [2023-11-28T01:10:02.894+0000] {dagbag.py:536} INFO - Filling up the DagBag from /usr/local/lib/python3.10/dist-packages/airflow/example_dags/example_dynamic_task_mapping.py
[2023-11-28T01:10:02.903+0000] {processor.py:839} INFO - DAG(s) dict_keys(['example_dynamic_task_mapping']) retrieved from /usr/local/lib/python3.10/dist-packages/airflow/example_dags/example_dynamic_task_mapping.py
[2023-11-28T01:10:02.919+0000] {logging_mixin.py:154} INFO - [2023-11-28T01:10:02.919+0000] {dag.py:2941} INFO - Sync 1 DAGs
[2023-11-28T01:10:02.941+0000] {logging_mixin.py:154} INFO - [2023-11-28T01:10:02.940+0000] {dag.py:3722} INFO - Setting next_dagrun for example_dynamic_task_mapping to 2022-03-04T00:00:00+00:00, run_after=2022-03-05T00:00:00+00:00
[2023-11-28T01:10:02.966+0000] {processor.py:179} INFO - Processing /usr/local/lib/python3.10/dist-packages/airflow/example_dags/example_dynamic_task_mapping.py took 0.077 seconds
[2023-11-28T01:10:48.208+0000] {processor.py:157} INFO - Started process (PID=6345) to work on /usr/local/lib/python3.10/dist-packages/airflow/example_dags/example_dynamic_task_mapping.py
[2023-11-28T01:10:48.209+0000] {processor.py:829} INFO - Processing file /usr/local/lib/python3.10/dist-packages/airflow/example_dags/example_dynamic_task_mapping.py for tasks to queue
[2023-11-28T01:10:48.210+0000] {logging_mixin.py:154} INFO - [2023-11-28T01:10:48.209+0000] {dagbag.py:536} INFO - Filling up the DagBag from /usr/local/lib/python3.10/dist-packages/airflow/example_dags/example_dynamic_task_mapping.py
[2023-11-28T01:10:48.218+0000] {processor.py:839} INFO - DAG(s) dict_keys(['example_dynamic_task_mapping']) retrieved from /usr/local/lib/python3.10/dist-packages/airflow/example_dags/example_dynamic_task_mapping.py
[2023-11-28T01:10:48.234+0000] {logging_mixin.py:154} INFO - [2023-11-28T01:10:48.234+0000] {dag.py:2941} INFO - Sync 1 DAGs
[2023-11-28T01:10:48.254+0000] {logging_mixin.py:154} INFO - [2023-11-28T01:10:48.254+0000] {dag.py:3722} INFO - Setting next_dagrun for example_dynamic_task_mapping to 2022-03-04T00:00:00+00:00, run_after=2022-03-05T00:00:00+00:00
[2023-11-28T01:10:48.276+0000] {processor.py:179} INFO - Processing /usr/local/lib/python3.10/dist-packages/airflow/example_dags/example_dynamic_task_mapping.py took 0.072 seconds
[2023-11-28T01:11:35.632+0000] {processor.py:157} INFO - Started process (PID=6394) to work on /usr/local/lib/python3.10/dist-packages/airflow/example_dags/example_dynamic_task_mapping.py
[2023-11-28T01:11:35.633+0000] {processor.py:829} INFO - Processing file /usr/local/lib/python3.10/dist-packages/airflow/example_dags/example_dynamic_task_mapping.py for tasks to queue
[2023-11-28T01:11:35.634+0000] {logging_mixin.py:154} INFO - [2023-11-28T01:11:35.634+0000] {dagbag.py:536} INFO - Filling up the DagBag from /usr/local/lib/python3.10/dist-packages/airflow/example_dags/example_dynamic_task_mapping.py
[2023-11-28T01:11:35.642+0000] {processor.py:839} INFO - DAG(s) dict_keys(['example_dynamic_task_mapping']) retrieved from /usr/local/lib/python3.10/dist-packages/airflow/example_dags/example_dynamic_task_mapping.py
[2023-11-28T01:11:35.658+0000] {logging_mixin.py:154} INFO - [2023-11-28T01:11:35.658+0000] {dag.py:2941} INFO - Sync 1 DAGs
[2023-11-28T01:11:35.679+0000] {logging_mixin.py:154} INFO - [2023-11-28T01:11:35.679+0000] {dag.py:3722} INFO - Setting next_dagrun for example_dynamic_task_mapping to 2022-03-04T00:00:00+00:00, run_after=2022-03-05T00:00:00+00:00
[2023-11-28T01:11:35.702+0000] {processor.py:179} INFO - Processing /usr/local/lib/python3.10/dist-packages/airflow/example_dags/example_dynamic_task_mapping.py took 0.073 seconds
[2023-11-28T01:12:20.970+0000] {processor.py:157} INFO - Started process (PID=6441) to work on /usr/local/lib/python3.10/dist-packages/airflow/example_dags/example_dynamic_task_mapping.py
[2023-11-28T01:12:20.972+0000] {processor.py:829} INFO - Processing file /usr/local/lib/python3.10/dist-packages/airflow/example_dags/example_dynamic_task_mapping.py for tasks to queue
[2023-11-28T01:12:20.972+0000] {logging_mixin.py:154} INFO - [2023-11-28T01:12:20.972+0000] {dagbag.py:536} INFO - Filling up the DagBag from /usr/local/lib/python3.10/dist-packages/airflow/example_dags/example_dynamic_task_mapping.py
[2023-11-28T01:12:20.980+0000] {processor.py:839} INFO - DAG(s) dict_keys(['example_dynamic_task_mapping']) retrieved from /usr/local/lib/python3.10/dist-packages/airflow/example_dags/example_dynamic_task_mapping.py
[2023-11-28T01:12:20.997+0000] {logging_mixin.py:154} INFO - [2023-11-28T01:12:20.997+0000] {dag.py:2941} INFO - Sync 1 DAGs
[2023-11-28T01:12:21.019+0000] {logging_mixin.py:154} INFO - [2023-11-28T01:12:21.019+0000] {dag.py:3722} INFO - Setting next_dagrun for example_dynamic_task_mapping to 2022-03-04T00:00:00+00:00, run_after=2022-03-05T00:00:00+00:00
[2023-11-28T01:12:21.043+0000] {processor.py:179} INFO - Processing /usr/local/lib/python3.10/dist-packages/airflow/example_dags/example_dynamic_task_mapping.py took 0.076 seconds
[2023-11-28T01:13:04.558+0000] {processor.py:157} INFO - Started process (PID=6487) to work on /usr/local/lib/python3.10/dist-packages/airflow/example_dags/example_dynamic_task_mapping.py
[2023-11-28T01:13:04.560+0000] {processor.py:829} INFO - Processing file /usr/local/lib/python3.10/dist-packages/airflow/example_dags/example_dynamic_task_mapping.py for tasks to queue
[2023-11-28T01:13:04.560+0000] {logging_mixin.py:154} INFO - [2023-11-28T01:13:04.560+0000] {dagbag.py:536} INFO - Filling up the DagBag from /usr/local/lib/python3.10/dist-packages/airflow/example_dags/example_dynamic_task_mapping.py
[2023-11-28T01:13:04.568+0000] {processor.py:839} INFO - DAG(s) dict_keys(['example_dynamic_task_mapping']) retrieved from /usr/local/lib/python3.10/dist-packages/airflow/example_dags/example_dynamic_task_mapping.py
[2023-11-28T01:13:04.585+0000] {logging_mixin.py:154} INFO - [2023-11-28T01:13:04.584+0000] {dag.py:2941} INFO - Sync 1 DAGs
[2023-11-28T01:13:04.605+0000] {logging_mixin.py:154} INFO - [2023-11-28T01:13:04.605+0000] {dag.py:3722} INFO - Setting next_dagrun for example_dynamic_task_mapping to 2022-03-04T00:00:00+00:00, run_after=2022-03-05T00:00:00+00:00
[2023-11-28T01:13:04.626+0000] {processor.py:179} INFO - Processing /usr/local/lib/python3.10/dist-packages/airflow/example_dags/example_dynamic_task_mapping.py took 0.071 seconds
[2023-11-28T01:13:53.302+0000] {processor.py:157} INFO - Started process (PID=6535) to work on /usr/local/lib/python3.10/dist-packages/airflow/example_dags/example_dynamic_task_mapping.py
[2023-11-28T01:13:53.303+0000] {processor.py:829} INFO - Processing file /usr/local/lib/python3.10/dist-packages/airflow/example_dags/example_dynamic_task_mapping.py for tasks to queue
[2023-11-28T01:13:53.304+0000] {logging_mixin.py:154} INFO - [2023-11-28T01:13:53.304+0000] {dagbag.py:536} INFO - Filling up the DagBag from /usr/local/lib/python3.10/dist-packages/airflow/example_dags/example_dynamic_task_mapping.py
[2023-11-28T01:13:53.313+0000] {processor.py:839} INFO - DAG(s) dict_keys(['example_dynamic_task_mapping']) retrieved from /usr/local/lib/python3.10/dist-packages/airflow/example_dags/example_dynamic_task_mapping.py
[2023-11-28T01:13:53.329+0000] {logging_mixin.py:154} INFO - [2023-11-28T01:13:53.328+0000] {dag.py:2941} INFO - Sync 1 DAGs
[2023-11-28T01:13:53.351+0000] {logging_mixin.py:154} INFO - [2023-11-28T01:13:53.351+0000] {dag.py:3722} INFO - Setting next_dagrun for example_dynamic_task_mapping to 2022-03-04T00:00:00+00:00, run_after=2022-03-05T00:00:00+00:00
[2023-11-28T01:13:53.373+0000] {processor.py:179} INFO - Processing /usr/local/lib/python3.10/dist-packages/airflow/example_dags/example_dynamic_task_mapping.py took 0.075 seconds
[2023-11-28T01:15:22.618+0000] {processor.py:157} INFO - Started process (PID=6637) to work on /usr/local/lib/python3.10/dist-packages/airflow/example_dags/example_dynamic_task_mapping.py
[2023-11-28T01:15:22.621+0000] {processor.py:829} INFO - Processing file /usr/local/lib/python3.10/dist-packages/airflow/example_dags/example_dynamic_task_mapping.py for tasks to queue
[2023-11-28T01:15:22.622+0000] {logging_mixin.py:154} INFO - [2023-11-28T01:15:22.622+0000] {dagbag.py:536} INFO - Filling up the DagBag from /usr/local/lib/python3.10/dist-packages/airflow/example_dags/example_dynamic_task_mapping.py
[2023-11-28T01:15:22.630+0000] {processor.py:839} INFO - DAG(s) dict_keys(['example_dynamic_task_mapping']) retrieved from /usr/local/lib/python3.10/dist-packages/airflow/example_dags/example_dynamic_task_mapping.py
[2023-11-28T01:15:22.648+0000] {logging_mixin.py:154} INFO - [2023-11-28T01:15:22.648+0000] {dag.py:2941} INFO - Sync 1 DAGs
[2023-11-28T01:15:22.671+0000] {logging_mixin.py:154} INFO - [2023-11-28T01:15:22.670+0000] {dag.py:3722} INFO - Setting next_dagrun for example_dynamic_task_mapping to 2022-03-04T00:00:00+00:00, run_after=2022-03-05T00:00:00+00:00
[2023-11-28T01:15:22.693+0000] {processor.py:179} INFO - Processing /usr/local/lib/python3.10/dist-packages/airflow/example_dags/example_dynamic_task_mapping.py took 0.078 seconds
[2023-11-28T01:16:07.359+0000] {processor.py:157} INFO - Started process (PID=6684) to work on /usr/local/lib/python3.10/dist-packages/airflow/example_dags/example_dynamic_task_mapping.py
[2023-11-28T01:16:07.361+0000] {processor.py:829} INFO - Processing file /usr/local/lib/python3.10/dist-packages/airflow/example_dags/example_dynamic_task_mapping.py for tasks to queue
[2023-11-28T01:16:07.362+0000] {logging_mixin.py:154} INFO - [2023-11-28T01:16:07.362+0000] {dagbag.py:536} INFO - Filling up the DagBag from /usr/local/lib/python3.10/dist-packages/airflow/example_dags/example_dynamic_task_mapping.py
[2023-11-28T01:16:07.370+0000] {processor.py:839} INFO - DAG(s) dict_keys(['example_dynamic_task_mapping']) retrieved from /usr/local/lib/python3.10/dist-packages/airflow/example_dags/example_dynamic_task_mapping.py
[2023-11-28T01:16:07.387+0000] {logging_mixin.py:154} INFO - [2023-11-28T01:16:07.387+0000] {dag.py:2941} INFO - Sync 1 DAGs
[2023-11-28T01:16:07.410+0000] {logging_mixin.py:154} INFO - [2023-11-28T01:16:07.410+0000] {dag.py:3722} INFO - Setting next_dagrun for example_dynamic_task_mapping to 2022-03-04T00:00:00+00:00, run_after=2022-03-05T00:00:00+00:00
[2023-11-28T01:16:07.434+0000] {processor.py:179} INFO - Processing /usr/local/lib/python3.10/dist-packages/airflow/example_dags/example_dynamic_task_mapping.py took 0.079 seconds
[2023-11-28T01:16:52.305+0000] {processor.py:157} INFO - Started process (PID=6734) to work on /usr/local/lib/python3.10/dist-packages/airflow/example_dags/example_dynamic_task_mapping.py
[2023-11-28T01:16:52.306+0000] {processor.py:829} INFO - Processing file /usr/local/lib/python3.10/dist-packages/airflow/example_dags/example_dynamic_task_mapping.py for tasks to queue
[2023-11-28T01:16:52.307+0000] {logging_mixin.py:154} INFO - [2023-11-28T01:16:52.307+0000] {dagbag.py:536} INFO - Filling up the DagBag from /usr/local/lib/python3.10/dist-packages/airflow/example_dags/example_dynamic_task_mapping.py
[2023-11-28T01:16:52.315+0000] {processor.py:839} INFO - DAG(s) dict_keys(['example_dynamic_task_mapping']) retrieved from /usr/local/lib/python3.10/dist-packages/airflow/example_dags/example_dynamic_task_mapping.py
[2023-11-28T01:16:52.331+0000] {logging_mixin.py:154} INFO - [2023-11-28T01:16:52.331+0000] {dag.py:2941} INFO - Sync 1 DAGs
[2023-11-28T01:16:52.352+0000] {logging_mixin.py:154} INFO - [2023-11-28T01:16:52.352+0000] {dag.py:3722} INFO - Setting next_dagrun for example_dynamic_task_mapping to 2022-03-04T00:00:00+00:00, run_after=2022-03-05T00:00:00+00:00
[2023-11-28T01:16:52.374+0000] {processor.py:179} INFO - Processing /usr/local/lib/python3.10/dist-packages/airflow/example_dags/example_dynamic_task_mapping.py took 0.073 seconds
[2023-11-28T01:17:40.984+0000] {processor.py:157} INFO - Started process (PID=6786) to work on /usr/local/lib/python3.10/dist-packages/airflow/example_dags/example_dynamic_task_mapping.py
[2023-11-28T01:17:40.985+0000] {processor.py:829} INFO - Processing file /usr/local/lib/python3.10/dist-packages/airflow/example_dags/example_dynamic_task_mapping.py for tasks to queue
[2023-11-28T01:17:40.986+0000] {logging_mixin.py:154} INFO - [2023-11-28T01:17:40.986+0000] {dagbag.py:536} INFO - Filling up the DagBag from /usr/local/lib/python3.10/dist-packages/airflow/example_dags/example_dynamic_task_mapping.py
[2023-11-28T01:17:40.994+0000] {processor.py:839} INFO - DAG(s) dict_keys(['example_dynamic_task_mapping']) retrieved from /usr/local/lib/python3.10/dist-packages/airflow/example_dags/example_dynamic_task_mapping.py
[2023-11-28T01:17:41.012+0000] {logging_mixin.py:154} INFO - [2023-11-28T01:17:41.011+0000] {dag.py:2941} INFO - Sync 1 DAGs
[2023-11-28T01:17:41.033+0000] {logging_mixin.py:154} INFO - [2023-11-28T01:17:41.033+0000] {dag.py:3722} INFO - Setting next_dagrun for example_dynamic_task_mapping to 2022-03-04T00:00:00+00:00, run_after=2022-03-05T00:00:00+00:00
[2023-11-28T01:17:41.057+0000] {processor.py:179} INFO - Processing /usr/local/lib/python3.10/dist-packages/airflow/example_dags/example_dynamic_task_mapping.py took 0.077 seconds
[2023-11-28T01:18:24.227+0000] {processor.py:157} INFO - Started process (PID=6832) to work on /usr/local/lib/python3.10/dist-packages/airflow/example_dags/example_dynamic_task_mapping.py
[2023-11-28T01:18:24.228+0000] {processor.py:829} INFO - Processing file /usr/local/lib/python3.10/dist-packages/airflow/example_dags/example_dynamic_task_mapping.py for tasks to queue
[2023-11-28T01:18:24.229+0000] {logging_mixin.py:154} INFO - [2023-11-28T01:18:24.229+0000] {dagbag.py:536} INFO - Filling up the DagBag from /usr/local/lib/python3.10/dist-packages/airflow/example_dags/example_dynamic_task_mapping.py
[2023-11-28T01:18:24.237+0000] {processor.py:839} INFO - DAG(s) dict_keys(['example_dynamic_task_mapping']) retrieved from /usr/local/lib/python3.10/dist-packages/airflow/example_dags/example_dynamic_task_mapping.py
[2023-11-28T01:18:24.254+0000] {logging_mixin.py:154} INFO - [2023-11-28T01:18:24.253+0000] {dag.py:2941} INFO - Sync 1 DAGs
[2023-11-28T01:18:24.274+0000] {logging_mixin.py:154} INFO - [2023-11-28T01:18:24.274+0000] {dag.py:3722} INFO - Setting next_dagrun for example_dynamic_task_mapping to 2022-03-04T00:00:00+00:00, run_after=2022-03-05T00:00:00+00:00
[2023-11-28T01:18:24.295+0000] {processor.py:179} INFO - Processing /usr/local/lib/python3.10/dist-packages/airflow/example_dags/example_dynamic_task_mapping.py took 0.072 seconds
[2023-11-28T01:19:09.648+0000] {processor.py:157} INFO - Started process (PID=6880) to work on /usr/local/lib/python3.10/dist-packages/airflow/example_dags/example_dynamic_task_mapping.py
[2023-11-28T01:19:09.649+0000] {processor.py:829} INFO - Processing file /usr/local/lib/python3.10/dist-packages/airflow/example_dags/example_dynamic_task_mapping.py for tasks to queue
[2023-11-28T01:19:09.650+0000] {logging_mixin.py:154} INFO - [2023-11-28T01:19:09.650+0000] {dagbag.py:536} INFO - Filling up the DagBag from /usr/local/lib/python3.10/dist-packages/airflow/example_dags/example_dynamic_task_mapping.py
[2023-11-28T01:19:09.658+0000] {processor.py:839} INFO - DAG(s) dict_keys(['example_dynamic_task_mapping']) retrieved from /usr/local/lib/python3.10/dist-packages/airflow/example_dags/example_dynamic_task_mapping.py
[2023-11-28T01:19:09.675+0000] {logging_mixin.py:154} INFO - [2023-11-28T01:19:09.674+0000] {dag.py:2941} INFO - Sync 1 DAGs
[2023-11-28T01:19:09.696+0000] {logging_mixin.py:154} INFO - [2023-11-28T01:19:09.695+0000] {dag.py:3722} INFO - Setting next_dagrun for example_dynamic_task_mapping to 2022-03-04T00:00:00+00:00, run_after=2022-03-05T00:00:00+00:00
[2023-11-28T01:19:09.719+0000] {processor.py:179} INFO - Processing /usr/local/lib/python3.10/dist-packages/airflow/example_dags/example_dynamic_task_mapping.py took 0.075 seconds
