[2023-11-28T00:45:08.298+0000] {processor.py:157} INFO - Started process (PID=3523) to work on /usr/local/lib/python3.10/dist-packages/airflow/example_dags/example_latest_only.py
[2023-11-28T00:45:08.299+0000] {processor.py:829} INFO - Processing file /usr/local/lib/python3.10/dist-packages/airflow/example_dags/example_latest_only.py for tasks to queue
[2023-11-28T00:45:08.300+0000] {logging_mixin.py:154} INFO - [2023-11-28T00:45:08.299+0000] {dagbag.py:536} INFO - Filling up the DagBag from /usr/local/lib/python3.10/dist-packages/airflow/example_dags/example_latest_only.py
[2023-11-28T00:45:08.306+0000] {processor.py:839} INFO - DAG(s) dict_keys(['latest_only']) retrieved from /usr/local/lib/python3.10/dist-packages/airflow/example_dags/example_latest_only.py
[2023-11-28T00:45:08.421+0000] {logging_mixin.py:154} INFO - [2023-11-28T00:45:08.421+0000] {manager.py:499} INFO - Created Permission View: %s
[2023-11-28T00:45:08.435+0000] {logging_mixin.py:154} INFO - [2023-11-28T00:45:08.435+0000] {manager.py:499} INFO - Created Permission View: %s
[2023-11-28T00:45:08.446+0000] {logging_mixin.py:154} INFO - [2023-11-28T00:45:08.445+0000] {manager.py:499} INFO - Created Permission View: %s
[2023-11-28T00:45:08.446+0000] {logging_mixin.py:154} INFO - [2023-11-28T00:45:08.446+0000] {dag.py:2941} INFO - Sync 1 DAGs
[2023-11-28T00:45:08.457+0000] {logging_mixin.py:154} INFO - [2023-11-28T00:45:08.457+0000] {dag.py:2963} INFO - Creating ORM DAG for latest_only
[2023-11-28T00:45:08.467+0000] {logging_mixin.py:154} INFO - [2023-11-28T00:45:08.467+0000] {dag.py:3722} INFO - Setting next_dagrun for latest_only to 2023-11-27T20:45:08.466847+00:00, run_after=2023-11-28T00:45:08.466847+00:00
[2023-11-28T00:45:08.491+0000] {processor.py:179} INFO - Processing /usr/local/lib/python3.10/dist-packages/airflow/example_dags/example_latest_only.py took 0.196 seconds
[2023-11-28T00:46:04.937+0000] {processor.py:157} INFO - Started process (PID=3591) to work on /usr/local/lib/python3.10/dist-packages/airflow/example_dags/example_latest_only.py
[2023-11-28T00:46:04.938+0000] {processor.py:829} INFO - Processing file /usr/local/lib/python3.10/dist-packages/airflow/example_dags/example_latest_only.py for tasks to queue
[2023-11-28T00:46:04.939+0000] {logging_mixin.py:154} INFO - [2023-11-28T00:46:04.939+0000] {dagbag.py:536} INFO - Filling up the DagBag from /usr/local/lib/python3.10/dist-packages/airflow/example_dags/example_latest_only.py
[2023-11-28T00:46:04.945+0000] {processor.py:839} INFO - DAG(s) dict_keys(['latest_only']) retrieved from /usr/local/lib/python3.10/dist-packages/airflow/example_dags/example_latest_only.py
[2023-11-28T00:46:04.963+0000] {logging_mixin.py:154} INFO - [2023-11-28T00:46:04.962+0000] {dag.py:2941} INFO - Sync 1 DAGs
[2023-11-28T00:46:04.985+0000] {logging_mixin.py:154} INFO - [2023-11-28T00:46:04.985+0000] {dag.py:3722} INFO - Setting next_dagrun for latest_only to 2023-11-27T20:46:04.985191+00:00, run_after=2023-11-28T00:46:04.985191+00:00
[2023-11-28T00:46:05.011+0000] {processor.py:179} INFO - Processing /usr/local/lib/python3.10/dist-packages/airflow/example_dags/example_latest_only.py took 0.077 seconds
[2023-11-28T00:46:58.351+0000] {processor.py:157} INFO - Started process (PID=3651) to work on /usr/local/lib/python3.10/dist-packages/airflow/example_dags/example_latest_only.py
[2023-11-28T00:46:58.352+0000] {processor.py:829} INFO - Processing file /usr/local/lib/python3.10/dist-packages/airflow/example_dags/example_latest_only.py for tasks to queue
[2023-11-28T00:46:58.353+0000] {logging_mixin.py:154} INFO - [2023-11-28T00:46:58.353+0000] {dagbag.py:536} INFO - Filling up the DagBag from /usr/local/lib/python3.10/dist-packages/airflow/example_dags/example_latest_only.py
[2023-11-28T00:46:58.359+0000] {processor.py:839} INFO - DAG(s) dict_keys(['latest_only']) retrieved from /usr/local/lib/python3.10/dist-packages/airflow/example_dags/example_latest_only.py
[2023-11-28T00:46:58.376+0000] {logging_mixin.py:154} INFO - [2023-11-28T00:46:58.375+0000] {dag.py:2941} INFO - Sync 1 DAGs
[2023-11-28T00:46:58.396+0000] {logging_mixin.py:154} INFO - [2023-11-28T00:46:58.396+0000] {dag.py:3722} INFO - Setting next_dagrun for latest_only to 2023-11-27T20:46:58.396079+00:00, run_after=2023-11-28T00:46:58.396079+00:00
[2023-11-28T00:46:58.419+0000] {processor.py:179} INFO - Processing /usr/local/lib/python3.10/dist-packages/airflow/example_dags/example_latest_only.py took 0.072 seconds
[2023-11-28T00:47:43.079+0000] {processor.py:157} INFO - Started process (PID=3699) to work on /usr/local/lib/python3.10/dist-packages/airflow/example_dags/example_latest_only.py
[2023-11-28T00:47:43.081+0000] {processor.py:829} INFO - Processing file /usr/local/lib/python3.10/dist-packages/airflow/example_dags/example_latest_only.py for tasks to queue
[2023-11-28T00:47:43.082+0000] {logging_mixin.py:154} INFO - [2023-11-28T00:47:43.082+0000] {dagbag.py:536} INFO - Filling up the DagBag from /usr/local/lib/python3.10/dist-packages/airflow/example_dags/example_latest_only.py
[2023-11-28T00:47:43.089+0000] {processor.py:839} INFO - DAG(s) dict_keys(['latest_only']) retrieved from /usr/local/lib/python3.10/dist-packages/airflow/example_dags/example_latest_only.py
[2023-11-28T00:47:43.107+0000] {logging_mixin.py:154} INFO - [2023-11-28T00:47:43.107+0000] {dag.py:2941} INFO - Sync 1 DAGs
[2023-11-28T00:47:43.130+0000] {logging_mixin.py:154} INFO - [2023-11-28T00:47:43.130+0000] {dag.py:3722} INFO - Setting next_dagrun for latest_only to 2023-11-27T20:47:43.129770+00:00, run_after=2023-11-28T00:47:43.129770+00:00
[2023-11-28T00:47:43.155+0000] {processor.py:179} INFO - Processing /usr/local/lib/python3.10/dist-packages/airflow/example_dags/example_latest_only.py took 0.080 seconds
[2023-11-28T00:48:31.022+0000] {processor.py:157} INFO - Started process (PID=3748) to work on /usr/local/lib/python3.10/dist-packages/airflow/example_dags/example_latest_only.py
[2023-11-28T00:48:31.024+0000] {processor.py:829} INFO - Processing file /usr/local/lib/python3.10/dist-packages/airflow/example_dags/example_latest_only.py for tasks to queue
[2023-11-28T00:48:31.024+0000] {logging_mixin.py:154} INFO - [2023-11-28T00:48:31.024+0000] {dagbag.py:536} INFO - Filling up the DagBag from /usr/local/lib/python3.10/dist-packages/airflow/example_dags/example_latest_only.py
[2023-11-28T00:48:31.031+0000] {processor.py:839} INFO - DAG(s) dict_keys(['latest_only']) retrieved from /usr/local/lib/python3.10/dist-packages/airflow/example_dags/example_latest_only.py
[2023-11-28T00:48:31.048+0000] {logging_mixin.py:154} INFO - [2023-11-28T00:48:31.048+0000] {dag.py:2941} INFO - Sync 1 DAGs
[2023-11-28T00:48:31.069+0000] {logging_mixin.py:154} INFO - [2023-11-28T00:48:31.069+0000] {dag.py:3722} INFO - Setting next_dagrun for latest_only to 2023-11-27T20:48:31.069028+00:00, run_after=2023-11-28T00:48:31.069028+00:00
[2023-11-28T00:48:31.092+0000] {processor.py:179} INFO - Processing /usr/local/lib/python3.10/dist-packages/airflow/example_dags/example_latest_only.py took 0.073 seconds
[2023-11-28T00:49:15.156+0000] {processor.py:157} INFO - Started process (PID=3795) to work on /usr/local/lib/python3.10/dist-packages/airflow/example_dags/example_latest_only.py
[2023-11-28T00:49:15.158+0000] {processor.py:829} INFO - Processing file /usr/local/lib/python3.10/dist-packages/airflow/example_dags/example_latest_only.py for tasks to queue
[2023-11-28T00:49:15.159+0000] {logging_mixin.py:154} INFO - [2023-11-28T00:49:15.158+0000] {dagbag.py:536} INFO - Filling up the DagBag from /usr/local/lib/python3.10/dist-packages/airflow/example_dags/example_latest_only.py
[2023-11-28T00:49:15.165+0000] {processor.py:839} INFO - DAG(s) dict_keys(['latest_only']) retrieved from /usr/local/lib/python3.10/dist-packages/airflow/example_dags/example_latest_only.py
[2023-11-28T00:49:15.182+0000] {logging_mixin.py:154} INFO - [2023-11-28T00:49:15.182+0000] {dag.py:2941} INFO - Sync 1 DAGs
[2023-11-28T00:49:15.204+0000] {logging_mixin.py:154} INFO - [2023-11-28T00:49:15.204+0000] {dag.py:3722} INFO - Setting next_dagrun for latest_only to 2023-11-27T20:49:15.204338+00:00, run_after=2023-11-28T00:49:15.204338+00:00
[2023-11-28T00:49:15.229+0000] {processor.py:179} INFO - Processing /usr/local/lib/python3.10/dist-packages/airflow/example_dags/example_latest_only.py took 0.076 seconds
[2023-11-28T00:50:00.925+0000] {processor.py:157} INFO - Started process (PID=3842) to work on /usr/local/lib/python3.10/dist-packages/airflow/example_dags/example_latest_only.py
[2023-11-28T00:50:00.926+0000] {processor.py:829} INFO - Processing file /usr/local/lib/python3.10/dist-packages/airflow/example_dags/example_latest_only.py for tasks to queue
[2023-11-28T00:50:00.927+0000] {logging_mixin.py:154} INFO - [2023-11-28T00:50:00.927+0000] {dagbag.py:536} INFO - Filling up the DagBag from /usr/local/lib/python3.10/dist-packages/airflow/example_dags/example_latest_only.py
[2023-11-28T00:50:00.933+0000] {processor.py:839} INFO - DAG(s) dict_keys(['latest_only']) retrieved from /usr/local/lib/python3.10/dist-packages/airflow/example_dags/example_latest_only.py
[2023-11-28T00:50:00.951+0000] {logging_mixin.py:154} INFO - [2023-11-28T00:50:00.951+0000] {dag.py:2941} INFO - Sync 1 DAGs
[2023-11-28T00:50:00.972+0000] {logging_mixin.py:154} INFO - [2023-11-28T00:50:00.972+0000] {dag.py:3722} INFO - Setting next_dagrun for latest_only to 2023-11-27T20:50:00.972312+00:00, run_after=2023-11-28T00:50:00.972312+00:00
[2023-11-28T00:50:00.995+0000] {processor.py:179} INFO - Processing /usr/local/lib/python3.10/dist-packages/airflow/example_dags/example_latest_only.py took 0.074 seconds
[2023-11-28T00:50:48.247+0000] {processor.py:157} INFO - Started process (PID=3890) to work on /usr/local/lib/python3.10/dist-packages/airflow/example_dags/example_latest_only.py
[2023-11-28T00:50:48.249+0000] {processor.py:829} INFO - Processing file /usr/local/lib/python3.10/dist-packages/airflow/example_dags/example_latest_only.py for tasks to queue
[2023-11-28T00:50:48.249+0000] {logging_mixin.py:154} INFO - [2023-11-28T00:50:48.249+0000] {dagbag.py:536} INFO - Filling up the DagBag from /usr/local/lib/python3.10/dist-packages/airflow/example_dags/example_latest_only.py
[2023-11-28T00:50:48.255+0000] {processor.py:839} INFO - DAG(s) dict_keys(['latest_only']) retrieved from /usr/local/lib/python3.10/dist-packages/airflow/example_dags/example_latest_only.py
[2023-11-28T00:50:48.272+0000] {logging_mixin.py:154} INFO - [2023-11-28T00:50:48.272+0000] {dag.py:2941} INFO - Sync 1 DAGs
[2023-11-28T00:50:48.293+0000] {logging_mixin.py:154} INFO - [2023-11-28T00:50:48.292+0000] {dag.py:3722} INFO - Setting next_dagrun for latest_only to 2023-11-27T20:50:48.292547+00:00, run_after=2023-11-28T00:50:48.292547+00:00
[2023-11-28T00:50:48.316+0000] {processor.py:179} INFO - Processing /usr/local/lib/python3.10/dist-packages/airflow/example_dags/example_latest_only.py took 0.072 seconds
[2023-11-28T00:51:34.623+0000] {processor.py:157} INFO - Started process (PID=3938) to work on /usr/local/lib/python3.10/dist-packages/airflow/example_dags/example_latest_only.py
[2023-11-28T00:51:34.624+0000] {processor.py:829} INFO - Processing file /usr/local/lib/python3.10/dist-packages/airflow/example_dags/example_latest_only.py for tasks to queue
[2023-11-28T00:51:34.625+0000] {logging_mixin.py:154} INFO - [2023-11-28T00:51:34.624+0000] {dagbag.py:536} INFO - Filling up the DagBag from /usr/local/lib/python3.10/dist-packages/airflow/example_dags/example_latest_only.py
[2023-11-28T00:51:34.631+0000] {processor.py:839} INFO - DAG(s) dict_keys(['latest_only']) retrieved from /usr/local/lib/python3.10/dist-packages/airflow/example_dags/example_latest_only.py
[2023-11-28T00:51:34.647+0000] {logging_mixin.py:154} INFO - [2023-11-28T00:51:34.647+0000] {dag.py:2941} INFO - Sync 1 DAGs
[2023-11-28T00:51:34.668+0000] {logging_mixin.py:154} INFO - [2023-11-28T00:51:34.668+0000] {dag.py:3722} INFO - Setting next_dagrun for latest_only to 2023-11-27T20:51:34.667810+00:00, run_after=2023-11-28T00:51:34.667810+00:00
[2023-11-28T00:51:34.689+0000] {processor.py:179} INFO - Processing /usr/local/lib/python3.10/dist-packages/airflow/example_dags/example_latest_only.py took 0.070 seconds
[2023-11-28T00:52:21.204+0000] {processor.py:157} INFO - Started process (PID=4217) to work on /usr/local/lib/python3.10/dist-packages/airflow/example_dags/example_latest_only.py
[2023-11-28T00:52:21.206+0000] {processor.py:829} INFO - Processing file /usr/local/lib/python3.10/dist-packages/airflow/example_dags/example_latest_only.py for tasks to queue
[2023-11-28T00:52:21.206+0000] {logging_mixin.py:154} INFO - [2023-11-28T00:52:21.206+0000] {dagbag.py:536} INFO - Filling up the DagBag from /usr/local/lib/python3.10/dist-packages/airflow/example_dags/example_latest_only.py
[2023-11-28T00:52:21.213+0000] {processor.py:839} INFO - DAG(s) dict_keys(['latest_only']) retrieved from /usr/local/lib/python3.10/dist-packages/airflow/example_dags/example_latest_only.py
[2023-11-28T00:52:21.235+0000] {logging_mixin.py:154} INFO - [2023-11-28T00:52:21.234+0000] {dag.py:2941} INFO - Sync 1 DAGs
[2023-11-28T00:52:21.256+0000] {logging_mixin.py:154} INFO - [2023-11-28T00:52:21.255+0000] {dag.py:3722} INFO - Setting next_dagrun for latest_only to 2023-11-27T20:52:21.255715+00:00, run_after=2023-11-28T00:52:21.255715+00:00
[2023-11-28T00:52:21.279+0000] {processor.py:179} INFO - Processing /usr/local/lib/python3.10/dist-packages/airflow/example_dags/example_latest_only.py took 0.078 seconds
[2023-11-28T00:53:07.670+0000] {processor.py:157} INFO - Started process (PID=4418) to work on /usr/local/lib/python3.10/dist-packages/airflow/example_dags/example_latest_only.py
[2023-11-28T00:53:07.671+0000] {processor.py:829} INFO - Processing file /usr/local/lib/python3.10/dist-packages/airflow/example_dags/example_latest_only.py for tasks to queue
[2023-11-28T00:53:07.672+0000] {logging_mixin.py:154} INFO - [2023-11-28T00:53:07.672+0000] {dagbag.py:536} INFO - Filling up the DagBag from /usr/local/lib/python3.10/dist-packages/airflow/example_dags/example_latest_only.py
[2023-11-28T00:53:07.678+0000] {processor.py:839} INFO - DAG(s) dict_keys(['latest_only']) retrieved from /usr/local/lib/python3.10/dist-packages/airflow/example_dags/example_latest_only.py
[2023-11-28T00:53:07.695+0000] {logging_mixin.py:154} INFO - [2023-11-28T00:53:07.695+0000] {dag.py:2941} INFO - Sync 1 DAGs
[2023-11-28T00:53:07.715+0000] {logging_mixin.py:154} INFO - [2023-11-28T00:53:07.715+0000] {dag.py:3722} INFO - Setting next_dagrun for latest_only to 2023-11-27T20:53:07.715229+00:00, run_after=2023-11-28T00:53:07.715229+00:00
[2023-11-28T00:53:07.737+0000] {processor.py:179} INFO - Processing /usr/local/lib/python3.10/dist-packages/airflow/example_dags/example_latest_only.py took 0.070 seconds
[2023-11-28T00:53:53.391+0000] {processor.py:157} INFO - Started process (PID=4716) to work on /usr/local/lib/python3.10/dist-packages/airflow/example_dags/example_latest_only.py
[2023-11-28T00:53:53.393+0000] {processor.py:829} INFO - Processing file /usr/local/lib/python3.10/dist-packages/airflow/example_dags/example_latest_only.py for tasks to queue
[2023-11-28T00:53:53.394+0000] {logging_mixin.py:154} INFO - [2023-11-28T00:53:53.393+0000] {dagbag.py:536} INFO - Filling up the DagBag from /usr/local/lib/python3.10/dist-packages/airflow/example_dags/example_latest_only.py
[2023-11-28T00:53:53.399+0000] {processor.py:839} INFO - DAG(s) dict_keys(['latest_only']) retrieved from /usr/local/lib/python3.10/dist-packages/airflow/example_dags/example_latest_only.py
[2023-11-28T00:53:53.417+0000] {logging_mixin.py:154} INFO - [2023-11-28T00:53:53.417+0000] {dag.py:2941} INFO - Sync 1 DAGs
[2023-11-28T00:53:53.438+0000] {logging_mixin.py:154} INFO - [2023-11-28T00:53:53.438+0000] {dag.py:3722} INFO - Setting next_dagrun for latest_only to 2023-11-27T20:53:53.438484+00:00, run_after=2023-11-28T00:53:53.438484+00:00
[2023-11-28T00:53:53.462+0000] {processor.py:179} INFO - Processing /usr/local/lib/python3.10/dist-packages/airflow/example_dags/example_latest_only.py took 0.074 seconds
[2023-11-28T00:54:37.342+0000] {processor.py:157} INFO - Started process (PID=4905) to work on /usr/local/lib/python3.10/dist-packages/airflow/example_dags/example_latest_only.py
[2023-11-28T00:54:37.344+0000] {processor.py:829} INFO - Processing file /usr/local/lib/python3.10/dist-packages/airflow/example_dags/example_latest_only.py for tasks to queue
[2023-11-28T00:54:37.345+0000] {logging_mixin.py:154} INFO - [2023-11-28T00:54:37.344+0000] {dagbag.py:536} INFO - Filling up the DagBag from /usr/local/lib/python3.10/dist-packages/airflow/example_dags/example_latest_only.py
[2023-11-28T00:54:37.351+0000] {processor.py:839} INFO - DAG(s) dict_keys(['latest_only']) retrieved from /usr/local/lib/python3.10/dist-packages/airflow/example_dags/example_latest_only.py
[2023-11-28T00:54:37.368+0000] {logging_mixin.py:154} INFO - [2023-11-28T00:54:37.368+0000] {dag.py:2941} INFO - Sync 1 DAGs
[2023-11-28T00:54:37.389+0000] {logging_mixin.py:154} INFO - [2023-11-28T00:54:37.389+0000] {dag.py:3722} INFO - Setting next_dagrun for latest_only to 2023-11-27T20:54:37.388929+00:00, run_after=2023-11-28T00:54:37.388929+00:00
[2023-11-28T00:54:37.413+0000] {processor.py:179} INFO - Processing /usr/local/lib/python3.10/dist-packages/airflow/example_dags/example_latest_only.py took 0.074 seconds
[2023-11-28T00:55:21.635+0000] {processor.py:157} INFO - Started process (PID=4951) to work on /usr/local/lib/python3.10/dist-packages/airflow/example_dags/example_latest_only.py
[2023-11-28T00:55:21.637+0000] {processor.py:829} INFO - Processing file /usr/local/lib/python3.10/dist-packages/airflow/example_dags/example_latest_only.py for tasks to queue
[2023-11-28T00:55:21.638+0000] {logging_mixin.py:154} INFO - [2023-11-28T00:55:21.637+0000] {dagbag.py:536} INFO - Filling up the DagBag from /usr/local/lib/python3.10/dist-packages/airflow/example_dags/example_latest_only.py
[2023-11-28T00:55:21.644+0000] {processor.py:839} INFO - DAG(s) dict_keys(['latest_only']) retrieved from /usr/local/lib/python3.10/dist-packages/airflow/example_dags/example_latest_only.py
[2023-11-28T00:55:21.660+0000] {logging_mixin.py:154} INFO - [2023-11-28T00:55:21.660+0000] {dag.py:2941} INFO - Sync 1 DAGs
[2023-11-28T00:55:21.681+0000] {logging_mixin.py:154} INFO - [2023-11-28T00:55:21.681+0000] {dag.py:3722} INFO - Setting next_dagrun for latest_only to 2023-11-27T20:55:21.681033+00:00, run_after=2023-11-28T00:55:21.681033+00:00
[2023-11-28T00:55:21.703+0000] {processor.py:179} INFO - Processing /usr/local/lib/python3.10/dist-packages/airflow/example_dags/example_latest_only.py took 0.071 seconds
[2023-11-28T00:56:09.453+0000] {processor.py:157} INFO - Started process (PID=5304) to work on /usr/local/lib/python3.10/dist-packages/airflow/example_dags/example_latest_only.py
[2023-11-28T00:56:09.454+0000] {processor.py:829} INFO - Processing file /usr/local/lib/python3.10/dist-packages/airflow/example_dags/example_latest_only.py for tasks to queue
[2023-11-28T00:56:09.455+0000] {logging_mixin.py:154} INFO - [2023-11-28T00:56:09.454+0000] {dagbag.py:536} INFO - Filling up the DagBag from /usr/local/lib/python3.10/dist-packages/airflow/example_dags/example_latest_only.py
[2023-11-28T00:56:09.461+0000] {processor.py:839} INFO - DAG(s) dict_keys(['latest_only']) retrieved from /usr/local/lib/python3.10/dist-packages/airflow/example_dags/example_latest_only.py
[2023-11-28T00:56:09.478+0000] {logging_mixin.py:154} INFO - [2023-11-28T00:56:09.477+0000] {dag.py:2941} INFO - Sync 1 DAGs
[2023-11-28T00:56:09.499+0000] {logging_mixin.py:154} INFO - [2023-11-28T00:56:09.498+0000] {dag.py:3722} INFO - Setting next_dagrun for latest_only to 2023-11-27T20:56:09.498568+00:00, run_after=2023-11-28T00:56:09.498568+00:00
[2023-11-28T00:56:09.521+0000] {processor.py:179} INFO - Processing /usr/local/lib/python3.10/dist-packages/airflow/example_dags/example_latest_only.py took 0.072 seconds
[2023-11-28T00:56:56.016+0000] {processor.py:157} INFO - Started process (PID=5367) to work on /usr/local/lib/python3.10/dist-packages/airflow/example_dags/example_latest_only.py
[2023-11-28T00:56:56.018+0000] {processor.py:829} INFO - Processing file /usr/local/lib/python3.10/dist-packages/airflow/example_dags/example_latest_only.py for tasks to queue
[2023-11-28T00:56:56.019+0000] {logging_mixin.py:154} INFO - [2023-11-28T00:56:56.018+0000] {dagbag.py:536} INFO - Filling up the DagBag from /usr/local/lib/python3.10/dist-packages/airflow/example_dags/example_latest_only.py
[2023-11-28T00:56:56.025+0000] {processor.py:839} INFO - DAG(s) dict_keys(['latest_only']) retrieved from /usr/local/lib/python3.10/dist-packages/airflow/example_dags/example_latest_only.py
[2023-11-28T00:56:56.042+0000] {logging_mixin.py:154} INFO - [2023-11-28T00:56:56.042+0000] {dag.py:2941} INFO - Sync 1 DAGs
[2023-11-28T00:56:56.064+0000] {logging_mixin.py:154} INFO - [2023-11-28T00:56:56.064+0000] {dag.py:3722} INFO - Setting next_dagrun for latest_only to 2023-11-27T20:56:56.063970+00:00, run_after=2023-11-28T00:56:56.063970+00:00
[2023-11-28T00:56:56.091+0000] {processor.py:179} INFO - Processing /usr/local/lib/python3.10/dist-packages/airflow/example_dags/example_latest_only.py took 0.078 seconds
[2023-11-28T00:57:43.100+0000] {processor.py:157} INFO - Started process (PID=5417) to work on /usr/local/lib/python3.10/dist-packages/airflow/example_dags/example_latest_only.py
[2023-11-28T00:57:43.102+0000] {processor.py:829} INFO - Processing file /usr/local/lib/python3.10/dist-packages/airflow/example_dags/example_latest_only.py for tasks to queue
[2023-11-28T00:57:43.103+0000] {logging_mixin.py:154} INFO - [2023-11-28T00:57:43.102+0000] {dagbag.py:536} INFO - Filling up the DagBag from /usr/local/lib/python3.10/dist-packages/airflow/example_dags/example_latest_only.py
[2023-11-28T00:57:43.109+0000] {processor.py:839} INFO - DAG(s) dict_keys(['latest_only']) retrieved from /usr/local/lib/python3.10/dist-packages/airflow/example_dags/example_latest_only.py
[2023-11-28T00:57:43.125+0000] {logging_mixin.py:154} INFO - [2023-11-28T00:57:43.125+0000] {dag.py:2941} INFO - Sync 1 DAGs
[2023-11-28T00:57:43.146+0000] {logging_mixin.py:154} INFO - [2023-11-28T00:57:43.146+0000] {dag.py:3722} INFO - Setting next_dagrun for latest_only to 2023-11-27T20:57:43.145847+00:00, run_after=2023-11-28T00:57:43.145847+00:00
[2023-11-28T00:57:43.168+0000] {processor.py:179} INFO - Processing /usr/local/lib/python3.10/dist-packages/airflow/example_dags/example_latest_only.py took 0.071 seconds
[2023-11-28T00:58:30.645+0000] {processor.py:157} INFO - Started process (PID=5465) to work on /usr/local/lib/python3.10/dist-packages/airflow/example_dags/example_latest_only.py
[2023-11-28T00:58:30.647+0000] {processor.py:829} INFO - Processing file /usr/local/lib/python3.10/dist-packages/airflow/example_dags/example_latest_only.py for tasks to queue
[2023-11-28T00:58:30.648+0000] {logging_mixin.py:154} INFO - [2023-11-28T00:58:30.647+0000] {dagbag.py:536} INFO - Filling up the DagBag from /usr/local/lib/python3.10/dist-packages/airflow/example_dags/example_latest_only.py
[2023-11-28T00:58:30.654+0000] {processor.py:839} INFO - DAG(s) dict_keys(['latest_only']) retrieved from /usr/local/lib/python3.10/dist-packages/airflow/example_dags/example_latest_only.py
[2023-11-28T00:58:30.671+0000] {logging_mixin.py:154} INFO - [2023-11-28T00:58:30.671+0000] {dag.py:2941} INFO - Sync 1 DAGs
[2023-11-28T00:58:30.692+0000] {logging_mixin.py:154} INFO - [2023-11-28T00:58:30.692+0000] {dag.py:3722} INFO - Setting next_dagrun for latest_only to 2023-11-27T20:58:30.692456+00:00, run_after=2023-11-28T00:58:30.692456+00:00
[2023-11-28T00:58:30.717+0000] {processor.py:179} INFO - Processing /usr/local/lib/python3.10/dist-packages/airflow/example_dags/example_latest_only.py took 0.075 seconds
[2023-11-28T00:59:17.602+0000] {processor.py:157} INFO - Started process (PID=5513) to work on /usr/local/lib/python3.10/dist-packages/airflow/example_dags/example_latest_only.py
[2023-11-28T00:59:17.604+0000] {processor.py:829} INFO - Processing file /usr/local/lib/python3.10/dist-packages/airflow/example_dags/example_latest_only.py for tasks to queue
[2023-11-28T00:59:17.605+0000] {logging_mixin.py:154} INFO - [2023-11-28T00:59:17.604+0000] {dagbag.py:536} INFO - Filling up the DagBag from /usr/local/lib/python3.10/dist-packages/airflow/example_dags/example_latest_only.py
[2023-11-28T00:59:17.610+0000] {processor.py:839} INFO - DAG(s) dict_keys(['latest_only']) retrieved from /usr/local/lib/python3.10/dist-packages/airflow/example_dags/example_latest_only.py
[2023-11-28T00:59:17.627+0000] {logging_mixin.py:154} INFO - [2023-11-28T00:59:17.626+0000] {dag.py:2941} INFO - Sync 1 DAGs
[2023-11-28T00:59:17.647+0000] {logging_mixin.py:154} INFO - [2023-11-28T00:59:17.646+0000] {dag.py:3722} INFO - Setting next_dagrun for latest_only to 2023-11-27T20:59:17.646741+00:00, run_after=2023-11-28T00:59:17.646741+00:00
[2023-11-28T00:59:17.671+0000] {processor.py:179} INFO - Processing /usr/local/lib/python3.10/dist-packages/airflow/example_dags/example_latest_only.py took 0.072 seconds
[2023-11-28T01:00:00.175+0000] {processor.py:157} INFO - Started process (PID=5559) to work on /usr/local/lib/python3.10/dist-packages/airflow/example_dags/example_latest_only.py
[2023-11-28T01:00:00.177+0000] {processor.py:829} INFO - Processing file /usr/local/lib/python3.10/dist-packages/airflow/example_dags/example_latest_only.py for tasks to queue
[2023-11-28T01:00:00.179+0000] {logging_mixin.py:154} INFO - [2023-11-28T01:00:00.178+0000] {dagbag.py:536} INFO - Filling up the DagBag from /usr/local/lib/python3.10/dist-packages/airflow/example_dags/example_latest_only.py
[2023-11-28T01:00:00.195+0000] {processor.py:839} INFO - DAG(s) dict_keys(['latest_only']) retrieved from /usr/local/lib/python3.10/dist-packages/airflow/example_dags/example_latest_only.py
[2023-11-28T01:00:00.247+0000] {logging_mixin.py:154} INFO - [2023-11-28T01:00:00.241+0000] {dag.py:2941} INFO - Sync 1 DAGs
[2023-11-28T01:00:00.305+0000] {logging_mixin.py:154} INFO - [2023-11-28T01:00:00.305+0000] {dag.py:3722} INFO - Setting next_dagrun for latest_only to 2023-11-27T21:00:00.305292+00:00, run_after=2023-11-28T01:00:00.305292+00:00
[2023-11-28T01:00:00.357+0000] {processor.py:179} INFO - Processing /usr/local/lib/python3.10/dist-packages/airflow/example_dags/example_latest_only.py took 0.189 seconds
[2023-11-28T01:01:00.438+0000] {processor.py:157} INFO - Started process (PID=5620) to work on /usr/local/lib/python3.10/dist-packages/airflow/example_dags/example_latest_only.py
[2023-11-28T01:01:00.440+0000] {processor.py:829} INFO - Processing file /usr/local/lib/python3.10/dist-packages/airflow/example_dags/example_latest_only.py for tasks to queue
[2023-11-28T01:01:00.441+0000] {logging_mixin.py:154} INFO - [2023-11-28T01:01:00.441+0000] {dagbag.py:536} INFO - Filling up the DagBag from /usr/local/lib/python3.10/dist-packages/airflow/example_dags/example_latest_only.py
[2023-11-28T01:01:00.447+0000] {processor.py:839} INFO - DAG(s) dict_keys(['latest_only']) retrieved from /usr/local/lib/python3.10/dist-packages/airflow/example_dags/example_latest_only.py
[2023-11-28T01:01:00.465+0000] {logging_mixin.py:154} INFO - [2023-11-28T01:01:00.465+0000] {dag.py:2941} INFO - Sync 1 DAGs
[2023-11-28T01:01:00.487+0000] {logging_mixin.py:154} INFO - [2023-11-28T01:01:00.487+0000] {dag.py:3722} INFO - Setting next_dagrun for latest_only to 2023-11-27T21:01:00.486781+00:00, run_after=2023-11-28T01:01:00.486781+00:00
[2023-11-28T01:01:00.511+0000] {processor.py:179} INFO - Processing /usr/local/lib/python3.10/dist-packages/airflow/example_dags/example_latest_only.py took 0.077 seconds
[2023-11-28T01:01:44.410+0000] {processor.py:157} INFO - Started process (PID=5667) to work on /usr/local/lib/python3.10/dist-packages/airflow/example_dags/example_latest_only.py
[2023-11-28T01:01:44.413+0000] {processor.py:829} INFO - Processing file /usr/local/lib/python3.10/dist-packages/airflow/example_dags/example_latest_only.py for tasks to queue
[2023-11-28T01:01:44.414+0000] {logging_mixin.py:154} INFO - [2023-11-28T01:01:44.413+0000] {dagbag.py:536} INFO - Filling up the DagBag from /usr/local/lib/python3.10/dist-packages/airflow/example_dags/example_latest_only.py
[2023-11-28T01:01:44.420+0000] {processor.py:839} INFO - DAG(s) dict_keys(['latest_only']) retrieved from /usr/local/lib/python3.10/dist-packages/airflow/example_dags/example_latest_only.py
[2023-11-28T01:01:44.437+0000] {logging_mixin.py:154} INFO - [2023-11-28T01:01:44.436+0000] {dag.py:2941} INFO - Sync 1 DAGs
[2023-11-28T01:01:44.457+0000] {logging_mixin.py:154} INFO - [2023-11-28T01:01:44.457+0000] {dag.py:3722} INFO - Setting next_dagrun for latest_only to 2023-11-27T21:01:44.456919+00:00, run_after=2023-11-28T01:01:44.456919+00:00
[2023-11-28T01:01:44.481+0000] {processor.py:179} INFO - Processing /usr/local/lib/python3.10/dist-packages/airflow/example_dags/example_latest_only.py took 0.075 seconds
[2023-11-28T01:02:29.356+0000] {processor.py:157} INFO - Started process (PID=5714) to work on /usr/local/lib/python3.10/dist-packages/airflow/example_dags/example_latest_only.py
[2023-11-28T01:02:29.357+0000] {processor.py:829} INFO - Processing file /usr/local/lib/python3.10/dist-packages/airflow/example_dags/example_latest_only.py for tasks to queue
[2023-11-28T01:02:29.358+0000] {logging_mixin.py:154} INFO - [2023-11-28T01:02:29.358+0000] {dagbag.py:536} INFO - Filling up the DagBag from /usr/local/lib/python3.10/dist-packages/airflow/example_dags/example_latest_only.py
[2023-11-28T01:02:29.364+0000] {processor.py:839} INFO - DAG(s) dict_keys(['latest_only']) retrieved from /usr/local/lib/python3.10/dist-packages/airflow/example_dags/example_latest_only.py
[2023-11-28T01:02:29.382+0000] {logging_mixin.py:154} INFO - [2023-11-28T01:02:29.381+0000] {dag.py:2941} INFO - Sync 1 DAGs
[2023-11-28T01:02:29.403+0000] {logging_mixin.py:154} INFO - [2023-11-28T01:02:29.403+0000] {dag.py:3722} INFO - Setting next_dagrun for latest_only to 2023-11-27T21:02:29.403354+00:00, run_after=2023-11-28T01:02:29.403354+00:00
[2023-11-28T01:02:29.428+0000] {processor.py:179} INFO - Processing /usr/local/lib/python3.10/dist-packages/airflow/example_dags/example_latest_only.py took 0.075 seconds
[2023-11-28T01:03:29.820+0000] {processor.py:157} INFO - Started process (PID=5776) to work on /usr/local/lib/python3.10/dist-packages/airflow/example_dags/example_latest_only.py
[2023-11-28T01:03:29.821+0000] {processor.py:829} INFO - Processing file /usr/local/lib/python3.10/dist-packages/airflow/example_dags/example_latest_only.py for tasks to queue
[2023-11-28T01:03:29.822+0000] {logging_mixin.py:154} INFO - [2023-11-28T01:03:29.822+0000] {dagbag.py:536} INFO - Filling up the DagBag from /usr/local/lib/python3.10/dist-packages/airflow/example_dags/example_latest_only.py
[2023-11-28T01:03:29.829+0000] {processor.py:839} INFO - DAG(s) dict_keys(['latest_only']) retrieved from /usr/local/lib/python3.10/dist-packages/airflow/example_dags/example_latest_only.py
[2023-11-28T01:03:29.845+0000] {logging_mixin.py:154} INFO - [2023-11-28T01:03:29.845+0000] {dag.py:2941} INFO - Sync 1 DAGs
[2023-11-28T01:03:29.866+0000] {logging_mixin.py:154} INFO - [2023-11-28T01:03:29.866+0000] {dag.py:3722} INFO - Setting next_dagrun for latest_only to 2023-11-27T21:03:29.866173+00:00, run_after=2023-11-28T01:03:29.866173+00:00
[2023-11-28T01:03:29.891+0000] {processor.py:179} INFO - Processing /usr/local/lib/python3.10/dist-packages/airflow/example_dags/example_latest_only.py took 0.075 seconds
[2023-11-28T01:04:14.438+0000] {processor.py:157} INFO - Started process (PID=5936) to work on /usr/local/lib/python3.10/dist-packages/airflow/example_dags/example_latest_only.py
[2023-11-28T01:04:14.440+0000] {processor.py:829} INFO - Processing file /usr/local/lib/python3.10/dist-packages/airflow/example_dags/example_latest_only.py for tasks to queue
[2023-11-28T01:04:14.441+0000] {logging_mixin.py:154} INFO - [2023-11-28T01:04:14.441+0000] {dagbag.py:536} INFO - Filling up the DagBag from /usr/local/lib/python3.10/dist-packages/airflow/example_dags/example_latest_only.py
[2023-11-28T01:04:14.448+0000] {processor.py:839} INFO - DAG(s) dict_keys(['latest_only']) retrieved from /usr/local/lib/python3.10/dist-packages/airflow/example_dags/example_latest_only.py
[2023-11-28T01:04:14.464+0000] {logging_mixin.py:154} INFO - [2023-11-28T01:04:14.464+0000] {dag.py:2941} INFO - Sync 1 DAGs
[2023-11-28T01:04:14.486+0000] {logging_mixin.py:154} INFO - [2023-11-28T01:04:14.485+0000] {dag.py:3722} INFO - Setting next_dagrun for latest_only to 2023-11-27T21:04:14.485573+00:00, run_after=2023-11-28T01:04:14.485573+00:00
[2023-11-28T01:04:14.508+0000] {processor.py:179} INFO - Processing /usr/local/lib/python3.10/dist-packages/airflow/example_dags/example_latest_only.py took 0.073 seconds
[2023-11-28T01:04:57.782+0000] {processor.py:157} INFO - Started process (PID=5982) to work on /usr/local/lib/python3.10/dist-packages/airflow/example_dags/example_latest_only.py
[2023-11-28T01:04:57.783+0000] {processor.py:829} INFO - Processing file /usr/local/lib/python3.10/dist-packages/airflow/example_dags/example_latest_only.py for tasks to queue
[2023-11-28T01:04:57.784+0000] {logging_mixin.py:154} INFO - [2023-11-28T01:04:57.784+0000] {dagbag.py:536} INFO - Filling up the DagBag from /usr/local/lib/python3.10/dist-packages/airflow/example_dags/example_latest_only.py
[2023-11-28T01:04:57.791+0000] {processor.py:839} INFO - DAG(s) dict_keys(['latest_only']) retrieved from /usr/local/lib/python3.10/dist-packages/airflow/example_dags/example_latest_only.py
[2023-11-28T01:04:57.810+0000] {logging_mixin.py:154} INFO - [2023-11-28T01:04:57.810+0000] {dag.py:2941} INFO - Sync 1 DAGs
[2023-11-28T01:04:57.831+0000] {logging_mixin.py:154} INFO - [2023-11-28T01:04:57.830+0000] {dag.py:3722} INFO - Setting next_dagrun for latest_only to 2023-11-27T21:04:57.830656+00:00, run_after=2023-11-28T01:04:57.830656+00:00
[2023-11-28T01:04:57.853+0000] {processor.py:179} INFO - Processing /usr/local/lib/python3.10/dist-packages/airflow/example_dags/example_latest_only.py took 0.075 seconds
[2023-11-28T01:05:42.648+0000] {processor.py:157} INFO - Started process (PID=6029) to work on /usr/local/lib/python3.10/dist-packages/airflow/example_dags/example_latest_only.py
[2023-11-28T01:05:42.650+0000] {processor.py:829} INFO - Processing file /usr/local/lib/python3.10/dist-packages/airflow/example_dags/example_latest_only.py for tasks to queue
[2023-11-28T01:05:42.651+0000] {logging_mixin.py:154} INFO - [2023-11-28T01:05:42.650+0000] {dagbag.py:536} INFO - Filling up the DagBag from /usr/local/lib/python3.10/dist-packages/airflow/example_dags/example_latest_only.py
[2023-11-28T01:05:42.657+0000] {processor.py:839} INFO - DAG(s) dict_keys(['latest_only']) retrieved from /usr/local/lib/python3.10/dist-packages/airflow/example_dags/example_latest_only.py
[2023-11-28T01:05:42.674+0000] {logging_mixin.py:154} INFO - [2023-11-28T01:05:42.674+0000] {dag.py:2941} INFO - Sync 1 DAGs
[2023-11-28T01:05:42.697+0000] {logging_mixin.py:154} INFO - [2023-11-28T01:05:42.697+0000] {dag.py:3722} INFO - Setting next_dagrun for latest_only to 2023-11-27T21:05:42.696943+00:00, run_after=2023-11-28T01:05:42.696943+00:00
[2023-11-28T01:05:42.720+0000] {processor.py:179} INFO - Processing /usr/local/lib/python3.10/dist-packages/airflow/example_dags/example_latest_only.py took 0.075 seconds
[2023-11-28T01:06:30.446+0000] {processor.py:157} INFO - Started process (PID=6078) to work on /usr/local/lib/python3.10/dist-packages/airflow/example_dags/example_latest_only.py
[2023-11-28T01:06:30.448+0000] {processor.py:829} INFO - Processing file /usr/local/lib/python3.10/dist-packages/airflow/example_dags/example_latest_only.py for tasks to queue
[2023-11-28T01:06:30.449+0000] {logging_mixin.py:154} INFO - [2023-11-28T01:06:30.448+0000] {dagbag.py:536} INFO - Filling up the DagBag from /usr/local/lib/python3.10/dist-packages/airflow/example_dags/example_latest_only.py
[2023-11-28T01:06:30.454+0000] {processor.py:839} INFO - DAG(s) dict_keys(['latest_only']) retrieved from /usr/local/lib/python3.10/dist-packages/airflow/example_dags/example_latest_only.py
[2023-11-28T01:06:30.471+0000] {logging_mixin.py:154} INFO - [2023-11-28T01:06:30.471+0000] {dag.py:2941} INFO - Sync 1 DAGs
[2023-11-28T01:06:30.492+0000] {logging_mixin.py:154} INFO - [2023-11-28T01:06:30.492+0000] {dag.py:3722} INFO - Setting next_dagrun for latest_only to 2023-11-27T21:06:30.492139+00:00, run_after=2023-11-28T01:06:30.492139+00:00
[2023-11-28T01:06:30.517+0000] {processor.py:179} INFO - Processing /usr/local/lib/python3.10/dist-packages/airflow/example_dags/example_latest_only.py took 0.075 seconds
[2023-11-28T01:07:16.831+0000] {processor.py:157} INFO - Started process (PID=6124) to work on /usr/local/lib/python3.10/dist-packages/airflow/example_dags/example_latest_only.py
[2023-11-28T01:07:16.832+0000] {processor.py:829} INFO - Processing file /usr/local/lib/python3.10/dist-packages/airflow/example_dags/example_latest_only.py for tasks to queue
[2023-11-28T01:07:16.833+0000] {logging_mixin.py:154} INFO - [2023-11-28T01:07:16.833+0000] {dagbag.py:536} INFO - Filling up the DagBag from /usr/local/lib/python3.10/dist-packages/airflow/example_dags/example_latest_only.py
[2023-11-28T01:07:16.839+0000] {processor.py:839} INFO - DAG(s) dict_keys(['latest_only']) retrieved from /usr/local/lib/python3.10/dist-packages/airflow/example_dags/example_latest_only.py
[2023-11-28T01:07:16.856+0000] {logging_mixin.py:154} INFO - [2023-11-28T01:07:16.856+0000] {dag.py:2941} INFO - Sync 1 DAGs
[2023-11-28T01:07:16.878+0000] {logging_mixin.py:154} INFO - [2023-11-28T01:07:16.878+0000] {dag.py:3722} INFO - Setting next_dagrun for latest_only to 2023-11-27T21:07:16.877892+00:00, run_after=2023-11-28T01:07:16.877892+00:00
[2023-11-28T01:07:16.902+0000] {processor.py:179} INFO - Processing /usr/local/lib/python3.10/dist-packages/airflow/example_dags/example_latest_only.py took 0.074 seconds
[2023-11-28T01:08:05.262+0000] {processor.py:157} INFO - Started process (PID=6174) to work on /usr/local/lib/python3.10/dist-packages/airflow/example_dags/example_latest_only.py
[2023-11-28T01:08:05.263+0000] {processor.py:829} INFO - Processing file /usr/local/lib/python3.10/dist-packages/airflow/example_dags/example_latest_only.py for tasks to queue
[2023-11-28T01:08:05.264+0000] {logging_mixin.py:154} INFO - [2023-11-28T01:08:05.264+0000] {dagbag.py:536} INFO - Filling up the DagBag from /usr/local/lib/python3.10/dist-packages/airflow/example_dags/example_latest_only.py
[2023-11-28T01:08:05.270+0000] {processor.py:839} INFO - DAG(s) dict_keys(['latest_only']) retrieved from /usr/local/lib/python3.10/dist-packages/airflow/example_dags/example_latest_only.py
[2023-11-28T01:08:05.287+0000] {logging_mixin.py:154} INFO - [2023-11-28T01:08:05.287+0000] {dag.py:2941} INFO - Sync 1 DAGs
[2023-11-28T01:08:05.308+0000] {logging_mixin.py:154} INFO - [2023-11-28T01:08:05.308+0000] {dag.py:3722} INFO - Setting next_dagrun for latest_only to 2023-11-27T21:08:05.308245+00:00, run_after=2023-11-28T01:08:05.308245+00:00
[2023-11-28T01:08:05.331+0000] {processor.py:179} INFO - Processing /usr/local/lib/python3.10/dist-packages/airflow/example_dags/example_latest_only.py took 0.072 seconds
[2023-11-28T01:08:51.934+0000] {processor.py:157} INFO - Started process (PID=6224) to work on /usr/local/lib/python3.10/dist-packages/airflow/example_dags/example_latest_only.py
[2023-11-28T01:08:51.935+0000] {processor.py:829} INFO - Processing file /usr/local/lib/python3.10/dist-packages/airflow/example_dags/example_latest_only.py for tasks to queue
[2023-11-28T01:08:51.936+0000] {logging_mixin.py:154} INFO - [2023-11-28T01:08:51.936+0000] {dagbag.py:536} INFO - Filling up the DagBag from /usr/local/lib/python3.10/dist-packages/airflow/example_dags/example_latest_only.py
[2023-11-28T01:08:51.942+0000] {processor.py:839} INFO - DAG(s) dict_keys(['latest_only']) retrieved from /usr/local/lib/python3.10/dist-packages/airflow/example_dags/example_latest_only.py
[2023-11-28T01:08:51.959+0000] {logging_mixin.py:154} INFO - [2023-11-28T01:08:51.959+0000] {dag.py:2941} INFO - Sync 1 DAGs
[2023-11-28T01:08:51.980+0000] {logging_mixin.py:154} INFO - [2023-11-28T01:08:51.979+0000] {dag.py:3722} INFO - Setting next_dagrun for latest_only to 2023-11-27T21:08:51.979747+00:00, run_after=2023-11-28T01:08:51.979747+00:00
[2023-11-28T01:08:52.002+0000] {processor.py:179} INFO - Processing /usr/local/lib/python3.10/dist-packages/airflow/example_dags/example_latest_only.py took 0.072 seconds
[2023-11-28T01:09:50.086+0000] {processor.py:157} INFO - Started process (PID=6285) to work on /usr/local/lib/python3.10/dist-packages/airflow/example_dags/example_latest_only.py
[2023-11-28T01:09:50.087+0000] {processor.py:829} INFO - Processing file /usr/local/lib/python3.10/dist-packages/airflow/example_dags/example_latest_only.py for tasks to queue
[2023-11-28T01:09:50.088+0000] {logging_mixin.py:154} INFO - [2023-11-28T01:09:50.088+0000] {dagbag.py:536} INFO - Filling up the DagBag from /usr/local/lib/python3.10/dist-packages/airflow/example_dags/example_latest_only.py
[2023-11-28T01:09:50.096+0000] {processor.py:839} INFO - DAG(s) dict_keys(['latest_only']) retrieved from /usr/local/lib/python3.10/dist-packages/airflow/example_dags/example_latest_only.py
[2023-11-28T01:09:50.114+0000] {logging_mixin.py:154} INFO - [2023-11-28T01:09:50.114+0000] {dag.py:2941} INFO - Sync 1 DAGs
[2023-11-28T01:09:50.138+0000] {logging_mixin.py:154} INFO - [2023-11-28T01:09:50.138+0000] {dag.py:3722} INFO - Setting next_dagrun for latest_only to 2023-11-27T21:09:50.138010+00:00, run_after=2023-11-28T01:09:50.138010+00:00
[2023-11-28T01:09:50.170+0000] {processor.py:179} INFO - Processing /usr/local/lib/python3.10/dist-packages/airflow/example_dags/example_latest_only.py took 0.088 seconds
[2023-11-28T01:10:37.172+0000] {processor.py:157} INFO - Started process (PID=6333) to work on /usr/local/lib/python3.10/dist-packages/airflow/example_dags/example_latest_only.py
[2023-11-28T01:10:37.174+0000] {processor.py:829} INFO - Processing file /usr/local/lib/python3.10/dist-packages/airflow/example_dags/example_latest_only.py for tasks to queue
[2023-11-28T01:10:37.175+0000] {logging_mixin.py:154} INFO - [2023-11-28T01:10:37.174+0000] {dagbag.py:536} INFO - Filling up the DagBag from /usr/local/lib/python3.10/dist-packages/airflow/example_dags/example_latest_only.py
[2023-11-28T01:10:37.181+0000] {processor.py:839} INFO - DAG(s) dict_keys(['latest_only']) retrieved from /usr/local/lib/python3.10/dist-packages/airflow/example_dags/example_latest_only.py
[2023-11-28T01:10:37.199+0000] {logging_mixin.py:154} INFO - [2023-11-28T01:10:37.199+0000] {dag.py:2941} INFO - Sync 1 DAGs
[2023-11-28T01:10:37.221+0000] {logging_mixin.py:154} INFO - [2023-11-28T01:10:37.220+0000] {dag.py:3722} INFO - Setting next_dagrun for latest_only to 2023-11-27T21:10:37.220676+00:00, run_after=2023-11-28T01:10:37.220676+00:00
[2023-11-28T01:10:37.245+0000] {processor.py:179} INFO - Processing /usr/local/lib/python3.10/dist-packages/airflow/example_dags/example_latest_only.py took 0.077 seconds
[2023-11-28T01:11:24.228+0000] {processor.py:157} INFO - Started process (PID=6382) to work on /usr/local/lib/python3.10/dist-packages/airflow/example_dags/example_latest_only.py
[2023-11-28T01:11:24.230+0000] {processor.py:829} INFO - Processing file /usr/local/lib/python3.10/dist-packages/airflow/example_dags/example_latest_only.py for tasks to queue
[2023-11-28T01:11:24.230+0000] {logging_mixin.py:154} INFO - [2023-11-28T01:11:24.230+0000] {dagbag.py:536} INFO - Filling up the DagBag from /usr/local/lib/python3.10/dist-packages/airflow/example_dags/example_latest_only.py
[2023-11-28T01:11:24.236+0000] {processor.py:839} INFO - DAG(s) dict_keys(['latest_only']) retrieved from /usr/local/lib/python3.10/dist-packages/airflow/example_dags/example_latest_only.py
[2023-11-28T01:11:24.253+0000] {logging_mixin.py:154} INFO - [2023-11-28T01:11:24.253+0000] {dag.py:2941} INFO - Sync 1 DAGs
[2023-11-28T01:11:24.274+0000] {logging_mixin.py:154} INFO - [2023-11-28T01:11:24.274+0000] {dag.py:3722} INFO - Setting next_dagrun for latest_only to 2023-11-27T21:11:24.273951+00:00, run_after=2023-11-28T01:11:24.273951+00:00
[2023-11-28T01:11:24.306+0000] {processor.py:179} INFO - Processing /usr/local/lib/python3.10/dist-packages/airflow/example_dags/example_latest_only.py took 0.081 seconds
[2023-11-28T01:12:09.687+0000] {processor.py:157} INFO - Started process (PID=6428) to work on /usr/local/lib/python3.10/dist-packages/airflow/example_dags/example_latest_only.py
[2023-11-28T01:12:09.688+0000] {processor.py:829} INFO - Processing file /usr/local/lib/python3.10/dist-packages/airflow/example_dags/example_latest_only.py for tasks to queue
[2023-11-28T01:12:09.689+0000] {logging_mixin.py:154} INFO - [2023-11-28T01:12:09.689+0000] {dagbag.py:536} INFO - Filling up the DagBag from /usr/local/lib/python3.10/dist-packages/airflow/example_dags/example_latest_only.py
[2023-11-28T01:12:09.695+0000] {processor.py:839} INFO - DAG(s) dict_keys(['latest_only']) retrieved from /usr/local/lib/python3.10/dist-packages/airflow/example_dags/example_latest_only.py
[2023-11-28T01:12:09.712+0000] {logging_mixin.py:154} INFO - [2023-11-28T01:12:09.712+0000] {dag.py:2941} INFO - Sync 1 DAGs
[2023-11-28T01:12:09.733+0000] {logging_mixin.py:154} INFO - [2023-11-28T01:12:09.732+0000] {dag.py:3722} INFO - Setting next_dagrun for latest_only to 2023-11-27T21:12:09.732697+00:00, run_after=2023-11-28T01:12:09.732697+00:00
[2023-11-28T01:12:09.756+0000] {processor.py:179} INFO - Processing /usr/local/lib/python3.10/dist-packages/airflow/example_dags/example_latest_only.py took 0.073 seconds
[2023-11-28T01:12:53.120+0000] {processor.py:157} INFO - Started process (PID=6475) to work on /usr/local/lib/python3.10/dist-packages/airflow/example_dags/example_latest_only.py
[2023-11-28T01:12:53.121+0000] {processor.py:829} INFO - Processing file /usr/local/lib/python3.10/dist-packages/airflow/example_dags/example_latest_only.py for tasks to queue
[2023-11-28T01:12:53.122+0000] {logging_mixin.py:154} INFO - [2023-11-28T01:12:53.122+0000] {dagbag.py:536} INFO - Filling up the DagBag from /usr/local/lib/python3.10/dist-packages/airflow/example_dags/example_latest_only.py
[2023-11-28T01:12:53.128+0000] {processor.py:839} INFO - DAG(s) dict_keys(['latest_only']) retrieved from /usr/local/lib/python3.10/dist-packages/airflow/example_dags/example_latest_only.py
[2023-11-28T01:12:53.145+0000] {logging_mixin.py:154} INFO - [2023-11-28T01:12:53.145+0000] {dag.py:2941} INFO - Sync 1 DAGs
[2023-11-28T01:12:53.166+0000] {logging_mixin.py:154} INFO - [2023-11-28T01:12:53.165+0000] {dag.py:3722} INFO - Setting next_dagrun for latest_only to 2023-11-27T21:12:53.165668+00:00, run_after=2023-11-28T01:12:53.165668+00:00
[2023-11-28T01:12:53.188+0000] {processor.py:179} INFO - Processing /usr/local/lib/python3.10/dist-packages/airflow/example_dags/example_latest_only.py took 0.072 seconds
[2023-11-28T01:13:56.274+0000] {processor.py:157} INFO - Started process (PID=6538) to work on /usr/local/lib/python3.10/dist-packages/airflow/example_dags/example_latest_only.py
[2023-11-28T01:13:56.276+0000] {processor.py:829} INFO - Processing file /usr/local/lib/python3.10/dist-packages/airflow/example_dags/example_latest_only.py for tasks to queue
[2023-11-28T01:13:56.277+0000] {logging_mixin.py:154} INFO - [2023-11-28T01:13:56.276+0000] {dagbag.py:536} INFO - Filling up the DagBag from /usr/local/lib/python3.10/dist-packages/airflow/example_dags/example_latest_only.py
[2023-11-28T01:13:56.283+0000] {processor.py:839} INFO - DAG(s) dict_keys(['latest_only']) retrieved from /usr/local/lib/python3.10/dist-packages/airflow/example_dags/example_latest_only.py
[2023-11-28T01:13:56.300+0000] {logging_mixin.py:154} INFO - [2023-11-28T01:13:56.299+0000] {dag.py:2941} INFO - Sync 1 DAGs
[2023-11-28T01:13:56.321+0000] {logging_mixin.py:154} INFO - [2023-11-28T01:13:56.321+0000] {dag.py:3722} INFO - Setting next_dagrun for latest_only to 2023-11-27T21:13:56.320760+00:00, run_after=2023-11-28T01:13:56.320760+00:00
[2023-11-28T01:13:56.343+0000] {processor.py:179} INFO - Processing /usr/local/lib/python3.10/dist-packages/airflow/example_dags/example_latest_only.py took 0.073 seconds
[2023-11-28T01:15:37.556+0000] {processor.py:157} INFO - Started process (PID=6652) to work on /usr/local/lib/python3.10/dist-packages/airflow/example_dags/example_latest_only.py
[2023-11-28T01:15:37.557+0000] {processor.py:829} INFO - Processing file /usr/local/lib/python3.10/dist-packages/airflow/example_dags/example_latest_only.py for tasks to queue
[2023-11-28T01:15:37.558+0000] {logging_mixin.py:154} INFO - [2023-11-28T01:15:37.558+0000] {dagbag.py:536} INFO - Filling up the DagBag from /usr/local/lib/python3.10/dist-packages/airflow/example_dags/example_latest_only.py
[2023-11-28T01:15:37.564+0000] {processor.py:839} INFO - DAG(s) dict_keys(['latest_only']) retrieved from /usr/local/lib/python3.10/dist-packages/airflow/example_dags/example_latest_only.py
[2023-11-28T01:15:37.581+0000] {logging_mixin.py:154} INFO - [2023-11-28T01:15:37.581+0000] {dag.py:2941} INFO - Sync 1 DAGs
[2023-11-28T01:15:37.602+0000] {logging_mixin.py:154} INFO - [2023-11-28T01:15:37.602+0000] {dag.py:3722} INFO - Setting next_dagrun for latest_only to 2023-11-27T21:15:37.601939+00:00, run_after=2023-11-28T01:15:37.601939+00:00
[2023-11-28T01:15:37.626+0000] {processor.py:179} INFO - Processing /usr/local/lib/python3.10/dist-packages/airflow/example_dags/example_latest_only.py took 0.074 seconds
[2023-11-28T01:16:21.785+0000] {processor.py:157} INFO - Started process (PID=6698) to work on /usr/local/lib/python3.10/dist-packages/airflow/example_dags/example_latest_only.py
[2023-11-28T01:16:21.787+0000] {processor.py:829} INFO - Processing file /usr/local/lib/python3.10/dist-packages/airflow/example_dags/example_latest_only.py for tasks to queue
[2023-11-28T01:16:21.788+0000] {logging_mixin.py:154} INFO - [2023-11-28T01:16:21.788+0000] {dagbag.py:536} INFO - Filling up the DagBag from /usr/local/lib/python3.10/dist-packages/airflow/example_dags/example_latest_only.py
[2023-11-28T01:16:21.795+0000] {processor.py:839} INFO - DAG(s) dict_keys(['latest_only']) retrieved from /usr/local/lib/python3.10/dist-packages/airflow/example_dags/example_latest_only.py
[2023-11-28T01:16:21.813+0000] {logging_mixin.py:154} INFO - [2023-11-28T01:16:21.813+0000] {dag.py:2941} INFO - Sync 1 DAGs
[2023-11-28T01:16:21.835+0000] {logging_mixin.py:154} INFO - [2023-11-28T01:16:21.835+0000] {dag.py:3722} INFO - Setting next_dagrun for latest_only to 2023-11-27T21:16:21.835442+00:00, run_after=2023-11-28T01:16:21.835442+00:00
[2023-11-28T01:16:21.861+0000] {processor.py:179} INFO - Processing /usr/local/lib/python3.10/dist-packages/airflow/example_dags/example_latest_only.py took 0.079 seconds
[2023-11-28T01:17:09.553+0000] {processor.py:157} INFO - Started process (PID=6755) to work on /usr/local/lib/python3.10/dist-packages/airflow/example_dags/example_latest_only.py
[2023-11-28T01:17:09.555+0000] {processor.py:829} INFO - Processing file /usr/local/lib/python3.10/dist-packages/airflow/example_dags/example_latest_only.py for tasks to queue
[2023-11-28T01:17:09.555+0000] {logging_mixin.py:154} INFO - [2023-11-28T01:17:09.555+0000] {dagbag.py:536} INFO - Filling up the DagBag from /usr/local/lib/python3.10/dist-packages/airflow/example_dags/example_latest_only.py
[2023-11-28T01:17:09.562+0000] {processor.py:839} INFO - DAG(s) dict_keys(['latest_only']) retrieved from /usr/local/lib/python3.10/dist-packages/airflow/example_dags/example_latest_only.py
[2023-11-28T01:17:09.579+0000] {logging_mixin.py:154} INFO - [2023-11-28T01:17:09.579+0000] {dag.py:2941} INFO - Sync 1 DAGs
[2023-11-28T01:17:09.600+0000] {logging_mixin.py:154} INFO - [2023-11-28T01:17:09.600+0000] {dag.py:3722} INFO - Setting next_dagrun for latest_only to 2023-11-27T21:17:09.600328+00:00, run_after=2023-11-28T01:17:09.600328+00:00
[2023-11-28T01:17:09.624+0000] {processor.py:179} INFO - Processing /usr/local/lib/python3.10/dist-packages/airflow/example_dags/example_latest_only.py took 0.074 seconds
[2023-11-28T01:17:58.598+0000] {processor.py:157} INFO - Started process (PID=6805) to work on /usr/local/lib/python3.10/dist-packages/airflow/example_dags/example_latest_only.py
[2023-11-28T01:17:58.600+0000] {processor.py:829} INFO - Processing file /usr/local/lib/python3.10/dist-packages/airflow/example_dags/example_latest_only.py for tasks to queue
[2023-11-28T01:17:58.601+0000] {logging_mixin.py:154} INFO - [2023-11-28T01:17:58.600+0000] {dagbag.py:536} INFO - Filling up the DagBag from /usr/local/lib/python3.10/dist-packages/airflow/example_dags/example_latest_only.py
[2023-11-28T01:17:58.607+0000] {processor.py:839} INFO - DAG(s) dict_keys(['latest_only']) retrieved from /usr/local/lib/python3.10/dist-packages/airflow/example_dags/example_latest_only.py
[2023-11-28T01:17:58.624+0000] {logging_mixin.py:154} INFO - [2023-11-28T01:17:58.623+0000] {dag.py:2941} INFO - Sync 1 DAGs
[2023-11-28T01:17:58.645+0000] {logging_mixin.py:154} INFO - [2023-11-28T01:17:58.645+0000] {dag.py:3722} INFO - Setting next_dagrun for latest_only to 2023-11-27T21:17:58.644808+00:00, run_after=2023-11-28T01:17:58.644808+00:00
[2023-11-28T01:17:58.667+0000] {processor.py:179} INFO - Processing /usr/local/lib/python3.10/dist-packages/airflow/example_dags/example_latest_only.py took 0.073 seconds
[2023-11-28T01:18:56.906+0000] {processor.py:157} INFO - Started process (PID=6866) to work on /usr/local/lib/python3.10/dist-packages/airflow/example_dags/example_latest_only.py
[2023-11-28T01:18:56.908+0000] {processor.py:829} INFO - Processing file /usr/local/lib/python3.10/dist-packages/airflow/example_dags/example_latest_only.py for tasks to queue
[2023-11-28T01:18:56.909+0000] {logging_mixin.py:154} INFO - [2023-11-28T01:18:56.908+0000] {dagbag.py:536} INFO - Filling up the DagBag from /usr/local/lib/python3.10/dist-packages/airflow/example_dags/example_latest_only.py
[2023-11-28T01:18:56.915+0000] {processor.py:839} INFO - DAG(s) dict_keys(['latest_only']) retrieved from /usr/local/lib/python3.10/dist-packages/airflow/example_dags/example_latest_only.py
[2023-11-28T01:18:56.932+0000] {logging_mixin.py:154} INFO - [2023-11-28T01:18:56.932+0000] {dag.py:2941} INFO - Sync 1 DAGs
[2023-11-28T01:18:56.954+0000] {logging_mixin.py:154} INFO - [2023-11-28T01:18:56.953+0000] {dag.py:3722} INFO - Setting next_dagrun for latest_only to 2023-11-27T21:18:56.953673+00:00, run_after=2023-11-28T01:18:56.953673+00:00
[2023-11-28T01:18:56.976+0000] {processor.py:179} INFO - Processing /usr/local/lib/python3.10/dist-packages/airflow/example_dags/example_latest_only.py took 0.073 seconds
[2023-11-28T01:19:40.546+0000] {processor.py:157} INFO - Started process (PID=7031) to work on /usr/local/lib/python3.10/dist-packages/airflow/example_dags/example_latest_only.py
[2023-11-28T01:19:40.548+0000] {processor.py:829} INFO - Processing file /usr/local/lib/python3.10/dist-packages/airflow/example_dags/example_latest_only.py for tasks to queue
[2023-11-28T01:19:40.549+0000] {logging_mixin.py:154} INFO - [2023-11-28T01:19:40.548+0000] {dagbag.py:536} INFO - Filling up the DagBag from /usr/local/lib/python3.10/dist-packages/airflow/example_dags/example_latest_only.py
[2023-11-28T01:19:40.554+0000] {processor.py:839} INFO - DAG(s) dict_keys(['latest_only']) retrieved from /usr/local/lib/python3.10/dist-packages/airflow/example_dags/example_latest_only.py
[2023-11-28T01:19:40.571+0000] {logging_mixin.py:154} INFO - [2023-11-28T01:19:40.571+0000] {dag.py:2941} INFO - Sync 1 DAGs
[2023-11-28T01:19:40.591+0000] {logging_mixin.py:154} INFO - [2023-11-28T01:19:40.591+0000] {dag.py:3722} INFO - Setting next_dagrun for latest_only to 2023-11-27T21:19:40.591259+00:00, run_after=2023-11-28T01:19:40.591259+00:00
[2023-11-28T01:19:40.613+0000] {processor.py:179} INFO - Processing /usr/local/lib/python3.10/dist-packages/airflow/example_dags/example_latest_only.py took 0.070 seconds
