[2023-11-28T00:44:48.950+0000] {processor.py:157} INFO - Started process (PID=3427) to work on /usr/local/lib/python3.10/dist-packages/airflow/example_dags/example_nested_branch_dag.py
[2023-11-28T00:44:48.951+0000] {processor.py:829} INFO - Processing file /usr/local/lib/python3.10/dist-packages/airflow/example_dags/example_nested_branch_dag.py for tasks to queue
[2023-11-28T00:44:48.952+0000] {logging_mixin.py:154} INFO - [2023-11-28T00:44:48.951+0000] {dagbag.py:536} INFO - Filling up the DagBag from /usr/local/lib/python3.10/dist-packages/airflow/example_dags/example_nested_branch_dag.py
[2023-11-28T00:44:48.963+0000] {processor.py:839} INFO - DAG(s) dict_keys(['example_nested_branch_dag']) retrieved from /usr/local/lib/python3.10/dist-packages/airflow/example_dags/example_nested_branch_dag.py
[2023-11-28T00:44:49.074+0000] {logging_mixin.py:154} INFO - [2023-11-28T00:44:49.074+0000] {manager.py:499} INFO - Created Permission View: %s
[2023-11-28T00:44:49.087+0000] {logging_mixin.py:154} INFO - [2023-11-28T00:44:49.087+0000] {manager.py:499} INFO - Created Permission View: %s
[2023-11-28T00:44:49.097+0000] {logging_mixin.py:154} INFO - [2023-11-28T00:44:49.097+0000] {manager.py:499} INFO - Created Permission View: %s
[2023-11-28T00:44:49.097+0000] {logging_mixin.py:154} INFO - [2023-11-28T00:44:49.097+0000] {dag.py:2941} INFO - Sync 1 DAGs
[2023-11-28T00:44:49.109+0000] {logging_mixin.py:154} INFO - [2023-11-28T00:44:49.109+0000] {dag.py:2963} INFO - Creating ORM DAG for example_nested_branch_dag
[2023-11-28T00:44:49.120+0000] {logging_mixin.py:154} INFO - [2023-11-28T00:44:49.120+0000] {dag.py:3722} INFO - Setting next_dagrun for example_nested_branch_dag to 2023-11-27T00:00:00+00:00, run_after=2023-11-28T00:00:00+00:00
[2023-11-28T00:44:49.145+0000] {processor.py:179} INFO - Processing /usr/local/lib/python3.10/dist-packages/airflow/example_dags/example_nested_branch_dag.py took 0.198 seconds
[2023-11-28T00:45:39.214+0000] {processor.py:157} INFO - Started process (PID=3565) to work on /usr/local/lib/python3.10/dist-packages/airflow/example_dags/example_nested_branch_dag.py
[2023-11-28T00:45:39.216+0000] {processor.py:829} INFO - Processing file /usr/local/lib/python3.10/dist-packages/airflow/example_dags/example_nested_branch_dag.py for tasks to queue
[2023-11-28T00:45:39.217+0000] {logging_mixin.py:154} INFO - [2023-11-28T00:45:39.217+0000] {dagbag.py:536} INFO - Filling up the DagBag from /usr/local/lib/python3.10/dist-packages/airflow/example_dags/example_nested_branch_dag.py
[2023-11-28T00:45:39.228+0000] {processor.py:839} INFO - DAG(s) dict_keys(['example_nested_branch_dag']) retrieved from /usr/local/lib/python3.10/dist-packages/airflow/example_dags/example_nested_branch_dag.py
[2023-11-28T00:45:39.246+0000] {logging_mixin.py:154} INFO - [2023-11-28T00:45:39.246+0000] {dag.py:2941} INFO - Sync 1 DAGs
[2023-11-28T00:45:39.269+0000] {logging_mixin.py:154} INFO - [2023-11-28T00:45:39.268+0000] {dag.py:3722} INFO - Setting next_dagrun for example_nested_branch_dag to 2023-11-27T00:00:00+00:00, run_after=2023-11-28T00:00:00+00:00
[2023-11-28T00:45:39.292+0000] {processor.py:179} INFO - Processing /usr/local/lib/python3.10/dist-packages/airflow/example_dags/example_nested_branch_dag.py took 0.082 seconds
[2023-11-28T00:46:21.527+0000] {processor.py:157} INFO - Started process (PID=3611) to work on /usr/local/lib/python3.10/dist-packages/airflow/example_dags/example_nested_branch_dag.py
[2023-11-28T00:46:21.528+0000] {processor.py:829} INFO - Processing file /usr/local/lib/python3.10/dist-packages/airflow/example_dags/example_nested_branch_dag.py for tasks to queue
[2023-11-28T00:46:21.529+0000] {logging_mixin.py:154} INFO - [2023-11-28T00:46:21.529+0000] {dagbag.py:536} INFO - Filling up the DagBag from /usr/local/lib/python3.10/dist-packages/airflow/example_dags/example_nested_branch_dag.py
[2023-11-28T00:46:21.541+0000] {processor.py:839} INFO - DAG(s) dict_keys(['example_nested_branch_dag']) retrieved from /usr/local/lib/python3.10/dist-packages/airflow/example_dags/example_nested_branch_dag.py
[2023-11-28T00:46:21.560+0000] {logging_mixin.py:154} INFO - [2023-11-28T00:46:21.560+0000] {dag.py:2941} INFO - Sync 1 DAGs
[2023-11-28T00:46:21.584+0000] {logging_mixin.py:154} INFO - [2023-11-28T00:46:21.584+0000] {dag.py:3722} INFO - Setting next_dagrun for example_nested_branch_dag to 2023-11-27T00:00:00+00:00, run_after=2023-11-28T00:00:00+00:00
[2023-11-28T00:46:21.607+0000] {processor.py:179} INFO - Processing /usr/local/lib/python3.10/dist-packages/airflow/example_dags/example_nested_branch_dag.py took 0.083 seconds
[2023-11-28T00:47:07.351+0000] {processor.py:157} INFO - Started process (PID=3660) to work on /usr/local/lib/python3.10/dist-packages/airflow/example_dags/example_nested_branch_dag.py
[2023-11-28T00:47:07.352+0000] {processor.py:829} INFO - Processing file /usr/local/lib/python3.10/dist-packages/airflow/example_dags/example_nested_branch_dag.py for tasks to queue
[2023-11-28T00:47:07.353+0000] {logging_mixin.py:154} INFO - [2023-11-28T00:47:07.353+0000] {dagbag.py:536} INFO - Filling up the DagBag from /usr/local/lib/python3.10/dist-packages/airflow/example_dags/example_nested_branch_dag.py
[2023-11-28T00:47:07.365+0000] {processor.py:839} INFO - DAG(s) dict_keys(['example_nested_branch_dag']) retrieved from /usr/local/lib/python3.10/dist-packages/airflow/example_dags/example_nested_branch_dag.py
[2023-11-28T00:47:07.384+0000] {logging_mixin.py:154} INFO - [2023-11-28T00:47:07.384+0000] {dag.py:2941} INFO - Sync 1 DAGs
[2023-11-28T00:47:07.408+0000] {logging_mixin.py:154} INFO - [2023-11-28T00:47:07.408+0000] {dag.py:3722} INFO - Setting next_dagrun for example_nested_branch_dag to 2023-11-27T00:00:00+00:00, run_after=2023-11-28T00:00:00+00:00
[2023-11-28T00:47:07.431+0000] {processor.py:179} INFO - Processing /usr/local/lib/python3.10/dist-packages/airflow/example_dags/example_nested_branch_dag.py took 0.084 seconds
[2023-11-28T00:47:51.490+0000] {processor.py:157} INFO - Started process (PID=3708) to work on /usr/local/lib/python3.10/dist-packages/airflow/example_dags/example_nested_branch_dag.py
[2023-11-28T00:47:51.491+0000] {processor.py:829} INFO - Processing file /usr/local/lib/python3.10/dist-packages/airflow/example_dags/example_nested_branch_dag.py for tasks to queue
[2023-11-28T00:47:51.492+0000] {logging_mixin.py:154} INFO - [2023-11-28T00:47:51.492+0000] {dagbag.py:536} INFO - Filling up the DagBag from /usr/local/lib/python3.10/dist-packages/airflow/example_dags/example_nested_branch_dag.py
[2023-11-28T00:47:51.503+0000] {processor.py:839} INFO - DAG(s) dict_keys(['example_nested_branch_dag']) retrieved from /usr/local/lib/python3.10/dist-packages/airflow/example_dags/example_nested_branch_dag.py
[2023-11-28T00:47:51.522+0000] {logging_mixin.py:154} INFO - [2023-11-28T00:47:51.522+0000] {dag.py:2941} INFO - Sync 1 DAGs
[2023-11-28T00:47:51.545+0000] {logging_mixin.py:154} INFO - [2023-11-28T00:47:51.545+0000] {dag.py:3722} INFO - Setting next_dagrun for example_nested_branch_dag to 2023-11-27T00:00:00+00:00, run_after=2023-11-28T00:00:00+00:00
[2023-11-28T00:47:51.567+0000] {processor.py:179} INFO - Processing /usr/local/lib/python3.10/dist-packages/airflow/example_dags/example_nested_branch_dag.py took 0.081 seconds
[2023-11-28T00:48:38.780+0000] {processor.py:157} INFO - Started process (PID=3757) to work on /usr/local/lib/python3.10/dist-packages/airflow/example_dags/example_nested_branch_dag.py
[2023-11-28T00:48:38.781+0000] {processor.py:829} INFO - Processing file /usr/local/lib/python3.10/dist-packages/airflow/example_dags/example_nested_branch_dag.py for tasks to queue
[2023-11-28T00:48:38.782+0000] {logging_mixin.py:154} INFO - [2023-11-28T00:48:38.782+0000] {dagbag.py:536} INFO - Filling up the DagBag from /usr/local/lib/python3.10/dist-packages/airflow/example_dags/example_nested_branch_dag.py
[2023-11-28T00:48:38.794+0000] {processor.py:839} INFO - DAG(s) dict_keys(['example_nested_branch_dag']) retrieved from /usr/local/lib/python3.10/dist-packages/airflow/example_dags/example_nested_branch_dag.py
[2023-11-28T00:48:38.813+0000] {logging_mixin.py:154} INFO - [2023-11-28T00:48:38.813+0000] {dag.py:2941} INFO - Sync 1 DAGs
[2023-11-28T00:48:38.836+0000] {logging_mixin.py:154} INFO - [2023-11-28T00:48:38.836+0000] {dag.py:3722} INFO - Setting next_dagrun for example_nested_branch_dag to 2023-11-27T00:00:00+00:00, run_after=2023-11-28T00:00:00+00:00
[2023-11-28T00:48:38.859+0000] {processor.py:179} INFO - Processing /usr/local/lib/python3.10/dist-packages/airflow/example_dags/example_nested_branch_dag.py took 0.082 seconds
[2023-11-28T00:49:23.149+0000] {processor.py:157} INFO - Started process (PID=3803) to work on /usr/local/lib/python3.10/dist-packages/airflow/example_dags/example_nested_branch_dag.py
[2023-11-28T00:49:23.151+0000] {processor.py:829} INFO - Processing file /usr/local/lib/python3.10/dist-packages/airflow/example_dags/example_nested_branch_dag.py for tasks to queue
[2023-11-28T00:49:23.152+0000] {logging_mixin.py:154} INFO - [2023-11-28T00:49:23.151+0000] {dagbag.py:536} INFO - Filling up the DagBag from /usr/local/lib/python3.10/dist-packages/airflow/example_dags/example_nested_branch_dag.py
[2023-11-28T00:49:23.163+0000] {processor.py:839} INFO - DAG(s) dict_keys(['example_nested_branch_dag']) retrieved from /usr/local/lib/python3.10/dist-packages/airflow/example_dags/example_nested_branch_dag.py
[2023-11-28T00:49:23.181+0000] {logging_mixin.py:154} INFO - [2023-11-28T00:49:23.181+0000] {dag.py:2941} INFO - Sync 1 DAGs
[2023-11-28T00:49:23.204+0000] {logging_mixin.py:154} INFO - [2023-11-28T00:49:23.203+0000] {dag.py:3722} INFO - Setting next_dagrun for example_nested_branch_dag to 2023-11-27T00:00:00+00:00, run_after=2023-11-28T00:00:00+00:00
[2023-11-28T00:49:23.228+0000] {processor.py:179} INFO - Processing /usr/local/lib/python3.10/dist-packages/airflow/example_dags/example_nested_branch_dag.py took 0.082 seconds
[2023-11-28T00:50:10.170+0000] {processor.py:157} INFO - Started process (PID=3851) to work on /usr/local/lib/python3.10/dist-packages/airflow/example_dags/example_nested_branch_dag.py
[2023-11-28T00:50:10.171+0000] {processor.py:829} INFO - Processing file /usr/local/lib/python3.10/dist-packages/airflow/example_dags/example_nested_branch_dag.py for tasks to queue
[2023-11-28T00:50:10.172+0000] {logging_mixin.py:154} INFO - [2023-11-28T00:50:10.172+0000] {dagbag.py:536} INFO - Filling up the DagBag from /usr/local/lib/python3.10/dist-packages/airflow/example_dags/example_nested_branch_dag.py
[2023-11-28T00:50:10.185+0000] {processor.py:839} INFO - DAG(s) dict_keys(['example_nested_branch_dag']) retrieved from /usr/local/lib/python3.10/dist-packages/airflow/example_dags/example_nested_branch_dag.py
[2023-11-28T00:50:10.204+0000] {logging_mixin.py:154} INFO - [2023-11-28T00:50:10.204+0000] {dag.py:2941} INFO - Sync 1 DAGs
[2023-11-28T00:50:10.227+0000] {logging_mixin.py:154} INFO - [2023-11-28T00:50:10.227+0000] {dag.py:3722} INFO - Setting next_dagrun for example_nested_branch_dag to 2023-11-27T00:00:00+00:00, run_after=2023-11-28T00:00:00+00:00
[2023-11-28T00:50:10.251+0000] {processor.py:179} INFO - Processing /usr/local/lib/python3.10/dist-packages/airflow/example_dags/example_nested_branch_dag.py took 0.085 seconds
[2023-11-28T00:50:57.395+0000] {processor.py:157} INFO - Started process (PID=3900) to work on /usr/local/lib/python3.10/dist-packages/airflow/example_dags/example_nested_branch_dag.py
[2023-11-28T00:50:57.397+0000] {processor.py:829} INFO - Processing file /usr/local/lib/python3.10/dist-packages/airflow/example_dags/example_nested_branch_dag.py for tasks to queue
[2023-11-28T00:50:57.398+0000] {logging_mixin.py:154} INFO - [2023-11-28T00:50:57.397+0000] {dagbag.py:536} INFO - Filling up the DagBag from /usr/local/lib/python3.10/dist-packages/airflow/example_dags/example_nested_branch_dag.py
[2023-11-28T00:50:57.409+0000] {processor.py:839} INFO - DAG(s) dict_keys(['example_nested_branch_dag']) retrieved from /usr/local/lib/python3.10/dist-packages/airflow/example_dags/example_nested_branch_dag.py
[2023-11-28T00:50:57.427+0000] {logging_mixin.py:154} INFO - [2023-11-28T00:50:57.427+0000] {dag.py:2941} INFO - Sync 1 DAGs
[2023-11-28T00:50:57.448+0000] {logging_mixin.py:154} INFO - [2023-11-28T00:50:57.448+0000] {dag.py:3722} INFO - Setting next_dagrun for example_nested_branch_dag to 2023-11-27T00:00:00+00:00, run_after=2023-11-28T00:00:00+00:00
[2023-11-28T00:50:57.470+0000] {processor.py:179} INFO - Processing /usr/local/lib/python3.10/dist-packages/airflow/example_dags/example_nested_branch_dag.py took 0.078 seconds
[2023-11-28T00:51:43.781+0000] {processor.py:157} INFO - Started process (PID=3947) to work on /usr/local/lib/python3.10/dist-packages/airflow/example_dags/example_nested_branch_dag.py
[2023-11-28T00:51:43.782+0000] {processor.py:829} INFO - Processing file /usr/local/lib/python3.10/dist-packages/airflow/example_dags/example_nested_branch_dag.py for tasks to queue
[2023-11-28T00:51:43.783+0000] {logging_mixin.py:154} INFO - [2023-11-28T00:51:43.783+0000] {dagbag.py:536} INFO - Filling up the DagBag from /usr/local/lib/python3.10/dist-packages/airflow/example_dags/example_nested_branch_dag.py
[2023-11-28T00:51:43.794+0000] {processor.py:839} INFO - DAG(s) dict_keys(['example_nested_branch_dag']) retrieved from /usr/local/lib/python3.10/dist-packages/airflow/example_dags/example_nested_branch_dag.py
[2023-11-28T00:51:43.813+0000] {logging_mixin.py:154} INFO - [2023-11-28T00:51:43.812+0000] {dag.py:2941} INFO - Sync 1 DAGs
[2023-11-28T00:51:43.835+0000] {logging_mixin.py:154} INFO - [2023-11-28T00:51:43.835+0000] {dag.py:3722} INFO - Setting next_dagrun for example_nested_branch_dag to 2023-11-27T00:00:00+00:00, run_after=2023-11-28T00:00:00+00:00
[2023-11-28T00:51:43.857+0000] {processor.py:179} INFO - Processing /usr/local/lib/python3.10/dist-packages/airflow/example_dags/example_nested_branch_dag.py took 0.079 seconds
[2023-11-28T00:52:29.785+0000] {processor.py:157} INFO - Started process (PID=4338) to work on /usr/local/lib/python3.10/dist-packages/airflow/example_dags/example_nested_branch_dag.py
[2023-11-28T00:52:29.786+0000] {processor.py:829} INFO - Processing file /usr/local/lib/python3.10/dist-packages/airflow/example_dags/example_nested_branch_dag.py for tasks to queue
[2023-11-28T00:52:29.787+0000] {logging_mixin.py:154} INFO - [2023-11-28T00:52:29.786+0000] {dagbag.py:536} INFO - Filling up the DagBag from /usr/local/lib/python3.10/dist-packages/airflow/example_dags/example_nested_branch_dag.py
[2023-11-28T00:52:29.799+0000] {processor.py:839} INFO - DAG(s) dict_keys(['example_nested_branch_dag']) retrieved from /usr/local/lib/python3.10/dist-packages/airflow/example_dags/example_nested_branch_dag.py
[2023-11-28T00:52:29.817+0000] {logging_mixin.py:154} INFO - [2023-11-28T00:52:29.817+0000] {dag.py:2941} INFO - Sync 1 DAGs
[2023-11-28T00:52:29.840+0000] {logging_mixin.py:154} INFO - [2023-11-28T00:52:29.839+0000] {dag.py:3722} INFO - Setting next_dagrun for example_nested_branch_dag to 2023-11-27T00:00:00+00:00, run_after=2023-11-28T00:00:00+00:00
[2023-11-28T00:52:29.962+0000] {processor.py:179} INFO - Processing /usr/local/lib/python3.10/dist-packages/airflow/example_dags/example_nested_branch_dag.py took 0.181 seconds
[2023-11-28T00:53:16.822+0000] {processor.py:157} INFO - Started process (PID=4463) to work on /usr/local/lib/python3.10/dist-packages/airflow/example_dags/example_nested_branch_dag.py
[2023-11-28T00:53:16.824+0000] {processor.py:829} INFO - Processing file /usr/local/lib/python3.10/dist-packages/airflow/example_dags/example_nested_branch_dag.py for tasks to queue
[2023-11-28T00:53:16.825+0000] {logging_mixin.py:154} INFO - [2023-11-28T00:53:16.824+0000] {dagbag.py:536} INFO - Filling up the DagBag from /usr/local/lib/python3.10/dist-packages/airflow/example_dags/example_nested_branch_dag.py
[2023-11-28T00:53:16.837+0000] {processor.py:839} INFO - DAG(s) dict_keys(['example_nested_branch_dag']) retrieved from /usr/local/lib/python3.10/dist-packages/airflow/example_dags/example_nested_branch_dag.py
[2023-11-28T00:53:16.857+0000] {logging_mixin.py:154} INFO - [2023-11-28T00:53:16.856+0000] {dag.py:2941} INFO - Sync 1 DAGs
[2023-11-28T00:53:16.881+0000] {logging_mixin.py:154} INFO - [2023-11-28T00:53:16.880+0000] {dag.py:3722} INFO - Setting next_dagrun for example_nested_branch_dag to 2023-11-27T00:00:00+00:00, run_after=2023-11-28T00:00:00+00:00
[2023-11-28T00:53:16.905+0000] {processor.py:179} INFO - Processing /usr/local/lib/python3.10/dist-packages/airflow/example_dags/example_nested_branch_dag.py took 0.087 seconds
[2023-11-28T00:54:03.214+0000] {processor.py:157} INFO - Started process (PID=4828) to work on /usr/local/lib/python3.10/dist-packages/airflow/example_dags/example_nested_branch_dag.py
[2023-11-28T00:54:03.215+0000] {processor.py:829} INFO - Processing file /usr/local/lib/python3.10/dist-packages/airflow/example_dags/example_nested_branch_dag.py for tasks to queue
[2023-11-28T00:54:03.216+0000] {logging_mixin.py:154} INFO - [2023-11-28T00:54:03.215+0000] {dagbag.py:536} INFO - Filling up the DagBag from /usr/local/lib/python3.10/dist-packages/airflow/example_dags/example_nested_branch_dag.py
[2023-11-28T00:54:03.227+0000] {processor.py:839} INFO - DAG(s) dict_keys(['example_nested_branch_dag']) retrieved from /usr/local/lib/python3.10/dist-packages/airflow/example_dags/example_nested_branch_dag.py
[2023-11-28T00:54:03.246+0000] {logging_mixin.py:154} INFO - [2023-11-28T00:54:03.245+0000] {dag.py:2941} INFO - Sync 1 DAGs
[2023-11-28T00:54:03.268+0000] {logging_mixin.py:154} INFO - [2023-11-28T00:54:03.268+0000] {dag.py:3722} INFO - Setting next_dagrun for example_nested_branch_dag to 2023-11-27T00:00:00+00:00, run_after=2023-11-28T00:00:00+00:00
[2023-11-28T00:54:03.290+0000] {processor.py:179} INFO - Processing /usr/local/lib/python3.10/dist-packages/airflow/example_dags/example_nested_branch_dag.py took 0.080 seconds
[2023-11-28T00:54:45.514+0000] {processor.py:157} INFO - Started process (PID=4914) to work on /usr/local/lib/python3.10/dist-packages/airflow/example_dags/example_nested_branch_dag.py
[2023-11-28T00:54:45.515+0000] {processor.py:829} INFO - Processing file /usr/local/lib/python3.10/dist-packages/airflow/example_dags/example_nested_branch_dag.py for tasks to queue
[2023-11-28T00:54:45.516+0000] {logging_mixin.py:154} INFO - [2023-11-28T00:54:45.516+0000] {dagbag.py:536} INFO - Filling up the DagBag from /usr/local/lib/python3.10/dist-packages/airflow/example_dags/example_nested_branch_dag.py
[2023-11-28T00:54:45.527+0000] {processor.py:839} INFO - DAG(s) dict_keys(['example_nested_branch_dag']) retrieved from /usr/local/lib/python3.10/dist-packages/airflow/example_dags/example_nested_branch_dag.py
[2023-11-28T00:54:45.546+0000] {logging_mixin.py:154} INFO - [2023-11-28T00:54:45.546+0000] {dag.py:2941} INFO - Sync 1 DAGs
[2023-11-28T00:54:45.568+0000] {logging_mixin.py:154} INFO - [2023-11-28T00:54:45.568+0000] {dag.py:3722} INFO - Setting next_dagrun for example_nested_branch_dag to 2023-11-27T00:00:00+00:00, run_after=2023-11-28T00:00:00+00:00
[2023-11-28T00:54:45.591+0000] {processor.py:179} INFO - Processing /usr/local/lib/python3.10/dist-packages/airflow/example_dags/example_nested_branch_dag.py took 0.081 seconds
[2023-11-28T00:55:30.924+0000] {processor.py:157} INFO - Started process (PID=4962) to work on /usr/local/lib/python3.10/dist-packages/airflow/example_dags/example_nested_branch_dag.py
[2023-11-28T00:55:30.925+0000] {processor.py:829} INFO - Processing file /usr/local/lib/python3.10/dist-packages/airflow/example_dags/example_nested_branch_dag.py for tasks to queue
[2023-11-28T00:55:30.926+0000] {logging_mixin.py:154} INFO - [2023-11-28T00:55:30.925+0000] {dagbag.py:536} INFO - Filling up the DagBag from /usr/local/lib/python3.10/dist-packages/airflow/example_dags/example_nested_branch_dag.py
[2023-11-28T00:55:30.937+0000] {processor.py:839} INFO - DAG(s) dict_keys(['example_nested_branch_dag']) retrieved from /usr/local/lib/python3.10/dist-packages/airflow/example_dags/example_nested_branch_dag.py
[2023-11-28T00:55:30.956+0000] {logging_mixin.py:154} INFO - [2023-11-28T00:55:30.955+0000] {dag.py:2941} INFO - Sync 1 DAGs
[2023-11-28T00:55:30.978+0000] {logging_mixin.py:154} INFO - [2023-11-28T00:55:30.978+0000] {dag.py:3722} INFO - Setting next_dagrun for example_nested_branch_dag to 2023-11-27T00:00:00+00:00, run_after=2023-11-28T00:00:00+00:00
[2023-11-28T00:55:31.000+0000] {processor.py:179} INFO - Processing /usr/local/lib/python3.10/dist-packages/airflow/example_dags/example_nested_branch_dag.py took 0.080 seconds
[2023-11-28T00:56:17.162+0000] {processor.py:157} INFO - Started process (PID=5327) to work on /usr/local/lib/python3.10/dist-packages/airflow/example_dags/example_nested_branch_dag.py
[2023-11-28T00:56:17.163+0000] {processor.py:829} INFO - Processing file /usr/local/lib/python3.10/dist-packages/airflow/example_dags/example_nested_branch_dag.py for tasks to queue
[2023-11-28T00:56:17.164+0000] {logging_mixin.py:154} INFO - [2023-11-28T00:56:17.164+0000] {dagbag.py:536} INFO - Filling up the DagBag from /usr/local/lib/python3.10/dist-packages/airflow/example_dags/example_nested_branch_dag.py
[2023-11-28T00:56:17.175+0000] {processor.py:839} INFO - DAG(s) dict_keys(['example_nested_branch_dag']) retrieved from /usr/local/lib/python3.10/dist-packages/airflow/example_dags/example_nested_branch_dag.py
[2023-11-28T00:56:17.194+0000] {logging_mixin.py:154} INFO - [2023-11-28T00:56:17.193+0000] {dag.py:2941} INFO - Sync 1 DAGs
[2023-11-28T00:56:17.216+0000] {logging_mixin.py:154} INFO - [2023-11-28T00:56:17.215+0000] {dag.py:3722} INFO - Setting next_dagrun for example_nested_branch_dag to 2023-11-27T00:00:00+00:00, run_after=2023-11-28T00:00:00+00:00
[2023-11-28T00:56:17.238+0000] {processor.py:179} INFO - Processing /usr/local/lib/python3.10/dist-packages/airflow/example_dags/example_nested_branch_dag.py took 0.080 seconds
[2023-11-28T00:57:05.811+0000] {processor.py:157} INFO - Started process (PID=5376) to work on /usr/local/lib/python3.10/dist-packages/airflow/example_dags/example_nested_branch_dag.py
[2023-11-28T00:57:05.812+0000] {processor.py:829} INFO - Processing file /usr/local/lib/python3.10/dist-packages/airflow/example_dags/example_nested_branch_dag.py for tasks to queue
[2023-11-28T00:57:05.813+0000] {logging_mixin.py:154} INFO - [2023-11-28T00:57:05.813+0000] {dagbag.py:536} INFO - Filling up the DagBag from /usr/local/lib/python3.10/dist-packages/airflow/example_dags/example_nested_branch_dag.py
[2023-11-28T00:57:05.825+0000] {processor.py:839} INFO - DAG(s) dict_keys(['example_nested_branch_dag']) retrieved from /usr/local/lib/python3.10/dist-packages/airflow/example_dags/example_nested_branch_dag.py
[2023-11-28T00:57:05.844+0000] {logging_mixin.py:154} INFO - [2023-11-28T00:57:05.844+0000] {dag.py:2941} INFO - Sync 1 DAGs
[2023-11-28T00:57:05.867+0000] {logging_mixin.py:154} INFO - [2023-11-28T00:57:05.867+0000] {dag.py:3722} INFO - Setting next_dagrun for example_nested_branch_dag to 2023-11-27T00:00:00+00:00, run_after=2023-11-28T00:00:00+00:00
[2023-11-28T00:57:05.891+0000] {processor.py:179} INFO - Processing /usr/local/lib/python3.10/dist-packages/airflow/example_dags/example_nested_branch_dag.py took 0.084 seconds
[2023-11-28T00:57:52.182+0000] {processor.py:157} INFO - Started process (PID=5426) to work on /usr/local/lib/python3.10/dist-packages/airflow/example_dags/example_nested_branch_dag.py
[2023-11-28T00:57:52.183+0000] {processor.py:829} INFO - Processing file /usr/local/lib/python3.10/dist-packages/airflow/example_dags/example_nested_branch_dag.py for tasks to queue
[2023-11-28T00:57:52.184+0000] {logging_mixin.py:154} INFO - [2023-11-28T00:57:52.184+0000] {dagbag.py:536} INFO - Filling up the DagBag from /usr/local/lib/python3.10/dist-packages/airflow/example_dags/example_nested_branch_dag.py
[2023-11-28T00:57:52.196+0000] {processor.py:839} INFO - DAG(s) dict_keys(['example_nested_branch_dag']) retrieved from /usr/local/lib/python3.10/dist-packages/airflow/example_dags/example_nested_branch_dag.py
[2023-11-28T00:57:52.215+0000] {logging_mixin.py:154} INFO - [2023-11-28T00:57:52.215+0000] {dag.py:2941} INFO - Sync 1 DAGs
[2023-11-28T00:57:52.238+0000] {logging_mixin.py:154} INFO - [2023-11-28T00:57:52.237+0000] {dag.py:3722} INFO - Setting next_dagrun for example_nested_branch_dag to 2023-11-27T00:00:00+00:00, run_after=2023-11-28T00:00:00+00:00
[2023-11-28T00:57:52.260+0000] {processor.py:179} INFO - Processing /usr/local/lib/python3.10/dist-packages/airflow/example_dags/example_nested_branch_dag.py took 0.081 seconds
[2023-11-28T00:58:38.407+0000] {processor.py:157} INFO - Started process (PID=5473) to work on /usr/local/lib/python3.10/dist-packages/airflow/example_dags/example_nested_branch_dag.py
[2023-11-28T00:58:38.408+0000] {processor.py:829} INFO - Processing file /usr/local/lib/python3.10/dist-packages/airflow/example_dags/example_nested_branch_dag.py for tasks to queue
[2023-11-28T00:58:38.409+0000] {logging_mixin.py:154} INFO - [2023-11-28T00:58:38.409+0000] {dagbag.py:536} INFO - Filling up the DagBag from /usr/local/lib/python3.10/dist-packages/airflow/example_dags/example_nested_branch_dag.py
[2023-11-28T00:58:38.421+0000] {processor.py:839} INFO - DAG(s) dict_keys(['example_nested_branch_dag']) retrieved from /usr/local/lib/python3.10/dist-packages/airflow/example_dags/example_nested_branch_dag.py
[2023-11-28T00:58:38.439+0000] {logging_mixin.py:154} INFO - [2023-11-28T00:58:38.439+0000] {dag.py:2941} INFO - Sync 1 DAGs
[2023-11-28T00:58:38.462+0000] {logging_mixin.py:154} INFO - [2023-11-28T00:58:38.461+0000] {dag.py:3722} INFO - Setting next_dagrun for example_nested_branch_dag to 2023-11-27T00:00:00+00:00, run_after=2023-11-28T00:00:00+00:00
[2023-11-28T00:58:38.484+0000] {processor.py:179} INFO - Processing /usr/local/lib/python3.10/dist-packages/airflow/example_dags/example_nested_branch_dag.py took 0.080 seconds
[2023-11-28T00:59:26.357+0000] {processor.py:157} INFO - Started process (PID=5523) to work on /usr/local/lib/python3.10/dist-packages/airflow/example_dags/example_nested_branch_dag.py
[2023-11-28T00:59:26.358+0000] {processor.py:829} INFO - Processing file /usr/local/lib/python3.10/dist-packages/airflow/example_dags/example_nested_branch_dag.py for tasks to queue
[2023-11-28T00:59:26.359+0000] {logging_mixin.py:154} INFO - [2023-11-28T00:59:26.359+0000] {dagbag.py:536} INFO - Filling up the DagBag from /usr/local/lib/python3.10/dist-packages/airflow/example_dags/example_nested_branch_dag.py
[2023-11-28T00:59:26.371+0000] {processor.py:839} INFO - DAG(s) dict_keys(['example_nested_branch_dag']) retrieved from /usr/local/lib/python3.10/dist-packages/airflow/example_dags/example_nested_branch_dag.py
[2023-11-28T00:59:26.390+0000] {logging_mixin.py:154} INFO - [2023-11-28T00:59:26.389+0000] {dag.py:2941} INFO - Sync 1 DAGs
[2023-11-28T00:59:26.413+0000] {logging_mixin.py:154} INFO - [2023-11-28T00:59:26.412+0000] {dag.py:3722} INFO - Setting next_dagrun for example_nested_branch_dag to 2023-11-27T00:00:00+00:00, run_after=2023-11-28T00:00:00+00:00
[2023-11-28T00:59:26.436+0000] {processor.py:179} INFO - Processing /usr/local/lib/python3.10/dist-packages/airflow/example_dags/example_nested_branch_dag.py took 0.083 seconds
[2023-11-28T01:00:09.506+0000] {processor.py:157} INFO - Started process (PID=5569) to work on /usr/local/lib/python3.10/dist-packages/airflow/example_dags/example_nested_branch_dag.py
[2023-11-28T01:00:09.508+0000] {processor.py:829} INFO - Processing file /usr/local/lib/python3.10/dist-packages/airflow/example_dags/example_nested_branch_dag.py for tasks to queue
[2023-11-28T01:00:09.509+0000] {logging_mixin.py:154} INFO - [2023-11-28T01:00:09.508+0000] {dagbag.py:536} INFO - Filling up the DagBag from /usr/local/lib/python3.10/dist-packages/airflow/example_dags/example_nested_branch_dag.py
[2023-11-28T01:00:09.521+0000] {processor.py:839} INFO - DAG(s) dict_keys(['example_nested_branch_dag']) retrieved from /usr/local/lib/python3.10/dist-packages/airflow/example_dags/example_nested_branch_dag.py
[2023-11-28T01:00:09.540+0000] {logging_mixin.py:154} INFO - [2023-11-28T01:00:09.540+0000] {dag.py:2941} INFO - Sync 1 DAGs
[2023-11-28T01:00:09.564+0000] {logging_mixin.py:154} INFO - [2023-11-28T01:00:09.564+0000] {dag.py:3722} INFO - Setting next_dagrun for example_nested_branch_dag to 2023-11-27T00:00:00+00:00, run_after=2023-11-28T00:00:00+00:00
[2023-11-28T01:00:09.587+0000] {processor.py:179} INFO - Processing /usr/local/lib/python3.10/dist-packages/airflow/example_dags/example_nested_branch_dag.py took 0.084 seconds
[2023-11-28T01:00:54.044+0000] {processor.py:157} INFO - Started process (PID=5614) to work on /usr/local/lib/python3.10/dist-packages/airflow/example_dags/example_nested_branch_dag.py
[2023-11-28T01:00:54.046+0000] {processor.py:829} INFO - Processing file /usr/local/lib/python3.10/dist-packages/airflow/example_dags/example_nested_branch_dag.py for tasks to queue
[2023-11-28T01:00:54.046+0000] {logging_mixin.py:154} INFO - [2023-11-28T01:00:54.046+0000] {dagbag.py:536} INFO - Filling up the DagBag from /usr/local/lib/python3.10/dist-packages/airflow/example_dags/example_nested_branch_dag.py
[2023-11-28T01:00:54.058+0000] {processor.py:839} INFO - DAG(s) dict_keys(['example_nested_branch_dag']) retrieved from /usr/local/lib/python3.10/dist-packages/airflow/example_dags/example_nested_branch_dag.py
[2023-11-28T01:00:54.076+0000] {logging_mixin.py:154} INFO - [2023-11-28T01:00:54.076+0000] {dag.py:2941} INFO - Sync 1 DAGs
[2023-11-28T01:00:54.098+0000] {logging_mixin.py:154} INFO - [2023-11-28T01:00:54.098+0000] {dag.py:3722} INFO - Setting next_dagrun for example_nested_branch_dag to 2023-11-27T00:00:00+00:00, run_after=2023-11-28T00:00:00+00:00
[2023-11-28T01:00:54.121+0000] {processor.py:179} INFO - Processing /usr/local/lib/python3.10/dist-packages/airflow/example_dags/example_nested_branch_dag.py took 0.080 seconds
[2023-11-28T01:01:39.259+0000] {processor.py:157} INFO - Started process (PID=5661) to work on /usr/local/lib/python3.10/dist-packages/airflow/example_dags/example_nested_branch_dag.py
[2023-11-28T01:01:39.260+0000] {processor.py:829} INFO - Processing file /usr/local/lib/python3.10/dist-packages/airflow/example_dags/example_nested_branch_dag.py for tasks to queue
[2023-11-28T01:01:39.261+0000] {logging_mixin.py:154} INFO - [2023-11-28T01:01:39.261+0000] {dagbag.py:536} INFO - Filling up the DagBag from /usr/local/lib/python3.10/dist-packages/airflow/example_dags/example_nested_branch_dag.py
[2023-11-28T01:01:39.272+0000] {processor.py:839} INFO - DAG(s) dict_keys(['example_nested_branch_dag']) retrieved from /usr/local/lib/python3.10/dist-packages/airflow/example_dags/example_nested_branch_dag.py
[2023-11-28T01:01:39.291+0000] {logging_mixin.py:154} INFO - [2023-11-28T01:01:39.291+0000] {dag.py:2941} INFO - Sync 1 DAGs
[2023-11-28T01:01:39.313+0000] {logging_mixin.py:154} INFO - [2023-11-28T01:01:39.313+0000] {dag.py:3722} INFO - Setting next_dagrun for example_nested_branch_dag to 2023-11-27T00:00:00+00:00, run_after=2023-11-28T00:00:00+00:00
[2023-11-28T01:01:39.337+0000] {processor.py:179} INFO - Processing /usr/local/lib/python3.10/dist-packages/airflow/example_dags/example_nested_branch_dag.py took 0.082 seconds
[2023-11-28T01:02:23.031+0000] {processor.py:157} INFO - Started process (PID=5707) to work on /usr/local/lib/python3.10/dist-packages/airflow/example_dags/example_nested_branch_dag.py
[2023-11-28T01:02:23.032+0000] {processor.py:829} INFO - Processing file /usr/local/lib/python3.10/dist-packages/airflow/example_dags/example_nested_branch_dag.py for tasks to queue
[2023-11-28T01:02:23.033+0000] {logging_mixin.py:154} INFO - [2023-11-28T01:02:23.033+0000] {dagbag.py:536} INFO - Filling up the DagBag from /usr/local/lib/python3.10/dist-packages/airflow/example_dags/example_nested_branch_dag.py
[2023-11-28T01:02:23.044+0000] {processor.py:839} INFO - DAG(s) dict_keys(['example_nested_branch_dag']) retrieved from /usr/local/lib/python3.10/dist-packages/airflow/example_dags/example_nested_branch_dag.py
[2023-11-28T01:02:23.064+0000] {logging_mixin.py:154} INFO - [2023-11-28T01:02:23.063+0000] {dag.py:2941} INFO - Sync 1 DAGs
[2023-11-28T01:02:23.086+0000] {logging_mixin.py:154} INFO - [2023-11-28T01:02:23.086+0000] {dag.py:3722} INFO - Setting next_dagrun for example_nested_branch_dag to 2023-11-27T00:00:00+00:00, run_after=2023-11-28T00:00:00+00:00
[2023-11-28T01:02:23.118+0000] {processor.py:179} INFO - Processing /usr/local/lib/python3.10/dist-packages/airflow/example_dags/example_nested_branch_dag.py took 0.090 seconds
[2023-11-28T01:03:07.791+0000] {processor.py:157} INFO - Started process (PID=5753) to work on /usr/local/lib/python3.10/dist-packages/airflow/example_dags/example_nested_branch_dag.py
[2023-11-28T01:03:07.792+0000] {processor.py:829} INFO - Processing file /usr/local/lib/python3.10/dist-packages/airflow/example_dags/example_nested_branch_dag.py for tasks to queue
[2023-11-28T01:03:07.793+0000] {logging_mixin.py:154} INFO - [2023-11-28T01:03:07.792+0000] {dagbag.py:536} INFO - Filling up the DagBag from /usr/local/lib/python3.10/dist-packages/airflow/example_dags/example_nested_branch_dag.py
[2023-11-28T01:03:07.804+0000] {processor.py:839} INFO - DAG(s) dict_keys(['example_nested_branch_dag']) retrieved from /usr/local/lib/python3.10/dist-packages/airflow/example_dags/example_nested_branch_dag.py
[2023-11-28T01:03:07.823+0000] {logging_mixin.py:154} INFO - [2023-11-28T01:03:07.823+0000] {dag.py:2941} INFO - Sync 1 DAGs
[2023-11-28T01:03:07.846+0000] {logging_mixin.py:154} INFO - [2023-11-28T01:03:07.846+0000] {dag.py:3722} INFO - Setting next_dagrun for example_nested_branch_dag to 2023-11-27T00:00:00+00:00, run_after=2023-11-28T00:00:00+00:00
[2023-11-28T01:03:07.869+0000] {processor.py:179} INFO - Processing /usr/local/lib/python3.10/dist-packages/airflow/example_dags/example_nested_branch_dag.py took 0.082 seconds
[2023-11-28T01:03:53.011+0000] {processor.py:157} INFO - Started process (PID=5914) to work on /usr/local/lib/python3.10/dist-packages/airflow/example_dags/example_nested_branch_dag.py
[2023-11-28T01:03:53.012+0000] {processor.py:829} INFO - Processing file /usr/local/lib/python3.10/dist-packages/airflow/example_dags/example_nested_branch_dag.py for tasks to queue
[2023-11-28T01:03:53.013+0000] {logging_mixin.py:154} INFO - [2023-11-28T01:03:53.013+0000] {dagbag.py:536} INFO - Filling up the DagBag from /usr/local/lib/python3.10/dist-packages/airflow/example_dags/example_nested_branch_dag.py
[2023-11-28T01:03:53.025+0000] {processor.py:839} INFO - DAG(s) dict_keys(['example_nested_branch_dag']) retrieved from /usr/local/lib/python3.10/dist-packages/airflow/example_dags/example_nested_branch_dag.py
[2023-11-28T01:03:53.045+0000] {logging_mixin.py:154} INFO - [2023-11-28T01:03:53.045+0000] {dag.py:2941} INFO - Sync 1 DAGs
[2023-11-28T01:03:53.069+0000] {logging_mixin.py:154} INFO - [2023-11-28T01:03:53.068+0000] {dag.py:3722} INFO - Setting next_dagrun for example_nested_branch_dag to 2023-11-27T00:00:00+00:00, run_after=2023-11-28T00:00:00+00:00
[2023-11-28T01:03:53.094+0000] {processor.py:179} INFO - Processing /usr/local/lib/python3.10/dist-packages/airflow/example_dags/example_nested_branch_dag.py took 0.087 seconds
[2023-11-28T01:04:39.469+0000] {processor.py:157} INFO - Started process (PID=5962) to work on /usr/local/lib/python3.10/dist-packages/airflow/example_dags/example_nested_branch_dag.py
[2023-11-28T01:04:39.470+0000] {processor.py:829} INFO - Processing file /usr/local/lib/python3.10/dist-packages/airflow/example_dags/example_nested_branch_dag.py for tasks to queue
[2023-11-28T01:04:39.471+0000] {logging_mixin.py:154} INFO - [2023-11-28T01:04:39.471+0000] {dagbag.py:536} INFO - Filling up the DagBag from /usr/local/lib/python3.10/dist-packages/airflow/example_dags/example_nested_branch_dag.py
[2023-11-28T01:04:39.483+0000] {processor.py:839} INFO - DAG(s) dict_keys(['example_nested_branch_dag']) retrieved from /usr/local/lib/python3.10/dist-packages/airflow/example_dags/example_nested_branch_dag.py
[2023-11-28T01:04:39.502+0000] {logging_mixin.py:154} INFO - [2023-11-28T01:04:39.502+0000] {dag.py:2941} INFO - Sync 1 DAGs
[2023-11-28T01:04:39.525+0000] {logging_mixin.py:154} INFO - [2023-11-28T01:04:39.525+0000] {dag.py:3722} INFO - Setting next_dagrun for example_nested_branch_dag to 2023-11-27T00:00:00+00:00, run_after=2023-11-28T00:00:00+00:00
[2023-11-28T01:04:39.549+0000] {processor.py:179} INFO - Processing /usr/local/lib/python3.10/dist-packages/airflow/example_dags/example_nested_branch_dag.py took 0.083 seconds
[2023-11-28T01:05:21.688+0000] {processor.py:157} INFO - Started process (PID=6007) to work on /usr/local/lib/python3.10/dist-packages/airflow/example_dags/example_nested_branch_dag.py
[2023-11-28T01:05:21.689+0000] {processor.py:829} INFO - Processing file /usr/local/lib/python3.10/dist-packages/airflow/example_dags/example_nested_branch_dag.py for tasks to queue
[2023-11-28T01:05:21.690+0000] {logging_mixin.py:154} INFO - [2023-11-28T01:05:21.690+0000] {dagbag.py:536} INFO - Filling up the DagBag from /usr/local/lib/python3.10/dist-packages/airflow/example_dags/example_nested_branch_dag.py
[2023-11-28T01:05:21.701+0000] {processor.py:839} INFO - DAG(s) dict_keys(['example_nested_branch_dag']) retrieved from /usr/local/lib/python3.10/dist-packages/airflow/example_dags/example_nested_branch_dag.py
[2023-11-28T01:05:21.720+0000] {logging_mixin.py:154} INFO - [2023-11-28T01:05:21.720+0000] {dag.py:2941} INFO - Sync 1 DAGs
[2023-11-28T01:05:21.743+0000] {logging_mixin.py:154} INFO - [2023-11-28T01:05:21.743+0000] {dag.py:3722} INFO - Setting next_dagrun for example_nested_branch_dag to 2023-11-27T00:00:00+00:00, run_after=2023-11-28T00:00:00+00:00
[2023-11-28T01:05:21.769+0000] {processor.py:179} INFO - Processing /usr/local/lib/python3.10/dist-packages/airflow/example_dags/example_nested_branch_dag.py took 0.085 seconds
[2023-11-28T01:06:08.241+0000] {processor.py:157} INFO - Started process (PID=6054) to work on /usr/local/lib/python3.10/dist-packages/airflow/example_dags/example_nested_branch_dag.py
[2023-11-28T01:06:08.243+0000] {processor.py:829} INFO - Processing file /usr/local/lib/python3.10/dist-packages/airflow/example_dags/example_nested_branch_dag.py for tasks to queue
[2023-11-28T01:06:08.244+0000] {logging_mixin.py:154} INFO - [2023-11-28T01:06:08.243+0000] {dagbag.py:536} INFO - Filling up the DagBag from /usr/local/lib/python3.10/dist-packages/airflow/example_dags/example_nested_branch_dag.py
[2023-11-28T01:06:08.255+0000] {processor.py:839} INFO - DAG(s) dict_keys(['example_nested_branch_dag']) retrieved from /usr/local/lib/python3.10/dist-packages/airflow/example_dags/example_nested_branch_dag.py
[2023-11-28T01:06:08.274+0000] {logging_mixin.py:154} INFO - [2023-11-28T01:06:08.274+0000] {dag.py:2941} INFO - Sync 1 DAGs
[2023-11-28T01:06:08.297+0000] {logging_mixin.py:154} INFO - [2023-11-28T01:06:08.297+0000] {dag.py:3722} INFO - Setting next_dagrun for example_nested_branch_dag to 2023-11-27T00:00:00+00:00, run_after=2023-11-28T00:00:00+00:00
[2023-11-28T01:06:08.320+0000] {processor.py:179} INFO - Processing /usr/local/lib/python3.10/dist-packages/airflow/example_dags/example_nested_branch_dag.py took 0.082 seconds
[2023-11-28T01:06:52.224+0000] {processor.py:157} INFO - Started process (PID=6100) to work on /usr/local/lib/python3.10/dist-packages/airflow/example_dags/example_nested_branch_dag.py
[2023-11-28T01:06:52.225+0000] {processor.py:829} INFO - Processing file /usr/local/lib/python3.10/dist-packages/airflow/example_dags/example_nested_branch_dag.py for tasks to queue
[2023-11-28T01:06:52.226+0000] {logging_mixin.py:154} INFO - [2023-11-28T01:06:52.226+0000] {dagbag.py:536} INFO - Filling up the DagBag from /usr/local/lib/python3.10/dist-packages/airflow/example_dags/example_nested_branch_dag.py
[2023-11-28T01:06:52.237+0000] {processor.py:839} INFO - DAG(s) dict_keys(['example_nested_branch_dag']) retrieved from /usr/local/lib/python3.10/dist-packages/airflow/example_dags/example_nested_branch_dag.py
[2023-11-28T01:06:52.256+0000] {logging_mixin.py:154} INFO - [2023-11-28T01:06:52.256+0000] {dag.py:2941} INFO - Sync 1 DAGs
[2023-11-28T01:06:52.278+0000] {logging_mixin.py:154} INFO - [2023-11-28T01:06:52.278+0000] {dag.py:3722} INFO - Setting next_dagrun for example_nested_branch_dag to 2023-11-27T00:00:00+00:00, run_after=2023-11-28T00:00:00+00:00
[2023-11-28T01:06:52.301+0000] {processor.py:179} INFO - Processing /usr/local/lib/python3.10/dist-packages/airflow/example_dags/example_nested_branch_dag.py took 0.081 seconds
[2023-11-28T01:07:42.003+0000] {processor.py:157} INFO - Started process (PID=6150) to work on /usr/local/lib/python3.10/dist-packages/airflow/example_dags/example_nested_branch_dag.py
[2023-11-28T01:07:42.005+0000] {processor.py:829} INFO - Processing file /usr/local/lib/python3.10/dist-packages/airflow/example_dags/example_nested_branch_dag.py for tasks to queue
[2023-11-28T01:07:42.006+0000] {logging_mixin.py:154} INFO - [2023-11-28T01:07:42.006+0000] {dagbag.py:536} INFO - Filling up the DagBag from /usr/local/lib/python3.10/dist-packages/airflow/example_dags/example_nested_branch_dag.py
[2023-11-28T01:07:42.018+0000] {processor.py:839} INFO - DAG(s) dict_keys(['example_nested_branch_dag']) retrieved from /usr/local/lib/python3.10/dist-packages/airflow/example_dags/example_nested_branch_dag.py
[2023-11-28T01:07:42.037+0000] {logging_mixin.py:154} INFO - [2023-11-28T01:07:42.037+0000] {dag.py:2941} INFO - Sync 1 DAGs
[2023-11-28T01:07:42.060+0000] {logging_mixin.py:154} INFO - [2023-11-28T01:07:42.060+0000] {dag.py:3722} INFO - Setting next_dagrun for example_nested_branch_dag to 2023-11-27T00:00:00+00:00, run_after=2023-11-28T00:00:00+00:00
[2023-11-28T01:07:42.085+0000] {processor.py:179} INFO - Processing /usr/local/lib/python3.10/dist-packages/airflow/example_dags/example_nested_branch_dag.py took 0.087 seconds
[2023-11-28T01:08:31.553+0000] {processor.py:157} INFO - Started process (PID=6201) to work on /usr/local/lib/python3.10/dist-packages/airflow/example_dags/example_nested_branch_dag.py
[2023-11-28T01:08:31.555+0000] {processor.py:829} INFO - Processing file /usr/local/lib/python3.10/dist-packages/airflow/example_dags/example_nested_branch_dag.py for tasks to queue
[2023-11-28T01:08:31.556+0000] {logging_mixin.py:154} INFO - [2023-11-28T01:08:31.555+0000] {dagbag.py:536} INFO - Filling up the DagBag from /usr/local/lib/python3.10/dist-packages/airflow/example_dags/example_nested_branch_dag.py
[2023-11-28T01:08:31.567+0000] {processor.py:839} INFO - DAG(s) dict_keys(['example_nested_branch_dag']) retrieved from /usr/local/lib/python3.10/dist-packages/airflow/example_dags/example_nested_branch_dag.py
[2023-11-28T01:08:31.586+0000] {logging_mixin.py:154} INFO - [2023-11-28T01:08:31.585+0000] {dag.py:2941} INFO - Sync 1 DAGs
[2023-11-28T01:08:31.608+0000] {logging_mixin.py:154} INFO - [2023-11-28T01:08:31.608+0000] {dag.py:3722} INFO - Setting next_dagrun for example_nested_branch_dag to 2023-11-27T00:00:00+00:00, run_after=2023-11-28T00:00:00+00:00
[2023-11-28T01:08:31.632+0000] {processor.py:179} INFO - Processing /usr/local/lib/python3.10/dist-packages/airflow/example_dags/example_nested_branch_dag.py took 0.082 seconds
[2023-11-28T01:09:15.294+0000] {processor.py:157} INFO - Started process (PID=6248) to work on /usr/local/lib/python3.10/dist-packages/airflow/example_dags/example_nested_branch_dag.py
[2023-11-28T01:09:15.296+0000] {processor.py:829} INFO - Processing file /usr/local/lib/python3.10/dist-packages/airflow/example_dags/example_nested_branch_dag.py for tasks to queue
[2023-11-28T01:09:15.297+0000] {logging_mixin.py:154} INFO - [2023-11-28T01:09:15.296+0000] {dagbag.py:536} INFO - Filling up the DagBag from /usr/local/lib/python3.10/dist-packages/airflow/example_dags/example_nested_branch_dag.py
[2023-11-28T01:09:15.308+0000] {processor.py:839} INFO - DAG(s) dict_keys(['example_nested_branch_dag']) retrieved from /usr/local/lib/python3.10/dist-packages/airflow/example_dags/example_nested_branch_dag.py
[2023-11-28T01:09:15.327+0000] {logging_mixin.py:154} INFO - [2023-11-28T01:09:15.327+0000] {dag.py:2941} INFO - Sync 1 DAGs
[2023-11-28T01:09:15.350+0000] {logging_mixin.py:154} INFO - [2023-11-28T01:09:15.350+0000] {dag.py:3722} INFO - Setting next_dagrun for example_nested_branch_dag to 2023-11-27T00:00:00+00:00, run_after=2023-11-28T00:00:00+00:00
[2023-11-28T01:09:15.373+0000] {processor.py:179} INFO - Processing /usr/local/lib/python3.10/dist-packages/airflow/example_dags/example_nested_branch_dag.py took 0.082 seconds
[2023-11-28T01:10:01.738+0000] {processor.py:157} INFO - Started process (PID=6297) to work on /usr/local/lib/python3.10/dist-packages/airflow/example_dags/example_nested_branch_dag.py
[2023-11-28T01:10:01.739+0000] {processor.py:829} INFO - Processing file /usr/local/lib/python3.10/dist-packages/airflow/example_dags/example_nested_branch_dag.py for tasks to queue
[2023-11-28T01:10:01.740+0000] {logging_mixin.py:154} INFO - [2023-11-28T01:10:01.739+0000] {dagbag.py:536} INFO - Filling up the DagBag from /usr/local/lib/python3.10/dist-packages/airflow/example_dags/example_nested_branch_dag.py
[2023-11-28T01:10:01.752+0000] {processor.py:839} INFO - DAG(s) dict_keys(['example_nested_branch_dag']) retrieved from /usr/local/lib/python3.10/dist-packages/airflow/example_dags/example_nested_branch_dag.py
[2023-11-28T01:10:01.772+0000] {logging_mixin.py:154} INFO - [2023-11-28T01:10:01.771+0000] {dag.py:2941} INFO - Sync 1 DAGs
[2023-11-28T01:10:01.796+0000] {logging_mixin.py:154} INFO - [2023-11-28T01:10:01.796+0000] {dag.py:3722} INFO - Setting next_dagrun for example_nested_branch_dag to 2023-11-27T00:00:00+00:00, run_after=2023-11-28T00:00:00+00:00
[2023-11-28T01:10:01.825+0000] {processor.py:179} INFO - Processing /usr/local/lib/python3.10/dist-packages/airflow/example_dags/example_nested_branch_dag.py took 0.091 seconds
[2023-11-28T01:10:47.317+0000] {processor.py:157} INFO - Started process (PID=6344) to work on /usr/local/lib/python3.10/dist-packages/airflow/example_dags/example_nested_branch_dag.py
[2023-11-28T01:10:47.319+0000] {processor.py:829} INFO - Processing file /usr/local/lib/python3.10/dist-packages/airflow/example_dags/example_nested_branch_dag.py for tasks to queue
[2023-11-28T01:10:47.320+0000] {logging_mixin.py:154} INFO - [2023-11-28T01:10:47.319+0000] {dagbag.py:536} INFO - Filling up the DagBag from /usr/local/lib/python3.10/dist-packages/airflow/example_dags/example_nested_branch_dag.py
[2023-11-28T01:10:47.332+0000] {processor.py:839} INFO - DAG(s) dict_keys(['example_nested_branch_dag']) retrieved from /usr/local/lib/python3.10/dist-packages/airflow/example_dags/example_nested_branch_dag.py
[2023-11-28T01:10:47.352+0000] {logging_mixin.py:154} INFO - [2023-11-28T01:10:47.352+0000] {dag.py:2941} INFO - Sync 1 DAGs
[2023-11-28T01:10:47.376+0000] {logging_mixin.py:154} INFO - [2023-11-28T01:10:47.376+0000] {dag.py:3722} INFO - Setting next_dagrun for example_nested_branch_dag to 2023-11-27T00:00:00+00:00, run_after=2023-11-28T00:00:00+00:00
[2023-11-28T01:10:47.401+0000] {processor.py:179} INFO - Processing /usr/local/lib/python3.10/dist-packages/airflow/example_dags/example_nested_branch_dag.py took 0.088 seconds
[2023-11-28T01:11:34.481+0000] {processor.py:157} INFO - Started process (PID=6393) to work on /usr/local/lib/python3.10/dist-packages/airflow/example_dags/example_nested_branch_dag.py
[2023-11-28T01:11:34.482+0000] {processor.py:829} INFO - Processing file /usr/local/lib/python3.10/dist-packages/airflow/example_dags/example_nested_branch_dag.py for tasks to queue
[2023-11-28T01:11:34.483+0000] {logging_mixin.py:154} INFO - [2023-11-28T01:11:34.482+0000] {dagbag.py:536} INFO - Filling up the DagBag from /usr/local/lib/python3.10/dist-packages/airflow/example_dags/example_nested_branch_dag.py
[2023-11-28T01:11:34.494+0000] {processor.py:839} INFO - DAG(s) dict_keys(['example_nested_branch_dag']) retrieved from /usr/local/lib/python3.10/dist-packages/airflow/example_dags/example_nested_branch_dag.py
[2023-11-28T01:11:34.513+0000] {logging_mixin.py:154} INFO - [2023-11-28T01:11:34.512+0000] {dag.py:2941} INFO - Sync 1 DAGs
[2023-11-28T01:11:34.536+0000] {logging_mixin.py:154} INFO - [2023-11-28T01:11:34.535+0000] {dag.py:3722} INFO - Setting next_dagrun for example_nested_branch_dag to 2023-11-27T00:00:00+00:00, run_after=2023-11-28T00:00:00+00:00
[2023-11-28T01:11:34.558+0000] {processor.py:179} INFO - Processing /usr/local/lib/python3.10/dist-packages/airflow/example_dags/example_nested_branch_dag.py took 0.080 seconds
[2023-11-28T01:12:19.830+0000] {processor.py:157} INFO - Started process (PID=6439) to work on /usr/local/lib/python3.10/dist-packages/airflow/example_dags/example_nested_branch_dag.py
[2023-11-28T01:12:19.832+0000] {processor.py:829} INFO - Processing file /usr/local/lib/python3.10/dist-packages/airflow/example_dags/example_nested_branch_dag.py for tasks to queue
[2023-11-28T01:12:19.833+0000] {logging_mixin.py:154} INFO - [2023-11-28T01:12:19.832+0000] {dagbag.py:536} INFO - Filling up the DagBag from /usr/local/lib/python3.10/dist-packages/airflow/example_dags/example_nested_branch_dag.py
[2023-11-28T01:12:19.844+0000] {processor.py:839} INFO - DAG(s) dict_keys(['example_nested_branch_dag']) retrieved from /usr/local/lib/python3.10/dist-packages/airflow/example_dags/example_nested_branch_dag.py
[2023-11-28T01:12:19.862+0000] {logging_mixin.py:154} INFO - [2023-11-28T01:12:19.862+0000] {dag.py:2941} INFO - Sync 1 DAGs
[2023-11-28T01:12:19.884+0000] {logging_mixin.py:154} INFO - [2023-11-28T01:12:19.884+0000] {dag.py:3722} INFO - Setting next_dagrun for example_nested_branch_dag to 2023-11-27T00:00:00+00:00, run_after=2023-11-28T00:00:00+00:00
[2023-11-28T01:12:19.907+0000] {processor.py:179} INFO - Processing /usr/local/lib/python3.10/dist-packages/airflow/example_dags/example_nested_branch_dag.py took 0.080 seconds
[2023-11-28T01:13:03.419+0000] {processor.py:157} INFO - Started process (PID=6486) to work on /usr/local/lib/python3.10/dist-packages/airflow/example_dags/example_nested_branch_dag.py
[2023-11-28T01:13:03.421+0000] {processor.py:829} INFO - Processing file /usr/local/lib/python3.10/dist-packages/airflow/example_dags/example_nested_branch_dag.py for tasks to queue
[2023-11-28T01:13:03.422+0000] {logging_mixin.py:154} INFO - [2023-11-28T01:13:03.421+0000] {dagbag.py:536} INFO - Filling up the DagBag from /usr/local/lib/python3.10/dist-packages/airflow/example_dags/example_nested_branch_dag.py
[2023-11-28T01:13:03.433+0000] {processor.py:839} INFO - DAG(s) dict_keys(['example_nested_branch_dag']) retrieved from /usr/local/lib/python3.10/dist-packages/airflow/example_dags/example_nested_branch_dag.py
[2023-11-28T01:13:03.453+0000] {logging_mixin.py:154} INFO - [2023-11-28T01:13:03.453+0000] {dag.py:2941} INFO - Sync 1 DAGs
[2023-11-28T01:13:03.477+0000] {logging_mixin.py:154} INFO - [2023-11-28T01:13:03.476+0000] {dag.py:3722} INFO - Setting next_dagrun for example_nested_branch_dag to 2023-11-27T00:00:00+00:00, run_after=2023-11-28T00:00:00+00:00
[2023-11-28T01:13:03.498+0000] {processor.py:179} INFO - Processing /usr/local/lib/python3.10/dist-packages/airflow/example_dags/example_nested_branch_dag.py took 0.082 seconds
[2023-11-28T01:13:52.161+0000] {processor.py:157} INFO - Started process (PID=6534) to work on /usr/local/lib/python3.10/dist-packages/airflow/example_dags/example_nested_branch_dag.py
[2023-11-28T01:13:52.162+0000] {processor.py:829} INFO - Processing file /usr/local/lib/python3.10/dist-packages/airflow/example_dags/example_nested_branch_dag.py for tasks to queue
[2023-11-28T01:13:52.163+0000] {logging_mixin.py:154} INFO - [2023-11-28T01:13:52.163+0000] {dagbag.py:536} INFO - Filling up the DagBag from /usr/local/lib/python3.10/dist-packages/airflow/example_dags/example_nested_branch_dag.py
[2023-11-28T01:13:52.174+0000] {processor.py:839} INFO - DAG(s) dict_keys(['example_nested_branch_dag']) retrieved from /usr/local/lib/python3.10/dist-packages/airflow/example_dags/example_nested_branch_dag.py
[2023-11-28T01:13:52.193+0000] {logging_mixin.py:154} INFO - [2023-11-28T01:13:52.193+0000] {dag.py:2941} INFO - Sync 1 DAGs
[2023-11-28T01:13:52.216+0000] {logging_mixin.py:154} INFO - [2023-11-28T01:13:52.216+0000] {dag.py:3722} INFO - Setting next_dagrun for example_nested_branch_dag to 2023-11-27T00:00:00+00:00, run_after=2023-11-28T00:00:00+00:00
[2023-11-28T01:13:52.241+0000] {processor.py:179} INFO - Processing /usr/local/lib/python3.10/dist-packages/airflow/example_dags/example_nested_branch_dag.py took 0.083 seconds
[2023-11-28T01:15:22.412+0000] {processor.py:157} INFO - Started process (PID=6636) to work on /usr/local/lib/python3.10/dist-packages/airflow/example_dags/example_nested_branch_dag.py
[2023-11-28T01:15:22.414+0000] {processor.py:829} INFO - Processing file /usr/local/lib/python3.10/dist-packages/airflow/example_dags/example_nested_branch_dag.py for tasks to queue
[2023-11-28T01:15:22.415+0000] {logging_mixin.py:154} INFO - [2023-11-28T01:15:22.415+0000] {dagbag.py:536} INFO - Filling up the DagBag from /usr/local/lib/python3.10/dist-packages/airflow/example_dags/example_nested_branch_dag.py
[2023-11-28T01:15:22.427+0000] {processor.py:839} INFO - DAG(s) dict_keys(['example_nested_branch_dag']) retrieved from /usr/local/lib/python3.10/dist-packages/airflow/example_dags/example_nested_branch_dag.py
[2023-11-28T01:15:22.448+0000] {logging_mixin.py:154} INFO - [2023-11-28T01:15:22.448+0000] {dag.py:2941} INFO - Sync 1 DAGs
[2023-11-28T01:15:22.472+0000] {logging_mixin.py:154} INFO - [2023-11-28T01:15:22.471+0000] {dag.py:3722} INFO - Setting next_dagrun for example_nested_branch_dag to 2023-11-27T00:00:00+00:00, run_after=2023-11-28T00:00:00+00:00
[2023-11-28T01:15:22.494+0000] {processor.py:179} INFO - Processing /usr/local/lib/python3.10/dist-packages/airflow/example_dags/example_nested_branch_dag.py took 0.085 seconds
[2023-11-28T01:16:06.219+0000] {processor.py:157} INFO - Started process (PID=6683) to work on /usr/local/lib/python3.10/dist-packages/airflow/example_dags/example_nested_branch_dag.py
[2023-11-28T01:16:06.221+0000] {processor.py:829} INFO - Processing file /usr/local/lib/python3.10/dist-packages/airflow/example_dags/example_nested_branch_dag.py for tasks to queue
[2023-11-28T01:16:06.222+0000] {logging_mixin.py:154} INFO - [2023-11-28T01:16:06.221+0000] {dagbag.py:536} INFO - Filling up the DagBag from /usr/local/lib/python3.10/dist-packages/airflow/example_dags/example_nested_branch_dag.py
[2023-11-28T01:16:06.233+0000] {processor.py:839} INFO - DAG(s) dict_keys(['example_nested_branch_dag']) retrieved from /usr/local/lib/python3.10/dist-packages/airflow/example_dags/example_nested_branch_dag.py
[2023-11-28T01:16:06.252+0000] {logging_mixin.py:154} INFO - [2023-11-28T01:16:06.252+0000] {dag.py:2941} INFO - Sync 1 DAGs
[2023-11-28T01:16:06.275+0000] {logging_mixin.py:154} INFO - [2023-11-28T01:16:06.275+0000] {dag.py:3722} INFO - Setting next_dagrun for example_nested_branch_dag to 2023-11-27T00:00:00+00:00, run_after=2023-11-28T00:00:00+00:00
[2023-11-28T01:16:06.299+0000] {processor.py:179} INFO - Processing /usr/local/lib/python3.10/dist-packages/airflow/example_dags/example_nested_branch_dag.py took 0.083 seconds
[2023-11-28T01:16:52.160+0000] {processor.py:157} INFO - Started process (PID=6733) to work on /usr/local/lib/python3.10/dist-packages/airflow/example_dags/example_nested_branch_dag.py
[2023-11-28T01:16:52.161+0000] {processor.py:829} INFO - Processing file /usr/local/lib/python3.10/dist-packages/airflow/example_dags/example_nested_branch_dag.py for tasks to queue
[2023-11-28T01:16:52.162+0000] {logging_mixin.py:154} INFO - [2023-11-28T01:16:52.161+0000] {dagbag.py:536} INFO - Filling up the DagBag from /usr/local/lib/python3.10/dist-packages/airflow/example_dags/example_nested_branch_dag.py
[2023-11-28T01:16:52.173+0000] {processor.py:839} INFO - DAG(s) dict_keys(['example_nested_branch_dag']) retrieved from /usr/local/lib/python3.10/dist-packages/airflow/example_dags/example_nested_branch_dag.py
[2023-11-28T01:16:52.192+0000] {logging_mixin.py:154} INFO - [2023-11-28T01:16:52.191+0000] {dag.py:2941} INFO - Sync 1 DAGs
[2023-11-28T01:16:52.214+0000] {logging_mixin.py:154} INFO - [2023-11-28T01:16:52.213+0000] {dag.py:3722} INFO - Setting next_dagrun for example_nested_branch_dag to 2023-11-27T00:00:00+00:00, run_after=2023-11-28T00:00:00+00:00
[2023-11-28T01:16:52.236+0000] {processor.py:179} INFO - Processing /usr/local/lib/python3.10/dist-packages/airflow/example_dags/example_nested_branch_dag.py took 0.079 seconds
[2023-11-28T01:17:39.843+0000] {processor.py:157} INFO - Started process (PID=6785) to work on /usr/local/lib/python3.10/dist-packages/airflow/example_dags/example_nested_branch_dag.py
[2023-11-28T01:17:39.845+0000] {processor.py:829} INFO - Processing file /usr/local/lib/python3.10/dist-packages/airflow/example_dags/example_nested_branch_dag.py for tasks to queue
[2023-11-28T01:17:39.846+0000] {logging_mixin.py:154} INFO - [2023-11-28T01:17:39.845+0000] {dagbag.py:536} INFO - Filling up the DagBag from /usr/local/lib/python3.10/dist-packages/airflow/example_dags/example_nested_branch_dag.py
[2023-11-28T01:17:39.857+0000] {processor.py:839} INFO - DAG(s) dict_keys(['example_nested_branch_dag']) retrieved from /usr/local/lib/python3.10/dist-packages/airflow/example_dags/example_nested_branch_dag.py
[2023-11-28T01:17:39.875+0000] {logging_mixin.py:154} INFO - [2023-11-28T01:17:39.875+0000] {dag.py:2941} INFO - Sync 1 DAGs
[2023-11-28T01:17:39.898+0000] {logging_mixin.py:154} INFO - [2023-11-28T01:17:39.898+0000] {dag.py:3722} INFO - Setting next_dagrun for example_nested_branch_dag to 2023-11-27T00:00:00+00:00, run_after=2023-11-28T00:00:00+00:00
[2023-11-28T01:17:39.923+0000] {processor.py:179} INFO - Processing /usr/local/lib/python3.10/dist-packages/airflow/example_dags/example_nested_branch_dag.py took 0.083 seconds
[2023-11-28T01:18:23.202+0000] {processor.py:157} INFO - Started process (PID=6831) to work on /usr/local/lib/python3.10/dist-packages/airflow/example_dags/example_nested_branch_dag.py
[2023-11-28T01:18:23.203+0000] {processor.py:829} INFO - Processing file /usr/local/lib/python3.10/dist-packages/airflow/example_dags/example_nested_branch_dag.py for tasks to queue
[2023-11-28T01:18:23.204+0000] {logging_mixin.py:154} INFO - [2023-11-28T01:18:23.204+0000] {dagbag.py:536} INFO - Filling up the DagBag from /usr/local/lib/python3.10/dist-packages/airflow/example_dags/example_nested_branch_dag.py
[2023-11-28T01:18:23.215+0000] {processor.py:839} INFO - DAG(s) dict_keys(['example_nested_branch_dag']) retrieved from /usr/local/lib/python3.10/dist-packages/airflow/example_dags/example_nested_branch_dag.py
[2023-11-28T01:18:23.234+0000] {logging_mixin.py:154} INFO - [2023-11-28T01:18:23.234+0000] {dag.py:2941} INFO - Sync 1 DAGs
[2023-11-28T01:18:23.256+0000] {logging_mixin.py:154} INFO - [2023-11-28T01:18:23.256+0000] {dag.py:3722} INFO - Setting next_dagrun for example_nested_branch_dag to 2023-11-27T00:00:00+00:00, run_after=2023-11-28T00:00:00+00:00
[2023-11-28T01:18:23.278+0000] {processor.py:179} INFO - Processing /usr/local/lib/python3.10/dist-packages/airflow/example_dags/example_nested_branch_dag.py took 0.079 seconds
[2023-11-28T01:19:09.330+0000] {processor.py:157} INFO - Started process (PID=6879) to work on /usr/local/lib/python3.10/dist-packages/airflow/example_dags/example_nested_branch_dag.py
[2023-11-28T01:19:09.331+0000] {processor.py:829} INFO - Processing file /usr/local/lib/python3.10/dist-packages/airflow/example_dags/example_nested_branch_dag.py for tasks to queue
[2023-11-28T01:19:09.332+0000] {logging_mixin.py:154} INFO - [2023-11-28T01:19:09.332+0000] {dagbag.py:536} INFO - Filling up the DagBag from /usr/local/lib/python3.10/dist-packages/airflow/example_dags/example_nested_branch_dag.py
[2023-11-28T01:19:09.344+0000] {processor.py:839} INFO - DAG(s) dict_keys(['example_nested_branch_dag']) retrieved from /usr/local/lib/python3.10/dist-packages/airflow/example_dags/example_nested_branch_dag.py
[2023-11-28T01:19:09.363+0000] {logging_mixin.py:154} INFO - [2023-11-28T01:19:09.362+0000] {dag.py:2941} INFO - Sync 1 DAGs
[2023-11-28T01:19:09.385+0000] {logging_mixin.py:154} INFO - [2023-11-28T01:19:09.385+0000] {dag.py:3722} INFO - Setting next_dagrun for example_nested_branch_dag to 2023-11-27T00:00:00+00:00, run_after=2023-11-28T00:00:00+00:00
[2023-11-28T01:19:09.408+0000] {processor.py:179} INFO - Processing /usr/local/lib/python3.10/dist-packages/airflow/example_dags/example_nested_branch_dag.py took 0.082 seconds
