[2023-11-28T00:45:04.421+0000] {processor.py:157} INFO - Started process (PID=3457) to work on /usr/local/lib/python3.10/dist-packages/airflow/example_dags/example_branch_operator.py
[2023-11-28T00:45:04.422+0000] {processor.py:829} INFO - Processing file /usr/local/lib/python3.10/dist-packages/airflow/example_dags/example_branch_operator.py for tasks to queue
[2023-11-28T00:45:04.422+0000] {logging_mixin.py:154} INFO - [2023-11-28T00:45:04.422+0000] {dagbag.py:536} INFO - Filling up the DagBag from /usr/local/lib/python3.10/dist-packages/airflow/example_dags/example_branch_operator.py
[2023-11-28T00:45:04.433+0000] {processor.py:839} INFO - DAG(s) dict_keys(['example_branch_operator']) retrieved from /usr/local/lib/python3.10/dist-packages/airflow/example_dags/example_branch_operator.py
[2023-11-28T00:45:04.576+0000] {logging_mixin.py:154} INFO - [2023-11-28T00:45:04.576+0000] {manager.py:499} INFO - Created Permission View: %s
[2023-11-28T00:45:04.590+0000] {logging_mixin.py:154} INFO - [2023-11-28T00:45:04.590+0000] {manager.py:499} INFO - Created Permission View: %s
[2023-11-28T00:45:04.601+0000] {logging_mixin.py:154} INFO - [2023-11-28T00:45:04.601+0000] {manager.py:499} INFO - Created Permission View: %s
[2023-11-28T00:45:04.602+0000] {logging_mixin.py:154} INFO - [2023-11-28T00:45:04.602+0000] {dag.py:2941} INFO - Sync 1 DAGs
[2023-11-28T00:45:04.613+0000] {logging_mixin.py:154} INFO - [2023-11-28T00:45:04.613+0000] {dag.py:2963} INFO - Creating ORM DAG for example_branch_operator
[2023-11-28T00:45:04.624+0000] {logging_mixin.py:154} INFO - [2023-11-28T00:45:04.624+0000] {dag.py:3722} INFO - Setting next_dagrun for example_branch_operator to 2023-11-27T00:00:00+00:00, run_after=2023-11-28T00:00:00+00:00
[2023-11-28T00:45:04.648+0000] {processor.py:179} INFO - Processing /usr/local/lib/python3.10/dist-packages/airflow/example_dags/example_branch_operator.py took 0.231 seconds
[2023-11-28T00:46:02.394+0000] {processor.py:157} INFO - Started process (PID=3588) to work on /usr/local/lib/python3.10/dist-packages/airflow/example_dags/example_branch_operator.py
[2023-11-28T00:46:02.395+0000] {processor.py:829} INFO - Processing file /usr/local/lib/python3.10/dist-packages/airflow/example_dags/example_branch_operator.py for tasks to queue
[2023-11-28T00:46:02.396+0000] {logging_mixin.py:154} INFO - [2023-11-28T00:46:02.396+0000] {dagbag.py:536} INFO - Filling up the DagBag from /usr/local/lib/python3.10/dist-packages/airflow/example_dags/example_branch_operator.py
[2023-11-28T00:46:02.408+0000] {processor.py:839} INFO - DAG(s) dict_keys(['example_branch_operator']) retrieved from /usr/local/lib/python3.10/dist-packages/airflow/example_dags/example_branch_operator.py
[2023-11-28T00:46:02.428+0000] {logging_mixin.py:154} INFO - [2023-11-28T00:46:02.428+0000] {dag.py:2941} INFO - Sync 1 DAGs
[2023-11-28T00:46:02.453+0000] {logging_mixin.py:154} INFO - [2023-11-28T00:46:02.453+0000] {dag.py:3722} INFO - Setting next_dagrun for example_branch_operator to 2023-11-27T00:00:00+00:00, run_after=2023-11-28T00:00:00+00:00
[2023-11-28T00:46:02.478+0000] {processor.py:179} INFO - Processing /usr/local/lib/python3.10/dist-packages/airflow/example_dags/example_branch_operator.py took 0.087 seconds
[2023-11-28T00:46:55.416+0000] {processor.py:157} INFO - Started process (PID=3648) to work on /usr/local/lib/python3.10/dist-packages/airflow/example_dags/example_branch_operator.py
[2023-11-28T00:46:55.418+0000] {processor.py:829} INFO - Processing file /usr/local/lib/python3.10/dist-packages/airflow/example_dags/example_branch_operator.py for tasks to queue
[2023-11-28T00:46:55.419+0000] {logging_mixin.py:154} INFO - [2023-11-28T00:46:55.418+0000] {dagbag.py:536} INFO - Filling up the DagBag from /usr/local/lib/python3.10/dist-packages/airflow/example_dags/example_branch_operator.py
[2023-11-28T00:46:55.430+0000] {processor.py:839} INFO - DAG(s) dict_keys(['example_branch_operator']) retrieved from /usr/local/lib/python3.10/dist-packages/airflow/example_dags/example_branch_operator.py
[2023-11-28T00:46:55.450+0000] {logging_mixin.py:154} INFO - [2023-11-28T00:46:55.450+0000] {dag.py:2941} INFO - Sync 1 DAGs
[2023-11-28T00:46:55.473+0000] {logging_mixin.py:154} INFO - [2023-11-28T00:46:55.473+0000] {dag.py:3722} INFO - Setting next_dagrun for example_branch_operator to 2023-11-27T00:00:00+00:00, run_after=2023-11-28T00:00:00+00:00
[2023-11-28T00:46:55.495+0000] {processor.py:179} INFO - Processing /usr/local/lib/python3.10/dist-packages/airflow/example_dags/example_branch_operator.py took 0.082 seconds
[2023-11-28T00:47:40.207+0000] {processor.py:157} INFO - Started process (PID=3696) to work on /usr/local/lib/python3.10/dist-packages/airflow/example_dags/example_branch_operator.py
[2023-11-28T00:47:40.208+0000] {processor.py:829} INFO - Processing file /usr/local/lib/python3.10/dist-packages/airflow/example_dags/example_branch_operator.py for tasks to queue
[2023-11-28T00:47:40.209+0000] {logging_mixin.py:154} INFO - [2023-11-28T00:47:40.209+0000] {dagbag.py:536} INFO - Filling up the DagBag from /usr/local/lib/python3.10/dist-packages/airflow/example_dags/example_branch_operator.py
[2023-11-28T00:47:40.220+0000] {processor.py:839} INFO - DAG(s) dict_keys(['example_branch_operator']) retrieved from /usr/local/lib/python3.10/dist-packages/airflow/example_dags/example_branch_operator.py
[2023-11-28T00:47:40.239+0000] {logging_mixin.py:154} INFO - [2023-11-28T00:47:40.239+0000] {dag.py:2941} INFO - Sync 1 DAGs
[2023-11-28T00:47:40.262+0000] {logging_mixin.py:154} INFO - [2023-11-28T00:47:40.261+0000] {dag.py:3722} INFO - Setting next_dagrun for example_branch_operator to 2023-11-27T00:00:00+00:00, run_after=2023-11-28T00:00:00+00:00
[2023-11-28T00:47:40.286+0000] {processor.py:179} INFO - Processing /usr/local/lib/python3.10/dist-packages/airflow/example_dags/example_branch_operator.py took 0.083 seconds
[2023-11-28T00:48:28.154+0000] {processor.py:157} INFO - Started process (PID=3745) to work on /usr/local/lib/python3.10/dist-packages/airflow/example_dags/example_branch_operator.py
[2023-11-28T00:48:28.156+0000] {processor.py:829} INFO - Processing file /usr/local/lib/python3.10/dist-packages/airflow/example_dags/example_branch_operator.py for tasks to queue
[2023-11-28T00:48:28.156+0000] {logging_mixin.py:154} INFO - [2023-11-28T00:48:28.156+0000] {dagbag.py:536} INFO - Filling up the DagBag from /usr/local/lib/python3.10/dist-packages/airflow/example_dags/example_branch_operator.py
[2023-11-28T00:48:28.167+0000] {processor.py:839} INFO - DAG(s) dict_keys(['example_branch_operator']) retrieved from /usr/local/lib/python3.10/dist-packages/airflow/example_dags/example_branch_operator.py
[2023-11-28T00:48:28.186+0000] {logging_mixin.py:154} INFO - [2023-11-28T00:48:28.186+0000] {dag.py:2941} INFO - Sync 1 DAGs
[2023-11-28T00:48:28.209+0000] {logging_mixin.py:154} INFO - [2023-11-28T00:48:28.209+0000] {dag.py:3722} INFO - Setting next_dagrun for example_branch_operator to 2023-11-27T00:00:00+00:00, run_after=2023-11-28T00:00:00+00:00
[2023-11-28T00:48:28.231+0000] {processor.py:179} INFO - Processing /usr/local/lib/python3.10/dist-packages/airflow/example_dags/example_branch_operator.py took 0.080 seconds
[2023-11-28T00:49:13.990+0000] {processor.py:157} INFO - Started process (PID=3792) to work on /usr/local/lib/python3.10/dist-packages/airflow/example_dags/example_branch_operator.py
[2023-11-28T00:49:13.991+0000] {processor.py:829} INFO - Processing file /usr/local/lib/python3.10/dist-packages/airflow/example_dags/example_branch_operator.py for tasks to queue
[2023-11-28T00:49:13.992+0000] {logging_mixin.py:154} INFO - [2023-11-28T00:49:13.992+0000] {dagbag.py:536} INFO - Filling up the DagBag from /usr/local/lib/python3.10/dist-packages/airflow/example_dags/example_branch_operator.py
[2023-11-28T00:49:14.003+0000] {processor.py:839} INFO - DAG(s) dict_keys(['example_branch_operator']) retrieved from /usr/local/lib/python3.10/dist-packages/airflow/example_dags/example_branch_operator.py
[2023-11-28T00:49:14.024+0000] {logging_mixin.py:154} INFO - [2023-11-28T00:49:14.023+0000] {dag.py:2941} INFO - Sync 1 DAGs
[2023-11-28T00:49:14.047+0000] {logging_mixin.py:154} INFO - [2023-11-28T00:49:14.047+0000] {dag.py:3722} INFO - Setting next_dagrun for example_branch_operator to 2023-11-27T00:00:00+00:00, run_after=2023-11-28T00:00:00+00:00
[2023-11-28T00:49:14.072+0000] {processor.py:179} INFO - Processing /usr/local/lib/python3.10/dist-packages/airflow/example_dags/example_branch_operator.py took 0.085 seconds
[2023-11-28T00:49:58.066+0000] {processor.py:157} INFO - Started process (PID=3839) to work on /usr/local/lib/python3.10/dist-packages/airflow/example_dags/example_branch_operator.py
[2023-11-28T00:49:58.067+0000] {processor.py:829} INFO - Processing file /usr/local/lib/python3.10/dist-packages/airflow/example_dags/example_branch_operator.py for tasks to queue
[2023-11-28T00:49:58.069+0000] {logging_mixin.py:154} INFO - [2023-11-28T00:49:58.068+0000] {dagbag.py:536} INFO - Filling up the DagBag from /usr/local/lib/python3.10/dist-packages/airflow/example_dags/example_branch_operator.py
[2023-11-28T00:49:58.079+0000] {processor.py:839} INFO - DAG(s) dict_keys(['example_branch_operator']) retrieved from /usr/local/lib/python3.10/dist-packages/airflow/example_dags/example_branch_operator.py
[2023-11-28T00:49:58.099+0000] {logging_mixin.py:154} INFO - [2023-11-28T00:49:58.098+0000] {dag.py:2941} INFO - Sync 1 DAGs
[2023-11-28T00:49:58.121+0000] {logging_mixin.py:154} INFO - [2023-11-28T00:49:58.121+0000] {dag.py:3722} INFO - Setting next_dagrun for example_branch_operator to 2023-11-27T00:00:00+00:00, run_after=2023-11-28T00:00:00+00:00
[2023-11-28T00:49:58.166+0000] {processor.py:179} INFO - Processing /usr/local/lib/python3.10/dist-packages/airflow/example_dags/example_branch_operator.py took 0.103 seconds
[2023-11-28T00:50:45.278+0000] {processor.py:157} INFO - Started process (PID=3887) to work on /usr/local/lib/python3.10/dist-packages/airflow/example_dags/example_branch_operator.py
[2023-11-28T00:50:45.280+0000] {processor.py:829} INFO - Processing file /usr/local/lib/python3.10/dist-packages/airflow/example_dags/example_branch_operator.py for tasks to queue
[2023-11-28T00:50:45.280+0000] {logging_mixin.py:154} INFO - [2023-11-28T00:50:45.280+0000] {dagbag.py:536} INFO - Filling up the DagBag from /usr/local/lib/python3.10/dist-packages/airflow/example_dags/example_branch_operator.py
[2023-11-28T00:50:45.291+0000] {processor.py:839} INFO - DAG(s) dict_keys(['example_branch_operator']) retrieved from /usr/local/lib/python3.10/dist-packages/airflow/example_dags/example_branch_operator.py
[2023-11-28T00:50:45.311+0000] {logging_mixin.py:154} INFO - [2023-11-28T00:50:45.311+0000] {dag.py:2941} INFO - Sync 1 DAGs
[2023-11-28T00:50:45.333+0000] {logging_mixin.py:154} INFO - [2023-11-28T00:50:45.333+0000] {dag.py:3722} INFO - Setting next_dagrun for example_branch_operator to 2023-11-27T00:00:00+00:00, run_after=2023-11-28T00:00:00+00:00
[2023-11-28T00:50:45.359+0000] {processor.py:179} INFO - Processing /usr/local/lib/python3.10/dist-packages/airflow/example_dags/example_branch_operator.py took 0.084 seconds
[2023-11-28T00:51:31.356+0000] {processor.py:157} INFO - Started process (PID=3935) to work on /usr/local/lib/python3.10/dist-packages/airflow/example_dags/example_branch_operator.py
[2023-11-28T00:51:31.357+0000] {processor.py:829} INFO - Processing file /usr/local/lib/python3.10/dist-packages/airflow/example_dags/example_branch_operator.py for tasks to queue
[2023-11-28T00:51:31.358+0000] {logging_mixin.py:154} INFO - [2023-11-28T00:51:31.357+0000] {dagbag.py:536} INFO - Filling up the DagBag from /usr/local/lib/python3.10/dist-packages/airflow/example_dags/example_branch_operator.py
[2023-11-28T00:51:31.368+0000] {processor.py:839} INFO - DAG(s) dict_keys(['example_branch_operator']) retrieved from /usr/local/lib/python3.10/dist-packages/airflow/example_dags/example_branch_operator.py
[2023-11-28T00:51:31.387+0000] {logging_mixin.py:154} INFO - [2023-11-28T00:51:31.387+0000] {dag.py:2941} INFO - Sync 1 DAGs
[2023-11-28T00:51:31.409+0000] {logging_mixin.py:154} INFO - [2023-11-28T00:51:31.409+0000] {dag.py:3722} INFO - Setting next_dagrun for example_branch_operator to 2023-11-27T00:00:00+00:00, run_after=2023-11-28T00:00:00+00:00
[2023-11-28T00:51:31.431+0000] {processor.py:179} INFO - Processing /usr/local/lib/python3.10/dist-packages/airflow/example_dags/example_branch_operator.py took 0.078 seconds
[2023-11-28T00:52:17.869+0000] {processor.py:157} INFO - Started process (PID=4152) to work on /usr/local/lib/python3.10/dist-packages/airflow/example_dags/example_branch_operator.py
[2023-11-28T00:52:17.870+0000] {processor.py:829} INFO - Processing file /usr/local/lib/python3.10/dist-packages/airflow/example_dags/example_branch_operator.py for tasks to queue
[2023-11-28T00:52:17.871+0000] {logging_mixin.py:154} INFO - [2023-11-28T00:52:17.871+0000] {dagbag.py:536} INFO - Filling up the DagBag from /usr/local/lib/python3.10/dist-packages/airflow/example_dags/example_branch_operator.py
[2023-11-28T00:52:17.882+0000] {processor.py:839} INFO - DAG(s) dict_keys(['example_branch_operator']) retrieved from /usr/local/lib/python3.10/dist-packages/airflow/example_dags/example_branch_operator.py
[2023-11-28T00:52:17.902+0000] {logging_mixin.py:154} INFO - [2023-11-28T00:52:17.902+0000] {dag.py:2941} INFO - Sync 1 DAGs
[2023-11-28T00:52:17.925+0000] {logging_mixin.py:154} INFO - [2023-11-28T00:52:17.924+0000] {dag.py:3722} INFO - Setting next_dagrun for example_branch_operator to 2023-11-27T00:00:00+00:00, run_after=2023-11-28T00:00:00+00:00
[2023-11-28T00:52:17.948+0000] {processor.py:179} INFO - Processing /usr/local/lib/python3.10/dist-packages/airflow/example_dags/example_branch_operator.py took 0.083 seconds
[2023-11-28T00:53:05.020+0000] {processor.py:157} INFO - Started process (PID=4415) to work on /usr/local/lib/python3.10/dist-packages/airflow/example_dags/example_branch_operator.py
[2023-11-28T00:53:05.021+0000] {processor.py:829} INFO - Processing file /usr/local/lib/python3.10/dist-packages/airflow/example_dags/example_branch_operator.py for tasks to queue
[2023-11-28T00:53:05.022+0000] {logging_mixin.py:154} INFO - [2023-11-28T00:53:05.022+0000] {dagbag.py:536} INFO - Filling up the DagBag from /usr/local/lib/python3.10/dist-packages/airflow/example_dags/example_branch_operator.py
[2023-11-28T00:53:05.032+0000] {processor.py:839} INFO - DAG(s) dict_keys(['example_branch_operator']) retrieved from /usr/local/lib/python3.10/dist-packages/airflow/example_dags/example_branch_operator.py
[2023-11-28T00:53:05.052+0000] {logging_mixin.py:154} INFO - [2023-11-28T00:53:05.052+0000] {dag.py:2941} INFO - Sync 1 DAGs
[2023-11-28T00:53:05.075+0000] {logging_mixin.py:154} INFO - [2023-11-28T00:53:05.075+0000] {dag.py:3722} INFO - Setting next_dagrun for example_branch_operator to 2023-11-27T00:00:00+00:00, run_after=2023-11-28T00:00:00+00:00
[2023-11-28T00:53:05.097+0000] {processor.py:179} INFO - Processing /usr/local/lib/python3.10/dist-packages/airflow/example_dags/example_branch_operator.py took 0.081 seconds
[2023-11-28T00:53:50.912+0000] {processor.py:157} INFO - Started process (PID=4691) to work on /usr/local/lib/python3.10/dist-packages/airflow/example_dags/example_branch_operator.py
[2023-11-28T00:53:50.914+0000] {processor.py:829} INFO - Processing file /usr/local/lib/python3.10/dist-packages/airflow/example_dags/example_branch_operator.py for tasks to queue
[2023-11-28T00:53:50.914+0000] {logging_mixin.py:154} INFO - [2023-11-28T00:53:50.914+0000] {dagbag.py:536} INFO - Filling up the DagBag from /usr/local/lib/python3.10/dist-packages/airflow/example_dags/example_branch_operator.py
[2023-11-28T00:53:50.924+0000] {processor.py:839} INFO - DAG(s) dict_keys(['example_branch_operator']) retrieved from /usr/local/lib/python3.10/dist-packages/airflow/example_dags/example_branch_operator.py
[2023-11-28T00:53:50.944+0000] {logging_mixin.py:154} INFO - [2023-11-28T00:53:50.943+0000] {dag.py:2941} INFO - Sync 1 DAGs
[2023-11-28T00:53:50.966+0000] {logging_mixin.py:154} INFO - [2023-11-28T00:53:50.965+0000] {dag.py:3722} INFO - Setting next_dagrun for example_branch_operator to 2023-11-27T00:00:00+00:00, run_after=2023-11-28T00:00:00+00:00
[2023-11-28T00:53:50.987+0000] {processor.py:179} INFO - Processing /usr/local/lib/python3.10/dist-packages/airflow/example_dags/example_branch_operator.py took 0.078 seconds
[2023-11-28T00:54:34.064+0000] {processor.py:157} INFO - Started process (PID=4902) to work on /usr/local/lib/python3.10/dist-packages/airflow/example_dags/example_branch_operator.py
[2023-11-28T00:54:34.065+0000] {processor.py:829} INFO - Processing file /usr/local/lib/python3.10/dist-packages/airflow/example_dags/example_branch_operator.py for tasks to queue
[2023-11-28T00:54:34.066+0000] {logging_mixin.py:154} INFO - [2023-11-28T00:54:34.065+0000] {dagbag.py:536} INFO - Filling up the DagBag from /usr/local/lib/python3.10/dist-packages/airflow/example_dags/example_branch_operator.py
[2023-11-28T00:54:34.076+0000] {processor.py:839} INFO - DAG(s) dict_keys(['example_branch_operator']) retrieved from /usr/local/lib/python3.10/dist-packages/airflow/example_dags/example_branch_operator.py
[2023-11-28T00:54:34.095+0000] {logging_mixin.py:154} INFO - [2023-11-28T00:54:34.095+0000] {dag.py:2941} INFO - Sync 1 DAGs
[2023-11-28T00:54:34.117+0000] {logging_mixin.py:154} INFO - [2023-11-28T00:54:34.117+0000] {dag.py:3722} INFO - Setting next_dagrun for example_branch_operator to 2023-11-27T00:00:00+00:00, run_after=2023-11-28T00:00:00+00:00
[2023-11-28T00:54:34.139+0000] {processor.py:179} INFO - Processing /usr/local/lib/python3.10/dist-packages/airflow/example_dags/example_branch_operator.py took 0.079 seconds
[2023-11-28T00:55:18.402+0000] {processor.py:157} INFO - Started process (PID=4948) to work on /usr/local/lib/python3.10/dist-packages/airflow/example_dags/example_branch_operator.py
[2023-11-28T00:55:18.403+0000] {processor.py:829} INFO - Processing file /usr/local/lib/python3.10/dist-packages/airflow/example_dags/example_branch_operator.py for tasks to queue
[2023-11-28T00:55:18.405+0000] {logging_mixin.py:154} INFO - [2023-11-28T00:55:18.404+0000] {dagbag.py:536} INFO - Filling up the DagBag from /usr/local/lib/python3.10/dist-packages/airflow/example_dags/example_branch_operator.py
[2023-11-28T00:55:18.415+0000] {processor.py:839} INFO - DAG(s) dict_keys(['example_branch_operator']) retrieved from /usr/local/lib/python3.10/dist-packages/airflow/example_dags/example_branch_operator.py
[2023-11-28T00:55:18.435+0000] {logging_mixin.py:154} INFO - [2023-11-28T00:55:18.435+0000] {dag.py:2941} INFO - Sync 1 DAGs
[2023-11-28T00:55:18.458+0000] {logging_mixin.py:154} INFO - [2023-11-28T00:55:18.458+0000] {dag.py:3722} INFO - Setting next_dagrun for example_branch_operator to 2023-11-27T00:00:00+00:00, run_after=2023-11-28T00:00:00+00:00
[2023-11-28T00:55:18.482+0000] {processor.py:179} INFO - Processing /usr/local/lib/python3.10/dist-packages/airflow/example_dags/example_branch_operator.py took 0.083 seconds
[2023-11-28T00:56:06.863+0000] {processor.py:157} INFO - Started process (PID=5276) to work on /usr/local/lib/python3.10/dist-packages/airflow/example_dags/example_branch_operator.py
[2023-11-28T00:56:06.864+0000] {processor.py:829} INFO - Processing file /usr/local/lib/python3.10/dist-packages/airflow/example_dags/example_branch_operator.py for tasks to queue
[2023-11-28T00:56:06.865+0000] {logging_mixin.py:154} INFO - [2023-11-28T00:56:06.865+0000] {dagbag.py:536} INFO - Filling up the DagBag from /usr/local/lib/python3.10/dist-packages/airflow/example_dags/example_branch_operator.py
[2023-11-28T00:56:06.875+0000] {processor.py:839} INFO - DAG(s) dict_keys(['example_branch_operator']) retrieved from /usr/local/lib/python3.10/dist-packages/airflow/example_dags/example_branch_operator.py
[2023-11-28T00:56:06.895+0000] {logging_mixin.py:154} INFO - [2023-11-28T00:56:06.895+0000] {dag.py:2941} INFO - Sync 1 DAGs
[2023-11-28T00:56:06.917+0000] {logging_mixin.py:154} INFO - [2023-11-28T00:56:06.917+0000] {dag.py:3722} INFO - Setting next_dagrun for example_branch_operator to 2023-11-27T00:00:00+00:00, run_after=2023-11-28T00:00:00+00:00
[2023-11-28T00:56:06.939+0000] {processor.py:179} INFO - Processing /usr/local/lib/python3.10/dist-packages/airflow/example_dags/example_branch_operator.py took 0.080 seconds
[2023-11-28T00:56:53.118+0000] {processor.py:157} INFO - Started process (PID=5364) to work on /usr/local/lib/python3.10/dist-packages/airflow/example_dags/example_branch_operator.py
[2023-11-28T00:56:53.119+0000] {processor.py:829} INFO - Processing file /usr/local/lib/python3.10/dist-packages/airflow/example_dags/example_branch_operator.py for tasks to queue
[2023-11-28T00:56:53.120+0000] {logging_mixin.py:154} INFO - [2023-11-28T00:56:53.120+0000] {dagbag.py:536} INFO - Filling up the DagBag from /usr/local/lib/python3.10/dist-packages/airflow/example_dags/example_branch_operator.py
[2023-11-28T00:56:53.131+0000] {processor.py:839} INFO - DAG(s) dict_keys(['example_branch_operator']) retrieved from /usr/local/lib/python3.10/dist-packages/airflow/example_dags/example_branch_operator.py
[2023-11-28T00:56:53.150+0000] {logging_mixin.py:154} INFO - [2023-11-28T00:56:53.150+0000] {dag.py:2941} INFO - Sync 1 DAGs
[2023-11-28T00:56:53.174+0000] {logging_mixin.py:154} INFO - [2023-11-28T00:56:53.174+0000] {dag.py:3722} INFO - Setting next_dagrun for example_branch_operator to 2023-11-27T00:00:00+00:00, run_after=2023-11-28T00:00:00+00:00
[2023-11-28T00:56:53.196+0000] {processor.py:179} INFO - Processing /usr/local/lib/python3.10/dist-packages/airflow/example_dags/example_branch_operator.py took 0.081 seconds
[2023-11-28T00:57:39.569+0000] {processor.py:157} INFO - Started process (PID=5414) to work on /usr/local/lib/python3.10/dist-packages/airflow/example_dags/example_branch_operator.py
[2023-11-28T00:57:39.573+0000] {processor.py:829} INFO - Processing file /usr/local/lib/python3.10/dist-packages/airflow/example_dags/example_branch_operator.py for tasks to queue
[2023-11-28T00:57:39.574+0000] {logging_mixin.py:154} INFO - [2023-11-28T00:57:39.573+0000] {dagbag.py:536} INFO - Filling up the DagBag from /usr/local/lib/python3.10/dist-packages/airflow/example_dags/example_branch_operator.py
[2023-11-28T00:57:39.584+0000] {processor.py:839} INFO - DAG(s) dict_keys(['example_branch_operator']) retrieved from /usr/local/lib/python3.10/dist-packages/airflow/example_dags/example_branch_operator.py
[2023-11-28T00:57:39.604+0000] {logging_mixin.py:154} INFO - [2023-11-28T00:57:39.603+0000] {dag.py:2941} INFO - Sync 1 DAGs
[2023-11-28T00:57:39.626+0000] {logging_mixin.py:154} INFO - [2023-11-28T00:57:39.626+0000] {dag.py:3722} INFO - Setting next_dagrun for example_branch_operator to 2023-11-27T00:00:00+00:00, run_after=2023-11-28T00:00:00+00:00
[2023-11-28T00:57:39.649+0000] {processor.py:179} INFO - Processing /usr/local/lib/python3.10/dist-packages/airflow/example_dags/example_branch_operator.py took 0.084 seconds
[2023-11-28T00:58:27.122+0000] {processor.py:157} INFO - Started process (PID=5462) to work on /usr/local/lib/python3.10/dist-packages/airflow/example_dags/example_branch_operator.py
[2023-11-28T00:58:27.124+0000] {processor.py:829} INFO - Processing file /usr/local/lib/python3.10/dist-packages/airflow/example_dags/example_branch_operator.py for tasks to queue
[2023-11-28T00:58:27.124+0000] {logging_mixin.py:154} INFO - [2023-11-28T00:58:27.124+0000] {dagbag.py:536} INFO - Filling up the DagBag from /usr/local/lib/python3.10/dist-packages/airflow/example_dags/example_branch_operator.py
[2023-11-28T00:58:27.135+0000] {processor.py:839} INFO - DAG(s) dict_keys(['example_branch_operator']) retrieved from /usr/local/lib/python3.10/dist-packages/airflow/example_dags/example_branch_operator.py
[2023-11-28T00:58:27.155+0000] {logging_mixin.py:154} INFO - [2023-11-28T00:58:27.155+0000] {dag.py:2941} INFO - Sync 1 DAGs
[2023-11-28T00:58:27.177+0000] {logging_mixin.py:154} INFO - [2023-11-28T00:58:27.177+0000] {dag.py:3722} INFO - Setting next_dagrun for example_branch_operator to 2023-11-27T00:00:00+00:00, run_after=2023-11-28T00:00:00+00:00
[2023-11-28T00:58:27.203+0000] {processor.py:179} INFO - Processing /usr/local/lib/python3.10/dist-packages/airflow/example_dags/example_branch_operator.py took 0.084 seconds
[2023-11-28T00:59:14.749+0000] {processor.py:157} INFO - Started process (PID=5510) to work on /usr/local/lib/python3.10/dist-packages/airflow/example_dags/example_branch_operator.py
[2023-11-28T00:59:14.750+0000] {processor.py:829} INFO - Processing file /usr/local/lib/python3.10/dist-packages/airflow/example_dags/example_branch_operator.py for tasks to queue
[2023-11-28T00:59:14.751+0000] {logging_mixin.py:154} INFO - [2023-11-28T00:59:14.750+0000] {dagbag.py:536} INFO - Filling up the DagBag from /usr/local/lib/python3.10/dist-packages/airflow/example_dags/example_branch_operator.py
[2023-11-28T00:59:14.761+0000] {processor.py:839} INFO - DAG(s) dict_keys(['example_branch_operator']) retrieved from /usr/local/lib/python3.10/dist-packages/airflow/example_dags/example_branch_operator.py
[2023-11-28T00:59:14.780+0000] {logging_mixin.py:154} INFO - [2023-11-28T00:59:14.780+0000] {dag.py:2941} INFO - Sync 1 DAGs
[2023-11-28T00:59:14.802+0000] {logging_mixin.py:154} INFO - [2023-11-28T00:59:14.802+0000] {dag.py:3722} INFO - Setting next_dagrun for example_branch_operator to 2023-11-27T00:00:00+00:00, run_after=2023-11-28T00:00:00+00:00
[2023-11-28T00:59:14.824+0000] {processor.py:179} INFO - Processing /usr/local/lib/python3.10/dist-packages/airflow/example_dags/example_branch_operator.py took 0.078 seconds
[2023-11-28T00:59:57.885+0000] {processor.py:157} INFO - Started process (PID=5556) to work on /usr/local/lib/python3.10/dist-packages/airflow/example_dags/example_branch_operator.py
[2023-11-28T00:59:57.886+0000] {processor.py:829} INFO - Processing file /usr/local/lib/python3.10/dist-packages/airflow/example_dags/example_branch_operator.py for tasks to queue
[2023-11-28T00:59:57.887+0000] {logging_mixin.py:154} INFO - [2023-11-28T00:59:57.887+0000] {dagbag.py:536} INFO - Filling up the DagBag from /usr/local/lib/python3.10/dist-packages/airflow/example_dags/example_branch_operator.py
[2023-11-28T00:59:57.898+0000] {processor.py:839} INFO - DAG(s) dict_keys(['example_branch_operator']) retrieved from /usr/local/lib/python3.10/dist-packages/airflow/example_dags/example_branch_operator.py
[2023-11-28T00:59:57.917+0000] {logging_mixin.py:154} INFO - [2023-11-28T00:59:57.917+0000] {dag.py:2941} INFO - Sync 1 DAGs
[2023-11-28T00:59:57.939+0000] {logging_mixin.py:154} INFO - [2023-11-28T00:59:57.939+0000] {dag.py:3722} INFO - Setting next_dagrun for example_branch_operator to 2023-11-27T00:00:00+00:00, run_after=2023-11-28T00:00:00+00:00
[2023-11-28T00:59:57.960+0000] {processor.py:179} INFO - Processing /usr/local/lib/python3.10/dist-packages/airflow/example_dags/example_branch_operator.py took 0.078 seconds
[2023-11-28T01:00:42.602+0000] {processor.py:157} INFO - Started process (PID=5602) to work on /usr/local/lib/python3.10/dist-packages/airflow/example_dags/example_branch_operator.py
[2023-11-28T01:00:42.603+0000] {processor.py:829} INFO - Processing file /usr/local/lib/python3.10/dist-packages/airflow/example_dags/example_branch_operator.py for tasks to queue
[2023-11-28T01:00:42.604+0000] {logging_mixin.py:154} INFO - [2023-11-28T01:00:42.604+0000] {dagbag.py:536} INFO - Filling up the DagBag from /usr/local/lib/python3.10/dist-packages/airflow/example_dags/example_branch_operator.py
[2023-11-28T01:00:42.615+0000] {processor.py:839} INFO - DAG(s) dict_keys(['example_branch_operator']) retrieved from /usr/local/lib/python3.10/dist-packages/airflow/example_dags/example_branch_operator.py
[2023-11-28T01:00:42.634+0000] {logging_mixin.py:154} INFO - [2023-11-28T01:00:42.634+0000] {dag.py:2941} INFO - Sync 1 DAGs
[2023-11-28T01:00:42.657+0000] {logging_mixin.py:154} INFO - [2023-11-28T01:00:42.656+0000] {dag.py:3722} INFO - Setting next_dagrun for example_branch_operator to 2023-11-27T00:00:00+00:00, run_after=2023-11-28T00:00:00+00:00
[2023-11-28T01:00:42.679+0000] {processor.py:179} INFO - Processing /usr/local/lib/python3.10/dist-packages/airflow/example_dags/example_branch_operator.py took 0.081 seconds
[2023-11-28T01:01:27.817+0000] {processor.py:157} INFO - Started process (PID=5650) to work on /usr/local/lib/python3.10/dist-packages/airflow/example_dags/example_branch_operator.py
[2023-11-28T01:01:27.819+0000] {processor.py:829} INFO - Processing file /usr/local/lib/python3.10/dist-packages/airflow/example_dags/example_branch_operator.py for tasks to queue
[2023-11-28T01:01:27.820+0000] {logging_mixin.py:154} INFO - [2023-11-28T01:01:27.819+0000] {dagbag.py:536} INFO - Filling up the DagBag from /usr/local/lib/python3.10/dist-packages/airflow/example_dags/example_branch_operator.py
[2023-11-28T01:01:27.831+0000] {processor.py:839} INFO - DAG(s) dict_keys(['example_branch_operator']) retrieved from /usr/local/lib/python3.10/dist-packages/airflow/example_dags/example_branch_operator.py
[2023-11-28T01:01:27.851+0000] {logging_mixin.py:154} INFO - [2023-11-28T01:01:27.851+0000] {dag.py:2941} INFO - Sync 1 DAGs
[2023-11-28T01:01:27.874+0000] {logging_mixin.py:154} INFO - [2023-11-28T01:01:27.874+0000] {dag.py:3722} INFO - Setting next_dagrun for example_branch_operator to 2023-11-27T00:00:00+00:00, run_after=2023-11-28T00:00:00+00:00
[2023-11-28T01:01:27.897+0000] {processor.py:179} INFO - Processing /usr/local/lib/python3.10/dist-packages/airflow/example_dags/example_branch_operator.py took 0.083 seconds
[2023-11-28T01:02:11.818+0000] {processor.py:157} INFO - Started process (PID=5696) to work on /usr/local/lib/python3.10/dist-packages/airflow/example_dags/example_branch_operator.py
[2023-11-28T01:02:11.819+0000] {processor.py:829} INFO - Processing file /usr/local/lib/python3.10/dist-packages/airflow/example_dags/example_branch_operator.py for tasks to queue
[2023-11-28T01:02:11.820+0000] {logging_mixin.py:154} INFO - [2023-11-28T01:02:11.820+0000] {dagbag.py:536} INFO - Filling up the DagBag from /usr/local/lib/python3.10/dist-packages/airflow/example_dags/example_branch_operator.py
[2023-11-28T01:02:11.831+0000] {processor.py:839} INFO - DAG(s) dict_keys(['example_branch_operator']) retrieved from /usr/local/lib/python3.10/dist-packages/airflow/example_dags/example_branch_operator.py
[2023-11-28T01:02:11.851+0000] {logging_mixin.py:154} INFO - [2023-11-28T01:02:11.851+0000] {dag.py:2941} INFO - Sync 1 DAGs
[2023-11-28T01:02:11.875+0000] {logging_mixin.py:154} INFO - [2023-11-28T01:02:11.875+0000] {dag.py:3722} INFO - Setting next_dagrun for example_branch_operator to 2023-11-27T00:00:00+00:00, run_after=2023-11-28T00:00:00+00:00
[2023-11-28T01:02:11.898+0000] {processor.py:179} INFO - Processing /usr/local/lib/python3.10/dist-packages/airflow/example_dags/example_branch_operator.py took 0.083 seconds
[2023-11-28T01:02:56.102+0000] {processor.py:157} INFO - Started process (PID=5742) to work on /usr/local/lib/python3.10/dist-packages/airflow/example_dags/example_branch_operator.py
[2023-11-28T01:02:56.103+0000] {processor.py:829} INFO - Processing file /usr/local/lib/python3.10/dist-packages/airflow/example_dags/example_branch_operator.py for tasks to queue
[2023-11-28T01:02:56.104+0000] {logging_mixin.py:154} INFO - [2023-11-28T01:02:56.104+0000] {dagbag.py:536} INFO - Filling up the DagBag from /usr/local/lib/python3.10/dist-packages/airflow/example_dags/example_branch_operator.py
[2023-11-28T01:02:56.115+0000] {processor.py:839} INFO - DAG(s) dict_keys(['example_branch_operator']) retrieved from /usr/local/lib/python3.10/dist-packages/airflow/example_dags/example_branch_operator.py
[2023-11-28T01:02:56.135+0000] {logging_mixin.py:154} INFO - [2023-11-28T01:02:56.134+0000] {dag.py:2941} INFO - Sync 1 DAGs
[2023-11-28T01:02:56.159+0000] {logging_mixin.py:154} INFO - [2023-11-28T01:02:56.158+0000] {dag.py:3722} INFO - Setting next_dagrun for example_branch_operator to 2023-11-27T00:00:00+00:00, run_after=2023-11-28T00:00:00+00:00
[2023-11-28T01:02:56.181+0000] {processor.py:179} INFO - Processing /usr/local/lib/python3.10/dist-packages/airflow/example_dags/example_branch_operator.py took 0.083 seconds
[2023-11-28T01:03:41.779+0000] {processor.py:157} INFO - Started process (PID=5902) to work on /usr/local/lib/python3.10/dist-packages/airflow/example_dags/example_branch_operator.py
[2023-11-28T01:03:41.780+0000] {processor.py:829} INFO - Processing file /usr/local/lib/python3.10/dist-packages/airflow/example_dags/example_branch_operator.py for tasks to queue
[2023-11-28T01:03:41.781+0000] {logging_mixin.py:154} INFO - [2023-11-28T01:03:41.781+0000] {dagbag.py:536} INFO - Filling up the DagBag from /usr/local/lib/python3.10/dist-packages/airflow/example_dags/example_branch_operator.py
[2023-11-28T01:03:41.792+0000] {processor.py:839} INFO - DAG(s) dict_keys(['example_branch_operator']) retrieved from /usr/local/lib/python3.10/dist-packages/airflow/example_dags/example_branch_operator.py
[2023-11-28T01:03:41.813+0000] {logging_mixin.py:154} INFO - [2023-11-28T01:03:41.812+0000] {dag.py:2941} INFO - Sync 1 DAGs
[2023-11-28T01:03:41.836+0000] {logging_mixin.py:154} INFO - [2023-11-28T01:03:41.836+0000] {dag.py:3722} INFO - Setting next_dagrun for example_branch_operator to 2023-11-27T00:00:00+00:00, run_after=2023-11-28T00:00:00+00:00
[2023-11-28T01:03:41.860+0000] {processor.py:179} INFO - Processing /usr/local/lib/python3.10/dist-packages/airflow/example_dags/example_branch_operator.py took 0.084 seconds
[2023-11-28T01:04:28.033+0000] {processor.py:157} INFO - Started process (PID=5950) to work on /usr/local/lib/python3.10/dist-packages/airflow/example_dags/example_branch_operator.py
[2023-11-28T01:04:28.034+0000] {processor.py:829} INFO - Processing file /usr/local/lib/python3.10/dist-packages/airflow/example_dags/example_branch_operator.py for tasks to queue
[2023-11-28T01:04:28.035+0000] {logging_mixin.py:154} INFO - [2023-11-28T01:04:28.035+0000] {dagbag.py:536} INFO - Filling up the DagBag from /usr/local/lib/python3.10/dist-packages/airflow/example_dags/example_branch_operator.py
[2023-11-28T01:04:28.046+0000] {processor.py:839} INFO - DAG(s) dict_keys(['example_branch_operator']) retrieved from /usr/local/lib/python3.10/dist-packages/airflow/example_dags/example_branch_operator.py
[2023-11-28T01:04:28.065+0000] {logging_mixin.py:154} INFO - [2023-11-28T01:04:28.065+0000] {dag.py:2941} INFO - Sync 1 DAGs
[2023-11-28T01:04:28.088+0000] {logging_mixin.py:154} INFO - [2023-11-28T01:04:28.087+0000] {dag.py:3722} INFO - Setting next_dagrun for example_branch_operator to 2023-11-27T00:00:00+00:00, run_after=2023-11-28T00:00:00+00:00
[2023-11-28T01:04:28.110+0000] {processor.py:179} INFO - Processing /usr/local/lib/python3.10/dist-packages/airflow/example_dags/example_branch_operator.py took 0.080 seconds
[2023-11-28T01:05:12.353+0000] {processor.py:157} INFO - Started process (PID=5997) to work on /usr/local/lib/python3.10/dist-packages/airflow/example_dags/example_branch_operator.py
[2023-11-28T01:05:12.354+0000] {processor.py:829} INFO - Processing file /usr/local/lib/python3.10/dist-packages/airflow/example_dags/example_branch_operator.py for tasks to queue
[2023-11-28T01:05:12.355+0000] {logging_mixin.py:154} INFO - [2023-11-28T01:05:12.354+0000] {dagbag.py:536} INFO - Filling up the DagBag from /usr/local/lib/python3.10/dist-packages/airflow/example_dags/example_branch_operator.py
[2023-11-28T01:05:12.365+0000] {processor.py:839} INFO - DAG(s) dict_keys(['example_branch_operator']) retrieved from /usr/local/lib/python3.10/dist-packages/airflow/example_dags/example_branch_operator.py
[2023-11-28T01:05:12.385+0000] {logging_mixin.py:154} INFO - [2023-11-28T01:05:12.385+0000] {dag.py:2941} INFO - Sync 1 DAGs
[2023-11-28T01:05:12.409+0000] {logging_mixin.py:154} INFO - [2023-11-28T01:05:12.408+0000] {dag.py:3722} INFO - Setting next_dagrun for example_branch_operator to 2023-11-27T00:00:00+00:00, run_after=2023-11-28T00:00:00+00:00
[2023-11-28T01:05:12.433+0000] {processor.py:179} INFO - Processing /usr/local/lib/python3.10/dist-packages/airflow/example_dags/example_branch_operator.py took 0.084 seconds
[2023-11-28T01:05:58.937+0000] {processor.py:157} INFO - Started process (PID=6045) to work on /usr/local/lib/python3.10/dist-packages/airflow/example_dags/example_branch_operator.py
[2023-11-28T01:05:58.939+0000] {processor.py:829} INFO - Processing file /usr/local/lib/python3.10/dist-packages/airflow/example_dags/example_branch_operator.py for tasks to queue
[2023-11-28T01:05:58.940+0000] {logging_mixin.py:154} INFO - [2023-11-28T01:05:58.940+0000] {dagbag.py:536} INFO - Filling up the DagBag from /usr/local/lib/python3.10/dist-packages/airflow/example_dags/example_branch_operator.py
[2023-11-28T01:05:58.951+0000] {processor.py:839} INFO - DAG(s) dict_keys(['example_branch_operator']) retrieved from /usr/local/lib/python3.10/dist-packages/airflow/example_dags/example_branch_operator.py
[2023-11-28T01:05:58.972+0000] {logging_mixin.py:154} INFO - [2023-11-28T01:05:58.971+0000] {dag.py:2941} INFO - Sync 1 DAGs
[2023-11-28T01:05:58.996+0000] {logging_mixin.py:154} INFO - [2023-11-28T01:05:58.996+0000] {dag.py:3722} INFO - Setting next_dagrun for example_branch_operator to 2023-11-27T00:00:00+00:00, run_after=2023-11-28T00:00:00+00:00
[2023-11-28T01:05:59.020+0000] {processor.py:179} INFO - Processing /usr/local/lib/python3.10/dist-packages/airflow/example_dags/example_branch_operator.py took 0.086 seconds
[2023-11-28T01:06:45.438+0000] {processor.py:157} INFO - Started process (PID=6093) to work on /usr/local/lib/python3.10/dist-packages/airflow/example_dags/example_branch_operator.py
[2023-11-28T01:06:45.440+0000] {processor.py:829} INFO - Processing file /usr/local/lib/python3.10/dist-packages/airflow/example_dags/example_branch_operator.py for tasks to queue
[2023-11-28T01:06:45.441+0000] {logging_mixin.py:154} INFO - [2023-11-28T01:06:45.440+0000] {dagbag.py:536} INFO - Filling up the DagBag from /usr/local/lib/python3.10/dist-packages/airflow/example_dags/example_branch_operator.py
[2023-11-28T01:06:45.451+0000] {processor.py:839} INFO - DAG(s) dict_keys(['example_branch_operator']) retrieved from /usr/local/lib/python3.10/dist-packages/airflow/example_dags/example_branch_operator.py
[2023-11-28T01:06:45.470+0000] {logging_mixin.py:154} INFO - [2023-11-28T01:06:45.470+0000] {dag.py:2941} INFO - Sync 1 DAGs
[2023-11-28T01:06:45.492+0000] {logging_mixin.py:154} INFO - [2023-11-28T01:06:45.492+0000] {dag.py:3722} INFO - Setting next_dagrun for example_branch_operator to 2023-11-27T00:00:00+00:00, run_after=2023-11-28T00:00:00+00:00
[2023-11-28T01:06:45.513+0000] {processor.py:179} INFO - Processing /usr/local/lib/python3.10/dist-packages/airflow/example_dags/example_branch_operator.py took 0.078 seconds
[2023-11-28T01:07:33.440+0000] {processor.py:157} INFO - Started process (PID=6141) to work on /usr/local/lib/python3.10/dist-packages/airflow/example_dags/example_branch_operator.py
[2023-11-28T01:07:33.441+0000] {processor.py:829} INFO - Processing file /usr/local/lib/python3.10/dist-packages/airflow/example_dags/example_branch_operator.py for tasks to queue
[2023-11-28T01:07:33.442+0000] {logging_mixin.py:154} INFO - [2023-11-28T01:07:33.441+0000] {dagbag.py:536} INFO - Filling up the DagBag from /usr/local/lib/python3.10/dist-packages/airflow/example_dags/example_branch_operator.py
[2023-11-28T01:07:33.452+0000] {processor.py:839} INFO - DAG(s) dict_keys(['example_branch_operator']) retrieved from /usr/local/lib/python3.10/dist-packages/airflow/example_dags/example_branch_operator.py
[2023-11-28T01:07:33.472+0000] {logging_mixin.py:154} INFO - [2023-11-28T01:07:33.472+0000] {dag.py:2941} INFO - Sync 1 DAGs
[2023-11-28T01:07:33.495+0000] {logging_mixin.py:154} INFO - [2023-11-28T01:07:33.495+0000] {dag.py:3722} INFO - Setting next_dagrun for example_branch_operator to 2023-11-27T00:00:00+00:00, run_after=2023-11-28T00:00:00+00:00
[2023-11-28T01:07:33.519+0000] {processor.py:179} INFO - Processing /usr/local/lib/python3.10/dist-packages/airflow/example_dags/example_branch_operator.py took 0.083 seconds
[2023-11-28T01:08:22.179+0000] {processor.py:157} INFO - Started process (PID=6191) to work on /usr/local/lib/python3.10/dist-packages/airflow/example_dags/example_branch_operator.py
[2023-11-28T01:08:22.181+0000] {processor.py:829} INFO - Processing file /usr/local/lib/python3.10/dist-packages/airflow/example_dags/example_branch_operator.py for tasks to queue
[2023-11-28T01:08:22.182+0000] {logging_mixin.py:154} INFO - [2023-11-28T01:08:22.181+0000] {dagbag.py:536} INFO - Filling up the DagBag from /usr/local/lib/python3.10/dist-packages/airflow/example_dags/example_branch_operator.py
[2023-11-28T01:08:22.192+0000] {processor.py:839} INFO - DAG(s) dict_keys(['example_branch_operator']) retrieved from /usr/local/lib/python3.10/dist-packages/airflow/example_dags/example_branch_operator.py
[2023-11-28T01:08:22.212+0000] {logging_mixin.py:154} INFO - [2023-11-28T01:08:22.212+0000] {dag.py:2941} INFO - Sync 1 DAGs
[2023-11-28T01:08:22.234+0000] {logging_mixin.py:154} INFO - [2023-11-28T01:08:22.234+0000] {dag.py:3722} INFO - Setting next_dagrun for example_branch_operator to 2023-11-27T00:00:00+00:00, run_after=2023-11-28T00:00:00+00:00
[2023-11-28T01:08:22.258+0000] {processor.py:179} INFO - Processing /usr/local/lib/python3.10/dist-packages/airflow/example_dags/example_branch_operator.py took 0.082 seconds
[2023-11-28T01:09:04.991+0000] {processor.py:157} INFO - Started process (PID=6238) to work on /usr/local/lib/python3.10/dist-packages/airflow/example_dags/example_branch_operator.py
[2023-11-28T01:09:04.992+0000] {processor.py:829} INFO - Processing file /usr/local/lib/python3.10/dist-packages/airflow/example_dags/example_branch_operator.py for tasks to queue
[2023-11-28T01:09:04.993+0000] {logging_mixin.py:154} INFO - [2023-11-28T01:09:04.993+0000] {dagbag.py:536} INFO - Filling up the DagBag from /usr/local/lib/python3.10/dist-packages/airflow/example_dags/example_branch_operator.py
[2023-11-28T01:09:05.004+0000] {processor.py:839} INFO - DAG(s) dict_keys(['example_branch_operator']) retrieved from /usr/local/lib/python3.10/dist-packages/airflow/example_dags/example_branch_operator.py
[2023-11-28T01:09:05.025+0000] {logging_mixin.py:154} INFO - [2023-11-28T01:09:05.025+0000] {dag.py:2941} INFO - Sync 1 DAGs
[2023-11-28T01:09:05.048+0000] {logging_mixin.py:154} INFO - [2023-11-28T01:09:05.048+0000] {dag.py:3722} INFO - Setting next_dagrun for example_branch_operator to 2023-11-27T00:00:00+00:00, run_after=2023-11-28T00:00:00+00:00
[2023-11-28T01:09:05.073+0000] {processor.py:179} INFO - Processing /usr/local/lib/python3.10/dist-packages/airflow/example_dags/example_branch_operator.py took 0.085 seconds
[2023-11-28T01:09:47.700+0000] {processor.py:157} INFO - Started process (PID=6283) to work on /usr/local/lib/python3.10/dist-packages/airflow/example_dags/example_branch_operator.py
[2023-11-28T01:09:47.702+0000] {processor.py:829} INFO - Processing file /usr/local/lib/python3.10/dist-packages/airflow/example_dags/example_branch_operator.py for tasks to queue
[2023-11-28T01:09:47.702+0000] {logging_mixin.py:154} INFO - [2023-11-28T01:09:47.702+0000] {dagbag.py:536} INFO - Filling up the DagBag from /usr/local/lib/python3.10/dist-packages/airflow/example_dags/example_branch_operator.py
[2023-11-28T01:09:47.713+0000] {processor.py:839} INFO - DAG(s) dict_keys(['example_branch_operator']) retrieved from /usr/local/lib/python3.10/dist-packages/airflow/example_dags/example_branch_operator.py
[2023-11-28T01:09:47.733+0000] {logging_mixin.py:154} INFO - [2023-11-28T01:09:47.732+0000] {dag.py:2941} INFO - Sync 1 DAGs
[2023-11-28T01:09:47.756+0000] {logging_mixin.py:154} INFO - [2023-11-28T01:09:47.756+0000] {dag.py:3722} INFO - Setting next_dagrun for example_branch_operator to 2023-11-27T00:00:00+00:00, run_after=2023-11-28T00:00:00+00:00
[2023-11-28T01:09:47.780+0000] {processor.py:179} INFO - Processing /usr/local/lib/python3.10/dist-packages/airflow/example_dags/example_branch_operator.py took 0.083 seconds
[2023-11-28T01:10:35.048+0000] {processor.py:157} INFO - Started process (PID=6331) to work on /usr/local/lib/python3.10/dist-packages/airflow/example_dags/example_branch_operator.py
[2023-11-28T01:10:35.049+0000] {processor.py:829} INFO - Processing file /usr/local/lib/python3.10/dist-packages/airflow/example_dags/example_branch_operator.py for tasks to queue
[2023-11-28T01:10:35.050+0000] {logging_mixin.py:154} INFO - [2023-11-28T01:10:35.050+0000] {dagbag.py:536} INFO - Filling up the DagBag from /usr/local/lib/python3.10/dist-packages/airflow/example_dags/example_branch_operator.py
[2023-11-28T01:10:35.061+0000] {processor.py:839} INFO - DAG(s) dict_keys(['example_branch_operator']) retrieved from /usr/local/lib/python3.10/dist-packages/airflow/example_dags/example_branch_operator.py
[2023-11-28T01:10:35.082+0000] {logging_mixin.py:154} INFO - [2023-11-28T01:10:35.081+0000] {dag.py:2941} INFO - Sync 1 DAGs
[2023-11-28T01:10:35.105+0000] {logging_mixin.py:154} INFO - [2023-11-28T01:10:35.104+0000] {dag.py:3722} INFO - Setting next_dagrun for example_branch_operator to 2023-11-27T00:00:00+00:00, run_after=2023-11-28T00:00:00+00:00
[2023-11-28T01:10:35.128+0000] {processor.py:179} INFO - Processing /usr/local/lib/python3.10/dist-packages/airflow/example_dags/example_branch_operator.py took 0.083 seconds
[2023-11-28T01:11:22.613+0000] {processor.py:157} INFO - Started process (PID=6380) to work on /usr/local/lib/python3.10/dist-packages/airflow/example_dags/example_branch_operator.py
[2023-11-28T01:11:22.615+0000] {processor.py:829} INFO - Processing file /usr/local/lib/python3.10/dist-packages/airflow/example_dags/example_branch_operator.py for tasks to queue
[2023-11-28T01:11:22.616+0000] {logging_mixin.py:154} INFO - [2023-11-28T01:11:22.615+0000] {dagbag.py:536} INFO - Filling up the DagBag from /usr/local/lib/python3.10/dist-packages/airflow/example_dags/example_branch_operator.py
[2023-11-28T01:11:22.626+0000] {processor.py:839} INFO - DAG(s) dict_keys(['example_branch_operator']) retrieved from /usr/local/lib/python3.10/dist-packages/airflow/example_dags/example_branch_operator.py
[2023-11-28T01:11:22.646+0000] {logging_mixin.py:154} INFO - [2023-11-28T01:11:22.646+0000] {dag.py:2941} INFO - Sync 1 DAGs
[2023-11-28T01:11:22.670+0000] {logging_mixin.py:154} INFO - [2023-11-28T01:11:22.670+0000] {dag.py:3722} INFO - Setting next_dagrun for example_branch_operator to 2023-11-27T00:00:00+00:00, run_after=2023-11-28T00:00:00+00:00
[2023-11-28T01:11:22.692+0000] {processor.py:179} INFO - Processing /usr/local/lib/python3.10/dist-packages/airflow/example_dags/example_branch_operator.py took 0.083 seconds
[2023-11-28T01:12:07.810+0000] {processor.py:157} INFO - Started process (PID=6426) to work on /usr/local/lib/python3.10/dist-packages/airflow/example_dags/example_branch_operator.py
[2023-11-28T01:12:07.812+0000] {processor.py:829} INFO - Processing file /usr/local/lib/python3.10/dist-packages/airflow/example_dags/example_branch_operator.py for tasks to queue
[2023-11-28T01:12:07.813+0000] {logging_mixin.py:154} INFO - [2023-11-28T01:12:07.812+0000] {dagbag.py:536} INFO - Filling up the DagBag from /usr/local/lib/python3.10/dist-packages/airflow/example_dags/example_branch_operator.py
[2023-11-28T01:12:07.823+0000] {processor.py:839} INFO - DAG(s) dict_keys(['example_branch_operator']) retrieved from /usr/local/lib/python3.10/dist-packages/airflow/example_dags/example_branch_operator.py
[2023-11-28T01:12:07.844+0000] {logging_mixin.py:154} INFO - [2023-11-28T01:12:07.844+0000] {dag.py:2941} INFO - Sync 1 DAGs
[2023-11-28T01:12:07.868+0000] {logging_mixin.py:154} INFO - [2023-11-28T01:12:07.868+0000] {dag.py:3722} INFO - Setting next_dagrun for example_branch_operator to 2023-11-27T00:00:00+00:00, run_after=2023-11-28T00:00:00+00:00
[2023-11-28T01:12:07.891+0000] {processor.py:179} INFO - Processing /usr/local/lib/python3.10/dist-packages/airflow/example_dags/example_branch_operator.py took 0.085 seconds
[2023-11-28T01:12:51.400+0000] {processor.py:157} INFO - Started process (PID=6473) to work on /usr/local/lib/python3.10/dist-packages/airflow/example_dags/example_branch_operator.py
[2023-11-28T01:12:51.402+0000] {processor.py:829} INFO - Processing file /usr/local/lib/python3.10/dist-packages/airflow/example_dags/example_branch_operator.py for tasks to queue
[2023-11-28T01:12:51.403+0000] {logging_mixin.py:154} INFO - [2023-11-28T01:12:51.402+0000] {dagbag.py:536} INFO - Filling up the DagBag from /usr/local/lib/python3.10/dist-packages/airflow/example_dags/example_branch_operator.py
[2023-11-28T01:12:51.413+0000] {processor.py:839} INFO - DAG(s) dict_keys(['example_branch_operator']) retrieved from /usr/local/lib/python3.10/dist-packages/airflow/example_dags/example_branch_operator.py
[2023-11-28T01:12:51.433+0000] {logging_mixin.py:154} INFO - [2023-11-28T01:12:51.432+0000] {dag.py:2941} INFO - Sync 1 DAGs
[2023-11-28T01:12:51.456+0000] {logging_mixin.py:154} INFO - [2023-11-28T01:12:51.456+0000] {dag.py:3722} INFO - Setting next_dagrun for example_branch_operator to 2023-11-27T00:00:00+00:00, run_after=2023-11-28T00:00:00+00:00
[2023-11-28T01:12:51.479+0000] {processor.py:179} INFO - Processing /usr/local/lib/python3.10/dist-packages/airflow/example_dags/example_branch_operator.py took 0.082 seconds
[2023-11-28T01:13:35.568+0000] {processor.py:157} INFO - Started process (PID=6517) to work on /usr/local/lib/python3.10/dist-packages/airflow/example_dags/example_branch_operator.py
[2023-11-28T01:13:35.569+0000] {processor.py:829} INFO - Processing file /usr/local/lib/python3.10/dist-packages/airflow/example_dags/example_branch_operator.py for tasks to queue
[2023-11-28T01:13:35.570+0000] {logging_mixin.py:154} INFO - [2023-11-28T01:13:35.569+0000] {dagbag.py:536} INFO - Filling up the DagBag from /usr/local/lib/python3.10/dist-packages/airflow/example_dags/example_branch_operator.py
[2023-11-28T01:13:35.580+0000] {processor.py:839} INFO - DAG(s) dict_keys(['example_branch_operator']) retrieved from /usr/local/lib/python3.10/dist-packages/airflow/example_dags/example_branch_operator.py
[2023-11-28T01:13:35.600+0000] {logging_mixin.py:154} INFO - [2023-11-28T01:13:35.600+0000] {dag.py:2941} INFO - Sync 1 DAGs
[2023-11-28T01:13:35.623+0000] {logging_mixin.py:154} INFO - [2023-11-28T01:13:35.623+0000] {dag.py:3722} INFO - Setting next_dagrun for example_branch_operator to 2023-11-27T00:00:00+00:00, run_after=2023-11-28T00:00:00+00:00
[2023-11-28T01:13:35.645+0000] {processor.py:179} INFO - Processing /usr/local/lib/python3.10/dist-packages/airflow/example_dags/example_branch_operator.py took 0.081 seconds
[2023-11-28T01:14:28.326+0000] {processor.py:157} INFO - Started process (PID=6571) to work on /usr/local/lib/python3.10/dist-packages/airflow/example_dags/example_branch_operator.py
[2023-11-28T01:14:28.327+0000] {processor.py:829} INFO - Processing file /usr/local/lib/python3.10/dist-packages/airflow/example_dags/example_branch_operator.py for tasks to queue
[2023-11-28T01:14:28.328+0000] {logging_mixin.py:154} INFO - [2023-11-28T01:14:28.328+0000] {dagbag.py:536} INFO - Filling up the DagBag from /usr/local/lib/python3.10/dist-packages/airflow/example_dags/example_branch_operator.py
[2023-11-28T01:14:28.339+0000] {processor.py:839} INFO - DAG(s) dict_keys(['example_branch_operator']) retrieved from /usr/local/lib/python3.10/dist-packages/airflow/example_dags/example_branch_operator.py
[2023-11-28T01:14:28.358+0000] {logging_mixin.py:154} INFO - [2023-11-28T01:14:28.358+0000] {dag.py:2941} INFO - Sync 1 DAGs
[2023-11-28T01:14:28.381+0000] {logging_mixin.py:154} INFO - [2023-11-28T01:14:28.380+0000] {dag.py:3722} INFO - Setting next_dagrun for example_branch_operator to 2023-11-27T00:00:00+00:00, run_after=2023-11-28T00:00:00+00:00
[2023-11-28T01:14:28.403+0000] {processor.py:179} INFO - Processing /usr/local/lib/python3.10/dist-packages/airflow/example_dags/example_branch_operator.py took 0.081 seconds
[2023-11-28T01:15:34.072+0000] {processor.py:157} INFO - Started process (PID=6649) to work on /usr/local/lib/python3.10/dist-packages/airflow/example_dags/example_branch_operator.py
[2023-11-28T01:15:34.074+0000] {processor.py:829} INFO - Processing file /usr/local/lib/python3.10/dist-packages/airflow/example_dags/example_branch_operator.py for tasks to queue
[2023-11-28T01:15:34.075+0000] {logging_mixin.py:154} INFO - [2023-11-28T01:15:34.074+0000] {dagbag.py:536} INFO - Filling up the DagBag from /usr/local/lib/python3.10/dist-packages/airflow/example_dags/example_branch_operator.py
[2023-11-28T01:15:34.087+0000] {processor.py:839} INFO - DAG(s) dict_keys(['example_branch_operator']) retrieved from /usr/local/lib/python3.10/dist-packages/airflow/example_dags/example_branch_operator.py
[2023-11-28T01:15:34.107+0000] {logging_mixin.py:154} INFO - [2023-11-28T01:15:34.107+0000] {dag.py:2941} INFO - Sync 1 DAGs
[2023-11-28T01:15:34.131+0000] {logging_mixin.py:154} INFO - [2023-11-28T01:15:34.131+0000] {dag.py:3722} INFO - Setting next_dagrun for example_branch_operator to 2023-11-27T00:00:00+00:00, run_after=2023-11-28T00:00:00+00:00
[2023-11-28T01:15:34.156+0000] {processor.py:179} INFO - Processing /usr/local/lib/python3.10/dist-packages/airflow/example_dags/example_branch_operator.py took 0.088 seconds
[2023-11-28T01:16:18.922+0000] {processor.py:157} INFO - Started process (PID=6695) to work on /usr/local/lib/python3.10/dist-packages/airflow/example_dags/example_branch_operator.py
[2023-11-28T01:16:18.923+0000] {processor.py:829} INFO - Processing file /usr/local/lib/python3.10/dist-packages/airflow/example_dags/example_branch_operator.py for tasks to queue
[2023-11-28T01:16:18.924+0000] {logging_mixin.py:154} INFO - [2023-11-28T01:16:18.923+0000] {dagbag.py:536} INFO - Filling up the DagBag from /usr/local/lib/python3.10/dist-packages/airflow/example_dags/example_branch_operator.py
[2023-11-28T01:16:18.934+0000] {processor.py:839} INFO - DAG(s) dict_keys(['example_branch_operator']) retrieved from /usr/local/lib/python3.10/dist-packages/airflow/example_dags/example_branch_operator.py
[2023-11-28T01:16:18.954+0000] {logging_mixin.py:154} INFO - [2023-11-28T01:16:18.954+0000] {dag.py:2941} INFO - Sync 1 DAGs
[2023-11-28T01:16:18.977+0000] {logging_mixin.py:154} INFO - [2023-11-28T01:16:18.977+0000] {dag.py:3722} INFO - Setting next_dagrun for example_branch_operator to 2023-11-27T00:00:00+00:00, run_after=2023-11-28T00:00:00+00:00
[2023-11-28T01:16:19.000+0000] {processor.py:179} INFO - Processing /usr/local/lib/python3.10/dist-packages/airflow/example_dags/example_branch_operator.py took 0.082 seconds
[2023-11-28T01:17:05.919+0000] {processor.py:157} INFO - Started process (PID=6752) to work on /usr/local/lib/python3.10/dist-packages/airflow/example_dags/example_branch_operator.py
[2023-11-28T01:17:05.920+0000] {processor.py:829} INFO - Processing file /usr/local/lib/python3.10/dist-packages/airflow/example_dags/example_branch_operator.py for tasks to queue
[2023-11-28T01:17:05.921+0000] {logging_mixin.py:154} INFO - [2023-11-28T01:17:05.921+0000] {dagbag.py:536} INFO - Filling up the DagBag from /usr/local/lib/python3.10/dist-packages/airflow/example_dags/example_branch_operator.py
[2023-11-28T01:17:05.932+0000] {processor.py:839} INFO - DAG(s) dict_keys(['example_branch_operator']) retrieved from /usr/local/lib/python3.10/dist-packages/airflow/example_dags/example_branch_operator.py
[2023-11-28T01:17:05.952+0000] {logging_mixin.py:154} INFO - [2023-11-28T01:17:05.951+0000] {dag.py:2941} INFO - Sync 1 DAGs
[2023-11-28T01:17:05.974+0000] {logging_mixin.py:154} INFO - [2023-11-28T01:17:05.974+0000] {dag.py:3722} INFO - Setting next_dagrun for example_branch_operator to 2023-11-27T00:00:00+00:00, run_after=2023-11-28T00:00:00+00:00
[2023-11-28T01:17:05.997+0000] {processor.py:179} INFO - Processing /usr/local/lib/python3.10/dist-packages/airflow/example_dags/example_branch_operator.py took 0.081 seconds
[2023-11-28T01:17:56.053+0000] {processor.py:157} INFO - Started process (PID=6802) to work on /usr/local/lib/python3.10/dist-packages/airflow/example_dags/example_branch_operator.py
[2023-11-28T01:17:56.054+0000] {processor.py:829} INFO - Processing file /usr/local/lib/python3.10/dist-packages/airflow/example_dags/example_branch_operator.py for tasks to queue
[2023-11-28T01:17:56.055+0000] {logging_mixin.py:154} INFO - [2023-11-28T01:17:56.055+0000] {dagbag.py:536} INFO - Filling up the DagBag from /usr/local/lib/python3.10/dist-packages/airflow/example_dags/example_branch_operator.py
[2023-11-28T01:17:56.066+0000] {processor.py:839} INFO - DAG(s) dict_keys(['example_branch_operator']) retrieved from /usr/local/lib/python3.10/dist-packages/airflow/example_dags/example_branch_operator.py
[2023-11-28T01:17:56.085+0000] {logging_mixin.py:154} INFO - [2023-11-28T01:17:56.085+0000] {dag.py:2941} INFO - Sync 1 DAGs
[2023-11-28T01:17:56.109+0000] {logging_mixin.py:154} INFO - [2023-11-28T01:17:56.109+0000] {dag.py:3722} INFO - Setting next_dagrun for example_branch_operator to 2023-11-27T00:00:00+00:00, run_after=2023-11-28T00:00:00+00:00
[2023-11-28T01:17:56.131+0000] {processor.py:179} INFO - Processing /usr/local/lib/python3.10/dist-packages/airflow/example_dags/example_branch_operator.py took 0.082 seconds
[2023-11-28T01:18:40.518+0000] {processor.py:157} INFO - Started process (PID=6848) to work on /usr/local/lib/python3.10/dist-packages/airflow/example_dags/example_branch_operator.py
[2023-11-28T01:18:40.519+0000] {processor.py:829} INFO - Processing file /usr/local/lib/python3.10/dist-packages/airflow/example_dags/example_branch_operator.py for tasks to queue
[2023-11-28T01:18:40.520+0000] {logging_mixin.py:154} INFO - [2023-11-28T01:18:40.520+0000] {dagbag.py:536} INFO - Filling up the DagBag from /usr/local/lib/python3.10/dist-packages/airflow/example_dags/example_branch_operator.py
[2023-11-28T01:18:40.531+0000] {processor.py:839} INFO - DAG(s) dict_keys(['example_branch_operator']) retrieved from /usr/local/lib/python3.10/dist-packages/airflow/example_dags/example_branch_operator.py
[2023-11-28T01:18:40.550+0000] {logging_mixin.py:154} INFO - [2023-11-28T01:18:40.550+0000] {dag.py:2941} INFO - Sync 1 DAGs
[2023-11-28T01:18:40.573+0000] {logging_mixin.py:154} INFO - [2023-11-28T01:18:40.572+0000] {dag.py:3722} INFO - Setting next_dagrun for example_branch_operator to 2023-11-27T00:00:00+00:00, run_after=2023-11-28T00:00:00+00:00
[2023-11-28T01:18:40.594+0000] {processor.py:179} INFO - Processing /usr/local/lib/python3.10/dist-packages/airflow/example_dags/example_branch_operator.py took 0.079 seconds
[2023-11-28T01:19:26.091+0000] {processor.py:157} INFO - Started process (PID=6953) to work on /usr/local/lib/python3.10/dist-packages/airflow/example_dags/example_branch_operator.py
[2023-11-28T01:19:26.093+0000] {processor.py:829} INFO - Processing file /usr/local/lib/python3.10/dist-packages/airflow/example_dags/example_branch_operator.py for tasks to queue
[2023-11-28T01:19:26.094+0000] {logging_mixin.py:154} INFO - [2023-11-28T01:19:26.093+0000] {dagbag.py:536} INFO - Filling up the DagBag from /usr/local/lib/python3.10/dist-packages/airflow/example_dags/example_branch_operator.py
[2023-11-28T01:19:26.104+0000] {processor.py:839} INFO - DAG(s) dict_keys(['example_branch_operator']) retrieved from /usr/local/lib/python3.10/dist-packages/airflow/example_dags/example_branch_operator.py
[2023-11-28T01:19:26.124+0000] {logging_mixin.py:154} INFO - [2023-11-28T01:19:26.124+0000] {dag.py:2941} INFO - Sync 1 DAGs
[2023-11-28T01:19:26.147+0000] {logging_mixin.py:154} INFO - [2023-11-28T01:19:26.146+0000] {dag.py:3722} INFO - Setting next_dagrun for example_branch_operator to 2023-11-27T00:00:00+00:00, run_after=2023-11-28T00:00:00+00:00
[2023-11-28T01:19:26.167+0000] {processor.py:179} INFO - Processing /usr/local/lib/python3.10/dist-packages/airflow/example_dags/example_branch_operator.py took 0.080 seconds
