[2023-11-28T00:45:03.080+0000] {processor.py:157} INFO - Started process (PID=3454) to work on /usr/local/lib/python3.10/dist-packages/airflow/example_dags/example_complex.py
[2023-11-28T00:45:03.081+0000] {processor.py:829} INFO - Processing file /usr/local/lib/python3.10/dist-packages/airflow/example_dags/example_complex.py for tasks to queue
[2023-11-28T00:45:03.082+0000] {logging_mixin.py:154} INFO - [2023-11-28T00:45:03.081+0000] {dagbag.py:536} INFO - Filling up the DagBag from /usr/local/lib/python3.10/dist-packages/airflow/example_dags/example_complex.py
[2023-11-28T00:45:03.094+0000] {processor.py:839} INFO - DAG(s) dict_keys(['example_complex']) retrieved from /usr/local/lib/python3.10/dist-packages/airflow/example_dags/example_complex.py
[2023-11-28T00:45:03.219+0000] {logging_mixin.py:154} INFO - [2023-11-28T00:45:03.218+0000] {manager.py:499} INFO - Created Permission View: %s
[2023-11-28T00:45:03.234+0000] {logging_mixin.py:154} INFO - [2023-11-28T00:45:03.233+0000] {manager.py:499} INFO - Created Permission View: %s
[2023-11-28T00:45:03.282+0000] {logging_mixin.py:154} INFO - [2023-11-28T00:45:03.281+0000] {manager.py:499} INFO - Created Permission View: %s
[2023-11-28T00:45:03.282+0000] {logging_mixin.py:154} INFO - [2023-11-28T00:45:03.282+0000] {dag.py:2941} INFO - Sync 1 DAGs
[2023-11-28T00:45:03.294+0000] {logging_mixin.py:154} INFO - [2023-11-28T00:45:03.293+0000] {dag.py:2963} INFO - Creating ORM DAG for example_complex
[2023-11-28T00:45:03.294+0000] {logging_mixin.py:154} INFO - [2023-11-28T00:45:03.294+0000] {dag.py:3722} INFO - Setting next_dagrun for example_complex to None, run_after=None
[2023-11-28T00:45:03.318+0000] {processor.py:179} INFO - Processing /usr/local/lib/python3.10/dist-packages/airflow/example_dags/example_complex.py took 0.242 seconds
[2023-11-28T00:46:01.249+0000] {processor.py:157} INFO - Started process (PID=3587) to work on /usr/local/lib/python3.10/dist-packages/airflow/example_dags/example_complex.py
[2023-11-28T00:46:01.251+0000] {processor.py:829} INFO - Processing file /usr/local/lib/python3.10/dist-packages/airflow/example_dags/example_complex.py for tasks to queue
[2023-11-28T00:46:01.252+0000] {logging_mixin.py:154} INFO - [2023-11-28T00:46:01.251+0000] {dagbag.py:536} INFO - Filling up the DagBag from /usr/local/lib/python3.10/dist-packages/airflow/example_dags/example_complex.py
[2023-11-28T00:46:01.264+0000] {processor.py:839} INFO - DAG(s) dict_keys(['example_complex']) retrieved from /usr/local/lib/python3.10/dist-packages/airflow/example_dags/example_complex.py
[2023-11-28T00:46:01.292+0000] {logging_mixin.py:154} INFO - [2023-11-28T00:46:01.292+0000] {dag.py:2941} INFO - Sync 1 DAGs
[2023-11-28T00:46:01.306+0000] {logging_mixin.py:154} INFO - [2023-11-28T00:46:01.305+0000] {dag.py:3722} INFO - Setting next_dagrun for example_complex to None, run_after=None
[2023-11-28T00:46:01.330+0000] {processor.py:179} INFO - Processing /usr/local/lib/python3.10/dist-packages/airflow/example_dags/example_complex.py took 0.085 seconds
[2023-11-28T00:46:44.632+0000] {processor.py:157} INFO - Started process (PID=3633) to work on /usr/local/lib/python3.10/dist-packages/airflow/example_dags/example_complex.py
[2023-11-28T00:46:44.633+0000] {processor.py:829} INFO - Processing file /usr/local/lib/python3.10/dist-packages/airflow/example_dags/example_complex.py for tasks to queue
[2023-11-28T00:46:44.634+0000] {logging_mixin.py:154} INFO - [2023-11-28T00:46:44.633+0000] {dagbag.py:536} INFO - Filling up the DagBag from /usr/local/lib/python3.10/dist-packages/airflow/example_dags/example_complex.py
[2023-11-28T00:46:44.646+0000] {processor.py:839} INFO - DAG(s) dict_keys(['example_complex']) retrieved from /usr/local/lib/python3.10/dist-packages/airflow/example_dags/example_complex.py
[2023-11-28T00:46:44.674+0000] {logging_mixin.py:154} INFO - [2023-11-28T00:46:44.674+0000] {dag.py:2941} INFO - Sync 1 DAGs
[2023-11-28T00:46:44.687+0000] {logging_mixin.py:154} INFO - [2023-11-28T00:46:44.687+0000] {dag.py:3722} INFO - Setting next_dagrun for example_complex to None, run_after=None
[2023-11-28T00:46:44.709+0000] {processor.py:179} INFO - Processing /usr/local/lib/python3.10/dist-packages/airflow/example_dags/example_complex.py took 0.081 seconds
[2023-11-28T00:47:28.880+0000] {processor.py:157} INFO - Started process (PID=3685) to work on /usr/local/lib/python3.10/dist-packages/airflow/example_dags/example_complex.py
[2023-11-28T00:47:28.881+0000] {processor.py:829} INFO - Processing file /usr/local/lib/python3.10/dist-packages/airflow/example_dags/example_complex.py for tasks to queue
[2023-11-28T00:47:28.882+0000] {logging_mixin.py:154} INFO - [2023-11-28T00:47:28.881+0000] {dagbag.py:536} INFO - Filling up the DagBag from /usr/local/lib/python3.10/dist-packages/airflow/example_dags/example_complex.py
[2023-11-28T00:47:28.894+0000] {processor.py:839} INFO - DAG(s) dict_keys(['example_complex']) retrieved from /usr/local/lib/python3.10/dist-packages/airflow/example_dags/example_complex.py
[2023-11-28T00:47:28.923+0000] {logging_mixin.py:154} INFO - [2023-11-28T00:47:28.922+0000] {dag.py:2941} INFO - Sync 1 DAGs
[2023-11-28T00:47:28.936+0000] {logging_mixin.py:154} INFO - [2023-11-28T00:47:28.936+0000] {dag.py:3722} INFO - Setting next_dagrun for example_complex to None, run_after=None
[2023-11-28T00:47:28.959+0000] {processor.py:179} INFO - Processing /usr/local/lib/python3.10/dist-packages/airflow/example_dags/example_complex.py took 0.083 seconds
[2023-11-28T00:48:16.160+0000] {processor.py:157} INFO - Started process (PID=3732) to work on /usr/local/lib/python3.10/dist-packages/airflow/example_dags/example_complex.py
[2023-11-28T00:48:16.161+0000] {processor.py:829} INFO - Processing file /usr/local/lib/python3.10/dist-packages/airflow/example_dags/example_complex.py for tasks to queue
[2023-11-28T00:48:16.162+0000] {logging_mixin.py:154} INFO - [2023-11-28T00:48:16.162+0000] {dagbag.py:536} INFO - Filling up the DagBag from /usr/local/lib/python3.10/dist-packages/airflow/example_dags/example_complex.py
[2023-11-28T00:48:16.174+0000] {processor.py:839} INFO - DAG(s) dict_keys(['example_complex']) retrieved from /usr/local/lib/python3.10/dist-packages/airflow/example_dags/example_complex.py
[2023-11-28T00:48:16.202+0000] {logging_mixin.py:154} INFO - [2023-11-28T00:48:16.201+0000] {dag.py:2941} INFO - Sync 1 DAGs
[2023-11-28T00:48:16.214+0000] {logging_mixin.py:154} INFO - [2023-11-28T00:48:16.214+0000] {dag.py:3722} INFO - Setting next_dagrun for example_complex to None, run_after=None
[2023-11-28T00:48:16.236+0000] {processor.py:179} INFO - Processing /usr/local/lib/python3.10/dist-packages/airflow/example_dags/example_complex.py took 0.080 seconds
[2023-11-28T00:49:02.656+0000] {processor.py:157} INFO - Started process (PID=3780) to work on /usr/local/lib/python3.10/dist-packages/airflow/example_dags/example_complex.py
[2023-11-28T00:49:02.657+0000] {processor.py:829} INFO - Processing file /usr/local/lib/python3.10/dist-packages/airflow/example_dags/example_complex.py for tasks to queue
[2023-11-28T00:49:02.658+0000] {logging_mixin.py:154} INFO - [2023-11-28T00:49:02.657+0000] {dagbag.py:536} INFO - Filling up the DagBag from /usr/local/lib/python3.10/dist-packages/airflow/example_dags/example_complex.py
[2023-11-28T00:49:02.670+0000] {processor.py:839} INFO - DAG(s) dict_keys(['example_complex']) retrieved from /usr/local/lib/python3.10/dist-packages/airflow/example_dags/example_complex.py
[2023-11-28T00:49:02.698+0000] {logging_mixin.py:154} INFO - [2023-11-28T00:49:02.698+0000] {dag.py:2941} INFO - Sync 1 DAGs
[2023-11-28T00:49:02.710+0000] {logging_mixin.py:154} INFO - [2023-11-28T00:49:02.710+0000] {dag.py:3722} INFO - Setting next_dagrun for example_complex to None, run_after=None
[2023-11-28T00:49:02.733+0000] {processor.py:179} INFO - Processing /usr/local/lib/python3.10/dist-packages/airflow/example_dags/example_complex.py took 0.081 seconds
[2023-11-28T00:49:56.926+0000] {processor.py:157} INFO - Started process (PID=3838) to work on /usr/local/lib/python3.10/dist-packages/airflow/example_dags/example_complex.py
[2023-11-28T00:49:56.927+0000] {processor.py:829} INFO - Processing file /usr/local/lib/python3.10/dist-packages/airflow/example_dags/example_complex.py for tasks to queue
[2023-11-28T00:49:56.928+0000] {logging_mixin.py:154} INFO - [2023-11-28T00:49:56.928+0000] {dagbag.py:536} INFO - Filling up the DagBag from /usr/local/lib/python3.10/dist-packages/airflow/example_dags/example_complex.py
[2023-11-28T00:49:56.940+0000] {processor.py:839} INFO - DAG(s) dict_keys(['example_complex']) retrieved from /usr/local/lib/python3.10/dist-packages/airflow/example_dags/example_complex.py
[2023-11-28T00:49:56.968+0000] {logging_mixin.py:154} INFO - [2023-11-28T00:49:56.967+0000] {dag.py:2941} INFO - Sync 1 DAGs
[2023-11-28T00:49:56.980+0000] {logging_mixin.py:154} INFO - [2023-11-28T00:49:56.980+0000] {dag.py:3722} INFO - Setting next_dagrun for example_complex to None, run_after=None
[2023-11-28T00:49:57.001+0000] {processor.py:179} INFO - Processing /usr/local/lib/python3.10/dist-packages/airflow/example_dags/example_complex.py took 0.079 seconds
[2023-11-28T00:50:44.137+0000] {processor.py:157} INFO - Started process (PID=3886) to work on /usr/local/lib/python3.10/dist-packages/airflow/example_dags/example_complex.py
[2023-11-28T00:50:44.138+0000] {processor.py:829} INFO - Processing file /usr/local/lib/python3.10/dist-packages/airflow/example_dags/example_complex.py for tasks to queue
[2023-11-28T00:50:44.139+0000] {logging_mixin.py:154} INFO - [2023-11-28T00:50:44.139+0000] {dagbag.py:536} INFO - Filling up the DagBag from /usr/local/lib/python3.10/dist-packages/airflow/example_dags/example_complex.py
[2023-11-28T00:50:44.151+0000] {processor.py:839} INFO - DAG(s) dict_keys(['example_complex']) retrieved from /usr/local/lib/python3.10/dist-packages/airflow/example_dags/example_complex.py
[2023-11-28T00:50:44.179+0000] {logging_mixin.py:154} INFO - [2023-11-28T00:50:44.179+0000] {dag.py:2941} INFO - Sync 1 DAGs
[2023-11-28T00:50:44.191+0000] {logging_mixin.py:154} INFO - [2023-11-28T00:50:44.191+0000] {dag.py:3722} INFO - Setting next_dagrun for example_complex to None, run_after=None
[2023-11-28T00:50:44.213+0000] {processor.py:179} INFO - Processing /usr/local/lib/python3.10/dist-packages/airflow/example_dags/example_complex.py took 0.079 seconds
[2023-11-28T00:51:30.556+0000] {processor.py:157} INFO - Started process (PID=3934) to work on /usr/local/lib/python3.10/dist-packages/airflow/example_dags/example_complex.py
[2023-11-28T00:51:30.557+0000] {processor.py:829} INFO - Processing file /usr/local/lib/python3.10/dist-packages/airflow/example_dags/example_complex.py for tasks to queue
[2023-11-28T00:51:30.558+0000] {logging_mixin.py:154} INFO - [2023-11-28T00:51:30.558+0000] {dagbag.py:536} INFO - Filling up the DagBag from /usr/local/lib/python3.10/dist-packages/airflow/example_dags/example_complex.py
[2023-11-28T00:51:30.570+0000] {processor.py:839} INFO - DAG(s) dict_keys(['example_complex']) retrieved from /usr/local/lib/python3.10/dist-packages/airflow/example_dags/example_complex.py
[2023-11-28T00:51:30.598+0000] {logging_mixin.py:154} INFO - [2023-11-28T00:51:30.598+0000] {dag.py:2941} INFO - Sync 1 DAGs
[2023-11-28T00:51:30.610+0000] {logging_mixin.py:154} INFO - [2023-11-28T00:51:30.610+0000] {dag.py:3722} INFO - Setting next_dagrun for example_complex to None, run_after=None
[2023-11-28T00:51:30.632+0000] {processor.py:179} INFO - Processing /usr/local/lib/python3.10/dist-packages/airflow/example_dags/example_complex.py took 0.080 seconds
[2023-11-28T00:52:16.730+0000] {processor.py:157} INFO - Started process (PID=4151) to work on /usr/local/lib/python3.10/dist-packages/airflow/example_dags/example_complex.py
[2023-11-28T00:52:16.731+0000] {processor.py:829} INFO - Processing file /usr/local/lib/python3.10/dist-packages/airflow/example_dags/example_complex.py for tasks to queue
[2023-11-28T00:52:16.732+0000] {logging_mixin.py:154} INFO - [2023-11-28T00:52:16.732+0000] {dagbag.py:536} INFO - Filling up the DagBag from /usr/local/lib/python3.10/dist-packages/airflow/example_dags/example_complex.py
[2023-11-28T00:52:16.744+0000] {processor.py:839} INFO - DAG(s) dict_keys(['example_complex']) retrieved from /usr/local/lib/python3.10/dist-packages/airflow/example_dags/example_complex.py
[2023-11-28T00:52:16.773+0000] {logging_mixin.py:154} INFO - [2023-11-28T00:52:16.773+0000] {dag.py:2941} INFO - Sync 1 DAGs
[2023-11-28T00:52:16.786+0000] {logging_mixin.py:154} INFO - [2023-11-28T00:52:16.785+0000] {dag.py:3722} INFO - Setting next_dagrun for example_complex to None, run_after=None
[2023-11-28T00:52:16.809+0000] {processor.py:179} INFO - Processing /usr/local/lib/python3.10/dist-packages/airflow/example_dags/example_complex.py took 0.083 seconds
[2023-11-28T00:53:03.878+0000] {processor.py:157} INFO - Started process (PID=4414) to work on /usr/local/lib/python3.10/dist-packages/airflow/example_dags/example_complex.py
[2023-11-28T00:53:03.880+0000] {processor.py:829} INFO - Processing file /usr/local/lib/python3.10/dist-packages/airflow/example_dags/example_complex.py for tasks to queue
[2023-11-28T00:53:03.880+0000] {logging_mixin.py:154} INFO - [2023-11-28T00:53:03.880+0000] {dagbag.py:536} INFO - Filling up the DagBag from /usr/local/lib/python3.10/dist-packages/airflow/example_dags/example_complex.py
[2023-11-28T00:53:03.892+0000] {processor.py:839} INFO - DAG(s) dict_keys(['example_complex']) retrieved from /usr/local/lib/python3.10/dist-packages/airflow/example_dags/example_complex.py
[2023-11-28T00:53:03.921+0000] {logging_mixin.py:154} INFO - [2023-11-28T00:53:03.921+0000] {dag.py:2941} INFO - Sync 1 DAGs
[2023-11-28T00:53:03.934+0000] {logging_mixin.py:154} INFO - [2023-11-28T00:53:03.933+0000] {dag.py:3722} INFO - Setting next_dagrun for example_complex to None, run_after=None
[2023-11-28T00:53:03.956+0000] {processor.py:179} INFO - Processing /usr/local/lib/python3.10/dist-packages/airflow/example_dags/example_complex.py took 0.081 seconds
[2023-11-28T00:53:50.036+0000] {processor.py:157} INFO - Started process (PID=4690) to work on /usr/local/lib/python3.10/dist-packages/airflow/example_dags/example_complex.py
[2023-11-28T00:53:50.038+0000] {processor.py:829} INFO - Processing file /usr/local/lib/python3.10/dist-packages/airflow/example_dags/example_complex.py for tasks to queue
[2023-11-28T00:53:50.039+0000] {logging_mixin.py:154} INFO - [2023-11-28T00:53:50.038+0000] {dagbag.py:536} INFO - Filling up the DagBag from /usr/local/lib/python3.10/dist-packages/airflow/example_dags/example_complex.py
[2023-11-28T00:53:50.052+0000] {processor.py:839} INFO - DAG(s) dict_keys(['example_complex']) retrieved from /usr/local/lib/python3.10/dist-packages/airflow/example_dags/example_complex.py
[2023-11-28T00:53:50.081+0000] {logging_mixin.py:154} INFO - [2023-11-28T00:53:50.080+0000] {dag.py:2941} INFO - Sync 1 DAGs
[2023-11-28T00:53:50.094+0000] {logging_mixin.py:154} INFO - [2023-11-28T00:53:50.094+0000] {dag.py:3722} INFO - Setting next_dagrun for example_complex to None, run_after=None
[2023-11-28T00:53:50.117+0000] {processor.py:179} INFO - Processing /usr/local/lib/python3.10/dist-packages/airflow/example_dags/example_complex.py took 0.086 seconds
[2023-11-28T00:54:33.733+0000] {processor.py:157} INFO - Started process (PID=4901) to work on /usr/local/lib/python3.10/dist-packages/airflow/example_dags/example_complex.py
[2023-11-28T00:54:33.735+0000] {processor.py:829} INFO - Processing file /usr/local/lib/python3.10/dist-packages/airflow/example_dags/example_complex.py for tasks to queue
[2023-11-28T00:54:33.735+0000] {logging_mixin.py:154} INFO - [2023-11-28T00:54:33.735+0000] {dagbag.py:536} INFO - Filling up the DagBag from /usr/local/lib/python3.10/dist-packages/airflow/example_dags/example_complex.py
[2023-11-28T00:54:33.747+0000] {processor.py:839} INFO - DAG(s) dict_keys(['example_complex']) retrieved from /usr/local/lib/python3.10/dist-packages/airflow/example_dags/example_complex.py
[2023-11-28T00:54:33.775+0000] {logging_mixin.py:154} INFO - [2023-11-28T00:54:33.775+0000] {dag.py:2941} INFO - Sync 1 DAGs
[2023-11-28T00:54:33.787+0000] {logging_mixin.py:154} INFO - [2023-11-28T00:54:33.787+0000] {dag.py:3722} INFO - Setting next_dagrun for example_complex to None, run_after=None
[2023-11-28T00:54:33.811+0000] {processor.py:179} INFO - Processing /usr/local/lib/python3.10/dist-packages/airflow/example_dags/example_complex.py took 0.081 seconds
[2023-11-28T00:55:17.262+0000] {processor.py:157} INFO - Started process (PID=4947) to work on /usr/local/lib/python3.10/dist-packages/airflow/example_dags/example_complex.py
[2023-11-28T00:55:17.263+0000] {processor.py:829} INFO - Processing file /usr/local/lib/python3.10/dist-packages/airflow/example_dags/example_complex.py for tasks to queue
[2023-11-28T00:55:17.264+0000] {logging_mixin.py:154} INFO - [2023-11-28T00:55:17.263+0000] {dagbag.py:536} INFO - Filling up the DagBag from /usr/local/lib/python3.10/dist-packages/airflow/example_dags/example_complex.py
[2023-11-28T00:55:17.276+0000] {processor.py:839} INFO - DAG(s) dict_keys(['example_complex']) retrieved from /usr/local/lib/python3.10/dist-packages/airflow/example_dags/example_complex.py
[2023-11-28T00:55:17.303+0000] {logging_mixin.py:154} INFO - [2023-11-28T00:55:17.303+0000] {dag.py:2941} INFO - Sync 1 DAGs
[2023-11-28T00:55:17.315+0000] {logging_mixin.py:154} INFO - [2023-11-28T00:55:17.315+0000] {dag.py:3722} INFO - Setting next_dagrun for example_complex to None, run_after=None
[2023-11-28T00:55:17.338+0000] {processor.py:179} INFO - Processing /usr/local/lib/python3.10/dist-packages/airflow/example_dags/example_complex.py took 0.079 seconds
[2023-11-28T00:56:06.490+0000] {processor.py:157} INFO - Started process (PID=5275) to work on /usr/local/lib/python3.10/dist-packages/airflow/example_dags/example_complex.py
[2023-11-28T00:56:06.491+0000] {processor.py:829} INFO - Processing file /usr/local/lib/python3.10/dist-packages/airflow/example_dags/example_complex.py for tasks to queue
[2023-11-28T00:56:06.492+0000] {logging_mixin.py:154} INFO - [2023-11-28T00:56:06.491+0000] {dagbag.py:536} INFO - Filling up the DagBag from /usr/local/lib/python3.10/dist-packages/airflow/example_dags/example_complex.py
[2023-11-28T00:56:06.504+0000] {processor.py:839} INFO - DAG(s) dict_keys(['example_complex']) retrieved from /usr/local/lib/python3.10/dist-packages/airflow/example_dags/example_complex.py
[2023-11-28T00:56:06.531+0000] {logging_mixin.py:154} INFO - [2023-11-28T00:56:06.531+0000] {dag.py:2941} INFO - Sync 1 DAGs
[2023-11-28T00:56:06.544+0000] {logging_mixin.py:154} INFO - [2023-11-28T00:56:06.543+0000] {dag.py:3722} INFO - Setting next_dagrun for example_complex to None, run_after=None
[2023-11-28T00:56:06.566+0000] {processor.py:179} INFO - Processing /usr/local/lib/python3.10/dist-packages/airflow/example_dags/example_complex.py took 0.080 seconds
[2023-11-28T00:56:52.507+0000] {processor.py:157} INFO - Started process (PID=5363) to work on /usr/local/lib/python3.10/dist-packages/airflow/example_dags/example_complex.py
[2023-11-28T00:56:52.509+0000] {processor.py:829} INFO - Processing file /usr/local/lib/python3.10/dist-packages/airflow/example_dags/example_complex.py for tasks to queue
[2023-11-28T00:56:52.509+0000] {logging_mixin.py:154} INFO - [2023-11-28T00:56:52.509+0000] {dagbag.py:536} INFO - Filling up the DagBag from /usr/local/lib/python3.10/dist-packages/airflow/example_dags/example_complex.py
[2023-11-28T00:56:52.521+0000] {processor.py:839} INFO - DAG(s) dict_keys(['example_complex']) retrieved from /usr/local/lib/python3.10/dist-packages/airflow/example_dags/example_complex.py
[2023-11-28T00:56:52.549+0000] {logging_mixin.py:154} INFO - [2023-11-28T00:56:52.549+0000] {dag.py:2941} INFO - Sync 1 DAGs
[2023-11-28T00:56:52.561+0000] {logging_mixin.py:154} INFO - [2023-11-28T00:56:52.561+0000] {dag.py:3722} INFO - Setting next_dagrun for example_complex to None, run_after=None
[2023-11-28T00:56:52.586+0000] {processor.py:179} INFO - Processing /usr/local/lib/python3.10/dist-packages/airflow/example_dags/example_complex.py took 0.082 seconds
[2023-11-28T00:57:39.293+0000] {processor.py:157} INFO - Started process (PID=5413) to work on /usr/local/lib/python3.10/dist-packages/airflow/example_dags/example_complex.py
[2023-11-28T00:57:39.295+0000] {processor.py:829} INFO - Processing file /usr/local/lib/python3.10/dist-packages/airflow/example_dags/example_complex.py for tasks to queue
[2023-11-28T00:57:39.295+0000] {logging_mixin.py:154} INFO - [2023-11-28T00:57:39.295+0000] {dagbag.py:536} INFO - Filling up the DagBag from /usr/local/lib/python3.10/dist-packages/airflow/example_dags/example_complex.py
[2023-11-28T00:57:39.307+0000] {processor.py:839} INFO - DAG(s) dict_keys(['example_complex']) retrieved from /usr/local/lib/python3.10/dist-packages/airflow/example_dags/example_complex.py
[2023-11-28T00:57:39.334+0000] {logging_mixin.py:154} INFO - [2023-11-28T00:57:39.334+0000] {dag.py:2941} INFO - Sync 1 DAGs
[2023-11-28T00:57:39.346+0000] {logging_mixin.py:154} INFO - [2023-11-28T00:57:39.346+0000] {dag.py:3722} INFO - Setting next_dagrun for example_complex to None, run_after=None
[2023-11-28T00:57:39.370+0000] {processor.py:179} INFO - Processing /usr/local/lib/python3.10/dist-packages/airflow/example_dags/example_complex.py took 0.081 seconds
[2023-11-28T00:58:25.973+0000] {processor.py:157} INFO - Started process (PID=5461) to work on /usr/local/lib/python3.10/dist-packages/airflow/example_dags/example_complex.py
[2023-11-28T00:58:25.974+0000] {processor.py:829} INFO - Processing file /usr/local/lib/python3.10/dist-packages/airflow/example_dags/example_complex.py for tasks to queue
[2023-11-28T00:58:25.975+0000] {logging_mixin.py:154} INFO - [2023-11-28T00:58:25.975+0000] {dagbag.py:536} INFO - Filling up the DagBag from /usr/local/lib/python3.10/dist-packages/airflow/example_dags/example_complex.py
[2023-11-28T00:58:25.987+0000] {processor.py:839} INFO - DAG(s) dict_keys(['example_complex']) retrieved from /usr/local/lib/python3.10/dist-packages/airflow/example_dags/example_complex.py
[2023-11-28T00:58:26.015+0000] {logging_mixin.py:154} INFO - [2023-11-28T00:58:26.015+0000] {dag.py:2941} INFO - Sync 1 DAGs
[2023-11-28T00:58:26.027+0000] {logging_mixin.py:154} INFO - [2023-11-28T00:58:26.027+0000] {dag.py:3722} INFO - Setting next_dagrun for example_complex to None, run_after=None
[2023-11-28T00:58:26.049+0000] {processor.py:179} INFO - Processing /usr/local/lib/python3.10/dist-packages/airflow/example_dags/example_complex.py took 0.080 seconds
[2023-11-28T00:59:13.608+0000] {processor.py:157} INFO - Started process (PID=5509) to work on /usr/local/lib/python3.10/dist-packages/airflow/example_dags/example_complex.py
[2023-11-28T00:59:13.609+0000] {processor.py:829} INFO - Processing file /usr/local/lib/python3.10/dist-packages/airflow/example_dags/example_complex.py for tasks to queue
[2023-11-28T00:59:13.610+0000] {logging_mixin.py:154} INFO - [2023-11-28T00:59:13.610+0000] {dagbag.py:536} INFO - Filling up the DagBag from /usr/local/lib/python3.10/dist-packages/airflow/example_dags/example_complex.py
[2023-11-28T00:59:13.622+0000] {processor.py:839} INFO - DAG(s) dict_keys(['example_complex']) retrieved from /usr/local/lib/python3.10/dist-packages/airflow/example_dags/example_complex.py
[2023-11-28T00:59:13.650+0000] {logging_mixin.py:154} INFO - [2023-11-28T00:59:13.650+0000] {dag.py:2941} INFO - Sync 1 DAGs
[2023-11-28T00:59:13.663+0000] {logging_mixin.py:154} INFO - [2023-11-28T00:59:13.662+0000] {dag.py:3722} INFO - Setting next_dagrun for example_complex to None, run_after=None
[2023-11-28T00:59:13.685+0000] {processor.py:179} INFO - Processing /usr/local/lib/python3.10/dist-packages/airflow/example_dags/example_complex.py took 0.080 seconds
[2023-11-28T00:59:56.747+0000] {processor.py:157} INFO - Started process (PID=5555) to work on /usr/local/lib/python3.10/dist-packages/airflow/example_dags/example_complex.py
[2023-11-28T00:59:56.748+0000] {processor.py:829} INFO - Processing file /usr/local/lib/python3.10/dist-packages/airflow/example_dags/example_complex.py for tasks to queue
[2023-11-28T00:59:56.749+0000] {logging_mixin.py:154} INFO - [2023-11-28T00:59:56.748+0000] {dagbag.py:536} INFO - Filling up the DagBag from /usr/local/lib/python3.10/dist-packages/airflow/example_dags/example_complex.py
[2023-11-28T00:59:56.761+0000] {processor.py:839} INFO - DAG(s) dict_keys(['example_complex']) retrieved from /usr/local/lib/python3.10/dist-packages/airflow/example_dags/example_complex.py
[2023-11-28T00:59:56.788+0000] {logging_mixin.py:154} INFO - [2023-11-28T00:59:56.788+0000] {dag.py:2941} INFO - Sync 1 DAGs
[2023-11-28T00:59:56.801+0000] {logging_mixin.py:154} INFO - [2023-11-28T00:59:56.801+0000] {dag.py:3722} INFO - Setting next_dagrun for example_complex to None, run_after=None
[2023-11-28T00:59:56.822+0000] {processor.py:179} INFO - Processing /usr/local/lib/python3.10/dist-packages/airflow/example_dags/example_complex.py took 0.079 seconds
[2023-11-28T01:00:41.463+0000] {processor.py:157} INFO - Started process (PID=5601) to work on /usr/local/lib/python3.10/dist-packages/airflow/example_dags/example_complex.py
[2023-11-28T01:00:41.464+0000] {processor.py:829} INFO - Processing file /usr/local/lib/python3.10/dist-packages/airflow/example_dags/example_complex.py for tasks to queue
[2023-11-28T01:00:41.465+0000] {logging_mixin.py:154} INFO - [2023-11-28T01:00:41.465+0000] {dagbag.py:536} INFO - Filling up the DagBag from /usr/local/lib/python3.10/dist-packages/airflow/example_dags/example_complex.py
[2023-11-28T01:00:41.477+0000] {processor.py:839} INFO - DAG(s) dict_keys(['example_complex']) retrieved from /usr/local/lib/python3.10/dist-packages/airflow/example_dags/example_complex.py
[2023-11-28T01:00:41.506+0000] {logging_mixin.py:154} INFO - [2023-11-28T01:00:41.506+0000] {dag.py:2941} INFO - Sync 1 DAGs
[2023-11-28T01:00:41.519+0000] {logging_mixin.py:154} INFO - [2023-11-28T01:00:41.518+0000] {dag.py:3722} INFO - Setting next_dagrun for example_complex to None, run_after=None
[2023-11-28T01:00:41.543+0000] {processor.py:179} INFO - Processing /usr/local/lib/python3.10/dist-packages/airflow/example_dags/example_complex.py took 0.084 seconds
[2023-11-28T01:01:26.667+0000] {processor.py:157} INFO - Started process (PID=5649) to work on /usr/local/lib/python3.10/dist-packages/airflow/example_dags/example_complex.py
[2023-11-28T01:01:26.669+0000] {processor.py:829} INFO - Processing file /usr/local/lib/python3.10/dist-packages/airflow/example_dags/example_complex.py for tasks to queue
[2023-11-28T01:01:26.669+0000] {logging_mixin.py:154} INFO - [2023-11-28T01:01:26.669+0000] {dagbag.py:536} INFO - Filling up the DagBag from /usr/local/lib/python3.10/dist-packages/airflow/example_dags/example_complex.py
[2023-11-28T01:01:26.682+0000] {processor.py:839} INFO - DAG(s) dict_keys(['example_complex']) retrieved from /usr/local/lib/python3.10/dist-packages/airflow/example_dags/example_complex.py
[2023-11-28T01:01:26.710+0000] {logging_mixin.py:154} INFO - [2023-11-28T01:01:26.710+0000] {dag.py:2941} INFO - Sync 1 DAGs
[2023-11-28T01:01:26.723+0000] {logging_mixin.py:154} INFO - [2023-11-28T01:01:26.723+0000] {dag.py:3722} INFO - Setting next_dagrun for example_complex to None, run_after=None
[2023-11-28T01:01:26.748+0000] {processor.py:179} INFO - Processing /usr/local/lib/python3.10/dist-packages/airflow/example_dags/example_complex.py took 0.085 seconds
[2023-11-28T01:02:10.674+0000] {processor.py:157} INFO - Started process (PID=5695) to work on /usr/local/lib/python3.10/dist-packages/airflow/example_dags/example_complex.py
[2023-11-28T01:02:10.676+0000] {processor.py:829} INFO - Processing file /usr/local/lib/python3.10/dist-packages/airflow/example_dags/example_complex.py for tasks to queue
[2023-11-28T01:02:10.677+0000] {logging_mixin.py:154} INFO - [2023-11-28T01:02:10.676+0000] {dagbag.py:536} INFO - Filling up the DagBag from /usr/local/lib/python3.10/dist-packages/airflow/example_dags/example_complex.py
[2023-11-28T01:02:10.689+0000] {processor.py:839} INFO - DAG(s) dict_keys(['example_complex']) retrieved from /usr/local/lib/python3.10/dist-packages/airflow/example_dags/example_complex.py
[2023-11-28T01:02:10.717+0000] {logging_mixin.py:154} INFO - [2023-11-28T01:02:10.716+0000] {dag.py:2941} INFO - Sync 1 DAGs
[2023-11-28T01:02:10.729+0000] {logging_mixin.py:154} INFO - [2023-11-28T01:02:10.729+0000] {dag.py:3722} INFO - Setting next_dagrun for example_complex to None, run_after=None
[2023-11-28T01:02:10.751+0000] {processor.py:179} INFO - Processing /usr/local/lib/python3.10/dist-packages/airflow/example_dags/example_complex.py took 0.080 seconds
[2023-11-28T01:02:55.207+0000] {processor.py:157} INFO - Started process (PID=5741) to work on /usr/local/lib/python3.10/dist-packages/airflow/example_dags/example_complex.py
[2023-11-28T01:02:55.208+0000] {processor.py:829} INFO - Processing file /usr/local/lib/python3.10/dist-packages/airflow/example_dags/example_complex.py for tasks to queue
[2023-11-28T01:02:55.209+0000] {logging_mixin.py:154} INFO - [2023-11-28T01:02:55.208+0000] {dagbag.py:536} INFO - Filling up the DagBag from /usr/local/lib/python3.10/dist-packages/airflow/example_dags/example_complex.py
[2023-11-28T01:02:55.220+0000] {processor.py:839} INFO - DAG(s) dict_keys(['example_complex']) retrieved from /usr/local/lib/python3.10/dist-packages/airflow/example_dags/example_complex.py
[2023-11-28T01:02:55.248+0000] {logging_mixin.py:154} INFO - [2023-11-28T01:02:55.248+0000] {dag.py:2941} INFO - Sync 1 DAGs
[2023-11-28T01:02:55.260+0000] {logging_mixin.py:154} INFO - [2023-11-28T01:02:55.260+0000] {dag.py:3722} INFO - Setting next_dagrun for example_complex to None, run_after=None
[2023-11-28T01:02:55.283+0000] {processor.py:179} INFO - Processing /usr/local/lib/python3.10/dist-packages/airflow/example_dags/example_complex.py took 0.080 seconds
[2023-11-28T01:03:41.543+0000] {processor.py:157} INFO - Started process (PID=5901) to work on /usr/local/lib/python3.10/dist-packages/airflow/example_dags/example_complex.py
[2023-11-28T01:03:41.544+0000] {processor.py:829} INFO - Processing file /usr/local/lib/python3.10/dist-packages/airflow/example_dags/example_complex.py for tasks to queue
[2023-11-28T01:03:41.545+0000] {logging_mixin.py:154} INFO - [2023-11-28T01:03:41.544+0000] {dagbag.py:536} INFO - Filling up the DagBag from /usr/local/lib/python3.10/dist-packages/airflow/example_dags/example_complex.py
[2023-11-28T01:03:41.557+0000] {processor.py:839} INFO - DAG(s) dict_keys(['example_complex']) retrieved from /usr/local/lib/python3.10/dist-packages/airflow/example_dags/example_complex.py
[2023-11-28T01:03:41.584+0000] {logging_mixin.py:154} INFO - [2023-11-28T01:03:41.584+0000] {dag.py:2941} INFO - Sync 1 DAGs
[2023-11-28T01:03:41.596+0000] {logging_mixin.py:154} INFO - [2023-11-28T01:03:41.596+0000] {dag.py:3722} INFO - Setting next_dagrun for example_complex to None, run_after=None
[2023-11-28T01:03:41.618+0000] {processor.py:179} INFO - Processing /usr/local/lib/python3.10/dist-packages/airflow/example_dags/example_complex.py took 0.079 seconds
[2023-11-28T01:04:26.874+0000] {processor.py:157} INFO - Started process (PID=5949) to work on /usr/local/lib/python3.10/dist-packages/airflow/example_dags/example_complex.py
[2023-11-28T01:04:26.875+0000] {processor.py:829} INFO - Processing file /usr/local/lib/python3.10/dist-packages/airflow/example_dags/example_complex.py for tasks to queue
[2023-11-28T01:04:26.876+0000] {logging_mixin.py:154} INFO - [2023-11-28T01:04:26.876+0000] {dagbag.py:536} INFO - Filling up the DagBag from /usr/local/lib/python3.10/dist-packages/airflow/example_dags/example_complex.py
[2023-11-28T01:04:26.888+0000] {processor.py:839} INFO - DAG(s) dict_keys(['example_complex']) retrieved from /usr/local/lib/python3.10/dist-packages/airflow/example_dags/example_complex.py
[2023-11-28T01:04:26.917+0000] {logging_mixin.py:154} INFO - [2023-11-28T01:04:26.917+0000] {dag.py:2941} INFO - Sync 1 DAGs
[2023-11-28T01:04:26.930+0000] {logging_mixin.py:154} INFO - [2023-11-28T01:04:26.930+0000] {dag.py:3722} INFO - Setting next_dagrun for example_complex to None, run_after=None
[2023-11-28T01:04:26.954+0000] {processor.py:179} INFO - Processing /usr/local/lib/python3.10/dist-packages/airflow/example_dags/example_complex.py took 0.084 seconds
[2023-11-28T01:05:11.476+0000] {processor.py:157} INFO - Started process (PID=5996) to work on /usr/local/lib/python3.10/dist-packages/airflow/example_dags/example_complex.py
[2023-11-28T01:05:11.478+0000] {processor.py:829} INFO - Processing file /usr/local/lib/python3.10/dist-packages/airflow/example_dags/example_complex.py for tasks to queue
[2023-11-28T01:05:11.478+0000] {logging_mixin.py:154} INFO - [2023-11-28T01:05:11.478+0000] {dagbag.py:536} INFO - Filling up the DagBag from /usr/local/lib/python3.10/dist-packages/airflow/example_dags/example_complex.py
[2023-11-28T01:05:11.491+0000] {processor.py:839} INFO - DAG(s) dict_keys(['example_complex']) retrieved from /usr/local/lib/python3.10/dist-packages/airflow/example_dags/example_complex.py
[2023-11-28T01:05:11.519+0000] {logging_mixin.py:154} INFO - [2023-11-28T01:05:11.519+0000] {dag.py:2941} INFO - Sync 1 DAGs
[2023-11-28T01:05:11.532+0000] {logging_mixin.py:154} INFO - [2023-11-28T01:05:11.531+0000] {dag.py:3722} INFO - Setting next_dagrun for example_complex to None, run_after=None
[2023-11-28T01:05:11.557+0000] {processor.py:179} INFO - Processing /usr/local/lib/python3.10/dist-packages/airflow/example_dags/example_complex.py took 0.085 seconds
[2023-11-28T01:05:57.793+0000] {processor.py:157} INFO - Started process (PID=6044) to work on /usr/local/lib/python3.10/dist-packages/airflow/example_dags/example_complex.py
[2023-11-28T01:05:57.794+0000] {processor.py:829} INFO - Processing file /usr/local/lib/python3.10/dist-packages/airflow/example_dags/example_complex.py for tasks to queue
[2023-11-28T01:05:57.795+0000] {logging_mixin.py:154} INFO - [2023-11-28T01:05:57.794+0000] {dagbag.py:536} INFO - Filling up the DagBag from /usr/local/lib/python3.10/dist-packages/airflow/example_dags/example_complex.py
[2023-11-28T01:05:57.807+0000] {processor.py:839} INFO - DAG(s) dict_keys(['example_complex']) retrieved from /usr/local/lib/python3.10/dist-packages/airflow/example_dags/example_complex.py
[2023-11-28T01:05:57.837+0000] {logging_mixin.py:154} INFO - [2023-11-28T01:05:57.837+0000] {dag.py:2941} INFO - Sync 1 DAGs
[2023-11-28T01:05:57.850+0000] {logging_mixin.py:154} INFO - [2023-11-28T01:05:57.850+0000] {dag.py:3722} INFO - Setting next_dagrun for example_complex to None, run_after=None
[2023-11-28T01:05:57.873+0000] {processor.py:179} INFO - Processing /usr/local/lib/python3.10/dist-packages/airflow/example_dags/example_complex.py took 0.084 seconds
[2023-11-28T01:06:44.296+0000] {processor.py:157} INFO - Started process (PID=6092) to work on /usr/local/lib/python3.10/dist-packages/airflow/example_dags/example_complex.py
[2023-11-28T01:06:44.297+0000] {processor.py:829} INFO - Processing file /usr/local/lib/python3.10/dist-packages/airflow/example_dags/example_complex.py for tasks to queue
[2023-11-28T01:06:44.298+0000] {logging_mixin.py:154} INFO - [2023-11-28T01:06:44.298+0000] {dagbag.py:536} INFO - Filling up the DagBag from /usr/local/lib/python3.10/dist-packages/airflow/example_dags/example_complex.py
[2023-11-28T01:06:44.310+0000] {processor.py:839} INFO - DAG(s) dict_keys(['example_complex']) retrieved from /usr/local/lib/python3.10/dist-packages/airflow/example_dags/example_complex.py
[2023-11-28T01:06:44.338+0000] {logging_mixin.py:154} INFO - [2023-11-28T01:06:44.338+0000] {dag.py:2941} INFO - Sync 1 DAGs
[2023-11-28T01:06:44.351+0000] {logging_mixin.py:154} INFO - [2023-11-28T01:06:44.351+0000] {dag.py:3722} INFO - Setting next_dagrun for example_complex to None, run_after=None
[2023-11-28T01:06:44.373+0000] {processor.py:179} INFO - Processing /usr/local/lib/python3.10/dist-packages/airflow/example_dags/example_complex.py took 0.081 seconds
[2023-11-28T01:07:32.296+0000] {processor.py:157} INFO - Started process (PID=6140) to work on /usr/local/lib/python3.10/dist-packages/airflow/example_dags/example_complex.py
[2023-11-28T01:07:32.298+0000] {processor.py:829} INFO - Processing file /usr/local/lib/python3.10/dist-packages/airflow/example_dags/example_complex.py for tasks to queue
[2023-11-28T01:07:32.298+0000] {logging_mixin.py:154} INFO - [2023-11-28T01:07:32.298+0000] {dagbag.py:536} INFO - Filling up the DagBag from /usr/local/lib/python3.10/dist-packages/airflow/example_dags/example_complex.py
[2023-11-28T01:07:32.310+0000] {processor.py:839} INFO - DAG(s) dict_keys(['example_complex']) retrieved from /usr/local/lib/python3.10/dist-packages/airflow/example_dags/example_complex.py
[2023-11-28T01:07:32.338+0000] {logging_mixin.py:154} INFO - [2023-11-28T01:07:32.338+0000] {dag.py:2941} INFO - Sync 1 DAGs
[2023-11-28T01:07:32.351+0000] {logging_mixin.py:154} INFO - [2023-11-28T01:07:32.350+0000] {dag.py:3722} INFO - Setting next_dagrun for example_complex to None, run_after=None
[2023-11-28T01:07:32.374+0000] {processor.py:179} INFO - Processing /usr/local/lib/python3.10/dist-packages/airflow/example_dags/example_complex.py took 0.082 seconds
[2023-11-28T01:08:21.039+0000] {processor.py:157} INFO - Started process (PID=6190) to work on /usr/local/lib/python3.10/dist-packages/airflow/example_dags/example_complex.py
[2023-11-28T01:08:21.040+0000] {processor.py:829} INFO - Processing file /usr/local/lib/python3.10/dist-packages/airflow/example_dags/example_complex.py for tasks to queue
[2023-11-28T01:08:21.041+0000] {logging_mixin.py:154} INFO - [2023-11-28T01:08:21.041+0000] {dagbag.py:536} INFO - Filling up the DagBag from /usr/local/lib/python3.10/dist-packages/airflow/example_dags/example_complex.py
[2023-11-28T01:08:21.053+0000] {processor.py:839} INFO - DAG(s) dict_keys(['example_complex']) retrieved from /usr/local/lib/python3.10/dist-packages/airflow/example_dags/example_complex.py
[2023-11-28T01:08:21.082+0000] {logging_mixin.py:154} INFO - [2023-11-28T01:08:21.082+0000] {dag.py:2941} INFO - Sync 1 DAGs
[2023-11-28T01:08:21.095+0000] {logging_mixin.py:154} INFO - [2023-11-28T01:08:21.095+0000] {dag.py:3722} INFO - Setting next_dagrun for example_complex to None, run_after=None
[2023-11-28T01:08:21.121+0000] {processor.py:179} INFO - Processing /usr/local/lib/python3.10/dist-packages/airflow/example_dags/example_complex.py took 0.086 seconds
[2023-11-28T01:09:04.619+0000] {processor.py:157} INFO - Started process (PID=6237) to work on /usr/local/lib/python3.10/dist-packages/airflow/example_dags/example_complex.py
[2023-11-28T01:09:04.620+0000] {processor.py:829} INFO - Processing file /usr/local/lib/python3.10/dist-packages/airflow/example_dags/example_complex.py for tasks to queue
[2023-11-28T01:09:04.621+0000] {logging_mixin.py:154} INFO - [2023-11-28T01:09:04.621+0000] {dagbag.py:536} INFO - Filling up the DagBag from /usr/local/lib/python3.10/dist-packages/airflow/example_dags/example_complex.py
[2023-11-28T01:09:04.633+0000] {processor.py:839} INFO - DAG(s) dict_keys(['example_complex']) retrieved from /usr/local/lib/python3.10/dist-packages/airflow/example_dags/example_complex.py
[2023-11-28T01:09:04.662+0000] {logging_mixin.py:154} INFO - [2023-11-28T01:09:04.662+0000] {dag.py:2941} INFO - Sync 1 DAGs
[2023-11-28T01:09:04.674+0000] {logging_mixin.py:154} INFO - [2023-11-28T01:09:04.674+0000] {dag.py:3722} INFO - Setting next_dagrun for example_complex to None, run_after=None
[2023-11-28T01:09:04.698+0000] {processor.py:179} INFO - Processing /usr/local/lib/python3.10/dist-packages/airflow/example_dags/example_complex.py took 0.082 seconds
[2023-11-28T01:09:46.558+0000] {processor.py:157} INFO - Started process (PID=6282) to work on /usr/local/lib/python3.10/dist-packages/airflow/example_dags/example_complex.py
[2023-11-28T01:09:46.559+0000] {processor.py:829} INFO - Processing file /usr/local/lib/python3.10/dist-packages/airflow/example_dags/example_complex.py for tasks to queue
[2023-11-28T01:09:46.560+0000] {logging_mixin.py:154} INFO - [2023-11-28T01:09:46.559+0000] {dagbag.py:536} INFO - Filling up the DagBag from /usr/local/lib/python3.10/dist-packages/airflow/example_dags/example_complex.py
[2023-11-28T01:09:46.572+0000] {processor.py:839} INFO - DAG(s) dict_keys(['example_complex']) retrieved from /usr/local/lib/python3.10/dist-packages/airflow/example_dags/example_complex.py
[2023-11-28T01:09:46.601+0000] {logging_mixin.py:154} INFO - [2023-11-28T01:09:46.601+0000] {dag.py:2941} INFO - Sync 1 DAGs
[2023-11-28T01:09:46.613+0000] {logging_mixin.py:154} INFO - [2023-11-28T01:09:46.613+0000] {dag.py:3722} INFO - Setting next_dagrun for example_complex to None, run_after=None
[2023-11-28T01:09:46.637+0000] {processor.py:179} INFO - Processing /usr/local/lib/python3.10/dist-packages/airflow/example_dags/example_complex.py took 0.083 seconds
[2023-11-28T01:10:33.904+0000] {processor.py:157} INFO - Started process (PID=6330) to work on /usr/local/lib/python3.10/dist-packages/airflow/example_dags/example_complex.py
[2023-11-28T01:10:33.905+0000] {processor.py:829} INFO - Processing file /usr/local/lib/python3.10/dist-packages/airflow/example_dags/example_complex.py for tasks to queue
[2023-11-28T01:10:33.906+0000] {logging_mixin.py:154} INFO - [2023-11-28T01:10:33.906+0000] {dagbag.py:536} INFO - Filling up the DagBag from /usr/local/lib/python3.10/dist-packages/airflow/example_dags/example_complex.py
[2023-11-28T01:10:33.918+0000] {processor.py:839} INFO - DAG(s) dict_keys(['example_complex']) retrieved from /usr/local/lib/python3.10/dist-packages/airflow/example_dags/example_complex.py
[2023-11-28T01:10:33.946+0000] {logging_mixin.py:154} INFO - [2023-11-28T01:10:33.946+0000] {dag.py:2941} INFO - Sync 1 DAGs
[2023-11-28T01:10:33.959+0000] {logging_mixin.py:154} INFO - [2023-11-28T01:10:33.958+0000] {dag.py:3722} INFO - Setting next_dagrun for example_complex to None, run_after=None
[2023-11-28T01:10:33.982+0000] {processor.py:179} INFO - Processing /usr/local/lib/python3.10/dist-packages/airflow/example_dags/example_complex.py took 0.082 seconds
[2023-11-28T01:11:21.474+0000] {processor.py:157} INFO - Started process (PID=6379) to work on /usr/local/lib/python3.10/dist-packages/airflow/example_dags/example_complex.py
[2023-11-28T01:11:21.476+0000] {processor.py:829} INFO - Processing file /usr/local/lib/python3.10/dist-packages/airflow/example_dags/example_complex.py for tasks to queue
[2023-11-28T01:11:21.477+0000] {logging_mixin.py:154} INFO - [2023-11-28T01:11:21.476+0000] {dagbag.py:536} INFO - Filling up the DagBag from /usr/local/lib/python3.10/dist-packages/airflow/example_dags/example_complex.py
[2023-11-28T01:11:21.489+0000] {processor.py:839} INFO - DAG(s) dict_keys(['example_complex']) retrieved from /usr/local/lib/python3.10/dist-packages/airflow/example_dags/example_complex.py
[2023-11-28T01:11:21.517+0000] {logging_mixin.py:154} INFO - [2023-11-28T01:11:21.517+0000] {dag.py:2941} INFO - Sync 1 DAGs
[2023-11-28T01:11:21.531+0000] {logging_mixin.py:154} INFO - [2023-11-28T01:11:21.530+0000] {dag.py:3722} INFO - Setting next_dagrun for example_complex to None, run_after=None
[2023-11-28T01:11:21.553+0000] {processor.py:179} INFO - Processing /usr/local/lib/python3.10/dist-packages/airflow/example_dags/example_complex.py took 0.082 seconds
[2023-11-28T01:12:06.670+0000] {processor.py:157} INFO - Started process (PID=6425) to work on /usr/local/lib/python3.10/dist-packages/airflow/example_dags/example_complex.py
[2023-11-28T01:12:06.671+0000] {processor.py:829} INFO - Processing file /usr/local/lib/python3.10/dist-packages/airflow/example_dags/example_complex.py for tasks to queue
[2023-11-28T01:12:06.672+0000] {logging_mixin.py:154} INFO - [2023-11-28T01:12:06.672+0000] {dagbag.py:536} INFO - Filling up the DagBag from /usr/local/lib/python3.10/dist-packages/airflow/example_dags/example_complex.py
[2023-11-28T01:12:06.684+0000] {processor.py:839} INFO - DAG(s) dict_keys(['example_complex']) retrieved from /usr/local/lib/python3.10/dist-packages/airflow/example_dags/example_complex.py
[2023-11-28T01:12:06.712+0000] {logging_mixin.py:154} INFO - [2023-11-28T01:12:06.712+0000] {dag.py:2941} INFO - Sync 1 DAGs
[2023-11-28T01:12:06.725+0000] {logging_mixin.py:154} INFO - [2023-11-28T01:12:06.725+0000] {dag.py:3722} INFO - Setting next_dagrun for example_complex to None, run_after=None
[2023-11-28T01:12:06.748+0000] {processor.py:179} INFO - Processing /usr/local/lib/python3.10/dist-packages/airflow/example_dags/example_complex.py took 0.082 seconds
[2023-11-28T01:12:50.261+0000] {processor.py:157} INFO - Started process (PID=6472) to work on /usr/local/lib/python3.10/dist-packages/airflow/example_dags/example_complex.py
[2023-11-28T01:12:50.262+0000] {processor.py:829} INFO - Processing file /usr/local/lib/python3.10/dist-packages/airflow/example_dags/example_complex.py for tasks to queue
[2023-11-28T01:12:50.263+0000] {logging_mixin.py:154} INFO - [2023-11-28T01:12:50.262+0000] {dagbag.py:536} INFO - Filling up the DagBag from /usr/local/lib/python3.10/dist-packages/airflow/example_dags/example_complex.py
[2023-11-28T01:12:50.275+0000] {processor.py:839} INFO - DAG(s) dict_keys(['example_complex']) retrieved from /usr/local/lib/python3.10/dist-packages/airflow/example_dags/example_complex.py
[2023-11-28T01:12:50.303+0000] {logging_mixin.py:154} INFO - [2023-11-28T01:12:50.302+0000] {dag.py:2941} INFO - Sync 1 DAGs
[2023-11-28T01:12:50.315+0000] {logging_mixin.py:154} INFO - [2023-11-28T01:12:50.315+0000] {dag.py:3722} INFO - Setting next_dagrun for example_complex to None, run_after=None
[2023-11-28T01:12:50.338+0000] {processor.py:179} INFO - Processing /usr/local/lib/python3.10/dist-packages/airflow/example_dags/example_complex.py took 0.081 seconds
[2023-11-28T01:13:34.427+0000] {processor.py:157} INFO - Started process (PID=6516) to work on /usr/local/lib/python3.10/dist-packages/airflow/example_dags/example_complex.py
[2023-11-28T01:13:34.429+0000] {processor.py:829} INFO - Processing file /usr/local/lib/python3.10/dist-packages/airflow/example_dags/example_complex.py for tasks to queue
[2023-11-28T01:13:34.430+0000] {logging_mixin.py:154} INFO - [2023-11-28T01:13:34.430+0000] {dagbag.py:536} INFO - Filling up the DagBag from /usr/local/lib/python3.10/dist-packages/airflow/example_dags/example_complex.py
[2023-11-28T01:13:34.443+0000] {processor.py:839} INFO - DAG(s) dict_keys(['example_complex']) retrieved from /usr/local/lib/python3.10/dist-packages/airflow/example_dags/example_complex.py
[2023-11-28T01:13:34.472+0000] {logging_mixin.py:154} INFO - [2023-11-28T01:13:34.472+0000] {dag.py:2941} INFO - Sync 1 DAGs
[2023-11-28T01:13:34.485+0000] {logging_mixin.py:154} INFO - [2023-11-28T01:13:34.485+0000] {dag.py:3722} INFO - Setting next_dagrun for example_complex to None, run_after=None
[2023-11-28T01:13:34.510+0000] {processor.py:179} INFO - Processing /usr/local/lib/python3.10/dist-packages/airflow/example_dags/example_complex.py took 0.086 seconds
[2023-11-28T01:14:27.186+0000] {processor.py:157} INFO - Started process (PID=6570) to work on /usr/local/lib/python3.10/dist-packages/airflow/example_dags/example_complex.py
[2023-11-28T01:14:27.187+0000] {processor.py:829} INFO - Processing file /usr/local/lib/python3.10/dist-packages/airflow/example_dags/example_complex.py for tasks to queue
[2023-11-28T01:14:27.188+0000] {logging_mixin.py:154} INFO - [2023-11-28T01:14:27.188+0000] {dagbag.py:536} INFO - Filling up the DagBag from /usr/local/lib/python3.10/dist-packages/airflow/example_dags/example_complex.py
[2023-11-28T01:14:27.201+0000] {processor.py:839} INFO - DAG(s) dict_keys(['example_complex']) retrieved from /usr/local/lib/python3.10/dist-packages/airflow/example_dags/example_complex.py
[2023-11-28T01:14:27.230+0000] {logging_mixin.py:154} INFO - [2023-11-28T01:14:27.229+0000] {dag.py:2941} INFO - Sync 1 DAGs
[2023-11-28T01:14:27.242+0000] {logging_mixin.py:154} INFO - [2023-11-28T01:14:27.242+0000] {dag.py:3722} INFO - Setting next_dagrun for example_complex to None, run_after=None
[2023-11-28T01:14:27.265+0000] {processor.py:179} INFO - Processing /usr/local/lib/python3.10/dist-packages/airflow/example_dags/example_complex.py took 0.082 seconds
[2023-11-28T01:15:32.921+0000] {processor.py:157} INFO - Started process (PID=6648) to work on /usr/local/lib/python3.10/dist-packages/airflow/example_dags/example_complex.py
[2023-11-28T01:15:32.923+0000] {processor.py:829} INFO - Processing file /usr/local/lib/python3.10/dist-packages/airflow/example_dags/example_complex.py for tasks to queue
[2023-11-28T01:15:32.924+0000] {logging_mixin.py:154} INFO - [2023-11-28T01:15:32.924+0000] {dagbag.py:536} INFO - Filling up the DagBag from /usr/local/lib/python3.10/dist-packages/airflow/example_dags/example_complex.py
[2023-11-28T01:15:32.937+0000] {processor.py:839} INFO - DAG(s) dict_keys(['example_complex']) retrieved from /usr/local/lib/python3.10/dist-packages/airflow/example_dags/example_complex.py
[2023-11-28T01:15:32.965+0000] {logging_mixin.py:154} INFO - [2023-11-28T01:15:32.964+0000] {dag.py:2941} INFO - Sync 1 DAGs
[2023-11-28T01:15:32.977+0000] {logging_mixin.py:154} INFO - [2023-11-28T01:15:32.977+0000] {dag.py:3722} INFO - Setting next_dagrun for example_complex to None, run_after=None
[2023-11-28T01:15:33.001+0000] {processor.py:179} INFO - Processing /usr/local/lib/python3.10/dist-packages/airflow/example_dags/example_complex.py took 0.083 seconds
[2023-11-28T01:16:17.781+0000] {processor.py:157} INFO - Started process (PID=6694) to work on /usr/local/lib/python3.10/dist-packages/airflow/example_dags/example_complex.py
[2023-11-28T01:16:17.784+0000] {processor.py:829} INFO - Processing file /usr/local/lib/python3.10/dist-packages/airflow/example_dags/example_complex.py for tasks to queue
[2023-11-28T01:16:17.786+0000] {logging_mixin.py:154} INFO - [2023-11-28T01:16:17.785+0000] {dagbag.py:536} INFO - Filling up the DagBag from /usr/local/lib/python3.10/dist-packages/airflow/example_dags/example_complex.py
[2023-11-28T01:16:17.798+0000] {processor.py:839} INFO - DAG(s) dict_keys(['example_complex']) retrieved from /usr/local/lib/python3.10/dist-packages/airflow/example_dags/example_complex.py
[2023-11-28T01:16:17.826+0000] {logging_mixin.py:154} INFO - [2023-11-28T01:16:17.825+0000] {dag.py:2941} INFO - Sync 1 DAGs
[2023-11-28T01:16:17.839+0000] {logging_mixin.py:154} INFO - [2023-11-28T01:16:17.838+0000] {dag.py:3722} INFO - Setting next_dagrun for example_complex to None, run_after=None
[2023-11-28T01:16:17.865+0000] {processor.py:179} INFO - Processing /usr/local/lib/python3.10/dist-packages/airflow/example_dags/example_complex.py took 0.087 seconds
[2023-11-28T01:17:05.334+0000] {processor.py:157} INFO - Started process (PID=6751) to work on /usr/local/lib/python3.10/dist-packages/airflow/example_dags/example_complex.py
[2023-11-28T01:17:05.335+0000] {processor.py:829} INFO - Processing file /usr/local/lib/python3.10/dist-packages/airflow/example_dags/example_complex.py for tasks to queue
[2023-11-28T01:17:05.336+0000] {logging_mixin.py:154} INFO - [2023-11-28T01:17:05.336+0000] {dagbag.py:536} INFO - Filling up the DagBag from /usr/local/lib/python3.10/dist-packages/airflow/example_dags/example_complex.py
[2023-11-28T01:17:05.348+0000] {processor.py:839} INFO - DAG(s) dict_keys(['example_complex']) retrieved from /usr/local/lib/python3.10/dist-packages/airflow/example_dags/example_complex.py
[2023-11-28T01:17:05.376+0000] {logging_mixin.py:154} INFO - [2023-11-28T01:17:05.375+0000] {dag.py:2941} INFO - Sync 1 DAGs
[2023-11-28T01:17:05.388+0000] {logging_mixin.py:154} INFO - [2023-11-28T01:17:05.388+0000] {dag.py:3722} INFO - Setting next_dagrun for example_complex to None, run_after=None
[2023-11-28T01:17:05.411+0000] {processor.py:179} INFO - Processing /usr/local/lib/python3.10/dist-packages/airflow/example_dags/example_complex.py took 0.081 seconds
[2023-11-28T01:17:54.905+0000] {processor.py:157} INFO - Started process (PID=6801) to work on /usr/local/lib/python3.10/dist-packages/airflow/example_dags/example_complex.py
[2023-11-28T01:17:54.906+0000] {processor.py:829} INFO - Processing file /usr/local/lib/python3.10/dist-packages/airflow/example_dags/example_complex.py for tasks to queue
[2023-11-28T01:17:54.907+0000] {logging_mixin.py:154} INFO - [2023-11-28T01:17:54.907+0000] {dagbag.py:536} INFO - Filling up the DagBag from /usr/local/lib/python3.10/dist-packages/airflow/example_dags/example_complex.py
[2023-11-28T01:17:54.919+0000] {processor.py:839} INFO - DAG(s) dict_keys(['example_complex']) retrieved from /usr/local/lib/python3.10/dist-packages/airflow/example_dags/example_complex.py
[2023-11-28T01:17:54.947+0000] {logging_mixin.py:154} INFO - [2023-11-28T01:17:54.947+0000] {dag.py:2941} INFO - Sync 1 DAGs
[2023-11-28T01:17:54.960+0000] {logging_mixin.py:154} INFO - [2023-11-28T01:17:54.960+0000] {dag.py:3722} INFO - Setting next_dagrun for example_complex to None, run_after=None
[2023-11-28T01:17:54.983+0000] {processor.py:179} INFO - Processing /usr/local/lib/python3.10/dist-packages/airflow/example_dags/example_complex.py took 0.082 seconds
[2023-11-28T01:18:39.374+0000] {processor.py:157} INFO - Started process (PID=6847) to work on /usr/local/lib/python3.10/dist-packages/airflow/example_dags/example_complex.py
[2023-11-28T01:18:39.376+0000] {processor.py:829} INFO - Processing file /usr/local/lib/python3.10/dist-packages/airflow/example_dags/example_complex.py for tasks to queue
[2023-11-28T01:18:39.377+0000] {logging_mixin.py:154} INFO - [2023-11-28T01:18:39.376+0000] {dagbag.py:536} INFO - Filling up the DagBag from /usr/local/lib/python3.10/dist-packages/airflow/example_dags/example_complex.py
[2023-11-28T01:18:39.389+0000] {processor.py:839} INFO - DAG(s) dict_keys(['example_complex']) retrieved from /usr/local/lib/python3.10/dist-packages/airflow/example_dags/example_complex.py
[2023-11-28T01:18:39.417+0000] {logging_mixin.py:154} INFO - [2023-11-28T01:18:39.417+0000] {dag.py:2941} INFO - Sync 1 DAGs
[2023-11-28T01:18:39.429+0000] {logging_mixin.py:154} INFO - [2023-11-28T01:18:39.429+0000] {dag.py:3722} INFO - Setting next_dagrun for example_complex to None, run_after=None
[2023-11-28T01:18:39.451+0000] {processor.py:179} INFO - Processing /usr/local/lib/python3.10/dist-packages/airflow/example_dags/example_complex.py took 0.080 seconds
[2023-11-28T01:19:25.098+0000] {processor.py:157} INFO - Started process (PID=6898) to work on /usr/local/lib/python3.10/dist-packages/airflow/example_dags/example_complex.py
[2023-11-28T01:19:25.099+0000] {processor.py:829} INFO - Processing file /usr/local/lib/python3.10/dist-packages/airflow/example_dags/example_complex.py for tasks to queue
[2023-11-28T01:19:25.100+0000] {logging_mixin.py:154} INFO - [2023-11-28T01:19:25.100+0000] {dagbag.py:536} INFO - Filling up the DagBag from /usr/local/lib/python3.10/dist-packages/airflow/example_dags/example_complex.py
[2023-11-28T01:19:25.112+0000] {processor.py:839} INFO - DAG(s) dict_keys(['example_complex']) retrieved from /usr/local/lib/python3.10/dist-packages/airflow/example_dags/example_complex.py
[2023-11-28T01:19:25.140+0000] {logging_mixin.py:154} INFO - [2023-11-28T01:19:25.140+0000] {dag.py:2941} INFO - Sync 1 DAGs
[2023-11-28T01:19:25.157+0000] {logging_mixin.py:154} INFO - [2023-11-28T01:19:25.157+0000] {dag.py:3722} INFO - Setting next_dagrun for example_complex to None, run_after=None
[2023-11-28T01:19:25.179+0000] {processor.py:179} INFO - Processing /usr/local/lib/python3.10/dist-packages/airflow/example_dags/example_complex.py took 0.085 seconds
