[2023-11-28T00:44:29.755+0000] {processor.py:157} INFO - Started process (PID=3411) to work on /usr/local/lib/python3.10/dist-packages/airflow/example_dags/example_setup_teardown.py
[2023-11-28T00:44:29.756+0000] {processor.py:829} INFO - Processing file /usr/local/lib/python3.10/dist-packages/airflow/example_dags/example_setup_teardown.py for tasks to queue
[2023-11-28T00:44:29.757+0000] {logging_mixin.py:154} INFO - [2023-11-28T00:44:29.756+0000] {dagbag.py:536} INFO - Filling up the DagBag from /usr/local/lib/python3.10/dist-packages/airflow/example_dags/example_setup_teardown.py
[2023-11-28T00:44:29.767+0000] {processor.py:839} INFO - DAG(s) dict_keys(['example_setup_teardown']) retrieved from /usr/local/lib/python3.10/dist-packages/airflow/example_dags/example_setup_teardown.py
[2023-11-28T00:44:29.875+0000] {logging_mixin.py:154} INFO - [2023-11-28T00:44:29.874+0000] {manager.py:499} INFO - Created Permission View: %s
[2023-11-28T00:44:29.888+0000] {logging_mixin.py:154} INFO - [2023-11-28T00:44:29.887+0000] {manager.py:499} INFO - Created Permission View: %s
[2023-11-28T00:44:29.897+0000] {logging_mixin.py:154} INFO - [2023-11-28T00:44:29.897+0000] {manager.py:499} INFO - Created Permission View: %s
[2023-11-28T00:44:29.897+0000] {logging_mixin.py:154} INFO - [2023-11-28T00:44:29.897+0000] {dag.py:2941} INFO - Sync 1 DAGs
[2023-11-28T00:44:29.909+0000] {logging_mixin.py:154} INFO - [2023-11-28T00:44:29.909+0000] {dag.py:2963} INFO - Creating ORM DAG for example_setup_teardown
[2023-11-28T00:44:29.918+0000] {logging_mixin.py:154} INFO - [2023-11-28T00:44:29.918+0000] {dag.py:3722} INFO - Setting next_dagrun for example_setup_teardown to 2023-11-27T00:44:29.918409+00:00, run_after=2023-11-28T00:44:29.918409+00:00
[2023-11-28T00:44:29.941+0000] {processor.py:179} INFO - Processing /usr/local/lib/python3.10/dist-packages/airflow/example_dags/example_setup_teardown.py took 0.189 seconds
[2023-11-28T00:45:22.599+0000] {processor.py:157} INFO - Started process (PID=3545) to work on /usr/local/lib/python3.10/dist-packages/airflow/example_dags/example_setup_teardown.py
[2023-11-28T00:45:22.601+0000] {processor.py:829} INFO - Processing file /usr/local/lib/python3.10/dist-packages/airflow/example_dags/example_setup_teardown.py for tasks to queue
[2023-11-28T00:45:22.602+0000] {logging_mixin.py:154} INFO - [2023-11-28T00:45:22.601+0000] {dagbag.py:536} INFO - Filling up the DagBag from /usr/local/lib/python3.10/dist-packages/airflow/example_dags/example_setup_teardown.py
[2023-11-28T00:45:22.610+0000] {processor.py:839} INFO - DAG(s) dict_keys(['example_setup_teardown']) retrieved from /usr/local/lib/python3.10/dist-packages/airflow/example_dags/example_setup_teardown.py
[2023-11-28T00:45:22.627+0000] {logging_mixin.py:154} INFO - [2023-11-28T00:45:22.626+0000] {dag.py:2941} INFO - Sync 1 DAGs
[2023-11-28T00:45:22.655+0000] {logging_mixin.py:154} INFO - [2023-11-28T00:45:22.655+0000] {dag.py:3722} INFO - Setting next_dagrun for example_setup_teardown to 2023-11-27T00:45:22.655017+00:00, run_after=2023-11-28T00:45:22.655017+00:00
[2023-11-28T00:45:22.678+0000] {processor.py:179} INFO - Processing /usr/local/lib/python3.10/dist-packages/airflow/example_dags/example_setup_teardown.py took 0.082 seconds
[2023-11-28T00:46:08.679+0000] {processor.py:157} INFO - Started process (PID=3595) to work on /usr/local/lib/python3.10/dist-packages/airflow/example_dags/example_setup_teardown.py
[2023-11-28T00:46:08.680+0000] {processor.py:829} INFO - Processing file /usr/local/lib/python3.10/dist-packages/airflow/example_dags/example_setup_teardown.py for tasks to queue
[2023-11-28T00:46:08.681+0000] {logging_mixin.py:154} INFO - [2023-11-28T00:46:08.681+0000] {dagbag.py:536} INFO - Filling up the DagBag from /usr/local/lib/python3.10/dist-packages/airflow/example_dags/example_setup_teardown.py
[2023-11-28T00:46:08.690+0000] {processor.py:839} INFO - DAG(s) dict_keys(['example_setup_teardown']) retrieved from /usr/local/lib/python3.10/dist-packages/airflow/example_dags/example_setup_teardown.py
[2023-11-28T00:46:08.708+0000] {logging_mixin.py:154} INFO - [2023-11-28T00:46:08.708+0000] {dag.py:2941} INFO - Sync 1 DAGs
[2023-11-28T00:46:08.732+0000] {logging_mixin.py:154} INFO - [2023-11-28T00:46:08.732+0000] {dag.py:3722} INFO - Setting next_dagrun for example_setup_teardown to 2023-11-27T00:46:08.731872+00:00, run_after=2023-11-28T00:46:08.731872+00:00
[2023-11-28T00:46:08.757+0000] {processor.py:179} INFO - Processing /usr/local/lib/python3.10/dist-packages/airflow/example_dags/example_setup_teardown.py took 0.082 seconds
[2023-11-28T00:46:46.678+0000] {processor.py:157} INFO - Started process (PID=3636) to work on /usr/local/lib/python3.10/dist-packages/airflow/example_dags/example_setup_teardown.py
[2023-11-28T00:46:46.679+0000] {processor.py:829} INFO - Processing file /usr/local/lib/python3.10/dist-packages/airflow/example_dags/example_setup_teardown.py for tasks to queue
[2023-11-28T00:46:46.680+0000] {logging_mixin.py:154} INFO - [2023-11-28T00:46:46.679+0000] {dagbag.py:536} INFO - Filling up the DagBag from /usr/local/lib/python3.10/dist-packages/airflow/example_dags/example_setup_teardown.py
[2023-11-28T00:46:46.687+0000] {processor.py:839} INFO - DAG(s) dict_keys(['example_setup_teardown']) retrieved from /usr/local/lib/python3.10/dist-packages/airflow/example_dags/example_setup_teardown.py
[2023-11-28T00:46:46.705+0000] {logging_mixin.py:154} INFO - [2023-11-28T00:46:46.704+0000] {dag.py:2941} INFO - Sync 1 DAGs
[2023-11-28T00:46:46.725+0000] {logging_mixin.py:154} INFO - [2023-11-28T00:46:46.725+0000] {dag.py:3722} INFO - Setting next_dagrun for example_setup_teardown to 2023-11-27T00:46:46.724968+00:00, run_after=2023-11-28T00:46:46.724968+00:00
[2023-11-28T00:46:46.747+0000] {processor.py:179} INFO - Processing /usr/local/lib/python3.10/dist-packages/airflow/example_dags/example_setup_teardown.py took 0.073 seconds
[2023-11-28T00:47:31.270+0000] {processor.py:157} INFO - Started process (PID=3687) to work on /usr/local/lib/python3.10/dist-packages/airflow/example_dags/example_setup_teardown.py
[2023-11-28T00:47:31.271+0000] {processor.py:829} INFO - Processing file /usr/local/lib/python3.10/dist-packages/airflow/example_dags/example_setup_teardown.py for tasks to queue
[2023-11-28T00:47:31.272+0000] {logging_mixin.py:154} INFO - [2023-11-28T00:47:31.271+0000] {dagbag.py:536} INFO - Filling up the DagBag from /usr/local/lib/python3.10/dist-packages/airflow/example_dags/example_setup_teardown.py
[2023-11-28T00:47:31.280+0000] {processor.py:839} INFO - DAG(s) dict_keys(['example_setup_teardown']) retrieved from /usr/local/lib/python3.10/dist-packages/airflow/example_dags/example_setup_teardown.py
[2023-11-28T00:47:31.298+0000] {logging_mixin.py:154} INFO - [2023-11-28T00:47:31.297+0000] {dag.py:2941} INFO - Sync 1 DAGs
[2023-11-28T00:47:31.318+0000] {logging_mixin.py:154} INFO - [2023-11-28T00:47:31.318+0000] {dag.py:3722} INFO - Setting next_dagrun for example_setup_teardown to 2023-11-27T00:47:31.318145+00:00, run_after=2023-11-28T00:47:31.318145+00:00
[2023-11-28T00:47:31.342+0000] {processor.py:179} INFO - Processing /usr/local/lib/python3.10/dist-packages/airflow/example_dags/example_setup_teardown.py took 0.076 seconds
[2023-11-28T00:48:17.303+0000] {processor.py:157} INFO - Started process (PID=3733) to work on /usr/local/lib/python3.10/dist-packages/airflow/example_dags/example_setup_teardown.py
[2023-11-28T00:48:17.304+0000] {processor.py:829} INFO - Processing file /usr/local/lib/python3.10/dist-packages/airflow/example_dags/example_setup_teardown.py for tasks to queue
[2023-11-28T00:48:17.305+0000] {logging_mixin.py:154} INFO - [2023-11-28T00:48:17.305+0000] {dagbag.py:536} INFO - Filling up the DagBag from /usr/local/lib/python3.10/dist-packages/airflow/example_dags/example_setup_teardown.py
[2023-11-28T00:48:17.313+0000] {processor.py:839} INFO - DAG(s) dict_keys(['example_setup_teardown']) retrieved from /usr/local/lib/python3.10/dist-packages/airflow/example_dags/example_setup_teardown.py
[2023-11-28T00:48:17.330+0000] {logging_mixin.py:154} INFO - [2023-11-28T00:48:17.330+0000] {dag.py:2941} INFO - Sync 1 DAGs
[2023-11-28T00:48:17.351+0000] {logging_mixin.py:154} INFO - [2023-11-28T00:48:17.351+0000] {dag.py:3722} INFO - Setting next_dagrun for example_setup_teardown to 2023-11-27T00:48:17.350779+00:00, run_after=2023-11-28T00:48:17.350779+00:00
[2023-11-28T00:48:17.373+0000] {processor.py:179} INFO - Processing /usr/local/lib/python3.10/dist-packages/airflow/example_dags/example_setup_teardown.py took 0.074 seconds
[2023-11-28T00:48:58.582+0000] {processor.py:157} INFO - Started process (PID=3776) to work on /usr/local/lib/python3.10/dist-packages/airflow/example_dags/example_setup_teardown.py
[2023-11-28T00:48:58.583+0000] {processor.py:829} INFO - Processing file /usr/local/lib/python3.10/dist-packages/airflow/example_dags/example_setup_teardown.py for tasks to queue
[2023-11-28T00:48:58.584+0000] {logging_mixin.py:154} INFO - [2023-11-28T00:48:58.584+0000] {dagbag.py:536} INFO - Filling up the DagBag from /usr/local/lib/python3.10/dist-packages/airflow/example_dags/example_setup_teardown.py
[2023-11-28T00:48:58.592+0000] {processor.py:839} INFO - DAG(s) dict_keys(['example_setup_teardown']) retrieved from /usr/local/lib/python3.10/dist-packages/airflow/example_dags/example_setup_teardown.py
[2023-11-28T00:48:58.609+0000] {logging_mixin.py:154} INFO - [2023-11-28T00:48:58.609+0000] {dag.py:2941} INFO - Sync 1 DAGs
[2023-11-28T00:48:58.630+0000] {logging_mixin.py:154} INFO - [2023-11-28T00:48:58.629+0000] {dag.py:3722} INFO - Setting next_dagrun for example_setup_teardown to 2023-11-27T00:48:58.629653+00:00, run_after=2023-11-28T00:48:58.629653+00:00
[2023-11-28T00:48:58.652+0000] {processor.py:179} INFO - Processing /usr/local/lib/python3.10/dist-packages/airflow/example_dags/example_setup_teardown.py took 0.073 seconds
[2023-11-28T00:49:42.516+0000] {processor.py:157} INFO - Started process (PID=3823) to work on /usr/local/lib/python3.10/dist-packages/airflow/example_dags/example_setup_teardown.py
[2023-11-28T00:49:42.517+0000] {processor.py:829} INFO - Processing file /usr/local/lib/python3.10/dist-packages/airflow/example_dags/example_setup_teardown.py for tasks to queue
[2023-11-28T00:49:42.518+0000] {logging_mixin.py:154} INFO - [2023-11-28T00:49:42.518+0000] {dagbag.py:536} INFO - Filling up the DagBag from /usr/local/lib/python3.10/dist-packages/airflow/example_dags/example_setup_teardown.py
[2023-11-28T00:49:42.526+0000] {processor.py:839} INFO - DAG(s) dict_keys(['example_setup_teardown']) retrieved from /usr/local/lib/python3.10/dist-packages/airflow/example_dags/example_setup_teardown.py
[2023-11-28T00:49:42.543+0000] {logging_mixin.py:154} INFO - [2023-11-28T00:49:42.543+0000] {dag.py:2941} INFO - Sync 1 DAGs
[2023-11-28T00:49:42.564+0000] {logging_mixin.py:154} INFO - [2023-11-28T00:49:42.564+0000] {dag.py:3722} INFO - Setting next_dagrun for example_setup_teardown to 2023-11-27T00:49:42.564466+00:00, run_after=2023-11-28T00:49:42.564466+00:00
[2023-11-28T00:49:42.586+0000] {processor.py:179} INFO - Processing /usr/local/lib/python3.10/dist-packages/airflow/example_dags/example_setup_teardown.py took 0.073 seconds
[2023-11-28T00:50:27.713+0000] {processor.py:157} INFO - Started process (PID=3870) to work on /usr/local/lib/python3.10/dist-packages/airflow/example_dags/example_setup_teardown.py
[2023-11-28T00:50:27.715+0000] {processor.py:829} INFO - Processing file /usr/local/lib/python3.10/dist-packages/airflow/example_dags/example_setup_teardown.py for tasks to queue
[2023-11-28T00:50:27.716+0000] {logging_mixin.py:154} INFO - [2023-11-28T00:50:27.715+0000] {dagbag.py:536} INFO - Filling up the DagBag from /usr/local/lib/python3.10/dist-packages/airflow/example_dags/example_setup_teardown.py
[2023-11-28T00:50:27.724+0000] {processor.py:839} INFO - DAG(s) dict_keys(['example_setup_teardown']) retrieved from /usr/local/lib/python3.10/dist-packages/airflow/example_dags/example_setup_teardown.py
[2023-11-28T00:50:27.741+0000] {logging_mixin.py:154} INFO - [2023-11-28T00:50:27.741+0000] {dag.py:2941} INFO - Sync 1 DAGs
[2023-11-28T00:50:27.762+0000] {logging_mixin.py:154} INFO - [2023-11-28T00:50:27.762+0000] {dag.py:3722} INFO - Setting next_dagrun for example_setup_teardown to 2023-11-27T00:50:27.762252+00:00, run_after=2023-11-28T00:50:27.762252+00:00
[2023-11-28T00:50:27.786+0000] {processor.py:179} INFO - Processing /usr/local/lib/python3.10/dist-packages/airflow/example_dags/example_setup_teardown.py took 0.076 seconds
[2023-11-28T00:51:15.441+0000] {processor.py:157} INFO - Started process (PID=3918) to work on /usr/local/lib/python3.10/dist-packages/airflow/example_dags/example_setup_teardown.py
[2023-11-28T00:51:15.442+0000] {processor.py:829} INFO - Processing file /usr/local/lib/python3.10/dist-packages/airflow/example_dags/example_setup_teardown.py for tasks to queue
[2023-11-28T00:51:15.443+0000] {logging_mixin.py:154} INFO - [2023-11-28T00:51:15.443+0000] {dagbag.py:536} INFO - Filling up the DagBag from /usr/local/lib/python3.10/dist-packages/airflow/example_dags/example_setup_teardown.py
[2023-11-28T00:51:15.451+0000] {processor.py:839} INFO - DAG(s) dict_keys(['example_setup_teardown']) retrieved from /usr/local/lib/python3.10/dist-packages/airflow/example_dags/example_setup_teardown.py
[2023-11-28T00:51:15.468+0000] {logging_mixin.py:154} INFO - [2023-11-28T00:51:15.468+0000] {dag.py:2941} INFO - Sync 1 DAGs
[2023-11-28T00:51:15.489+0000] {logging_mixin.py:154} INFO - [2023-11-28T00:51:15.489+0000] {dag.py:3722} INFO - Setting next_dagrun for example_setup_teardown to 2023-11-27T00:51:15.489355+00:00, run_after=2023-11-28T00:51:15.489355+00:00
[2023-11-28T00:51:15.515+0000] {processor.py:179} INFO - Processing /usr/local/lib/python3.10/dist-packages/airflow/example_dags/example_setup_teardown.py took 0.078 seconds
[2023-11-28T00:52:01.782+0000] {processor.py:157} INFO - Started process (PID=3967) to work on /usr/local/lib/python3.10/dist-packages/airflow/example_dags/example_setup_teardown.py
[2023-11-28T00:52:01.784+0000] {processor.py:829} INFO - Processing file /usr/local/lib/python3.10/dist-packages/airflow/example_dags/example_setup_teardown.py for tasks to queue
[2023-11-28T00:52:01.785+0000] {logging_mixin.py:154} INFO - [2023-11-28T00:52:01.784+0000] {dagbag.py:536} INFO - Filling up the DagBag from /usr/local/lib/python3.10/dist-packages/airflow/example_dags/example_setup_teardown.py
[2023-11-28T00:52:01.793+0000] {processor.py:839} INFO - DAG(s) dict_keys(['example_setup_teardown']) retrieved from /usr/local/lib/python3.10/dist-packages/airflow/example_dags/example_setup_teardown.py
[2023-11-28T00:52:01.811+0000] {logging_mixin.py:154} INFO - [2023-11-28T00:52:01.810+0000] {dag.py:2941} INFO - Sync 1 DAGs
[2023-11-28T00:52:01.832+0000] {logging_mixin.py:154} INFO - [2023-11-28T00:52:01.832+0000] {dag.py:3722} INFO - Setting next_dagrun for example_setup_teardown to 2023-11-27T00:52:01.832186+00:00, run_after=2023-11-28T00:52:01.832186+00:00
[2023-11-28T00:52:01.856+0000] {processor.py:179} INFO - Processing /usr/local/lib/python3.10/dist-packages/airflow/example_dags/example_setup_teardown.py took 0.077 seconds
[2023-11-28T00:52:46.921+0000] {processor.py:157} INFO - Started process (PID=4385) to work on /usr/local/lib/python3.10/dist-packages/airflow/example_dags/example_setup_teardown.py
[2023-11-28T00:52:46.922+0000] {processor.py:829} INFO - Processing file /usr/local/lib/python3.10/dist-packages/airflow/example_dags/example_setup_teardown.py for tasks to queue
[2023-11-28T00:52:46.923+0000] {logging_mixin.py:154} INFO - [2023-11-28T00:52:46.923+0000] {dagbag.py:536} INFO - Filling up the DagBag from /usr/local/lib/python3.10/dist-packages/airflow/example_dags/example_setup_teardown.py
[2023-11-28T00:52:46.931+0000] {processor.py:839} INFO - DAG(s) dict_keys(['example_setup_teardown']) retrieved from /usr/local/lib/python3.10/dist-packages/airflow/example_dags/example_setup_teardown.py
[2023-11-28T00:52:46.948+0000] {logging_mixin.py:154} INFO - [2023-11-28T00:52:46.948+0000] {dag.py:2941} INFO - Sync 1 DAGs
[2023-11-28T00:52:46.969+0000] {logging_mixin.py:154} INFO - [2023-11-28T00:52:46.969+0000] {dag.py:3722} INFO - Setting next_dagrun for example_setup_teardown to 2023-11-27T00:52:46.968804+00:00, run_after=2023-11-28T00:52:46.968804+00:00
[2023-11-28T00:52:46.991+0000] {processor.py:179} INFO - Processing /usr/local/lib/python3.10/dist-packages/airflow/example_dags/example_setup_teardown.py took 0.074 seconds
[2023-11-28T00:53:34.249+0000] {processor.py:157} INFO - Started process (PID=4526) to work on /usr/local/lib/python3.10/dist-packages/airflow/example_dags/example_setup_teardown.py
[2023-11-28T00:53:34.250+0000] {processor.py:829} INFO - Processing file /usr/local/lib/python3.10/dist-packages/airflow/example_dags/example_setup_teardown.py for tasks to queue
[2023-11-28T00:53:34.251+0000] {logging_mixin.py:154} INFO - [2023-11-28T00:53:34.251+0000] {dagbag.py:536} INFO - Filling up the DagBag from /usr/local/lib/python3.10/dist-packages/airflow/example_dags/example_setup_teardown.py
[2023-11-28T00:53:34.259+0000] {processor.py:839} INFO - DAG(s) dict_keys(['example_setup_teardown']) retrieved from /usr/local/lib/python3.10/dist-packages/airflow/example_dags/example_setup_teardown.py
[2023-11-28T00:53:34.276+0000] {logging_mixin.py:154} INFO - [2023-11-28T00:53:34.276+0000] {dag.py:2941} INFO - Sync 1 DAGs
[2023-11-28T00:53:34.297+0000] {logging_mixin.py:154} INFO - [2023-11-28T00:53:34.297+0000] {dag.py:3722} INFO - Setting next_dagrun for example_setup_teardown to 2023-11-27T00:53:34.296949+00:00, run_after=2023-11-28T00:53:34.296949+00:00
[2023-11-28T00:53:34.320+0000] {processor.py:179} INFO - Processing /usr/local/lib/python3.10/dist-packages/airflow/example_dags/example_setup_teardown.py took 0.074 seconds
[2023-11-28T00:54:18.157+0000] {processor.py:157} INFO - Started process (PID=4886) to work on /usr/local/lib/python3.10/dist-packages/airflow/example_dags/example_setup_teardown.py
[2023-11-28T00:54:18.158+0000] {processor.py:829} INFO - Processing file /usr/local/lib/python3.10/dist-packages/airflow/example_dags/example_setup_teardown.py for tasks to queue
[2023-11-28T00:54:18.159+0000] {logging_mixin.py:154} INFO - [2023-11-28T00:54:18.159+0000] {dagbag.py:536} INFO - Filling up the DagBag from /usr/local/lib/python3.10/dist-packages/airflow/example_dags/example_setup_teardown.py
[2023-11-28T00:54:18.168+0000] {processor.py:839} INFO - DAG(s) dict_keys(['example_setup_teardown']) retrieved from /usr/local/lib/python3.10/dist-packages/airflow/example_dags/example_setup_teardown.py
[2023-11-28T00:54:18.185+0000] {logging_mixin.py:154} INFO - [2023-11-28T00:54:18.185+0000] {dag.py:2941} INFO - Sync 1 DAGs
[2023-11-28T00:54:18.207+0000] {logging_mixin.py:154} INFO - [2023-11-28T00:54:18.207+0000] {dag.py:3722} INFO - Setting next_dagrun for example_setup_teardown to 2023-11-27T00:54:18.207057+00:00, run_after=2023-11-28T00:54:18.207057+00:00
[2023-11-28T00:54:18.230+0000] {processor.py:179} INFO - Processing /usr/local/lib/python3.10/dist-packages/airflow/example_dags/example_setup_teardown.py took 0.077 seconds
[2023-11-28T00:55:00.961+0000] {processor.py:157} INFO - Started process (PID=4930) to work on /usr/local/lib/python3.10/dist-packages/airflow/example_dags/example_setup_teardown.py
[2023-11-28T00:55:00.962+0000] {processor.py:829} INFO - Processing file /usr/local/lib/python3.10/dist-packages/airflow/example_dags/example_setup_teardown.py for tasks to queue
[2023-11-28T00:55:00.963+0000] {logging_mixin.py:154} INFO - [2023-11-28T00:55:00.963+0000] {dagbag.py:536} INFO - Filling up the DagBag from /usr/local/lib/python3.10/dist-packages/airflow/example_dags/example_setup_teardown.py
[2023-11-28T00:55:00.972+0000] {processor.py:839} INFO - DAG(s) dict_keys(['example_setup_teardown']) retrieved from /usr/local/lib/python3.10/dist-packages/airflow/example_dags/example_setup_teardown.py
[2023-11-28T00:55:00.989+0000] {logging_mixin.py:154} INFO - [2023-11-28T00:55:00.989+0000] {dag.py:2941} INFO - Sync 1 DAGs
[2023-11-28T00:55:01.011+0000] {logging_mixin.py:154} INFO - [2023-11-28T00:55:01.010+0000] {dag.py:3722} INFO - Setting next_dagrun for example_setup_teardown to 2023-11-27T00:55:01.010717+00:00, run_after=2023-11-28T00:55:01.010717+00:00
[2023-11-28T00:55:01.034+0000] {processor.py:179} INFO - Processing /usr/local/lib/python3.10/dist-packages/airflow/example_dags/example_setup_teardown.py took 0.077 seconds
[2023-11-28T00:55:47.413+0000] {processor.py:157} INFO - Started process (PID=4983) to work on /usr/local/lib/python3.10/dist-packages/airflow/example_dags/example_setup_teardown.py
[2023-11-28T00:55:47.414+0000] {processor.py:829} INFO - Processing file /usr/local/lib/python3.10/dist-packages/airflow/example_dags/example_setup_teardown.py for tasks to queue
[2023-11-28T00:55:47.415+0000] {logging_mixin.py:154} INFO - [2023-11-28T00:55:47.414+0000] {dagbag.py:536} INFO - Filling up the DagBag from /usr/local/lib/python3.10/dist-packages/airflow/example_dags/example_setup_teardown.py
[2023-11-28T00:55:47.423+0000] {processor.py:839} INFO - DAG(s) dict_keys(['example_setup_teardown']) retrieved from /usr/local/lib/python3.10/dist-packages/airflow/example_dags/example_setup_teardown.py
[2023-11-28T00:55:47.441+0000] {logging_mixin.py:154} INFO - [2023-11-28T00:55:47.440+0000] {dag.py:2941} INFO - Sync 1 DAGs
[2023-11-28T00:55:47.463+0000] {logging_mixin.py:154} INFO - [2023-11-28T00:55:47.463+0000] {dag.py:3722} INFO - Setting next_dagrun for example_setup_teardown to 2023-11-27T00:55:47.462879+00:00, run_after=2023-11-28T00:55:47.462879+00:00
[2023-11-28T00:55:47.485+0000] {processor.py:179} INFO - Processing /usr/local/lib/python3.10/dist-packages/airflow/example_dags/example_setup_teardown.py took 0.076 seconds
[2023-11-28T00:56:33.669+0000] {processor.py:157} INFO - Started process (PID=5343) to work on /usr/local/lib/python3.10/dist-packages/airflow/example_dags/example_setup_teardown.py
[2023-11-28T00:56:33.670+0000] {processor.py:829} INFO - Processing file /usr/local/lib/python3.10/dist-packages/airflow/example_dags/example_setup_teardown.py for tasks to queue
[2023-11-28T00:56:33.671+0000] {logging_mixin.py:154} INFO - [2023-11-28T00:56:33.671+0000] {dagbag.py:536} INFO - Filling up the DagBag from /usr/local/lib/python3.10/dist-packages/airflow/example_dags/example_setup_teardown.py
[2023-11-28T00:56:33.679+0000] {processor.py:839} INFO - DAG(s) dict_keys(['example_setup_teardown']) retrieved from /usr/local/lib/python3.10/dist-packages/airflow/example_dags/example_setup_teardown.py
[2023-11-28T00:56:33.696+0000] {logging_mixin.py:154} INFO - [2023-11-28T00:56:33.695+0000] {dag.py:2941} INFO - Sync 1 DAGs
[2023-11-28T00:56:33.716+0000] {logging_mixin.py:154} INFO - [2023-11-28T00:56:33.716+0000] {dag.py:3722} INFO - Setting next_dagrun for example_setup_teardown to 2023-11-27T00:56:33.716041+00:00, run_after=2023-11-28T00:56:33.716041+00:00
[2023-11-28T00:56:33.739+0000] {processor.py:179} INFO - Processing /usr/local/lib/python3.10/dist-packages/airflow/example_dags/example_setup_teardown.py took 0.074 seconds
[2023-11-28T00:57:21.161+0000] {processor.py:157} INFO - Started process (PID=5395) to work on /usr/local/lib/python3.10/dist-packages/airflow/example_dags/example_setup_teardown.py
[2023-11-28T00:57:21.163+0000] {processor.py:829} INFO - Processing file /usr/local/lib/python3.10/dist-packages/airflow/example_dags/example_setup_teardown.py for tasks to queue
[2023-11-28T00:57:21.163+0000] {logging_mixin.py:154} INFO - [2023-11-28T00:57:21.163+0000] {dagbag.py:536} INFO - Filling up the DagBag from /usr/local/lib/python3.10/dist-packages/airflow/example_dags/example_setup_teardown.py
[2023-11-28T00:57:21.171+0000] {processor.py:839} INFO - DAG(s) dict_keys(['example_setup_teardown']) retrieved from /usr/local/lib/python3.10/dist-packages/airflow/example_dags/example_setup_teardown.py
[2023-11-28T00:57:21.188+0000] {logging_mixin.py:154} INFO - [2023-11-28T00:57:21.188+0000] {dag.py:2941} INFO - Sync 1 DAGs
[2023-11-28T00:57:21.209+0000] {logging_mixin.py:154} INFO - [2023-11-28T00:57:21.209+0000] {dag.py:3722} INFO - Setting next_dagrun for example_setup_teardown to 2023-11-27T00:57:21.209183+00:00, run_after=2023-11-28T00:57:21.209183+00:00
[2023-11-28T00:57:21.231+0000] {processor.py:179} INFO - Processing /usr/local/lib/python3.10/dist-packages/airflow/example_dags/example_setup_teardown.py took 0.073 seconds
[2023-11-28T00:58:08.026+0000] {processor.py:157} INFO - Started process (PID=5442) to work on /usr/local/lib/python3.10/dist-packages/airflow/example_dags/example_setup_teardown.py
[2023-11-28T00:58:08.027+0000] {processor.py:829} INFO - Processing file /usr/local/lib/python3.10/dist-packages/airflow/example_dags/example_setup_teardown.py for tasks to queue
[2023-11-28T00:58:08.028+0000] {logging_mixin.py:154} INFO - [2023-11-28T00:58:08.028+0000] {dagbag.py:536} INFO - Filling up the DagBag from /usr/local/lib/python3.10/dist-packages/airflow/example_dags/example_setup_teardown.py
[2023-11-28T00:58:08.036+0000] {processor.py:839} INFO - DAG(s) dict_keys(['example_setup_teardown']) retrieved from /usr/local/lib/python3.10/dist-packages/airflow/example_dags/example_setup_teardown.py
[2023-11-28T00:58:08.054+0000] {logging_mixin.py:154} INFO - [2023-11-28T00:58:08.054+0000] {dag.py:2941} INFO - Sync 1 DAGs
[2023-11-28T00:58:08.075+0000] {logging_mixin.py:154} INFO - [2023-11-28T00:58:08.075+0000] {dag.py:3722} INFO - Setting next_dagrun for example_setup_teardown to 2023-11-27T00:58:08.074985+00:00, run_after=2023-11-28T00:58:08.074985+00:00
[2023-11-28T00:58:08.098+0000] {processor.py:179} INFO - Processing /usr/local/lib/python3.10/dist-packages/airflow/example_dags/example_setup_teardown.py took 0.076 seconds
[2023-11-28T00:58:53.874+0000] {processor.py:157} INFO - Started process (PID=5489) to work on /usr/local/lib/python3.10/dist-packages/airflow/example_dags/example_setup_teardown.py
[2023-11-28T00:58:53.875+0000] {processor.py:829} INFO - Processing file /usr/local/lib/python3.10/dist-packages/airflow/example_dags/example_setup_teardown.py for tasks to queue
[2023-11-28T00:58:53.876+0000] {logging_mixin.py:154} INFO - [2023-11-28T00:58:53.875+0000] {dagbag.py:536} INFO - Filling up the DagBag from /usr/local/lib/python3.10/dist-packages/airflow/example_dags/example_setup_teardown.py
[2023-11-28T00:58:53.884+0000] {processor.py:839} INFO - DAG(s) dict_keys(['example_setup_teardown']) retrieved from /usr/local/lib/python3.10/dist-packages/airflow/example_dags/example_setup_teardown.py
[2023-11-28T00:58:53.901+0000] {logging_mixin.py:154} INFO - [2023-11-28T00:58:53.901+0000] {dag.py:2941} INFO - Sync 1 DAGs
[2023-11-28T00:58:53.922+0000] {logging_mixin.py:154} INFO - [2023-11-28T00:58:53.922+0000] {dag.py:3722} INFO - Setting next_dagrun for example_setup_teardown to 2023-11-27T00:58:53.922101+00:00, run_after=2023-11-28T00:58:53.922101+00:00
[2023-11-28T00:58:53.945+0000] {processor.py:179} INFO - Processing /usr/local/lib/python3.10/dist-packages/airflow/example_dags/example_setup_teardown.py took 0.074 seconds
[2023-11-28T00:59:39.219+0000] {processor.py:157} INFO - Started process (PID=5537) to work on /usr/local/lib/python3.10/dist-packages/airflow/example_dags/example_setup_teardown.py
[2023-11-28T00:59:39.220+0000] {processor.py:829} INFO - Processing file /usr/local/lib/python3.10/dist-packages/airflow/example_dags/example_setup_teardown.py for tasks to queue
[2023-11-28T00:59:39.221+0000] {logging_mixin.py:154} INFO - [2023-11-28T00:59:39.221+0000] {dagbag.py:536} INFO - Filling up the DagBag from /usr/local/lib/python3.10/dist-packages/airflow/example_dags/example_setup_teardown.py
[2023-11-28T00:59:39.229+0000] {processor.py:839} INFO - DAG(s) dict_keys(['example_setup_teardown']) retrieved from /usr/local/lib/python3.10/dist-packages/airflow/example_dags/example_setup_teardown.py
[2023-11-28T00:59:39.246+0000] {logging_mixin.py:154} INFO - [2023-11-28T00:59:39.246+0000] {dag.py:2941} INFO - Sync 1 DAGs
[2023-11-28T00:59:39.267+0000] {logging_mixin.py:154} INFO - [2023-11-28T00:59:39.267+0000] {dag.py:3722} INFO - Setting next_dagrun for example_setup_teardown to 2023-11-27T00:59:39.267441+00:00, run_after=2023-11-28T00:59:39.267441+00:00
[2023-11-28T00:59:39.292+0000] {processor.py:179} INFO - Processing /usr/local/lib/python3.10/dist-packages/airflow/example_dags/example_setup_teardown.py took 0.076 seconds
[2023-11-28T01:00:21.909+0000] {processor.py:157} INFO - Started process (PID=5581) to work on /usr/local/lib/python3.10/dist-packages/airflow/example_dags/example_setup_teardown.py
[2023-11-28T01:00:21.910+0000] {processor.py:829} INFO - Processing file /usr/local/lib/python3.10/dist-packages/airflow/example_dags/example_setup_teardown.py for tasks to queue
[2023-11-28T01:00:21.911+0000] {logging_mixin.py:154} INFO - [2023-11-28T01:00:21.911+0000] {dagbag.py:536} INFO - Filling up the DagBag from /usr/local/lib/python3.10/dist-packages/airflow/example_dags/example_setup_teardown.py
[2023-11-28T01:00:21.919+0000] {processor.py:839} INFO - DAG(s) dict_keys(['example_setup_teardown']) retrieved from /usr/local/lib/python3.10/dist-packages/airflow/example_dags/example_setup_teardown.py
[2023-11-28T01:00:21.936+0000] {logging_mixin.py:154} INFO - [2023-11-28T01:00:21.936+0000] {dag.py:2941} INFO - Sync 1 DAGs
[2023-11-28T01:00:21.957+0000] {logging_mixin.py:154} INFO - [2023-11-28T01:00:21.956+0000] {dag.py:3722} INFO - Setting next_dagrun for example_setup_teardown to 2023-11-27T01:00:21.956565+00:00, run_after=2023-11-28T01:00:21.956565+00:00
[2023-11-28T01:00:21.978+0000] {processor.py:179} INFO - Processing /usr/local/lib/python3.10/dist-packages/airflow/example_dags/example_setup_teardown.py took 0.073 seconds
[2023-11-28T01:01:08.358+0000] {processor.py:157} INFO - Started process (PID=5628) to work on /usr/local/lib/python3.10/dist-packages/airflow/example_dags/example_setup_teardown.py
[2023-11-28T01:01:08.359+0000] {processor.py:829} INFO - Processing file /usr/local/lib/python3.10/dist-packages/airflow/example_dags/example_setup_teardown.py for tasks to queue
[2023-11-28T01:01:08.360+0000] {logging_mixin.py:154} INFO - [2023-11-28T01:01:08.359+0000] {dagbag.py:536} INFO - Filling up the DagBag from /usr/local/lib/python3.10/dist-packages/airflow/example_dags/example_setup_teardown.py
[2023-11-28T01:01:08.368+0000] {processor.py:839} INFO - DAG(s) dict_keys(['example_setup_teardown']) retrieved from /usr/local/lib/python3.10/dist-packages/airflow/example_dags/example_setup_teardown.py
[2023-11-28T01:01:08.386+0000] {logging_mixin.py:154} INFO - [2023-11-28T01:01:08.386+0000] {dag.py:2941} INFO - Sync 1 DAGs
[2023-11-28T01:01:08.409+0000] {logging_mixin.py:154} INFO - [2023-11-28T01:01:08.409+0000] {dag.py:3722} INFO - Setting next_dagrun for example_setup_teardown to 2023-11-27T01:01:08.408817+00:00, run_after=2023-11-28T01:01:08.408817+00:00
[2023-11-28T01:01:08.433+0000] {processor.py:179} INFO - Processing /usr/local/lib/python3.10/dist-packages/airflow/example_dags/example_setup_teardown.py took 0.079 seconds
[2023-11-28T01:01:52.396+0000] {processor.py:157} INFO - Started process (PID=5675) to work on /usr/local/lib/python3.10/dist-packages/airflow/example_dags/example_setup_teardown.py
[2023-11-28T01:01:52.399+0000] {processor.py:829} INFO - Processing file /usr/local/lib/python3.10/dist-packages/airflow/example_dags/example_setup_teardown.py for tasks to queue
[2023-11-28T01:01:52.400+0000] {logging_mixin.py:154} INFO - [2023-11-28T01:01:52.399+0000] {dagbag.py:536} INFO - Filling up the DagBag from /usr/local/lib/python3.10/dist-packages/airflow/example_dags/example_setup_teardown.py
[2023-11-28T01:01:52.407+0000] {processor.py:839} INFO - DAG(s) dict_keys(['example_setup_teardown']) retrieved from /usr/local/lib/python3.10/dist-packages/airflow/example_dags/example_setup_teardown.py
[2023-11-28T01:01:52.425+0000] {logging_mixin.py:154} INFO - [2023-11-28T01:01:52.424+0000] {dag.py:2941} INFO - Sync 1 DAGs
[2023-11-28T01:01:52.445+0000] {logging_mixin.py:154} INFO - [2023-11-28T01:01:52.445+0000] {dag.py:3722} INFO - Setting next_dagrun for example_setup_teardown to 2023-11-27T01:01:52.445344+00:00, run_after=2023-11-28T01:01:52.445344+00:00
[2023-11-28T01:01:52.467+0000] {processor.py:179} INFO - Processing /usr/local/lib/python3.10/dist-packages/airflow/example_dags/example_setup_teardown.py took 0.074 seconds
[2023-11-28T01:02:38.506+0000] {processor.py:157} INFO - Started process (PID=5724) to work on /usr/local/lib/python3.10/dist-packages/airflow/example_dags/example_setup_teardown.py
[2023-11-28T01:02:38.507+0000] {processor.py:829} INFO - Processing file /usr/local/lib/python3.10/dist-packages/airflow/example_dags/example_setup_teardown.py for tasks to queue
[2023-11-28T01:02:38.508+0000] {logging_mixin.py:154} INFO - [2023-11-28T01:02:38.507+0000] {dagbag.py:536} INFO - Filling up the DagBag from /usr/local/lib/python3.10/dist-packages/airflow/example_dags/example_setup_teardown.py
[2023-11-28T01:02:38.516+0000] {processor.py:839} INFO - DAG(s) dict_keys(['example_setup_teardown']) retrieved from /usr/local/lib/python3.10/dist-packages/airflow/example_dags/example_setup_teardown.py
[2023-11-28T01:02:38.534+0000] {logging_mixin.py:154} INFO - [2023-11-28T01:02:38.534+0000] {dag.py:2941} INFO - Sync 1 DAGs
[2023-11-28T01:02:38.556+0000] {logging_mixin.py:154} INFO - [2023-11-28T01:02:38.556+0000] {dag.py:3722} INFO - Setting next_dagrun for example_setup_teardown to 2023-11-27T01:02:38.555820+00:00, run_after=2023-11-28T01:02:38.555820+00:00
[2023-11-28T01:02:38.578+0000] {processor.py:179} INFO - Processing /usr/local/lib/python3.10/dist-packages/airflow/example_dags/example_setup_teardown.py took 0.076 seconds
[2023-11-28T01:03:23.676+0000] {processor.py:157} INFO - Started process (PID=5769) to work on /usr/local/lib/python3.10/dist-packages/airflow/example_dags/example_setup_teardown.py
[2023-11-28T01:03:23.677+0000] {processor.py:829} INFO - Processing file /usr/local/lib/python3.10/dist-packages/airflow/example_dags/example_setup_teardown.py for tasks to queue
[2023-11-28T01:03:23.678+0000] {logging_mixin.py:154} INFO - [2023-11-28T01:03:23.677+0000] {dagbag.py:536} INFO - Filling up the DagBag from /usr/local/lib/python3.10/dist-packages/airflow/example_dags/example_setup_teardown.py
[2023-11-28T01:03:23.686+0000] {processor.py:839} INFO - DAG(s) dict_keys(['example_setup_teardown']) retrieved from /usr/local/lib/python3.10/dist-packages/airflow/example_dags/example_setup_teardown.py
[2023-11-28T01:03:23.702+0000] {logging_mixin.py:154} INFO - [2023-11-28T01:03:23.702+0000] {dag.py:2941} INFO - Sync 1 DAGs
[2023-11-28T01:03:23.723+0000] {logging_mixin.py:154} INFO - [2023-11-28T01:03:23.723+0000] {dag.py:3722} INFO - Setting next_dagrun for example_setup_teardown to 2023-11-27T01:03:23.722793+00:00, run_after=2023-11-28T01:03:23.722793+00:00
[2023-11-28T01:03:23.745+0000] {processor.py:179} INFO - Processing /usr/local/lib/python3.10/dist-packages/airflow/example_dags/example_setup_teardown.py took 0.073 seconds
[2023-11-28T01:04:08.559+0000] {processor.py:157} INFO - Started process (PID=5929) to work on /usr/local/lib/python3.10/dist-packages/airflow/example_dags/example_setup_teardown.py
[2023-11-28T01:04:08.560+0000] {processor.py:829} INFO - Processing file /usr/local/lib/python3.10/dist-packages/airflow/example_dags/example_setup_teardown.py for tasks to queue
[2023-11-28T01:04:08.561+0000] {logging_mixin.py:154} INFO - [2023-11-28T01:04:08.561+0000] {dagbag.py:536} INFO - Filling up the DagBag from /usr/local/lib/python3.10/dist-packages/airflow/example_dags/example_setup_teardown.py
[2023-11-28T01:04:08.569+0000] {processor.py:839} INFO - DAG(s) dict_keys(['example_setup_teardown']) retrieved from /usr/local/lib/python3.10/dist-packages/airflow/example_dags/example_setup_teardown.py
[2023-11-28T01:04:08.587+0000] {logging_mixin.py:154} INFO - [2023-11-28T01:04:08.586+0000] {dag.py:2941} INFO - Sync 1 DAGs
[2023-11-28T01:04:08.608+0000] {logging_mixin.py:154} INFO - [2023-11-28T01:04:08.608+0000] {dag.py:3722} INFO - Setting next_dagrun for example_setup_teardown to 2023-11-27T01:04:08.608345+00:00, run_after=2023-11-28T01:04:08.608345+00:00
[2023-11-28T01:04:08.632+0000] {processor.py:179} INFO - Processing /usr/local/lib/python3.10/dist-packages/airflow/example_dags/example_setup_teardown.py took 0.077 seconds
[2023-11-28T01:04:51.006+0000] {processor.py:157} INFO - Started process (PID=5975) to work on /usr/local/lib/python3.10/dist-packages/airflow/example_dags/example_setup_teardown.py
[2023-11-28T01:04:51.007+0000] {processor.py:829} INFO - Processing file /usr/local/lib/python3.10/dist-packages/airflow/example_dags/example_setup_teardown.py for tasks to queue
[2023-11-28T01:04:51.008+0000] {logging_mixin.py:154} INFO - [2023-11-28T01:04:51.007+0000] {dagbag.py:536} INFO - Filling up the DagBag from /usr/local/lib/python3.10/dist-packages/airflow/example_dags/example_setup_teardown.py
[2023-11-28T01:04:51.016+0000] {processor.py:839} INFO - DAG(s) dict_keys(['example_setup_teardown']) retrieved from /usr/local/lib/python3.10/dist-packages/airflow/example_dags/example_setup_teardown.py
[2023-11-28T01:04:51.033+0000] {logging_mixin.py:154} INFO - [2023-11-28T01:04:51.033+0000] {dag.py:2941} INFO - Sync 1 DAGs
[2023-11-28T01:04:51.054+0000] {logging_mixin.py:154} INFO - [2023-11-28T01:04:51.054+0000] {dag.py:3722} INFO - Setting next_dagrun for example_setup_teardown to 2023-11-27T01:04:51.054120+00:00, run_after=2023-11-28T01:04:51.054120+00:00
[2023-11-28T01:04:51.077+0000] {processor.py:179} INFO - Processing /usr/local/lib/python3.10/dist-packages/airflow/example_dags/example_setup_teardown.py took 0.075 seconds
[2023-11-28T01:05:34.965+0000] {processor.py:157} INFO - Started process (PID=6021) to work on /usr/local/lib/python3.10/dist-packages/airflow/example_dags/example_setup_teardown.py
[2023-11-28T01:05:34.967+0000] {processor.py:829} INFO - Processing file /usr/local/lib/python3.10/dist-packages/airflow/example_dags/example_setup_teardown.py for tasks to queue
[2023-11-28T01:05:34.968+0000] {logging_mixin.py:154} INFO - [2023-11-28T01:05:34.967+0000] {dagbag.py:536} INFO - Filling up the DagBag from /usr/local/lib/python3.10/dist-packages/airflow/example_dags/example_setup_teardown.py
[2023-11-28T01:05:34.975+0000] {processor.py:839} INFO - DAG(s) dict_keys(['example_setup_teardown']) retrieved from /usr/local/lib/python3.10/dist-packages/airflow/example_dags/example_setup_teardown.py
[2023-11-28T01:05:34.993+0000] {logging_mixin.py:154} INFO - [2023-11-28T01:05:34.993+0000] {dag.py:2941} INFO - Sync 1 DAGs
[2023-11-28T01:05:35.019+0000] {logging_mixin.py:154} INFO - [2023-11-28T01:05:35.019+0000] {dag.py:3722} INFO - Setting next_dagrun for example_setup_teardown to 2023-11-27T01:05:35.018587+00:00, run_after=2023-11-28T01:05:35.018587+00:00
[2023-11-28T01:05:35.044+0000] {processor.py:179} INFO - Processing /usr/local/lib/python3.10/dist-packages/airflow/example_dags/example_setup_teardown.py took 0.082 seconds
[2023-11-28T01:06:23.576+0000] {processor.py:157} INFO - Started process (PID=6070) to work on /usr/local/lib/python3.10/dist-packages/airflow/example_dags/example_setup_teardown.py
[2023-11-28T01:06:23.578+0000] {processor.py:829} INFO - Processing file /usr/local/lib/python3.10/dist-packages/airflow/example_dags/example_setup_teardown.py for tasks to queue
[2023-11-28T01:06:23.578+0000] {logging_mixin.py:154} INFO - [2023-11-28T01:06:23.578+0000] {dagbag.py:536} INFO - Filling up the DagBag from /usr/local/lib/python3.10/dist-packages/airflow/example_dags/example_setup_teardown.py
[2023-11-28T01:06:23.587+0000] {processor.py:839} INFO - DAG(s) dict_keys(['example_setup_teardown']) retrieved from /usr/local/lib/python3.10/dist-packages/airflow/example_dags/example_setup_teardown.py
[2023-11-28T01:06:23.605+0000] {logging_mixin.py:154} INFO - [2023-11-28T01:06:23.605+0000] {dag.py:2941} INFO - Sync 1 DAGs
[2023-11-28T01:06:23.627+0000] {logging_mixin.py:154} INFO - [2023-11-28T01:06:23.627+0000] {dag.py:3722} INFO - Setting next_dagrun for example_setup_teardown to 2023-11-27T01:06:23.626638+00:00, run_after=2023-11-28T01:06:23.626638+00:00
[2023-11-28T01:06:23.650+0000] {processor.py:179} INFO - Processing /usr/local/lib/python3.10/dist-packages/airflow/example_dags/example_setup_teardown.py took 0.078 seconds
[2023-11-28T01:07:08.819+0000] {processor.py:157} INFO - Started process (PID=6116) to work on /usr/local/lib/python3.10/dist-packages/airflow/example_dags/example_setup_teardown.py
[2023-11-28T01:07:08.820+0000] {processor.py:829} INFO - Processing file /usr/local/lib/python3.10/dist-packages/airflow/example_dags/example_setup_teardown.py for tasks to queue
[2023-11-28T01:07:08.821+0000] {logging_mixin.py:154} INFO - [2023-11-28T01:07:08.821+0000] {dagbag.py:536} INFO - Filling up the DagBag from /usr/local/lib/python3.10/dist-packages/airflow/example_dags/example_setup_teardown.py
[2023-11-28T01:07:08.829+0000] {processor.py:839} INFO - DAG(s) dict_keys(['example_setup_teardown']) retrieved from /usr/local/lib/python3.10/dist-packages/airflow/example_dags/example_setup_teardown.py
[2023-11-28T01:07:08.847+0000] {logging_mixin.py:154} INFO - [2023-11-28T01:07:08.847+0000] {dag.py:2941} INFO - Sync 1 DAGs
[2023-11-28T01:07:08.869+0000] {logging_mixin.py:154} INFO - [2023-11-28T01:07:08.868+0000] {dag.py:3722} INFO - Setting next_dagrun for example_setup_teardown to 2023-11-27T01:07:08.868503+00:00, run_after=2023-11-28T01:07:08.868503+00:00
[2023-11-28T01:07:08.891+0000] {processor.py:179} INFO - Processing /usr/local/lib/python3.10/dist-packages/airflow/example_dags/example_setup_teardown.py took 0.076 seconds
[2023-11-28T01:07:57.402+0000] {processor.py:157} INFO - Started process (PID=6165) to work on /usr/local/lib/python3.10/dist-packages/airflow/example_dags/example_setup_teardown.py
[2023-11-28T01:07:57.403+0000] {processor.py:829} INFO - Processing file /usr/local/lib/python3.10/dist-packages/airflow/example_dags/example_setup_teardown.py for tasks to queue
[2023-11-28T01:07:57.404+0000] {logging_mixin.py:154} INFO - [2023-11-28T01:07:57.404+0000] {dagbag.py:536} INFO - Filling up the DagBag from /usr/local/lib/python3.10/dist-packages/airflow/example_dags/example_setup_teardown.py
[2023-11-28T01:07:57.412+0000] {processor.py:839} INFO - DAG(s) dict_keys(['example_setup_teardown']) retrieved from /usr/local/lib/python3.10/dist-packages/airflow/example_dags/example_setup_teardown.py
[2023-11-28T01:07:57.430+0000] {logging_mixin.py:154} INFO - [2023-11-28T01:07:57.430+0000] {dag.py:2941} INFO - Sync 1 DAGs
[2023-11-28T01:07:57.451+0000] {logging_mixin.py:154} INFO - [2023-11-28T01:07:57.451+0000] {dag.py:3722} INFO - Setting next_dagrun for example_setup_teardown to 2023-11-27T01:07:57.451193+00:00, run_after=2023-11-28T01:07:57.451193+00:00
[2023-11-28T01:07:57.473+0000] {processor.py:179} INFO - Processing /usr/local/lib/python3.10/dist-packages/airflow/example_dags/example_setup_teardown.py took 0.075 seconds
[2023-11-28T01:08:44.393+0000] {processor.py:157} INFO - Started process (PID=6216) to work on /usr/local/lib/python3.10/dist-packages/airflow/example_dags/example_setup_teardown.py
[2023-11-28T01:08:44.394+0000] {processor.py:829} INFO - Processing file /usr/local/lib/python3.10/dist-packages/airflow/example_dags/example_setup_teardown.py for tasks to queue
[2023-11-28T01:08:44.395+0000] {logging_mixin.py:154} INFO - [2023-11-28T01:08:44.395+0000] {dagbag.py:536} INFO - Filling up the DagBag from /usr/local/lib/python3.10/dist-packages/airflow/example_dags/example_setup_teardown.py
[2023-11-28T01:08:44.403+0000] {processor.py:839} INFO - DAG(s) dict_keys(['example_setup_teardown']) retrieved from /usr/local/lib/python3.10/dist-packages/airflow/example_dags/example_setup_teardown.py
[2023-11-28T01:08:44.420+0000] {logging_mixin.py:154} INFO - [2023-11-28T01:08:44.420+0000] {dag.py:2941} INFO - Sync 1 DAGs
[2023-11-28T01:08:44.442+0000] {logging_mixin.py:154} INFO - [2023-11-28T01:08:44.441+0000] {dag.py:3722} INFO - Setting next_dagrun for example_setup_teardown to 2023-11-27T01:08:44.441412+00:00, run_after=2023-11-28T01:08:44.441412+00:00
[2023-11-28T01:08:44.463+0000] {processor.py:179} INFO - Processing /usr/local/lib/python3.10/dist-packages/airflow/example_dags/example_setup_teardown.py took 0.074 seconds
[2023-11-28T01:09:25.593+0000] {processor.py:157} INFO - Started process (PID=6261) to work on /usr/local/lib/python3.10/dist-packages/airflow/example_dags/example_setup_teardown.py
[2023-11-28T01:09:25.602+0000] {processor.py:829} INFO - Processing file /usr/local/lib/python3.10/dist-packages/airflow/example_dags/example_setup_teardown.py for tasks to queue
[2023-11-28T01:09:25.603+0000] {logging_mixin.py:154} INFO - [2023-11-28T01:09:25.603+0000] {dagbag.py:536} INFO - Filling up the DagBag from /usr/local/lib/python3.10/dist-packages/airflow/example_dags/example_setup_teardown.py
[2023-11-28T01:09:25.611+0000] {processor.py:839} INFO - DAG(s) dict_keys(['example_setup_teardown']) retrieved from /usr/local/lib/python3.10/dist-packages/airflow/example_dags/example_setup_teardown.py
[2023-11-28T01:09:25.629+0000] {logging_mixin.py:154} INFO - [2023-11-28T01:09:25.629+0000] {dag.py:2941} INFO - Sync 1 DAGs
[2023-11-28T01:09:25.650+0000] {logging_mixin.py:154} INFO - [2023-11-28T01:09:25.650+0000] {dag.py:3722} INFO - Setting next_dagrun for example_setup_teardown to 2023-11-27T01:09:25.649750+00:00, run_after=2023-11-28T01:09:25.649750+00:00
[2023-11-28T01:09:25.672+0000] {processor.py:179} INFO - Processing /usr/local/lib/python3.10/dist-packages/airflow/example_dags/example_setup_teardown.py took 0.082 seconds
[2023-11-28T01:10:13.197+0000] {processor.py:157} INFO - Started process (PID=6309) to work on /usr/local/lib/python3.10/dist-packages/airflow/example_dags/example_setup_teardown.py
[2023-11-28T01:10:13.198+0000] {processor.py:829} INFO - Processing file /usr/local/lib/python3.10/dist-packages/airflow/example_dags/example_setup_teardown.py for tasks to queue
[2023-11-28T01:10:13.199+0000] {logging_mixin.py:154} INFO - [2023-11-28T01:10:13.199+0000] {dagbag.py:536} INFO - Filling up the DagBag from /usr/local/lib/python3.10/dist-packages/airflow/example_dags/example_setup_teardown.py
[2023-11-28T01:10:13.207+0000] {processor.py:839} INFO - DAG(s) dict_keys(['example_setup_teardown']) retrieved from /usr/local/lib/python3.10/dist-packages/airflow/example_dags/example_setup_teardown.py
[2023-11-28T01:10:13.225+0000] {logging_mixin.py:154} INFO - [2023-11-28T01:10:13.225+0000] {dag.py:2941} INFO - Sync 1 DAGs
[2023-11-28T01:10:13.247+0000] {logging_mixin.py:154} INFO - [2023-11-28T01:10:13.246+0000] {dag.py:3722} INFO - Setting next_dagrun for example_setup_teardown to 2023-11-27T01:10:13.246447+00:00, run_after=2023-11-28T01:10:13.246447+00:00
[2023-11-28T01:10:13.272+0000] {processor.py:179} INFO - Processing /usr/local/lib/python3.10/dist-packages/airflow/example_dags/example_setup_teardown.py took 0.078 seconds
[2023-11-28T01:10:59.659+0000] {processor.py:157} INFO - Started process (PID=6356) to work on /usr/local/lib/python3.10/dist-packages/airflow/example_dags/example_setup_teardown.py
[2023-11-28T01:10:59.661+0000] {processor.py:829} INFO - Processing file /usr/local/lib/python3.10/dist-packages/airflow/example_dags/example_setup_teardown.py for tasks to queue
[2023-11-28T01:10:59.662+0000] {logging_mixin.py:154} INFO - [2023-11-28T01:10:59.661+0000] {dagbag.py:536} INFO - Filling up the DagBag from /usr/local/lib/python3.10/dist-packages/airflow/example_dags/example_setup_teardown.py
[2023-11-28T01:10:59.670+0000] {processor.py:839} INFO - DAG(s) dict_keys(['example_setup_teardown']) retrieved from /usr/local/lib/python3.10/dist-packages/airflow/example_dags/example_setup_teardown.py
[2023-11-28T01:10:59.687+0000] {logging_mixin.py:154} INFO - [2023-11-28T01:10:59.687+0000] {dag.py:2941} INFO - Sync 1 DAGs
[2023-11-28T01:10:59.708+0000] {logging_mixin.py:154} INFO - [2023-11-28T01:10:59.708+0000] {dag.py:3722} INFO - Setting next_dagrun for example_setup_teardown to 2023-11-27T01:10:59.707973+00:00, run_after=2023-11-28T01:10:59.707973+00:00
[2023-11-28T01:10:59.731+0000] {processor.py:179} INFO - Processing /usr/local/lib/python3.10/dist-packages/airflow/example_dags/example_setup_teardown.py took 0.076 seconds
[2023-11-28T01:11:45.930+0000] {processor.py:157} INFO - Started process (PID=6404) to work on /usr/local/lib/python3.10/dist-packages/airflow/example_dags/example_setup_teardown.py
[2023-11-28T01:11:45.931+0000] {processor.py:829} INFO - Processing file /usr/local/lib/python3.10/dist-packages/airflow/example_dags/example_setup_teardown.py for tasks to queue
[2023-11-28T01:11:45.932+0000] {logging_mixin.py:154} INFO - [2023-11-28T01:11:45.932+0000] {dagbag.py:536} INFO - Filling up the DagBag from /usr/local/lib/python3.10/dist-packages/airflow/example_dags/example_setup_teardown.py
[2023-11-28T01:11:45.940+0000] {processor.py:839} INFO - DAG(s) dict_keys(['example_setup_teardown']) retrieved from /usr/local/lib/python3.10/dist-packages/airflow/example_dags/example_setup_teardown.py
[2023-11-28T01:11:45.959+0000] {logging_mixin.py:154} INFO - [2023-11-28T01:11:45.959+0000] {dag.py:2941} INFO - Sync 1 DAGs
[2023-11-28T01:11:45.981+0000] {logging_mixin.py:154} INFO - [2023-11-28T01:11:45.981+0000] {dag.py:3722} INFO - Setting next_dagrun for example_setup_teardown to 2023-11-27T01:11:45.981474+00:00, run_after=2023-11-28T01:11:45.981474+00:00
[2023-11-28T01:11:46.008+0000] {processor.py:179} INFO - Processing /usr/local/lib/python3.10/dist-packages/airflow/example_dags/example_setup_teardown.py took 0.082 seconds
[2023-11-28T01:12:31.267+0000] {processor.py:157} INFO - Started process (PID=6452) to work on /usr/local/lib/python3.10/dist-packages/airflow/example_dags/example_setup_teardown.py
[2023-11-28T01:12:31.268+0000] {processor.py:829} INFO - Processing file /usr/local/lib/python3.10/dist-packages/airflow/example_dags/example_setup_teardown.py for tasks to queue
[2023-11-28T01:12:31.269+0000] {logging_mixin.py:154} INFO - [2023-11-28T01:12:31.269+0000] {dagbag.py:536} INFO - Filling up the DagBag from /usr/local/lib/python3.10/dist-packages/airflow/example_dags/example_setup_teardown.py
[2023-11-28T01:12:31.278+0000] {processor.py:839} INFO - DAG(s) dict_keys(['example_setup_teardown']) retrieved from /usr/local/lib/python3.10/dist-packages/airflow/example_dags/example_setup_teardown.py
[2023-11-28T01:12:31.296+0000] {logging_mixin.py:154} INFO - [2023-11-28T01:12:31.295+0000] {dag.py:2941} INFO - Sync 1 DAGs
[2023-11-28T01:12:31.318+0000] {logging_mixin.py:154} INFO - [2023-11-28T01:12:31.318+0000] {dag.py:3722} INFO - Setting next_dagrun for example_setup_teardown to 2023-11-27T01:12:31.318354+00:00, run_after=2023-11-28T01:12:31.318354+00:00
[2023-11-28T01:12:31.342+0000] {processor.py:179} INFO - Processing /usr/local/lib/python3.10/dist-packages/airflow/example_dags/example_setup_teardown.py took 0.078 seconds
[2023-11-28T01:13:13.722+0000] {processor.py:157} INFO - Started process (PID=6496) to work on /usr/local/lib/python3.10/dist-packages/airflow/example_dags/example_setup_teardown.py
[2023-11-28T01:13:13.723+0000] {processor.py:829} INFO - Processing file /usr/local/lib/python3.10/dist-packages/airflow/example_dags/example_setup_teardown.py for tasks to queue
[2023-11-28T01:13:13.724+0000] {logging_mixin.py:154} INFO - [2023-11-28T01:13:13.724+0000] {dagbag.py:536} INFO - Filling up the DagBag from /usr/local/lib/python3.10/dist-packages/airflow/example_dags/example_setup_teardown.py
[2023-11-28T01:13:13.733+0000] {processor.py:839} INFO - DAG(s) dict_keys(['example_setup_teardown']) retrieved from /usr/local/lib/python3.10/dist-packages/airflow/example_dags/example_setup_teardown.py
[2023-11-28T01:13:13.751+0000] {logging_mixin.py:154} INFO - [2023-11-28T01:13:13.751+0000] {dag.py:2941} INFO - Sync 1 DAGs
[2023-11-28T01:13:13.774+0000] {logging_mixin.py:154} INFO - [2023-11-28T01:13:13.774+0000] {dag.py:3722} INFO - Setting next_dagrun for example_setup_teardown to 2023-11-27T01:13:13.773794+00:00, run_after=2023-11-28T01:13:13.773794+00:00
[2023-11-28T01:13:13.799+0000] {processor.py:179} INFO - Processing /usr/local/lib/python3.10/dist-packages/airflow/example_dags/example_setup_teardown.py took 0.081 seconds
[2023-11-28T01:14:01.302+0000] {processor.py:157} INFO - Started process (PID=6543) to work on /usr/local/lib/python3.10/dist-packages/airflow/example_dags/example_setup_teardown.py
[2023-11-28T01:14:01.304+0000] {processor.py:829} INFO - Processing file /usr/local/lib/python3.10/dist-packages/airflow/example_dags/example_setup_teardown.py for tasks to queue
[2023-11-28T01:14:01.305+0000] {logging_mixin.py:154} INFO - [2023-11-28T01:14:01.304+0000] {dagbag.py:536} INFO - Filling up the DagBag from /usr/local/lib/python3.10/dist-packages/airflow/example_dags/example_setup_teardown.py
[2023-11-28T01:14:01.313+0000] {processor.py:839} INFO - DAG(s) dict_keys(['example_setup_teardown']) retrieved from /usr/local/lib/python3.10/dist-packages/airflow/example_dags/example_setup_teardown.py
[2023-11-28T01:14:01.331+0000] {logging_mixin.py:154} INFO - [2023-11-28T01:14:01.331+0000] {dag.py:2941} INFO - Sync 1 DAGs
[2023-11-28T01:14:01.353+0000] {logging_mixin.py:154} INFO - [2023-11-28T01:14:01.353+0000] {dag.py:3722} INFO - Setting next_dagrun for example_setup_teardown to 2023-11-27T01:14:01.353454+00:00, run_after=2023-11-28T01:14:01.353454+00:00
[2023-11-28T01:14:01.376+0000] {processor.py:179} INFO - Processing /usr/local/lib/python3.10/dist-packages/airflow/example_dags/example_setup_teardown.py took 0.077 seconds
[2023-11-28T01:14:38.631+0000] {processor.py:157} INFO - Started process (PID=6583) to work on /usr/local/lib/python3.10/dist-packages/airflow/example_dags/example_setup_teardown.py
[2023-11-28T01:14:38.633+0000] {processor.py:829} INFO - Processing file /usr/local/lib/python3.10/dist-packages/airflow/example_dags/example_setup_teardown.py for tasks to queue
[2023-11-28T01:14:38.634+0000] {logging_mixin.py:154} INFO - [2023-11-28T01:14:38.633+0000] {dagbag.py:536} INFO - Filling up the DagBag from /usr/local/lib/python3.10/dist-packages/airflow/example_dags/example_setup_teardown.py
[2023-11-28T01:14:38.642+0000] {processor.py:839} INFO - DAG(s) dict_keys(['example_setup_teardown']) retrieved from /usr/local/lib/python3.10/dist-packages/airflow/example_dags/example_setup_teardown.py
[2023-11-28T01:14:38.659+0000] {logging_mixin.py:154} INFO - [2023-11-28T01:14:38.658+0000] {dag.py:2941} INFO - Sync 1 DAGs
[2023-11-28T01:14:38.680+0000] {logging_mixin.py:154} INFO - [2023-11-28T01:14:38.679+0000] {dag.py:3722} INFO - Setting next_dagrun for example_setup_teardown to 2023-11-27T01:14:38.679592+00:00, run_after=2023-11-28T01:14:38.679592+00:00
[2023-11-28T01:14:38.701+0000] {processor.py:179} INFO - Processing /usr/local/lib/python3.10/dist-packages/airflow/example_dags/example_setup_teardown.py took 0.073 seconds
[2023-11-28T01:15:06.854+0000] {processor.py:157} INFO - Started process (PID=6620) to work on /usr/local/lib/python3.10/dist-packages/airflow/example_dags/example_setup_teardown.py
[2023-11-28T01:15:06.856+0000] {processor.py:829} INFO - Processing file /usr/local/lib/python3.10/dist-packages/airflow/example_dags/example_setup_teardown.py for tasks to queue
[2023-11-28T01:15:06.857+0000] {logging_mixin.py:154} INFO - [2023-11-28T01:15:06.856+0000] {dagbag.py:536} INFO - Filling up the DagBag from /usr/local/lib/python3.10/dist-packages/airflow/example_dags/example_setup_teardown.py
[2023-11-28T01:15:06.867+0000] {processor.py:839} INFO - DAG(s) dict_keys(['example_setup_teardown']) retrieved from /usr/local/lib/python3.10/dist-packages/airflow/example_dags/example_setup_teardown.py
[2023-11-28T01:15:06.876+0000] {logging_mixin.py:154} INFO - [2023-11-28T01:15:06.875+0000] {dag.py:2941} INFO - Sync 1 DAGs
[2023-11-28T01:15:06.899+0000] {logging_mixin.py:154} INFO - [2023-11-28T01:15:06.898+0000] {dag.py:3722} INFO - Setting next_dagrun for example_setup_teardown to 2023-11-27T01:15:06.898605+00:00, run_after=2023-11-28T01:15:06.898605+00:00
[2023-11-28T01:15:06.925+0000] {processor.py:179} INFO - Processing /usr/local/lib/python3.10/dist-packages/airflow/example_dags/example_setup_teardown.py took 0.075 seconds
[2023-11-28T01:15:51.810+0000] {processor.py:157} INFO - Started process (PID=6667) to work on /usr/local/lib/python3.10/dist-packages/airflow/example_dags/example_setup_teardown.py
[2023-11-28T01:15:51.812+0000] {processor.py:829} INFO - Processing file /usr/local/lib/python3.10/dist-packages/airflow/example_dags/example_setup_teardown.py for tasks to queue
[2023-11-28T01:15:51.813+0000] {logging_mixin.py:154} INFO - [2023-11-28T01:15:51.812+0000] {dagbag.py:536} INFO - Filling up the DagBag from /usr/local/lib/python3.10/dist-packages/airflow/example_dags/example_setup_teardown.py
[2023-11-28T01:15:51.821+0000] {processor.py:839} INFO - DAG(s) dict_keys(['example_setup_teardown']) retrieved from /usr/local/lib/python3.10/dist-packages/airflow/example_dags/example_setup_teardown.py
[2023-11-28T01:15:51.839+0000] {logging_mixin.py:154} INFO - [2023-11-28T01:15:51.839+0000] {dag.py:2941} INFO - Sync 1 DAGs
[2023-11-28T01:15:51.861+0000] {logging_mixin.py:154} INFO - [2023-11-28T01:15:51.860+0000] {dag.py:3722} INFO - Setting next_dagrun for example_setup_teardown to 2023-11-27T01:15:51.860545+00:00, run_after=2023-11-28T01:15:51.860545+00:00
[2023-11-28T01:15:51.884+0000] {processor.py:179} INFO - Processing /usr/local/lib/python3.10/dist-packages/airflow/example_dags/example_setup_teardown.py took 0.077 seconds
[2023-11-28T01:16:34.817+0000] {processor.py:157} INFO - Started process (PID=6712) to work on /usr/local/lib/python3.10/dist-packages/airflow/example_dags/example_setup_teardown.py
[2023-11-28T01:16:34.818+0000] {processor.py:829} INFO - Processing file /usr/local/lib/python3.10/dist-packages/airflow/example_dags/example_setup_teardown.py for tasks to queue
[2023-11-28T01:16:34.819+0000] {logging_mixin.py:154} INFO - [2023-11-28T01:16:34.819+0000] {dagbag.py:536} INFO - Filling up the DagBag from /usr/local/lib/python3.10/dist-packages/airflow/example_dags/example_setup_teardown.py
[2023-11-28T01:16:34.827+0000] {processor.py:839} INFO - DAG(s) dict_keys(['example_setup_teardown']) retrieved from /usr/local/lib/python3.10/dist-packages/airflow/example_dags/example_setup_teardown.py
[2023-11-28T01:16:34.844+0000] {logging_mixin.py:154} INFO - [2023-11-28T01:16:34.844+0000] {dag.py:2941} INFO - Sync 1 DAGs
[2023-11-28T01:16:34.866+0000] {logging_mixin.py:154} INFO - [2023-11-28T01:16:34.865+0000] {dag.py:3722} INFO - Setting next_dagrun for example_setup_teardown to 2023-11-27T01:16:34.865734+00:00, run_after=2023-11-28T01:16:34.865734+00:00
[2023-11-28T01:16:34.889+0000] {processor.py:179} INFO - Processing /usr/local/lib/python3.10/dist-packages/airflow/example_dags/example_setup_teardown.py took 0.075 seconds
[2023-11-28T01:17:20.791+0000] {processor.py:157} INFO - Started process (PID=6766) to work on /usr/local/lib/python3.10/dist-packages/airflow/example_dags/example_setup_teardown.py
[2023-11-28T01:17:20.792+0000] {processor.py:829} INFO - Processing file /usr/local/lib/python3.10/dist-packages/airflow/example_dags/example_setup_teardown.py for tasks to queue
[2023-11-28T01:17:20.793+0000] {logging_mixin.py:154} INFO - [2023-11-28T01:17:20.792+0000] {dagbag.py:536} INFO - Filling up the DagBag from /usr/local/lib/python3.10/dist-packages/airflow/example_dags/example_setup_teardown.py
[2023-11-28T01:17:20.801+0000] {processor.py:839} INFO - DAG(s) dict_keys(['example_setup_teardown']) retrieved from /usr/local/lib/python3.10/dist-packages/airflow/example_dags/example_setup_teardown.py
[2023-11-28T01:17:20.818+0000] {logging_mixin.py:154} INFO - [2023-11-28T01:17:20.818+0000] {dag.py:2941} INFO - Sync 1 DAGs
[2023-11-28T01:17:20.838+0000] {logging_mixin.py:154} INFO - [2023-11-28T01:17:20.838+0000] {dag.py:3722} INFO - Setting next_dagrun for example_setup_teardown to 2023-11-27T01:17:20.838094+00:00, run_after=2023-11-28T01:17:20.838094+00:00
[2023-11-28T01:17:20.861+0000] {processor.py:179} INFO - Processing /usr/local/lib/python3.10/dist-packages/airflow/example_dags/example_setup_teardown.py took 0.073 seconds
[2023-11-28T01:18:07.338+0000] {processor.py:157} INFO - Started process (PID=6814) to work on /usr/local/lib/python3.10/dist-packages/airflow/example_dags/example_setup_teardown.py
[2023-11-28T01:18:07.339+0000] {processor.py:829} INFO - Processing file /usr/local/lib/python3.10/dist-packages/airflow/example_dags/example_setup_teardown.py for tasks to queue
[2023-11-28T01:18:07.340+0000] {logging_mixin.py:154} INFO - [2023-11-28T01:18:07.340+0000] {dagbag.py:536} INFO - Filling up the DagBag from /usr/local/lib/python3.10/dist-packages/airflow/example_dags/example_setup_teardown.py
[2023-11-28T01:18:07.348+0000] {processor.py:839} INFO - DAG(s) dict_keys(['example_setup_teardown']) retrieved from /usr/local/lib/python3.10/dist-packages/airflow/example_dags/example_setup_teardown.py
[2023-11-28T01:18:07.366+0000] {logging_mixin.py:154} INFO - [2023-11-28T01:18:07.366+0000] {dag.py:2941} INFO - Sync 1 DAGs
[2023-11-28T01:18:07.387+0000] {logging_mixin.py:154} INFO - [2023-11-28T01:18:07.387+0000] {dag.py:3722} INFO - Setting next_dagrun for example_setup_teardown to 2023-11-27T01:18:07.387170+00:00, run_after=2023-11-28T01:18:07.387170+00:00
[2023-11-28T01:18:07.410+0000] {processor.py:179} INFO - Processing /usr/local/lib/python3.10/dist-packages/airflow/example_dags/example_setup_teardown.py took 0.076 seconds
[2023-11-28T01:18:50.198+0000] {processor.py:157} INFO - Started process (PID=6857) to work on /usr/local/lib/python3.10/dist-packages/airflow/example_dags/example_setup_teardown.py
[2023-11-28T01:18:50.200+0000] {processor.py:829} INFO - Processing file /usr/local/lib/python3.10/dist-packages/airflow/example_dags/example_setup_teardown.py for tasks to queue
[2023-11-28T01:18:50.201+0000] {logging_mixin.py:154} INFO - [2023-11-28T01:18:50.200+0000] {dagbag.py:536} INFO - Filling up the DagBag from /usr/local/lib/python3.10/dist-packages/airflow/example_dags/example_setup_teardown.py
[2023-11-28T01:18:50.209+0000] {processor.py:839} INFO - DAG(s) dict_keys(['example_setup_teardown']) retrieved from /usr/local/lib/python3.10/dist-packages/airflow/example_dags/example_setup_teardown.py
[2023-11-28T01:18:50.226+0000] {logging_mixin.py:154} INFO - [2023-11-28T01:18:50.226+0000] {dag.py:2941} INFO - Sync 1 DAGs
[2023-11-28T01:18:50.247+0000] {logging_mixin.py:154} INFO - [2023-11-28T01:18:50.247+0000] {dag.py:3722} INFO - Setting next_dagrun for example_setup_teardown to 2023-11-27T01:18:50.247010+00:00, run_after=2023-11-28T01:18:50.247010+00:00
[2023-11-28T01:18:50.269+0000] {processor.py:179} INFO - Processing /usr/local/lib/python3.10/dist-packages/airflow/example_dags/example_setup_teardown.py took 0.074 seconds
[2023-11-28T01:19:33.679+0000] {processor.py:157} INFO - Started process (PID=7023) to work on /usr/local/lib/python3.10/dist-packages/airflow/example_dags/example_setup_teardown.py
[2023-11-28T01:19:33.680+0000] {processor.py:829} INFO - Processing file /usr/local/lib/python3.10/dist-packages/airflow/example_dags/example_setup_teardown.py for tasks to queue
[2023-11-28T01:19:33.681+0000] {logging_mixin.py:154} INFO - [2023-11-28T01:19:33.681+0000] {dagbag.py:536} INFO - Filling up the DagBag from /usr/local/lib/python3.10/dist-packages/airflow/example_dags/example_setup_teardown.py
[2023-11-28T01:19:33.689+0000] {processor.py:839} INFO - DAG(s) dict_keys(['example_setup_teardown']) retrieved from /usr/local/lib/python3.10/dist-packages/airflow/example_dags/example_setup_teardown.py
[2023-11-28T01:19:33.706+0000] {logging_mixin.py:154} INFO - [2023-11-28T01:19:33.706+0000] {dag.py:2941} INFO - Sync 1 DAGs
[2023-11-28T01:19:33.727+0000] {logging_mixin.py:154} INFO - [2023-11-28T01:19:33.727+0000] {dag.py:3722} INFO - Setting next_dagrun for example_setup_teardown to 2023-11-27T01:19:33.726963+00:00, run_after=2023-11-28T01:19:33.726963+00:00
[2023-11-28T01:19:33.750+0000] {processor.py:179} INFO - Processing /usr/local/lib/python3.10/dist-packages/airflow/example_dags/example_setup_teardown.py took 0.074 seconds
