[2023-11-28T00:44:42.365+0000] {processor.py:157} INFO - Started process (PID=3422) to work on /usr/local/lib/python3.10/dist-packages/airflow/example_dags/example_sensor_decorator.py
[2023-11-28T00:44:42.366+0000] {processor.py:829} INFO - Processing file /usr/local/lib/python3.10/dist-packages/airflow/example_dags/example_sensor_decorator.py for tasks to queue
[2023-11-28T00:44:42.367+0000] {logging_mixin.py:154} INFO - [2023-11-28T00:44:42.366+0000] {dagbag.py:536} INFO - Filling up the DagBag from /usr/local/lib/python3.10/dist-packages/airflow/example_dags/example_sensor_decorator.py
[2023-11-28T00:44:42.373+0000] {processor.py:839} INFO - DAG(s) dict_keys(['example_sensor_decorator']) retrieved from /usr/local/lib/python3.10/dist-packages/airflow/example_dags/example_sensor_decorator.py
[2023-11-28T00:44:42.483+0000] {logging_mixin.py:154} INFO - [2023-11-28T00:44:42.483+0000] {manager.py:499} INFO - Created Permission View: %s
[2023-11-28T00:44:42.498+0000] {logging_mixin.py:154} INFO - [2023-11-28T00:44:42.497+0000] {manager.py:499} INFO - Created Permission View: %s
[2023-11-28T00:44:42.507+0000] {logging_mixin.py:154} INFO - [2023-11-28T00:44:42.507+0000] {manager.py:499} INFO - Created Permission View: %s
[2023-11-28T00:44:42.508+0000] {logging_mixin.py:154} INFO - [2023-11-28T00:44:42.508+0000] {dag.py:2941} INFO - Sync 1 DAGs
[2023-11-28T00:44:42.519+0000] {logging_mixin.py:154} INFO - [2023-11-28T00:44:42.519+0000] {dag.py:2963} INFO - Creating ORM DAG for example_sensor_decorator
[2023-11-28T00:44:42.519+0000] {logging_mixin.py:154} INFO - [2023-11-28T00:44:42.519+0000] {dag.py:3722} INFO - Setting next_dagrun for example_sensor_decorator to None, run_after=None
[2023-11-28T00:44:42.540+0000] {processor.py:179} INFO - Processing /usr/local/lib/python3.10/dist-packages/airflow/example_dags/example_sensor_decorator.py took 0.178 seconds
[2023-11-28T00:45:34.063+0000] {processor.py:157} INFO - Started process (PID=3560) to work on /usr/local/lib/python3.10/dist-packages/airflow/example_dags/example_sensor_decorator.py
[2023-11-28T00:45:34.064+0000] {processor.py:829} INFO - Processing file /usr/local/lib/python3.10/dist-packages/airflow/example_dags/example_sensor_decorator.py for tasks to queue
[2023-11-28T00:45:34.065+0000] {logging_mixin.py:154} INFO - [2023-11-28T00:45:34.065+0000] {dagbag.py:536} INFO - Filling up the DagBag from /usr/local/lib/python3.10/dist-packages/airflow/example_dags/example_sensor_decorator.py
[2023-11-28T00:45:34.072+0000] {processor.py:839} INFO - DAG(s) dict_keys(['example_sensor_decorator']) retrieved from /usr/local/lib/python3.10/dist-packages/airflow/example_dags/example_sensor_decorator.py
[2023-11-28T00:45:34.089+0000] {logging_mixin.py:154} INFO - [2023-11-28T00:45:34.089+0000] {dag.py:2941} INFO - Sync 1 DAGs
[2023-11-28T00:45:34.101+0000] {logging_mixin.py:154} INFO - [2023-11-28T00:45:34.101+0000] {dag.py:3722} INFO - Setting next_dagrun for example_sensor_decorator to None, run_after=None
[2023-11-28T00:45:34.123+0000] {processor.py:179} INFO - Processing /usr/local/lib/python3.10/dist-packages/airflow/example_dags/example_sensor_decorator.py took 0.064 seconds
[2023-11-28T00:46:16.536+0000] {processor.py:157} INFO - Started process (PID=3606) to work on /usr/local/lib/python3.10/dist-packages/airflow/example_dags/example_sensor_decorator.py
[2023-11-28T00:46:16.538+0000] {processor.py:829} INFO - Processing file /usr/local/lib/python3.10/dist-packages/airflow/example_dags/example_sensor_decorator.py for tasks to queue
[2023-11-28T00:46:16.539+0000] {logging_mixin.py:154} INFO - [2023-11-28T00:46:16.538+0000] {dagbag.py:536} INFO - Filling up the DagBag from /usr/local/lib/python3.10/dist-packages/airflow/example_dags/example_sensor_decorator.py
[2023-11-28T00:46:16.546+0000] {processor.py:839} INFO - DAG(s) dict_keys(['example_sensor_decorator']) retrieved from /usr/local/lib/python3.10/dist-packages/airflow/example_dags/example_sensor_decorator.py
[2023-11-28T00:46:16.563+0000] {logging_mixin.py:154} INFO - [2023-11-28T00:46:16.562+0000] {dag.py:2941} INFO - Sync 1 DAGs
[2023-11-28T00:46:16.576+0000] {logging_mixin.py:154} INFO - [2023-11-28T00:46:16.576+0000] {dag.py:3722} INFO - Setting next_dagrun for example_sensor_decorator to None, run_after=None
[2023-11-28T00:46:16.599+0000] {processor.py:179} INFO - Processing /usr/local/lib/python3.10/dist-packages/airflow/example_dags/example_sensor_decorator.py took 0.066 seconds
[2023-11-28T00:47:02.962+0000] {processor.py:157} INFO - Started process (PID=3655) to work on /usr/local/lib/python3.10/dist-packages/airflow/example_dags/example_sensor_decorator.py
[2023-11-28T00:47:02.964+0000] {processor.py:829} INFO - Processing file /usr/local/lib/python3.10/dist-packages/airflow/example_dags/example_sensor_decorator.py for tasks to queue
[2023-11-28T00:47:02.965+0000] {logging_mixin.py:154} INFO - [2023-11-28T00:47:02.964+0000] {dagbag.py:536} INFO - Filling up the DagBag from /usr/local/lib/python3.10/dist-packages/airflow/example_dags/example_sensor_decorator.py
[2023-11-28T00:47:02.972+0000] {processor.py:839} INFO - DAG(s) dict_keys(['example_sensor_decorator']) retrieved from /usr/local/lib/python3.10/dist-packages/airflow/example_dags/example_sensor_decorator.py
[2023-11-28T00:47:02.989+0000] {logging_mixin.py:154} INFO - [2023-11-28T00:47:02.989+0000] {dag.py:2941} INFO - Sync 1 DAGs
[2023-11-28T00:47:03.002+0000] {logging_mixin.py:154} INFO - [2023-11-28T00:47:03.001+0000] {dag.py:3722} INFO - Setting next_dagrun for example_sensor_decorator to None, run_after=None
[2023-11-28T00:47:03.026+0000] {processor.py:179} INFO - Processing /usr/local/lib/python3.10/dist-packages/airflow/example_dags/example_sensor_decorator.py took 0.068 seconds
[2023-11-28T00:47:47.078+0000] {processor.py:157} INFO - Started process (PID=3703) to work on /usr/local/lib/python3.10/dist-packages/airflow/example_dags/example_sensor_decorator.py
[2023-11-28T00:47:47.079+0000] {processor.py:829} INFO - Processing file /usr/local/lib/python3.10/dist-packages/airflow/example_dags/example_sensor_decorator.py for tasks to queue
[2023-11-28T00:47:47.080+0000] {logging_mixin.py:154} INFO - [2023-11-28T00:47:47.080+0000] {dagbag.py:536} INFO - Filling up the DagBag from /usr/local/lib/python3.10/dist-packages/airflow/example_dags/example_sensor_decorator.py
[2023-11-28T00:47:47.087+0000] {processor.py:839} INFO - DAG(s) dict_keys(['example_sensor_decorator']) retrieved from /usr/local/lib/python3.10/dist-packages/airflow/example_dags/example_sensor_decorator.py
[2023-11-28T00:47:47.104+0000] {logging_mixin.py:154} INFO - [2023-11-28T00:47:47.103+0000] {dag.py:2941} INFO - Sync 1 DAGs
[2023-11-28T00:47:47.116+0000] {logging_mixin.py:154} INFO - [2023-11-28T00:47:47.116+0000] {dag.py:3722} INFO - Setting next_dagrun for example_sensor_decorator to None, run_after=None
[2023-11-28T00:47:47.140+0000] {processor.py:179} INFO - Processing /usr/local/lib/python3.10/dist-packages/airflow/example_dags/example_sensor_decorator.py took 0.066 seconds
[2023-11-28T00:48:27.681+0000] {processor.py:157} INFO - Started process (PID=3744) to work on /usr/local/lib/python3.10/dist-packages/airflow/example_dags/example_sensor_decorator.py
[2023-11-28T00:48:27.682+0000] {processor.py:829} INFO - Processing file /usr/local/lib/python3.10/dist-packages/airflow/example_dags/example_sensor_decorator.py for tasks to queue
[2023-11-28T00:48:27.683+0000] {logging_mixin.py:154} INFO - [2023-11-28T00:48:27.682+0000] {dagbag.py:536} INFO - Filling up the DagBag from /usr/local/lib/python3.10/dist-packages/airflow/example_dags/example_sensor_decorator.py
[2023-11-28T00:48:27.689+0000] {processor.py:839} INFO - DAG(s) dict_keys(['example_sensor_decorator']) retrieved from /usr/local/lib/python3.10/dist-packages/airflow/example_dags/example_sensor_decorator.py
[2023-11-28T00:48:27.706+0000] {logging_mixin.py:154} INFO - [2023-11-28T00:48:27.706+0000] {dag.py:2941} INFO - Sync 1 DAGs
[2023-11-28T00:48:27.718+0000] {logging_mixin.py:154} INFO - [2023-11-28T00:48:27.718+0000] {dag.py:3722} INFO - Setting next_dagrun for example_sensor_decorator to None, run_after=None
[2023-11-28T00:48:27.740+0000] {processor.py:179} INFO - Processing /usr/local/lib/python3.10/dist-packages/airflow/example_dags/example_sensor_decorator.py took 0.062 seconds
[2023-11-28T00:49:12.850+0000] {processor.py:157} INFO - Started process (PID=3791) to work on /usr/local/lib/python3.10/dist-packages/airflow/example_dags/example_sensor_decorator.py
[2023-11-28T00:49:12.851+0000] {processor.py:829} INFO - Processing file /usr/local/lib/python3.10/dist-packages/airflow/example_dags/example_sensor_decorator.py for tasks to queue
[2023-11-28T00:49:12.852+0000] {logging_mixin.py:154} INFO - [2023-11-28T00:49:12.852+0000] {dagbag.py:536} INFO - Filling up the DagBag from /usr/local/lib/python3.10/dist-packages/airflow/example_dags/example_sensor_decorator.py
[2023-11-28T00:49:12.859+0000] {processor.py:839} INFO - DAG(s) dict_keys(['example_sensor_decorator']) retrieved from /usr/local/lib/python3.10/dist-packages/airflow/example_dags/example_sensor_decorator.py
[2023-11-28T00:49:12.877+0000] {logging_mixin.py:154} INFO - [2023-11-28T00:49:12.877+0000] {dag.py:2941} INFO - Sync 1 DAGs
[2023-11-28T00:49:12.890+0000] {logging_mixin.py:154} INFO - [2023-11-28T00:49:12.890+0000] {dag.py:3722} INFO - Setting next_dagrun for example_sensor_decorator to None, run_after=None
[2023-11-28T00:49:12.914+0000] {processor.py:179} INFO - Processing /usr/local/lib/python3.10/dist-packages/airflow/example_dags/example_sensor_decorator.py took 0.068 seconds
[2023-11-28T00:49:55.777+0000] {processor.py:157} INFO - Started process (PID=3837) to work on /usr/local/lib/python3.10/dist-packages/airflow/example_dags/example_sensor_decorator.py
[2023-11-28T00:49:55.778+0000] {processor.py:829} INFO - Processing file /usr/local/lib/python3.10/dist-packages/airflow/example_dags/example_sensor_decorator.py for tasks to queue
[2023-11-28T00:49:55.779+0000] {logging_mixin.py:154} INFO - [2023-11-28T00:49:55.778+0000] {dagbag.py:536} INFO - Filling up the DagBag from /usr/local/lib/python3.10/dist-packages/airflow/example_dags/example_sensor_decorator.py
[2023-11-28T00:49:55.786+0000] {processor.py:839} INFO - DAG(s) dict_keys(['example_sensor_decorator']) retrieved from /usr/local/lib/python3.10/dist-packages/airflow/example_dags/example_sensor_decorator.py
[2023-11-28T00:49:55.802+0000] {logging_mixin.py:154} INFO - [2023-11-28T00:49:55.802+0000] {dag.py:2941} INFO - Sync 1 DAGs
[2023-11-28T00:49:55.814+0000] {logging_mixin.py:154} INFO - [2023-11-28T00:49:55.814+0000] {dag.py:3722} INFO - Setting next_dagrun for example_sensor_decorator to None, run_after=None
[2023-11-28T00:49:55.835+0000] {processor.py:179} INFO - Processing /usr/local/lib/python3.10/dist-packages/airflow/example_dags/example_sensor_decorator.py took 0.062 seconds
[2023-11-28T00:50:42.996+0000] {processor.py:157} INFO - Started process (PID=3885) to work on /usr/local/lib/python3.10/dist-packages/airflow/example_dags/example_sensor_decorator.py
[2023-11-28T00:50:42.998+0000] {processor.py:829} INFO - Processing file /usr/local/lib/python3.10/dist-packages/airflow/example_dags/example_sensor_decorator.py for tasks to queue
[2023-11-28T00:50:42.999+0000] {logging_mixin.py:154} INFO - [2023-11-28T00:50:42.998+0000] {dagbag.py:536} INFO - Filling up the DagBag from /usr/local/lib/python3.10/dist-packages/airflow/example_dags/example_sensor_decorator.py
[2023-11-28T00:50:43.006+0000] {processor.py:839} INFO - DAG(s) dict_keys(['example_sensor_decorator']) retrieved from /usr/local/lib/python3.10/dist-packages/airflow/example_dags/example_sensor_decorator.py
[2023-11-28T00:50:43.023+0000] {logging_mixin.py:154} INFO - [2023-11-28T00:50:43.023+0000] {dag.py:2941} INFO - Sync 1 DAGs
[2023-11-28T00:50:43.035+0000] {logging_mixin.py:154} INFO - [2023-11-28T00:50:43.035+0000] {dag.py:3722} INFO - Setting next_dagrun for example_sensor_decorator to None, run_after=None
[2023-11-28T00:50:43.057+0000] {processor.py:179} INFO - Processing /usr/local/lib/python3.10/dist-packages/airflow/example_dags/example_sensor_decorator.py took 0.064 seconds
[2023-11-28T00:51:29.416+0000] {processor.py:157} INFO - Started process (PID=3933) to work on /usr/local/lib/python3.10/dist-packages/airflow/example_dags/example_sensor_decorator.py
[2023-11-28T00:51:29.417+0000] {processor.py:829} INFO - Processing file /usr/local/lib/python3.10/dist-packages/airflow/example_dags/example_sensor_decorator.py for tasks to queue
[2023-11-28T00:51:29.418+0000] {logging_mixin.py:154} INFO - [2023-11-28T00:51:29.417+0000] {dagbag.py:536} INFO - Filling up the DagBag from /usr/local/lib/python3.10/dist-packages/airflow/example_dags/example_sensor_decorator.py
[2023-11-28T00:51:29.425+0000] {processor.py:839} INFO - DAG(s) dict_keys(['example_sensor_decorator']) retrieved from /usr/local/lib/python3.10/dist-packages/airflow/example_dags/example_sensor_decorator.py
[2023-11-28T00:51:29.441+0000] {logging_mixin.py:154} INFO - [2023-11-28T00:51:29.441+0000] {dag.py:2941} INFO - Sync 1 DAGs
[2023-11-28T00:51:29.453+0000] {logging_mixin.py:154} INFO - [2023-11-28T00:51:29.453+0000] {dag.py:3722} INFO - Setting next_dagrun for example_sensor_decorator to None, run_after=None
[2023-11-28T00:51:29.474+0000] {processor.py:179} INFO - Processing /usr/local/lib/python3.10/dist-packages/airflow/example_dags/example_sensor_decorator.py took 0.062 seconds
[2023-11-28T00:52:15.585+0000] {processor.py:157} INFO - Started process (PID=4085) to work on /usr/local/lib/python3.10/dist-packages/airflow/example_dags/example_sensor_decorator.py
[2023-11-28T00:52:15.587+0000] {processor.py:829} INFO - Processing file /usr/local/lib/python3.10/dist-packages/airflow/example_dags/example_sensor_decorator.py for tasks to queue
[2023-11-28T00:52:15.588+0000] {logging_mixin.py:154} INFO - [2023-11-28T00:52:15.587+0000] {dagbag.py:536} INFO - Filling up the DagBag from /usr/local/lib/python3.10/dist-packages/airflow/example_dags/example_sensor_decorator.py
[2023-11-28T00:52:15.595+0000] {processor.py:839} INFO - DAG(s) dict_keys(['example_sensor_decorator']) retrieved from /usr/local/lib/python3.10/dist-packages/airflow/example_dags/example_sensor_decorator.py
[2023-11-28T00:52:15.620+0000] {logging_mixin.py:154} INFO - [2023-11-28T00:52:15.620+0000] {dag.py:2941} INFO - Sync 1 DAGs
[2023-11-28T00:52:15.636+0000] {logging_mixin.py:154} INFO - [2023-11-28T00:52:15.635+0000] {dag.py:3722} INFO - Setting next_dagrun for example_sensor_decorator to None, run_after=None
[2023-11-28T00:52:15.661+0000] {processor.py:179} INFO - Processing /usr/local/lib/python3.10/dist-packages/airflow/example_dags/example_sensor_decorator.py took 0.079 seconds
[2023-11-28T00:53:02.733+0000] {processor.py:157} INFO - Started process (PID=4413) to work on /usr/local/lib/python3.10/dist-packages/airflow/example_dags/example_sensor_decorator.py
[2023-11-28T00:53:02.734+0000] {processor.py:829} INFO - Processing file /usr/local/lib/python3.10/dist-packages/airflow/example_dags/example_sensor_decorator.py for tasks to queue
[2023-11-28T00:53:02.735+0000] {logging_mixin.py:154} INFO - [2023-11-28T00:53:02.735+0000] {dagbag.py:536} INFO - Filling up the DagBag from /usr/local/lib/python3.10/dist-packages/airflow/example_dags/example_sensor_decorator.py
[2023-11-28T00:53:02.742+0000] {processor.py:839} INFO - DAG(s) dict_keys(['example_sensor_decorator']) retrieved from /usr/local/lib/python3.10/dist-packages/airflow/example_dags/example_sensor_decorator.py
[2023-11-28T00:53:02.759+0000] {logging_mixin.py:154} INFO - [2023-11-28T00:53:02.758+0000] {dag.py:2941} INFO - Sync 1 DAGs
[2023-11-28T00:53:02.771+0000] {logging_mixin.py:154} INFO - [2023-11-28T00:53:02.771+0000] {dag.py:3722} INFO - Setting next_dagrun for example_sensor_decorator to None, run_after=None
[2023-11-28T00:53:02.793+0000] {processor.py:179} INFO - Processing /usr/local/lib/python3.10/dist-packages/airflow/example_dags/example_sensor_decorator.py took 0.064 seconds
[2023-11-28T00:53:48.876+0000] {processor.py:157} INFO - Started process (PID=4682) to work on /usr/local/lib/python3.10/dist-packages/airflow/example_dags/example_sensor_decorator.py
[2023-11-28T00:53:48.878+0000] {processor.py:829} INFO - Processing file /usr/local/lib/python3.10/dist-packages/airflow/example_dags/example_sensor_decorator.py for tasks to queue
[2023-11-28T00:53:48.878+0000] {logging_mixin.py:154} INFO - [2023-11-28T00:53:48.878+0000] {dagbag.py:536} INFO - Filling up the DagBag from /usr/local/lib/python3.10/dist-packages/airflow/example_dags/example_sensor_decorator.py
[2023-11-28T00:53:48.885+0000] {processor.py:839} INFO - DAG(s) dict_keys(['example_sensor_decorator']) retrieved from /usr/local/lib/python3.10/dist-packages/airflow/example_dags/example_sensor_decorator.py
[2023-11-28T00:53:48.902+0000] {logging_mixin.py:154} INFO - [2023-11-28T00:53:48.902+0000] {dag.py:2941} INFO - Sync 1 DAGs
[2023-11-28T00:53:48.915+0000] {logging_mixin.py:154} INFO - [2023-11-28T00:53:48.914+0000] {dag.py:3722} INFO - Setting next_dagrun for example_sensor_decorator to None, run_after=None
[2023-11-28T00:53:48.937+0000] {processor.py:179} INFO - Processing /usr/local/lib/python3.10/dist-packages/airflow/example_dags/example_sensor_decorator.py took 0.065 seconds
[2023-11-28T00:54:32.593+0000] {processor.py:157} INFO - Started process (PID=4900) to work on /usr/local/lib/python3.10/dist-packages/airflow/example_dags/example_sensor_decorator.py
[2023-11-28T00:54:32.594+0000] {processor.py:829} INFO - Processing file /usr/local/lib/python3.10/dist-packages/airflow/example_dags/example_sensor_decorator.py for tasks to queue
[2023-11-28T00:54:32.595+0000] {logging_mixin.py:154} INFO - [2023-11-28T00:54:32.595+0000] {dagbag.py:536} INFO - Filling up the DagBag from /usr/local/lib/python3.10/dist-packages/airflow/example_dags/example_sensor_decorator.py
[2023-11-28T00:54:32.602+0000] {processor.py:839} INFO - DAG(s) dict_keys(['example_sensor_decorator']) retrieved from /usr/local/lib/python3.10/dist-packages/airflow/example_dags/example_sensor_decorator.py
[2023-11-28T00:54:32.619+0000] {logging_mixin.py:154} INFO - [2023-11-28T00:54:32.619+0000] {dag.py:2941} INFO - Sync 1 DAGs
[2023-11-28T00:54:32.632+0000] {logging_mixin.py:154} INFO - [2023-11-28T00:54:32.632+0000] {dag.py:3722} INFO - Setting next_dagrun for example_sensor_decorator to None, run_after=None
[2023-11-28T00:54:32.656+0000] {processor.py:179} INFO - Processing /usr/local/lib/python3.10/dist-packages/airflow/example_dags/example_sensor_decorator.py took 0.067 seconds
[2023-11-28T00:55:14.530+0000] {processor.py:157} INFO - Started process (PID=4944) to work on /usr/local/lib/python3.10/dist-packages/airflow/example_dags/example_sensor_decorator.py
[2023-11-28T00:55:14.531+0000] {processor.py:829} INFO - Processing file /usr/local/lib/python3.10/dist-packages/airflow/example_dags/example_sensor_decorator.py for tasks to queue
[2023-11-28T00:55:14.532+0000] {logging_mixin.py:154} INFO - [2023-11-28T00:55:14.532+0000] {dagbag.py:536} INFO - Filling up the DagBag from /usr/local/lib/python3.10/dist-packages/airflow/example_dags/example_sensor_decorator.py
[2023-11-28T00:55:14.539+0000] {processor.py:839} INFO - DAG(s) dict_keys(['example_sensor_decorator']) retrieved from /usr/local/lib/python3.10/dist-packages/airflow/example_dags/example_sensor_decorator.py
[2023-11-28T00:55:14.556+0000] {logging_mixin.py:154} INFO - [2023-11-28T00:55:14.556+0000] {dag.py:2941} INFO - Sync 1 DAGs
[2023-11-28T00:55:14.569+0000] {logging_mixin.py:154} INFO - [2023-11-28T00:55:14.568+0000] {dag.py:3722} INFO - Setting next_dagrun for example_sensor_decorator to None, run_after=None
[2023-11-28T00:55:14.591+0000] {processor.py:179} INFO - Processing /usr/local/lib/python3.10/dist-packages/airflow/example_dags/example_sensor_decorator.py took 0.064 seconds
[2023-11-28T00:56:02.864+0000] {processor.py:157} INFO - Started process (PID=5264) to work on /usr/local/lib/python3.10/dist-packages/airflow/example_dags/example_sensor_decorator.py
[2023-11-28T00:56:02.865+0000] {processor.py:829} INFO - Processing file /usr/local/lib/python3.10/dist-packages/airflow/example_dags/example_sensor_decorator.py for tasks to queue
[2023-11-28T00:56:02.866+0000] {logging_mixin.py:154} INFO - [2023-11-28T00:56:02.865+0000] {dagbag.py:536} INFO - Filling up the DagBag from /usr/local/lib/python3.10/dist-packages/airflow/example_dags/example_sensor_decorator.py
[2023-11-28T00:56:02.873+0000] {processor.py:839} INFO - DAG(s) dict_keys(['example_sensor_decorator']) retrieved from /usr/local/lib/python3.10/dist-packages/airflow/example_dags/example_sensor_decorator.py
[2023-11-28T00:56:02.889+0000] {logging_mixin.py:154} INFO - [2023-11-28T00:56:02.889+0000] {dag.py:2941} INFO - Sync 1 DAGs
[2023-11-28T00:56:02.901+0000] {logging_mixin.py:154} INFO - [2023-11-28T00:56:02.901+0000] {dag.py:3722} INFO - Setting next_dagrun for example_sensor_decorator to None, run_after=None
[2023-11-28T00:56:02.925+0000] {processor.py:179} INFO - Processing /usr/local/lib/python3.10/dist-packages/airflow/example_dags/example_sensor_decorator.py took 0.065 seconds
[2023-11-28T00:56:49.119+0000] {processor.py:157} INFO - Started process (PID=5360) to work on /usr/local/lib/python3.10/dist-packages/airflow/example_dags/example_sensor_decorator.py
[2023-11-28T00:56:49.120+0000] {processor.py:829} INFO - Processing file /usr/local/lib/python3.10/dist-packages/airflow/example_dags/example_sensor_decorator.py for tasks to queue
[2023-11-28T00:56:49.121+0000] {logging_mixin.py:154} INFO - [2023-11-28T00:56:49.121+0000] {dagbag.py:536} INFO - Filling up the DagBag from /usr/local/lib/python3.10/dist-packages/airflow/example_dags/example_sensor_decorator.py
[2023-11-28T00:56:49.128+0000] {processor.py:839} INFO - DAG(s) dict_keys(['example_sensor_decorator']) retrieved from /usr/local/lib/python3.10/dist-packages/airflow/example_dags/example_sensor_decorator.py
[2023-11-28T00:56:49.146+0000] {logging_mixin.py:154} INFO - [2023-11-28T00:56:49.145+0000] {dag.py:2941} INFO - Sync 1 DAGs
[2023-11-28T00:56:49.158+0000] {logging_mixin.py:154} INFO - [2023-11-28T00:56:49.158+0000] {dag.py:3722} INFO - Setting next_dagrun for example_sensor_decorator to None, run_after=None
[2023-11-28T00:56:49.182+0000] {processor.py:179} INFO - Processing /usr/local/lib/python3.10/dist-packages/airflow/example_dags/example_sensor_decorator.py took 0.066 seconds
[2023-11-28T00:57:36.453+0000] {processor.py:157} INFO - Started process (PID=5410) to work on /usr/local/lib/python3.10/dist-packages/airflow/example_dags/example_sensor_decorator.py
[2023-11-28T00:57:36.454+0000] {processor.py:829} INFO - Processing file /usr/local/lib/python3.10/dist-packages/airflow/example_dags/example_sensor_decorator.py for tasks to queue
[2023-11-28T00:57:36.455+0000] {logging_mixin.py:154} INFO - [2023-11-28T00:57:36.454+0000] {dagbag.py:536} INFO - Filling up the DagBag from /usr/local/lib/python3.10/dist-packages/airflow/example_dags/example_sensor_decorator.py
[2023-11-28T00:57:36.462+0000] {processor.py:839} INFO - DAG(s) dict_keys(['example_sensor_decorator']) retrieved from /usr/local/lib/python3.10/dist-packages/airflow/example_dags/example_sensor_decorator.py
[2023-11-28T00:57:36.479+0000] {logging_mixin.py:154} INFO - [2023-11-28T00:57:36.479+0000] {dag.py:2941} INFO - Sync 1 DAGs
[2023-11-28T00:57:36.492+0000] {logging_mixin.py:154} INFO - [2023-11-28T00:57:36.492+0000] {dag.py:3722} INFO - Setting next_dagrun for example_sensor_decorator to None, run_after=None
[2023-11-28T00:57:36.516+0000] {processor.py:179} INFO - Processing /usr/local/lib/python3.10/dist-packages/airflow/example_dags/example_sensor_decorator.py took 0.067 seconds
[2023-11-28T00:58:23.136+0000] {processor.py:157} INFO - Started process (PID=5458) to work on /usr/local/lib/python3.10/dist-packages/airflow/example_dags/example_sensor_decorator.py
[2023-11-28T00:58:23.138+0000] {processor.py:829} INFO - Processing file /usr/local/lib/python3.10/dist-packages/airflow/example_dags/example_sensor_decorator.py for tasks to queue
[2023-11-28T00:58:23.138+0000] {logging_mixin.py:154} INFO - [2023-11-28T00:58:23.138+0000] {dagbag.py:536} INFO - Filling up the DagBag from /usr/local/lib/python3.10/dist-packages/airflow/example_dags/example_sensor_decorator.py
[2023-11-28T00:58:23.145+0000] {processor.py:839} INFO - DAG(s) dict_keys(['example_sensor_decorator']) retrieved from /usr/local/lib/python3.10/dist-packages/airflow/example_dags/example_sensor_decorator.py
[2023-11-28T00:58:23.161+0000] {logging_mixin.py:154} INFO - [2023-11-28T00:58:23.161+0000] {dag.py:2941} INFO - Sync 1 DAGs
[2023-11-28T00:58:23.173+0000] {logging_mixin.py:154} INFO - [2023-11-28T00:58:23.173+0000] {dag.py:3722} INFO - Setting next_dagrun for example_sensor_decorator to None, run_after=None
[2023-11-28T00:58:23.195+0000] {processor.py:179} INFO - Processing /usr/local/lib/python3.10/dist-packages/airflow/example_dags/example_sensor_decorator.py took 0.062 seconds
[2023-11-28T00:59:10.078+0000] {processor.py:157} INFO - Started process (PID=5506) to work on /usr/local/lib/python3.10/dist-packages/airflow/example_dags/example_sensor_decorator.py
[2023-11-28T00:59:10.079+0000] {processor.py:829} INFO - Processing file /usr/local/lib/python3.10/dist-packages/airflow/example_dags/example_sensor_decorator.py for tasks to queue
[2023-11-28T00:59:10.080+0000] {logging_mixin.py:154} INFO - [2023-11-28T00:59:10.080+0000] {dagbag.py:536} INFO - Filling up the DagBag from /usr/local/lib/python3.10/dist-packages/airflow/example_dags/example_sensor_decorator.py
[2023-11-28T00:59:10.087+0000] {processor.py:839} INFO - DAG(s) dict_keys(['example_sensor_decorator']) retrieved from /usr/local/lib/python3.10/dist-packages/airflow/example_dags/example_sensor_decorator.py
[2023-11-28T00:59:10.105+0000] {logging_mixin.py:154} INFO - [2023-11-28T00:59:10.104+0000] {dag.py:2941} INFO - Sync 1 DAGs
[2023-11-28T00:59:10.118+0000] {logging_mixin.py:154} INFO - [2023-11-28T00:59:10.117+0000] {dag.py:3722} INFO - Setting next_dagrun for example_sensor_decorator to None, run_after=None
[2023-11-28T00:59:10.140+0000] {processor.py:179} INFO - Processing /usr/local/lib/python3.10/dist-packages/airflow/example_dags/example_sensor_decorator.py took 0.066 seconds
[2023-11-28T00:59:53.754+0000] {processor.py:157} INFO - Started process (PID=5552) to work on /usr/local/lib/python3.10/dist-packages/airflow/example_dags/example_sensor_decorator.py
[2023-11-28T00:59:53.756+0000] {processor.py:829} INFO - Processing file /usr/local/lib/python3.10/dist-packages/airflow/example_dags/example_sensor_decorator.py for tasks to queue
[2023-11-28T00:59:53.756+0000] {logging_mixin.py:154} INFO - [2023-11-28T00:59:53.756+0000] {dagbag.py:536} INFO - Filling up the DagBag from /usr/local/lib/python3.10/dist-packages/airflow/example_dags/example_sensor_decorator.py
[2023-11-28T00:59:53.763+0000] {processor.py:839} INFO - DAG(s) dict_keys(['example_sensor_decorator']) retrieved from /usr/local/lib/python3.10/dist-packages/airflow/example_dags/example_sensor_decorator.py
[2023-11-28T00:59:53.779+0000] {logging_mixin.py:154} INFO - [2023-11-28T00:59:53.779+0000] {dag.py:2941} INFO - Sync 1 DAGs
[2023-11-28T00:59:53.791+0000] {logging_mixin.py:154} INFO - [2023-11-28T00:59:53.791+0000] {dag.py:3722} INFO - Setting next_dagrun for example_sensor_decorator to None, run_after=None
[2023-11-28T00:59:53.814+0000] {processor.py:179} INFO - Processing /usr/local/lib/python3.10/dist-packages/airflow/example_dags/example_sensor_decorator.py took 0.063 seconds
[2023-11-28T01:00:37.350+0000] {processor.py:157} INFO - Started process (PID=5596) to work on /usr/local/lib/python3.10/dist-packages/airflow/example_dags/example_sensor_decorator.py
[2023-11-28T01:00:37.351+0000] {processor.py:829} INFO - Processing file /usr/local/lib/python3.10/dist-packages/airflow/example_dags/example_sensor_decorator.py for tasks to queue
[2023-11-28T01:00:37.352+0000] {logging_mixin.py:154} INFO - [2023-11-28T01:00:37.352+0000] {dagbag.py:536} INFO - Filling up the DagBag from /usr/local/lib/python3.10/dist-packages/airflow/example_dags/example_sensor_decorator.py
[2023-11-28T01:00:37.359+0000] {processor.py:839} INFO - DAG(s) dict_keys(['example_sensor_decorator']) retrieved from /usr/local/lib/python3.10/dist-packages/airflow/example_dags/example_sensor_decorator.py
[2023-11-28T01:00:37.377+0000] {logging_mixin.py:154} INFO - [2023-11-28T01:00:37.376+0000] {dag.py:2941} INFO - Sync 1 DAGs
[2023-11-28T01:00:37.389+0000] {logging_mixin.py:154} INFO - [2023-11-28T01:00:37.389+0000] {dag.py:3722} INFO - Setting next_dagrun for example_sensor_decorator to None, run_after=None
[2023-11-28T01:00:37.413+0000] {processor.py:179} INFO - Processing /usr/local/lib/python3.10/dist-packages/airflow/example_dags/example_sensor_decorator.py took 0.067 seconds
[2023-11-28T01:01:22.667+0000] {processor.py:157} INFO - Started process (PID=5644) to work on /usr/local/lib/python3.10/dist-packages/airflow/example_dags/example_sensor_decorator.py
[2023-11-28T01:01:22.669+0000] {processor.py:829} INFO - Processing file /usr/local/lib/python3.10/dist-packages/airflow/example_dags/example_sensor_decorator.py for tasks to queue
[2023-11-28T01:01:22.669+0000] {logging_mixin.py:154} INFO - [2023-11-28T01:01:22.669+0000] {dagbag.py:536} INFO - Filling up the DagBag from /usr/local/lib/python3.10/dist-packages/airflow/example_dags/example_sensor_decorator.py
[2023-11-28T01:01:22.676+0000] {processor.py:839} INFO - DAG(s) dict_keys(['example_sensor_decorator']) retrieved from /usr/local/lib/python3.10/dist-packages/airflow/example_dags/example_sensor_decorator.py
[2023-11-28T01:01:22.693+0000] {logging_mixin.py:154} INFO - [2023-11-28T01:01:22.693+0000] {dag.py:2941} INFO - Sync 1 DAGs
[2023-11-28T01:01:22.706+0000] {logging_mixin.py:154} INFO - [2023-11-28T01:01:22.706+0000] {dag.py:3722} INFO - Setting next_dagrun for example_sensor_decorator to None, run_after=None
[2023-11-28T01:01:22.727+0000] {processor.py:179} INFO - Processing /usr/local/lib/python3.10/dist-packages/airflow/example_dags/example_sensor_decorator.py took 0.063 seconds
[2023-11-28T01:02:07.324+0000] {processor.py:157} INFO - Started process (PID=5690) to work on /usr/local/lib/python3.10/dist-packages/airflow/example_dags/example_sensor_decorator.py
[2023-11-28T01:02:07.326+0000] {processor.py:829} INFO - Processing file /usr/local/lib/python3.10/dist-packages/airflow/example_dags/example_sensor_decorator.py for tasks to queue
[2023-11-28T01:02:07.327+0000] {logging_mixin.py:154} INFO - [2023-11-28T01:02:07.326+0000] {dagbag.py:536} INFO - Filling up the DagBag from /usr/local/lib/python3.10/dist-packages/airflow/example_dags/example_sensor_decorator.py
[2023-11-28T01:02:07.334+0000] {processor.py:839} INFO - DAG(s) dict_keys(['example_sensor_decorator']) retrieved from /usr/local/lib/python3.10/dist-packages/airflow/example_dags/example_sensor_decorator.py
[2023-11-28T01:02:07.351+0000] {logging_mixin.py:154} INFO - [2023-11-28T01:02:07.350+0000] {dag.py:2941} INFO - Sync 1 DAGs
[2023-11-28T01:02:07.363+0000] {logging_mixin.py:154} INFO - [2023-11-28T01:02:07.363+0000] {dag.py:3722} INFO - Setting next_dagrun for example_sensor_decorator to None, run_after=None
[2023-11-28T01:02:07.385+0000] {processor.py:179} INFO - Processing /usr/local/lib/python3.10/dist-packages/airflow/example_dags/example_sensor_decorator.py took 0.065 seconds
[2023-11-28T01:02:49.956+0000] {processor.py:157} INFO - Started process (PID=5736) to work on /usr/local/lib/python3.10/dist-packages/airflow/example_dags/example_sensor_decorator.py
[2023-11-28T01:02:49.958+0000] {processor.py:829} INFO - Processing file /usr/local/lib/python3.10/dist-packages/airflow/example_dags/example_sensor_decorator.py for tasks to queue
[2023-11-28T01:02:49.958+0000] {logging_mixin.py:154} INFO - [2023-11-28T01:02:49.958+0000] {dagbag.py:536} INFO - Filling up the DagBag from /usr/local/lib/python3.10/dist-packages/airflow/example_dags/example_sensor_decorator.py
[2023-11-28T01:02:49.965+0000] {processor.py:839} INFO - DAG(s) dict_keys(['example_sensor_decorator']) retrieved from /usr/local/lib/python3.10/dist-packages/airflow/example_dags/example_sensor_decorator.py
[2023-11-28T01:02:49.982+0000] {logging_mixin.py:154} INFO - [2023-11-28T01:02:49.982+0000] {dag.py:2941} INFO - Sync 1 DAGs
[2023-11-28T01:02:49.995+0000] {logging_mixin.py:154} INFO - [2023-11-28T01:02:49.995+0000] {dag.py:3722} INFO - Setting next_dagrun for example_sensor_decorator to None, run_after=None
[2023-11-28T01:02:50.022+0000] {processor.py:179} INFO - Processing /usr/local/lib/python3.10/dist-packages/airflow/example_dags/example_sensor_decorator.py took 0.069 seconds
[2023-11-28T01:03:36.311+0000] {processor.py:157} INFO - Started process (PID=5785) to work on /usr/local/lib/python3.10/dist-packages/airflow/example_dags/example_sensor_decorator.py
[2023-11-28T01:03:36.312+0000] {processor.py:829} INFO - Processing file /usr/local/lib/python3.10/dist-packages/airflow/example_dags/example_sensor_decorator.py for tasks to queue
[2023-11-28T01:03:36.313+0000] {logging_mixin.py:154} INFO - [2023-11-28T01:03:36.313+0000] {dagbag.py:536} INFO - Filling up the DagBag from /usr/local/lib/python3.10/dist-packages/airflow/example_dags/example_sensor_decorator.py
[2023-11-28T01:03:36.320+0000] {processor.py:839} INFO - DAG(s) dict_keys(['example_sensor_decorator']) retrieved from /usr/local/lib/python3.10/dist-packages/airflow/example_dags/example_sensor_decorator.py
[2023-11-28T01:03:36.337+0000] {logging_mixin.py:154} INFO - [2023-11-28T01:03:36.337+0000] {dag.py:2941} INFO - Sync 1 DAGs
[2023-11-28T01:03:36.349+0000] {logging_mixin.py:154} INFO - [2023-11-28T01:03:36.349+0000] {dag.py:3722} INFO - Setting next_dagrun for example_sensor_decorator to None, run_after=None
[2023-11-28T01:03:36.372+0000] {processor.py:179} INFO - Processing /usr/local/lib/python3.10/dist-packages/airflow/example_dags/example_sensor_decorator.py took 0.064 seconds
[2023-11-28T01:04:21.719+0000] {processor.py:157} INFO - Started process (PID=5944) to work on /usr/local/lib/python3.10/dist-packages/airflow/example_dags/example_sensor_decorator.py
[2023-11-28T01:04:21.721+0000] {processor.py:829} INFO - Processing file /usr/local/lib/python3.10/dist-packages/airflow/example_dags/example_sensor_decorator.py for tasks to queue
[2023-11-28T01:04:21.722+0000] {logging_mixin.py:154} INFO - [2023-11-28T01:04:21.721+0000] {dagbag.py:536} INFO - Filling up the DagBag from /usr/local/lib/python3.10/dist-packages/airflow/example_dags/example_sensor_decorator.py
[2023-11-28T01:04:21.729+0000] {processor.py:839} INFO - DAG(s) dict_keys(['example_sensor_decorator']) retrieved from /usr/local/lib/python3.10/dist-packages/airflow/example_dags/example_sensor_decorator.py
[2023-11-28T01:04:21.746+0000] {logging_mixin.py:154} INFO - [2023-11-28T01:04:21.746+0000] {dag.py:2941} INFO - Sync 1 DAGs
[2023-11-28T01:04:21.759+0000] {logging_mixin.py:154} INFO - [2023-11-28T01:04:21.759+0000] {dag.py:3722} INFO - Setting next_dagrun for example_sensor_decorator to None, run_after=None
[2023-11-28T01:04:21.782+0000] {processor.py:179} INFO - Processing /usr/local/lib/python3.10/dist-packages/airflow/example_dags/example_sensor_decorator.py took 0.066 seconds
[2023-11-28T01:05:06.324+0000] {processor.py:157} INFO - Started process (PID=5991) to work on /usr/local/lib/python3.10/dist-packages/airflow/example_dags/example_sensor_decorator.py
[2023-11-28T01:05:06.325+0000] {processor.py:829} INFO - Processing file /usr/local/lib/python3.10/dist-packages/airflow/example_dags/example_sensor_decorator.py for tasks to queue
[2023-11-28T01:05:06.326+0000] {logging_mixin.py:154} INFO - [2023-11-28T01:05:06.326+0000] {dagbag.py:536} INFO - Filling up the DagBag from /usr/local/lib/python3.10/dist-packages/airflow/example_dags/example_sensor_decorator.py
[2023-11-28T01:05:06.333+0000] {processor.py:839} INFO - DAG(s) dict_keys(['example_sensor_decorator']) retrieved from /usr/local/lib/python3.10/dist-packages/airflow/example_dags/example_sensor_decorator.py
[2023-11-28T01:05:06.350+0000] {logging_mixin.py:154} INFO - [2023-11-28T01:05:06.350+0000] {dag.py:2941} INFO - Sync 1 DAGs
[2023-11-28T01:05:06.363+0000] {logging_mixin.py:154} INFO - [2023-11-28T01:05:06.363+0000] {dag.py:3722} INFO - Setting next_dagrun for example_sensor_decorator to None, run_after=None
[2023-11-28T01:05:06.386+0000] {processor.py:179} INFO - Processing /usr/local/lib/python3.10/dist-packages/airflow/example_dags/example_sensor_decorator.py took 0.067 seconds
[2023-11-28T01:05:52.816+0000] {processor.py:157} INFO - Started process (PID=6039) to work on /usr/local/lib/python3.10/dist-packages/airflow/example_dags/example_sensor_decorator.py
[2023-11-28T01:05:52.818+0000] {processor.py:829} INFO - Processing file /usr/local/lib/python3.10/dist-packages/airflow/example_dags/example_sensor_decorator.py for tasks to queue
[2023-11-28T01:05:52.819+0000] {logging_mixin.py:154} INFO - [2023-11-28T01:05:52.818+0000] {dagbag.py:536} INFO - Filling up the DagBag from /usr/local/lib/python3.10/dist-packages/airflow/example_dags/example_sensor_decorator.py
[2023-11-28T01:05:52.826+0000] {processor.py:839} INFO - DAG(s) dict_keys(['example_sensor_decorator']) retrieved from /usr/local/lib/python3.10/dist-packages/airflow/example_dags/example_sensor_decorator.py
[2023-11-28T01:05:52.843+0000] {logging_mixin.py:154} INFO - [2023-11-28T01:05:52.843+0000] {dag.py:2941} INFO - Sync 1 DAGs
[2023-11-28T01:05:52.856+0000] {logging_mixin.py:154} INFO - [2023-11-28T01:05:52.855+0000] {dag.py:3722} INFO - Setting next_dagrun for example_sensor_decorator to None, run_after=None
[2023-11-28T01:05:52.878+0000] {processor.py:179} INFO - Processing /usr/local/lib/python3.10/dist-packages/airflow/example_dags/example_sensor_decorator.py took 0.065 seconds
[2023-11-28T01:06:39.158+0000] {processor.py:157} INFO - Started process (PID=6087) to work on /usr/local/lib/python3.10/dist-packages/airflow/example_dags/example_sensor_decorator.py
[2023-11-28T01:06:39.161+0000] {processor.py:829} INFO - Processing file /usr/local/lib/python3.10/dist-packages/airflow/example_dags/example_sensor_decorator.py for tasks to queue
[2023-11-28T01:06:39.162+0000] {logging_mixin.py:154} INFO - [2023-11-28T01:06:39.162+0000] {dagbag.py:536} INFO - Filling up the DagBag from /usr/local/lib/python3.10/dist-packages/airflow/example_dags/example_sensor_decorator.py
[2023-11-28T01:06:39.169+0000] {processor.py:839} INFO - DAG(s) dict_keys(['example_sensor_decorator']) retrieved from /usr/local/lib/python3.10/dist-packages/airflow/example_dags/example_sensor_decorator.py
[2023-11-28T01:06:39.185+0000] {logging_mixin.py:154} INFO - [2023-11-28T01:06:39.185+0000] {dag.py:2941} INFO - Sync 1 DAGs
[2023-11-28T01:06:39.197+0000] {logging_mixin.py:154} INFO - [2023-11-28T01:06:39.197+0000] {dag.py:3722} INFO - Setting next_dagrun for example_sensor_decorator to None, run_after=None
[2023-11-28T01:06:39.219+0000] {processor.py:179} INFO - Processing /usr/local/lib/python3.10/dist-packages/airflow/example_dags/example_sensor_decorator.py took 0.064 seconds
[2023-11-28T01:07:28.299+0000] {processor.py:157} INFO - Started process (PID=6135) to work on /usr/local/lib/python3.10/dist-packages/airflow/example_dags/example_sensor_decorator.py
[2023-11-28T01:07:28.300+0000] {processor.py:829} INFO - Processing file /usr/local/lib/python3.10/dist-packages/airflow/example_dags/example_sensor_decorator.py for tasks to queue
[2023-11-28T01:07:28.301+0000] {logging_mixin.py:154} INFO - [2023-11-28T01:07:28.300+0000] {dagbag.py:536} INFO - Filling up the DagBag from /usr/local/lib/python3.10/dist-packages/airflow/example_dags/example_sensor_decorator.py
[2023-11-28T01:07:28.308+0000] {processor.py:839} INFO - DAG(s) dict_keys(['example_sensor_decorator']) retrieved from /usr/local/lib/python3.10/dist-packages/airflow/example_dags/example_sensor_decorator.py
[2023-11-28T01:07:28.324+0000] {logging_mixin.py:154} INFO - [2023-11-28T01:07:28.324+0000] {dag.py:2941} INFO - Sync 1 DAGs
[2023-11-28T01:07:28.337+0000] {logging_mixin.py:154} INFO - [2023-11-28T01:07:28.337+0000] {dag.py:3722} INFO - Setting next_dagrun for example_sensor_decorator to None, run_after=None
[2023-11-28T01:07:28.361+0000] {processor.py:179} INFO - Processing /usr/local/lib/python3.10/dist-packages/airflow/example_dags/example_sensor_decorator.py took 0.066 seconds
[2023-11-28T01:08:16.188+0000] {processor.py:157} INFO - Started process (PID=6185) to work on /usr/local/lib/python3.10/dist-packages/airflow/example_dags/example_sensor_decorator.py
[2023-11-28T01:08:16.190+0000] {processor.py:829} INFO - Processing file /usr/local/lib/python3.10/dist-packages/airflow/example_dags/example_sensor_decorator.py for tasks to queue
[2023-11-28T01:08:16.191+0000] {logging_mixin.py:154} INFO - [2023-11-28T01:08:16.190+0000] {dagbag.py:536} INFO - Filling up the DagBag from /usr/local/lib/python3.10/dist-packages/airflow/example_dags/example_sensor_decorator.py
[2023-11-28T01:08:16.197+0000] {processor.py:839} INFO - DAG(s) dict_keys(['example_sensor_decorator']) retrieved from /usr/local/lib/python3.10/dist-packages/airflow/example_dags/example_sensor_decorator.py
[2023-11-28T01:08:16.215+0000] {logging_mixin.py:154} INFO - [2023-11-28T01:08:16.214+0000] {dag.py:2941} INFO - Sync 1 DAGs
[2023-11-28T01:08:16.227+0000] {logging_mixin.py:154} INFO - [2023-11-28T01:08:16.227+0000] {dag.py:3722} INFO - Setting next_dagrun for example_sensor_decorator to None, run_after=None
[2023-11-28T01:08:16.250+0000] {processor.py:179} INFO - Processing /usr/local/lib/python3.10/dist-packages/airflow/example_dags/example_sensor_decorator.py took 0.065 seconds
[2023-11-28T01:08:59.544+0000] {processor.py:157} INFO - Started process (PID=6232) to work on /usr/local/lib/python3.10/dist-packages/airflow/example_dags/example_sensor_decorator.py
[2023-11-28T01:08:59.545+0000] {processor.py:829} INFO - Processing file /usr/local/lib/python3.10/dist-packages/airflow/example_dags/example_sensor_decorator.py for tasks to queue
[2023-11-28T01:08:59.546+0000] {logging_mixin.py:154} INFO - [2023-11-28T01:08:59.545+0000] {dagbag.py:536} INFO - Filling up the DagBag from /usr/local/lib/python3.10/dist-packages/airflow/example_dags/example_sensor_decorator.py
[2023-11-28T01:08:59.553+0000] {processor.py:839} INFO - DAG(s) dict_keys(['example_sensor_decorator']) retrieved from /usr/local/lib/python3.10/dist-packages/airflow/example_dags/example_sensor_decorator.py
[2023-11-28T01:08:59.570+0000] {logging_mixin.py:154} INFO - [2023-11-28T01:08:59.569+0000] {dag.py:2941} INFO - Sync 1 DAGs
[2023-11-28T01:08:59.582+0000] {logging_mixin.py:154} INFO - [2023-11-28T01:08:59.582+0000] {dag.py:3722} INFO - Setting next_dagrun for example_sensor_decorator to None, run_after=None
[2023-11-28T01:08:59.605+0000] {processor.py:179} INFO - Processing /usr/local/lib/python3.10/dist-packages/airflow/example_dags/example_sensor_decorator.py took 0.064 seconds
[2023-11-28T01:09:42.205+0000] {processor.py:157} INFO - Started process (PID=6277) to work on /usr/local/lib/python3.10/dist-packages/airflow/example_dags/example_sensor_decorator.py
[2023-11-28T01:09:42.206+0000] {processor.py:829} INFO - Processing file /usr/local/lib/python3.10/dist-packages/airflow/example_dags/example_sensor_decorator.py for tasks to queue
[2023-11-28T01:09:42.207+0000] {logging_mixin.py:154} INFO - [2023-11-28T01:09:42.207+0000] {dagbag.py:536} INFO - Filling up the DagBag from /usr/local/lib/python3.10/dist-packages/airflow/example_dags/example_sensor_decorator.py
[2023-11-28T01:09:42.215+0000] {processor.py:839} INFO - DAG(s) dict_keys(['example_sensor_decorator']) retrieved from /usr/local/lib/python3.10/dist-packages/airflow/example_dags/example_sensor_decorator.py
[2023-11-28T01:09:42.233+0000] {logging_mixin.py:154} INFO - [2023-11-28T01:09:42.233+0000] {dag.py:2941} INFO - Sync 1 DAGs
[2023-11-28T01:09:42.246+0000] {logging_mixin.py:154} INFO - [2023-11-28T01:09:42.246+0000] {dag.py:3722} INFO - Setting next_dagrun for example_sensor_decorator to None, run_after=None
[2023-11-28T01:09:42.270+0000] {processor.py:179} INFO - Processing /usr/local/lib/python3.10/dist-packages/airflow/example_dags/example_sensor_decorator.py took 0.069 seconds
[2023-11-28T01:10:28.651+0000] {processor.py:157} INFO - Started process (PID=6325) to work on /usr/local/lib/python3.10/dist-packages/airflow/example_dags/example_sensor_decorator.py
[2023-11-28T01:10:28.652+0000] {processor.py:829} INFO - Processing file /usr/local/lib/python3.10/dist-packages/airflow/example_dags/example_sensor_decorator.py for tasks to queue
[2023-11-28T01:10:28.653+0000] {logging_mixin.py:154} INFO - [2023-11-28T01:10:28.652+0000] {dagbag.py:536} INFO - Filling up the DagBag from /usr/local/lib/python3.10/dist-packages/airflow/example_dags/example_sensor_decorator.py
[2023-11-28T01:10:28.660+0000] {processor.py:839} INFO - DAG(s) dict_keys(['example_sensor_decorator']) retrieved from /usr/local/lib/python3.10/dist-packages/airflow/example_dags/example_sensor_decorator.py
[2023-11-28T01:10:28.677+0000] {logging_mixin.py:154} INFO - [2023-11-28T01:10:28.677+0000] {dag.py:2941} INFO - Sync 1 DAGs
[2023-11-28T01:10:28.690+0000] {logging_mixin.py:154} INFO - [2023-11-28T01:10:28.689+0000] {dag.py:3722} INFO - Setting next_dagrun for example_sensor_decorator to None, run_after=None
[2023-11-28T01:10:28.713+0000] {processor.py:179} INFO - Processing /usr/local/lib/python3.10/dist-packages/airflow/example_dags/example_sensor_decorator.py took 0.066 seconds
[2023-11-28T01:11:17.055+0000] {processor.py:157} INFO - Started process (PID=6374) to work on /usr/local/lib/python3.10/dist-packages/airflow/example_dags/example_sensor_decorator.py
[2023-11-28T01:11:17.056+0000] {processor.py:829} INFO - Processing file /usr/local/lib/python3.10/dist-packages/airflow/example_dags/example_sensor_decorator.py for tasks to queue
[2023-11-28T01:11:17.057+0000] {logging_mixin.py:154} INFO - [2023-11-28T01:11:17.057+0000] {dagbag.py:536} INFO - Filling up the DagBag from /usr/local/lib/python3.10/dist-packages/airflow/example_dags/example_sensor_decorator.py
[2023-11-28T01:11:17.064+0000] {processor.py:839} INFO - DAG(s) dict_keys(['example_sensor_decorator']) retrieved from /usr/local/lib/python3.10/dist-packages/airflow/example_dags/example_sensor_decorator.py
[2023-11-28T01:11:17.081+0000] {logging_mixin.py:154} INFO - [2023-11-28T01:11:17.081+0000] {dag.py:2941} INFO - Sync 1 DAGs
[2023-11-28T01:11:17.093+0000] {logging_mixin.py:154} INFO - [2023-11-28T01:11:17.093+0000] {dag.py:3722} INFO - Setting next_dagrun for example_sensor_decorator to None, run_after=None
[2023-11-28T01:11:17.115+0000] {processor.py:179} INFO - Processing /usr/local/lib/python3.10/dist-packages/airflow/example_dags/example_sensor_decorator.py took 0.064 seconds
[2023-11-28T01:12:01.345+0000] {processor.py:157} INFO - Started process (PID=6420) to work on /usr/local/lib/python3.10/dist-packages/airflow/example_dags/example_sensor_decorator.py
[2023-11-28T01:12:01.347+0000] {processor.py:829} INFO - Processing file /usr/local/lib/python3.10/dist-packages/airflow/example_dags/example_sensor_decorator.py for tasks to queue
[2023-11-28T01:12:01.348+0000] {logging_mixin.py:154} INFO - [2023-11-28T01:12:01.347+0000] {dagbag.py:536} INFO - Filling up the DagBag from /usr/local/lib/python3.10/dist-packages/airflow/example_dags/example_sensor_decorator.py
[2023-11-28T01:12:01.355+0000] {processor.py:839} INFO - DAG(s) dict_keys(['example_sensor_decorator']) retrieved from /usr/local/lib/python3.10/dist-packages/airflow/example_dags/example_sensor_decorator.py
[2023-11-28T01:12:01.372+0000] {logging_mixin.py:154} INFO - [2023-11-28T01:12:01.372+0000] {dag.py:2941} INFO - Sync 1 DAGs
[2023-11-28T01:12:01.385+0000] {logging_mixin.py:154} INFO - [2023-11-28T01:12:01.384+0000] {dag.py:3722} INFO - Setting next_dagrun for example_sensor_decorator to None, run_after=None
[2023-11-28T01:12:01.408+0000] {processor.py:179} INFO - Processing /usr/local/lib/python3.10/dist-packages/airflow/example_dags/example_sensor_decorator.py took 0.067 seconds
[2023-11-28T01:12:45.100+0000] {processor.py:157} INFO - Started process (PID=6467) to work on /usr/local/lib/python3.10/dist-packages/airflow/example_dags/example_sensor_decorator.py
[2023-11-28T01:12:45.101+0000] {processor.py:829} INFO - Processing file /usr/local/lib/python3.10/dist-packages/airflow/example_dags/example_sensor_decorator.py for tasks to queue
[2023-11-28T01:12:45.102+0000] {logging_mixin.py:154} INFO - [2023-11-28T01:12:45.101+0000] {dagbag.py:536} INFO - Filling up the DagBag from /usr/local/lib/python3.10/dist-packages/airflow/example_dags/example_sensor_decorator.py
[2023-11-28T01:12:45.109+0000] {processor.py:839} INFO - DAG(s) dict_keys(['example_sensor_decorator']) retrieved from /usr/local/lib/python3.10/dist-packages/airflow/example_dags/example_sensor_decorator.py
[2023-11-28T01:12:45.127+0000] {logging_mixin.py:154} INFO - [2023-11-28T01:12:45.126+0000] {dag.py:2941} INFO - Sync 1 DAGs
[2023-11-28T01:12:45.140+0000] {logging_mixin.py:154} INFO - [2023-11-28T01:12:45.139+0000] {dag.py:3722} INFO - Setting next_dagrun for example_sensor_decorator to None, run_after=None
[2023-11-28T01:12:45.163+0000] {processor.py:179} INFO - Processing /usr/local/lib/python3.10/dist-packages/airflow/example_dags/example_sensor_decorator.py took 0.067 seconds
[2023-11-28T01:13:28.024+0000] {processor.py:157} INFO - Started process (PID=6510) to work on /usr/local/lib/python3.10/dist-packages/airflow/example_dags/example_sensor_decorator.py
[2023-11-28T01:13:28.025+0000] {processor.py:829} INFO - Processing file /usr/local/lib/python3.10/dist-packages/airflow/example_dags/example_sensor_decorator.py for tasks to queue
[2023-11-28T01:13:28.026+0000] {logging_mixin.py:154} INFO - [2023-11-28T01:13:28.026+0000] {dagbag.py:536} INFO - Filling up the DagBag from /usr/local/lib/python3.10/dist-packages/airflow/example_dags/example_sensor_decorator.py
[2023-11-28T01:13:28.033+0000] {processor.py:839} INFO - DAG(s) dict_keys(['example_sensor_decorator']) retrieved from /usr/local/lib/python3.10/dist-packages/airflow/example_dags/example_sensor_decorator.py
[2023-11-28T01:13:28.050+0000] {logging_mixin.py:154} INFO - [2023-11-28T01:13:28.050+0000] {dag.py:2941} INFO - Sync 1 DAGs
[2023-11-28T01:13:28.063+0000] {logging_mixin.py:154} INFO - [2023-11-28T01:13:28.063+0000] {dag.py:3722} INFO - Setting next_dagrun for example_sensor_decorator to None, run_after=None
[2023-11-28T01:13:28.086+0000] {processor.py:179} INFO - Processing /usr/local/lib/python3.10/dist-packages/airflow/example_dags/example_sensor_decorator.py took 0.066 seconds
[2023-11-28T01:14:20.546+0000] {processor.py:157} INFO - Started process (PID=6564) to work on /usr/local/lib/python3.10/dist-packages/airflow/example_dags/example_sensor_decorator.py
[2023-11-28T01:14:20.548+0000] {processor.py:829} INFO - Processing file /usr/local/lib/python3.10/dist-packages/airflow/example_dags/example_sensor_decorator.py for tasks to queue
[2023-11-28T01:14:20.549+0000] {logging_mixin.py:154} INFO - [2023-11-28T01:14:20.548+0000] {dagbag.py:536} INFO - Filling up the DagBag from /usr/local/lib/python3.10/dist-packages/airflow/example_dags/example_sensor_decorator.py
[2023-11-28T01:14:20.556+0000] {processor.py:839} INFO - DAG(s) dict_keys(['example_sensor_decorator']) retrieved from /usr/local/lib/python3.10/dist-packages/airflow/example_dags/example_sensor_decorator.py
[2023-11-28T01:14:20.573+0000] {logging_mixin.py:154} INFO - [2023-11-28T01:14:20.573+0000] {dag.py:2941} INFO - Sync 1 DAGs
[2023-11-28T01:14:20.586+0000] {logging_mixin.py:154} INFO - [2023-11-28T01:14:20.586+0000] {dag.py:3722} INFO - Setting next_dagrun for example_sensor_decorator to None, run_after=None
[2023-11-28T01:14:20.609+0000] {processor.py:179} INFO - Processing /usr/local/lib/python3.10/dist-packages/airflow/example_dags/example_sensor_decorator.py took 0.066 seconds
[2023-11-28T01:15:17.470+0000] {processor.py:157} INFO - Started process (PID=6631) to work on /usr/local/lib/python3.10/dist-packages/airflow/example_dags/example_sensor_decorator.py
[2023-11-28T01:15:17.471+0000] {processor.py:829} INFO - Processing file /usr/local/lib/python3.10/dist-packages/airflow/example_dags/example_sensor_decorator.py for tasks to queue
[2023-11-28T01:15:17.472+0000] {logging_mixin.py:154} INFO - [2023-11-28T01:15:17.472+0000] {dagbag.py:536} INFO - Filling up the DagBag from /usr/local/lib/python3.10/dist-packages/airflow/example_dags/example_sensor_decorator.py
[2023-11-28T01:15:17.479+0000] {processor.py:839} INFO - DAG(s) dict_keys(['example_sensor_decorator']) retrieved from /usr/local/lib/python3.10/dist-packages/airflow/example_dags/example_sensor_decorator.py
[2023-11-28T01:15:17.487+0000] {logging_mixin.py:154} INFO - [2023-11-28T01:15:17.487+0000] {dag.py:2941} INFO - Sync 1 DAGs
[2023-11-28T01:15:17.501+0000] {logging_mixin.py:154} INFO - [2023-11-28T01:15:17.501+0000] {dag.py:3722} INFO - Setting next_dagrun for example_sensor_decorator to None, run_after=None
[2023-11-28T01:15:17.525+0000] {processor.py:179} INFO - Processing /usr/local/lib/python3.10/dist-packages/airflow/example_dags/example_sensor_decorator.py took 0.059 seconds
[2023-11-28T01:16:01.083+0000] {processor.py:157} INFO - Started process (PID=6678) to work on /usr/local/lib/python3.10/dist-packages/airflow/example_dags/example_sensor_decorator.py
[2023-11-28T01:16:01.084+0000] {processor.py:829} INFO - Processing file /usr/local/lib/python3.10/dist-packages/airflow/example_dags/example_sensor_decorator.py for tasks to queue
[2023-11-28T01:16:01.085+0000] {logging_mixin.py:154} INFO - [2023-11-28T01:16:01.085+0000] {dagbag.py:536} INFO - Filling up the DagBag from /usr/local/lib/python3.10/dist-packages/airflow/example_dags/example_sensor_decorator.py
[2023-11-28T01:16:01.093+0000] {processor.py:839} INFO - DAG(s) dict_keys(['example_sensor_decorator']) retrieved from /usr/local/lib/python3.10/dist-packages/airflow/example_dags/example_sensor_decorator.py
[2023-11-28T01:16:01.109+0000] {logging_mixin.py:154} INFO - [2023-11-28T01:16:01.109+0000] {dag.py:2941} INFO - Sync 1 DAGs
[2023-11-28T01:16:01.122+0000] {logging_mixin.py:154} INFO - [2023-11-28T01:16:01.121+0000] {dag.py:3722} INFO - Setting next_dagrun for example_sensor_decorator to None, run_after=None
[2023-11-28T01:16:01.145+0000] {processor.py:179} INFO - Processing /usr/local/lib/python3.10/dist-packages/airflow/example_dags/example_sensor_decorator.py took 0.066 seconds
[2023-11-28T01:16:47.611+0000] {processor.py:157} INFO - Started process (PID=6724) to work on /usr/local/lib/python3.10/dist-packages/airflow/example_dags/example_sensor_decorator.py
[2023-11-28T01:16:47.612+0000] {processor.py:829} INFO - Processing file /usr/local/lib/python3.10/dist-packages/airflow/example_dags/example_sensor_decorator.py for tasks to queue
[2023-11-28T01:16:47.613+0000] {logging_mixin.py:154} INFO - [2023-11-28T01:16:47.613+0000] {dagbag.py:536} INFO - Filling up the DagBag from /usr/local/lib/python3.10/dist-packages/airflow/example_dags/example_sensor_decorator.py
[2023-11-28T01:16:47.620+0000] {processor.py:839} INFO - DAG(s) dict_keys(['example_sensor_decorator']) retrieved from /usr/local/lib/python3.10/dist-packages/airflow/example_dags/example_sensor_decorator.py
[2023-11-28T01:16:47.636+0000] {logging_mixin.py:154} INFO - [2023-11-28T01:16:47.636+0000] {dag.py:2941} INFO - Sync 1 DAGs
[2023-11-28T01:16:47.649+0000] {logging_mixin.py:154} INFO - [2023-11-28T01:16:47.648+0000] {dag.py:3722} INFO - Setting next_dagrun for example_sensor_decorator to None, run_after=None
[2023-11-28T01:16:47.671+0000] {processor.py:179} INFO - Processing /usr/local/lib/python3.10/dist-packages/airflow/example_dags/example_sensor_decorator.py took 0.064 seconds
[2023-11-28T01:17:34.618+0000] {processor.py:157} INFO - Started process (PID=6780) to work on /usr/local/lib/python3.10/dist-packages/airflow/example_dags/example_sensor_decorator.py
[2023-11-28T01:17:34.620+0000] {processor.py:829} INFO - Processing file /usr/local/lib/python3.10/dist-packages/airflow/example_dags/example_sensor_decorator.py for tasks to queue
[2023-11-28T01:17:34.620+0000] {logging_mixin.py:154} INFO - [2023-11-28T01:17:34.620+0000] {dagbag.py:536} INFO - Filling up the DagBag from /usr/local/lib/python3.10/dist-packages/airflow/example_dags/example_sensor_decorator.py
[2023-11-28T01:17:34.627+0000] {processor.py:839} INFO - DAG(s) dict_keys(['example_sensor_decorator']) retrieved from /usr/local/lib/python3.10/dist-packages/airflow/example_dags/example_sensor_decorator.py
[2023-11-28T01:17:34.644+0000] {logging_mixin.py:154} INFO - [2023-11-28T01:17:34.644+0000] {dag.py:2941} INFO - Sync 1 DAGs
[2023-11-28T01:17:34.656+0000] {logging_mixin.py:154} INFO - [2023-11-28T01:17:34.656+0000] {dag.py:3722} INFO - Setting next_dagrun for example_sensor_decorator to None, run_after=None
[2023-11-28T01:17:34.679+0000] {processor.py:179} INFO - Processing /usr/local/lib/python3.10/dist-packages/airflow/example_dags/example_sensor_decorator.py took 0.064 seconds
[2023-11-28T01:18:18.053+0000] {processor.py:157} INFO - Started process (PID=6826) to work on /usr/local/lib/python3.10/dist-packages/airflow/example_dags/example_sensor_decorator.py
[2023-11-28T01:18:18.054+0000] {processor.py:829} INFO - Processing file /usr/local/lib/python3.10/dist-packages/airflow/example_dags/example_sensor_decorator.py for tasks to queue
[2023-11-28T01:18:18.055+0000] {logging_mixin.py:154} INFO - [2023-11-28T01:18:18.055+0000] {dagbag.py:536} INFO - Filling up the DagBag from /usr/local/lib/python3.10/dist-packages/airflow/example_dags/example_sensor_decorator.py
[2023-11-28T01:18:18.062+0000] {processor.py:839} INFO - DAG(s) dict_keys(['example_sensor_decorator']) retrieved from /usr/local/lib/python3.10/dist-packages/airflow/example_dags/example_sensor_decorator.py
[2023-11-28T01:18:18.079+0000] {logging_mixin.py:154} INFO - [2023-11-28T01:18:18.079+0000] {dag.py:2941} INFO - Sync 1 DAGs
[2023-11-28T01:18:18.092+0000] {logging_mixin.py:154} INFO - [2023-11-28T01:18:18.091+0000] {dag.py:3722} INFO - Setting next_dagrun for example_sensor_decorator to None, run_after=None
[2023-11-28T01:18:18.114+0000] {processor.py:179} INFO - Processing /usr/local/lib/python3.10/dist-packages/airflow/example_dags/example_sensor_decorator.py took 0.064 seconds
[2023-11-28T01:19:04.498+0000] {processor.py:157} INFO - Started process (PID=6874) to work on /usr/local/lib/python3.10/dist-packages/airflow/example_dags/example_sensor_decorator.py
[2023-11-28T01:19:04.499+0000] {processor.py:829} INFO - Processing file /usr/local/lib/python3.10/dist-packages/airflow/example_dags/example_sensor_decorator.py for tasks to queue
[2023-11-28T01:19:04.500+0000] {logging_mixin.py:154} INFO - [2023-11-28T01:19:04.500+0000] {dagbag.py:536} INFO - Filling up the DagBag from /usr/local/lib/python3.10/dist-packages/airflow/example_dags/example_sensor_decorator.py
[2023-11-28T01:19:04.507+0000] {processor.py:839} INFO - DAG(s) dict_keys(['example_sensor_decorator']) retrieved from /usr/local/lib/python3.10/dist-packages/airflow/example_dags/example_sensor_decorator.py
[2023-11-28T01:19:04.526+0000] {logging_mixin.py:154} INFO - [2023-11-28T01:19:04.525+0000] {dag.py:2941} INFO - Sync 1 DAGs
[2023-11-28T01:19:04.539+0000] {logging_mixin.py:154} INFO - [2023-11-28T01:19:04.539+0000] {dag.py:3722} INFO - Setting next_dagrun for example_sensor_decorator to None, run_after=None
[2023-11-28T01:19:04.563+0000] {processor.py:179} INFO - Processing /usr/local/lib/python3.10/dist-packages/airflow/example_dags/example_sensor_decorator.py took 0.069 seconds
[2023-11-28T01:19:48.761+0000] {processor.py:157} INFO - Started process (PID=7039) to work on /usr/local/lib/python3.10/dist-packages/airflow/example_dags/example_sensor_decorator.py
[2023-11-28T01:19:48.762+0000] {processor.py:829} INFO - Processing file /usr/local/lib/python3.10/dist-packages/airflow/example_dags/example_sensor_decorator.py for tasks to queue
[2023-11-28T01:19:48.763+0000] {logging_mixin.py:154} INFO - [2023-11-28T01:19:48.763+0000] {dagbag.py:536} INFO - Filling up the DagBag from /usr/local/lib/python3.10/dist-packages/airflow/example_dags/example_sensor_decorator.py
[2023-11-28T01:19:48.770+0000] {processor.py:839} INFO - DAG(s) dict_keys(['example_sensor_decorator']) retrieved from /usr/local/lib/python3.10/dist-packages/airflow/example_dags/example_sensor_decorator.py
[2023-11-28T01:19:48.787+0000] {logging_mixin.py:154} INFO - [2023-11-28T01:19:48.787+0000] {dag.py:2941} INFO - Sync 1 DAGs
[2023-11-28T01:19:48.800+0000] {logging_mixin.py:154} INFO - [2023-11-28T01:19:48.800+0000] {dag.py:3722} INFO - Setting next_dagrun for example_sensor_decorator to None, run_after=None
[2023-11-28T01:19:48.824+0000] {processor.py:179} INFO - Processing /usr/local/lib/python3.10/dist-packages/airflow/example_dags/example_sensor_decorator.py took 0.066 seconds
