[2023-11-28T00:44:27.833+0000] {processor.py:157} INFO - Started process (PID=3409) to work on /usr/local/lib/python3.10/dist-packages/airflow/example_dags/example_sensors.py
[2023-11-28T00:44:27.834+0000] {processor.py:829} INFO - Processing file /usr/local/lib/python3.10/dist-packages/airflow/example_dags/example_sensors.py for tasks to queue
[2023-11-28T00:44:27.835+0000] {logging_mixin.py:154} INFO - [2023-11-28T00:44:27.835+0000] {dagbag.py:536} INFO - Filling up the DagBag from /usr/local/lib/python3.10/dist-packages/airflow/example_dags/example_sensors.py
[2023-11-28T00:44:27.849+0000] {processor.py:839} INFO - DAG(s) dict_keys(['example_sensors']) retrieved from /usr/local/lib/python3.10/dist-packages/airflow/example_dags/example_sensors.py
[2023-11-28T00:44:27.974+0000] {logging_mixin.py:154} INFO - [2023-11-28T00:44:27.974+0000] {manager.py:499} INFO - Created Permission View: %s
[2023-11-28T00:44:27.991+0000] {logging_mixin.py:154} INFO - [2023-11-28T00:44:27.991+0000] {manager.py:499} INFO - Created Permission View: %s
[2023-11-28T00:44:28.002+0000] {logging_mixin.py:154} INFO - [2023-11-28T00:44:28.002+0000] {manager.py:499} INFO - Created Permission View: %s
[2023-11-28T00:44:28.003+0000] {logging_mixin.py:154} INFO - [2023-11-28T00:44:28.002+0000] {dag.py:2941} INFO - Sync 1 DAGs
[2023-11-28T00:44:28.017+0000] {logging_mixin.py:154} INFO - [2023-11-28T00:44:28.016+0000] {dag.py:2963} INFO - Creating ORM DAG for example_sensors
[2023-11-28T00:44:28.017+0000] {logging_mixin.py:154} INFO - [2023-11-28T00:44:28.017+0000] {dag.py:3722} INFO - Setting next_dagrun for example_sensors to None, run_after=None
[2023-11-28T00:44:28.040+0000] {processor.py:179} INFO - Processing /usr/local/lib/python3.10/dist-packages/airflow/example_dags/example_sensors.py took 0.211 seconds
[2023-11-28T00:45:20.982+0000] {processor.py:157} INFO - Started process (PID=3543) to work on /usr/local/lib/python3.10/dist-packages/airflow/example_dags/example_sensors.py
[2023-11-28T00:45:20.983+0000] {processor.py:829} INFO - Processing file /usr/local/lib/python3.10/dist-packages/airflow/example_dags/example_sensors.py for tasks to queue
[2023-11-28T00:45:20.984+0000] {logging_mixin.py:154} INFO - [2023-11-28T00:45:20.984+0000] {dagbag.py:536} INFO - Filling up the DagBag from /usr/local/lib/python3.10/dist-packages/airflow/example_dags/example_sensors.py
[2023-11-28T00:45:20.995+0000] {processor.py:839} INFO - DAG(s) dict_keys(['example_sensors']) retrieved from /usr/local/lib/python3.10/dist-packages/airflow/example_dags/example_sensors.py
[2023-11-28T00:45:21.017+0000] {logging_mixin.py:154} INFO - [2023-11-28T00:45:21.017+0000] {dag.py:2941} INFO - Sync 1 DAGs
[2023-11-28T00:45:21.029+0000] {logging_mixin.py:154} INFO - [2023-11-28T00:45:21.029+0000] {dag.py:3722} INFO - Setting next_dagrun for example_sensors to None, run_after=None
[2023-11-28T00:45:21.052+0000] {processor.py:179} INFO - Processing /usr/local/lib/python3.10/dist-packages/airflow/example_dags/example_sensors.py took 0.074 seconds
[2023-11-28T00:46:06.394+0000] {processor.py:157} INFO - Started process (PID=3593) to work on /usr/local/lib/python3.10/dist-packages/airflow/example_dags/example_sensors.py
[2023-11-28T00:46:06.395+0000] {processor.py:829} INFO - Processing file /usr/local/lib/python3.10/dist-packages/airflow/example_dags/example_sensors.py for tasks to queue
[2023-11-28T00:46:06.396+0000] {logging_mixin.py:154} INFO - [2023-11-28T00:46:06.396+0000] {dagbag.py:536} INFO - Filling up the DagBag from /usr/local/lib/python3.10/dist-packages/airflow/example_dags/example_sensors.py
[2023-11-28T00:46:06.407+0000] {processor.py:839} INFO - DAG(s) dict_keys(['example_sensors']) retrieved from /usr/local/lib/python3.10/dist-packages/airflow/example_dags/example_sensors.py
[2023-11-28T00:46:06.428+0000] {logging_mixin.py:154} INFO - [2023-11-28T00:46:06.428+0000] {dag.py:2941} INFO - Sync 1 DAGs
[2023-11-28T00:46:06.441+0000] {logging_mixin.py:154} INFO - [2023-11-28T00:46:06.441+0000] {dag.py:3722} INFO - Setting next_dagrun for example_sensors to None, run_after=None
[2023-11-28T00:46:06.464+0000] {processor.py:179} INFO - Processing /usr/local/lib/python3.10/dist-packages/airflow/example_dags/example_sensors.py took 0.073 seconds
[2023-11-28T00:46:45.113+0000] {processor.py:157} INFO - Started process (PID=3634) to work on /usr/local/lib/python3.10/dist-packages/airflow/example_dags/example_sensors.py
[2023-11-28T00:46:45.114+0000] {processor.py:829} INFO - Processing file /usr/local/lib/python3.10/dist-packages/airflow/example_dags/example_sensors.py for tasks to queue
[2023-11-28T00:46:45.115+0000] {logging_mixin.py:154} INFO - [2023-11-28T00:46:45.114+0000] {dagbag.py:536} INFO - Filling up the DagBag from /usr/local/lib/python3.10/dist-packages/airflow/example_dags/example_sensors.py
[2023-11-28T00:46:45.126+0000] {processor.py:839} INFO - DAG(s) dict_keys(['example_sensors']) retrieved from /usr/local/lib/python3.10/dist-packages/airflow/example_dags/example_sensors.py
[2023-11-28T00:46:45.149+0000] {logging_mixin.py:154} INFO - [2023-11-28T00:46:45.148+0000] {dag.py:2941} INFO - Sync 1 DAGs
[2023-11-28T00:46:45.161+0000] {logging_mixin.py:154} INFO - [2023-11-28T00:46:45.161+0000] {dag.py:3722} INFO - Setting next_dagrun for example_sensors to None, run_after=None
[2023-11-28T00:46:45.184+0000] {processor.py:179} INFO - Processing /usr/local/lib/python3.10/dist-packages/airflow/example_dags/example_sensors.py took 0.075 seconds
[2023-11-28T00:47:25.938+0000] {processor.py:157} INFO - Started process (PID=3682) to work on /usr/local/lib/python3.10/dist-packages/airflow/example_dags/example_sensors.py
[2023-11-28T00:47:25.940+0000] {processor.py:829} INFO - Processing file /usr/local/lib/python3.10/dist-packages/airflow/example_dags/example_sensors.py for tasks to queue
[2023-11-28T00:47:25.941+0000] {logging_mixin.py:154} INFO - [2023-11-28T00:47:25.940+0000] {dagbag.py:536} INFO - Filling up the DagBag from /usr/local/lib/python3.10/dist-packages/airflow/example_dags/example_sensors.py
[2023-11-28T00:47:25.952+0000] {processor.py:839} INFO - DAG(s) dict_keys(['example_sensors']) retrieved from /usr/local/lib/python3.10/dist-packages/airflow/example_dags/example_sensors.py
[2023-11-28T00:47:25.974+0000] {logging_mixin.py:154} INFO - [2023-11-28T00:47:25.974+0000] {dag.py:2941} INFO - Sync 1 DAGs
[2023-11-28T00:47:25.987+0000] {logging_mixin.py:154} INFO - [2023-11-28T00:47:25.986+0000] {dag.py:3722} INFO - Setting next_dagrun for example_sensors to None, run_after=None
[2023-11-28T00:47:26.013+0000] {processor.py:179} INFO - Processing /usr/local/lib/python3.10/dist-packages/airflow/example_dags/example_sensors.py took 0.078 seconds
[2023-11-28T00:48:11.779+0000] {processor.py:157} INFO - Started process (PID=3728) to work on /usr/local/lib/python3.10/dist-packages/airflow/example_dags/example_sensors.py
[2023-11-28T00:48:11.781+0000] {processor.py:829} INFO - Processing file /usr/local/lib/python3.10/dist-packages/airflow/example_dags/example_sensors.py for tasks to queue
[2023-11-28T00:48:11.782+0000] {logging_mixin.py:154} INFO - [2023-11-28T00:48:11.781+0000] {dagbag.py:536} INFO - Filling up the DagBag from /usr/local/lib/python3.10/dist-packages/airflow/example_dags/example_sensors.py
[2023-11-28T00:48:11.793+0000] {processor.py:839} INFO - DAG(s) dict_keys(['example_sensors']) retrieved from /usr/local/lib/python3.10/dist-packages/airflow/example_dags/example_sensors.py
[2023-11-28T00:48:11.815+0000] {logging_mixin.py:154} INFO - [2023-11-28T00:48:11.815+0000] {dag.py:2941} INFO - Sync 1 DAGs
[2023-11-28T00:48:11.828+0000] {logging_mixin.py:154} INFO - [2023-11-28T00:48:11.828+0000] {dag.py:3722} INFO - Setting next_dagrun for example_sensors to None, run_after=None
[2023-11-28T00:48:11.850+0000] {processor.py:179} INFO - Processing /usr/local/lib/python3.10/dist-packages/airflow/example_dags/example_sensors.py took 0.074 seconds
[2023-11-28T00:48:56.302+0000] {processor.py:157} INFO - Started process (PID=3774) to work on /usr/local/lib/python3.10/dist-packages/airflow/example_dags/example_sensors.py
[2023-11-28T00:48:56.303+0000] {processor.py:829} INFO - Processing file /usr/local/lib/python3.10/dist-packages/airflow/example_dags/example_sensors.py for tasks to queue
[2023-11-28T00:48:56.304+0000] {logging_mixin.py:154} INFO - [2023-11-28T00:48:56.303+0000] {dagbag.py:536} INFO - Filling up the DagBag from /usr/local/lib/python3.10/dist-packages/airflow/example_dags/example_sensors.py
[2023-11-28T00:48:56.315+0000] {processor.py:839} INFO - DAG(s) dict_keys(['example_sensors']) retrieved from /usr/local/lib/python3.10/dist-packages/airflow/example_dags/example_sensors.py
[2023-11-28T00:48:56.336+0000] {logging_mixin.py:154} INFO - [2023-11-28T00:48:56.336+0000] {dag.py:2941} INFO - Sync 1 DAGs
[2023-11-28T00:48:56.349+0000] {logging_mixin.py:154} INFO - [2023-11-28T00:48:56.349+0000] {dag.py:3722} INFO - Setting next_dagrun for example_sensors to None, run_after=None
[2023-11-28T00:48:56.371+0000] {processor.py:179} INFO - Processing /usr/local/lib/python3.10/dist-packages/airflow/example_dags/example_sensors.py took 0.073 seconds
[2023-11-28T00:49:40.228+0000] {processor.py:157} INFO - Started process (PID=3821) to work on /usr/local/lib/python3.10/dist-packages/airflow/example_dags/example_sensors.py
[2023-11-28T00:49:40.229+0000] {processor.py:829} INFO - Processing file /usr/local/lib/python3.10/dist-packages/airflow/example_dags/example_sensors.py for tasks to queue
[2023-11-28T00:49:40.230+0000] {logging_mixin.py:154} INFO - [2023-11-28T00:49:40.230+0000] {dagbag.py:536} INFO - Filling up the DagBag from /usr/local/lib/python3.10/dist-packages/airflow/example_dags/example_sensors.py
[2023-11-28T00:49:40.241+0000] {processor.py:839} INFO - DAG(s) dict_keys(['example_sensors']) retrieved from /usr/local/lib/python3.10/dist-packages/airflow/example_dags/example_sensors.py
[2023-11-28T00:49:40.262+0000] {logging_mixin.py:154} INFO - [2023-11-28T00:49:40.262+0000] {dag.py:2941} INFO - Sync 1 DAGs
[2023-11-28T00:49:40.275+0000] {logging_mixin.py:154} INFO - [2023-11-28T00:49:40.275+0000] {dag.py:3722} INFO - Setting next_dagrun for example_sensors to None, run_after=None
[2023-11-28T00:49:40.297+0000] {processor.py:179} INFO - Processing /usr/local/lib/python3.10/dist-packages/airflow/example_dags/example_sensors.py took 0.073 seconds
[2023-11-28T00:50:25.988+0000] {processor.py:157} INFO - Started process (PID=3868) to work on /usr/local/lib/python3.10/dist-packages/airflow/example_dags/example_sensors.py
[2023-11-28T00:50:25.990+0000] {processor.py:829} INFO - Processing file /usr/local/lib/python3.10/dist-packages/airflow/example_dags/example_sensors.py for tasks to queue
[2023-11-28T00:50:25.991+0000] {logging_mixin.py:154} INFO - [2023-11-28T00:50:25.990+0000] {dagbag.py:536} INFO - Filling up the DagBag from /usr/local/lib/python3.10/dist-packages/airflow/example_dags/example_sensors.py
[2023-11-28T00:50:26.001+0000] {processor.py:839} INFO - DAG(s) dict_keys(['example_sensors']) retrieved from /usr/local/lib/python3.10/dist-packages/airflow/example_dags/example_sensors.py
[2023-11-28T00:50:26.024+0000] {logging_mixin.py:154} INFO - [2023-11-28T00:50:26.023+0000] {dag.py:2941} INFO - Sync 1 DAGs
[2023-11-28T00:50:26.036+0000] {logging_mixin.py:154} INFO - [2023-11-28T00:50:26.036+0000] {dag.py:3722} INFO - Setting next_dagrun for example_sensors to None, run_after=None
[2023-11-28T00:50:26.059+0000] {processor.py:179} INFO - Processing /usr/local/lib/python3.10/dist-packages/airflow/example_dags/example_sensors.py took 0.074 seconds
[2023-11-28T00:51:13.965+0000] {processor.py:157} INFO - Started process (PID=3916) to work on /usr/local/lib/python3.10/dist-packages/airflow/example_dags/example_sensors.py
[2023-11-28T00:51:13.967+0000] {processor.py:829} INFO - Processing file /usr/local/lib/python3.10/dist-packages/airflow/example_dags/example_sensors.py for tasks to queue
[2023-11-28T00:51:13.968+0000] {logging_mixin.py:154} INFO - [2023-11-28T00:51:13.967+0000] {dagbag.py:536} INFO - Filling up the DagBag from /usr/local/lib/python3.10/dist-packages/airflow/example_dags/example_sensors.py
[2023-11-28T00:51:13.978+0000] {processor.py:839} INFO - DAG(s) dict_keys(['example_sensors']) retrieved from /usr/local/lib/python3.10/dist-packages/airflow/example_dags/example_sensors.py
[2023-11-28T00:51:14.000+0000] {logging_mixin.py:154} INFO - [2023-11-28T00:51:13.999+0000] {dag.py:2941} INFO - Sync 1 DAGs
[2023-11-28T00:51:14.013+0000] {logging_mixin.py:154} INFO - [2023-11-28T00:51:14.012+0000] {dag.py:3722} INFO - Setting next_dagrun for example_sensors to None, run_after=None
[2023-11-28T00:51:14.036+0000] {processor.py:179} INFO - Processing /usr/local/lib/python3.10/dist-packages/airflow/example_dags/example_sensors.py took 0.074 seconds
[2023-11-28T00:52:00.385+0000] {processor.py:157} INFO - Started process (PID=3965) to work on /usr/local/lib/python3.10/dist-packages/airflow/example_dags/example_sensors.py
[2023-11-28T00:52:00.387+0000] {processor.py:829} INFO - Processing file /usr/local/lib/python3.10/dist-packages/airflow/example_dags/example_sensors.py for tasks to queue
[2023-11-28T00:52:00.388+0000] {logging_mixin.py:154} INFO - [2023-11-28T00:52:00.387+0000] {dagbag.py:536} INFO - Filling up the DagBag from /usr/local/lib/python3.10/dist-packages/airflow/example_dags/example_sensors.py
[2023-11-28T00:52:00.400+0000] {processor.py:839} INFO - DAG(s) dict_keys(['example_sensors']) retrieved from /usr/local/lib/python3.10/dist-packages/airflow/example_dags/example_sensors.py
[2023-11-28T00:52:00.422+0000] {logging_mixin.py:154} INFO - [2023-11-28T00:52:00.422+0000] {dag.py:2941} INFO - Sync 1 DAGs
[2023-11-28T00:52:00.435+0000] {logging_mixin.py:154} INFO - [2023-11-28T00:52:00.435+0000] {dag.py:3722} INFO - Setting next_dagrun for example_sensors to None, run_after=None
[2023-11-28T00:52:00.458+0000] {processor.py:179} INFO - Processing /usr/local/lib/python3.10/dist-packages/airflow/example_dags/example_sensors.py took 0.077 seconds
[2023-11-28T00:52:44.632+0000] {processor.py:157} INFO - Started process (PID=4371) to work on /usr/local/lib/python3.10/dist-packages/airflow/example_dags/example_sensors.py
[2023-11-28T00:52:44.634+0000] {processor.py:829} INFO - Processing file /usr/local/lib/python3.10/dist-packages/airflow/example_dags/example_sensors.py for tasks to queue
[2023-11-28T00:52:44.635+0000] {logging_mixin.py:154} INFO - [2023-11-28T00:52:44.634+0000] {dagbag.py:536} INFO - Filling up the DagBag from /usr/local/lib/python3.10/dist-packages/airflow/example_dags/example_sensors.py
[2023-11-28T00:52:44.645+0000] {processor.py:839} INFO - DAG(s) dict_keys(['example_sensors']) retrieved from /usr/local/lib/python3.10/dist-packages/airflow/example_dags/example_sensors.py
[2023-11-28T00:52:44.667+0000] {logging_mixin.py:154} INFO - [2023-11-28T00:52:44.667+0000] {dag.py:2941} INFO - Sync 1 DAGs
[2023-11-28T00:52:44.680+0000] {logging_mixin.py:154} INFO - [2023-11-28T00:52:44.680+0000] {dag.py:3722} INFO - Setting next_dagrun for example_sensors to None, run_after=None
[2023-11-28T00:52:44.702+0000] {processor.py:179} INFO - Processing /usr/local/lib/python3.10/dist-packages/airflow/example_dags/example_sensors.py took 0.073 seconds
[2023-11-28T00:53:32.277+0000] {processor.py:157} INFO - Started process (PID=4524) to work on /usr/local/lib/python3.10/dist-packages/airflow/example_dags/example_sensors.py
[2023-11-28T00:53:32.279+0000] {processor.py:829} INFO - Processing file /usr/local/lib/python3.10/dist-packages/airflow/example_dags/example_sensors.py for tasks to queue
[2023-11-28T00:53:32.280+0000] {logging_mixin.py:154} INFO - [2023-11-28T00:53:32.279+0000] {dagbag.py:536} INFO - Filling up the DagBag from /usr/local/lib/python3.10/dist-packages/airflow/example_dags/example_sensors.py
[2023-11-28T00:53:32.290+0000] {processor.py:839} INFO - DAG(s) dict_keys(['example_sensors']) retrieved from /usr/local/lib/python3.10/dist-packages/airflow/example_dags/example_sensors.py
[2023-11-28T00:53:32.312+0000] {logging_mixin.py:154} INFO - [2023-11-28T00:53:32.311+0000] {dag.py:2941} INFO - Sync 1 DAGs
[2023-11-28T00:53:32.323+0000] {logging_mixin.py:154} INFO - [2023-11-28T00:53:32.323+0000] {dag.py:3722} INFO - Setting next_dagrun for example_sensors to None, run_after=None
[2023-11-28T00:53:32.346+0000] {processor.py:179} INFO - Processing /usr/local/lib/python3.10/dist-packages/airflow/example_dags/example_sensors.py took 0.072 seconds
[2023-11-28T00:54:15.870+0000] {processor.py:157} INFO - Started process (PID=4884) to work on /usr/local/lib/python3.10/dist-packages/airflow/example_dags/example_sensors.py
[2023-11-28T00:54:15.871+0000] {processor.py:829} INFO - Processing file /usr/local/lib/python3.10/dist-packages/airflow/example_dags/example_sensors.py for tasks to queue
[2023-11-28T00:54:15.872+0000] {logging_mixin.py:154} INFO - [2023-11-28T00:54:15.872+0000] {dagbag.py:536} INFO - Filling up the DagBag from /usr/local/lib/python3.10/dist-packages/airflow/example_dags/example_sensors.py
[2023-11-28T00:54:15.883+0000] {processor.py:839} INFO - DAG(s) dict_keys(['example_sensors']) retrieved from /usr/local/lib/python3.10/dist-packages/airflow/example_dags/example_sensors.py
[2023-11-28T00:54:15.905+0000] {logging_mixin.py:154} INFO - [2023-11-28T00:54:15.905+0000] {dag.py:2941} INFO - Sync 1 DAGs
[2023-11-28T00:54:15.918+0000] {logging_mixin.py:154} INFO - [2023-11-28T00:54:15.918+0000] {dag.py:3722} INFO - Setting next_dagrun for example_sensors to None, run_after=None
[2023-11-28T00:54:15.942+0000] {processor.py:179} INFO - Processing /usr/local/lib/python3.10/dist-packages/airflow/example_dags/example_sensors.py took 0.075 seconds
[2023-11-28T00:54:59.233+0000] {processor.py:157} INFO - Started process (PID=4928) to work on /usr/local/lib/python3.10/dist-packages/airflow/example_dags/example_sensors.py
[2023-11-28T00:54:59.234+0000] {processor.py:829} INFO - Processing file /usr/local/lib/python3.10/dist-packages/airflow/example_dags/example_sensors.py for tasks to queue
[2023-11-28T00:54:59.235+0000] {logging_mixin.py:154} INFO - [2023-11-28T00:54:59.235+0000] {dagbag.py:536} INFO - Filling up the DagBag from /usr/local/lib/python3.10/dist-packages/airflow/example_dags/example_sensors.py
[2023-11-28T00:54:59.246+0000] {processor.py:839} INFO - DAG(s) dict_keys(['example_sensors']) retrieved from /usr/local/lib/python3.10/dist-packages/airflow/example_dags/example_sensors.py
[2023-11-28T00:54:59.267+0000] {logging_mixin.py:154} INFO - [2023-11-28T00:54:59.267+0000] {dag.py:2941} INFO - Sync 1 DAGs
[2023-11-28T00:54:59.279+0000] {logging_mixin.py:154} INFO - [2023-11-28T00:54:59.279+0000] {dag.py:3722} INFO - Setting next_dagrun for example_sensors to None, run_after=None
[2023-11-28T00:54:59.302+0000] {processor.py:179} INFO - Processing /usr/local/lib/python3.10/dist-packages/airflow/example_dags/example_sensors.py took 0.073 seconds
[2023-11-28T00:55:46.104+0000] {processor.py:157} INFO - Started process (PID=4977) to work on /usr/local/lib/python3.10/dist-packages/airflow/example_dags/example_sensors.py
[2023-11-28T00:55:46.106+0000] {processor.py:829} INFO - Processing file /usr/local/lib/python3.10/dist-packages/airflow/example_dags/example_sensors.py for tasks to queue
[2023-11-28T00:55:46.107+0000] {logging_mixin.py:154} INFO - [2023-11-28T00:55:46.106+0000] {dagbag.py:536} INFO - Filling up the DagBag from /usr/local/lib/python3.10/dist-packages/airflow/example_dags/example_sensors.py
[2023-11-28T00:55:46.118+0000] {processor.py:839} INFO - DAG(s) dict_keys(['example_sensors']) retrieved from /usr/local/lib/python3.10/dist-packages/airflow/example_dags/example_sensors.py
[2023-11-28T00:55:46.141+0000] {logging_mixin.py:154} INFO - [2023-11-28T00:55:46.140+0000] {dag.py:2941} INFO - Sync 1 DAGs
[2023-11-28T00:55:46.154+0000] {logging_mixin.py:154} INFO - [2023-11-28T00:55:46.154+0000] {dag.py:3722} INFO - Setting next_dagrun for example_sensors to None, run_after=None
[2023-11-28T00:55:46.178+0000] {processor.py:179} INFO - Processing /usr/local/lib/python3.10/dist-packages/airflow/example_dags/example_sensors.py took 0.077 seconds
[2023-11-28T00:56:32.041+0000] {processor.py:157} INFO - Started process (PID=5341) to work on /usr/local/lib/python3.10/dist-packages/airflow/example_dags/example_sensors.py
[2023-11-28T00:56:32.042+0000] {processor.py:829} INFO - Processing file /usr/local/lib/python3.10/dist-packages/airflow/example_dags/example_sensors.py for tasks to queue
[2023-11-28T00:56:32.043+0000] {logging_mixin.py:154} INFO - [2023-11-28T00:56:32.043+0000] {dagbag.py:536} INFO - Filling up the DagBag from /usr/local/lib/python3.10/dist-packages/airflow/example_dags/example_sensors.py
[2023-11-28T00:56:32.054+0000] {processor.py:839} INFO - DAG(s) dict_keys(['example_sensors']) retrieved from /usr/local/lib/python3.10/dist-packages/airflow/example_dags/example_sensors.py
[2023-11-28T00:56:32.076+0000] {logging_mixin.py:154} INFO - [2023-11-28T00:56:32.075+0000] {dag.py:2941} INFO - Sync 1 DAGs
[2023-11-28T00:56:32.088+0000] {logging_mixin.py:154} INFO - [2023-11-28T00:56:32.088+0000] {dag.py:3722} INFO - Setting next_dagrun for example_sensors to None, run_after=None
[2023-11-28T00:56:32.111+0000] {processor.py:179} INFO - Processing /usr/local/lib/python3.10/dist-packages/airflow/example_dags/example_sensors.py took 0.074 seconds
[2023-11-28T00:57:18.869+0000] {processor.py:157} INFO - Started process (PID=5393) to work on /usr/local/lib/python3.10/dist-packages/airflow/example_dags/example_sensors.py
[2023-11-28T00:57:18.870+0000] {processor.py:829} INFO - Processing file /usr/local/lib/python3.10/dist-packages/airflow/example_dags/example_sensors.py for tasks to queue
[2023-11-28T00:57:18.871+0000] {logging_mixin.py:154} INFO - [2023-11-28T00:57:18.871+0000] {dagbag.py:536} INFO - Filling up the DagBag from /usr/local/lib/python3.10/dist-packages/airflow/example_dags/example_sensors.py
[2023-11-28T00:57:18.882+0000] {processor.py:839} INFO - DAG(s) dict_keys(['example_sensors']) retrieved from /usr/local/lib/python3.10/dist-packages/airflow/example_dags/example_sensors.py
[2023-11-28T00:57:18.904+0000] {logging_mixin.py:154} INFO - [2023-11-28T00:57:18.903+0000] {dag.py:2941} INFO - Sync 1 DAGs
[2023-11-28T00:57:18.916+0000] {logging_mixin.py:154} INFO - [2023-11-28T00:57:18.916+0000] {dag.py:3722} INFO - Setting next_dagrun for example_sensors to None, run_after=None
[2023-11-28T00:57:18.939+0000] {processor.py:179} INFO - Processing /usr/local/lib/python3.10/dist-packages/airflow/example_dags/example_sensors.py took 0.073 seconds
[2023-11-28T00:58:06.570+0000] {processor.py:157} INFO - Started process (PID=5440) to work on /usr/local/lib/python3.10/dist-packages/airflow/example_dags/example_sensors.py
[2023-11-28T00:58:06.571+0000] {processor.py:829} INFO - Processing file /usr/local/lib/python3.10/dist-packages/airflow/example_dags/example_sensors.py for tasks to queue
[2023-11-28T00:58:06.572+0000] {logging_mixin.py:154} INFO - [2023-11-28T00:58:06.572+0000] {dagbag.py:536} INFO - Filling up the DagBag from /usr/local/lib/python3.10/dist-packages/airflow/example_dags/example_sensors.py
[2023-11-28T00:58:06.583+0000] {processor.py:839} INFO - DAG(s) dict_keys(['example_sensors']) retrieved from /usr/local/lib/python3.10/dist-packages/airflow/example_dags/example_sensors.py
[2023-11-28T00:58:06.604+0000] {logging_mixin.py:154} INFO - [2023-11-28T00:58:06.604+0000] {dag.py:2941} INFO - Sync 1 DAGs
[2023-11-28T00:58:06.616+0000] {logging_mixin.py:154} INFO - [2023-11-28T00:58:06.616+0000] {dag.py:3722} INFO - Setting next_dagrun for example_sensors to None, run_after=None
[2023-11-28T00:58:06.638+0000] {processor.py:179} INFO - Processing /usr/local/lib/python3.10/dist-packages/airflow/example_dags/example_sensors.py took 0.072 seconds
[2023-11-28T00:58:51.718+0000] {processor.py:157} INFO - Started process (PID=5487) to work on /usr/local/lib/python3.10/dist-packages/airflow/example_dags/example_sensors.py
[2023-11-28T00:58:51.719+0000] {processor.py:829} INFO - Processing file /usr/local/lib/python3.10/dist-packages/airflow/example_dags/example_sensors.py for tasks to queue
[2023-11-28T00:58:51.720+0000] {logging_mixin.py:154} INFO - [2023-11-28T00:58:51.719+0000] {dagbag.py:536} INFO - Filling up the DagBag from /usr/local/lib/python3.10/dist-packages/airflow/example_dags/example_sensors.py
[2023-11-28T00:58:51.731+0000] {processor.py:839} INFO - DAG(s) dict_keys(['example_sensors']) retrieved from /usr/local/lib/python3.10/dist-packages/airflow/example_dags/example_sensors.py
[2023-11-28T00:58:51.753+0000] {logging_mixin.py:154} INFO - [2023-11-28T00:58:51.753+0000] {dag.py:2941} INFO - Sync 1 DAGs
[2023-11-28T00:58:51.766+0000] {logging_mixin.py:154} INFO - [2023-11-28T00:58:51.765+0000] {dag.py:3722} INFO - Setting next_dagrun for example_sensors to None, run_after=None
[2023-11-28T00:58:51.824+0000] {processor.py:179} INFO - Processing /usr/local/lib/python3.10/dist-packages/airflow/example_dags/example_sensors.py took 0.109 seconds
[2023-11-28T00:59:37.625+0000] {processor.py:157} INFO - Started process (PID=5535) to work on /usr/local/lib/python3.10/dist-packages/airflow/example_dags/example_sensors.py
[2023-11-28T00:59:37.627+0000] {processor.py:829} INFO - Processing file /usr/local/lib/python3.10/dist-packages/airflow/example_dags/example_sensors.py for tasks to queue
[2023-11-28T00:59:37.628+0000] {logging_mixin.py:154} INFO - [2023-11-28T00:59:37.627+0000] {dagbag.py:536} INFO - Filling up the DagBag from /usr/local/lib/python3.10/dist-packages/airflow/example_dags/example_sensors.py
[2023-11-28T00:59:37.638+0000] {processor.py:839} INFO - DAG(s) dict_keys(['example_sensors']) retrieved from /usr/local/lib/python3.10/dist-packages/airflow/example_dags/example_sensors.py
[2023-11-28T00:59:37.661+0000] {logging_mixin.py:154} INFO - [2023-11-28T00:59:37.660+0000] {dag.py:2941} INFO - Sync 1 DAGs
[2023-11-28T00:59:37.674+0000] {logging_mixin.py:154} INFO - [2023-11-28T00:59:37.674+0000] {dag.py:3722} INFO - Setting next_dagrun for example_sensors to None, run_after=None
[2023-11-28T00:59:37.697+0000] {processor.py:179} INFO - Processing /usr/local/lib/python3.10/dist-packages/airflow/example_dags/example_sensors.py took 0.076 seconds
[2023-11-28T01:00:19.617+0000] {processor.py:157} INFO - Started process (PID=5579) to work on /usr/local/lib/python3.10/dist-packages/airflow/example_dags/example_sensors.py
[2023-11-28T01:00:19.619+0000] {processor.py:829} INFO - Processing file /usr/local/lib/python3.10/dist-packages/airflow/example_dags/example_sensors.py for tasks to queue
[2023-11-28T01:00:19.620+0000] {logging_mixin.py:154} INFO - [2023-11-28T01:00:19.619+0000] {dagbag.py:536} INFO - Filling up the DagBag from /usr/local/lib/python3.10/dist-packages/airflow/example_dags/example_sensors.py
[2023-11-28T01:00:19.630+0000] {processor.py:839} INFO - DAG(s) dict_keys(['example_sensors']) retrieved from /usr/local/lib/python3.10/dist-packages/airflow/example_dags/example_sensors.py
[2023-11-28T01:00:19.653+0000] {logging_mixin.py:154} INFO - [2023-11-28T01:00:19.653+0000] {dag.py:2941} INFO - Sync 1 DAGs
[2023-11-28T01:00:19.666+0000] {logging_mixin.py:154} INFO - [2023-11-28T01:00:19.665+0000] {dag.py:3722} INFO - Setting next_dagrun for example_sensors to None, run_after=None
[2023-11-28T01:00:19.688+0000] {processor.py:179} INFO - Processing /usr/local/lib/python3.10/dist-packages/airflow/example_dags/example_sensors.py took 0.074 seconds
[2023-11-28T01:01:06.066+0000] {processor.py:157} INFO - Started process (PID=5626) to work on /usr/local/lib/python3.10/dist-packages/airflow/example_dags/example_sensors.py
[2023-11-28T01:01:06.068+0000] {processor.py:829} INFO - Processing file /usr/local/lib/python3.10/dist-packages/airflow/example_dags/example_sensors.py for tasks to queue
[2023-11-28T01:01:06.069+0000] {logging_mixin.py:154} INFO - [2023-11-28T01:01:06.068+0000] {dagbag.py:536} INFO - Filling up the DagBag from /usr/local/lib/python3.10/dist-packages/airflow/example_dags/example_sensors.py
[2023-11-28T01:01:06.079+0000] {processor.py:839} INFO - DAG(s) dict_keys(['example_sensors']) retrieved from /usr/local/lib/python3.10/dist-packages/airflow/example_dags/example_sensors.py
[2023-11-28T01:01:06.101+0000] {logging_mixin.py:154} INFO - [2023-11-28T01:01:06.101+0000] {dag.py:2941} INFO - Sync 1 DAGs
[2023-11-28T01:01:06.114+0000] {logging_mixin.py:154} INFO - [2023-11-28T01:01:06.114+0000] {dag.py:3722} INFO - Setting next_dagrun for example_sensors to None, run_after=None
[2023-11-28T01:01:06.136+0000] {processor.py:179} INFO - Processing /usr/local/lib/python3.10/dist-packages/airflow/example_dags/example_sensors.py took 0.073 seconds
[2023-11-28T01:01:50.114+0000] {processor.py:157} INFO - Started process (PID=5673) to work on /usr/local/lib/python3.10/dist-packages/airflow/example_dags/example_sensors.py
[2023-11-28T01:01:50.116+0000] {processor.py:829} INFO - Processing file /usr/local/lib/python3.10/dist-packages/airflow/example_dags/example_sensors.py for tasks to queue
[2023-11-28T01:01:50.117+0000] {logging_mixin.py:154} INFO - [2023-11-28T01:01:50.116+0000] {dagbag.py:536} INFO - Filling up the DagBag from /usr/local/lib/python3.10/dist-packages/airflow/example_dags/example_sensors.py
[2023-11-28T01:01:50.127+0000] {processor.py:839} INFO - DAG(s) dict_keys(['example_sensors']) retrieved from /usr/local/lib/python3.10/dist-packages/airflow/example_dags/example_sensors.py
[2023-11-28T01:01:50.150+0000] {logging_mixin.py:154} INFO - [2023-11-28T01:01:50.150+0000] {dag.py:2941} INFO - Sync 1 DAGs
[2023-11-28T01:01:50.163+0000] {logging_mixin.py:154} INFO - [2023-11-28T01:01:50.162+0000] {dag.py:3722} INFO - Setting next_dagrun for example_sensors to None, run_after=None
[2023-11-28T01:01:50.187+0000] {processor.py:179} INFO - Processing /usr/local/lib/python3.10/dist-packages/airflow/example_dags/example_sensors.py took 0.076 seconds
[2023-11-28T01:02:36.798+0000] {processor.py:157} INFO - Started process (PID=5722) to work on /usr/local/lib/python3.10/dist-packages/airflow/example_dags/example_sensors.py
[2023-11-28T01:02:36.799+0000] {processor.py:829} INFO - Processing file /usr/local/lib/python3.10/dist-packages/airflow/example_dags/example_sensors.py for tasks to queue
[2023-11-28T01:02:36.800+0000] {logging_mixin.py:154} INFO - [2023-11-28T01:02:36.800+0000] {dagbag.py:536} INFO - Filling up the DagBag from /usr/local/lib/python3.10/dist-packages/airflow/example_dags/example_sensors.py
[2023-11-28T01:02:36.811+0000] {processor.py:839} INFO - DAG(s) dict_keys(['example_sensors']) retrieved from /usr/local/lib/python3.10/dist-packages/airflow/example_dags/example_sensors.py
[2023-11-28T01:02:36.833+0000] {logging_mixin.py:154} INFO - [2023-11-28T01:02:36.832+0000] {dag.py:2941} INFO - Sync 1 DAGs
[2023-11-28T01:02:36.846+0000] {logging_mixin.py:154} INFO - [2023-11-28T01:02:36.845+0000] {dag.py:3722} INFO - Setting next_dagrun for example_sensors to None, run_after=None
[2023-11-28T01:02:36.872+0000] {processor.py:179} INFO - Processing /usr/local/lib/python3.10/dist-packages/airflow/example_dags/example_sensors.py took 0.077 seconds
[2023-11-28T01:03:21.394+0000] {processor.py:157} INFO - Started process (PID=5767) to work on /usr/local/lib/python3.10/dist-packages/airflow/example_dags/example_sensors.py
[2023-11-28T01:03:21.395+0000] {processor.py:829} INFO - Processing file /usr/local/lib/python3.10/dist-packages/airflow/example_dags/example_sensors.py for tasks to queue
[2023-11-28T01:03:21.396+0000] {logging_mixin.py:154} INFO - [2023-11-28T01:03:21.396+0000] {dagbag.py:536} INFO - Filling up the DagBag from /usr/local/lib/python3.10/dist-packages/airflow/example_dags/example_sensors.py
[2023-11-28T01:03:21.407+0000] {processor.py:839} INFO - DAG(s) dict_keys(['example_sensors']) retrieved from /usr/local/lib/python3.10/dist-packages/airflow/example_dags/example_sensors.py
[2023-11-28T01:03:21.429+0000] {logging_mixin.py:154} INFO - [2023-11-28T01:03:21.429+0000] {dag.py:2941} INFO - Sync 1 DAGs
[2023-11-28T01:03:21.442+0000] {logging_mixin.py:154} INFO - [2023-11-28T01:03:21.442+0000] {dag.py:3722} INFO - Setting next_dagrun for example_sensors to None, run_after=None
[2023-11-28T01:03:21.468+0000] {processor.py:179} INFO - Processing /usr/local/lib/python3.10/dist-packages/airflow/example_dags/example_sensors.py took 0.078 seconds
[2023-11-28T01:04:06.267+0000] {processor.py:157} INFO - Started process (PID=5927) to work on /usr/local/lib/python3.10/dist-packages/airflow/example_dags/example_sensors.py
[2023-11-28T01:04:06.269+0000] {processor.py:829} INFO - Processing file /usr/local/lib/python3.10/dist-packages/airflow/example_dags/example_sensors.py for tasks to queue
[2023-11-28T01:04:06.270+0000] {logging_mixin.py:154} INFO - [2023-11-28T01:04:06.269+0000] {dagbag.py:536} INFO - Filling up the DagBag from /usr/local/lib/python3.10/dist-packages/airflow/example_dags/example_sensors.py
[2023-11-28T01:04:06.280+0000] {processor.py:839} INFO - DAG(s) dict_keys(['example_sensors']) retrieved from /usr/local/lib/python3.10/dist-packages/airflow/example_dags/example_sensors.py
[2023-11-28T01:04:06.302+0000] {logging_mixin.py:154} INFO - [2023-11-28T01:04:06.302+0000] {dag.py:2941} INFO - Sync 1 DAGs
[2023-11-28T01:04:06.315+0000] {logging_mixin.py:154} INFO - [2023-11-28T01:04:06.315+0000] {dag.py:3722} INFO - Setting next_dagrun for example_sensors to None, run_after=None
[2023-11-28T01:04:06.338+0000] {processor.py:179} INFO - Processing /usr/local/lib/python3.10/dist-packages/airflow/example_dags/example_sensors.py took 0.075 seconds
[2023-11-28T01:04:48.626+0000] {processor.py:157} INFO - Started process (PID=5973) to work on /usr/local/lib/python3.10/dist-packages/airflow/example_dags/example_sensors.py
[2023-11-28T01:04:48.627+0000] {processor.py:829} INFO - Processing file /usr/local/lib/python3.10/dist-packages/airflow/example_dags/example_sensors.py for tasks to queue
[2023-11-28T01:04:48.628+0000] {logging_mixin.py:154} INFO - [2023-11-28T01:04:48.628+0000] {dagbag.py:536} INFO - Filling up the DagBag from /usr/local/lib/python3.10/dist-packages/airflow/example_dags/example_sensors.py
[2023-11-28T01:04:48.639+0000] {processor.py:839} INFO - DAG(s) dict_keys(['example_sensors']) retrieved from /usr/local/lib/python3.10/dist-packages/airflow/example_dags/example_sensors.py
[2023-11-28T01:04:48.661+0000] {logging_mixin.py:154} INFO - [2023-11-28T01:04:48.660+0000] {dag.py:2941} INFO - Sync 1 DAGs
[2023-11-28T01:04:48.673+0000] {logging_mixin.py:154} INFO - [2023-11-28T01:04:48.672+0000] {dag.py:3722} INFO - Setting next_dagrun for example_sensors to None, run_after=None
[2023-11-28T01:04:48.737+0000] {processor.py:179} INFO - Processing /usr/local/lib/python3.10/dist-packages/airflow/example_dags/example_sensors.py took 0.114 seconds
[2023-11-28T01:05:33.229+0000] {processor.py:157} INFO - Started process (PID=6019) to work on /usr/local/lib/python3.10/dist-packages/airflow/example_dags/example_sensors.py
[2023-11-28T01:05:33.231+0000] {processor.py:829} INFO - Processing file /usr/local/lib/python3.10/dist-packages/airflow/example_dags/example_sensors.py for tasks to queue
[2023-11-28T01:05:33.232+0000] {logging_mixin.py:154} INFO - [2023-11-28T01:05:33.231+0000] {dagbag.py:536} INFO - Filling up the DagBag from /usr/local/lib/python3.10/dist-packages/airflow/example_dags/example_sensors.py
[2023-11-28T01:05:33.242+0000] {processor.py:839} INFO - DAG(s) dict_keys(['example_sensors']) retrieved from /usr/local/lib/python3.10/dist-packages/airflow/example_dags/example_sensors.py
[2023-11-28T01:05:33.264+0000] {logging_mixin.py:154} INFO - [2023-11-28T01:05:33.264+0000] {dag.py:2941} INFO - Sync 1 DAGs
[2023-11-28T01:05:33.277+0000] {logging_mixin.py:154} INFO - [2023-11-28T01:05:33.277+0000] {dag.py:3722} INFO - Setting next_dagrun for example_sensors to None, run_after=None
[2023-11-28T01:05:33.303+0000] {processor.py:179} INFO - Processing /usr/local/lib/python3.10/dist-packages/airflow/example_dags/example_sensors.py took 0.077 seconds
[2023-11-28T01:06:21.297+0000] {processor.py:157} INFO - Started process (PID=6068) to work on /usr/local/lib/python3.10/dist-packages/airflow/example_dags/example_sensors.py
[2023-11-28T01:06:21.298+0000] {processor.py:829} INFO - Processing file /usr/local/lib/python3.10/dist-packages/airflow/example_dags/example_sensors.py for tasks to queue
[2023-11-28T01:06:21.299+0000] {logging_mixin.py:154} INFO - [2023-11-28T01:06:21.299+0000] {dagbag.py:536} INFO - Filling up the DagBag from /usr/local/lib/python3.10/dist-packages/airflow/example_dags/example_sensors.py
[2023-11-28T01:06:21.310+0000] {processor.py:839} INFO - DAG(s) dict_keys(['example_sensors']) retrieved from /usr/local/lib/python3.10/dist-packages/airflow/example_dags/example_sensors.py
[2023-11-28T01:06:21.332+0000] {logging_mixin.py:154} INFO - [2023-11-28T01:06:21.332+0000] {dag.py:2941} INFO - Sync 1 DAGs
[2023-11-28T01:06:21.345+0000] {logging_mixin.py:154} INFO - [2023-11-28T01:06:21.345+0000] {dag.py:3722} INFO - Setting next_dagrun for example_sensors to None, run_after=None
[2023-11-28T01:06:21.369+0000] {processor.py:179} INFO - Processing /usr/local/lib/python3.10/dist-packages/airflow/example_dags/example_sensors.py took 0.076 seconds
[2023-11-28T01:07:06.526+0000] {processor.py:157} INFO - Started process (PID=6114) to work on /usr/local/lib/python3.10/dist-packages/airflow/example_dags/example_sensors.py
[2023-11-28T01:07:06.528+0000] {processor.py:829} INFO - Processing file /usr/local/lib/python3.10/dist-packages/airflow/example_dags/example_sensors.py for tasks to queue
[2023-11-28T01:07:06.529+0000] {logging_mixin.py:154} INFO - [2023-11-28T01:07:06.528+0000] {dagbag.py:536} INFO - Filling up the DagBag from /usr/local/lib/python3.10/dist-packages/airflow/example_dags/example_sensors.py
[2023-11-28T01:07:06.539+0000] {processor.py:839} INFO - DAG(s) dict_keys(['example_sensors']) retrieved from /usr/local/lib/python3.10/dist-packages/airflow/example_dags/example_sensors.py
[2023-11-28T01:07:06.561+0000] {logging_mixin.py:154} INFO - [2023-11-28T01:07:06.561+0000] {dag.py:2941} INFO - Sync 1 DAGs
[2023-11-28T01:07:06.574+0000] {logging_mixin.py:154} INFO - [2023-11-28T01:07:06.573+0000] {dag.py:3722} INFO - Setting next_dagrun for example_sensors to None, run_after=None
[2023-11-28T01:07:06.596+0000] {processor.py:179} INFO - Processing /usr/local/lib/python3.10/dist-packages/airflow/example_dags/example_sensors.py took 0.073 seconds
[2023-11-28T01:07:55.120+0000] {processor.py:157} INFO - Started process (PID=6163) to work on /usr/local/lib/python3.10/dist-packages/airflow/example_dags/example_sensors.py
[2023-11-28T01:07:55.121+0000] {processor.py:829} INFO - Processing file /usr/local/lib/python3.10/dist-packages/airflow/example_dags/example_sensors.py for tasks to queue
[2023-11-28T01:07:55.122+0000] {logging_mixin.py:154} INFO - [2023-11-28T01:07:55.121+0000] {dagbag.py:536} INFO - Filling up the DagBag from /usr/local/lib/python3.10/dist-packages/airflow/example_dags/example_sensors.py
[2023-11-28T01:07:55.132+0000] {processor.py:839} INFO - DAG(s) dict_keys(['example_sensors']) retrieved from /usr/local/lib/python3.10/dist-packages/airflow/example_dags/example_sensors.py
[2023-11-28T01:07:55.154+0000] {logging_mixin.py:154} INFO - [2023-11-28T01:07:55.154+0000] {dag.py:2941} INFO - Sync 1 DAGs
[2023-11-28T01:07:55.167+0000] {logging_mixin.py:154} INFO - [2023-11-28T01:07:55.167+0000] {dag.py:3722} INFO - Setting next_dagrun for example_sensors to None, run_after=None
[2023-11-28T01:07:55.190+0000] {processor.py:179} INFO - Processing /usr/local/lib/python3.10/dist-packages/airflow/example_dags/example_sensors.py took 0.074 seconds
[2023-11-28T01:08:42.674+0000] {processor.py:157} INFO - Started process (PID=6214) to work on /usr/local/lib/python3.10/dist-packages/airflow/example_dags/example_sensors.py
[2023-11-28T01:08:42.675+0000] {processor.py:829} INFO - Processing file /usr/local/lib/python3.10/dist-packages/airflow/example_dags/example_sensors.py for tasks to queue
[2023-11-28T01:08:42.676+0000] {logging_mixin.py:154} INFO - [2023-11-28T01:08:42.676+0000] {dagbag.py:536} INFO - Filling up the DagBag from /usr/local/lib/python3.10/dist-packages/airflow/example_dags/example_sensors.py
[2023-11-28T01:08:42.686+0000] {processor.py:839} INFO - DAG(s) dict_keys(['example_sensors']) retrieved from /usr/local/lib/python3.10/dist-packages/airflow/example_dags/example_sensors.py
[2023-11-28T01:08:42.708+0000] {logging_mixin.py:154} INFO - [2023-11-28T01:08:42.708+0000] {dag.py:2941} INFO - Sync 1 DAGs
[2023-11-28T01:08:42.721+0000] {logging_mixin.py:154} INFO - [2023-11-28T01:08:42.720+0000] {dag.py:3722} INFO - Setting next_dagrun for example_sensors to None, run_after=None
[2023-11-28T01:08:42.743+0000] {processor.py:179} INFO - Processing /usr/local/lib/python3.10/dist-packages/airflow/example_dags/example_sensors.py took 0.073 seconds
[2023-11-28T01:09:23.876+0000] {processor.py:157} INFO - Started process (PID=6259) to work on /usr/local/lib/python3.10/dist-packages/airflow/example_dags/example_sensors.py
[2023-11-28T01:09:23.877+0000] {processor.py:829} INFO - Processing file /usr/local/lib/python3.10/dist-packages/airflow/example_dags/example_sensors.py for tasks to queue
[2023-11-28T01:09:23.878+0000] {logging_mixin.py:154} INFO - [2023-11-28T01:09:23.878+0000] {dagbag.py:536} INFO - Filling up the DagBag from /usr/local/lib/python3.10/dist-packages/airflow/example_dags/example_sensors.py
[2023-11-28T01:09:23.889+0000] {processor.py:839} INFO - DAG(s) dict_keys(['example_sensors']) retrieved from /usr/local/lib/python3.10/dist-packages/airflow/example_dags/example_sensors.py
[2023-11-28T01:09:23.911+0000] {logging_mixin.py:154} INFO - [2023-11-28T01:09:23.910+0000] {dag.py:2941} INFO - Sync 1 DAGs
[2023-11-28T01:09:23.923+0000] {logging_mixin.py:154} INFO - [2023-11-28T01:09:23.923+0000] {dag.py:3722} INFO - Setting next_dagrun for example_sensors to None, run_after=None
[2023-11-28T01:09:23.946+0000] {processor.py:179} INFO - Processing /usr/local/lib/python3.10/dist-packages/airflow/example_dags/example_sensors.py took 0.074 seconds
[2023-11-28T01:10:11.471+0000] {processor.py:157} INFO - Started process (PID=6307) to work on /usr/local/lib/python3.10/dist-packages/airflow/example_dags/example_sensors.py
[2023-11-28T01:10:11.473+0000] {processor.py:829} INFO - Processing file /usr/local/lib/python3.10/dist-packages/airflow/example_dags/example_sensors.py for tasks to queue
[2023-11-28T01:10:11.474+0000] {logging_mixin.py:154} INFO - [2023-11-28T01:10:11.473+0000] {dagbag.py:536} INFO - Filling up the DagBag from /usr/local/lib/python3.10/dist-packages/airflow/example_dags/example_sensors.py
[2023-11-28T01:10:11.484+0000] {processor.py:839} INFO - DAG(s) dict_keys(['example_sensors']) retrieved from /usr/local/lib/python3.10/dist-packages/airflow/example_dags/example_sensors.py
[2023-11-28T01:10:11.507+0000] {logging_mixin.py:154} INFO - [2023-11-28T01:10:11.507+0000] {dag.py:2941} INFO - Sync 1 DAGs
[2023-11-28T01:10:11.521+0000] {logging_mixin.py:154} INFO - [2023-11-28T01:10:11.520+0000] {dag.py:3722} INFO - Setting next_dagrun for example_sensors to None, run_after=None
[2023-11-28T01:10:11.546+0000] {processor.py:179} INFO - Processing /usr/local/lib/python3.10/dist-packages/airflow/example_dags/example_sensors.py took 0.078 seconds
[2023-11-28T01:10:57.462+0000] {processor.py:157} INFO - Started process (PID=6354) to work on /usr/local/lib/python3.10/dist-packages/airflow/example_dags/example_sensors.py
[2023-11-28T01:10:57.463+0000] {processor.py:829} INFO - Processing file /usr/local/lib/python3.10/dist-packages/airflow/example_dags/example_sensors.py for tasks to queue
[2023-11-28T01:10:57.464+0000] {logging_mixin.py:154} INFO - [2023-11-28T01:10:57.463+0000] {dagbag.py:536} INFO - Filling up the DagBag from /usr/local/lib/python3.10/dist-packages/airflow/example_dags/example_sensors.py
[2023-11-28T01:10:57.475+0000] {processor.py:839} INFO - DAG(s) dict_keys(['example_sensors']) retrieved from /usr/local/lib/python3.10/dist-packages/airflow/example_dags/example_sensors.py
[2023-11-28T01:10:57.497+0000] {logging_mixin.py:154} INFO - [2023-11-28T01:10:57.497+0000] {dag.py:2941} INFO - Sync 1 DAGs
[2023-11-28T01:10:57.509+0000] {logging_mixin.py:154} INFO - [2023-11-28T01:10:57.509+0000] {dag.py:3722} INFO - Setting next_dagrun for example_sensors to None, run_after=None
[2023-11-28T01:10:57.533+0000] {processor.py:179} INFO - Processing /usr/local/lib/python3.10/dist-packages/airflow/example_dags/example_sensors.py took 0.075 seconds
[2023-11-28T01:11:44.203+0000] {processor.py:157} INFO - Started process (PID=6402) to work on /usr/local/lib/python3.10/dist-packages/airflow/example_dags/example_sensors.py
[2023-11-28T01:11:44.205+0000] {processor.py:829} INFO - Processing file /usr/local/lib/python3.10/dist-packages/airflow/example_dags/example_sensors.py for tasks to queue
[2023-11-28T01:11:44.205+0000] {logging_mixin.py:154} INFO - [2023-11-28T01:11:44.205+0000] {dagbag.py:536} INFO - Filling up the DagBag from /usr/local/lib/python3.10/dist-packages/airflow/example_dags/example_sensors.py
[2023-11-28T01:11:44.216+0000] {processor.py:839} INFO - DAG(s) dict_keys(['example_sensors']) retrieved from /usr/local/lib/python3.10/dist-packages/airflow/example_dags/example_sensors.py
[2023-11-28T01:11:44.238+0000] {logging_mixin.py:154} INFO - [2023-11-28T01:11:44.238+0000] {dag.py:2941} INFO - Sync 1 DAGs
[2023-11-28T01:11:44.250+0000] {logging_mixin.py:154} INFO - [2023-11-28T01:11:44.250+0000] {dag.py:3722} INFO - Setting next_dagrun for example_sensors to None, run_after=None
[2023-11-28T01:11:44.275+0000] {processor.py:179} INFO - Processing /usr/local/lib/python3.10/dist-packages/airflow/example_dags/example_sensors.py took 0.075 seconds
[2023-11-28T01:12:29.975+0000] {processor.py:157} INFO - Started process (PID=6450) to work on /usr/local/lib/python3.10/dist-packages/airflow/example_dags/example_sensors.py
[2023-11-28T01:12:29.976+0000] {processor.py:829} INFO - Processing file /usr/local/lib/python3.10/dist-packages/airflow/example_dags/example_sensors.py for tasks to queue
[2023-11-28T01:12:29.977+0000] {logging_mixin.py:154} INFO - [2023-11-28T01:12:29.976+0000] {dagbag.py:536} INFO - Filling up the DagBag from /usr/local/lib/python3.10/dist-packages/airflow/example_dags/example_sensors.py
[2023-11-28T01:12:29.987+0000] {processor.py:839} INFO - DAG(s) dict_keys(['example_sensors']) retrieved from /usr/local/lib/python3.10/dist-packages/airflow/example_dags/example_sensors.py
[2023-11-28T01:12:30.010+0000] {logging_mixin.py:154} INFO - [2023-11-28T01:12:30.009+0000] {dag.py:2941} INFO - Sync 1 DAGs
[2023-11-28T01:12:30.023+0000] {logging_mixin.py:154} INFO - [2023-11-28T01:12:30.023+0000] {dag.py:3722} INFO - Setting next_dagrun for example_sensors to None, run_after=None
[2023-11-28T01:12:30.054+0000] {processor.py:179} INFO - Processing /usr/local/lib/python3.10/dist-packages/airflow/example_dags/example_sensors.py took 0.083 seconds
[2023-11-28T01:13:11.688+0000] {processor.py:157} INFO - Started process (PID=6494) to work on /usr/local/lib/python3.10/dist-packages/airflow/example_dags/example_sensors.py
[2023-11-28T01:13:11.690+0000] {processor.py:829} INFO - Processing file /usr/local/lib/python3.10/dist-packages/airflow/example_dags/example_sensors.py for tasks to queue
[2023-11-28T01:13:11.691+0000] {logging_mixin.py:154} INFO - [2023-11-28T01:13:11.690+0000] {dagbag.py:536} INFO - Filling up the DagBag from /usr/local/lib/python3.10/dist-packages/airflow/example_dags/example_sensors.py
[2023-11-28T01:13:11.701+0000] {processor.py:839} INFO - DAG(s) dict_keys(['example_sensors']) retrieved from /usr/local/lib/python3.10/dist-packages/airflow/example_dags/example_sensors.py
[2023-11-28T01:13:11.723+0000] {logging_mixin.py:154} INFO - [2023-11-28T01:13:11.723+0000] {dag.py:2941} INFO - Sync 1 DAGs
[2023-11-28T01:13:11.736+0000] {logging_mixin.py:154} INFO - [2023-11-28T01:13:11.735+0000] {dag.py:3722} INFO - Setting next_dagrun for example_sensors to None, run_after=None
[2023-11-28T01:13:11.759+0000] {processor.py:179} INFO - Processing /usr/local/lib/python3.10/dist-packages/airflow/example_dags/example_sensors.py took 0.074 seconds
[2023-11-28T01:13:59.033+0000] {processor.py:157} INFO - Started process (PID=6541) to work on /usr/local/lib/python3.10/dist-packages/airflow/example_dags/example_sensors.py
[2023-11-28T01:13:59.034+0000] {processor.py:829} INFO - Processing file /usr/local/lib/python3.10/dist-packages/airflow/example_dags/example_sensors.py for tasks to queue
[2023-11-28T01:13:59.035+0000] {logging_mixin.py:154} INFO - [2023-11-28T01:13:59.035+0000] {dagbag.py:536} INFO - Filling up the DagBag from /usr/local/lib/python3.10/dist-packages/airflow/example_dags/example_sensors.py
[2023-11-28T01:13:59.046+0000] {processor.py:839} INFO - DAG(s) dict_keys(['example_sensors']) retrieved from /usr/local/lib/python3.10/dist-packages/airflow/example_dags/example_sensors.py
[2023-11-28T01:13:59.068+0000] {logging_mixin.py:154} INFO - [2023-11-28T01:13:59.068+0000] {dag.py:2941} INFO - Sync 1 DAGs
[2023-11-28T01:13:59.082+0000] {logging_mixin.py:154} INFO - [2023-11-28T01:13:59.081+0000] {dag.py:3722} INFO - Setting next_dagrun for example_sensors to None, run_after=None
[2023-11-28T01:13:59.105+0000] {processor.py:179} INFO - Processing /usr/local/lib/python3.10/dist-packages/airflow/example_dags/example_sensors.py took 0.076 seconds
[2023-11-28T01:14:36.352+0000] {processor.py:157} INFO - Started process (PID=6581) to work on /usr/local/lib/python3.10/dist-packages/airflow/example_dags/example_sensors.py
[2023-11-28T01:14:36.354+0000] {processor.py:829} INFO - Processing file /usr/local/lib/python3.10/dist-packages/airflow/example_dags/example_sensors.py for tasks to queue
[2023-11-28T01:14:36.355+0000] {logging_mixin.py:154} INFO - [2023-11-28T01:14:36.355+0000] {dagbag.py:536} INFO - Filling up the DagBag from /usr/local/lib/python3.10/dist-packages/airflow/example_dags/example_sensors.py
[2023-11-28T01:14:36.366+0000] {processor.py:839} INFO - DAG(s) dict_keys(['example_sensors']) retrieved from /usr/local/lib/python3.10/dist-packages/airflow/example_dags/example_sensors.py
[2023-11-28T01:14:36.388+0000] {logging_mixin.py:154} INFO - [2023-11-28T01:14:36.387+0000] {dag.py:2941} INFO - Sync 1 DAGs
[2023-11-28T01:14:36.400+0000] {logging_mixin.py:154} INFO - [2023-11-28T01:14:36.400+0000] {dag.py:3722} INFO - Setting next_dagrun for example_sensors to None, run_after=None
[2023-11-28T01:14:36.422+0000] {processor.py:179} INFO - Processing /usr/local/lib/python3.10/dist-packages/airflow/example_dags/example_sensors.py took 0.073 seconds
[2023-11-28T01:15:04.467+0000] {processor.py:157} INFO - Started process (PID=6618) to work on /usr/local/lib/python3.10/dist-packages/airflow/example_dags/example_sensors.py
[2023-11-28T01:15:04.469+0000] {processor.py:829} INFO - Processing file /usr/local/lib/python3.10/dist-packages/airflow/example_dags/example_sensors.py for tasks to queue
[2023-11-28T01:15:04.470+0000] {logging_mixin.py:154} INFO - [2023-11-28T01:15:04.470+0000] {dagbag.py:536} INFO - Filling up the DagBag from /usr/local/lib/python3.10/dist-packages/airflow/example_dags/example_sensors.py
[2023-11-28T01:15:04.484+0000] {processor.py:839} INFO - DAG(s) dict_keys(['example_sensors']) retrieved from /usr/local/lib/python3.10/dist-packages/airflow/example_dags/example_sensors.py
[2023-11-28T01:15:04.494+0000] {logging_mixin.py:154} INFO - [2023-11-28T01:15:04.493+0000] {dag.py:2941} INFO - Sync 1 DAGs
[2023-11-28T01:15:04.508+0000] {logging_mixin.py:154} INFO - [2023-11-28T01:15:04.507+0000] {dag.py:3722} INFO - Setting next_dagrun for example_sensors to None, run_after=None
[2023-11-28T01:15:04.565+0000] {processor.py:179} INFO - Processing /usr/local/lib/python3.10/dist-packages/airflow/example_dags/example_sensors.py took 0.102 seconds
[2023-11-28T01:15:49.529+0000] {processor.py:157} INFO - Started process (PID=6665) to work on /usr/local/lib/python3.10/dist-packages/airflow/example_dags/example_sensors.py
[2023-11-28T01:15:49.530+0000] {processor.py:829} INFO - Processing file /usr/local/lib/python3.10/dist-packages/airflow/example_dags/example_sensors.py for tasks to queue
[2023-11-28T01:15:49.531+0000] {logging_mixin.py:154} INFO - [2023-11-28T01:15:49.531+0000] {dagbag.py:536} INFO - Filling up the DagBag from /usr/local/lib/python3.10/dist-packages/airflow/example_dags/example_sensors.py
[2023-11-28T01:15:49.543+0000] {processor.py:839} INFO - DAG(s) dict_keys(['example_sensors']) retrieved from /usr/local/lib/python3.10/dist-packages/airflow/example_dags/example_sensors.py
[2023-11-28T01:15:49.565+0000] {logging_mixin.py:154} INFO - [2023-11-28T01:15:49.565+0000] {dag.py:2941} INFO - Sync 1 DAGs
[2023-11-28T01:15:49.577+0000] {logging_mixin.py:154} INFO - [2023-11-28T01:15:49.577+0000] {dag.py:3722} INFO - Setting next_dagrun for example_sensors to None, run_after=None
[2023-11-28T01:15:49.601+0000] {processor.py:179} INFO - Processing /usr/local/lib/python3.10/dist-packages/airflow/example_dags/example_sensors.py took 0.075 seconds
[2023-11-28T01:16:33.517+0000] {processor.py:157} INFO - Started process (PID=6710) to work on /usr/local/lib/python3.10/dist-packages/airflow/example_dags/example_sensors.py
[2023-11-28T01:16:33.518+0000] {processor.py:829} INFO - Processing file /usr/local/lib/python3.10/dist-packages/airflow/example_dags/example_sensors.py for tasks to queue
[2023-11-28T01:16:33.519+0000] {logging_mixin.py:154} INFO - [2023-11-28T01:16:33.519+0000] {dagbag.py:536} INFO - Filling up the DagBag from /usr/local/lib/python3.10/dist-packages/airflow/example_dags/example_sensors.py
[2023-11-28T01:16:33.530+0000] {processor.py:839} INFO - DAG(s) dict_keys(['example_sensors']) retrieved from /usr/local/lib/python3.10/dist-packages/airflow/example_dags/example_sensors.py
[2023-11-28T01:16:33.552+0000] {logging_mixin.py:154} INFO - [2023-11-28T01:16:33.552+0000] {dag.py:2941} INFO - Sync 1 DAGs
[2023-11-28T01:16:33.565+0000] {logging_mixin.py:154} INFO - [2023-11-28T01:16:33.565+0000] {dag.py:3722} INFO - Setting next_dagrun for example_sensors to None, run_after=None
[2023-11-28T01:16:33.588+0000] {processor.py:179} INFO - Processing /usr/local/lib/python3.10/dist-packages/airflow/example_dags/example_sensors.py took 0.075 seconds
[2023-11-28T01:17:18.510+0000] {processor.py:157} INFO - Started process (PID=6764) to work on /usr/local/lib/python3.10/dist-packages/airflow/example_dags/example_sensors.py
[2023-11-28T01:17:18.512+0000] {processor.py:829} INFO - Processing file /usr/local/lib/python3.10/dist-packages/airflow/example_dags/example_sensors.py for tasks to queue
[2023-11-28T01:17:18.513+0000] {logging_mixin.py:154} INFO - [2023-11-28T01:17:18.512+0000] {dagbag.py:536} INFO - Filling up the DagBag from /usr/local/lib/python3.10/dist-packages/airflow/example_dags/example_sensors.py
[2023-11-28T01:17:18.524+0000] {processor.py:839} INFO - DAG(s) dict_keys(['example_sensors']) retrieved from /usr/local/lib/python3.10/dist-packages/airflow/example_dags/example_sensors.py
[2023-11-28T01:17:18.546+0000] {logging_mixin.py:154} INFO - [2023-11-28T01:17:18.546+0000] {dag.py:2941} INFO - Sync 1 DAGs
[2023-11-28T01:17:18.558+0000] {logging_mixin.py:154} INFO - [2023-11-28T01:17:18.558+0000] {dag.py:3722} INFO - Setting next_dagrun for example_sensors to None, run_after=None
[2023-11-28T01:17:18.581+0000] {processor.py:179} INFO - Processing /usr/local/lib/python3.10/dist-packages/airflow/example_dags/example_sensors.py took 0.074 seconds
[2023-11-28T01:18:05.053+0000] {processor.py:157} INFO - Started process (PID=6812) to work on /usr/local/lib/python3.10/dist-packages/airflow/example_dags/example_sensors.py
[2023-11-28T01:18:05.057+0000] {processor.py:829} INFO - Processing file /usr/local/lib/python3.10/dist-packages/airflow/example_dags/example_sensors.py for tasks to queue
[2023-11-28T01:18:05.058+0000] {logging_mixin.py:154} INFO - [2023-11-28T01:18:05.057+0000] {dagbag.py:536} INFO - Filling up the DagBag from /usr/local/lib/python3.10/dist-packages/airflow/example_dags/example_sensors.py
[2023-11-28T01:18:05.070+0000] {processor.py:839} INFO - DAG(s) dict_keys(['example_sensors']) retrieved from /usr/local/lib/python3.10/dist-packages/airflow/example_dags/example_sensors.py
[2023-11-28T01:18:05.092+0000] {logging_mixin.py:154} INFO - [2023-11-28T01:18:05.092+0000] {dag.py:2941} INFO - Sync 1 DAGs
[2023-11-28T01:18:05.105+0000] {logging_mixin.py:154} INFO - [2023-11-28T01:18:05.105+0000] {dag.py:3722} INFO - Setting next_dagrun for example_sensors to None, run_after=None
[2023-11-28T01:18:05.130+0000] {processor.py:179} INFO - Processing /usr/local/lib/python3.10/dist-packages/airflow/example_dags/example_sensors.py took 0.080 seconds
[2023-11-28T01:18:47.907+0000] {processor.py:157} INFO - Started process (PID=6855) to work on /usr/local/lib/python3.10/dist-packages/airflow/example_dags/example_sensors.py
[2023-11-28T01:18:47.909+0000] {processor.py:829} INFO - Processing file /usr/local/lib/python3.10/dist-packages/airflow/example_dags/example_sensors.py for tasks to queue
[2023-11-28T01:18:47.909+0000] {logging_mixin.py:154} INFO - [2023-11-28T01:18:47.909+0000] {dagbag.py:536} INFO - Filling up the DagBag from /usr/local/lib/python3.10/dist-packages/airflow/example_dags/example_sensors.py
[2023-11-28T01:18:47.920+0000] {processor.py:839} INFO - DAG(s) dict_keys(['example_sensors']) retrieved from /usr/local/lib/python3.10/dist-packages/airflow/example_dags/example_sensors.py
[2023-11-28T01:18:47.941+0000] {logging_mixin.py:154} INFO - [2023-11-28T01:18:47.941+0000] {dag.py:2941} INFO - Sync 1 DAGs
[2023-11-28T01:18:47.953+0000] {logging_mixin.py:154} INFO - [2023-11-28T01:18:47.953+0000] {dag.py:3722} INFO - Setting next_dagrun for example_sensors to None, run_after=None
[2023-11-28T01:18:47.975+0000] {processor.py:179} INFO - Processing /usr/local/lib/python3.10/dist-packages/airflow/example_dags/example_sensors.py took 0.071 seconds
[2023-11-28T01:19:31.399+0000] {processor.py:157} INFO - Started process (PID=7021) to work on /usr/local/lib/python3.10/dist-packages/airflow/example_dags/example_sensors.py
[2023-11-28T01:19:31.401+0000] {processor.py:829} INFO - Processing file /usr/local/lib/python3.10/dist-packages/airflow/example_dags/example_sensors.py for tasks to queue
[2023-11-28T01:19:31.401+0000] {logging_mixin.py:154} INFO - [2023-11-28T01:19:31.401+0000] {dagbag.py:536} INFO - Filling up the DagBag from /usr/local/lib/python3.10/dist-packages/airflow/example_dags/example_sensors.py
[2023-11-28T01:19:31.412+0000] {processor.py:839} INFO - DAG(s) dict_keys(['example_sensors']) retrieved from /usr/local/lib/python3.10/dist-packages/airflow/example_dags/example_sensors.py
[2023-11-28T01:19:31.434+0000] {logging_mixin.py:154} INFO - [2023-11-28T01:19:31.434+0000] {dag.py:2941} INFO - Sync 1 DAGs
[2023-11-28T01:19:31.447+0000] {logging_mixin.py:154} INFO - [2023-11-28T01:19:31.447+0000] {dag.py:3722} INFO - Setting next_dagrun for example_sensors to None, run_after=None
[2023-11-28T01:19:31.470+0000] {processor.py:179} INFO - Processing /usr/local/lib/python3.10/dist-packages/airflow/example_dags/example_sensors.py took 0.074 seconds
