[2023-11-28T00:44:29.178+0000] {processor.py:157} INFO - Started process (PID=3410) to work on /usr/local/lib/python3.10/dist-packages/airflow/example_dags/example_trigger_controller_dag.py
[2023-11-28T00:44:29.179+0000] {processor.py:829} INFO - Processing file /usr/local/lib/python3.10/dist-packages/airflow/example_dags/example_trigger_controller_dag.py for tasks to queue
[2023-11-28T00:44:29.180+0000] {logging_mixin.py:154} INFO - [2023-11-28T00:44:29.179+0000] {dagbag.py:536} INFO - Filling up the DagBag from /usr/local/lib/python3.10/dist-packages/airflow/example_dags/example_trigger_controller_dag.py
[2023-11-28T00:44:29.187+0000] {processor.py:839} INFO - DAG(s) dict_keys(['example_trigger_controller_dag']) retrieved from /usr/local/lib/python3.10/dist-packages/airflow/example_dags/example_trigger_controller_dag.py
[2023-11-28T00:44:29.299+0000] {logging_mixin.py:154} INFO - [2023-11-28T00:44:29.298+0000] {manager.py:499} INFO - Created Permission View: %s
[2023-11-28T00:44:29.313+0000] {logging_mixin.py:154} INFO - [2023-11-28T00:44:29.312+0000] {manager.py:499} INFO - Created Permission View: %s
[2023-11-28T00:44:29.323+0000] {logging_mixin.py:154} INFO - [2023-11-28T00:44:29.323+0000] {manager.py:499} INFO - Created Permission View: %s
[2023-11-28T00:44:29.323+0000] {logging_mixin.py:154} INFO - [2023-11-28T00:44:29.323+0000] {dag.py:2941} INFO - Sync 1 DAGs
[2023-11-28T00:44:29.336+0000] {logging_mixin.py:154} INFO - [2023-11-28T00:44:29.335+0000] {dag.py:2963} INFO - Creating ORM DAG for example_trigger_controller_dag
[2023-11-28T00:44:29.344+0000] {logging_mixin.py:154} INFO - [2023-11-28T00:44:29.344+0000] {dag.py:3722} INFO - Setting next_dagrun for example_trigger_controller_dag to 2021-01-01T00:00:00+00:00, run_after=2021-01-01T00:00:00+00:00
[2023-11-28T00:44:29.364+0000] {processor.py:179} INFO - Processing /usr/local/lib/python3.10/dist-packages/airflow/example_dags/example_trigger_controller_dag.py took 0.190 seconds
[2023-11-28T00:45:22.122+0000] {processor.py:157} INFO - Started process (PID=3544) to work on /usr/local/lib/python3.10/dist-packages/airflow/example_dags/example_trigger_controller_dag.py
[2023-11-28T00:45:22.123+0000] {processor.py:829} INFO - Processing file /usr/local/lib/python3.10/dist-packages/airflow/example_dags/example_trigger_controller_dag.py for tasks to queue
[2023-11-28T00:45:22.124+0000] {logging_mixin.py:154} INFO - [2023-11-28T00:45:22.124+0000] {dagbag.py:536} INFO - Filling up the DagBag from /usr/local/lib/python3.10/dist-packages/airflow/example_dags/example_trigger_controller_dag.py
[2023-11-28T00:45:22.130+0000] {processor.py:839} INFO - DAG(s) dict_keys(['example_trigger_controller_dag']) retrieved from /usr/local/lib/python3.10/dist-packages/airflow/example_dags/example_trigger_controller_dag.py
[2023-11-28T00:45:22.148+0000] {logging_mixin.py:154} INFO - [2023-11-28T00:45:22.147+0000] {dag.py:2941} INFO - Sync 1 DAGs
[2023-11-28T00:45:22.169+0000] {logging_mixin.py:154} INFO - [2023-11-28T00:45:22.169+0000] {dag.py:3722} INFO - Setting next_dagrun for example_trigger_controller_dag to 2021-01-01T00:00:00+00:00, run_after=2021-01-01T00:00:00+00:00
[2023-11-28T00:45:22.191+0000] {processor.py:179} INFO - Processing /usr/local/lib/python3.10/dist-packages/airflow/example_dags/example_trigger_controller_dag.py took 0.073 seconds
[2023-11-28T00:46:07.539+0000] {processor.py:157} INFO - Started process (PID=3594) to work on /usr/local/lib/python3.10/dist-packages/airflow/example_dags/example_trigger_controller_dag.py
[2023-11-28T00:46:07.540+0000] {processor.py:829} INFO - Processing file /usr/local/lib/python3.10/dist-packages/airflow/example_dags/example_trigger_controller_dag.py for tasks to queue
[2023-11-28T00:46:07.541+0000] {logging_mixin.py:154} INFO - [2023-11-28T00:46:07.540+0000] {dagbag.py:536} INFO - Filling up the DagBag from /usr/local/lib/python3.10/dist-packages/airflow/example_dags/example_trigger_controller_dag.py
[2023-11-28T00:46:07.546+0000] {processor.py:839} INFO - DAG(s) dict_keys(['example_trigger_controller_dag']) retrieved from /usr/local/lib/python3.10/dist-packages/airflow/example_dags/example_trigger_controller_dag.py
[2023-11-28T00:46:07.564+0000] {logging_mixin.py:154} INFO - [2023-11-28T00:46:07.563+0000] {dag.py:2941} INFO - Sync 1 DAGs
[2023-11-28T00:46:07.585+0000] {logging_mixin.py:154} INFO - [2023-11-28T00:46:07.585+0000] {dag.py:3722} INFO - Setting next_dagrun for example_trigger_controller_dag to 2021-01-01T00:00:00+00:00, run_after=2021-01-01T00:00:00+00:00
[2023-11-28T00:46:07.607+0000] {processor.py:179} INFO - Processing /usr/local/lib/python3.10/dist-packages/airflow/example_dags/example_trigger_controller_dag.py took 0.072 seconds
[2023-11-28T00:46:46.263+0000] {processor.py:157} INFO - Started process (PID=3635) to work on /usr/local/lib/python3.10/dist-packages/airflow/example_dags/example_trigger_controller_dag.py
[2023-11-28T00:46:46.264+0000] {processor.py:829} INFO - Processing file /usr/local/lib/python3.10/dist-packages/airflow/example_dags/example_trigger_controller_dag.py for tasks to queue
[2023-11-28T00:46:46.265+0000] {logging_mixin.py:154} INFO - [2023-11-28T00:46:46.265+0000] {dagbag.py:536} INFO - Filling up the DagBag from /usr/local/lib/python3.10/dist-packages/airflow/example_dags/example_trigger_controller_dag.py
[2023-11-28T00:46:46.270+0000] {processor.py:839} INFO - DAG(s) dict_keys(['example_trigger_controller_dag']) retrieved from /usr/local/lib/python3.10/dist-packages/airflow/example_dags/example_trigger_controller_dag.py
[2023-11-28T00:46:46.288+0000] {logging_mixin.py:154} INFO - [2023-11-28T00:46:46.288+0000] {dag.py:2941} INFO - Sync 1 DAGs
[2023-11-28T00:46:46.308+0000] {logging_mixin.py:154} INFO - [2023-11-28T00:46:46.308+0000] {dag.py:3722} INFO - Setting next_dagrun for example_trigger_controller_dag to 2021-01-01T00:00:00+00:00, run_after=2021-01-01T00:00:00+00:00
[2023-11-28T00:46:46.330+0000] {processor.py:179} INFO - Processing /usr/local/lib/python3.10/dist-packages/airflow/example_dags/example_trigger_controller_dag.py took 0.071 seconds
[2023-11-28T00:47:30.035+0000] {processor.py:157} INFO - Started process (PID=3686) to work on /usr/local/lib/python3.10/dist-packages/airflow/example_dags/example_trigger_controller_dag.py
[2023-11-28T00:47:30.037+0000] {processor.py:829} INFO - Processing file /usr/local/lib/python3.10/dist-packages/airflow/example_dags/example_trigger_controller_dag.py for tasks to queue
[2023-11-28T00:47:30.038+0000] {logging_mixin.py:154} INFO - [2023-11-28T00:47:30.038+0000] {dagbag.py:536} INFO - Filling up the DagBag from /usr/local/lib/python3.10/dist-packages/airflow/example_dags/example_trigger_controller_dag.py
[2023-11-28T00:47:30.047+0000] {processor.py:839} INFO - DAG(s) dict_keys(['example_trigger_controller_dag']) retrieved from /usr/local/lib/python3.10/dist-packages/airflow/example_dags/example_trigger_controller_dag.py
[2023-11-28T00:47:30.076+0000] {logging_mixin.py:154} INFO - [2023-11-28T00:47:30.076+0000] {dag.py:2941} INFO - Sync 1 DAGs
[2023-11-28T00:47:30.100+0000] {logging_mixin.py:154} INFO - [2023-11-28T00:47:30.100+0000] {dag.py:3722} INFO - Setting next_dagrun for example_trigger_controller_dag to 2021-01-01T00:00:00+00:00, run_after=2021-01-01T00:00:00+00:00
[2023-11-28T00:47:30.130+0000] {processor.py:179} INFO - Processing /usr/local/lib/python3.10/dist-packages/airflow/example_dags/example_trigger_controller_dag.py took 0.100 seconds
[2023-11-28T00:48:12.697+0000] {processor.py:157} INFO - Started process (PID=3729) to work on /usr/local/lib/python3.10/dist-packages/airflow/example_dags/example_trigger_controller_dag.py
[2023-11-28T00:48:12.698+0000] {processor.py:829} INFO - Processing file /usr/local/lib/python3.10/dist-packages/airflow/example_dags/example_trigger_controller_dag.py for tasks to queue
[2023-11-28T00:48:12.699+0000] {logging_mixin.py:154} INFO - [2023-11-28T00:48:12.698+0000] {dagbag.py:536} INFO - Filling up the DagBag from /usr/local/lib/python3.10/dist-packages/airflow/example_dags/example_trigger_controller_dag.py
[2023-11-28T00:48:12.704+0000] {processor.py:839} INFO - DAG(s) dict_keys(['example_trigger_controller_dag']) retrieved from /usr/local/lib/python3.10/dist-packages/airflow/example_dags/example_trigger_controller_dag.py
[2023-11-28T00:48:12.721+0000] {logging_mixin.py:154} INFO - [2023-11-28T00:48:12.721+0000] {dag.py:2941} INFO - Sync 1 DAGs
[2023-11-28T00:48:12.742+0000] {logging_mixin.py:154} INFO - [2023-11-28T00:48:12.742+0000] {dag.py:3722} INFO - Setting next_dagrun for example_trigger_controller_dag to 2021-01-01T00:00:00+00:00, run_after=2021-01-01T00:00:00+00:00
[2023-11-28T00:48:12.767+0000] {processor.py:179} INFO - Processing /usr/local/lib/python3.10/dist-packages/airflow/example_dags/example_trigger_controller_dag.py took 0.074 seconds
[2023-11-28T00:48:57.441+0000] {processor.py:157} INFO - Started process (PID=3775) to work on /usr/local/lib/python3.10/dist-packages/airflow/example_dags/example_trigger_controller_dag.py
[2023-11-28T00:48:57.443+0000] {processor.py:829} INFO - Processing file /usr/local/lib/python3.10/dist-packages/airflow/example_dags/example_trigger_controller_dag.py for tasks to queue
[2023-11-28T00:48:57.444+0000] {logging_mixin.py:154} INFO - [2023-11-28T00:48:57.443+0000] {dagbag.py:536} INFO - Filling up the DagBag from /usr/local/lib/python3.10/dist-packages/airflow/example_dags/example_trigger_controller_dag.py
[2023-11-28T00:48:57.449+0000] {processor.py:839} INFO - DAG(s) dict_keys(['example_trigger_controller_dag']) retrieved from /usr/local/lib/python3.10/dist-packages/airflow/example_dags/example_trigger_controller_dag.py
[2023-11-28T00:48:57.467+0000] {logging_mixin.py:154} INFO - [2023-11-28T00:48:57.466+0000] {dag.py:2941} INFO - Sync 1 DAGs
[2023-11-28T00:48:57.488+0000] {logging_mixin.py:154} INFO - [2023-11-28T00:48:57.487+0000] {dag.py:3722} INFO - Setting next_dagrun for example_trigger_controller_dag to 2021-01-01T00:00:00+00:00, run_after=2021-01-01T00:00:00+00:00
[2023-11-28T00:48:57.512+0000] {processor.py:179} INFO - Processing /usr/local/lib/python3.10/dist-packages/airflow/example_dags/example_trigger_controller_dag.py took 0.074 seconds
[2023-11-28T00:49:41.377+0000] {processor.py:157} INFO - Started process (PID=3822) to work on /usr/local/lib/python3.10/dist-packages/airflow/example_dags/example_trigger_controller_dag.py
[2023-11-28T00:49:41.378+0000] {processor.py:829} INFO - Processing file /usr/local/lib/python3.10/dist-packages/airflow/example_dags/example_trigger_controller_dag.py for tasks to queue
[2023-11-28T00:49:41.379+0000] {logging_mixin.py:154} INFO - [2023-11-28T00:49:41.378+0000] {dagbag.py:536} INFO - Filling up the DagBag from /usr/local/lib/python3.10/dist-packages/airflow/example_dags/example_trigger_controller_dag.py
[2023-11-28T00:49:41.384+0000] {processor.py:839} INFO - DAG(s) dict_keys(['example_trigger_controller_dag']) retrieved from /usr/local/lib/python3.10/dist-packages/airflow/example_dags/example_trigger_controller_dag.py
[2023-11-28T00:49:41.402+0000] {logging_mixin.py:154} INFO - [2023-11-28T00:49:41.401+0000] {dag.py:2941} INFO - Sync 1 DAGs
[2023-11-28T00:49:41.423+0000] {logging_mixin.py:154} INFO - [2023-11-28T00:49:41.423+0000] {dag.py:3722} INFO - Setting next_dagrun for example_trigger_controller_dag to 2021-01-01T00:00:00+00:00, run_after=2021-01-01T00:00:00+00:00
[2023-11-28T00:49:41.445+0000] {processor.py:179} INFO - Processing /usr/local/lib/python3.10/dist-packages/airflow/example_dags/example_trigger_controller_dag.py took 0.072 seconds
[2023-11-28T00:50:26.564+0000] {processor.py:157} INFO - Started process (PID=3869) to work on /usr/local/lib/python3.10/dist-packages/airflow/example_dags/example_trigger_controller_dag.py
[2023-11-28T00:50:26.565+0000] {processor.py:829} INFO - Processing file /usr/local/lib/python3.10/dist-packages/airflow/example_dags/example_trigger_controller_dag.py for tasks to queue
[2023-11-28T00:50:26.566+0000] {logging_mixin.py:154} INFO - [2023-11-28T00:50:26.566+0000] {dagbag.py:536} INFO - Filling up the DagBag from /usr/local/lib/python3.10/dist-packages/airflow/example_dags/example_trigger_controller_dag.py
[2023-11-28T00:50:26.572+0000] {processor.py:839} INFO - DAG(s) dict_keys(['example_trigger_controller_dag']) retrieved from /usr/local/lib/python3.10/dist-packages/airflow/example_dags/example_trigger_controller_dag.py
[2023-11-28T00:50:26.590+0000] {logging_mixin.py:154} INFO - [2023-11-28T00:50:26.589+0000] {dag.py:2941} INFO - Sync 1 DAGs
[2023-11-28T00:50:26.611+0000] {logging_mixin.py:154} INFO - [2023-11-28T00:50:26.611+0000] {dag.py:3722} INFO - Setting next_dagrun for example_trigger_controller_dag to 2021-01-01T00:00:00+00:00, run_after=2021-01-01T00:00:00+00:00
[2023-11-28T00:50:26.633+0000] {processor.py:179} INFO - Processing /usr/local/lib/python3.10/dist-packages/airflow/example_dags/example_trigger_controller_dag.py took 0.072 seconds
[2023-11-28T00:51:15.105+0000] {processor.py:157} INFO - Started process (PID=3917) to work on /usr/local/lib/python3.10/dist-packages/airflow/example_dags/example_trigger_controller_dag.py
[2023-11-28T00:51:15.106+0000] {processor.py:829} INFO - Processing file /usr/local/lib/python3.10/dist-packages/airflow/example_dags/example_trigger_controller_dag.py for tasks to queue
[2023-11-28T00:51:15.107+0000] {logging_mixin.py:154} INFO - [2023-11-28T00:51:15.106+0000] {dagbag.py:536} INFO - Filling up the DagBag from /usr/local/lib/python3.10/dist-packages/airflow/example_dags/example_trigger_controller_dag.py
[2023-11-28T00:51:15.112+0000] {processor.py:839} INFO - DAG(s) dict_keys(['example_trigger_controller_dag']) retrieved from /usr/local/lib/python3.10/dist-packages/airflow/example_dags/example_trigger_controller_dag.py
[2023-11-28T00:51:15.130+0000] {logging_mixin.py:154} INFO - [2023-11-28T00:51:15.130+0000] {dag.py:2941} INFO - Sync 1 DAGs
[2023-11-28T00:51:15.151+0000] {logging_mixin.py:154} INFO - [2023-11-28T00:51:15.150+0000] {dag.py:3722} INFO - Setting next_dagrun for example_trigger_controller_dag to 2021-01-01T00:00:00+00:00, run_after=2021-01-01T00:00:00+00:00
[2023-11-28T00:51:15.172+0000] {processor.py:179} INFO - Processing /usr/local/lib/python3.10/dist-packages/airflow/example_dags/example_trigger_controller_dag.py took 0.071 seconds
[2023-11-28T00:52:01.525+0000] {processor.py:157} INFO - Started process (PID=3966) to work on /usr/local/lib/python3.10/dist-packages/airflow/example_dags/example_trigger_controller_dag.py
[2023-11-28T00:52:01.526+0000] {processor.py:829} INFO - Processing file /usr/local/lib/python3.10/dist-packages/airflow/example_dags/example_trigger_controller_dag.py for tasks to queue
[2023-11-28T00:52:01.527+0000] {logging_mixin.py:154} INFO - [2023-11-28T00:52:01.527+0000] {dagbag.py:536} INFO - Filling up the DagBag from /usr/local/lib/python3.10/dist-packages/airflow/example_dags/example_trigger_controller_dag.py
[2023-11-28T00:52:01.532+0000] {processor.py:839} INFO - DAG(s) dict_keys(['example_trigger_controller_dag']) retrieved from /usr/local/lib/python3.10/dist-packages/airflow/example_dags/example_trigger_controller_dag.py
[2023-11-28T00:52:01.550+0000] {logging_mixin.py:154} INFO - [2023-11-28T00:52:01.550+0000] {dag.py:2941} INFO - Sync 1 DAGs
[2023-11-28T00:52:01.571+0000] {logging_mixin.py:154} INFO - [2023-11-28T00:52:01.571+0000] {dag.py:3722} INFO - Setting next_dagrun for example_trigger_controller_dag to 2021-01-01T00:00:00+00:00, run_after=2021-01-01T00:00:00+00:00
[2023-11-28T00:52:01.594+0000] {processor.py:179} INFO - Processing /usr/local/lib/python3.10/dist-packages/airflow/example_dags/example_trigger_controller_dag.py took 0.073 seconds
[2023-11-28T00:52:45.772+0000] {processor.py:157} INFO - Started process (PID=4381) to work on /usr/local/lib/python3.10/dist-packages/airflow/example_dags/example_trigger_controller_dag.py
[2023-11-28T00:52:45.773+0000] {processor.py:829} INFO - Processing file /usr/local/lib/python3.10/dist-packages/airflow/example_dags/example_trigger_controller_dag.py for tasks to queue
[2023-11-28T00:52:45.774+0000] {logging_mixin.py:154} INFO - [2023-11-28T00:52:45.773+0000] {dagbag.py:536} INFO - Filling up the DagBag from /usr/local/lib/python3.10/dist-packages/airflow/example_dags/example_trigger_controller_dag.py
[2023-11-28T00:52:45.779+0000] {processor.py:839} INFO - DAG(s) dict_keys(['example_trigger_controller_dag']) retrieved from /usr/local/lib/python3.10/dist-packages/airflow/example_dags/example_trigger_controller_dag.py
[2023-11-28T00:52:45.796+0000] {logging_mixin.py:154} INFO - [2023-11-28T00:52:45.796+0000] {dag.py:2941} INFO - Sync 1 DAGs
[2023-11-28T00:52:45.816+0000] {logging_mixin.py:154} INFO - [2023-11-28T00:52:45.816+0000] {dag.py:3722} INFO - Setting next_dagrun for example_trigger_controller_dag to 2021-01-01T00:00:00+00:00, run_after=2021-01-01T00:00:00+00:00
[2023-11-28T00:52:45.838+0000] {processor.py:179} INFO - Processing /usr/local/lib/python3.10/dist-packages/airflow/example_dags/example_trigger_controller_dag.py took 0.070 seconds
[2023-11-28T00:53:33.107+0000] {processor.py:157} INFO - Started process (PID=4525) to work on /usr/local/lib/python3.10/dist-packages/airflow/example_dags/example_trigger_controller_dag.py
[2023-11-28T00:53:33.111+0000] {processor.py:829} INFO - Processing file /usr/local/lib/python3.10/dist-packages/airflow/example_dags/example_trigger_controller_dag.py for tasks to queue
[2023-11-28T00:53:33.112+0000] {logging_mixin.py:154} INFO - [2023-11-28T00:53:33.111+0000] {dagbag.py:536} INFO - Filling up the DagBag from /usr/local/lib/python3.10/dist-packages/airflow/example_dags/example_trigger_controller_dag.py
[2023-11-28T00:53:33.117+0000] {processor.py:839} INFO - DAG(s) dict_keys(['example_trigger_controller_dag']) retrieved from /usr/local/lib/python3.10/dist-packages/airflow/example_dags/example_trigger_controller_dag.py
[2023-11-28T00:53:33.134+0000] {logging_mixin.py:154} INFO - [2023-11-28T00:53:33.134+0000] {dag.py:2941} INFO - Sync 1 DAGs
[2023-11-28T00:53:33.154+0000] {logging_mixin.py:154} INFO - [2023-11-28T00:53:33.154+0000] {dag.py:3722} INFO - Setting next_dagrun for example_trigger_controller_dag to 2021-01-01T00:00:00+00:00, run_after=2021-01-01T00:00:00+00:00
[2023-11-28T00:53:33.179+0000] {processor.py:179} INFO - Processing /usr/local/lib/python3.10/dist-packages/airflow/example_dags/example_trigger_controller_dag.py took 0.075 seconds
[2023-11-28T00:54:17.017+0000] {processor.py:157} INFO - Started process (PID=4885) to work on /usr/local/lib/python3.10/dist-packages/airflow/example_dags/example_trigger_controller_dag.py
[2023-11-28T00:54:17.018+0000] {processor.py:829} INFO - Processing file /usr/local/lib/python3.10/dist-packages/airflow/example_dags/example_trigger_controller_dag.py for tasks to queue
[2023-11-28T00:54:17.019+0000] {logging_mixin.py:154} INFO - [2023-11-28T00:54:17.019+0000] {dagbag.py:536} INFO - Filling up the DagBag from /usr/local/lib/python3.10/dist-packages/airflow/example_dags/example_trigger_controller_dag.py
[2023-11-28T00:54:17.025+0000] {processor.py:839} INFO - DAG(s) dict_keys(['example_trigger_controller_dag']) retrieved from /usr/local/lib/python3.10/dist-packages/airflow/example_dags/example_trigger_controller_dag.py
[2023-11-28T00:54:17.042+0000] {logging_mixin.py:154} INFO - [2023-11-28T00:54:17.042+0000] {dag.py:2941} INFO - Sync 1 DAGs
[2023-11-28T00:54:17.064+0000] {logging_mixin.py:154} INFO - [2023-11-28T00:54:17.064+0000] {dag.py:3722} INFO - Setting next_dagrun for example_trigger_controller_dag to 2021-01-01T00:00:00+00:00, run_after=2021-01-01T00:00:00+00:00
[2023-11-28T00:54:17.088+0000] {processor.py:179} INFO - Processing /usr/local/lib/python3.10/dist-packages/airflow/example_dags/example_trigger_controller_dag.py took 0.075 seconds
[2023-11-28T00:54:59.810+0000] {processor.py:157} INFO - Started process (PID=4929) to work on /usr/local/lib/python3.10/dist-packages/airflow/example_dags/example_trigger_controller_dag.py
[2023-11-28T00:54:59.812+0000] {processor.py:829} INFO - Processing file /usr/local/lib/python3.10/dist-packages/airflow/example_dags/example_trigger_controller_dag.py for tasks to queue
[2023-11-28T00:54:59.812+0000] {logging_mixin.py:154} INFO - [2023-11-28T00:54:59.812+0000] {dagbag.py:536} INFO - Filling up the DagBag from /usr/local/lib/python3.10/dist-packages/airflow/example_dags/example_trigger_controller_dag.py
[2023-11-28T00:54:59.818+0000] {processor.py:839} INFO - DAG(s) dict_keys(['example_trigger_controller_dag']) retrieved from /usr/local/lib/python3.10/dist-packages/airflow/example_dags/example_trigger_controller_dag.py
[2023-11-28T00:54:59.835+0000] {logging_mixin.py:154} INFO - [2023-11-28T00:54:59.835+0000] {dag.py:2941} INFO - Sync 1 DAGs
[2023-11-28T00:54:59.856+0000] {logging_mixin.py:154} INFO - [2023-11-28T00:54:59.856+0000] {dag.py:3722} INFO - Setting next_dagrun for example_trigger_controller_dag to 2021-01-01T00:00:00+00:00, run_after=2021-01-01T00:00:00+00:00
[2023-11-28T00:54:59.880+0000] {processor.py:179} INFO - Processing /usr/local/lib/python3.10/dist-packages/airflow/example_dags/example_trigger_controller_dag.py took 0.073 seconds
[2023-11-28T00:55:46.261+0000] {processor.py:157} INFO - Started process (PID=4982) to work on /usr/local/lib/python3.10/dist-packages/airflow/example_dags/example_trigger_controller_dag.py
[2023-11-28T00:55:46.262+0000] {processor.py:829} INFO - Processing file /usr/local/lib/python3.10/dist-packages/airflow/example_dags/example_trigger_controller_dag.py for tasks to queue
[2023-11-28T00:55:46.263+0000] {logging_mixin.py:154} INFO - [2023-11-28T00:55:46.262+0000] {dagbag.py:536} INFO - Filling up the DagBag from /usr/local/lib/python3.10/dist-packages/airflow/example_dags/example_trigger_controller_dag.py
[2023-11-28T00:55:46.268+0000] {processor.py:839} INFO - DAG(s) dict_keys(['example_trigger_controller_dag']) retrieved from /usr/local/lib/python3.10/dist-packages/airflow/example_dags/example_trigger_controller_dag.py
[2023-11-28T00:55:46.285+0000] {logging_mixin.py:154} INFO - [2023-11-28T00:55:46.285+0000] {dag.py:2941} INFO - Sync 1 DAGs
[2023-11-28T00:55:46.306+0000] {logging_mixin.py:154} INFO - [2023-11-28T00:55:46.306+0000] {dag.py:3722} INFO - Setting next_dagrun for example_trigger_controller_dag to 2021-01-01T00:00:00+00:00, run_after=2021-01-01T00:00:00+00:00
[2023-11-28T00:55:46.329+0000] {processor.py:179} INFO - Processing /usr/local/lib/python3.10/dist-packages/airflow/example_dags/example_trigger_controller_dag.py took 0.072 seconds
[2023-11-28T00:56:32.519+0000] {processor.py:157} INFO - Started process (PID=5342) to work on /usr/local/lib/python3.10/dist-packages/airflow/example_dags/example_trigger_controller_dag.py
[2023-11-28T00:56:32.520+0000] {processor.py:829} INFO - Processing file /usr/local/lib/python3.10/dist-packages/airflow/example_dags/example_trigger_controller_dag.py for tasks to queue
[2023-11-28T00:56:32.521+0000] {logging_mixin.py:154} INFO - [2023-11-28T00:56:32.520+0000] {dagbag.py:536} INFO - Filling up the DagBag from /usr/local/lib/python3.10/dist-packages/airflow/example_dags/example_trigger_controller_dag.py
[2023-11-28T00:56:32.526+0000] {processor.py:839} INFO - DAG(s) dict_keys(['example_trigger_controller_dag']) retrieved from /usr/local/lib/python3.10/dist-packages/airflow/example_dags/example_trigger_controller_dag.py
[2023-11-28T00:56:32.543+0000] {logging_mixin.py:154} INFO - [2023-11-28T00:56:32.543+0000] {dag.py:2941} INFO - Sync 1 DAGs
[2023-11-28T00:56:32.563+0000] {logging_mixin.py:154} INFO - [2023-11-28T00:56:32.563+0000] {dag.py:3722} INFO - Setting next_dagrun for example_trigger_controller_dag to 2021-01-01T00:00:00+00:00, run_after=2021-01-01T00:00:00+00:00
[2023-11-28T00:56:32.586+0000] {processor.py:179} INFO - Processing /usr/local/lib/python3.10/dist-packages/airflow/example_dags/example_trigger_controller_dag.py took 0.071 seconds
[2023-11-28T00:57:20.022+0000] {processor.py:157} INFO - Started process (PID=5394) to work on /usr/local/lib/python3.10/dist-packages/airflow/example_dags/example_trigger_controller_dag.py
[2023-11-28T00:57:20.023+0000] {processor.py:829} INFO - Processing file /usr/local/lib/python3.10/dist-packages/airflow/example_dags/example_trigger_controller_dag.py for tasks to queue
[2023-11-28T00:57:20.024+0000] {logging_mixin.py:154} INFO - [2023-11-28T00:57:20.024+0000] {dagbag.py:536} INFO - Filling up the DagBag from /usr/local/lib/python3.10/dist-packages/airflow/example_dags/example_trigger_controller_dag.py
[2023-11-28T00:57:20.030+0000] {processor.py:839} INFO - DAG(s) dict_keys(['example_trigger_controller_dag']) retrieved from /usr/local/lib/python3.10/dist-packages/airflow/example_dags/example_trigger_controller_dag.py
[2023-11-28T00:57:20.048+0000] {logging_mixin.py:154} INFO - [2023-11-28T00:57:20.048+0000] {dag.py:2941} INFO - Sync 1 DAGs
[2023-11-28T00:57:20.069+0000] {logging_mixin.py:154} INFO - [2023-11-28T00:57:20.069+0000] {dag.py:3722} INFO - Setting next_dagrun for example_trigger_controller_dag to 2021-01-01T00:00:00+00:00, run_after=2021-01-01T00:00:00+00:00
[2023-11-28T00:57:20.091+0000] {processor.py:179} INFO - Processing /usr/local/lib/python3.10/dist-packages/airflow/example_dags/example_trigger_controller_dag.py took 0.073 seconds
[2023-11-28T00:58:06.883+0000] {processor.py:157} INFO - Started process (PID=5441) to work on /usr/local/lib/python3.10/dist-packages/airflow/example_dags/example_trigger_controller_dag.py
[2023-11-28T00:58:06.884+0000] {processor.py:829} INFO - Processing file /usr/local/lib/python3.10/dist-packages/airflow/example_dags/example_trigger_controller_dag.py for tasks to queue
[2023-11-28T00:58:06.885+0000] {logging_mixin.py:154} INFO - [2023-11-28T00:58:06.885+0000] {dagbag.py:536} INFO - Filling up the DagBag from /usr/local/lib/python3.10/dist-packages/airflow/example_dags/example_trigger_controller_dag.py
[2023-11-28T00:58:06.891+0000] {processor.py:839} INFO - DAG(s) dict_keys(['example_trigger_controller_dag']) retrieved from /usr/local/lib/python3.10/dist-packages/airflow/example_dags/example_trigger_controller_dag.py
[2023-11-28T00:58:06.908+0000] {logging_mixin.py:154} INFO - [2023-11-28T00:58:06.907+0000] {dag.py:2941} INFO - Sync 1 DAGs
[2023-11-28T00:58:06.928+0000] {logging_mixin.py:154} INFO - [2023-11-28T00:58:06.928+0000] {dag.py:3722} INFO - Setting next_dagrun for example_trigger_controller_dag to 2021-01-01T00:00:00+00:00, run_after=2021-01-01T00:00:00+00:00
[2023-11-28T00:58:06.950+0000] {processor.py:179} INFO - Processing /usr/local/lib/python3.10/dist-packages/airflow/example_dags/example_trigger_controller_dag.py took 0.071 seconds
[2023-11-28T00:58:52.967+0000] {processor.py:157} INFO - Started process (PID=5488) to work on /usr/local/lib/python3.10/dist-packages/airflow/example_dags/example_trigger_controller_dag.py
[2023-11-28T00:58:52.968+0000] {processor.py:829} INFO - Processing file /usr/local/lib/python3.10/dist-packages/airflow/example_dags/example_trigger_controller_dag.py for tasks to queue
[2023-11-28T00:58:52.969+0000] {logging_mixin.py:154} INFO - [2023-11-28T00:58:52.969+0000] {dagbag.py:536} INFO - Filling up the DagBag from /usr/local/lib/python3.10/dist-packages/airflow/example_dags/example_trigger_controller_dag.py
[2023-11-28T00:58:52.974+0000] {processor.py:839} INFO - DAG(s) dict_keys(['example_trigger_controller_dag']) retrieved from /usr/local/lib/python3.10/dist-packages/airflow/example_dags/example_trigger_controller_dag.py
[2023-11-28T00:58:52.991+0000] {logging_mixin.py:154} INFO - [2023-11-28T00:58:52.991+0000] {dag.py:2941} INFO - Sync 1 DAGs
[2023-11-28T00:58:53.012+0000] {logging_mixin.py:154} INFO - [2023-11-28T00:58:53.012+0000] {dag.py:3722} INFO - Setting next_dagrun for example_trigger_controller_dag to 2021-01-01T00:00:00+00:00, run_after=2021-01-01T00:00:00+00:00
[2023-11-28T00:58:53.034+0000] {processor.py:179} INFO - Processing /usr/local/lib/python3.10/dist-packages/airflow/example_dags/example_trigger_controller_dag.py took 0.071 seconds
[2023-11-28T00:59:38.206+0000] {processor.py:157} INFO - Started process (PID=5536) to work on /usr/local/lib/python3.10/dist-packages/airflow/example_dags/example_trigger_controller_dag.py
[2023-11-28T00:59:38.207+0000] {processor.py:829} INFO - Processing file /usr/local/lib/python3.10/dist-packages/airflow/example_dags/example_trigger_controller_dag.py for tasks to queue
[2023-11-28T00:59:38.208+0000] {logging_mixin.py:154} INFO - [2023-11-28T00:59:38.208+0000] {dagbag.py:536} INFO - Filling up the DagBag from /usr/local/lib/python3.10/dist-packages/airflow/example_dags/example_trigger_controller_dag.py
[2023-11-28T00:59:38.213+0000] {processor.py:839} INFO - DAG(s) dict_keys(['example_trigger_controller_dag']) retrieved from /usr/local/lib/python3.10/dist-packages/airflow/example_dags/example_trigger_controller_dag.py
[2023-11-28T00:59:38.230+0000] {logging_mixin.py:154} INFO - [2023-11-28T00:59:38.230+0000] {dag.py:2941} INFO - Sync 1 DAGs
[2023-11-28T00:59:38.251+0000] {logging_mixin.py:154} INFO - [2023-11-28T00:59:38.251+0000] {dag.py:3722} INFO - Setting next_dagrun for example_trigger_controller_dag to 2021-01-01T00:00:00+00:00, run_after=2021-01-01T00:00:00+00:00
[2023-11-28T00:59:38.273+0000] {processor.py:179} INFO - Processing /usr/local/lib/python3.10/dist-packages/airflow/example_dags/example_trigger_controller_dag.py took 0.071 seconds
[2023-11-28T01:00:20.767+0000] {processor.py:157} INFO - Started process (PID=5580) to work on /usr/local/lib/python3.10/dist-packages/airflow/example_dags/example_trigger_controller_dag.py
[2023-11-28T01:00:20.768+0000] {processor.py:829} INFO - Processing file /usr/local/lib/python3.10/dist-packages/airflow/example_dags/example_trigger_controller_dag.py for tasks to queue
[2023-11-28T01:00:20.769+0000] {logging_mixin.py:154} INFO - [2023-11-28T01:00:20.769+0000] {dagbag.py:536} INFO - Filling up the DagBag from /usr/local/lib/python3.10/dist-packages/airflow/example_dags/example_trigger_controller_dag.py
[2023-11-28T01:00:20.774+0000] {processor.py:839} INFO - DAG(s) dict_keys(['example_trigger_controller_dag']) retrieved from /usr/local/lib/python3.10/dist-packages/airflow/example_dags/example_trigger_controller_dag.py
[2023-11-28T01:00:20.793+0000] {logging_mixin.py:154} INFO - [2023-11-28T01:00:20.792+0000] {dag.py:2941} INFO - Sync 1 DAGs
[2023-11-28T01:00:20.814+0000] {logging_mixin.py:154} INFO - [2023-11-28T01:00:20.814+0000] {dag.py:3722} INFO - Setting next_dagrun for example_trigger_controller_dag to 2021-01-01T00:00:00+00:00, run_after=2021-01-01T00:00:00+00:00
[2023-11-28T01:00:20.838+0000] {processor.py:179} INFO - Processing /usr/local/lib/python3.10/dist-packages/airflow/example_dags/example_trigger_controller_dag.py took 0.075 seconds
[2023-11-28T01:01:07.217+0000] {processor.py:157} INFO - Started process (PID=5627) to work on /usr/local/lib/python3.10/dist-packages/airflow/example_dags/example_trigger_controller_dag.py
[2023-11-28T01:01:07.219+0000] {processor.py:829} INFO - Processing file /usr/local/lib/python3.10/dist-packages/airflow/example_dags/example_trigger_controller_dag.py for tasks to queue
[2023-11-28T01:01:07.220+0000] {logging_mixin.py:154} INFO - [2023-11-28T01:01:07.219+0000] {dagbag.py:536} INFO - Filling up the DagBag from /usr/local/lib/python3.10/dist-packages/airflow/example_dags/example_trigger_controller_dag.py
[2023-11-28T01:01:07.225+0000] {processor.py:839} INFO - DAG(s) dict_keys(['example_trigger_controller_dag']) retrieved from /usr/local/lib/python3.10/dist-packages/airflow/example_dags/example_trigger_controller_dag.py
[2023-11-28T01:01:07.243+0000] {logging_mixin.py:154} INFO - [2023-11-28T01:01:07.242+0000] {dag.py:2941} INFO - Sync 1 DAGs
[2023-11-28T01:01:07.264+0000] {logging_mixin.py:154} INFO - [2023-11-28T01:01:07.264+0000] {dag.py:3722} INFO - Setting next_dagrun for example_trigger_controller_dag to 2021-01-01T00:00:00+00:00, run_after=2021-01-01T00:00:00+00:00
[2023-11-28T01:01:07.287+0000] {processor.py:179} INFO - Processing /usr/local/lib/python3.10/dist-packages/airflow/example_dags/example_trigger_controller_dag.py took 0.073 seconds
[2023-11-28T01:01:51.256+0000] {processor.py:157} INFO - Started process (PID=5674) to work on /usr/local/lib/python3.10/dist-packages/airflow/example_dags/example_trigger_controller_dag.py
[2023-11-28T01:01:51.257+0000] {processor.py:829} INFO - Processing file /usr/local/lib/python3.10/dist-packages/airflow/example_dags/example_trigger_controller_dag.py for tasks to queue
[2023-11-28T01:01:51.258+0000] {logging_mixin.py:154} INFO - [2023-11-28T01:01:51.258+0000] {dagbag.py:536} INFO - Filling up the DagBag from /usr/local/lib/python3.10/dist-packages/airflow/example_dags/example_trigger_controller_dag.py
[2023-11-28T01:01:51.263+0000] {processor.py:839} INFO - DAG(s) dict_keys(['example_trigger_controller_dag']) retrieved from /usr/local/lib/python3.10/dist-packages/airflow/example_dags/example_trigger_controller_dag.py
[2023-11-28T01:01:51.281+0000] {logging_mixin.py:154} INFO - [2023-11-28T01:01:51.280+0000] {dag.py:2941} INFO - Sync 1 DAGs
[2023-11-28T01:01:51.301+0000] {logging_mixin.py:154} INFO - [2023-11-28T01:01:51.301+0000] {dag.py:3722} INFO - Setting next_dagrun for example_trigger_controller_dag to 2021-01-01T00:00:00+00:00, run_after=2021-01-01T00:00:00+00:00
[2023-11-28T01:01:51.323+0000] {processor.py:179} INFO - Processing /usr/local/lib/python3.10/dist-packages/airflow/example_dags/example_trigger_controller_dag.py took 0.071 seconds
[2023-11-28T01:02:37.937+0000] {processor.py:157} INFO - Started process (PID=5723) to work on /usr/local/lib/python3.10/dist-packages/airflow/example_dags/example_trigger_controller_dag.py
[2023-11-28T01:02:37.939+0000] {processor.py:829} INFO - Processing file /usr/local/lib/python3.10/dist-packages/airflow/example_dags/example_trigger_controller_dag.py for tasks to queue
[2023-11-28T01:02:37.940+0000] {logging_mixin.py:154} INFO - [2023-11-28T01:02:37.939+0000] {dagbag.py:536} INFO - Filling up the DagBag from /usr/local/lib/python3.10/dist-packages/airflow/example_dags/example_trigger_controller_dag.py
[2023-11-28T01:02:37.945+0000] {processor.py:839} INFO - DAG(s) dict_keys(['example_trigger_controller_dag']) retrieved from /usr/local/lib/python3.10/dist-packages/airflow/example_dags/example_trigger_controller_dag.py
[2023-11-28T01:02:37.962+0000] {logging_mixin.py:154} INFO - [2023-11-28T01:02:37.962+0000] {dag.py:2941} INFO - Sync 1 DAGs
[2023-11-28T01:02:37.984+0000] {logging_mixin.py:154} INFO - [2023-11-28T01:02:37.983+0000] {dag.py:3722} INFO - Setting next_dagrun for example_trigger_controller_dag to 2021-01-01T00:00:00+00:00, run_after=2021-01-01T00:00:00+00:00
[2023-11-28T01:02:38.010+0000] {processor.py:179} INFO - Processing /usr/local/lib/python3.10/dist-packages/airflow/example_dags/example_trigger_controller_dag.py took 0.077 seconds
[2023-11-28T01:03:22.537+0000] {processor.py:157} INFO - Started process (PID=5768) to work on /usr/local/lib/python3.10/dist-packages/airflow/example_dags/example_trigger_controller_dag.py
[2023-11-28T01:03:22.538+0000] {processor.py:829} INFO - Processing file /usr/local/lib/python3.10/dist-packages/airflow/example_dags/example_trigger_controller_dag.py for tasks to queue
[2023-11-28T01:03:22.539+0000] {logging_mixin.py:154} INFO - [2023-11-28T01:03:22.538+0000] {dagbag.py:536} INFO - Filling up the DagBag from /usr/local/lib/python3.10/dist-packages/airflow/example_dags/example_trigger_controller_dag.py
[2023-11-28T01:03:22.544+0000] {processor.py:839} INFO - DAG(s) dict_keys(['example_trigger_controller_dag']) retrieved from /usr/local/lib/python3.10/dist-packages/airflow/example_dags/example_trigger_controller_dag.py
[2023-11-28T01:03:22.561+0000] {logging_mixin.py:154} INFO - [2023-11-28T01:03:22.561+0000] {dag.py:2941} INFO - Sync 1 DAGs
[2023-11-28T01:03:22.581+0000] {logging_mixin.py:154} INFO - [2023-11-28T01:03:22.580+0000] {dag.py:3722} INFO - Setting next_dagrun for example_trigger_controller_dag to 2021-01-01T00:00:00+00:00, run_after=2021-01-01T00:00:00+00:00
[2023-11-28T01:03:22.603+0000] {processor.py:179} INFO - Processing /usr/local/lib/python3.10/dist-packages/airflow/example_dags/example_trigger_controller_dag.py took 0.070 seconds
[2023-11-28T01:04:07.419+0000] {processor.py:157} INFO - Started process (PID=5928) to work on /usr/local/lib/python3.10/dist-packages/airflow/example_dags/example_trigger_controller_dag.py
[2023-11-28T01:04:07.420+0000] {processor.py:829} INFO - Processing file /usr/local/lib/python3.10/dist-packages/airflow/example_dags/example_trigger_controller_dag.py for tasks to queue
[2023-11-28T01:04:07.421+0000] {logging_mixin.py:154} INFO - [2023-11-28T01:04:07.420+0000] {dagbag.py:536} INFO - Filling up the DagBag from /usr/local/lib/python3.10/dist-packages/airflow/example_dags/example_trigger_controller_dag.py
[2023-11-28T01:04:07.426+0000] {processor.py:839} INFO - DAG(s) dict_keys(['example_trigger_controller_dag']) retrieved from /usr/local/lib/python3.10/dist-packages/airflow/example_dags/example_trigger_controller_dag.py
[2023-11-28T01:04:07.443+0000] {logging_mixin.py:154} INFO - [2023-11-28T01:04:07.443+0000] {dag.py:2941} INFO - Sync 1 DAGs
[2023-11-28T01:04:07.464+0000] {logging_mixin.py:154} INFO - [2023-11-28T01:04:07.464+0000] {dag.py:3722} INFO - Setting next_dagrun for example_trigger_controller_dag to 2021-01-01T00:00:00+00:00, run_after=2021-01-01T00:00:00+00:00
[2023-11-28T01:04:07.488+0000] {processor.py:179} INFO - Processing /usr/local/lib/python3.10/dist-packages/airflow/example_dags/example_trigger_controller_dag.py took 0.073 seconds
[2023-11-28T01:04:49.866+0000] {processor.py:157} INFO - Started process (PID=5974) to work on /usr/local/lib/python3.10/dist-packages/airflow/example_dags/example_trigger_controller_dag.py
[2023-11-28T01:04:49.867+0000] {processor.py:829} INFO - Processing file /usr/local/lib/python3.10/dist-packages/airflow/example_dags/example_trigger_controller_dag.py for tasks to queue
[2023-11-28T01:04:49.868+0000] {logging_mixin.py:154} INFO - [2023-11-28T01:04:49.867+0000] {dagbag.py:536} INFO - Filling up the DagBag from /usr/local/lib/python3.10/dist-packages/airflow/example_dags/example_trigger_controller_dag.py
[2023-11-28T01:04:49.873+0000] {processor.py:839} INFO - DAG(s) dict_keys(['example_trigger_controller_dag']) retrieved from /usr/local/lib/python3.10/dist-packages/airflow/example_dags/example_trigger_controller_dag.py
[2023-11-28T01:04:49.891+0000] {logging_mixin.py:154} INFO - [2023-11-28T01:04:49.891+0000] {dag.py:2941} INFO - Sync 1 DAGs
[2023-11-28T01:04:49.912+0000] {logging_mixin.py:154} INFO - [2023-11-28T01:04:49.911+0000] {dag.py:3722} INFO - Setting next_dagrun for example_trigger_controller_dag to 2021-01-01T00:00:00+00:00, run_after=2021-01-01T00:00:00+00:00
[2023-11-28T01:04:49.935+0000] {processor.py:179} INFO - Processing /usr/local/lib/python3.10/dist-packages/airflow/example_dags/example_trigger_controller_dag.py took 0.072 seconds
[2023-11-28T01:05:33.813+0000] {processor.py:157} INFO - Started process (PID=6020) to work on /usr/local/lib/python3.10/dist-packages/airflow/example_dags/example_trigger_controller_dag.py
[2023-11-28T01:05:33.817+0000] {processor.py:829} INFO - Processing file /usr/local/lib/python3.10/dist-packages/airflow/example_dags/example_trigger_controller_dag.py for tasks to queue
[2023-11-28T01:05:33.818+0000] {logging_mixin.py:154} INFO - [2023-11-28T01:05:33.817+0000] {dagbag.py:536} INFO - Filling up the DagBag from /usr/local/lib/python3.10/dist-packages/airflow/example_dags/example_trigger_controller_dag.py
[2023-11-28T01:05:33.823+0000] {processor.py:839} INFO - DAG(s) dict_keys(['example_trigger_controller_dag']) retrieved from /usr/local/lib/python3.10/dist-packages/airflow/example_dags/example_trigger_controller_dag.py
[2023-11-28T01:05:33.841+0000] {logging_mixin.py:154} INFO - [2023-11-28T01:05:33.841+0000] {dag.py:2941} INFO - Sync 1 DAGs
[2023-11-28T01:05:33.863+0000] {logging_mixin.py:154} INFO - [2023-11-28T01:05:33.863+0000] {dag.py:3722} INFO - Setting next_dagrun for example_trigger_controller_dag to 2021-01-01T00:00:00+00:00, run_after=2021-01-01T00:00:00+00:00
[2023-11-28T01:05:33.887+0000] {processor.py:179} INFO - Processing /usr/local/lib/python3.10/dist-packages/airflow/example_dags/example_trigger_controller_dag.py took 0.078 seconds
[2023-11-28T01:06:22.436+0000] {processor.py:157} INFO - Started process (PID=6069) to work on /usr/local/lib/python3.10/dist-packages/airflow/example_dags/example_trigger_controller_dag.py
[2023-11-28T01:06:22.440+0000] {processor.py:829} INFO - Processing file /usr/local/lib/python3.10/dist-packages/airflow/example_dags/example_trigger_controller_dag.py for tasks to queue
[2023-11-28T01:06:22.441+0000] {logging_mixin.py:154} INFO - [2023-11-28T01:06:22.440+0000] {dagbag.py:536} INFO - Filling up the DagBag from /usr/local/lib/python3.10/dist-packages/airflow/example_dags/example_trigger_controller_dag.py
[2023-11-28T01:06:22.446+0000] {processor.py:839} INFO - DAG(s) dict_keys(['example_trigger_controller_dag']) retrieved from /usr/local/lib/python3.10/dist-packages/airflow/example_dags/example_trigger_controller_dag.py
[2023-11-28T01:06:22.463+0000] {logging_mixin.py:154} INFO - [2023-11-28T01:06:22.463+0000] {dag.py:2941} INFO - Sync 1 DAGs
[2023-11-28T01:06:22.483+0000] {logging_mixin.py:154} INFO - [2023-11-28T01:06:22.483+0000] {dag.py:3722} INFO - Setting next_dagrun for example_trigger_controller_dag to 2021-01-01T00:00:00+00:00, run_after=2021-01-01T00:00:00+00:00
[2023-11-28T01:06:22.506+0000] {processor.py:179} INFO - Processing /usr/local/lib/python3.10/dist-packages/airflow/example_dags/example_trigger_controller_dag.py took 0.073 seconds
[2023-11-28T01:07:07.678+0000] {processor.py:157} INFO - Started process (PID=6115) to work on /usr/local/lib/python3.10/dist-packages/airflow/example_dags/example_trigger_controller_dag.py
[2023-11-28T01:07:07.679+0000] {processor.py:829} INFO - Processing file /usr/local/lib/python3.10/dist-packages/airflow/example_dags/example_trigger_controller_dag.py for tasks to queue
[2023-11-28T01:07:07.680+0000] {logging_mixin.py:154} INFO - [2023-11-28T01:07:07.679+0000] {dagbag.py:536} INFO - Filling up the DagBag from /usr/local/lib/python3.10/dist-packages/airflow/example_dags/example_trigger_controller_dag.py
[2023-11-28T01:07:07.685+0000] {processor.py:839} INFO - DAG(s) dict_keys(['example_trigger_controller_dag']) retrieved from /usr/local/lib/python3.10/dist-packages/airflow/example_dags/example_trigger_controller_dag.py
[2023-11-28T01:07:07.704+0000] {logging_mixin.py:154} INFO - [2023-11-28T01:07:07.704+0000] {dag.py:2941} INFO - Sync 1 DAGs
[2023-11-28T01:07:07.727+0000] {logging_mixin.py:154} INFO - [2023-11-28T01:07:07.727+0000] {dag.py:3722} INFO - Setting next_dagrun for example_trigger_controller_dag to 2021-01-01T00:00:00+00:00, run_after=2021-01-01T00:00:00+00:00
[2023-11-28T01:07:07.751+0000] {processor.py:179} INFO - Processing /usr/local/lib/python3.10/dist-packages/airflow/example_dags/example_trigger_controller_dag.py took 0.077 seconds
[2023-11-28T01:07:56.261+0000] {processor.py:157} INFO - Started process (PID=6164) to work on /usr/local/lib/python3.10/dist-packages/airflow/example_dags/example_trigger_controller_dag.py
[2023-11-28T01:07:56.263+0000] {processor.py:829} INFO - Processing file /usr/local/lib/python3.10/dist-packages/airflow/example_dags/example_trigger_controller_dag.py for tasks to queue
[2023-11-28T01:07:56.264+0000] {logging_mixin.py:154} INFO - [2023-11-28T01:07:56.263+0000] {dagbag.py:536} INFO - Filling up the DagBag from /usr/local/lib/python3.10/dist-packages/airflow/example_dags/example_trigger_controller_dag.py
[2023-11-28T01:07:56.268+0000] {processor.py:839} INFO - DAG(s) dict_keys(['example_trigger_controller_dag']) retrieved from /usr/local/lib/python3.10/dist-packages/airflow/example_dags/example_trigger_controller_dag.py
[2023-11-28T01:07:56.286+0000] {logging_mixin.py:154} INFO - [2023-11-28T01:07:56.286+0000] {dag.py:2941} INFO - Sync 1 DAGs
[2023-11-28T01:07:56.306+0000] {logging_mixin.py:154} INFO - [2023-11-28T01:07:56.305+0000] {dag.py:3722} INFO - Setting next_dagrun for example_trigger_controller_dag to 2021-01-01T00:00:00+00:00, run_after=2021-01-01T00:00:00+00:00
[2023-11-28T01:07:56.329+0000] {processor.py:179} INFO - Processing /usr/local/lib/python3.10/dist-packages/airflow/example_dags/example_trigger_controller_dag.py took 0.072 seconds
[2023-11-28T01:08:43.813+0000] {processor.py:157} INFO - Started process (PID=6215) to work on /usr/local/lib/python3.10/dist-packages/airflow/example_dags/example_trigger_controller_dag.py
[2023-11-28T01:08:43.815+0000] {processor.py:829} INFO - Processing file /usr/local/lib/python3.10/dist-packages/airflow/example_dags/example_trigger_controller_dag.py for tasks to queue
[2023-11-28T01:08:43.815+0000] {logging_mixin.py:154} INFO - [2023-11-28T01:08:43.815+0000] {dagbag.py:536} INFO - Filling up the DagBag from /usr/local/lib/python3.10/dist-packages/airflow/example_dags/example_trigger_controller_dag.py
[2023-11-28T01:08:43.820+0000] {processor.py:839} INFO - DAG(s) dict_keys(['example_trigger_controller_dag']) retrieved from /usr/local/lib/python3.10/dist-packages/airflow/example_dags/example_trigger_controller_dag.py
[2023-11-28T01:08:43.838+0000] {logging_mixin.py:154} INFO - [2023-11-28T01:08:43.838+0000] {dag.py:2941} INFO - Sync 1 DAGs
[2023-11-28T01:08:43.858+0000] {logging_mixin.py:154} INFO - [2023-11-28T01:08:43.858+0000] {dag.py:3722} INFO - Setting next_dagrun for example_trigger_controller_dag to 2021-01-01T00:00:00+00:00, run_after=2021-01-01T00:00:00+00:00
[2023-11-28T01:08:43.881+0000] {processor.py:179} INFO - Processing /usr/local/lib/python3.10/dist-packages/airflow/example_dags/example_trigger_controller_dag.py took 0.071 seconds
[2023-11-28T01:09:25.019+0000] {processor.py:157} INFO - Started process (PID=6260) to work on /usr/local/lib/python3.10/dist-packages/airflow/example_dags/example_trigger_controller_dag.py
[2023-11-28T01:09:25.021+0000] {processor.py:829} INFO - Processing file /usr/local/lib/python3.10/dist-packages/airflow/example_dags/example_trigger_controller_dag.py for tasks to queue
[2023-11-28T01:09:25.022+0000] {logging_mixin.py:154} INFO - [2023-11-28T01:09:25.021+0000] {dagbag.py:536} INFO - Filling up the DagBag from /usr/local/lib/python3.10/dist-packages/airflow/example_dags/example_trigger_controller_dag.py
[2023-11-28T01:09:25.027+0000] {processor.py:839} INFO - DAG(s) dict_keys(['example_trigger_controller_dag']) retrieved from /usr/local/lib/python3.10/dist-packages/airflow/example_dags/example_trigger_controller_dag.py
[2023-11-28T01:09:25.045+0000] {logging_mixin.py:154} INFO - [2023-11-28T01:09:25.045+0000] {dag.py:2941} INFO - Sync 1 DAGs
[2023-11-28T01:09:25.067+0000] {logging_mixin.py:154} INFO - [2023-11-28T01:09:25.067+0000] {dag.py:3722} INFO - Setting next_dagrun for example_trigger_controller_dag to 2021-01-01T00:00:00+00:00, run_after=2021-01-01T00:00:00+00:00
[2023-11-28T01:09:25.091+0000] {processor.py:179} INFO - Processing /usr/local/lib/python3.10/dist-packages/airflow/example_dags/example_trigger_controller_dag.py took 0.075 seconds
[2023-11-28T01:10:12.045+0000] {processor.py:157} INFO - Started process (PID=6308) to work on /usr/local/lib/python3.10/dist-packages/airflow/example_dags/example_trigger_controller_dag.py
[2023-11-28T01:10:12.047+0000] {processor.py:829} INFO - Processing file /usr/local/lib/python3.10/dist-packages/airflow/example_dags/example_trigger_controller_dag.py for tasks to queue
[2023-11-28T01:10:12.048+0000] {logging_mixin.py:154} INFO - [2023-11-28T01:10:12.047+0000] {dagbag.py:536} INFO - Filling up the DagBag from /usr/local/lib/python3.10/dist-packages/airflow/example_dags/example_trigger_controller_dag.py
[2023-11-28T01:10:12.053+0000] {processor.py:839} INFO - DAG(s) dict_keys(['example_trigger_controller_dag']) retrieved from /usr/local/lib/python3.10/dist-packages/airflow/example_dags/example_trigger_controller_dag.py
[2023-11-28T01:10:12.071+0000] {logging_mixin.py:154} INFO - [2023-11-28T01:10:12.071+0000] {dag.py:2941} INFO - Sync 1 DAGs
[2023-11-28T01:10:12.092+0000] {logging_mixin.py:154} INFO - [2023-11-28T01:10:12.092+0000] {dag.py:3722} INFO - Setting next_dagrun for example_trigger_controller_dag to 2021-01-01T00:00:00+00:00, run_after=2021-01-01T00:00:00+00:00
[2023-11-28T01:10:12.117+0000] {processor.py:179} INFO - Processing /usr/local/lib/python3.10/dist-packages/airflow/example_dags/example_trigger_controller_dag.py took 0.076 seconds
[2023-11-28T01:10:58.509+0000] {processor.py:157} INFO - Started process (PID=6355) to work on /usr/local/lib/python3.10/dist-packages/airflow/example_dags/example_trigger_controller_dag.py
[2023-11-28T01:10:58.511+0000] {processor.py:829} INFO - Processing file /usr/local/lib/python3.10/dist-packages/airflow/example_dags/example_trigger_controller_dag.py for tasks to queue
[2023-11-28T01:10:58.512+0000] {logging_mixin.py:154} INFO - [2023-11-28T01:10:58.511+0000] {dagbag.py:536} INFO - Filling up the DagBag from /usr/local/lib/python3.10/dist-packages/airflow/example_dags/example_trigger_controller_dag.py
[2023-11-28T01:10:58.517+0000] {processor.py:839} INFO - DAG(s) dict_keys(['example_trigger_controller_dag']) retrieved from /usr/local/lib/python3.10/dist-packages/airflow/example_dags/example_trigger_controller_dag.py
[2023-11-28T01:10:58.534+0000] {logging_mixin.py:154} INFO - [2023-11-28T01:10:58.534+0000] {dag.py:2941} INFO - Sync 1 DAGs
[2023-11-28T01:10:58.554+0000] {logging_mixin.py:154} INFO - [2023-11-28T01:10:58.554+0000] {dag.py:3722} INFO - Setting next_dagrun for example_trigger_controller_dag to 2021-01-01T00:00:00+00:00, run_after=2021-01-01T00:00:00+00:00
[2023-11-28T01:10:58.576+0000] {processor.py:179} INFO - Processing /usr/local/lib/python3.10/dist-packages/airflow/example_dags/example_trigger_controller_dag.py took 0.070 seconds
[2023-11-28T01:11:44.780+0000] {processor.py:157} INFO - Started process (PID=6403) to work on /usr/local/lib/python3.10/dist-packages/airflow/example_dags/example_trigger_controller_dag.py
[2023-11-28T01:11:44.781+0000] {processor.py:829} INFO - Processing file /usr/local/lib/python3.10/dist-packages/airflow/example_dags/example_trigger_controller_dag.py for tasks to queue
[2023-11-28T01:11:44.782+0000] {logging_mixin.py:154} INFO - [2023-11-28T01:11:44.781+0000] {dagbag.py:536} INFO - Filling up the DagBag from /usr/local/lib/python3.10/dist-packages/airflow/example_dags/example_trigger_controller_dag.py
[2023-11-28T01:11:44.787+0000] {processor.py:839} INFO - DAG(s) dict_keys(['example_trigger_controller_dag']) retrieved from /usr/local/lib/python3.10/dist-packages/airflow/example_dags/example_trigger_controller_dag.py
[2023-11-28T01:11:44.805+0000] {logging_mixin.py:154} INFO - [2023-11-28T01:11:44.805+0000] {dag.py:2941} INFO - Sync 1 DAGs
[2023-11-28T01:11:44.827+0000] {logging_mixin.py:154} INFO - [2023-11-28T01:11:44.827+0000] {dag.py:3722} INFO - Setting next_dagrun for example_trigger_controller_dag to 2021-01-01T00:00:00+00:00, run_after=2021-01-01T00:00:00+00:00
[2023-11-28T01:11:44.849+0000] {processor.py:179} INFO - Processing /usr/local/lib/python3.10/dist-packages/airflow/example_dags/example_trigger_controller_dag.py took 0.073 seconds
[2023-11-28T01:12:31.119+0000] {processor.py:157} INFO - Started process (PID=6451) to work on /usr/local/lib/python3.10/dist-packages/airflow/example_dags/example_trigger_controller_dag.py
[2023-11-28T01:12:31.120+0000] {processor.py:829} INFO - Processing file /usr/local/lib/python3.10/dist-packages/airflow/example_dags/example_trigger_controller_dag.py for tasks to queue
[2023-11-28T01:12:31.121+0000] {logging_mixin.py:154} INFO - [2023-11-28T01:12:31.120+0000] {dagbag.py:536} INFO - Filling up the DagBag from /usr/local/lib/python3.10/dist-packages/airflow/example_dags/example_trigger_controller_dag.py
[2023-11-28T01:12:31.126+0000] {processor.py:839} INFO - DAG(s) dict_keys(['example_trigger_controller_dag']) retrieved from /usr/local/lib/python3.10/dist-packages/airflow/example_dags/example_trigger_controller_dag.py
[2023-11-28T01:12:31.144+0000] {logging_mixin.py:154} INFO - [2023-11-28T01:12:31.144+0000] {dag.py:2941} INFO - Sync 1 DAGs
[2023-11-28T01:12:31.166+0000] {logging_mixin.py:154} INFO - [2023-11-28T01:12:31.165+0000] {dag.py:3722} INFO - Setting next_dagrun for example_trigger_controller_dag to 2021-01-01T00:00:00+00:00, run_after=2021-01-01T00:00:00+00:00
[2023-11-28T01:12:31.190+0000] {processor.py:179} INFO - Processing /usr/local/lib/python3.10/dist-packages/airflow/example_dags/example_trigger_controller_dag.py took 0.075 seconds
[2023-11-28T01:13:12.569+0000] {processor.py:157} INFO - Started process (PID=6495) to work on /usr/local/lib/python3.10/dist-packages/airflow/example_dags/example_trigger_controller_dag.py
[2023-11-28T01:13:12.571+0000] {processor.py:829} INFO - Processing file /usr/local/lib/python3.10/dist-packages/airflow/example_dags/example_trigger_controller_dag.py for tasks to queue
[2023-11-28T01:13:12.572+0000] {logging_mixin.py:154} INFO - [2023-11-28T01:13:12.572+0000] {dagbag.py:536} INFO - Filling up the DagBag from /usr/local/lib/python3.10/dist-packages/airflow/example_dags/example_trigger_controller_dag.py
[2023-11-28T01:13:12.578+0000] {processor.py:839} INFO - DAG(s) dict_keys(['example_trigger_controller_dag']) retrieved from /usr/local/lib/python3.10/dist-packages/airflow/example_dags/example_trigger_controller_dag.py
[2023-11-28T01:13:12.596+0000] {logging_mixin.py:154} INFO - [2023-11-28T01:13:12.596+0000] {dag.py:2941} INFO - Sync 1 DAGs
[2023-11-28T01:13:12.619+0000] {logging_mixin.py:154} INFO - [2023-11-28T01:13:12.618+0000] {dag.py:3722} INFO - Setting next_dagrun for example_trigger_controller_dag to 2021-01-01T00:00:00+00:00, run_after=2021-01-01T00:00:00+00:00
[2023-11-28T01:13:12.645+0000] {processor.py:179} INFO - Processing /usr/local/lib/python3.10/dist-packages/airflow/example_dags/example_trigger_controller_dag.py took 0.079 seconds
[2023-11-28T01:14:00.066+0000] {processor.py:157} INFO - Started process (PID=6542) to work on /usr/local/lib/python3.10/dist-packages/airflow/example_dags/example_trigger_controller_dag.py
[2023-11-28T01:14:00.068+0000] {processor.py:829} INFO - Processing file /usr/local/lib/python3.10/dist-packages/airflow/example_dags/example_trigger_controller_dag.py for tasks to queue
[2023-11-28T01:14:00.069+0000] {logging_mixin.py:154} INFO - [2023-11-28T01:14:00.068+0000] {dagbag.py:536} INFO - Filling up the DagBag from /usr/local/lib/python3.10/dist-packages/airflow/example_dags/example_trigger_controller_dag.py
[2023-11-28T01:14:00.093+0000] {processor.py:839} INFO - DAG(s) dict_keys(['example_trigger_controller_dag']) retrieved from /usr/local/lib/python3.10/dist-packages/airflow/example_dags/example_trigger_controller_dag.py
[2023-11-28T01:14:00.146+0000] {logging_mixin.py:154} INFO - [2023-11-28T01:14:00.146+0000] {dag.py:2941} INFO - Sync 1 DAGs
[2023-11-28T01:14:00.180+0000] {logging_mixin.py:154} INFO - [2023-11-28T01:14:00.179+0000] {dag.py:3722} INFO - Setting next_dagrun for example_trigger_controller_dag to 2021-01-01T00:00:00+00:00, run_after=2021-01-01T00:00:00+00:00
[2023-11-28T01:14:00.226+0000] {processor.py:179} INFO - Processing /usr/local/lib/python3.10/dist-packages/airflow/example_dags/example_trigger_controller_dag.py took 0.166 seconds
[2023-11-28T01:14:37.492+0000] {processor.py:157} INFO - Started process (PID=6582) to work on /usr/local/lib/python3.10/dist-packages/airflow/example_dags/example_trigger_controller_dag.py
[2023-11-28T01:14:37.493+0000] {processor.py:829} INFO - Processing file /usr/local/lib/python3.10/dist-packages/airflow/example_dags/example_trigger_controller_dag.py for tasks to queue
[2023-11-28T01:14:37.494+0000] {logging_mixin.py:154} INFO - [2023-11-28T01:14:37.494+0000] {dagbag.py:536} INFO - Filling up the DagBag from /usr/local/lib/python3.10/dist-packages/airflow/example_dags/example_trigger_controller_dag.py
[2023-11-28T01:14:37.499+0000] {processor.py:839} INFO - DAG(s) dict_keys(['example_trigger_controller_dag']) retrieved from /usr/local/lib/python3.10/dist-packages/airflow/example_dags/example_trigger_controller_dag.py
[2023-11-28T01:14:37.517+0000] {logging_mixin.py:154} INFO - [2023-11-28T01:14:37.517+0000] {dag.py:2941} INFO - Sync 1 DAGs
[2023-11-28T01:14:37.537+0000] {logging_mixin.py:154} INFO - [2023-11-28T01:14:37.537+0000] {dag.py:3722} INFO - Setting next_dagrun for example_trigger_controller_dag to 2021-01-01T00:00:00+00:00, run_after=2021-01-01T00:00:00+00:00
[2023-11-28T01:14:37.559+0000] {processor.py:179} INFO - Processing /usr/local/lib/python3.10/dist-packages/airflow/example_dags/example_trigger_controller_dag.py took 0.070 seconds
[2023-11-28T01:15:05.714+0000] {processor.py:157} INFO - Started process (PID=6619) to work on /usr/local/lib/python3.10/dist-packages/airflow/example_dags/example_trigger_controller_dag.py
[2023-11-28T01:15:05.715+0000] {processor.py:829} INFO - Processing file /usr/local/lib/python3.10/dist-packages/airflow/example_dags/example_trigger_controller_dag.py for tasks to queue
[2023-11-28T01:15:05.716+0000] {logging_mixin.py:154} INFO - [2023-11-28T01:15:05.716+0000] {dagbag.py:536} INFO - Filling up the DagBag from /usr/local/lib/python3.10/dist-packages/airflow/example_dags/example_trigger_controller_dag.py
[2023-11-28T01:15:05.724+0000] {processor.py:839} INFO - DAG(s) dict_keys(['example_trigger_controller_dag']) retrieved from /usr/local/lib/python3.10/dist-packages/airflow/example_dags/example_trigger_controller_dag.py
[2023-11-28T01:15:05.732+0000] {logging_mixin.py:154} INFO - [2023-11-28T01:15:05.732+0000] {dag.py:2941} INFO - Sync 1 DAGs
[2023-11-28T01:15:05.755+0000] {logging_mixin.py:154} INFO - [2023-11-28T01:15:05.754+0000] {dag.py:3722} INFO - Setting next_dagrun for example_trigger_controller_dag to 2021-01-01T00:00:00+00:00, run_after=2021-01-01T00:00:00+00:00
[2023-11-28T01:15:05.778+0000] {processor.py:179} INFO - Processing /usr/local/lib/python3.10/dist-packages/airflow/example_dags/example_trigger_controller_dag.py took 0.068 seconds
[2023-11-28T01:15:50.670+0000] {processor.py:157} INFO - Started process (PID=6666) to work on /usr/local/lib/python3.10/dist-packages/airflow/example_dags/example_trigger_controller_dag.py
[2023-11-28T01:15:50.671+0000] {processor.py:829} INFO - Processing file /usr/local/lib/python3.10/dist-packages/airflow/example_dags/example_trigger_controller_dag.py for tasks to queue
[2023-11-28T01:15:50.672+0000] {logging_mixin.py:154} INFO - [2023-11-28T01:15:50.672+0000] {dagbag.py:536} INFO - Filling up the DagBag from /usr/local/lib/python3.10/dist-packages/airflow/example_dags/example_trigger_controller_dag.py
[2023-11-28T01:15:50.678+0000] {processor.py:839} INFO - DAG(s) dict_keys(['example_trigger_controller_dag']) retrieved from /usr/local/lib/python3.10/dist-packages/airflow/example_dags/example_trigger_controller_dag.py
[2023-11-28T01:15:50.696+0000] {logging_mixin.py:154} INFO - [2023-11-28T01:15:50.696+0000] {dag.py:2941} INFO - Sync 1 DAGs
[2023-11-28T01:15:50.718+0000] {logging_mixin.py:154} INFO - [2023-11-28T01:15:50.718+0000] {dag.py:3722} INFO - Setting next_dagrun for example_trigger_controller_dag to 2021-01-01T00:00:00+00:00, run_after=2021-01-01T00:00:00+00:00
[2023-11-28T01:15:50.742+0000] {processor.py:179} INFO - Processing /usr/local/lib/python3.10/dist-packages/airflow/example_dags/example_trigger_controller_dag.py took 0.075 seconds
[2023-11-28T01:16:34.659+0000] {processor.py:157} INFO - Started process (PID=6711) to work on /usr/local/lib/python3.10/dist-packages/airflow/example_dags/example_trigger_controller_dag.py
[2023-11-28T01:16:34.661+0000] {processor.py:829} INFO - Processing file /usr/local/lib/python3.10/dist-packages/airflow/example_dags/example_trigger_controller_dag.py for tasks to queue
[2023-11-28T01:16:34.661+0000] {logging_mixin.py:154} INFO - [2023-11-28T01:16:34.661+0000] {dagbag.py:536} INFO - Filling up the DagBag from /usr/local/lib/python3.10/dist-packages/airflow/example_dags/example_trigger_controller_dag.py
[2023-11-28T01:16:34.667+0000] {processor.py:839} INFO - DAG(s) dict_keys(['example_trigger_controller_dag']) retrieved from /usr/local/lib/python3.10/dist-packages/airflow/example_dags/example_trigger_controller_dag.py
[2023-11-28T01:16:34.684+0000] {logging_mixin.py:154} INFO - [2023-11-28T01:16:34.684+0000] {dag.py:2941} INFO - Sync 1 DAGs
[2023-11-28T01:16:34.706+0000] {logging_mixin.py:154} INFO - [2023-11-28T01:16:34.706+0000] {dag.py:3722} INFO - Setting next_dagrun for example_trigger_controller_dag to 2021-01-01T00:00:00+00:00, run_after=2021-01-01T00:00:00+00:00
[2023-11-28T01:16:34.729+0000] {processor.py:179} INFO - Processing /usr/local/lib/python3.10/dist-packages/airflow/example_dags/example_trigger_controller_dag.py took 0.073 seconds
[2023-11-28T01:17:19.651+0000] {processor.py:157} INFO - Started process (PID=6765) to work on /usr/local/lib/python3.10/dist-packages/airflow/example_dags/example_trigger_controller_dag.py
[2023-11-28T01:17:19.652+0000] {processor.py:829} INFO - Processing file /usr/local/lib/python3.10/dist-packages/airflow/example_dags/example_trigger_controller_dag.py for tasks to queue
[2023-11-28T01:17:19.653+0000] {logging_mixin.py:154} INFO - [2023-11-28T01:17:19.653+0000] {dagbag.py:536} INFO - Filling up the DagBag from /usr/local/lib/python3.10/dist-packages/airflow/example_dags/example_trigger_controller_dag.py
[2023-11-28T01:17:19.659+0000] {processor.py:839} INFO - DAG(s) dict_keys(['example_trigger_controller_dag']) retrieved from /usr/local/lib/python3.10/dist-packages/airflow/example_dags/example_trigger_controller_dag.py
[2023-11-28T01:17:19.684+0000] {logging_mixin.py:154} INFO - [2023-11-28T01:17:19.684+0000] {dag.py:2941} INFO - Sync 1 DAGs
[2023-11-28T01:17:19.706+0000] {logging_mixin.py:154} INFO - [2023-11-28T01:17:19.705+0000] {dag.py:3722} INFO - Setting next_dagrun for example_trigger_controller_dag to 2021-01-01T00:00:00+00:00, run_after=2021-01-01T00:00:00+00:00
[2023-11-28T01:17:19.728+0000] {processor.py:179} INFO - Processing /usr/local/lib/python3.10/dist-packages/airflow/example_dags/example_trigger_controller_dag.py took 0.080 seconds
[2023-11-28T01:18:06.198+0000] {processor.py:157} INFO - Started process (PID=6813) to work on /usr/local/lib/python3.10/dist-packages/airflow/example_dags/example_trigger_controller_dag.py
[2023-11-28T01:18:06.199+0000] {processor.py:829} INFO - Processing file /usr/local/lib/python3.10/dist-packages/airflow/example_dags/example_trigger_controller_dag.py for tasks to queue
[2023-11-28T01:18:06.200+0000] {logging_mixin.py:154} INFO - [2023-11-28T01:18:06.200+0000] {dagbag.py:536} INFO - Filling up the DagBag from /usr/local/lib/python3.10/dist-packages/airflow/example_dags/example_trigger_controller_dag.py
[2023-11-28T01:18:06.206+0000] {processor.py:839} INFO - DAG(s) dict_keys(['example_trigger_controller_dag']) retrieved from /usr/local/lib/python3.10/dist-packages/airflow/example_dags/example_trigger_controller_dag.py
[2023-11-28T01:18:06.224+0000] {logging_mixin.py:154} INFO - [2023-11-28T01:18:06.224+0000] {dag.py:2941} INFO - Sync 1 DAGs
[2023-11-28T01:18:06.245+0000] {logging_mixin.py:154} INFO - [2023-11-28T01:18:06.245+0000] {dag.py:3722} INFO - Setting next_dagrun for example_trigger_controller_dag to 2021-01-01T00:00:00+00:00, run_after=2021-01-01T00:00:00+00:00
[2023-11-28T01:18:06.269+0000] {processor.py:179} INFO - Processing /usr/local/lib/python3.10/dist-packages/airflow/example_dags/example_trigger_controller_dag.py took 0.075 seconds
[2023-11-28T01:18:49.048+0000] {processor.py:157} INFO - Started process (PID=6856) to work on /usr/local/lib/python3.10/dist-packages/airflow/example_dags/example_trigger_controller_dag.py
[2023-11-28T01:18:49.049+0000] {processor.py:829} INFO - Processing file /usr/local/lib/python3.10/dist-packages/airflow/example_dags/example_trigger_controller_dag.py for tasks to queue
[2023-11-28T01:18:49.050+0000] {logging_mixin.py:154} INFO - [2023-11-28T01:18:49.050+0000] {dagbag.py:536} INFO - Filling up the DagBag from /usr/local/lib/python3.10/dist-packages/airflow/example_dags/example_trigger_controller_dag.py
[2023-11-28T01:18:49.056+0000] {processor.py:839} INFO - DAG(s) dict_keys(['example_trigger_controller_dag']) retrieved from /usr/local/lib/python3.10/dist-packages/airflow/example_dags/example_trigger_controller_dag.py
[2023-11-28T01:18:49.073+0000] {logging_mixin.py:154} INFO - [2023-11-28T01:18:49.073+0000] {dag.py:2941} INFO - Sync 1 DAGs
[2023-11-28T01:18:49.094+0000] {logging_mixin.py:154} INFO - [2023-11-28T01:18:49.093+0000] {dag.py:3722} INFO - Setting next_dagrun for example_trigger_controller_dag to 2021-01-01T00:00:00+00:00, run_after=2021-01-01T00:00:00+00:00
[2023-11-28T01:18:49.117+0000] {processor.py:179} INFO - Processing /usr/local/lib/python3.10/dist-packages/airflow/example_dags/example_trigger_controller_dag.py took 0.072 seconds
[2023-11-28T01:19:32.539+0000] {processor.py:157} INFO - Started process (PID=7022) to work on /usr/local/lib/python3.10/dist-packages/airflow/example_dags/example_trigger_controller_dag.py
[2023-11-28T01:19:32.540+0000] {processor.py:829} INFO - Processing file /usr/local/lib/python3.10/dist-packages/airflow/example_dags/example_trigger_controller_dag.py for tasks to queue
[2023-11-28T01:19:32.541+0000] {logging_mixin.py:154} INFO - [2023-11-28T01:19:32.541+0000] {dagbag.py:536} INFO - Filling up the DagBag from /usr/local/lib/python3.10/dist-packages/airflow/example_dags/example_trigger_controller_dag.py
[2023-11-28T01:19:32.546+0000] {processor.py:839} INFO - DAG(s) dict_keys(['example_trigger_controller_dag']) retrieved from /usr/local/lib/python3.10/dist-packages/airflow/example_dags/example_trigger_controller_dag.py
[2023-11-28T01:19:32.564+0000] {logging_mixin.py:154} INFO - [2023-11-28T01:19:32.563+0000] {dag.py:2941} INFO - Sync 1 DAGs
[2023-11-28T01:19:32.584+0000] {logging_mixin.py:154} INFO - [2023-11-28T01:19:32.584+0000] {dag.py:3722} INFO - Setting next_dagrun for example_trigger_controller_dag to 2021-01-01T00:00:00+00:00, run_after=2021-01-01T00:00:00+00:00
[2023-11-28T01:19:32.619+0000] {processor.py:179} INFO - Processing /usr/local/lib/python3.10/dist-packages/airflow/example_dags/example_trigger_controller_dag.py took 0.083 seconds
