[2023-11-28T00:44:38.531+0000] {processor.py:157} INFO - Started process (PID=3419) to work on /usr/local/lib/python3.10/dist-packages/airflow/example_dags/example_time_delta_sensor_async.py
[2023-11-28T00:44:38.532+0000] {processor.py:829} INFO - Processing file /usr/local/lib/python3.10/dist-packages/airflow/example_dags/example_time_delta_sensor_async.py for tasks to queue
[2023-11-28T00:44:38.533+0000] {logging_mixin.py:154} INFO - [2023-11-28T00:44:38.532+0000] {dagbag.py:536} INFO - Filling up the DagBag from /usr/local/lib/python3.10/dist-packages/airflow/example_dags/example_time_delta_sensor_async.py
[2023-11-28T00:44:38.538+0000] {processor.py:839} INFO - DAG(s) dict_keys(['example_time_delta_sensor_async']) retrieved from /usr/local/lib/python3.10/dist-packages/airflow/example_dags/example_time_delta_sensor_async.py
[2023-11-28T00:44:38.649+0000] {logging_mixin.py:154} INFO - [2023-11-28T00:44:38.649+0000] {manager.py:499} INFO - Created Permission View: %s
[2023-11-28T00:44:38.663+0000] {logging_mixin.py:154} INFO - [2023-11-28T00:44:38.662+0000] {manager.py:499} INFO - Created Permission View: %s
[2023-11-28T00:44:38.673+0000] {logging_mixin.py:154} INFO - [2023-11-28T00:44:38.673+0000] {manager.py:499} INFO - Created Permission View: %s
[2023-11-28T00:44:38.673+0000] {logging_mixin.py:154} INFO - [2023-11-28T00:44:38.673+0000] {dag.py:2941} INFO - Sync 1 DAGs
[2023-11-28T00:44:38.687+0000] {logging_mixin.py:154} INFO - [2023-11-28T00:44:38.686+0000] {dag.py:2963} INFO - Creating ORM DAG for example_time_delta_sensor_async
[2023-11-28T00:44:38.687+0000] {logging_mixin.py:154} INFO - [2023-11-28T00:44:38.687+0000] {dag.py:3722} INFO - Setting next_dagrun for example_time_delta_sensor_async to None, run_after=None
[2023-11-28T00:44:38.709+0000] {processor.py:179} INFO - Processing /usr/local/lib/python3.10/dist-packages/airflow/example_dags/example_time_delta_sensor_async.py took 0.181 seconds
[2023-11-28T00:45:30.959+0000] {processor.py:157} INFO - Started process (PID=3557) to work on /usr/local/lib/python3.10/dist-packages/airflow/example_dags/example_time_delta_sensor_async.py
[2023-11-28T00:45:30.961+0000] {processor.py:829} INFO - Processing file /usr/local/lib/python3.10/dist-packages/airflow/example_dags/example_time_delta_sensor_async.py for tasks to queue
[2023-11-28T00:45:30.962+0000] {logging_mixin.py:154} INFO - [2023-11-28T00:45:30.961+0000] {dagbag.py:536} INFO - Filling up the DagBag from /usr/local/lib/python3.10/dist-packages/airflow/example_dags/example_time_delta_sensor_async.py
[2023-11-28T00:45:30.967+0000] {processor.py:839} INFO - DAG(s) dict_keys(['example_time_delta_sensor_async']) retrieved from /usr/local/lib/python3.10/dist-packages/airflow/example_dags/example_time_delta_sensor_async.py
[2023-11-28T00:45:30.984+0000] {logging_mixin.py:154} INFO - [2023-11-28T00:45:30.983+0000] {dag.py:2941} INFO - Sync 1 DAGs
[2023-11-28T00:45:30.996+0000] {logging_mixin.py:154} INFO - [2023-11-28T00:45:30.996+0000] {dag.py:3722} INFO - Setting next_dagrun for example_time_delta_sensor_async to None, run_after=None
[2023-11-28T00:45:31.018+0000] {processor.py:179} INFO - Processing /usr/local/lib/python3.10/dist-packages/airflow/example_dags/example_time_delta_sensor_async.py took 0.063 seconds
[2023-11-28T00:46:14.905+0000] {processor.py:157} INFO - Started process (PID=3603) to work on /usr/local/lib/python3.10/dist-packages/airflow/example_dags/example_time_delta_sensor_async.py
[2023-11-28T00:46:14.906+0000] {processor.py:829} INFO - Processing file /usr/local/lib/python3.10/dist-packages/airflow/example_dags/example_time_delta_sensor_async.py for tasks to queue
[2023-11-28T00:46:14.907+0000] {logging_mixin.py:154} INFO - [2023-11-28T00:46:14.907+0000] {dagbag.py:536} INFO - Filling up the DagBag from /usr/local/lib/python3.10/dist-packages/airflow/example_dags/example_time_delta_sensor_async.py
[2023-11-28T00:46:14.913+0000] {processor.py:839} INFO - DAG(s) dict_keys(['example_time_delta_sensor_async']) retrieved from /usr/local/lib/python3.10/dist-packages/airflow/example_dags/example_time_delta_sensor_async.py
[2023-11-28T00:46:14.929+0000] {logging_mixin.py:154} INFO - [2023-11-28T00:46:14.929+0000] {dag.py:2941} INFO - Sync 1 DAGs
[2023-11-28T00:46:14.941+0000] {logging_mixin.py:154} INFO - [2023-11-28T00:46:14.941+0000] {dag.py:3722} INFO - Setting next_dagrun for example_time_delta_sensor_async to None, run_after=None
[2023-11-28T00:46:14.964+0000] {processor.py:179} INFO - Processing /usr/local/lib/python3.10/dist-packages/airflow/example_dags/example_time_delta_sensor_async.py took 0.063 seconds
[2023-11-28T00:46:54.839+0000] {processor.py:157} INFO - Started process (PID=3647) to work on /usr/local/lib/python3.10/dist-packages/airflow/example_dags/example_time_delta_sensor_async.py
[2023-11-28T00:46:54.840+0000] {processor.py:829} INFO - Processing file /usr/local/lib/python3.10/dist-packages/airflow/example_dags/example_time_delta_sensor_async.py for tasks to queue
[2023-11-28T00:46:54.841+0000] {logging_mixin.py:154} INFO - [2023-11-28T00:46:54.840+0000] {dagbag.py:536} INFO - Filling up the DagBag from /usr/local/lib/python3.10/dist-packages/airflow/example_dags/example_time_delta_sensor_async.py
[2023-11-28T00:46:54.846+0000] {processor.py:839} INFO - DAG(s) dict_keys(['example_time_delta_sensor_async']) retrieved from /usr/local/lib/python3.10/dist-packages/airflow/example_dags/example_time_delta_sensor_async.py
[2023-11-28T00:46:54.864+0000] {logging_mixin.py:154} INFO - [2023-11-28T00:46:54.864+0000] {dag.py:2941} INFO - Sync 1 DAGs
[2023-11-28T00:46:54.877+0000] {logging_mixin.py:154} INFO - [2023-11-28T00:46:54.877+0000] {dag.py:3722} INFO - Setting next_dagrun for example_time_delta_sensor_async to None, run_after=None
[2023-11-28T00:46:54.901+0000] {processor.py:179} INFO - Processing /usr/local/lib/python3.10/dist-packages/airflow/example_dags/example_time_delta_sensor_async.py took 0.066 seconds
[2023-11-28T00:47:39.067+0000] {processor.py:157} INFO - Started process (PID=3695) to work on /usr/local/lib/python3.10/dist-packages/airflow/example_dags/example_time_delta_sensor_async.py
[2023-11-28T00:47:39.068+0000] {processor.py:829} INFO - Processing file /usr/local/lib/python3.10/dist-packages/airflow/example_dags/example_time_delta_sensor_async.py for tasks to queue
[2023-11-28T00:47:39.069+0000] {logging_mixin.py:154} INFO - [2023-11-28T00:47:39.068+0000] {dagbag.py:536} INFO - Filling up the DagBag from /usr/local/lib/python3.10/dist-packages/airflow/example_dags/example_time_delta_sensor_async.py
[2023-11-28T00:47:39.074+0000] {processor.py:839} INFO - DAG(s) dict_keys(['example_time_delta_sensor_async']) retrieved from /usr/local/lib/python3.10/dist-packages/airflow/example_dags/example_time_delta_sensor_async.py
[2023-11-28T00:47:39.091+0000] {logging_mixin.py:154} INFO - [2023-11-28T00:47:39.091+0000] {dag.py:2941} INFO - Sync 1 DAGs
[2023-11-28T00:47:39.103+0000] {logging_mixin.py:154} INFO - [2023-11-28T00:47:39.103+0000] {dag.py:3722} INFO - Setting next_dagrun for example_time_delta_sensor_async to None, run_after=None
[2023-11-28T00:47:39.126+0000] {processor.py:179} INFO - Processing /usr/local/lib/python3.10/dist-packages/airflow/example_dags/example_time_delta_sensor_async.py took 0.063 seconds
[2023-11-28T00:48:24.155+0000] {processor.py:157} INFO - Started process (PID=3741) to work on /usr/local/lib/python3.10/dist-packages/airflow/example_dags/example_time_delta_sensor_async.py
[2023-11-28T00:48:24.156+0000] {processor.py:829} INFO - Processing file /usr/local/lib/python3.10/dist-packages/airflow/example_dags/example_time_delta_sensor_async.py for tasks to queue
[2023-11-28T00:48:24.157+0000] {logging_mixin.py:154} INFO - [2023-11-28T00:48:24.157+0000] {dagbag.py:536} INFO - Filling up the DagBag from /usr/local/lib/python3.10/dist-packages/airflow/example_dags/example_time_delta_sensor_async.py
[2023-11-28T00:48:24.162+0000] {processor.py:839} INFO - DAG(s) dict_keys(['example_time_delta_sensor_async']) retrieved from /usr/local/lib/python3.10/dist-packages/airflow/example_dags/example_time_delta_sensor_async.py
[2023-11-28T00:48:24.180+0000] {logging_mixin.py:154} INFO - [2023-11-28T00:48:24.179+0000] {dag.py:2941} INFO - Sync 1 DAGs
[2023-11-28T00:48:24.192+0000] {logging_mixin.py:154} INFO - [2023-11-28T00:48:24.192+0000] {dag.py:3722} INFO - Setting next_dagrun for example_time_delta_sensor_async to None, run_after=None
[2023-11-28T00:48:24.215+0000] {processor.py:179} INFO - Processing /usr/local/lib/python3.10/dist-packages/airflow/example_dags/example_time_delta_sensor_async.py took 0.063 seconds
[2023-11-28T00:49:09.323+0000] {processor.py:157} INFO - Started process (PID=3788) to work on /usr/local/lib/python3.10/dist-packages/airflow/example_dags/example_time_delta_sensor_async.py
[2023-11-28T00:49:09.324+0000] {processor.py:829} INFO - Processing file /usr/local/lib/python3.10/dist-packages/airflow/example_dags/example_time_delta_sensor_async.py for tasks to queue
[2023-11-28T00:49:09.325+0000] {logging_mixin.py:154} INFO - [2023-11-28T00:49:09.325+0000] {dagbag.py:536} INFO - Filling up the DagBag from /usr/local/lib/python3.10/dist-packages/airflow/example_dags/example_time_delta_sensor_async.py
[2023-11-28T00:49:09.330+0000] {processor.py:839} INFO - DAG(s) dict_keys(['example_time_delta_sensor_async']) retrieved from /usr/local/lib/python3.10/dist-packages/airflow/example_dags/example_time_delta_sensor_async.py
[2023-11-28T00:49:09.348+0000] {logging_mixin.py:154} INFO - [2023-11-28T00:49:09.348+0000] {dag.py:2941} INFO - Sync 1 DAGs
[2023-11-28T00:49:09.360+0000] {logging_mixin.py:154} INFO - [2023-11-28T00:49:09.360+0000] {dag.py:3722} INFO - Setting next_dagrun for example_time_delta_sensor_async to None, run_after=None
[2023-11-28T00:49:09.383+0000] {processor.py:179} INFO - Processing /usr/local/lib/python3.10/dist-packages/airflow/example_dags/example_time_delta_sensor_async.py took 0.063 seconds
[2023-11-28T00:49:53.018+0000] {processor.py:157} INFO - Started process (PID=3834) to work on /usr/local/lib/python3.10/dist-packages/airflow/example_dags/example_time_delta_sensor_async.py
[2023-11-28T00:49:53.019+0000] {processor.py:829} INFO - Processing file /usr/local/lib/python3.10/dist-packages/airflow/example_dags/example_time_delta_sensor_async.py for tasks to queue
[2023-11-28T00:49:53.020+0000] {logging_mixin.py:154} INFO - [2023-11-28T00:49:53.019+0000] {dagbag.py:536} INFO - Filling up the DagBag from /usr/local/lib/python3.10/dist-packages/airflow/example_dags/example_time_delta_sensor_async.py
[2023-11-28T00:49:53.025+0000] {processor.py:839} INFO - DAG(s) dict_keys(['example_time_delta_sensor_async']) retrieved from /usr/local/lib/python3.10/dist-packages/airflow/example_dags/example_time_delta_sensor_async.py
[2023-11-28T00:49:53.042+0000] {logging_mixin.py:154} INFO - [2023-11-28T00:49:53.042+0000] {dag.py:2941} INFO - Sync 1 DAGs
[2023-11-28T00:49:53.054+0000] {logging_mixin.py:154} INFO - [2023-11-28T00:49:53.054+0000] {dag.py:3722} INFO - Setting next_dagrun for example_time_delta_sensor_async to None, run_after=None
[2023-11-28T00:49:53.076+0000] {processor.py:179} INFO - Processing /usr/local/lib/python3.10/dist-packages/airflow/example_dags/example_time_delta_sensor_async.py took 0.062 seconds
[2023-11-28T00:50:40.288+0000] {processor.py:157} INFO - Started process (PID=3882) to work on /usr/local/lib/python3.10/dist-packages/airflow/example_dags/example_time_delta_sensor_async.py
[2023-11-28T00:50:40.289+0000] {processor.py:829} INFO - Processing file /usr/local/lib/python3.10/dist-packages/airflow/example_dags/example_time_delta_sensor_async.py for tasks to queue
[2023-11-28T00:50:40.290+0000] {logging_mixin.py:154} INFO - [2023-11-28T00:50:40.289+0000] {dagbag.py:536} INFO - Filling up the DagBag from /usr/local/lib/python3.10/dist-packages/airflow/example_dags/example_time_delta_sensor_async.py
[2023-11-28T00:50:40.295+0000] {processor.py:839} INFO - DAG(s) dict_keys(['example_time_delta_sensor_async']) retrieved from /usr/local/lib/python3.10/dist-packages/airflow/example_dags/example_time_delta_sensor_async.py
[2023-11-28T00:50:40.313+0000] {logging_mixin.py:154} INFO - [2023-11-28T00:50:40.313+0000] {dag.py:2941} INFO - Sync 1 DAGs
[2023-11-28T00:50:40.326+0000] {logging_mixin.py:154} INFO - [2023-11-28T00:50:40.325+0000] {dag.py:3722} INFO - Setting next_dagrun for example_time_delta_sensor_async to None, run_after=None
[2023-11-28T00:50:40.349+0000] {processor.py:179} INFO - Processing /usr/local/lib/python3.10/dist-packages/airflow/example_dags/example_time_delta_sensor_async.py took 0.065 seconds
[2023-11-28T00:51:26.550+0000] {processor.py:157} INFO - Started process (PID=3930) to work on /usr/local/lib/python3.10/dist-packages/airflow/example_dags/example_time_delta_sensor_async.py
[2023-11-28T00:51:26.551+0000] {processor.py:829} INFO - Processing file /usr/local/lib/python3.10/dist-packages/airflow/example_dags/example_time_delta_sensor_async.py for tasks to queue
[2023-11-28T00:51:26.552+0000] {logging_mixin.py:154} INFO - [2023-11-28T00:51:26.552+0000] {dagbag.py:536} INFO - Filling up the DagBag from /usr/local/lib/python3.10/dist-packages/airflow/example_dags/example_time_delta_sensor_async.py
[2023-11-28T00:51:26.557+0000] {processor.py:839} INFO - DAG(s) dict_keys(['example_time_delta_sensor_async']) retrieved from /usr/local/lib/python3.10/dist-packages/airflow/example_dags/example_time_delta_sensor_async.py
[2023-11-28T00:51:26.574+0000] {logging_mixin.py:154} INFO - [2023-11-28T00:51:26.574+0000] {dag.py:2941} INFO - Sync 1 DAGs
[2023-11-28T00:51:26.587+0000] {logging_mixin.py:154} INFO - [2023-11-28T00:51:26.586+0000] {dag.py:3722} INFO - Setting next_dagrun for example_time_delta_sensor_async to None, run_after=None
[2023-11-28T00:51:26.608+0000] {processor.py:179} INFO - Processing /usr/local/lib/python3.10/dist-packages/airflow/example_dags/example_time_delta_sensor_async.py took 0.061 seconds
[2023-11-28T00:52:14.212+0000] {processor.py:157} INFO - Started process (PID=4074) to work on /usr/local/lib/python3.10/dist-packages/airflow/example_dags/example_time_delta_sensor_async.py
[2023-11-28T00:52:14.214+0000] {processor.py:829} INFO - Processing file /usr/local/lib/python3.10/dist-packages/airflow/example_dags/example_time_delta_sensor_async.py for tasks to queue
[2023-11-28T00:52:14.214+0000] {logging_mixin.py:154} INFO - [2023-11-28T00:52:14.214+0000] {dagbag.py:536} INFO - Filling up the DagBag from /usr/local/lib/python3.10/dist-packages/airflow/example_dags/example_time_delta_sensor_async.py
[2023-11-28T00:52:14.220+0000] {processor.py:839} INFO - DAG(s) dict_keys(['example_time_delta_sensor_async']) retrieved from /usr/local/lib/python3.10/dist-packages/airflow/example_dags/example_time_delta_sensor_async.py
[2023-11-28T00:52:14.237+0000] {logging_mixin.py:154} INFO - [2023-11-28T00:52:14.237+0000] {dag.py:2941} INFO - Sync 1 DAGs
[2023-11-28T00:52:14.250+0000] {logging_mixin.py:154} INFO - [2023-11-28T00:52:14.249+0000] {dag.py:3722} INFO - Setting next_dagrun for example_time_delta_sensor_async to None, run_after=None
[2023-11-28T00:52:14.275+0000] {processor.py:179} INFO - Processing /usr/local/lib/python3.10/dist-packages/airflow/example_dags/example_time_delta_sensor_async.py took 0.066 seconds
[2023-11-28T00:53:00.585+0000] {processor.py:157} INFO - Started process (PID=4410) to work on /usr/local/lib/python3.10/dist-packages/airflow/example_dags/example_time_delta_sensor_async.py
[2023-11-28T00:53:00.587+0000] {processor.py:829} INFO - Processing file /usr/local/lib/python3.10/dist-packages/airflow/example_dags/example_time_delta_sensor_async.py for tasks to queue
[2023-11-28T00:53:00.588+0000] {logging_mixin.py:154} INFO - [2023-11-28T00:53:00.587+0000] {dagbag.py:536} INFO - Filling up the DagBag from /usr/local/lib/python3.10/dist-packages/airflow/example_dags/example_time_delta_sensor_async.py
[2023-11-28T00:53:00.593+0000] {processor.py:839} INFO - DAG(s) dict_keys(['example_time_delta_sensor_async']) retrieved from /usr/local/lib/python3.10/dist-packages/airflow/example_dags/example_time_delta_sensor_async.py
[2023-11-28T00:53:00.610+0000] {logging_mixin.py:154} INFO - [2023-11-28T00:53:00.610+0000] {dag.py:2941} INFO - Sync 1 DAGs
[2023-11-28T00:53:00.622+0000] {logging_mixin.py:154} INFO - [2023-11-28T00:53:00.622+0000] {dag.py:3722} INFO - Setting next_dagrun for example_time_delta_sensor_async to None, run_after=None
[2023-11-28T00:53:00.644+0000] {processor.py:179} INFO - Processing /usr/local/lib/python3.10/dist-packages/airflow/example_dags/example_time_delta_sensor_async.py took 0.062 seconds
[2023-11-28T00:53:45.692+0000] {processor.py:157} INFO - Started process (PID=4679) to work on /usr/local/lib/python3.10/dist-packages/airflow/example_dags/example_time_delta_sensor_async.py
[2023-11-28T00:53:45.700+0000] {processor.py:829} INFO - Processing file /usr/local/lib/python3.10/dist-packages/airflow/example_dags/example_time_delta_sensor_async.py for tasks to queue
[2023-11-28T00:53:45.701+0000] {logging_mixin.py:154} INFO - [2023-11-28T00:53:45.701+0000] {dagbag.py:536} INFO - Filling up the DagBag from /usr/local/lib/python3.10/dist-packages/airflow/example_dags/example_time_delta_sensor_async.py
[2023-11-28T00:53:45.713+0000] {processor.py:839} INFO - DAG(s) dict_keys(['example_time_delta_sensor_async']) retrieved from /usr/local/lib/python3.10/dist-packages/airflow/example_dags/example_time_delta_sensor_async.py
[2023-11-28T00:53:45.750+0000] {logging_mixin.py:154} INFO - [2023-11-28T00:53:45.750+0000] {dag.py:2941} INFO - Sync 1 DAGs
[2023-11-28T00:53:45.791+0000] {logging_mixin.py:154} INFO - [2023-11-28T00:53:45.791+0000] {dag.py:3722} INFO - Setting next_dagrun for example_time_delta_sensor_async to None, run_after=None
[2023-11-28T00:53:45.826+0000] {processor.py:179} INFO - Processing /usr/local/lib/python3.10/dist-packages/airflow/example_dags/example_time_delta_sensor_async.py took 0.156 seconds
[2023-11-28T00:54:29.061+0000] {processor.py:157} INFO - Started process (PID=4897) to work on /usr/local/lib/python3.10/dist-packages/airflow/example_dags/example_time_delta_sensor_async.py
[2023-11-28T00:54:29.062+0000] {processor.py:829} INFO - Processing file /usr/local/lib/python3.10/dist-packages/airflow/example_dags/example_time_delta_sensor_async.py for tasks to queue
[2023-11-28T00:54:29.063+0000] {logging_mixin.py:154} INFO - [2023-11-28T00:54:29.062+0000] {dagbag.py:536} INFO - Filling up the DagBag from /usr/local/lib/python3.10/dist-packages/airflow/example_dags/example_time_delta_sensor_async.py
[2023-11-28T00:54:29.068+0000] {processor.py:839} INFO - DAG(s) dict_keys(['example_time_delta_sensor_async']) retrieved from /usr/local/lib/python3.10/dist-packages/airflow/example_dags/example_time_delta_sensor_async.py
[2023-11-28T00:54:29.085+0000] {logging_mixin.py:154} INFO - [2023-11-28T00:54:29.084+0000] {dag.py:2941} INFO - Sync 1 DAGs
[2023-11-28T00:54:29.097+0000] {logging_mixin.py:154} INFO - [2023-11-28T00:54:29.096+0000] {dag.py:3722} INFO - Setting next_dagrun for example_time_delta_sensor_async to None, run_after=None
[2023-11-28T00:54:29.118+0000] {processor.py:179} INFO - Processing /usr/local/lib/python3.10/dist-packages/airflow/example_dags/example_time_delta_sensor_async.py took 0.061 seconds
[2023-11-28T00:55:11.367+0000] {processor.py:157} INFO - Started process (PID=4941) to work on /usr/local/lib/python3.10/dist-packages/airflow/example_dags/example_time_delta_sensor_async.py
[2023-11-28T00:55:11.370+0000] {processor.py:829} INFO - Processing file /usr/local/lib/python3.10/dist-packages/airflow/example_dags/example_time_delta_sensor_async.py for tasks to queue
[2023-11-28T00:55:11.371+0000] {logging_mixin.py:154} INFO - [2023-11-28T00:55:11.371+0000] {dagbag.py:536} INFO - Filling up the DagBag from /usr/local/lib/python3.10/dist-packages/airflow/example_dags/example_time_delta_sensor_async.py
[2023-11-28T00:55:11.377+0000] {processor.py:839} INFO - DAG(s) dict_keys(['example_time_delta_sensor_async']) retrieved from /usr/local/lib/python3.10/dist-packages/airflow/example_dags/example_time_delta_sensor_async.py
[2023-11-28T00:55:11.395+0000] {logging_mixin.py:154} INFO - [2023-11-28T00:55:11.395+0000] {dag.py:2941} INFO - Sync 1 DAGs
[2023-11-28T00:55:11.408+0000] {logging_mixin.py:154} INFO - [2023-11-28T00:55:11.408+0000] {dag.py:3722} INFO - Setting next_dagrun for example_time_delta_sensor_async to None, run_after=None
[2023-11-28T00:55:11.432+0000] {processor.py:179} INFO - Processing /usr/local/lib/python3.10/dist-packages/airflow/example_dags/example_time_delta_sensor_async.py took 0.069 seconds
[2023-11-28T00:56:00.213+0000] {processor.py:157} INFO - Started process (PID=5215) to work on /usr/local/lib/python3.10/dist-packages/airflow/example_dags/example_time_delta_sensor_async.py
[2023-11-28T00:56:00.215+0000] {processor.py:829} INFO - Processing file /usr/local/lib/python3.10/dist-packages/airflow/example_dags/example_time_delta_sensor_async.py for tasks to queue
[2023-11-28T00:56:00.216+0000] {logging_mixin.py:154} INFO - [2023-11-28T00:56:00.215+0000] {dagbag.py:536} INFO - Filling up the DagBag from /usr/local/lib/python3.10/dist-packages/airflow/example_dags/example_time_delta_sensor_async.py
[2023-11-28T00:56:00.222+0000] {processor.py:839} INFO - DAG(s) dict_keys(['example_time_delta_sensor_async']) retrieved from /usr/local/lib/python3.10/dist-packages/airflow/example_dags/example_time_delta_sensor_async.py
[2023-11-28T00:56:00.247+0000] {logging_mixin.py:154} INFO - [2023-11-28T00:56:00.247+0000] {dag.py:2941} INFO - Sync 1 DAGs
[2023-11-28T00:56:00.264+0000] {logging_mixin.py:154} INFO - [2023-11-28T00:56:00.263+0000] {dag.py:3722} INFO - Setting next_dagrun for example_time_delta_sensor_async to None, run_after=None
[2023-11-28T00:56:00.290+0000] {processor.py:179} INFO - Processing /usr/local/lib/python3.10/dist-packages/airflow/example_dags/example_time_delta_sensor_async.py took 0.083 seconds
[2023-11-28T00:56:45.872+0000] {processor.py:157} INFO - Started process (PID=5357) to work on /usr/local/lib/python3.10/dist-packages/airflow/example_dags/example_time_delta_sensor_async.py
[2023-11-28T00:56:45.873+0000] {processor.py:829} INFO - Processing file /usr/local/lib/python3.10/dist-packages/airflow/example_dags/example_time_delta_sensor_async.py for tasks to queue
[2023-11-28T00:56:45.874+0000] {logging_mixin.py:154} INFO - [2023-11-28T00:56:45.873+0000] {dagbag.py:536} INFO - Filling up the DagBag from /usr/local/lib/python3.10/dist-packages/airflow/example_dags/example_time_delta_sensor_async.py
[2023-11-28T00:56:45.879+0000] {processor.py:839} INFO - DAG(s) dict_keys(['example_time_delta_sensor_async']) retrieved from /usr/local/lib/python3.10/dist-packages/airflow/example_dags/example_time_delta_sensor_async.py
[2023-11-28T00:56:45.896+0000] {logging_mixin.py:154} INFO - [2023-11-28T00:56:45.896+0000] {dag.py:2941} INFO - Sync 1 DAGs
[2023-11-28T00:56:45.909+0000] {logging_mixin.py:154} INFO - [2023-11-28T00:56:45.908+0000] {dag.py:3722} INFO - Setting next_dagrun for example_time_delta_sensor_async to None, run_after=None
[2023-11-28T00:56:45.932+0000] {processor.py:179} INFO - Processing /usr/local/lib/python3.10/dist-packages/airflow/example_dags/example_time_delta_sensor_async.py took 0.064 seconds
[2023-11-28T00:57:33.739+0000] {processor.py:157} INFO - Started process (PID=5407) to work on /usr/local/lib/python3.10/dist-packages/airflow/example_dags/example_time_delta_sensor_async.py
[2023-11-28T00:57:33.741+0000] {processor.py:829} INFO - Processing file /usr/local/lib/python3.10/dist-packages/airflow/example_dags/example_time_delta_sensor_async.py for tasks to queue
[2023-11-28T00:57:33.742+0000] {logging_mixin.py:154} INFO - [2023-11-28T00:57:33.741+0000] {dagbag.py:536} INFO - Filling up the DagBag from /usr/local/lib/python3.10/dist-packages/airflow/example_dags/example_time_delta_sensor_async.py
[2023-11-28T00:57:33.747+0000] {processor.py:839} INFO - DAG(s) dict_keys(['example_time_delta_sensor_async']) retrieved from /usr/local/lib/python3.10/dist-packages/airflow/example_dags/example_time_delta_sensor_async.py
[2023-11-28T00:57:33.765+0000] {logging_mixin.py:154} INFO - [2023-11-28T00:57:33.765+0000] {dag.py:2941} INFO - Sync 1 DAGs
[2023-11-28T00:57:33.778+0000] {logging_mixin.py:154} INFO - [2023-11-28T00:57:33.778+0000] {dag.py:3722} INFO - Setting next_dagrun for example_time_delta_sensor_async to None, run_after=None
[2023-11-28T00:57:33.801+0000] {processor.py:179} INFO - Processing /usr/local/lib/python3.10/dist-packages/airflow/example_dags/example_time_delta_sensor_async.py took 0.065 seconds
[2023-11-28T00:58:20.454+0000] {processor.py:157} INFO - Started process (PID=5455) to work on /usr/local/lib/python3.10/dist-packages/airflow/example_dags/example_time_delta_sensor_async.py
[2023-11-28T00:58:20.455+0000] {processor.py:829} INFO - Processing file /usr/local/lib/python3.10/dist-packages/airflow/example_dags/example_time_delta_sensor_async.py for tasks to queue
[2023-11-28T00:58:20.456+0000] {logging_mixin.py:154} INFO - [2023-11-28T00:58:20.455+0000] {dagbag.py:536} INFO - Filling up the DagBag from /usr/local/lib/python3.10/dist-packages/airflow/example_dags/example_time_delta_sensor_async.py
[2023-11-28T00:58:20.461+0000] {processor.py:839} INFO - DAG(s) dict_keys(['example_time_delta_sensor_async']) retrieved from /usr/local/lib/python3.10/dist-packages/airflow/example_dags/example_time_delta_sensor_async.py
[2023-11-28T00:58:20.478+0000] {logging_mixin.py:154} INFO - [2023-11-28T00:58:20.478+0000] {dag.py:2941} INFO - Sync 1 DAGs
[2023-11-28T00:58:20.491+0000] {logging_mixin.py:154} INFO - [2023-11-28T00:58:20.490+0000] {dag.py:3722} INFO - Setting next_dagrun for example_time_delta_sensor_async to None, run_after=None
[2023-11-28T00:58:20.513+0000] {processor.py:179} INFO - Processing /usr/local/lib/python3.10/dist-packages/airflow/example_dags/example_time_delta_sensor_async.py took 0.062 seconds
[2023-11-28T00:59:07.262+0000] {processor.py:157} INFO - Started process (PID=5503) to work on /usr/local/lib/python3.10/dist-packages/airflow/example_dags/example_time_delta_sensor_async.py
[2023-11-28T00:59:07.263+0000] {processor.py:829} INFO - Processing file /usr/local/lib/python3.10/dist-packages/airflow/example_dags/example_time_delta_sensor_async.py for tasks to queue
[2023-11-28T00:59:07.264+0000] {logging_mixin.py:154} INFO - [2023-11-28T00:59:07.264+0000] {dagbag.py:536} INFO - Filling up the DagBag from /usr/local/lib/python3.10/dist-packages/airflow/example_dags/example_time_delta_sensor_async.py
[2023-11-28T00:59:07.269+0000] {processor.py:839} INFO - DAG(s) dict_keys(['example_time_delta_sensor_async']) retrieved from /usr/local/lib/python3.10/dist-packages/airflow/example_dags/example_time_delta_sensor_async.py
[2023-11-28T00:59:07.287+0000] {logging_mixin.py:154} INFO - [2023-11-28T00:59:07.286+0000] {dag.py:2941} INFO - Sync 1 DAGs
[2023-11-28T00:59:07.299+0000] {logging_mixin.py:154} INFO - [2023-11-28T00:59:07.298+0000] {dag.py:3722} INFO - Setting next_dagrun for example_time_delta_sensor_async to None, run_after=None
[2023-11-28T00:59:07.321+0000] {processor.py:179} INFO - Processing /usr/local/lib/python3.10/dist-packages/airflow/example_dags/example_time_delta_sensor_async.py took 0.063 seconds
[2023-11-28T00:59:50.895+0000] {processor.py:157} INFO - Started process (PID=5549) to work on /usr/local/lib/python3.10/dist-packages/airflow/example_dags/example_time_delta_sensor_async.py
[2023-11-28T00:59:50.896+0000] {processor.py:829} INFO - Processing file /usr/local/lib/python3.10/dist-packages/airflow/example_dags/example_time_delta_sensor_async.py for tasks to queue
[2023-11-28T00:59:50.897+0000] {logging_mixin.py:154} INFO - [2023-11-28T00:59:50.896+0000] {dagbag.py:536} INFO - Filling up the DagBag from /usr/local/lib/python3.10/dist-packages/airflow/example_dags/example_time_delta_sensor_async.py
[2023-11-28T00:59:50.902+0000] {processor.py:839} INFO - DAG(s) dict_keys(['example_time_delta_sensor_async']) retrieved from /usr/local/lib/python3.10/dist-packages/airflow/example_dags/example_time_delta_sensor_async.py
[2023-11-28T00:59:50.919+0000] {logging_mixin.py:154} INFO - [2023-11-28T00:59:50.919+0000] {dag.py:2941} INFO - Sync 1 DAGs
[2023-11-28T00:59:50.931+0000] {logging_mixin.py:154} INFO - [2023-11-28T00:59:50.931+0000] {dag.py:3722} INFO - Setting next_dagrun for example_time_delta_sensor_async to None, run_after=None
[2023-11-28T00:59:50.954+0000] {processor.py:179} INFO - Processing /usr/local/lib/python3.10/dist-packages/airflow/example_dags/example_time_delta_sensor_async.py took 0.063 seconds
[2023-11-28T01:00:34.384+0000] {processor.py:157} INFO - Started process (PID=5593) to work on /usr/local/lib/python3.10/dist-packages/airflow/example_dags/example_time_delta_sensor_async.py
[2023-11-28T01:00:34.385+0000] {processor.py:829} INFO - Processing file /usr/local/lib/python3.10/dist-packages/airflow/example_dags/example_time_delta_sensor_async.py for tasks to queue
[2023-11-28T01:00:34.386+0000] {logging_mixin.py:154} INFO - [2023-11-28T01:00:34.386+0000] {dagbag.py:536} INFO - Filling up the DagBag from /usr/local/lib/python3.10/dist-packages/airflow/example_dags/example_time_delta_sensor_async.py
[2023-11-28T01:00:34.392+0000] {processor.py:839} INFO - DAG(s) dict_keys(['example_time_delta_sensor_async']) retrieved from /usr/local/lib/python3.10/dist-packages/airflow/example_dags/example_time_delta_sensor_async.py
[2023-11-28T01:00:34.410+0000] {logging_mixin.py:154} INFO - [2023-11-28T01:00:34.409+0000] {dag.py:2941} INFO - Sync 1 DAGs
[2023-11-28T01:00:34.422+0000] {logging_mixin.py:154} INFO - [2023-11-28T01:00:34.422+0000] {dag.py:3722} INFO - Setting next_dagrun for example_time_delta_sensor_async to None, run_after=None
[2023-11-28T01:00:34.446+0000] {processor.py:179} INFO - Processing /usr/local/lib/python3.10/dist-packages/airflow/example_dags/example_time_delta_sensor_async.py took 0.065 seconds
[2023-11-28T01:01:19.581+0000] {processor.py:157} INFO - Started process (PID=5641) to work on /usr/local/lib/python3.10/dist-packages/airflow/example_dags/example_time_delta_sensor_async.py
[2023-11-28T01:01:19.582+0000] {processor.py:829} INFO - Processing file /usr/local/lib/python3.10/dist-packages/airflow/example_dags/example_time_delta_sensor_async.py for tasks to queue
[2023-11-28T01:01:19.583+0000] {logging_mixin.py:154} INFO - [2023-11-28T01:01:19.583+0000] {dagbag.py:536} INFO - Filling up the DagBag from /usr/local/lib/python3.10/dist-packages/airflow/example_dags/example_time_delta_sensor_async.py
[2023-11-28T01:01:19.589+0000] {processor.py:839} INFO - DAG(s) dict_keys(['example_time_delta_sensor_async']) retrieved from /usr/local/lib/python3.10/dist-packages/airflow/example_dags/example_time_delta_sensor_async.py
[2023-11-28T01:01:19.607+0000] {logging_mixin.py:154} INFO - [2023-11-28T01:01:19.606+0000] {dag.py:2941} INFO - Sync 1 DAGs
[2023-11-28T01:01:19.620+0000] {logging_mixin.py:154} INFO - [2023-11-28T01:01:19.619+0000] {dag.py:3722} INFO - Setting next_dagrun for example_time_delta_sensor_async to None, run_after=None
[2023-11-28T01:01:19.644+0000] {processor.py:179} INFO - Processing /usr/local/lib/python3.10/dist-packages/airflow/example_dags/example_time_delta_sensor_async.py took 0.067 seconds
[2023-11-28T01:02:03.801+0000] {processor.py:157} INFO - Started process (PID=5687) to work on /usr/local/lib/python3.10/dist-packages/airflow/example_dags/example_time_delta_sensor_async.py
[2023-11-28T01:02:03.803+0000] {processor.py:829} INFO - Processing file /usr/local/lib/python3.10/dist-packages/airflow/example_dags/example_time_delta_sensor_async.py for tasks to queue
[2023-11-28T01:02:03.804+0000] {logging_mixin.py:154} INFO - [2023-11-28T01:02:03.803+0000] {dagbag.py:536} INFO - Filling up the DagBag from /usr/local/lib/python3.10/dist-packages/airflow/example_dags/example_time_delta_sensor_async.py
[2023-11-28T01:02:03.809+0000] {processor.py:839} INFO - DAG(s) dict_keys(['example_time_delta_sensor_async']) retrieved from /usr/local/lib/python3.10/dist-packages/airflow/example_dags/example_time_delta_sensor_async.py
[2023-11-28T01:02:03.826+0000] {logging_mixin.py:154} INFO - [2023-11-28T01:02:03.826+0000] {dag.py:2941} INFO - Sync 1 DAGs
[2023-11-28T01:02:03.839+0000] {logging_mixin.py:154} INFO - [2023-11-28T01:02:03.838+0000] {dag.py:3722} INFO - Setting next_dagrun for example_time_delta_sensor_async to None, run_after=None
[2023-11-28T01:02:03.862+0000] {processor.py:179} INFO - Processing /usr/local/lib/python3.10/dist-packages/airflow/example_dags/example_time_delta_sensor_async.py took 0.064 seconds
[2023-11-28T01:02:47.187+0000] {processor.py:157} INFO - Started process (PID=5733) to work on /usr/local/lib/python3.10/dist-packages/airflow/example_dags/example_time_delta_sensor_async.py
[2023-11-28T01:02:47.188+0000] {processor.py:829} INFO - Processing file /usr/local/lib/python3.10/dist-packages/airflow/example_dags/example_time_delta_sensor_async.py for tasks to queue
[2023-11-28T01:02:47.189+0000] {logging_mixin.py:154} INFO - [2023-11-28T01:02:47.189+0000] {dagbag.py:536} INFO - Filling up the DagBag from /usr/local/lib/python3.10/dist-packages/airflow/example_dags/example_time_delta_sensor_async.py
[2023-11-28T01:02:47.195+0000] {processor.py:839} INFO - DAG(s) dict_keys(['example_time_delta_sensor_async']) retrieved from /usr/local/lib/python3.10/dist-packages/airflow/example_dags/example_time_delta_sensor_async.py
[2023-11-28T01:02:47.212+0000] {logging_mixin.py:154} INFO - [2023-11-28T01:02:47.211+0000] {dag.py:2941} INFO - Sync 1 DAGs
[2023-11-28T01:02:47.224+0000] {logging_mixin.py:154} INFO - [2023-11-28T01:02:47.223+0000] {dag.py:3722} INFO - Setting next_dagrun for example_time_delta_sensor_async to None, run_after=None
[2023-11-28T01:02:47.247+0000] {processor.py:179} INFO - Processing /usr/local/lib/python3.10/dist-packages/airflow/example_dags/example_time_delta_sensor_async.py took 0.064 seconds
[2023-11-28T01:03:32.779+0000] {processor.py:157} INFO - Started process (PID=5780) to work on /usr/local/lib/python3.10/dist-packages/airflow/example_dags/example_time_delta_sensor_async.py
[2023-11-28T01:03:32.780+0000] {processor.py:829} INFO - Processing file /usr/local/lib/python3.10/dist-packages/airflow/example_dags/example_time_delta_sensor_async.py for tasks to queue
[2023-11-28T01:03:32.781+0000] {logging_mixin.py:154} INFO - [2023-11-28T01:03:32.781+0000] {dagbag.py:536} INFO - Filling up the DagBag from /usr/local/lib/python3.10/dist-packages/airflow/example_dags/example_time_delta_sensor_async.py
[2023-11-28T01:03:32.787+0000] {processor.py:839} INFO - DAG(s) dict_keys(['example_time_delta_sensor_async']) retrieved from /usr/local/lib/python3.10/dist-packages/airflow/example_dags/example_time_delta_sensor_async.py
[2023-11-28T01:03:32.804+0000] {logging_mixin.py:154} INFO - [2023-11-28T01:03:32.803+0000] {dag.py:2941} INFO - Sync 1 DAGs
[2023-11-28T01:03:32.816+0000] {logging_mixin.py:154} INFO - [2023-11-28T01:03:32.815+0000] {dag.py:3722} INFO - Setting next_dagrun for example_time_delta_sensor_async to None, run_after=None
[2023-11-28T01:03:32.839+0000] {processor.py:179} INFO - Processing /usr/local/lib/python3.10/dist-packages/airflow/example_dags/example_time_delta_sensor_async.py took 0.064 seconds
[2023-11-28T01:04:18.251+0000] {processor.py:157} INFO - Started process (PID=5941) to work on /usr/local/lib/python3.10/dist-packages/airflow/example_dags/example_time_delta_sensor_async.py
[2023-11-28T01:04:18.253+0000] {processor.py:829} INFO - Processing file /usr/local/lib/python3.10/dist-packages/airflow/example_dags/example_time_delta_sensor_async.py for tasks to queue
[2023-11-28T01:04:18.253+0000] {logging_mixin.py:154} INFO - [2023-11-28T01:04:18.253+0000] {dagbag.py:536} INFO - Filling up the DagBag from /usr/local/lib/python3.10/dist-packages/airflow/example_dags/example_time_delta_sensor_async.py
[2023-11-28T01:04:18.258+0000] {processor.py:839} INFO - DAG(s) dict_keys(['example_time_delta_sensor_async']) retrieved from /usr/local/lib/python3.10/dist-packages/airflow/example_dags/example_time_delta_sensor_async.py
[2023-11-28T01:04:18.276+0000] {logging_mixin.py:154} INFO - [2023-11-28T01:04:18.275+0000] {dag.py:2941} INFO - Sync 1 DAGs
[2023-11-28T01:04:18.288+0000] {logging_mixin.py:154} INFO - [2023-11-28T01:04:18.288+0000] {dag.py:3722} INFO - Setting next_dagrun for example_time_delta_sensor_async to None, run_after=None
[2023-11-28T01:04:18.310+0000] {processor.py:179} INFO - Processing /usr/local/lib/python3.10/dist-packages/airflow/example_dags/example_time_delta_sensor_async.py took 0.062 seconds
[2023-11-28T01:05:02.785+0000] {processor.py:157} INFO - Started process (PID=5988) to work on /usr/local/lib/python3.10/dist-packages/airflow/example_dags/example_time_delta_sensor_async.py
[2023-11-28T01:05:02.786+0000] {processor.py:829} INFO - Processing file /usr/local/lib/python3.10/dist-packages/airflow/example_dags/example_time_delta_sensor_async.py for tasks to queue
[2023-11-28T01:05:02.787+0000] {logging_mixin.py:154} INFO - [2023-11-28T01:05:02.787+0000] {dagbag.py:536} INFO - Filling up the DagBag from /usr/local/lib/python3.10/dist-packages/airflow/example_dags/example_time_delta_sensor_async.py
[2023-11-28T01:05:02.792+0000] {processor.py:839} INFO - DAG(s) dict_keys(['example_time_delta_sensor_async']) retrieved from /usr/local/lib/python3.10/dist-packages/airflow/example_dags/example_time_delta_sensor_async.py
[2023-11-28T01:05:02.810+0000] {logging_mixin.py:154} INFO - [2023-11-28T01:05:02.810+0000] {dag.py:2941} INFO - Sync 1 DAGs
[2023-11-28T01:05:02.823+0000] {logging_mixin.py:154} INFO - [2023-11-28T01:05:02.822+0000] {dag.py:3722} INFO - Setting next_dagrun for example_time_delta_sensor_async to None, run_after=None
[2023-11-28T01:05:02.847+0000] {processor.py:179} INFO - Processing /usr/local/lib/python3.10/dist-packages/airflow/example_dags/example_time_delta_sensor_async.py took 0.066 seconds
[2023-11-28T01:05:49.269+0000] {processor.py:157} INFO - Started process (PID=6036) to work on /usr/local/lib/python3.10/dist-packages/airflow/example_dags/example_time_delta_sensor_async.py
[2023-11-28T01:05:49.270+0000] {processor.py:829} INFO - Processing file /usr/local/lib/python3.10/dist-packages/airflow/example_dags/example_time_delta_sensor_async.py for tasks to queue
[2023-11-28T01:05:49.271+0000] {logging_mixin.py:154} INFO - [2023-11-28T01:05:49.271+0000] {dagbag.py:536} INFO - Filling up the DagBag from /usr/local/lib/python3.10/dist-packages/airflow/example_dags/example_time_delta_sensor_async.py
[2023-11-28T01:05:49.276+0000] {processor.py:839} INFO - DAG(s) dict_keys(['example_time_delta_sensor_async']) retrieved from /usr/local/lib/python3.10/dist-packages/airflow/example_dags/example_time_delta_sensor_async.py
[2023-11-28T01:05:49.294+0000] {logging_mixin.py:154} INFO - [2023-11-28T01:05:49.293+0000] {dag.py:2941} INFO - Sync 1 DAGs
[2023-11-28T01:05:49.306+0000] {logging_mixin.py:154} INFO - [2023-11-28T01:05:49.306+0000] {dag.py:3722} INFO - Setting next_dagrun for example_time_delta_sensor_async to None, run_after=None
[2023-11-28T01:05:49.329+0000] {processor.py:179} INFO - Processing /usr/local/lib/python3.10/dist-packages/airflow/example_dags/example_time_delta_sensor_async.py took 0.064 seconds
[2023-11-28T01:06:35.622+0000] {processor.py:157} INFO - Started process (PID=6084) to work on /usr/local/lib/python3.10/dist-packages/airflow/example_dags/example_time_delta_sensor_async.py
[2023-11-28T01:06:35.624+0000] {processor.py:829} INFO - Processing file /usr/local/lib/python3.10/dist-packages/airflow/example_dags/example_time_delta_sensor_async.py for tasks to queue
[2023-11-28T01:06:35.625+0000] {logging_mixin.py:154} INFO - [2023-11-28T01:06:35.624+0000] {dagbag.py:536} INFO - Filling up the DagBag from /usr/local/lib/python3.10/dist-packages/airflow/example_dags/example_time_delta_sensor_async.py
[2023-11-28T01:06:35.630+0000] {processor.py:839} INFO - DAG(s) dict_keys(['example_time_delta_sensor_async']) retrieved from /usr/local/lib/python3.10/dist-packages/airflow/example_dags/example_time_delta_sensor_async.py
[2023-11-28T01:06:35.647+0000] {logging_mixin.py:154} INFO - [2023-11-28T01:06:35.647+0000] {dag.py:2941} INFO - Sync 1 DAGs
[2023-11-28T01:06:35.660+0000] {logging_mixin.py:154} INFO - [2023-11-28T01:06:35.659+0000] {dag.py:3722} INFO - Setting next_dagrun for example_time_delta_sensor_async to None, run_after=None
[2023-11-28T01:06:35.683+0000] {processor.py:179} INFO - Processing /usr/local/lib/python3.10/dist-packages/airflow/example_dags/example_time_delta_sensor_async.py took 0.064 seconds
[2023-11-28T01:07:24.738+0000] {processor.py:157} INFO - Started process (PID=6132) to work on /usr/local/lib/python3.10/dist-packages/airflow/example_dags/example_time_delta_sensor_async.py
[2023-11-28T01:07:24.739+0000] {processor.py:829} INFO - Processing file /usr/local/lib/python3.10/dist-packages/airflow/example_dags/example_time_delta_sensor_async.py for tasks to queue
[2023-11-28T01:07:24.740+0000] {logging_mixin.py:154} INFO - [2023-11-28T01:07:24.740+0000] {dagbag.py:536} INFO - Filling up the DagBag from /usr/local/lib/python3.10/dist-packages/airflow/example_dags/example_time_delta_sensor_async.py
[2023-11-28T01:07:24.746+0000] {processor.py:839} INFO - DAG(s) dict_keys(['example_time_delta_sensor_async']) retrieved from /usr/local/lib/python3.10/dist-packages/airflow/example_dags/example_time_delta_sensor_async.py
[2023-11-28T01:07:24.763+0000] {logging_mixin.py:154} INFO - [2023-11-28T01:07:24.763+0000] {dag.py:2941} INFO - Sync 1 DAGs
[2023-11-28T01:07:24.776+0000] {logging_mixin.py:154} INFO - [2023-11-28T01:07:24.776+0000] {dag.py:3722} INFO - Setting next_dagrun for example_time_delta_sensor_async to None, run_after=None
[2023-11-28T01:07:24.797+0000] {processor.py:179} INFO - Processing /usr/local/lib/python3.10/dist-packages/airflow/example_dags/example_time_delta_sensor_async.py took 0.063 seconds
[2023-11-28T01:08:13.485+0000] {processor.py:157} INFO - Started process (PID=6182) to work on /usr/local/lib/python3.10/dist-packages/airflow/example_dags/example_time_delta_sensor_async.py
[2023-11-28T01:08:13.486+0000] {processor.py:829} INFO - Processing file /usr/local/lib/python3.10/dist-packages/airflow/example_dags/example_time_delta_sensor_async.py for tasks to queue
[2023-11-28T01:08:13.487+0000] {logging_mixin.py:154} INFO - [2023-11-28T01:08:13.487+0000] {dagbag.py:536} INFO - Filling up the DagBag from /usr/local/lib/python3.10/dist-packages/airflow/example_dags/example_time_delta_sensor_async.py
[2023-11-28T01:08:13.493+0000] {processor.py:839} INFO - DAG(s) dict_keys(['example_time_delta_sensor_async']) retrieved from /usr/local/lib/python3.10/dist-packages/airflow/example_dags/example_time_delta_sensor_async.py
[2023-11-28T01:08:13.511+0000] {logging_mixin.py:154} INFO - [2023-11-28T01:08:13.511+0000] {dag.py:2941} INFO - Sync 1 DAGs
[2023-11-28T01:08:13.524+0000] {logging_mixin.py:154} INFO - [2023-11-28T01:08:13.523+0000] {dag.py:3722} INFO - Setting next_dagrun for example_time_delta_sensor_async to None, run_after=None
[2023-11-28T01:08:13.548+0000] {processor.py:179} INFO - Processing /usr/local/lib/python3.10/dist-packages/airflow/example_dags/example_time_delta_sensor_async.py took 0.066 seconds
[2023-11-28T01:08:56.977+0000] {processor.py:157} INFO - Started process (PID=6229) to work on /usr/local/lib/python3.10/dist-packages/airflow/example_dags/example_time_delta_sensor_async.py
[2023-11-28T01:08:56.978+0000] {processor.py:829} INFO - Processing file /usr/local/lib/python3.10/dist-packages/airflow/example_dags/example_time_delta_sensor_async.py for tasks to queue
[2023-11-28T01:08:56.979+0000] {logging_mixin.py:154} INFO - [2023-11-28T01:08:56.979+0000] {dagbag.py:536} INFO - Filling up the DagBag from /usr/local/lib/python3.10/dist-packages/airflow/example_dags/example_time_delta_sensor_async.py
[2023-11-28T01:08:56.984+0000] {processor.py:839} INFO - DAG(s) dict_keys(['example_time_delta_sensor_async']) retrieved from /usr/local/lib/python3.10/dist-packages/airflow/example_dags/example_time_delta_sensor_async.py
[2023-11-28T01:08:57.002+0000] {logging_mixin.py:154} INFO - [2023-11-28T01:08:57.001+0000] {dag.py:2941} INFO - Sync 1 DAGs
[2023-11-28T01:08:57.015+0000] {logging_mixin.py:154} INFO - [2023-11-28T01:08:57.014+0000] {dag.py:3722} INFO - Setting next_dagrun for example_time_delta_sensor_async to None, run_after=None
[2023-11-28T01:08:57.036+0000] {processor.py:179} INFO - Processing /usr/local/lib/python3.10/dist-packages/airflow/example_dags/example_time_delta_sensor_async.py took 0.062 seconds
[2023-11-28T01:09:38.799+0000] {processor.py:157} INFO - Started process (PID=6274) to work on /usr/local/lib/python3.10/dist-packages/airflow/example_dags/example_time_delta_sensor_async.py
[2023-11-28T01:09:38.800+0000] {processor.py:829} INFO - Processing file /usr/local/lib/python3.10/dist-packages/airflow/example_dags/example_time_delta_sensor_async.py for tasks to queue
[2023-11-28T01:09:38.801+0000] {logging_mixin.py:154} INFO - [2023-11-28T01:09:38.801+0000] {dagbag.py:536} INFO - Filling up the DagBag from /usr/local/lib/python3.10/dist-packages/airflow/example_dags/example_time_delta_sensor_async.py
[2023-11-28T01:09:38.807+0000] {processor.py:839} INFO - DAG(s) dict_keys(['example_time_delta_sensor_async']) retrieved from /usr/local/lib/python3.10/dist-packages/airflow/example_dags/example_time_delta_sensor_async.py
[2023-11-28T01:09:38.826+0000] {logging_mixin.py:154} INFO - [2023-11-28T01:09:38.826+0000] {dag.py:2941} INFO - Sync 1 DAGs
[2023-11-28T01:09:38.840+0000] {logging_mixin.py:154} INFO - [2023-11-28T01:09:38.840+0000] {dag.py:3722} INFO - Setting next_dagrun for example_time_delta_sensor_async to None, run_after=None
[2023-11-28T01:09:38.865+0000] {processor.py:179} INFO - Processing /usr/local/lib/python3.10/dist-packages/airflow/example_dags/example_time_delta_sensor_async.py took 0.070 seconds
[2023-11-28T01:10:25.785+0000] {processor.py:157} INFO - Started process (PID=6322) to work on /usr/local/lib/python3.10/dist-packages/airflow/example_dags/example_time_delta_sensor_async.py
[2023-11-28T01:10:25.787+0000] {processor.py:829} INFO - Processing file /usr/local/lib/python3.10/dist-packages/airflow/example_dags/example_time_delta_sensor_async.py for tasks to queue
[2023-11-28T01:10:25.788+0000] {logging_mixin.py:154} INFO - [2023-11-28T01:10:25.788+0000] {dagbag.py:536} INFO - Filling up the DagBag from /usr/local/lib/python3.10/dist-packages/airflow/example_dags/example_time_delta_sensor_async.py
[2023-11-28T01:10:25.794+0000] {processor.py:839} INFO - DAG(s) dict_keys(['example_time_delta_sensor_async']) retrieved from /usr/local/lib/python3.10/dist-packages/airflow/example_dags/example_time_delta_sensor_async.py
[2023-11-28T01:10:25.812+0000] {logging_mixin.py:154} INFO - [2023-11-28T01:10:25.812+0000] {dag.py:2941} INFO - Sync 1 DAGs
[2023-11-28T01:10:25.824+0000] {logging_mixin.py:154} INFO - [2023-11-28T01:10:25.824+0000] {dag.py:3722} INFO - Setting next_dagrun for example_time_delta_sensor_async to None, run_after=None
[2023-11-28T01:10:25.859+0000] {processor.py:179} INFO - Processing /usr/local/lib/python3.10/dist-packages/airflow/example_dags/example_time_delta_sensor_async.py took 0.077 seconds
[2023-11-28T01:11:13.919+0000] {processor.py:157} INFO - Started process (PID=6371) to work on /usr/local/lib/python3.10/dist-packages/airflow/example_dags/example_time_delta_sensor_async.py
[2023-11-28T01:11:13.921+0000] {processor.py:829} INFO - Processing file /usr/local/lib/python3.10/dist-packages/airflow/example_dags/example_time_delta_sensor_async.py for tasks to queue
[2023-11-28T01:11:13.922+0000] {logging_mixin.py:154} INFO - [2023-11-28T01:11:13.921+0000] {dagbag.py:536} INFO - Filling up the DagBag from /usr/local/lib/python3.10/dist-packages/airflow/example_dags/example_time_delta_sensor_async.py
[2023-11-28T01:11:13.927+0000] {processor.py:839} INFO - DAG(s) dict_keys(['example_time_delta_sensor_async']) retrieved from /usr/local/lib/python3.10/dist-packages/airflow/example_dags/example_time_delta_sensor_async.py
[2023-11-28T01:11:13.945+0000] {logging_mixin.py:154} INFO - [2023-11-28T01:11:13.945+0000] {dag.py:2941} INFO - Sync 1 DAGs
[2023-11-28T01:11:13.957+0000] {logging_mixin.py:154} INFO - [2023-11-28T01:11:13.957+0000] {dag.py:3722} INFO - Setting next_dagrun for example_time_delta_sensor_async to None, run_after=None
[2023-11-28T01:11:13.979+0000] {processor.py:179} INFO - Processing /usr/local/lib/python3.10/dist-packages/airflow/example_dags/example_time_delta_sensor_async.py took 0.064 seconds
[2023-11-28T01:11:58.300+0000] {processor.py:157} INFO - Started process (PID=6417) to work on /usr/local/lib/python3.10/dist-packages/airflow/example_dags/example_time_delta_sensor_async.py
[2023-11-28T01:11:58.301+0000] {processor.py:829} INFO - Processing file /usr/local/lib/python3.10/dist-packages/airflow/example_dags/example_time_delta_sensor_async.py for tasks to queue
[2023-11-28T01:11:58.302+0000] {logging_mixin.py:154} INFO - [2023-11-28T01:11:58.302+0000] {dagbag.py:536} INFO - Filling up the DagBag from /usr/local/lib/python3.10/dist-packages/airflow/example_dags/example_time_delta_sensor_async.py
[2023-11-28T01:11:58.307+0000] {processor.py:839} INFO - DAG(s) dict_keys(['example_time_delta_sensor_async']) retrieved from /usr/local/lib/python3.10/dist-packages/airflow/example_dags/example_time_delta_sensor_async.py
[2023-11-28T01:11:58.325+0000] {logging_mixin.py:154} INFO - [2023-11-28T01:11:58.325+0000] {dag.py:2941} INFO - Sync 1 DAGs
[2023-11-28T01:11:58.337+0000] {logging_mixin.py:154} INFO - [2023-11-28T01:11:58.337+0000] {dag.py:3722} INFO - Setting next_dagrun for example_time_delta_sensor_async to None, run_after=None
[2023-11-28T01:11:58.359+0000] {processor.py:179} INFO - Processing /usr/local/lib/python3.10/dist-packages/airflow/example_dags/example_time_delta_sensor_async.py took 0.063 seconds
[2023-11-28T01:12:41.568+0000] {processor.py:157} INFO - Started process (PID=6464) to work on /usr/local/lib/python3.10/dist-packages/airflow/example_dags/example_time_delta_sensor_async.py
[2023-11-28T01:12:41.569+0000] {processor.py:829} INFO - Processing file /usr/local/lib/python3.10/dist-packages/airflow/example_dags/example_time_delta_sensor_async.py for tasks to queue
[2023-11-28T01:12:41.570+0000] {logging_mixin.py:154} INFO - [2023-11-28T01:12:41.570+0000] {dagbag.py:536} INFO - Filling up the DagBag from /usr/local/lib/python3.10/dist-packages/airflow/example_dags/example_time_delta_sensor_async.py
[2023-11-28T01:12:41.575+0000] {processor.py:839} INFO - DAG(s) dict_keys(['example_time_delta_sensor_async']) retrieved from /usr/local/lib/python3.10/dist-packages/airflow/example_dags/example_time_delta_sensor_async.py
[2023-11-28T01:12:41.592+0000] {logging_mixin.py:154} INFO - [2023-11-28T01:12:41.592+0000] {dag.py:2941} INFO - Sync 1 DAGs
[2023-11-28T01:12:41.605+0000] {logging_mixin.py:154} INFO - [2023-11-28T01:12:41.604+0000] {dag.py:3722} INFO - Setting next_dagrun for example_time_delta_sensor_async to None, run_after=None
[2023-11-28T01:12:41.627+0000] {processor.py:179} INFO - Processing /usr/local/lib/python3.10/dist-packages/airflow/example_dags/example_time_delta_sensor_async.py took 0.062 seconds
[2023-11-28T01:13:25.166+0000] {processor.py:157} INFO - Started process (PID=6507) to work on /usr/local/lib/python3.10/dist-packages/airflow/example_dags/example_time_delta_sensor_async.py
[2023-11-28T01:13:25.167+0000] {processor.py:829} INFO - Processing file /usr/local/lib/python3.10/dist-packages/airflow/example_dags/example_time_delta_sensor_async.py for tasks to queue
[2023-11-28T01:13:25.168+0000] {logging_mixin.py:154} INFO - [2023-11-28T01:13:25.168+0000] {dagbag.py:536} INFO - Filling up the DagBag from /usr/local/lib/python3.10/dist-packages/airflow/example_dags/example_time_delta_sensor_async.py
[2023-11-28T01:13:25.173+0000] {processor.py:839} INFO - DAG(s) dict_keys(['example_time_delta_sensor_async']) retrieved from /usr/local/lib/python3.10/dist-packages/airflow/example_dags/example_time_delta_sensor_async.py
[2023-11-28T01:13:25.190+0000] {logging_mixin.py:154} INFO - [2023-11-28T01:13:25.190+0000] {dag.py:2941} INFO - Sync 1 DAGs
[2023-11-28T01:13:25.203+0000] {logging_mixin.py:154} INFO - [2023-11-28T01:13:25.203+0000] {dag.py:3722} INFO - Setting next_dagrun for example_time_delta_sensor_async to None, run_after=None
[2023-11-28T01:13:25.226+0000] {processor.py:179} INFO - Processing /usr/local/lib/python3.10/dist-packages/airflow/example_dags/example_time_delta_sensor_async.py took 0.063 seconds
[2023-11-28T01:14:09.335+0000] {processor.py:157} INFO - Started process (PID=6553) to work on /usr/local/lib/python3.10/dist-packages/airflow/example_dags/example_time_delta_sensor_async.py
[2023-11-28T01:14:09.336+0000] {processor.py:829} INFO - Processing file /usr/local/lib/python3.10/dist-packages/airflow/example_dags/example_time_delta_sensor_async.py for tasks to queue
[2023-11-28T01:14:09.337+0000] {logging_mixin.py:154} INFO - [2023-11-28T01:14:09.337+0000] {dagbag.py:536} INFO - Filling up the DagBag from /usr/local/lib/python3.10/dist-packages/airflow/example_dags/example_time_delta_sensor_async.py
[2023-11-28T01:14:09.344+0000] {processor.py:839} INFO - DAG(s) dict_keys(['example_time_delta_sensor_async']) retrieved from /usr/local/lib/python3.10/dist-packages/airflow/example_dags/example_time_delta_sensor_async.py
[2023-11-28T01:14:09.365+0000] {logging_mixin.py:154} INFO - [2023-11-28T01:14:09.365+0000] {dag.py:2941} INFO - Sync 1 DAGs
[2023-11-28T01:14:09.378+0000] {logging_mixin.py:154} INFO - [2023-11-28T01:14:09.378+0000] {dag.py:3722} INFO - Setting next_dagrun for example_time_delta_sensor_async to None, run_after=None
[2023-11-28T01:14:09.402+0000] {processor.py:179} INFO - Processing /usr/local/lib/python3.10/dist-packages/airflow/example_dags/example_time_delta_sensor_async.py took 0.071 seconds
[2023-11-28T01:15:14.612+0000] {processor.py:157} INFO - Started process (PID=6628) to work on /usr/local/lib/python3.10/dist-packages/airflow/example_dags/example_time_delta_sensor_async.py
[2023-11-28T01:15:14.614+0000] {processor.py:829} INFO - Processing file /usr/local/lib/python3.10/dist-packages/airflow/example_dags/example_time_delta_sensor_async.py for tasks to queue
[2023-11-28T01:15:14.615+0000] {logging_mixin.py:154} INFO - [2023-11-28T01:15:14.614+0000] {dagbag.py:536} INFO - Filling up the DagBag from /usr/local/lib/python3.10/dist-packages/airflow/example_dags/example_time_delta_sensor_async.py
[2023-11-28T01:15:14.620+0000] {processor.py:839} INFO - DAG(s) dict_keys(['example_time_delta_sensor_async']) retrieved from /usr/local/lib/python3.10/dist-packages/airflow/example_dags/example_time_delta_sensor_async.py
[2023-11-28T01:15:14.629+0000] {logging_mixin.py:154} INFO - [2023-11-28T01:15:14.629+0000] {dag.py:2941} INFO - Sync 1 DAGs
[2023-11-28T01:15:14.643+0000] {logging_mixin.py:154} INFO - [2023-11-28T01:15:14.642+0000] {dag.py:3722} INFO - Setting next_dagrun for example_time_delta_sensor_async to None, run_after=None
[2023-11-28T01:15:14.665+0000] {processor.py:179} INFO - Processing /usr/local/lib/python3.10/dist-packages/airflow/example_dags/example_time_delta_sensor_async.py took 0.056 seconds
[2023-11-28T01:15:58.101+0000] {processor.py:157} INFO - Started process (PID=6675) to work on /usr/local/lib/python3.10/dist-packages/airflow/example_dags/example_time_delta_sensor_async.py
[2023-11-28T01:15:58.103+0000] {processor.py:829} INFO - Processing file /usr/local/lib/python3.10/dist-packages/airflow/example_dags/example_time_delta_sensor_async.py for tasks to queue
[2023-11-28T01:15:58.104+0000] {logging_mixin.py:154} INFO - [2023-11-28T01:15:58.104+0000] {dagbag.py:536} INFO - Filling up the DagBag from /usr/local/lib/python3.10/dist-packages/airflow/example_dags/example_time_delta_sensor_async.py
[2023-11-28T01:15:58.109+0000] {processor.py:839} INFO - DAG(s) dict_keys(['example_time_delta_sensor_async']) retrieved from /usr/local/lib/python3.10/dist-packages/airflow/example_dags/example_time_delta_sensor_async.py
[2023-11-28T01:15:58.127+0000] {logging_mixin.py:154} INFO - [2023-11-28T01:15:58.127+0000] {dag.py:2941} INFO - Sync 1 DAGs
[2023-11-28T01:15:58.140+0000] {logging_mixin.py:154} INFO - [2023-11-28T01:15:58.140+0000] {dag.py:3722} INFO - Setting next_dagrun for example_time_delta_sensor_async to None, run_after=None
[2023-11-28T01:15:58.164+0000] {processor.py:179} INFO - Processing /usr/local/lib/python3.10/dist-packages/airflow/example_dags/example_time_delta_sensor_async.py took 0.066 seconds
[2023-11-28T01:16:44.746+0000] {processor.py:157} INFO - Started process (PID=6721) to work on /usr/local/lib/python3.10/dist-packages/airflow/example_dags/example_time_delta_sensor_async.py
[2023-11-28T01:16:44.747+0000] {processor.py:829} INFO - Processing file /usr/local/lib/python3.10/dist-packages/airflow/example_dags/example_time_delta_sensor_async.py for tasks to queue
[2023-11-28T01:16:44.748+0000] {logging_mixin.py:154} INFO - [2023-11-28T01:16:44.748+0000] {dagbag.py:536} INFO - Filling up the DagBag from /usr/local/lib/python3.10/dist-packages/airflow/example_dags/example_time_delta_sensor_async.py
[2023-11-28T01:16:44.753+0000] {processor.py:839} INFO - DAG(s) dict_keys(['example_time_delta_sensor_async']) retrieved from /usr/local/lib/python3.10/dist-packages/airflow/example_dags/example_time_delta_sensor_async.py
[2023-11-28T01:16:44.771+0000] {logging_mixin.py:154} INFO - [2023-11-28T01:16:44.771+0000] {dag.py:2941} INFO - Sync 1 DAGs
[2023-11-28T01:16:44.785+0000] {logging_mixin.py:154} INFO - [2023-11-28T01:16:44.784+0000] {dag.py:3722} INFO - Setting next_dagrun for example_time_delta_sensor_async to None, run_after=None
[2023-11-28T01:16:44.809+0000] {processor.py:179} INFO - Processing /usr/local/lib/python3.10/dist-packages/airflow/example_dags/example_time_delta_sensor_async.py took 0.066 seconds
[2023-11-28T01:17:31.668+0000] {processor.py:157} INFO - Started process (PID=6777) to work on /usr/local/lib/python3.10/dist-packages/airflow/example_dags/example_time_delta_sensor_async.py
[2023-11-28T01:17:31.670+0000] {processor.py:829} INFO - Processing file /usr/local/lib/python3.10/dist-packages/airflow/example_dags/example_time_delta_sensor_async.py for tasks to queue
[2023-11-28T01:17:31.671+0000] {logging_mixin.py:154} INFO - [2023-11-28T01:17:31.670+0000] {dagbag.py:536} INFO - Filling up the DagBag from /usr/local/lib/python3.10/dist-packages/airflow/example_dags/example_time_delta_sensor_async.py
[2023-11-28T01:17:31.676+0000] {processor.py:839} INFO - DAG(s) dict_keys(['example_time_delta_sensor_async']) retrieved from /usr/local/lib/python3.10/dist-packages/airflow/example_dags/example_time_delta_sensor_async.py
[2023-11-28T01:17:31.694+0000] {logging_mixin.py:154} INFO - [2023-11-28T01:17:31.694+0000] {dag.py:2941} INFO - Sync 1 DAGs
[2023-11-28T01:17:31.706+0000] {logging_mixin.py:154} INFO - [2023-11-28T01:17:31.706+0000] {dag.py:3722} INFO - Setting next_dagrun for example_time_delta_sensor_async to None, run_after=None
[2023-11-28T01:17:31.729+0000] {processor.py:179} INFO - Processing /usr/local/lib/python3.10/dist-packages/airflow/example_dags/example_time_delta_sensor_async.py took 0.064 seconds
[2023-11-28T01:18:15.198+0000] {processor.py:157} INFO - Started process (PID=6823) to work on /usr/local/lib/python3.10/dist-packages/airflow/example_dags/example_time_delta_sensor_async.py
[2023-11-28T01:18:15.199+0000] {processor.py:829} INFO - Processing file /usr/local/lib/python3.10/dist-packages/airflow/example_dags/example_time_delta_sensor_async.py for tasks to queue
[2023-11-28T01:18:15.200+0000] {logging_mixin.py:154} INFO - [2023-11-28T01:18:15.199+0000] {dagbag.py:536} INFO - Filling up the DagBag from /usr/local/lib/python3.10/dist-packages/airflow/example_dags/example_time_delta_sensor_async.py
[2023-11-28T01:18:15.206+0000] {processor.py:839} INFO - DAG(s) dict_keys(['example_time_delta_sensor_async']) retrieved from /usr/local/lib/python3.10/dist-packages/airflow/example_dags/example_time_delta_sensor_async.py
[2023-11-28T01:18:15.224+0000] {logging_mixin.py:154} INFO - [2023-11-28T01:18:15.223+0000] {dag.py:2941} INFO - Sync 1 DAGs
[2023-11-28T01:18:15.236+0000] {logging_mixin.py:154} INFO - [2023-11-28T01:18:15.236+0000] {dag.py:3722} INFO - Setting next_dagrun for example_time_delta_sensor_async to None, run_after=None
[2023-11-28T01:18:15.259+0000] {processor.py:179} INFO - Processing /usr/local/lib/python3.10/dist-packages/airflow/example_dags/example_time_delta_sensor_async.py took 0.064 seconds
[2023-11-28T01:19:01.739+0000] {processor.py:157} INFO - Started process (PID=6871) to work on /usr/local/lib/python3.10/dist-packages/airflow/example_dags/example_time_delta_sensor_async.py
[2023-11-28T01:19:01.741+0000] {processor.py:829} INFO - Processing file /usr/local/lib/python3.10/dist-packages/airflow/example_dags/example_time_delta_sensor_async.py for tasks to queue
[2023-11-28T01:19:01.741+0000] {logging_mixin.py:154} INFO - [2023-11-28T01:19:01.741+0000] {dagbag.py:536} INFO - Filling up the DagBag from /usr/local/lib/python3.10/dist-packages/airflow/example_dags/example_time_delta_sensor_async.py
[2023-11-28T01:19:01.747+0000] {processor.py:839} INFO - DAG(s) dict_keys(['example_time_delta_sensor_async']) retrieved from /usr/local/lib/python3.10/dist-packages/airflow/example_dags/example_time_delta_sensor_async.py
[2023-11-28T01:19:01.767+0000] {logging_mixin.py:154} INFO - [2023-11-28T01:19:01.766+0000] {dag.py:2941} INFO - Sync 1 DAGs
[2023-11-28T01:19:01.780+0000] {logging_mixin.py:154} INFO - [2023-11-28T01:19:01.780+0000] {dag.py:3722} INFO - Setting next_dagrun for example_time_delta_sensor_async to None, run_after=None
[2023-11-28T01:19:01.806+0000] {processor.py:179} INFO - Processing /usr/local/lib/python3.10/dist-packages/airflow/example_dags/example_time_delta_sensor_async.py took 0.071 seconds
[2023-11-28T01:19:45.695+0000] {processor.py:157} INFO - Started process (PID=7036) to work on /usr/local/lib/python3.10/dist-packages/airflow/example_dags/example_time_delta_sensor_async.py
[2023-11-28T01:19:45.696+0000] {processor.py:829} INFO - Processing file /usr/local/lib/python3.10/dist-packages/airflow/example_dags/example_time_delta_sensor_async.py for tasks to queue
[2023-11-28T01:19:45.697+0000] {logging_mixin.py:154} INFO - [2023-11-28T01:19:45.697+0000] {dagbag.py:536} INFO - Filling up the DagBag from /usr/local/lib/python3.10/dist-packages/airflow/example_dags/example_time_delta_sensor_async.py
[2023-11-28T01:19:45.702+0000] {processor.py:839} INFO - DAG(s) dict_keys(['example_time_delta_sensor_async']) retrieved from /usr/local/lib/python3.10/dist-packages/airflow/example_dags/example_time_delta_sensor_async.py
[2023-11-28T01:19:45.720+0000] {logging_mixin.py:154} INFO - [2023-11-28T01:19:45.720+0000] {dag.py:2941} INFO - Sync 1 DAGs
[2023-11-28T01:19:45.734+0000] {logging_mixin.py:154} INFO - [2023-11-28T01:19:45.733+0000] {dag.py:3722} INFO - Setting next_dagrun for example_time_delta_sensor_async to None, run_after=None
[2023-11-28T01:19:45.756+0000] {processor.py:179} INFO - Processing /usr/local/lib/python3.10/dist-packages/airflow/example_dags/example_time_delta_sensor_async.py took 0.065 seconds
