[2023-11-28T00:44:31.838+0000] {processor.py:157} INFO - Started process (PID=3413) to work on /usr/local/lib/python3.10/dist-packages/airflow/example_dags/example_skip_dag.py
[2023-11-28T00:44:31.839+0000] {processor.py:829} INFO - Processing file /usr/local/lib/python3.10/dist-packages/airflow/example_dags/example_skip_dag.py for tasks to queue
[2023-11-28T00:44:31.840+0000] {logging_mixin.py:154} INFO - [2023-11-28T00:44:31.840+0000] {dagbag.py:536} INFO - Filling up the DagBag from /usr/local/lib/python3.10/dist-packages/airflow/example_dags/example_skip_dag.py
[2023-11-28T00:44:31.851+0000] {processor.py:839} INFO - DAG(s) dict_keys(['example_skip_dag']) retrieved from /usr/local/lib/python3.10/dist-packages/airflow/example_dags/example_skip_dag.py
[2023-11-28T00:44:31.963+0000] {logging_mixin.py:154} INFO - [2023-11-28T00:44:31.963+0000] {manager.py:499} INFO - Created Permission View: %s
[2023-11-28T00:44:31.977+0000] {logging_mixin.py:154} INFO - [2023-11-28T00:44:31.977+0000] {manager.py:499} INFO - Created Permission View: %s
[2023-11-28T00:44:31.987+0000] {logging_mixin.py:154} INFO - [2023-11-28T00:44:31.987+0000] {manager.py:499} INFO - Created Permission View: %s
[2023-11-28T00:44:31.988+0000] {logging_mixin.py:154} INFO - [2023-11-28T00:44:31.988+0000] {dag.py:2941} INFO - Sync 1 DAGs
[2023-11-28T00:44:32.006+0000] {logging_mixin.py:154} INFO - [2023-11-28T00:44:32.006+0000] {dag.py:2963} INFO - Creating ORM DAG for example_skip_dag
[2023-11-28T00:44:32.016+0000] {logging_mixin.py:154} INFO - [2023-11-28T00:44:32.016+0000] {dag.py:3722} INFO - Setting next_dagrun for example_skip_dag to 2023-11-27T00:44:32.016096+00:00, run_after=2023-11-28T00:44:32.016096+00:00
[2023-11-28T00:44:32.039+0000] {processor.py:179} INFO - Processing /usr/local/lib/python3.10/dist-packages/airflow/example_dags/example_skip_dag.py took 0.204 seconds
[2023-11-28T00:45:24.903+0000] {processor.py:157} INFO - Started process (PID=3550) to work on /usr/local/lib/python3.10/dist-packages/airflow/example_dags/example_skip_dag.py
[2023-11-28T00:45:24.904+0000] {processor.py:829} INFO - Processing file /usr/local/lib/python3.10/dist-packages/airflow/example_dags/example_skip_dag.py for tasks to queue
[2023-11-28T00:45:24.905+0000] {logging_mixin.py:154} INFO - [2023-11-28T00:45:24.905+0000] {dagbag.py:536} INFO - Filling up the DagBag from /usr/local/lib/python3.10/dist-packages/airflow/example_dags/example_skip_dag.py
[2023-11-28T00:45:24.913+0000] {processor.py:839} INFO - DAG(s) dict_keys(['example_skip_dag']) retrieved from /usr/local/lib/python3.10/dist-packages/airflow/example_dags/example_skip_dag.py
[2023-11-28T00:45:24.931+0000] {logging_mixin.py:154} INFO - [2023-11-28T00:45:24.930+0000] {dag.py:2941} INFO - Sync 1 DAGs
[2023-11-28T00:45:24.952+0000] {logging_mixin.py:154} INFO - [2023-11-28T00:45:24.951+0000] {dag.py:3722} INFO - Setting next_dagrun for example_skip_dag to 2023-11-27T00:45:24.951613+00:00, run_after=2023-11-28T00:45:24.951613+00:00
[2023-11-28T00:45:24.974+0000] {processor.py:179} INFO - Processing /usr/local/lib/python3.10/dist-packages/airflow/example_dags/example_skip_dag.py took 0.075 seconds
[2023-11-28T00:46:10.087+0000] {processor.py:157} INFO - Started process (PID=3597) to work on /usr/local/lib/python3.10/dist-packages/airflow/example_dags/example_skip_dag.py
[2023-11-28T00:46:10.088+0000] {processor.py:829} INFO - Processing file /usr/local/lib/python3.10/dist-packages/airflow/example_dags/example_skip_dag.py for tasks to queue
[2023-11-28T00:46:10.089+0000] {logging_mixin.py:154} INFO - [2023-11-28T00:46:10.089+0000] {dagbag.py:536} INFO - Filling up the DagBag from /usr/local/lib/python3.10/dist-packages/airflow/example_dags/example_skip_dag.py
[2023-11-28T00:46:10.097+0000] {processor.py:839} INFO - DAG(s) dict_keys(['example_skip_dag']) retrieved from /usr/local/lib/python3.10/dist-packages/airflow/example_dags/example_skip_dag.py
[2023-11-28T00:46:10.116+0000] {logging_mixin.py:154} INFO - [2023-11-28T00:46:10.115+0000] {dag.py:2941} INFO - Sync 1 DAGs
[2023-11-28T00:46:10.138+0000] {logging_mixin.py:154} INFO - [2023-11-28T00:46:10.138+0000] {dag.py:3722} INFO - Setting next_dagrun for example_skip_dag to 2023-11-27T00:46:10.137965+00:00, run_after=2023-11-28T00:46:10.137965+00:00
[2023-11-28T00:46:10.163+0000] {processor.py:179} INFO - Processing /usr/local/lib/python3.10/dist-packages/airflow/example_dags/example_skip_dag.py took 0.080 seconds
[2023-11-28T00:46:48.107+0000] {processor.py:157} INFO - Started process (PID=3638) to work on /usr/local/lib/python3.10/dist-packages/airflow/example_dags/example_skip_dag.py
[2023-11-28T00:46:48.108+0000] {processor.py:829} INFO - Processing file /usr/local/lib/python3.10/dist-packages/airflow/example_dags/example_skip_dag.py for tasks to queue
[2023-11-28T00:46:48.109+0000] {logging_mixin.py:154} INFO - [2023-11-28T00:46:48.109+0000] {dagbag.py:536} INFO - Filling up the DagBag from /usr/local/lib/python3.10/dist-packages/airflow/example_dags/example_skip_dag.py
[2023-11-28T00:46:48.117+0000] {processor.py:839} INFO - DAG(s) dict_keys(['example_skip_dag']) retrieved from /usr/local/lib/python3.10/dist-packages/airflow/example_dags/example_skip_dag.py
[2023-11-28T00:46:48.135+0000] {logging_mixin.py:154} INFO - [2023-11-28T00:46:48.134+0000] {dag.py:2941} INFO - Sync 1 DAGs
[2023-11-28T00:46:48.155+0000] {logging_mixin.py:154} INFO - [2023-11-28T00:46:48.154+0000] {dag.py:3722} INFO - Setting next_dagrun for example_skip_dag to 2023-11-27T00:46:48.154737+00:00, run_after=2023-11-28T00:46:48.154737+00:00
[2023-11-28T00:46:48.177+0000] {processor.py:179} INFO - Processing /usr/local/lib/python3.10/dist-packages/airflow/example_dags/example_skip_dag.py took 0.074 seconds
[2023-11-28T00:47:32.108+0000] {processor.py:157} INFO - Started process (PID=3689) to work on /usr/local/lib/python3.10/dist-packages/airflow/example_dags/example_skip_dag.py
[2023-11-28T00:47:32.110+0000] {processor.py:829} INFO - Processing file /usr/local/lib/python3.10/dist-packages/airflow/example_dags/example_skip_dag.py for tasks to queue
[2023-11-28T00:47:32.111+0000] {logging_mixin.py:154} INFO - [2023-11-28T00:47:32.111+0000] {dagbag.py:536} INFO - Filling up the DagBag from /usr/local/lib/python3.10/dist-packages/airflow/example_dags/example_skip_dag.py
[2023-11-28T00:47:32.119+0000] {processor.py:839} INFO - DAG(s) dict_keys(['example_skip_dag']) retrieved from /usr/local/lib/python3.10/dist-packages/airflow/example_dags/example_skip_dag.py
[2023-11-28T00:47:32.137+0000] {logging_mixin.py:154} INFO - [2023-11-28T00:47:32.137+0000] {dag.py:2941} INFO - Sync 1 DAGs
[2023-11-28T00:47:32.159+0000] {logging_mixin.py:154} INFO - [2023-11-28T00:47:32.158+0000] {dag.py:3722} INFO - Setting next_dagrun for example_skip_dag to 2023-11-27T00:47:32.158664+00:00, run_after=2023-11-28T00:47:32.158664+00:00
[2023-11-28T00:47:32.182+0000] {processor.py:179} INFO - Processing /usr/local/lib/python3.10/dist-packages/airflow/example_dags/example_skip_dag.py took 0.077 seconds
[2023-11-28T00:48:17.849+0000] {processor.py:157} INFO - Started process (PID=3735) to work on /usr/local/lib/python3.10/dist-packages/airflow/example_dags/example_skip_dag.py
[2023-11-28T00:48:17.850+0000] {processor.py:829} INFO - Processing file /usr/local/lib/python3.10/dist-packages/airflow/example_dags/example_skip_dag.py for tasks to queue
[2023-11-28T00:48:17.851+0000] {logging_mixin.py:154} INFO - [2023-11-28T00:48:17.851+0000] {dagbag.py:536} INFO - Filling up the DagBag from /usr/local/lib/python3.10/dist-packages/airflow/example_dags/example_skip_dag.py
[2023-11-28T00:48:17.859+0000] {processor.py:839} INFO - DAG(s) dict_keys(['example_skip_dag']) retrieved from /usr/local/lib/python3.10/dist-packages/airflow/example_dags/example_skip_dag.py
[2023-11-28T00:48:17.877+0000] {logging_mixin.py:154} INFO - [2023-11-28T00:48:17.877+0000] {dag.py:2941} INFO - Sync 1 DAGs
[2023-11-28T00:48:17.899+0000] {logging_mixin.py:154} INFO - [2023-11-28T00:48:17.898+0000] {dag.py:3722} INFO - Setting next_dagrun for example_skip_dag to 2023-11-27T00:48:17.898706+00:00, run_after=2023-11-28T00:48:17.898706+00:00
[2023-11-28T00:48:17.922+0000] {processor.py:179} INFO - Processing /usr/local/lib/python3.10/dist-packages/airflow/example_dags/example_skip_dag.py took 0.077 seconds
[2023-11-28T00:49:04.121+0000] {processor.py:157} INFO - Started process (PID=3782) to work on /usr/local/lib/python3.10/dist-packages/airflow/example_dags/example_skip_dag.py
[2023-11-28T00:49:04.123+0000] {processor.py:829} INFO - Processing file /usr/local/lib/python3.10/dist-packages/airflow/example_dags/example_skip_dag.py for tasks to queue
[2023-11-28T00:49:04.124+0000] {logging_mixin.py:154} INFO - [2023-11-28T00:49:04.123+0000] {dagbag.py:536} INFO - Filling up the DagBag from /usr/local/lib/python3.10/dist-packages/airflow/example_dags/example_skip_dag.py
[2023-11-28T00:49:04.132+0000] {processor.py:839} INFO - DAG(s) dict_keys(['example_skip_dag']) retrieved from /usr/local/lib/python3.10/dist-packages/airflow/example_dags/example_skip_dag.py
[2023-11-28T00:49:04.150+0000] {logging_mixin.py:154} INFO - [2023-11-28T00:49:04.150+0000] {dag.py:2941} INFO - Sync 1 DAGs
[2023-11-28T00:49:04.172+0000] {logging_mixin.py:154} INFO - [2023-11-28T00:49:04.171+0000] {dag.py:3722} INFO - Setting next_dagrun for example_skip_dag to 2023-11-27T00:49:04.171567+00:00, run_after=2023-11-28T00:49:04.171567+00:00
[2023-11-28T00:49:04.213+0000] {processor.py:179} INFO - Processing /usr/local/lib/python3.10/dist-packages/airflow/example_dags/example_skip_dag.py took 0.095 seconds
[2023-11-28T00:49:47.769+0000] {processor.py:157} INFO - Started process (PID=3828) to work on /usr/local/lib/python3.10/dist-packages/airflow/example_dags/example_skip_dag.py
[2023-11-28T00:49:47.770+0000] {processor.py:829} INFO - Processing file /usr/local/lib/python3.10/dist-packages/airflow/example_dags/example_skip_dag.py for tasks to queue
[2023-11-28T00:49:47.771+0000] {logging_mixin.py:154} INFO - [2023-11-28T00:49:47.770+0000] {dagbag.py:536} INFO - Filling up the DagBag from /usr/local/lib/python3.10/dist-packages/airflow/example_dags/example_skip_dag.py
[2023-11-28T00:49:47.779+0000] {processor.py:839} INFO - DAG(s) dict_keys(['example_skip_dag']) retrieved from /usr/local/lib/python3.10/dist-packages/airflow/example_dags/example_skip_dag.py
[2023-11-28T00:49:47.797+0000] {logging_mixin.py:154} INFO - [2023-11-28T00:49:47.796+0000] {dag.py:2941} INFO - Sync 1 DAGs
[2023-11-28T00:49:47.818+0000] {logging_mixin.py:154} INFO - [2023-11-28T00:49:47.818+0000] {dag.py:3722} INFO - Setting next_dagrun for example_skip_dag to 2023-11-27T00:49:47.818254+00:00, run_after=2023-11-28T00:49:47.818254+00:00
[2023-11-28T00:49:47.841+0000] {processor.py:179} INFO - Processing /usr/local/lib/python3.10/dist-packages/airflow/example_dags/example_skip_dag.py took 0.076 seconds
[2023-11-28T00:50:29.992+0000] {processor.py:157} INFO - Started process (PID=3872) to work on /usr/local/lib/python3.10/dist-packages/airflow/example_dags/example_skip_dag.py
[2023-11-28T00:50:29.994+0000] {processor.py:829} INFO - Processing file /usr/local/lib/python3.10/dist-packages/airflow/example_dags/example_skip_dag.py for tasks to queue
[2023-11-28T00:50:29.994+0000] {logging_mixin.py:154} INFO - [2023-11-28T00:50:29.994+0000] {dagbag.py:536} INFO - Filling up the DagBag from /usr/local/lib/python3.10/dist-packages/airflow/example_dags/example_skip_dag.py
[2023-11-28T00:50:30.003+0000] {processor.py:839} INFO - DAG(s) dict_keys(['example_skip_dag']) retrieved from /usr/local/lib/python3.10/dist-packages/airflow/example_dags/example_skip_dag.py
[2023-11-28T00:50:30.021+0000] {logging_mixin.py:154} INFO - [2023-11-28T00:50:30.021+0000] {dag.py:2941} INFO - Sync 1 DAGs
[2023-11-28T00:50:30.044+0000] {logging_mixin.py:154} INFO - [2023-11-28T00:50:30.043+0000] {dag.py:3722} INFO - Setting next_dagrun for example_skip_dag to 2023-11-27T00:50:30.043620+00:00, run_after=2023-11-28T00:50:30.043620+00:00
[2023-11-28T00:50:30.067+0000] {processor.py:179} INFO - Processing /usr/local/lib/python3.10/dist-packages/airflow/example_dags/example_skip_dag.py took 0.078 seconds
[2023-11-28T00:51:17.729+0000] {processor.py:157} INFO - Started process (PID=3920) to work on /usr/local/lib/python3.10/dist-packages/airflow/example_dags/example_skip_dag.py
[2023-11-28T00:51:17.730+0000] {processor.py:829} INFO - Processing file /usr/local/lib/python3.10/dist-packages/airflow/example_dags/example_skip_dag.py for tasks to queue
[2023-11-28T00:51:17.731+0000] {logging_mixin.py:154} INFO - [2023-11-28T00:51:17.731+0000] {dagbag.py:536} INFO - Filling up the DagBag from /usr/local/lib/python3.10/dist-packages/airflow/example_dags/example_skip_dag.py
[2023-11-28T00:51:17.739+0000] {processor.py:839} INFO - DAG(s) dict_keys(['example_skip_dag']) retrieved from /usr/local/lib/python3.10/dist-packages/airflow/example_dags/example_skip_dag.py
[2023-11-28T00:51:17.757+0000] {logging_mixin.py:154} INFO - [2023-11-28T00:51:17.757+0000] {dag.py:2941} INFO - Sync 1 DAGs
[2023-11-28T00:51:17.778+0000] {logging_mixin.py:154} INFO - [2023-11-28T00:51:17.778+0000] {dag.py:3722} INFO - Setting next_dagrun for example_skip_dag to 2023-11-27T00:51:17.778229+00:00, run_after=2023-11-28T00:51:17.778229+00:00
[2023-11-28T00:51:17.802+0000] {processor.py:179} INFO - Processing /usr/local/lib/python3.10/dist-packages/airflow/example_dags/example_skip_dag.py took 0.076 seconds
[2023-11-28T00:52:04.066+0000] {processor.py:157} INFO - Started process (PID=3969) to work on /usr/local/lib/python3.10/dist-packages/airflow/example_dags/example_skip_dag.py
[2023-11-28T00:52:04.068+0000] {processor.py:829} INFO - Processing file /usr/local/lib/python3.10/dist-packages/airflow/example_dags/example_skip_dag.py for tasks to queue
[2023-11-28T00:52:04.069+0000] {logging_mixin.py:154} INFO - [2023-11-28T00:52:04.068+0000] {dagbag.py:536} INFO - Filling up the DagBag from /usr/local/lib/python3.10/dist-packages/airflow/example_dags/example_skip_dag.py
[2023-11-28T00:52:04.077+0000] {processor.py:839} INFO - DAG(s) dict_keys(['example_skip_dag']) retrieved from /usr/local/lib/python3.10/dist-packages/airflow/example_dags/example_skip_dag.py
[2023-11-28T00:52:04.095+0000] {logging_mixin.py:154} INFO - [2023-11-28T00:52:04.094+0000] {dag.py:2941} INFO - Sync 1 DAGs
[2023-11-28T00:52:04.115+0000] {logging_mixin.py:154} INFO - [2023-11-28T00:52:04.115+0000] {dag.py:3722} INFO - Setting next_dagrun for example_skip_dag to 2023-11-27T00:52:04.115277+00:00, run_after=2023-11-28T00:52:04.115277+00:00
[2023-11-28T00:52:04.137+0000] {processor.py:179} INFO - Processing /usr/local/lib/python3.10/dist-packages/airflow/example_dags/example_skip_dag.py took 0.074 seconds
[2023-11-28T00:52:49.201+0000] {processor.py:157} INFO - Started process (PID=4387) to work on /usr/local/lib/python3.10/dist-packages/airflow/example_dags/example_skip_dag.py
[2023-11-28T00:52:49.203+0000] {processor.py:829} INFO - Processing file /usr/local/lib/python3.10/dist-packages/airflow/example_dags/example_skip_dag.py for tasks to queue
[2023-11-28T00:52:49.204+0000] {logging_mixin.py:154} INFO - [2023-11-28T00:52:49.203+0000] {dagbag.py:536} INFO - Filling up the DagBag from /usr/local/lib/python3.10/dist-packages/airflow/example_dags/example_skip_dag.py
[2023-11-28T00:52:49.212+0000] {processor.py:839} INFO - DAG(s) dict_keys(['example_skip_dag']) retrieved from /usr/local/lib/python3.10/dist-packages/airflow/example_dags/example_skip_dag.py
[2023-11-28T00:52:49.230+0000] {logging_mixin.py:154} INFO - [2023-11-28T00:52:49.230+0000] {dag.py:2941} INFO - Sync 1 DAGs
[2023-11-28T00:52:49.253+0000] {logging_mixin.py:154} INFO - [2023-11-28T00:52:49.253+0000] {dag.py:3722} INFO - Setting next_dagrun for example_skip_dag to 2023-11-27T00:52:49.252735+00:00, run_after=2023-11-28T00:52:49.252735+00:00
[2023-11-28T00:52:49.276+0000] {processor.py:179} INFO - Processing /usr/local/lib/python3.10/dist-packages/airflow/example_dags/example_skip_dag.py took 0.078 seconds
[2023-11-28T00:53:35.772+0000] {processor.py:157} INFO - Started process (PID=4528) to work on /usr/local/lib/python3.10/dist-packages/airflow/example_dags/example_skip_dag.py
[2023-11-28T00:53:35.773+0000] {processor.py:829} INFO - Processing file /usr/local/lib/python3.10/dist-packages/airflow/example_dags/example_skip_dag.py for tasks to queue
[2023-11-28T00:53:35.774+0000] {logging_mixin.py:154} INFO - [2023-11-28T00:53:35.773+0000] {dagbag.py:536} INFO - Filling up the DagBag from /usr/local/lib/python3.10/dist-packages/airflow/example_dags/example_skip_dag.py
[2023-11-28T00:53:35.782+0000] {processor.py:839} INFO - DAG(s) dict_keys(['example_skip_dag']) retrieved from /usr/local/lib/python3.10/dist-packages/airflow/example_dags/example_skip_dag.py
[2023-11-28T00:53:35.799+0000] {logging_mixin.py:154} INFO - [2023-11-28T00:53:35.799+0000] {dag.py:2941} INFO - Sync 1 DAGs
[2023-11-28T00:53:35.820+0000] {logging_mixin.py:154} INFO - [2023-11-28T00:53:35.820+0000] {dag.py:3722} INFO - Setting next_dagrun for example_skip_dag to 2023-11-27T00:53:35.819853+00:00, run_after=2023-11-28T00:53:35.819853+00:00
[2023-11-28T00:53:35.843+0000] {processor.py:179} INFO - Processing /usr/local/lib/python3.10/dist-packages/airflow/example_dags/example_skip_dag.py took 0.074 seconds
[2023-11-28T00:54:19.812+0000] {processor.py:157} INFO - Started process (PID=4888) to work on /usr/local/lib/python3.10/dist-packages/airflow/example_dags/example_skip_dag.py
[2023-11-28T00:54:19.813+0000] {processor.py:829} INFO - Processing file /usr/local/lib/python3.10/dist-packages/airflow/example_dags/example_skip_dag.py for tasks to queue
[2023-11-28T00:54:19.814+0000] {logging_mixin.py:154} INFO - [2023-11-28T00:54:19.814+0000] {dagbag.py:536} INFO - Filling up the DagBag from /usr/local/lib/python3.10/dist-packages/airflow/example_dags/example_skip_dag.py
[2023-11-28T00:54:19.822+0000] {processor.py:839} INFO - DAG(s) dict_keys(['example_skip_dag']) retrieved from /usr/local/lib/python3.10/dist-packages/airflow/example_dags/example_skip_dag.py
[2023-11-28T00:54:19.839+0000] {logging_mixin.py:154} INFO - [2023-11-28T00:54:19.839+0000] {dag.py:2941} INFO - Sync 1 DAGs
[2023-11-28T00:54:19.860+0000] {logging_mixin.py:154} INFO - [2023-11-28T00:54:19.860+0000] {dag.py:3722} INFO - Setting next_dagrun for example_skip_dag to 2023-11-27T00:54:19.859926+00:00, run_after=2023-11-28T00:54:19.859926+00:00
[2023-11-28T00:54:19.882+0000] {processor.py:179} INFO - Processing /usr/local/lib/python3.10/dist-packages/airflow/example_dags/example_skip_dag.py took 0.073 seconds
[2023-11-28T00:55:03.244+0000] {processor.py:157} INFO - Started process (PID=4932) to work on /usr/local/lib/python3.10/dist-packages/airflow/example_dags/example_skip_dag.py
[2023-11-28T00:55:03.245+0000] {processor.py:829} INFO - Processing file /usr/local/lib/python3.10/dist-packages/airflow/example_dags/example_skip_dag.py for tasks to queue
[2023-11-28T00:55:03.246+0000] {logging_mixin.py:154} INFO - [2023-11-28T00:55:03.246+0000] {dagbag.py:536} INFO - Filling up the DagBag from /usr/local/lib/python3.10/dist-packages/airflow/example_dags/example_skip_dag.py
[2023-11-28T00:55:03.254+0000] {processor.py:839} INFO - DAG(s) dict_keys(['example_skip_dag']) retrieved from /usr/local/lib/python3.10/dist-packages/airflow/example_dags/example_skip_dag.py
[2023-11-28T00:55:03.273+0000] {logging_mixin.py:154} INFO - [2023-11-28T00:55:03.272+0000] {dag.py:2941} INFO - Sync 1 DAGs
[2023-11-28T00:55:03.294+0000] {logging_mixin.py:154} INFO - [2023-11-28T00:55:03.294+0000] {dag.py:3722} INFO - Setting next_dagrun for example_skip_dag to 2023-11-27T00:55:03.294019+00:00, run_after=2023-11-28T00:55:03.294019+00:00
[2023-11-28T00:55:03.318+0000] {processor.py:179} INFO - Processing /usr/local/lib/python3.10/dist-packages/airflow/example_dags/example_skip_dag.py took 0.077 seconds
[2023-11-28T00:55:49.694+0000] {processor.py:157} INFO - Started process (PID=4987) to work on /usr/local/lib/python3.10/dist-packages/airflow/example_dags/example_skip_dag.py
[2023-11-28T00:55:49.695+0000] {processor.py:829} INFO - Processing file /usr/local/lib/python3.10/dist-packages/airflow/example_dags/example_skip_dag.py for tasks to queue
[2023-11-28T00:55:49.696+0000] {logging_mixin.py:154} INFO - [2023-11-28T00:55:49.695+0000] {dagbag.py:536} INFO - Filling up the DagBag from /usr/local/lib/python3.10/dist-packages/airflow/example_dags/example_skip_dag.py
[2023-11-28T00:55:49.704+0000] {processor.py:839} INFO - DAG(s) dict_keys(['example_skip_dag']) retrieved from /usr/local/lib/python3.10/dist-packages/airflow/example_dags/example_skip_dag.py
[2023-11-28T00:55:49.722+0000] {logging_mixin.py:154} INFO - [2023-11-28T00:55:49.721+0000] {dag.py:2941} INFO - Sync 1 DAGs
[2023-11-28T00:55:49.743+0000] {logging_mixin.py:154} INFO - [2023-11-28T00:55:49.742+0000] {dag.py:3722} INFO - Setting next_dagrun for example_skip_dag to 2023-11-27T00:55:49.742560+00:00, run_after=2023-11-28T00:55:49.742560+00:00
[2023-11-28T00:55:49.765+0000] {processor.py:179} INFO - Processing /usr/local/lib/python3.10/dist-packages/airflow/example_dags/example_skip_dag.py took 0.075 seconds
[2023-11-28T00:56:35.729+0000] {processor.py:157} INFO - Started process (PID=5345) to work on /usr/local/lib/python3.10/dist-packages/airflow/example_dags/example_skip_dag.py
[2023-11-28T00:56:35.730+0000] {processor.py:829} INFO - Processing file /usr/local/lib/python3.10/dist-packages/airflow/example_dags/example_skip_dag.py for tasks to queue
[2023-11-28T00:56:35.731+0000] {logging_mixin.py:154} INFO - [2023-11-28T00:56:35.731+0000] {dagbag.py:536} INFO - Filling up the DagBag from /usr/local/lib/python3.10/dist-packages/airflow/example_dags/example_skip_dag.py
[2023-11-28T00:56:35.739+0000] {processor.py:839} INFO - DAG(s) dict_keys(['example_skip_dag']) retrieved from /usr/local/lib/python3.10/dist-packages/airflow/example_dags/example_skip_dag.py
[2023-11-28T00:56:35.757+0000] {logging_mixin.py:154} INFO - [2023-11-28T00:56:35.757+0000] {dag.py:2941} INFO - Sync 1 DAGs
[2023-11-28T00:56:35.778+0000] {logging_mixin.py:154} INFO - [2023-11-28T00:56:35.778+0000] {dag.py:3722} INFO - Setting next_dagrun for example_skip_dag to 2023-11-27T00:56:35.778118+00:00, run_after=2023-11-28T00:56:35.778118+00:00
[2023-11-28T00:56:35.802+0000] {processor.py:179} INFO - Processing /usr/local/lib/python3.10/dist-packages/airflow/example_dags/example_skip_dag.py took 0.076 seconds
[2023-11-28T00:57:22.901+0000] {processor.py:157} INFO - Started process (PID=5397) to work on /usr/local/lib/python3.10/dist-packages/airflow/example_dags/example_skip_dag.py
[2023-11-28T00:57:22.902+0000] {processor.py:829} INFO - Processing file /usr/local/lib/python3.10/dist-packages/airflow/example_dags/example_skip_dag.py for tasks to queue
[2023-11-28T00:57:22.903+0000] {logging_mixin.py:154} INFO - [2023-11-28T00:57:22.903+0000] {dagbag.py:536} INFO - Filling up the DagBag from /usr/local/lib/python3.10/dist-packages/airflow/example_dags/example_skip_dag.py
[2023-11-28T00:57:22.912+0000] {processor.py:839} INFO - DAG(s) dict_keys(['example_skip_dag']) retrieved from /usr/local/lib/python3.10/dist-packages/airflow/example_dags/example_skip_dag.py
[2023-11-28T00:57:22.931+0000] {logging_mixin.py:154} INFO - [2023-11-28T00:57:22.931+0000] {dag.py:2941} INFO - Sync 1 DAGs
[2023-11-28T00:57:22.953+0000] {logging_mixin.py:154} INFO - [2023-11-28T00:57:22.953+0000] {dag.py:3722} INFO - Setting next_dagrun for example_skip_dag to 2023-11-27T00:57:22.952988+00:00, run_after=2023-11-28T00:57:22.952988+00:00
[2023-11-28T00:57:22.977+0000] {processor.py:179} INFO - Processing /usr/local/lib/python3.10/dist-packages/airflow/example_dags/example_skip_dag.py took 0.079 seconds
[2023-11-28T00:58:09.582+0000] {processor.py:157} INFO - Started process (PID=5444) to work on /usr/local/lib/python3.10/dist-packages/airflow/example_dags/example_skip_dag.py
[2023-11-28T00:58:09.584+0000] {processor.py:829} INFO - Processing file /usr/local/lib/python3.10/dist-packages/airflow/example_dags/example_skip_dag.py for tasks to queue
[2023-11-28T00:58:09.585+0000] {logging_mixin.py:154} INFO - [2023-11-28T00:58:09.584+0000] {dagbag.py:536} INFO - Filling up the DagBag from /usr/local/lib/python3.10/dist-packages/airflow/example_dags/example_skip_dag.py
[2023-11-28T00:58:09.593+0000] {processor.py:839} INFO - DAG(s) dict_keys(['example_skip_dag']) retrieved from /usr/local/lib/python3.10/dist-packages/airflow/example_dags/example_skip_dag.py
[2023-11-28T00:58:09.612+0000] {logging_mixin.py:154} INFO - [2023-11-28T00:58:09.611+0000] {dag.py:2941} INFO - Sync 1 DAGs
[2023-11-28T00:58:09.634+0000] {logging_mixin.py:154} INFO - [2023-11-28T00:58:09.634+0000] {dag.py:3722} INFO - Setting next_dagrun for example_skip_dag to 2023-11-27T00:58:09.633996+00:00, run_after=2023-11-28T00:58:09.633996+00:00
[2023-11-28T00:58:09.658+0000] {processor.py:179} INFO - Processing /usr/local/lib/python3.10/dist-packages/airflow/example_dags/example_skip_dag.py took 0.080 seconds
[2023-11-28T00:58:56.162+0000] {processor.py:157} INFO - Started process (PID=5491) to work on /usr/local/lib/python3.10/dist-packages/airflow/example_dags/example_skip_dag.py
[2023-11-28T00:58:56.164+0000] {processor.py:829} INFO - Processing file /usr/local/lib/python3.10/dist-packages/airflow/example_dags/example_skip_dag.py for tasks to queue
[2023-11-28T00:58:56.165+0000] {logging_mixin.py:154} INFO - [2023-11-28T00:58:56.165+0000] {dagbag.py:536} INFO - Filling up the DagBag from /usr/local/lib/python3.10/dist-packages/airflow/example_dags/example_skip_dag.py
[2023-11-28T00:58:56.173+0000] {processor.py:839} INFO - DAG(s) dict_keys(['example_skip_dag']) retrieved from /usr/local/lib/python3.10/dist-packages/airflow/example_dags/example_skip_dag.py
[2023-11-28T00:58:56.192+0000] {logging_mixin.py:154} INFO - [2023-11-28T00:58:56.192+0000] {dag.py:2941} INFO - Sync 1 DAGs
[2023-11-28T00:58:56.214+0000] {logging_mixin.py:154} INFO - [2023-11-28T00:58:56.213+0000] {dag.py:3722} INFO - Setting next_dagrun for example_skip_dag to 2023-11-27T00:58:56.213389+00:00, run_after=2023-11-28T00:58:56.213389+00:00
[2023-11-28T00:58:56.236+0000] {processor.py:179} INFO - Processing /usr/local/lib/python3.10/dist-packages/airflow/example_dags/example_skip_dag.py took 0.078 seconds
[2023-11-28T00:59:41.503+0000] {processor.py:157} INFO - Started process (PID=5539) to work on /usr/local/lib/python3.10/dist-packages/airflow/example_dags/example_skip_dag.py
[2023-11-28T00:59:41.504+0000] {processor.py:829} INFO - Processing file /usr/local/lib/python3.10/dist-packages/airflow/example_dags/example_skip_dag.py for tasks to queue
[2023-11-28T00:59:41.505+0000] {logging_mixin.py:154} INFO - [2023-11-28T00:59:41.505+0000] {dagbag.py:536} INFO - Filling up the DagBag from /usr/local/lib/python3.10/dist-packages/airflow/example_dags/example_skip_dag.py
[2023-11-28T00:59:41.513+0000] {processor.py:839} INFO - DAG(s) dict_keys(['example_skip_dag']) retrieved from /usr/local/lib/python3.10/dist-packages/airflow/example_dags/example_skip_dag.py
[2023-11-28T00:59:41.531+0000] {logging_mixin.py:154} INFO - [2023-11-28T00:59:41.531+0000] {dag.py:2941} INFO - Sync 1 DAGs
[2023-11-28T00:59:41.553+0000] {logging_mixin.py:154} INFO - [2023-11-28T00:59:41.552+0000] {dag.py:3722} INFO - Setting next_dagrun for example_skip_dag to 2023-11-27T00:59:41.552656+00:00, run_after=2023-11-28T00:59:41.552656+00:00
[2023-11-28T00:59:41.576+0000] {processor.py:179} INFO - Processing /usr/local/lib/python3.10/dist-packages/airflow/example_dags/example_skip_dag.py took 0.077 seconds
[2023-11-28T01:00:24.194+0000] {processor.py:157} INFO - Started process (PID=5583) to work on /usr/local/lib/python3.10/dist-packages/airflow/example_dags/example_skip_dag.py
[2023-11-28T01:00:24.196+0000] {processor.py:829} INFO - Processing file /usr/local/lib/python3.10/dist-packages/airflow/example_dags/example_skip_dag.py for tasks to queue
[2023-11-28T01:00:24.196+0000] {logging_mixin.py:154} INFO - [2023-11-28T01:00:24.196+0000] {dagbag.py:536} INFO - Filling up the DagBag from /usr/local/lib/python3.10/dist-packages/airflow/example_dags/example_skip_dag.py
[2023-11-28T01:00:24.205+0000] {processor.py:839} INFO - DAG(s) dict_keys(['example_skip_dag']) retrieved from /usr/local/lib/python3.10/dist-packages/airflow/example_dags/example_skip_dag.py
[2023-11-28T01:00:24.223+0000] {logging_mixin.py:154} INFO - [2023-11-28T01:00:24.223+0000] {dag.py:2941} INFO - Sync 1 DAGs
[2023-11-28T01:00:24.244+0000] {logging_mixin.py:154} INFO - [2023-11-28T01:00:24.244+0000] {dag.py:3722} INFO - Setting next_dagrun for example_skip_dag to 2023-11-27T01:00:24.244007+00:00, run_after=2023-11-28T01:00:24.244007+00:00
[2023-11-28T01:00:24.268+0000] {processor.py:179} INFO - Processing /usr/local/lib/python3.10/dist-packages/airflow/example_dags/example_skip_dag.py took 0.077 seconds
[2023-11-28T01:01:10.097+0000] {processor.py:157} INFO - Started process (PID=5631) to work on /usr/local/lib/python3.10/dist-packages/airflow/example_dags/example_skip_dag.py
[2023-11-28T01:01:10.098+0000] {processor.py:829} INFO - Processing file /usr/local/lib/python3.10/dist-packages/airflow/example_dags/example_skip_dag.py for tasks to queue
[2023-11-28T01:01:10.099+0000] {logging_mixin.py:154} INFO - [2023-11-28T01:01:10.099+0000] {dagbag.py:536} INFO - Filling up the DagBag from /usr/local/lib/python3.10/dist-packages/airflow/example_dags/example_skip_dag.py
[2023-11-28T01:01:10.108+0000] {processor.py:839} INFO - DAG(s) dict_keys(['example_skip_dag']) retrieved from /usr/local/lib/python3.10/dist-packages/airflow/example_dags/example_skip_dag.py
[2023-11-28T01:01:10.126+0000] {logging_mixin.py:154} INFO - [2023-11-28T01:01:10.126+0000] {dag.py:2941} INFO - Sync 1 DAGs
[2023-11-28T01:01:10.149+0000] {logging_mixin.py:154} INFO - [2023-11-28T01:01:10.149+0000] {dag.py:3722} INFO - Setting next_dagrun for example_skip_dag to 2023-11-27T01:01:10.149263+00:00, run_after=2023-11-28T01:01:10.149263+00:00
[2023-11-28T01:01:10.172+0000] {processor.py:179} INFO - Processing /usr/local/lib/python3.10/dist-packages/airflow/example_dags/example_skip_dag.py took 0.079 seconds
[2023-11-28T01:01:54.687+0000] {processor.py:157} INFO - Started process (PID=5677) to work on /usr/local/lib/python3.10/dist-packages/airflow/example_dags/example_skip_dag.py
[2023-11-28T01:01:54.689+0000] {processor.py:829} INFO - Processing file /usr/local/lib/python3.10/dist-packages/airflow/example_dags/example_skip_dag.py for tasks to queue
[2023-11-28T01:01:54.689+0000] {logging_mixin.py:154} INFO - [2023-11-28T01:01:54.689+0000] {dagbag.py:536} INFO - Filling up the DagBag from /usr/local/lib/python3.10/dist-packages/airflow/example_dags/example_skip_dag.py
[2023-11-28T01:01:54.697+0000] {processor.py:839} INFO - DAG(s) dict_keys(['example_skip_dag']) retrieved from /usr/local/lib/python3.10/dist-packages/airflow/example_dags/example_skip_dag.py
[2023-11-28T01:01:54.716+0000] {logging_mixin.py:154} INFO - [2023-11-28T01:01:54.715+0000] {dag.py:2941} INFO - Sync 1 DAGs
[2023-11-28T01:01:54.737+0000] {logging_mixin.py:154} INFO - [2023-11-28T01:01:54.737+0000] {dag.py:3722} INFO - Setting next_dagrun for example_skip_dag to 2023-11-27T01:01:54.737164+00:00, run_after=2023-11-28T01:01:54.737164+00:00
[2023-11-28T01:01:54.762+0000] {processor.py:179} INFO - Processing /usr/local/lib/python3.10/dist-packages/airflow/example_dags/example_skip_dag.py took 0.078 seconds
[2023-11-28T01:02:40.799+0000] {processor.py:157} INFO - Started process (PID=5726) to work on /usr/local/lib/python3.10/dist-packages/airflow/example_dags/example_skip_dag.py
[2023-11-28T01:02:40.800+0000] {processor.py:829} INFO - Processing file /usr/local/lib/python3.10/dist-packages/airflow/example_dags/example_skip_dag.py for tasks to queue
[2023-11-28T01:02:40.801+0000] {logging_mixin.py:154} INFO - [2023-11-28T01:02:40.800+0000] {dagbag.py:536} INFO - Filling up the DagBag from /usr/local/lib/python3.10/dist-packages/airflow/example_dags/example_skip_dag.py
[2023-11-28T01:02:40.809+0000] {processor.py:839} INFO - DAG(s) dict_keys(['example_skip_dag']) retrieved from /usr/local/lib/python3.10/dist-packages/airflow/example_dags/example_skip_dag.py
[2023-11-28T01:02:40.838+0000] {logging_mixin.py:154} INFO - [2023-11-28T01:02:40.838+0000] {dag.py:2941} INFO - Sync 1 DAGs
[2023-11-28T01:02:40.860+0000] {logging_mixin.py:154} INFO - [2023-11-28T01:02:40.860+0000] {dag.py:3722} INFO - Setting next_dagrun for example_skip_dag to 2023-11-27T01:02:40.859873+00:00, run_after=2023-11-28T01:02:40.859873+00:00
[2023-11-28T01:02:40.883+0000] {processor.py:179} INFO - Processing /usr/local/lib/python3.10/dist-packages/airflow/example_dags/example_skip_dag.py took 0.088 seconds
[2023-11-28T01:03:24.971+0000] {processor.py:157} INFO - Started process (PID=5771) to work on /usr/local/lib/python3.10/dist-packages/airflow/example_dags/example_skip_dag.py
[2023-11-28T01:03:24.972+0000] {processor.py:829} INFO - Processing file /usr/local/lib/python3.10/dist-packages/airflow/example_dags/example_skip_dag.py for tasks to queue
[2023-11-28T01:03:24.973+0000] {logging_mixin.py:154} INFO - [2023-11-28T01:03:24.972+0000] {dagbag.py:536} INFO - Filling up the DagBag from /usr/local/lib/python3.10/dist-packages/airflow/example_dags/example_skip_dag.py
[2023-11-28T01:03:24.981+0000] {processor.py:839} INFO - DAG(s) dict_keys(['example_skip_dag']) retrieved from /usr/local/lib/python3.10/dist-packages/airflow/example_dags/example_skip_dag.py
[2023-11-28T01:03:24.999+0000] {logging_mixin.py:154} INFO - [2023-11-28T01:03:24.998+0000] {dag.py:2941} INFO - Sync 1 DAGs
[2023-11-28T01:03:25.022+0000] {logging_mixin.py:154} INFO - [2023-11-28T01:03:25.022+0000] {dag.py:3722} INFO - Setting next_dagrun for example_skip_dag to 2023-11-27T01:03:25.021944+00:00, run_after=2023-11-28T01:03:25.021944+00:00
[2023-11-28T01:03:25.045+0000] {processor.py:179} INFO - Processing /usr/local/lib/python3.10/dist-packages/airflow/example_dags/example_skip_dag.py took 0.078 seconds
[2023-11-28T01:04:10.839+0000] {processor.py:157} INFO - Started process (PID=5931) to work on /usr/local/lib/python3.10/dist-packages/airflow/example_dags/example_skip_dag.py
[2023-11-28T01:04:10.841+0000] {processor.py:829} INFO - Processing file /usr/local/lib/python3.10/dist-packages/airflow/example_dags/example_skip_dag.py for tasks to queue
[2023-11-28T01:04:10.842+0000] {logging_mixin.py:154} INFO - [2023-11-28T01:04:10.841+0000] {dagbag.py:536} INFO - Filling up the DagBag from /usr/local/lib/python3.10/dist-packages/airflow/example_dags/example_skip_dag.py
[2023-11-28T01:04:10.850+0000] {processor.py:839} INFO - DAG(s) dict_keys(['example_skip_dag']) retrieved from /usr/local/lib/python3.10/dist-packages/airflow/example_dags/example_skip_dag.py
[2023-11-28T01:04:10.868+0000] {logging_mixin.py:154} INFO - [2023-11-28T01:04:10.868+0000] {dag.py:2941} INFO - Sync 1 DAGs
[2023-11-28T01:04:10.889+0000] {logging_mixin.py:154} INFO - [2023-11-28T01:04:10.889+0000] {dag.py:3722} INFO - Setting next_dagrun for example_skip_dag to 2023-11-27T01:04:10.889446+00:00, run_after=2023-11-28T01:04:10.889446+00:00
[2023-11-28T01:04:10.939+0000] {processor.py:179} INFO - Processing /usr/local/lib/python3.10/dist-packages/airflow/example_dags/example_skip_dag.py took 0.104 seconds
[2023-11-28T01:04:52.625+0000] {processor.py:157} INFO - Started process (PID=5977) to work on /usr/local/lib/python3.10/dist-packages/airflow/example_dags/example_skip_dag.py
[2023-11-28T01:04:52.626+0000] {processor.py:829} INFO - Processing file /usr/local/lib/python3.10/dist-packages/airflow/example_dags/example_skip_dag.py for tasks to queue
[2023-11-28T01:04:52.627+0000] {logging_mixin.py:154} INFO - [2023-11-28T01:04:52.627+0000] {dagbag.py:536} INFO - Filling up the DagBag from /usr/local/lib/python3.10/dist-packages/airflow/example_dags/example_skip_dag.py
[2023-11-28T01:04:52.635+0000] {processor.py:839} INFO - DAG(s) dict_keys(['example_skip_dag']) retrieved from /usr/local/lib/python3.10/dist-packages/airflow/example_dags/example_skip_dag.py
[2023-11-28T01:04:52.653+0000] {logging_mixin.py:154} INFO - [2023-11-28T01:04:52.652+0000] {dag.py:2941} INFO - Sync 1 DAGs
[2023-11-28T01:04:52.673+0000] {logging_mixin.py:154} INFO - [2023-11-28T01:04:52.672+0000] {dag.py:3722} INFO - Setting next_dagrun for example_skip_dag to 2023-11-27T01:04:52.672685+00:00, run_after=2023-11-28T01:04:52.672685+00:00
[2023-11-28T01:04:52.697+0000] {processor.py:179} INFO - Processing /usr/local/lib/python3.10/dist-packages/airflow/example_dags/example_skip_dag.py took 0.076 seconds
[2023-11-28T01:05:37.249+0000] {processor.py:157} INFO - Started process (PID=6023) to work on /usr/local/lib/python3.10/dist-packages/airflow/example_dags/example_skip_dag.py
[2023-11-28T01:05:37.250+0000] {processor.py:829} INFO - Processing file /usr/local/lib/python3.10/dist-packages/airflow/example_dags/example_skip_dag.py for tasks to queue
[2023-11-28T01:05:37.251+0000] {logging_mixin.py:154} INFO - [2023-11-28T01:05:37.251+0000] {dagbag.py:536} INFO - Filling up the DagBag from /usr/local/lib/python3.10/dist-packages/airflow/example_dags/example_skip_dag.py
[2023-11-28T01:05:37.260+0000] {processor.py:839} INFO - DAG(s) dict_keys(['example_skip_dag']) retrieved from /usr/local/lib/python3.10/dist-packages/airflow/example_dags/example_skip_dag.py
[2023-11-28T01:05:37.278+0000] {logging_mixin.py:154} INFO - [2023-11-28T01:05:37.278+0000] {dag.py:2941} INFO - Sync 1 DAGs
[2023-11-28T01:05:37.300+0000] {logging_mixin.py:154} INFO - [2023-11-28T01:05:37.300+0000] {dag.py:3722} INFO - Setting next_dagrun for example_skip_dag to 2023-11-27T01:05:37.300109+00:00, run_after=2023-11-28T01:05:37.300109+00:00
[2023-11-28T01:05:37.324+0000] {processor.py:179} INFO - Processing /usr/local/lib/python3.10/dist-packages/airflow/example_dags/example_skip_dag.py took 0.078 seconds
[2023-11-28T01:06:25.144+0000] {processor.py:157} INFO - Started process (PID=6072) to work on /usr/local/lib/python3.10/dist-packages/airflow/example_dags/example_skip_dag.py
[2023-11-28T01:06:25.146+0000] {processor.py:829} INFO - Processing file /usr/local/lib/python3.10/dist-packages/airflow/example_dags/example_skip_dag.py for tasks to queue
[2023-11-28T01:06:25.147+0000] {logging_mixin.py:154} INFO - [2023-11-28T01:06:25.147+0000] {dagbag.py:536} INFO - Filling up the DagBag from /usr/local/lib/python3.10/dist-packages/airflow/example_dags/example_skip_dag.py
[2023-11-28T01:06:25.155+0000] {processor.py:839} INFO - DAG(s) dict_keys(['example_skip_dag']) retrieved from /usr/local/lib/python3.10/dist-packages/airflow/example_dags/example_skip_dag.py
[2023-11-28T01:06:25.173+0000] {logging_mixin.py:154} INFO - [2023-11-28T01:06:25.173+0000] {dag.py:2941} INFO - Sync 1 DAGs
[2023-11-28T01:06:25.193+0000] {logging_mixin.py:154} INFO - [2023-11-28T01:06:25.193+0000] {dag.py:3722} INFO - Setting next_dagrun for example_skip_dag to 2023-11-27T01:06:25.193236+00:00, run_after=2023-11-28T01:06:25.193236+00:00
[2023-11-28T01:06:25.216+0000] {processor.py:179} INFO - Processing /usr/local/lib/python3.10/dist-packages/airflow/example_dags/example_skip_dag.py took 0.076 seconds
[2023-11-28T01:07:11.097+0000] {processor.py:157} INFO - Started process (PID=6118) to work on /usr/local/lib/python3.10/dist-packages/airflow/example_dags/example_skip_dag.py
[2023-11-28T01:07:11.099+0000] {processor.py:829} INFO - Processing file /usr/local/lib/python3.10/dist-packages/airflow/example_dags/example_skip_dag.py for tasks to queue
[2023-11-28T01:07:11.100+0000] {logging_mixin.py:154} INFO - [2023-11-28T01:07:11.099+0000] {dagbag.py:536} INFO - Filling up the DagBag from /usr/local/lib/python3.10/dist-packages/airflow/example_dags/example_skip_dag.py
[2023-11-28T01:07:11.108+0000] {processor.py:839} INFO - DAG(s) dict_keys(['example_skip_dag']) retrieved from /usr/local/lib/python3.10/dist-packages/airflow/example_dags/example_skip_dag.py
[2023-11-28T01:07:11.125+0000] {logging_mixin.py:154} INFO - [2023-11-28T01:07:11.125+0000] {dag.py:2941} INFO - Sync 1 DAGs
[2023-11-28T01:07:11.146+0000] {logging_mixin.py:154} INFO - [2023-11-28T01:07:11.146+0000] {dag.py:3722} INFO - Setting next_dagrun for example_skip_dag to 2023-11-27T01:07:11.146471+00:00, run_after=2023-11-28T01:07:11.146471+00:00
[2023-11-28T01:07:11.170+0000] {processor.py:179} INFO - Processing /usr/local/lib/python3.10/dist-packages/airflow/example_dags/example_skip_dag.py took 0.076 seconds
[2023-11-28T01:07:58.873+0000] {processor.py:157} INFO - Started process (PID=6167) to work on /usr/local/lib/python3.10/dist-packages/airflow/example_dags/example_skip_dag.py
[2023-11-28T01:07:58.875+0000] {processor.py:829} INFO - Processing file /usr/local/lib/python3.10/dist-packages/airflow/example_dags/example_skip_dag.py for tasks to queue
[2023-11-28T01:07:58.876+0000] {logging_mixin.py:154} INFO - [2023-11-28T01:07:58.875+0000] {dagbag.py:536} INFO - Filling up the DagBag from /usr/local/lib/python3.10/dist-packages/airflow/example_dags/example_skip_dag.py
[2023-11-28T01:07:58.883+0000] {processor.py:839} INFO - DAG(s) dict_keys(['example_skip_dag']) retrieved from /usr/local/lib/python3.10/dist-packages/airflow/example_dags/example_skip_dag.py
[2023-11-28T01:07:58.902+0000] {logging_mixin.py:154} INFO - [2023-11-28T01:07:58.901+0000] {dag.py:2941} INFO - Sync 1 DAGs
[2023-11-28T01:07:58.922+0000] {logging_mixin.py:154} INFO - [2023-11-28T01:07:58.922+0000] {dag.py:3722} INFO - Setting next_dagrun for example_skip_dag to 2023-11-27T01:07:58.922180+00:00, run_after=2023-11-28T01:07:58.922180+00:00
[2023-11-28T01:07:58.944+0000] {processor.py:179} INFO - Processing /usr/local/lib/python3.10/dist-packages/airflow/example_dags/example_skip_dag.py took 0.074 seconds
[2023-11-28T01:08:45.692+0000] {processor.py:157} INFO - Started process (PID=6218) to work on /usr/local/lib/python3.10/dist-packages/airflow/example_dags/example_skip_dag.py
[2023-11-28T01:08:45.694+0000] {processor.py:829} INFO - Processing file /usr/local/lib/python3.10/dist-packages/airflow/example_dags/example_skip_dag.py for tasks to queue
[2023-11-28T01:08:45.695+0000] {logging_mixin.py:154} INFO - [2023-11-28T01:08:45.694+0000] {dagbag.py:536} INFO - Filling up the DagBag from /usr/local/lib/python3.10/dist-packages/airflow/example_dags/example_skip_dag.py
[2023-11-28T01:08:45.703+0000] {processor.py:839} INFO - DAG(s) dict_keys(['example_skip_dag']) retrieved from /usr/local/lib/python3.10/dist-packages/airflow/example_dags/example_skip_dag.py
[2023-11-28T01:08:45.720+0000] {logging_mixin.py:154} INFO - [2023-11-28T01:08:45.720+0000] {dag.py:2941} INFO - Sync 1 DAGs
[2023-11-28T01:08:45.741+0000] {logging_mixin.py:154} INFO - [2023-11-28T01:08:45.741+0000] {dag.py:3722} INFO - Setting next_dagrun for example_skip_dag to 2023-11-27T01:08:45.741162+00:00, run_after=2023-11-28T01:08:45.741162+00:00
[2023-11-28T01:08:45.764+0000] {processor.py:179} INFO - Processing /usr/local/lib/python3.10/dist-packages/airflow/example_dags/example_skip_dag.py took 0.075 seconds
[2023-11-28T01:09:27.415+0000] {processor.py:157} INFO - Started process (PID=6263) to work on /usr/local/lib/python3.10/dist-packages/airflow/example_dags/example_skip_dag.py
[2023-11-28T01:09:27.416+0000] {processor.py:829} INFO - Processing file /usr/local/lib/python3.10/dist-packages/airflow/example_dags/example_skip_dag.py for tasks to queue
[2023-11-28T01:09:27.417+0000] {logging_mixin.py:154} INFO - [2023-11-28T01:09:27.417+0000] {dagbag.py:536} INFO - Filling up the DagBag from /usr/local/lib/python3.10/dist-packages/airflow/example_dags/example_skip_dag.py
[2023-11-28T01:09:27.425+0000] {processor.py:839} INFO - DAG(s) dict_keys(['example_skip_dag']) retrieved from /usr/local/lib/python3.10/dist-packages/airflow/example_dags/example_skip_dag.py
[2023-11-28T01:09:27.443+0000] {logging_mixin.py:154} INFO - [2023-11-28T01:09:27.443+0000] {dag.py:2941} INFO - Sync 1 DAGs
[2023-11-28T01:09:27.463+0000] {logging_mixin.py:154} INFO - [2023-11-28T01:09:27.463+0000] {dag.py:3722} INFO - Setting next_dagrun for example_skip_dag to 2023-11-27T01:09:27.463282+00:00, run_after=2023-11-28T01:09:27.463282+00:00
[2023-11-28T01:09:27.486+0000] {processor.py:179} INFO - Processing /usr/local/lib/python3.10/dist-packages/airflow/example_dags/example_skip_dag.py took 0.075 seconds
[2023-11-28T01:10:15.330+0000] {processor.py:157} INFO - Started process (PID=6311) to work on /usr/local/lib/python3.10/dist-packages/airflow/example_dags/example_skip_dag.py
[2023-11-28T01:10:15.331+0000] {processor.py:829} INFO - Processing file /usr/local/lib/python3.10/dist-packages/airflow/example_dags/example_skip_dag.py for tasks to queue
[2023-11-28T01:10:15.332+0000] {logging_mixin.py:154} INFO - [2023-11-28T01:10:15.332+0000] {dagbag.py:536} INFO - Filling up the DagBag from /usr/local/lib/python3.10/dist-packages/airflow/example_dags/example_skip_dag.py
[2023-11-28T01:10:15.340+0000] {processor.py:839} INFO - DAG(s) dict_keys(['example_skip_dag']) retrieved from /usr/local/lib/python3.10/dist-packages/airflow/example_dags/example_skip_dag.py
[2023-11-28T01:10:15.359+0000] {logging_mixin.py:154} INFO - [2023-11-28T01:10:15.359+0000] {dag.py:2941} INFO - Sync 1 DAGs
[2023-11-28T01:10:15.381+0000] {logging_mixin.py:154} INFO - [2023-11-28T01:10:15.381+0000] {dag.py:3722} INFO - Setting next_dagrun for example_skip_dag to 2023-11-27T01:10:15.381148+00:00, run_after=2023-11-28T01:10:15.381148+00:00
[2023-11-28T01:10:15.406+0000] {processor.py:179} INFO - Processing /usr/local/lib/python3.10/dist-packages/airflow/example_dags/example_skip_dag.py took 0.080 seconds
[2023-11-28T01:11:01.910+0000] {processor.py:157} INFO - Started process (PID=6359) to work on /usr/local/lib/python3.10/dist-packages/airflow/example_dags/example_skip_dag.py
[2023-11-28T01:11:01.912+0000] {processor.py:829} INFO - Processing file /usr/local/lib/python3.10/dist-packages/airflow/example_dags/example_skip_dag.py for tasks to queue
[2023-11-28T01:11:01.913+0000] {logging_mixin.py:154} INFO - [2023-11-28T01:11:01.912+0000] {dagbag.py:536} INFO - Filling up the DagBag from /usr/local/lib/python3.10/dist-packages/airflow/example_dags/example_skip_dag.py
[2023-11-28T01:11:01.921+0000] {processor.py:839} INFO - DAG(s) dict_keys(['example_skip_dag']) retrieved from /usr/local/lib/python3.10/dist-packages/airflow/example_dags/example_skip_dag.py
[2023-11-28T01:11:01.940+0000] {logging_mixin.py:154} INFO - [2023-11-28T01:11:01.940+0000] {dag.py:2941} INFO - Sync 1 DAGs
[2023-11-28T01:11:01.961+0000] {logging_mixin.py:154} INFO - [2023-11-28T01:11:01.961+0000] {dag.py:3722} INFO - Setting next_dagrun for example_skip_dag to 2023-11-27T01:11:01.961270+00:00, run_after=2023-11-28T01:11:01.961270+00:00
[2023-11-28T01:11:01.990+0000] {processor.py:179} INFO - Processing /usr/local/lib/python3.10/dist-packages/airflow/example_dags/example_skip_dag.py took 0.083 seconds
[2023-11-28T01:11:47.345+0000] {processor.py:157} INFO - Started process (PID=6406) to work on /usr/local/lib/python3.10/dist-packages/airflow/example_dags/example_skip_dag.py
[2023-11-28T01:11:47.347+0000] {processor.py:829} INFO - Processing file /usr/local/lib/python3.10/dist-packages/airflow/example_dags/example_skip_dag.py for tasks to queue
[2023-11-28T01:11:47.348+0000] {logging_mixin.py:154} INFO - [2023-11-28T01:11:47.347+0000] {dagbag.py:536} INFO - Filling up the DagBag from /usr/local/lib/python3.10/dist-packages/airflow/example_dags/example_skip_dag.py
[2023-11-28T01:11:47.356+0000] {processor.py:839} INFO - DAG(s) dict_keys(['example_skip_dag']) retrieved from /usr/local/lib/python3.10/dist-packages/airflow/example_dags/example_skip_dag.py
[2023-11-28T01:11:47.374+0000] {logging_mixin.py:154} INFO - [2023-11-28T01:11:47.374+0000] {dag.py:2941} INFO - Sync 1 DAGs
[2023-11-28T01:11:47.395+0000] {logging_mixin.py:154} INFO - [2023-11-28T01:11:47.395+0000] {dag.py:3722} INFO - Setting next_dagrun for example_skip_dag to 2023-11-27T01:11:47.394922+00:00, run_after=2023-11-28T01:11:47.394922+00:00
[2023-11-28T01:11:47.417+0000] {processor.py:179} INFO - Processing /usr/local/lib/python3.10/dist-packages/airflow/example_dags/example_skip_dag.py took 0.076 seconds
[2023-11-28T01:12:32.768+0000] {processor.py:157} INFO - Started process (PID=6454) to work on /usr/local/lib/python3.10/dist-packages/airflow/example_dags/example_skip_dag.py
[2023-11-28T01:12:32.770+0000] {processor.py:829} INFO - Processing file /usr/local/lib/python3.10/dist-packages/airflow/example_dags/example_skip_dag.py for tasks to queue
[2023-11-28T01:12:32.771+0000] {logging_mixin.py:154} INFO - [2023-11-28T01:12:32.770+0000] {dagbag.py:536} INFO - Filling up the DagBag from /usr/local/lib/python3.10/dist-packages/airflow/example_dags/example_skip_dag.py
[2023-11-28T01:12:32.779+0000] {processor.py:839} INFO - DAG(s) dict_keys(['example_skip_dag']) retrieved from /usr/local/lib/python3.10/dist-packages/airflow/example_dags/example_skip_dag.py
[2023-11-28T01:12:32.798+0000] {logging_mixin.py:154} INFO - [2023-11-28T01:12:32.798+0000] {dag.py:2941} INFO - Sync 1 DAGs
[2023-11-28T01:12:32.820+0000] {logging_mixin.py:154} INFO - [2023-11-28T01:12:32.819+0000] {dag.py:3722} INFO - Setting next_dagrun for example_skip_dag to 2023-11-27T01:12:32.819633+00:00, run_after=2023-11-28T01:12:32.819633+00:00
[2023-11-28T01:12:32.845+0000] {processor.py:179} INFO - Processing /usr/local/lib/python3.10/dist-packages/airflow/example_dags/example_skip_dag.py took 0.081 seconds
[2023-11-28T01:13:16.005+0000] {processor.py:157} INFO - Started process (PID=6498) to work on /usr/local/lib/python3.10/dist-packages/airflow/example_dags/example_skip_dag.py
[2023-11-28T01:13:16.006+0000] {processor.py:829} INFO - Processing file /usr/local/lib/python3.10/dist-packages/airflow/example_dags/example_skip_dag.py for tasks to queue
[2023-11-28T01:13:16.007+0000] {logging_mixin.py:154} INFO - [2023-11-28T01:13:16.007+0000] {dagbag.py:536} INFO - Filling up the DagBag from /usr/local/lib/python3.10/dist-packages/airflow/example_dags/example_skip_dag.py
[2023-11-28T01:13:16.015+0000] {processor.py:839} INFO - DAG(s) dict_keys(['example_skip_dag']) retrieved from /usr/local/lib/python3.10/dist-packages/airflow/example_dags/example_skip_dag.py
[2023-11-28T01:13:16.034+0000] {logging_mixin.py:154} INFO - [2023-11-28T01:13:16.034+0000] {dag.py:2941} INFO - Sync 1 DAGs
[2023-11-28T01:13:16.056+0000] {logging_mixin.py:154} INFO - [2023-11-28T01:13:16.056+0000] {dag.py:3722} INFO - Setting next_dagrun for example_skip_dag to 2023-11-27T01:13:16.056358+00:00, run_after=2023-11-28T01:13:16.056358+00:00
[2023-11-28T01:13:16.080+0000] {processor.py:179} INFO - Processing /usr/local/lib/python3.10/dist-packages/airflow/example_dags/example_skip_dag.py took 0.080 seconds
[2023-11-28T01:14:03.401+0000] {processor.py:157} INFO - Started process (PID=6546) to work on /usr/local/lib/python3.10/dist-packages/airflow/example_dags/example_skip_dag.py
[2023-11-28T01:14:03.402+0000] {processor.py:829} INFO - Processing file /usr/local/lib/python3.10/dist-packages/airflow/example_dags/example_skip_dag.py for tasks to queue
[2023-11-28T01:14:03.403+0000] {logging_mixin.py:154} INFO - [2023-11-28T01:14:03.402+0000] {dagbag.py:536} INFO - Filling up the DagBag from /usr/local/lib/python3.10/dist-packages/airflow/example_dags/example_skip_dag.py
[2023-11-28T01:14:03.411+0000] {processor.py:839} INFO - DAG(s) dict_keys(['example_skip_dag']) retrieved from /usr/local/lib/python3.10/dist-packages/airflow/example_dags/example_skip_dag.py
[2023-11-28T01:14:03.429+0000] {logging_mixin.py:154} INFO - [2023-11-28T01:14:03.429+0000] {dag.py:2941} INFO - Sync 1 DAGs
[2023-11-28T01:14:03.450+0000] {logging_mixin.py:154} INFO - [2023-11-28T01:14:03.450+0000] {dag.py:3722} INFO - Setting next_dagrun for example_skip_dag to 2023-11-27T01:14:03.450041+00:00, run_after=2023-11-28T01:14:03.450041+00:00
[2023-11-28T01:14:03.473+0000] {processor.py:179} INFO - Processing /usr/local/lib/python3.10/dist-packages/airflow/example_dags/example_skip_dag.py took 0.076 seconds
[2023-11-28T01:15:08.416+0000] {processor.py:157} INFO - Started process (PID=6622) to work on /usr/local/lib/python3.10/dist-packages/airflow/example_dags/example_skip_dag.py
[2023-11-28T01:15:08.417+0000] {processor.py:829} INFO - Processing file /usr/local/lib/python3.10/dist-packages/airflow/example_dags/example_skip_dag.py for tasks to queue
[2023-11-28T01:15:08.418+0000] {logging_mixin.py:154} INFO - [2023-11-28T01:15:08.418+0000] {dagbag.py:536} INFO - Filling up the DagBag from /usr/local/lib/python3.10/dist-packages/airflow/example_dags/example_skip_dag.py
[2023-11-28T01:15:08.429+0000] {processor.py:839} INFO - DAG(s) dict_keys(['example_skip_dag']) retrieved from /usr/local/lib/python3.10/dist-packages/airflow/example_dags/example_skip_dag.py
[2023-11-28T01:15:08.437+0000] {logging_mixin.py:154} INFO - [2023-11-28T01:15:08.437+0000] {dag.py:2941} INFO - Sync 1 DAGs
[2023-11-28T01:15:08.460+0000] {logging_mixin.py:154} INFO - [2023-11-28T01:15:08.460+0000] {dag.py:3722} INFO - Setting next_dagrun for example_skip_dag to 2023-11-27T01:15:08.459962+00:00, run_after=2023-11-28T01:15:08.459962+00:00
[2023-11-28T01:15:08.485+0000] {processor.py:179} INFO - Processing /usr/local/lib/python3.10/dist-packages/airflow/example_dags/example_skip_dag.py took 0.072 seconds
[2023-11-28T01:15:52.701+0000] {processor.py:157} INFO - Started process (PID=6669) to work on /usr/local/lib/python3.10/dist-packages/airflow/example_dags/example_skip_dag.py
[2023-11-28T01:15:52.703+0000] {processor.py:829} INFO - Processing file /usr/local/lib/python3.10/dist-packages/airflow/example_dags/example_skip_dag.py for tasks to queue
[2023-11-28T01:15:52.704+0000] {logging_mixin.py:154} INFO - [2023-11-28T01:15:52.703+0000] {dagbag.py:536} INFO - Filling up the DagBag from /usr/local/lib/python3.10/dist-packages/airflow/example_dags/example_skip_dag.py
[2023-11-28T01:15:52.712+0000] {processor.py:839} INFO - DAG(s) dict_keys(['example_skip_dag']) retrieved from /usr/local/lib/python3.10/dist-packages/airflow/example_dags/example_skip_dag.py
[2023-11-28T01:15:52.730+0000] {logging_mixin.py:154} INFO - [2023-11-28T01:15:52.729+0000] {dag.py:2941} INFO - Sync 1 DAGs
[2023-11-28T01:15:52.750+0000] {logging_mixin.py:154} INFO - [2023-11-28T01:15:52.750+0000] {dag.py:3722} INFO - Setting next_dagrun for example_skip_dag to 2023-11-27T01:15:52.750138+00:00, run_after=2023-11-28T01:15:52.750138+00:00
[2023-11-28T01:15:52.772+0000] {processor.py:179} INFO - Processing /usr/local/lib/python3.10/dist-packages/airflow/example_dags/example_skip_dag.py took 0.074 seconds
[2023-11-28T01:16:37.110+0000] {processor.py:157} INFO - Started process (PID=6714) to work on /usr/local/lib/python3.10/dist-packages/airflow/example_dags/example_skip_dag.py
[2023-11-28T01:16:37.111+0000] {processor.py:829} INFO - Processing file /usr/local/lib/python3.10/dist-packages/airflow/example_dags/example_skip_dag.py for tasks to queue
[2023-11-28T01:16:37.112+0000] {logging_mixin.py:154} INFO - [2023-11-28T01:16:37.111+0000] {dagbag.py:536} INFO - Filling up the DagBag from /usr/local/lib/python3.10/dist-packages/airflow/example_dags/example_skip_dag.py
[2023-11-28T01:16:37.120+0000] {processor.py:839} INFO - DAG(s) dict_keys(['example_skip_dag']) retrieved from /usr/local/lib/python3.10/dist-packages/airflow/example_dags/example_skip_dag.py
[2023-11-28T01:16:37.138+0000] {logging_mixin.py:154} INFO - [2023-11-28T01:16:37.138+0000] {dag.py:2941} INFO - Sync 1 DAGs
[2023-11-28T01:16:37.160+0000] {logging_mixin.py:154} INFO - [2023-11-28T01:16:37.160+0000] {dag.py:3722} INFO - Setting next_dagrun for example_skip_dag to 2023-11-27T01:16:37.159981+00:00, run_after=2023-11-28T01:16:37.159981+00:00
[2023-11-28T01:16:37.183+0000] {processor.py:179} INFO - Processing /usr/local/lib/python3.10/dist-packages/airflow/example_dags/example_skip_dag.py took 0.077 seconds
[2023-11-28T01:17:22.521+0000] {processor.py:157} INFO - Started process (PID=6768) to work on /usr/local/lib/python3.10/dist-packages/airflow/example_dags/example_skip_dag.py
[2023-11-28T01:17:22.522+0000] {processor.py:829} INFO - Processing file /usr/local/lib/python3.10/dist-packages/airflow/example_dags/example_skip_dag.py for tasks to queue
[2023-11-28T01:17:22.523+0000] {logging_mixin.py:154} INFO - [2023-11-28T01:17:22.523+0000] {dagbag.py:536} INFO - Filling up the DagBag from /usr/local/lib/python3.10/dist-packages/airflow/example_dags/example_skip_dag.py
[2023-11-28T01:17:22.531+0000] {processor.py:839} INFO - DAG(s) dict_keys(['example_skip_dag']) retrieved from /usr/local/lib/python3.10/dist-packages/airflow/example_dags/example_skip_dag.py
[2023-11-28T01:17:22.550+0000] {logging_mixin.py:154} INFO - [2023-11-28T01:17:22.550+0000] {dag.py:2941} INFO - Sync 1 DAGs
[2023-11-28T01:17:22.573+0000] {logging_mixin.py:154} INFO - [2023-11-28T01:17:22.572+0000] {dag.py:3722} INFO - Setting next_dagrun for example_skip_dag to 2023-11-27T01:17:22.572564+00:00, run_after=2023-11-28T01:17:22.572564+00:00
[2023-11-28T01:17:22.637+0000] {processor.py:179} INFO - Processing /usr/local/lib/python3.10/dist-packages/airflow/example_dags/example_skip_dag.py took 0.120 seconds
[2023-11-28T01:18:08.901+0000] {processor.py:157} INFO - Started process (PID=6816) to work on /usr/local/lib/python3.10/dist-packages/airflow/example_dags/example_skip_dag.py
[2023-11-28T01:18:08.902+0000] {processor.py:829} INFO - Processing file /usr/local/lib/python3.10/dist-packages/airflow/example_dags/example_skip_dag.py for tasks to queue
[2023-11-28T01:18:08.903+0000] {logging_mixin.py:154} INFO - [2023-11-28T01:18:08.902+0000] {dagbag.py:536} INFO - Filling up the DagBag from /usr/local/lib/python3.10/dist-packages/airflow/example_dags/example_skip_dag.py
[2023-11-28T01:18:08.911+0000] {processor.py:839} INFO - DAG(s) dict_keys(['example_skip_dag']) retrieved from /usr/local/lib/python3.10/dist-packages/airflow/example_dags/example_skip_dag.py
[2023-11-28T01:18:08.929+0000] {logging_mixin.py:154} INFO - [2023-11-28T01:18:08.929+0000] {dag.py:2941} INFO - Sync 1 DAGs
[2023-11-28T01:18:08.950+0000] {logging_mixin.py:154} INFO - [2023-11-28T01:18:08.950+0000] {dag.py:3722} INFO - Setting next_dagrun for example_skip_dag to 2023-11-27T01:18:08.950336+00:00, run_after=2023-11-28T01:18:08.950336+00:00
[2023-11-28T01:18:08.973+0000] {processor.py:179} INFO - Processing /usr/local/lib/python3.10/dist-packages/airflow/example_dags/example_skip_dag.py took 0.076 seconds
[2023-11-28T01:18:52.305+0000] {processor.py:157} INFO - Started process (PID=6859) to work on /usr/local/lib/python3.10/dist-packages/airflow/example_dags/example_skip_dag.py
[2023-11-28T01:18:52.306+0000] {processor.py:829} INFO - Processing file /usr/local/lib/python3.10/dist-packages/airflow/example_dags/example_skip_dag.py for tasks to queue
[2023-11-28T01:18:52.307+0000] {logging_mixin.py:154} INFO - [2023-11-28T01:18:52.307+0000] {dagbag.py:536} INFO - Filling up the DagBag from /usr/local/lib/python3.10/dist-packages/airflow/example_dags/example_skip_dag.py
[2023-11-28T01:18:52.315+0000] {processor.py:839} INFO - DAG(s) dict_keys(['example_skip_dag']) retrieved from /usr/local/lib/python3.10/dist-packages/airflow/example_dags/example_skip_dag.py
[2023-11-28T01:18:52.333+0000] {logging_mixin.py:154} INFO - [2023-11-28T01:18:52.332+0000] {dag.py:2941} INFO - Sync 1 DAGs
[2023-11-28T01:18:52.353+0000] {logging_mixin.py:154} INFO - [2023-11-28T01:18:52.352+0000] {dag.py:3722} INFO - Setting next_dagrun for example_skip_dag to 2023-11-27T01:18:52.352654+00:00, run_after=2023-11-28T01:18:52.352654+00:00
[2023-11-28T01:18:52.375+0000] {processor.py:179} INFO - Processing /usr/local/lib/python3.10/dist-packages/airflow/example_dags/example_skip_dag.py took 0.073 seconds
[2023-11-28T01:19:35.398+0000] {processor.py:157} INFO - Started process (PID=7025) to work on /usr/local/lib/python3.10/dist-packages/airflow/example_dags/example_skip_dag.py
[2023-11-28T01:19:35.399+0000] {processor.py:829} INFO - Processing file /usr/local/lib/python3.10/dist-packages/airflow/example_dags/example_skip_dag.py for tasks to queue
[2023-11-28T01:19:35.400+0000] {logging_mixin.py:154} INFO - [2023-11-28T01:19:35.399+0000] {dagbag.py:536} INFO - Filling up the DagBag from /usr/local/lib/python3.10/dist-packages/airflow/example_dags/example_skip_dag.py
[2023-11-28T01:19:35.408+0000] {processor.py:839} INFO - DAG(s) dict_keys(['example_skip_dag']) retrieved from /usr/local/lib/python3.10/dist-packages/airflow/example_dags/example_skip_dag.py
[2023-11-28T01:19:35.426+0000] {logging_mixin.py:154} INFO - [2023-11-28T01:19:35.425+0000] {dag.py:2941} INFO - Sync 1 DAGs
[2023-11-28T01:19:35.447+0000] {logging_mixin.py:154} INFO - [2023-11-28T01:19:35.447+0000] {dag.py:3722} INFO - Setting next_dagrun for example_skip_dag to 2023-11-27T01:19:35.446772+00:00, run_after=2023-11-28T01:19:35.446772+00:00
[2023-11-28T01:19:35.469+0000] {processor.py:179} INFO - Processing /usr/local/lib/python3.10/dist-packages/airflow/example_dags/example_skip_dag.py took 0.075 seconds
