[2023-11-28T00:44:14.817+0000] {processor.py:157} INFO - Started process (PID=3393) to work on /usr/local/lib/python3.10/dist-packages/airflow/example_dags/tutorial_taskflow_api.py
[2023-11-28T00:44:14.818+0000] {processor.py:829} INFO - Processing file /usr/local/lib/python3.10/dist-packages/airflow/example_dags/tutorial_taskflow_api.py for tasks to queue
[2023-11-28T00:44:14.818+0000] {logging_mixin.py:154} INFO - [2023-11-28T00:44:14.818+0000] {dagbag.py:536} INFO - Filling up the DagBag from /usr/local/lib/python3.10/dist-packages/airflow/example_dags/tutorial_taskflow_api.py
[2023-11-28T00:44:14.833+0000] {processor.py:839} INFO - DAG(s) dict_keys(['tutorial_taskflow_api']) retrieved from /usr/local/lib/python3.10/dist-packages/airflow/example_dags/tutorial_taskflow_api.py
[2023-11-28T00:44:14.950+0000] {logging_mixin.py:154} INFO - [2023-11-28T00:44:14.950+0000] {manager.py:499} INFO - Created Permission View: %s
[2023-11-28T00:44:14.963+0000] {logging_mixin.py:154} INFO - [2023-11-28T00:44:14.963+0000] {manager.py:499} INFO - Created Permission View: %s
[2023-11-28T00:44:14.973+0000] {logging_mixin.py:154} INFO - [2023-11-28T00:44:14.973+0000] {manager.py:499} INFO - Created Permission View: %s
[2023-11-28T00:44:14.974+0000] {logging_mixin.py:154} INFO - [2023-11-28T00:44:14.974+0000] {dag.py:2941} INFO - Sync 1 DAGs
[2023-11-28T00:44:14.986+0000] {logging_mixin.py:154} INFO - [2023-11-28T00:44:14.985+0000] {dag.py:2963} INFO - Creating ORM DAG for tutorial_taskflow_api
[2023-11-28T00:44:14.986+0000] {logging_mixin.py:154} INFO - [2023-11-28T00:44:14.986+0000] {dag.py:3722} INFO - Setting next_dagrun for tutorial_taskflow_api to None, run_after=None
[2023-11-28T00:44:15.012+0000] {processor.py:179} INFO - Processing /usr/local/lib/python3.10/dist-packages/airflow/example_dags/tutorial_taskflow_api.py took 0.199 seconds
[2023-11-28T00:45:10.886+0000] {processor.py:157} INFO - Started process (PID=3525) to work on /usr/local/lib/python3.10/dist-packages/airflow/example_dags/tutorial_taskflow_api.py
[2023-11-28T00:45:10.888+0000] {processor.py:829} INFO - Processing file /usr/local/lib/python3.10/dist-packages/airflow/example_dags/tutorial_taskflow_api.py for tasks to queue
[2023-11-28T00:45:10.889+0000] {logging_mixin.py:154} INFO - [2023-11-28T00:45:10.889+0000] {dagbag.py:536} INFO - Filling up the DagBag from /usr/local/lib/python3.10/dist-packages/airflow/example_dags/tutorial_taskflow_api.py
[2023-11-28T00:45:10.897+0000] {processor.py:839} INFO - DAG(s) dict_keys(['tutorial_taskflow_api']) retrieved from /usr/local/lib/python3.10/dist-packages/airflow/example_dags/tutorial_taskflow_api.py
[2023-11-28T00:45:10.914+0000] {logging_mixin.py:154} INFO - [2023-11-28T00:45:10.914+0000] {dag.py:2941} INFO - Sync 1 DAGs
[2023-11-28T00:45:10.926+0000] {logging_mixin.py:154} INFO - [2023-11-28T00:45:10.926+0000] {dag.py:3722} INFO - Setting next_dagrun for tutorial_taskflow_api to None, run_after=None
[2023-11-28T00:45:10.949+0000] {processor.py:179} INFO - Processing /usr/local/lib/python3.10/dist-packages/airflow/example_dags/tutorial_taskflow_api.py took 0.067 seconds
[2023-11-28T00:45:50.756+0000] {processor.py:157} INFO - Started process (PID=3576) to work on /usr/local/lib/python3.10/dist-packages/airflow/example_dags/tutorial_taskflow_api.py
[2023-11-28T00:45:50.757+0000] {processor.py:829} INFO - Processing file /usr/local/lib/python3.10/dist-packages/airflow/example_dags/tutorial_taskflow_api.py for tasks to queue
[2023-11-28T00:45:50.758+0000] {logging_mixin.py:154} INFO - [2023-11-28T00:45:50.758+0000] {dagbag.py:536} INFO - Filling up the DagBag from /usr/local/lib/python3.10/dist-packages/airflow/example_dags/tutorial_taskflow_api.py
[2023-11-28T00:45:50.765+0000] {processor.py:839} INFO - DAG(s) dict_keys(['tutorial_taskflow_api']) retrieved from /usr/local/lib/python3.10/dist-packages/airflow/example_dags/tutorial_taskflow_api.py
[2023-11-28T00:45:50.782+0000] {logging_mixin.py:154} INFO - [2023-11-28T00:45:50.782+0000] {dag.py:2941} INFO - Sync 1 DAGs
[2023-11-28T00:45:50.794+0000] {logging_mixin.py:154} INFO - [2023-11-28T00:45:50.794+0000] {dag.py:3722} INFO - Setting next_dagrun for tutorial_taskflow_api to None, run_after=None
[2023-11-28T00:45:50.818+0000] {processor.py:179} INFO - Processing /usr/local/lib/python3.10/dist-packages/airflow/example_dags/tutorial_taskflow_api.py took 0.065 seconds
[2023-11-28T00:46:31.536+0000] {processor.py:157} INFO - Started process (PID=3621) to work on /usr/local/lib/python3.10/dist-packages/airflow/example_dags/tutorial_taskflow_api.py
[2023-11-28T00:46:31.537+0000] {processor.py:829} INFO - Processing file /usr/local/lib/python3.10/dist-packages/airflow/example_dags/tutorial_taskflow_api.py for tasks to queue
[2023-11-28T00:46:31.538+0000] {logging_mixin.py:154} INFO - [2023-11-28T00:46:31.537+0000] {dagbag.py:536} INFO - Filling up the DagBag from /usr/local/lib/python3.10/dist-packages/airflow/example_dags/tutorial_taskflow_api.py
[2023-11-28T00:46:31.545+0000] {processor.py:839} INFO - DAG(s) dict_keys(['tutorial_taskflow_api']) retrieved from /usr/local/lib/python3.10/dist-packages/airflow/example_dags/tutorial_taskflow_api.py
[2023-11-28T00:46:31.562+0000] {logging_mixin.py:154} INFO - [2023-11-28T00:46:31.561+0000] {dag.py:2941} INFO - Sync 1 DAGs
[2023-11-28T00:46:31.574+0000] {logging_mixin.py:154} INFO - [2023-11-28T00:46:31.574+0000] {dag.py:3722} INFO - Setting next_dagrun for tutorial_taskflow_api to None, run_after=None
[2023-11-28T00:46:31.597+0000] {processor.py:179} INFO - Processing /usr/local/lib/python3.10/dist-packages/airflow/example_dags/tutorial_taskflow_api.py took 0.065 seconds
[2023-11-28T00:47:16.058+0000] {processor.py:157} INFO - Started process (PID=3669) to work on /usr/local/lib/python3.10/dist-packages/airflow/example_dags/tutorial_taskflow_api.py
[2023-11-28T00:47:16.060+0000] {processor.py:829} INFO - Processing file /usr/local/lib/python3.10/dist-packages/airflow/example_dags/tutorial_taskflow_api.py for tasks to queue
[2023-11-28T00:47:16.061+0000] {logging_mixin.py:154} INFO - [2023-11-28T00:47:16.060+0000] {dagbag.py:536} INFO - Filling up the DagBag from /usr/local/lib/python3.10/dist-packages/airflow/example_dags/tutorial_taskflow_api.py
[2023-11-28T00:47:16.068+0000] {processor.py:839} INFO - DAG(s) dict_keys(['tutorial_taskflow_api']) retrieved from /usr/local/lib/python3.10/dist-packages/airflow/example_dags/tutorial_taskflow_api.py
[2023-11-28T00:47:16.086+0000] {logging_mixin.py:154} INFO - [2023-11-28T00:47:16.086+0000] {dag.py:2941} INFO - Sync 1 DAGs
[2023-11-28T00:47:16.099+0000] {logging_mixin.py:154} INFO - [2023-11-28T00:47:16.098+0000] {dag.py:3722} INFO - Setting next_dagrun for tutorial_taskflow_api to None, run_after=None
[2023-11-28T00:47:16.121+0000] {processor.py:179} INFO - Processing /usr/local/lib/python3.10/dist-packages/airflow/example_dags/tutorial_taskflow_api.py took 0.067 seconds
[2023-11-28T00:48:00.494+0000] {processor.py:157} INFO - Started process (PID=3717) to work on /usr/local/lib/python3.10/dist-packages/airflow/example_dags/tutorial_taskflow_api.py
[2023-11-28T00:48:00.496+0000] {processor.py:829} INFO - Processing file /usr/local/lib/python3.10/dist-packages/airflow/example_dags/tutorial_taskflow_api.py for tasks to queue
[2023-11-28T00:48:00.497+0000] {logging_mixin.py:154} INFO - [2023-11-28T00:48:00.496+0000] {dagbag.py:536} INFO - Filling up the DagBag from /usr/local/lib/python3.10/dist-packages/airflow/example_dags/tutorial_taskflow_api.py
[2023-11-28T00:48:00.504+0000] {processor.py:839} INFO - DAG(s) dict_keys(['tutorial_taskflow_api']) retrieved from /usr/local/lib/python3.10/dist-packages/airflow/example_dags/tutorial_taskflow_api.py
[2023-11-28T00:48:00.521+0000] {logging_mixin.py:154} INFO - [2023-11-28T00:48:00.521+0000] {dag.py:2941} INFO - Sync 1 DAGs
[2023-11-28T00:48:00.534+0000] {logging_mixin.py:154} INFO - [2023-11-28T00:48:00.533+0000] {dag.py:3722} INFO - Setting next_dagrun for tutorial_taskflow_api to None, run_after=None
[2023-11-28T00:48:00.558+0000] {processor.py:179} INFO - Processing /usr/local/lib/python3.10/dist-packages/airflow/example_dags/tutorial_taskflow_api.py took 0.067 seconds
[2023-11-28T00:48:32.686+0000] {processor.py:157} INFO - Started process (PID=3750) to work on /usr/local/lib/python3.10/dist-packages/airflow/example_dags/tutorial_taskflow_api.py
[2023-11-28T00:48:32.688+0000] {processor.py:829} INFO - Processing file /usr/local/lib/python3.10/dist-packages/airflow/example_dags/tutorial_taskflow_api.py for tasks to queue
[2023-11-28T00:48:32.689+0000] {logging_mixin.py:154} INFO - [2023-11-28T00:48:32.688+0000] {dagbag.py:536} INFO - Filling up the DagBag from /usr/local/lib/python3.10/dist-packages/airflow/example_dags/tutorial_taskflow_api.py
[2023-11-28T00:48:32.696+0000] {processor.py:839} INFO - DAG(s) dict_keys(['tutorial_taskflow_api']) retrieved from /usr/local/lib/python3.10/dist-packages/airflow/example_dags/tutorial_taskflow_api.py
[2023-11-28T00:48:32.713+0000] {logging_mixin.py:154} INFO - [2023-11-28T00:48:32.713+0000] {dag.py:2941} INFO - Sync 1 DAGs
[2023-11-28T00:48:32.725+0000] {logging_mixin.py:154} INFO - [2023-11-28T00:48:32.725+0000] {dag.py:3722} INFO - Setting next_dagrun for tutorial_taskflow_api to None, run_after=None
[2023-11-28T00:48:32.748+0000] {processor.py:179} INFO - Processing /usr/local/lib/python3.10/dist-packages/airflow/example_dags/tutorial_taskflow_api.py took 0.065 seconds
[2023-11-28T00:49:02.978+0000] {processor.py:157} INFO - Started process (PID=3781) to work on /usr/local/lib/python3.10/dist-packages/airflow/example_dags/tutorial_taskflow_api.py
[2023-11-28T00:49:02.979+0000] {processor.py:829} INFO - Processing file /usr/local/lib/python3.10/dist-packages/airflow/example_dags/tutorial_taskflow_api.py for tasks to queue
[2023-11-28T00:49:02.980+0000] {logging_mixin.py:154} INFO - [2023-11-28T00:49:02.979+0000] {dagbag.py:536} INFO - Filling up the DagBag from /usr/local/lib/python3.10/dist-packages/airflow/example_dags/tutorial_taskflow_api.py
[2023-11-28T00:49:02.987+0000] {processor.py:839} INFO - DAG(s) dict_keys(['tutorial_taskflow_api']) retrieved from /usr/local/lib/python3.10/dist-packages/airflow/example_dags/tutorial_taskflow_api.py
[2023-11-28T00:49:03.004+0000] {logging_mixin.py:154} INFO - [2023-11-28T00:49:03.004+0000] {dag.py:2941} INFO - Sync 1 DAGs
[2023-11-28T00:49:03.017+0000] {logging_mixin.py:154} INFO - [2023-11-28T00:49:03.017+0000] {dag.py:3722} INFO - Setting next_dagrun for tutorial_taskflow_api to None, run_after=None
[2023-11-28T00:49:03.040+0000] {processor.py:179} INFO - Processing /usr/local/lib/python3.10/dist-packages/airflow/example_dags/tutorial_taskflow_api.py took 0.066 seconds
[2023-11-28T00:49:46.627+0000] {processor.py:157} INFO - Started process (PID=3827) to work on /usr/local/lib/python3.10/dist-packages/airflow/example_dags/tutorial_taskflow_api.py
[2023-11-28T00:49:46.629+0000] {processor.py:829} INFO - Processing file /usr/local/lib/python3.10/dist-packages/airflow/example_dags/tutorial_taskflow_api.py for tasks to queue
[2023-11-28T00:49:46.630+0000] {logging_mixin.py:154} INFO - [2023-11-28T00:49:46.629+0000] {dagbag.py:536} INFO - Filling up the DagBag from /usr/local/lib/python3.10/dist-packages/airflow/example_dags/tutorial_taskflow_api.py
[2023-11-28T00:49:46.637+0000] {processor.py:839} INFO - DAG(s) dict_keys(['tutorial_taskflow_api']) retrieved from /usr/local/lib/python3.10/dist-packages/airflow/example_dags/tutorial_taskflow_api.py
[2023-11-28T00:49:46.653+0000] {logging_mixin.py:154} INFO - [2023-11-28T00:49:46.653+0000] {dag.py:2941} INFO - Sync 1 DAGs
[2023-11-28T00:49:46.665+0000] {logging_mixin.py:154} INFO - [2023-11-28T00:49:46.665+0000] {dag.py:3722} INFO - Setting next_dagrun for tutorial_taskflow_api to None, run_after=None
[2023-11-28T00:49:46.687+0000] {processor.py:179} INFO - Processing /usr/local/lib/python3.10/dist-packages/airflow/example_dags/tutorial_taskflow_api.py took 0.063 seconds
[2023-11-28T00:50:18.555+0000] {processor.py:157} INFO - Started process (PID=3860) to work on /usr/local/lib/python3.10/dist-packages/airflow/example_dags/tutorial_taskflow_api.py
[2023-11-28T00:50:18.557+0000] {processor.py:829} INFO - Processing file /usr/local/lib/python3.10/dist-packages/airflow/example_dags/tutorial_taskflow_api.py for tasks to queue
[2023-11-28T00:50:18.557+0000] {logging_mixin.py:154} INFO - [2023-11-28T00:50:18.557+0000] {dagbag.py:536} INFO - Filling up the DagBag from /usr/local/lib/python3.10/dist-packages/airflow/example_dags/tutorial_taskflow_api.py
[2023-11-28T00:50:18.565+0000] {processor.py:839} INFO - DAG(s) dict_keys(['tutorial_taskflow_api']) retrieved from /usr/local/lib/python3.10/dist-packages/airflow/example_dags/tutorial_taskflow_api.py
[2023-11-28T00:50:18.582+0000] {logging_mixin.py:154} INFO - [2023-11-28T00:50:18.582+0000] {dag.py:2941} INFO - Sync 1 DAGs
[2023-11-28T00:50:18.594+0000] {logging_mixin.py:154} INFO - [2023-11-28T00:50:18.594+0000] {dag.py:3722} INFO - Setting next_dagrun for tutorial_taskflow_api to None, run_after=None
[2023-11-28T00:50:18.618+0000] {processor.py:179} INFO - Processing /usr/local/lib/python3.10/dist-packages/airflow/example_dags/tutorial_taskflow_api.py took 0.066 seconds
[2023-11-28T00:50:50.238+0000] {processor.py:157} INFO - Started process (PID=3892) to work on /usr/local/lib/python3.10/dist-packages/airflow/example_dags/tutorial_taskflow_api.py
[2023-11-28T00:50:50.239+0000] {processor.py:829} INFO - Processing file /usr/local/lib/python3.10/dist-packages/airflow/example_dags/tutorial_taskflow_api.py for tasks to queue
[2023-11-28T00:50:50.240+0000] {logging_mixin.py:154} INFO - [2023-11-28T00:50:50.240+0000] {dagbag.py:536} INFO - Filling up the DagBag from /usr/local/lib/python3.10/dist-packages/airflow/example_dags/tutorial_taskflow_api.py
[2023-11-28T00:50:50.248+0000] {processor.py:839} INFO - DAG(s) dict_keys(['tutorial_taskflow_api']) retrieved from /usr/local/lib/python3.10/dist-packages/airflow/example_dags/tutorial_taskflow_api.py
[2023-11-28T00:50:50.265+0000] {logging_mixin.py:154} INFO - [2023-11-28T00:50:50.265+0000] {dag.py:2941} INFO - Sync 1 DAGs
[2023-11-28T00:50:50.279+0000] {logging_mixin.py:154} INFO - [2023-11-28T00:50:50.278+0000] {dag.py:3722} INFO - Setting next_dagrun for tutorial_taskflow_api to None, run_after=None
[2023-11-28T00:50:50.302+0000] {processor.py:179} INFO - Processing /usr/local/lib/python3.10/dist-packages/airflow/example_dags/tutorial_taskflow_api.py took 0.068 seconds
[2023-11-28T00:51:21.212+0000] {processor.py:157} INFO - Started process (PID=3925) to work on /usr/local/lib/python3.10/dist-packages/airflow/example_dags/tutorial_taskflow_api.py
[2023-11-28T00:51:21.213+0000] {processor.py:829} INFO - Processing file /usr/local/lib/python3.10/dist-packages/airflow/example_dags/tutorial_taskflow_api.py for tasks to queue
[2023-11-28T00:51:21.214+0000] {logging_mixin.py:154} INFO - [2023-11-28T00:51:21.213+0000] {dagbag.py:536} INFO - Filling up the DagBag from /usr/local/lib/python3.10/dist-packages/airflow/example_dags/tutorial_taskflow_api.py
[2023-11-28T00:51:21.220+0000] {processor.py:839} INFO - DAG(s) dict_keys(['tutorial_taskflow_api']) retrieved from /usr/local/lib/python3.10/dist-packages/airflow/example_dags/tutorial_taskflow_api.py
[2023-11-28T00:51:21.237+0000] {logging_mixin.py:154} INFO - [2023-11-28T00:51:21.236+0000] {dag.py:2941} INFO - Sync 1 DAGs
[2023-11-28T00:51:21.249+0000] {logging_mixin.py:154} INFO - [2023-11-28T00:51:21.248+0000] {dag.py:3722} INFO - Setting next_dagrun for tutorial_taskflow_api to None, run_after=None
[2023-11-28T00:51:21.270+0000] {processor.py:179} INFO - Processing /usr/local/lib/python3.10/dist-packages/airflow/example_dags/tutorial_taskflow_api.py took 0.061 seconds
[2023-11-28T00:51:52.784+0000] {processor.py:157} INFO - Started process (PID=3957) to work on /usr/local/lib/python3.10/dist-packages/airflow/example_dags/tutorial_taskflow_api.py
[2023-11-28T00:51:52.785+0000] {processor.py:829} INFO - Processing file /usr/local/lib/python3.10/dist-packages/airflow/example_dags/tutorial_taskflow_api.py for tasks to queue
[2023-11-28T00:51:52.786+0000] {logging_mixin.py:154} INFO - [2023-11-28T00:51:52.786+0000] {dagbag.py:536} INFO - Filling up the DagBag from /usr/local/lib/python3.10/dist-packages/airflow/example_dags/tutorial_taskflow_api.py
[2023-11-28T00:51:52.793+0000] {processor.py:839} INFO - DAG(s) dict_keys(['tutorial_taskflow_api']) retrieved from /usr/local/lib/python3.10/dist-packages/airflow/example_dags/tutorial_taskflow_api.py
[2023-11-28T00:51:52.811+0000] {logging_mixin.py:154} INFO - [2023-11-28T00:51:52.811+0000] {dag.py:2941} INFO - Sync 1 DAGs
[2023-11-28T00:51:52.823+0000] {logging_mixin.py:154} INFO - [2023-11-28T00:51:52.823+0000] {dag.py:3722} INFO - Setting next_dagrun for tutorial_taskflow_api to None, run_after=None
[2023-11-28T00:51:52.846+0000] {processor.py:179} INFO - Processing /usr/local/lib/python3.10/dist-packages/airflow/example_dags/tutorial_taskflow_api.py took 0.066 seconds
[2023-11-28T00:52:23.110+0000] {processor.py:157} INFO - Started process (PID=4265) to work on /usr/local/lib/python3.10/dist-packages/airflow/example_dags/tutorial_taskflow_api.py
[2023-11-28T00:52:23.111+0000] {processor.py:829} INFO - Processing file /usr/local/lib/python3.10/dist-packages/airflow/example_dags/tutorial_taskflow_api.py for tasks to queue
[2023-11-28T00:52:23.112+0000] {logging_mixin.py:154} INFO - [2023-11-28T00:52:23.111+0000] {dagbag.py:536} INFO - Filling up the DagBag from /usr/local/lib/python3.10/dist-packages/airflow/example_dags/tutorial_taskflow_api.py
[2023-11-28T00:52:23.119+0000] {processor.py:839} INFO - DAG(s) dict_keys(['tutorial_taskflow_api']) retrieved from /usr/local/lib/python3.10/dist-packages/airflow/example_dags/tutorial_taskflow_api.py
[2023-11-28T00:52:23.135+0000] {logging_mixin.py:154} INFO - [2023-11-28T00:52:23.135+0000] {dag.py:2941} INFO - Sync 1 DAGs
[2023-11-28T00:52:23.147+0000] {logging_mixin.py:154} INFO - [2023-11-28T00:52:23.147+0000] {dag.py:3722} INFO - Setting next_dagrun for tutorial_taskflow_api to None, run_after=None
[2023-11-28T00:52:23.201+0000] {processor.py:179} INFO - Processing /usr/local/lib/python3.10/dist-packages/airflow/example_dags/tutorial_taskflow_api.py took 0.095 seconds
[2023-11-28T00:52:53.734+0000] {processor.py:157} INFO - Started process (PID=4404) to work on /usr/local/lib/python3.10/dist-packages/airflow/example_dags/tutorial_taskflow_api.py
[2023-11-28T00:52:53.736+0000] {processor.py:829} INFO - Processing file /usr/local/lib/python3.10/dist-packages/airflow/example_dags/tutorial_taskflow_api.py for tasks to queue
[2023-11-28T00:52:53.737+0000] {logging_mixin.py:154} INFO - [2023-11-28T00:52:53.736+0000] {dagbag.py:536} INFO - Filling up the DagBag from /usr/local/lib/python3.10/dist-packages/airflow/example_dags/tutorial_taskflow_api.py
[2023-11-28T00:52:53.744+0000] {processor.py:839} INFO - DAG(s) dict_keys(['tutorial_taskflow_api']) retrieved from /usr/local/lib/python3.10/dist-packages/airflow/example_dags/tutorial_taskflow_api.py
[2023-11-28T00:52:53.761+0000] {logging_mixin.py:154} INFO - [2023-11-28T00:52:53.761+0000] {dag.py:2941} INFO - Sync 1 DAGs
[2023-11-28T00:52:53.774+0000] {logging_mixin.py:154} INFO - [2023-11-28T00:52:53.774+0000] {dag.py:3722} INFO - Setting next_dagrun for tutorial_taskflow_api to None, run_after=None
[2023-11-28T00:52:53.797+0000] {processor.py:179} INFO - Processing /usr/local/lib/python3.10/dist-packages/airflow/example_dags/tutorial_taskflow_api.py took 0.066 seconds
[2023-11-28T00:53:25.248+0000] {processor.py:157} INFO - Started process (PID=4505) to work on /usr/local/lib/python3.10/dist-packages/airflow/example_dags/tutorial_taskflow_api.py
[2023-11-28T00:53:25.249+0000] {processor.py:829} INFO - Processing file /usr/local/lib/python3.10/dist-packages/airflow/example_dags/tutorial_taskflow_api.py for tasks to queue
[2023-11-28T00:53:25.250+0000] {logging_mixin.py:154} INFO - [2023-11-28T00:53:25.249+0000] {dagbag.py:536} INFO - Filling up the DagBag from /usr/local/lib/python3.10/dist-packages/airflow/example_dags/tutorial_taskflow_api.py
[2023-11-28T00:53:25.257+0000] {processor.py:839} INFO - DAG(s) dict_keys(['tutorial_taskflow_api']) retrieved from /usr/local/lib/python3.10/dist-packages/airflow/example_dags/tutorial_taskflow_api.py
[2023-11-28T00:53:25.274+0000] {logging_mixin.py:154} INFO - [2023-11-28T00:53:25.273+0000] {dag.py:2941} INFO - Sync 1 DAGs
[2023-11-28T00:53:25.286+0000] {logging_mixin.py:154} INFO - [2023-11-28T00:53:25.285+0000] {dag.py:3722} INFO - Setting next_dagrun for tutorial_taskflow_api to None, run_after=None
[2023-11-28T00:53:25.310+0000] {processor.py:179} INFO - Processing /usr/local/lib/python3.10/dist-packages/airflow/example_dags/tutorial_taskflow_api.py took 0.065 seconds
[2023-11-28T00:53:55.774+0000] {processor.py:157} INFO - Started process (PID=4771) to work on /usr/local/lib/python3.10/dist-packages/airflow/example_dags/tutorial_taskflow_api.py
[2023-11-28T00:53:55.775+0000] {processor.py:829} INFO - Processing file /usr/local/lib/python3.10/dist-packages/airflow/example_dags/tutorial_taskflow_api.py for tasks to queue
[2023-11-28T00:53:55.776+0000] {logging_mixin.py:154} INFO - [2023-11-28T00:53:55.776+0000] {dagbag.py:536} INFO - Filling up the DagBag from /usr/local/lib/python3.10/dist-packages/airflow/example_dags/tutorial_taskflow_api.py
[2023-11-28T00:53:55.783+0000] {processor.py:839} INFO - DAG(s) dict_keys(['tutorial_taskflow_api']) retrieved from /usr/local/lib/python3.10/dist-packages/airflow/example_dags/tutorial_taskflow_api.py
[2023-11-28T00:53:55.801+0000] {logging_mixin.py:154} INFO - [2023-11-28T00:53:55.800+0000] {dag.py:2941} INFO - Sync 1 DAGs
[2023-11-28T00:53:55.813+0000] {logging_mixin.py:154} INFO - [2023-11-28T00:53:55.813+0000] {dag.py:3722} INFO - Setting next_dagrun for tutorial_taskflow_api to None, run_after=None
[2023-11-28T00:53:55.836+0000] {processor.py:179} INFO - Processing /usr/local/lib/python3.10/dist-packages/airflow/example_dags/tutorial_taskflow_api.py took 0.065 seconds
[2023-11-28T00:54:39.216+0000] {processor.py:157} INFO - Started process (PID=4907) to work on /usr/local/lib/python3.10/dist-packages/airflow/example_dags/tutorial_taskflow_api.py
[2023-11-28T00:54:39.217+0000] {processor.py:829} INFO - Processing file /usr/local/lib/python3.10/dist-packages/airflow/example_dags/tutorial_taskflow_api.py for tasks to queue
[2023-11-28T00:54:39.218+0000] {logging_mixin.py:154} INFO - [2023-11-28T00:54:39.218+0000] {dagbag.py:536} INFO - Filling up the DagBag from /usr/local/lib/python3.10/dist-packages/airflow/example_dags/tutorial_taskflow_api.py
[2023-11-28T00:54:39.225+0000] {processor.py:839} INFO - DAG(s) dict_keys(['tutorial_taskflow_api']) retrieved from /usr/local/lib/python3.10/dist-packages/airflow/example_dags/tutorial_taskflow_api.py
[2023-11-28T00:54:39.242+0000] {logging_mixin.py:154} INFO - [2023-11-28T00:54:39.241+0000] {dag.py:2941} INFO - Sync 1 DAGs
[2023-11-28T00:54:39.254+0000] {logging_mixin.py:154} INFO - [2023-11-28T00:54:39.253+0000] {dag.py:3722} INFO - Setting next_dagrun for tutorial_taskflow_api to None, run_after=None
[2023-11-28T00:54:39.276+0000] {processor.py:179} INFO - Processing /usr/local/lib/python3.10/dist-packages/airflow/example_dags/tutorial_taskflow_api.py took 0.063 seconds
[2023-11-28T00:55:22.782+0000] {processor.py:157} INFO - Started process (PID=4952) to work on /usr/local/lib/python3.10/dist-packages/airflow/example_dags/tutorial_taskflow_api.py
[2023-11-28T00:55:22.784+0000] {processor.py:829} INFO - Processing file /usr/local/lib/python3.10/dist-packages/airflow/example_dags/tutorial_taskflow_api.py for tasks to queue
[2023-11-28T00:55:22.785+0000] {logging_mixin.py:154} INFO - [2023-11-28T00:55:22.784+0000] {dagbag.py:536} INFO - Filling up the DagBag from /usr/local/lib/python3.10/dist-packages/airflow/example_dags/tutorial_taskflow_api.py
[2023-11-28T00:55:22.792+0000] {processor.py:839} INFO - DAG(s) dict_keys(['tutorial_taskflow_api']) retrieved from /usr/local/lib/python3.10/dist-packages/airflow/example_dags/tutorial_taskflow_api.py
[2023-11-28T00:55:22.809+0000] {logging_mixin.py:154} INFO - [2023-11-28T00:55:22.809+0000] {dag.py:2941} INFO - Sync 1 DAGs
[2023-11-28T00:55:22.822+0000] {logging_mixin.py:154} INFO - [2023-11-28T00:55:22.821+0000] {dag.py:3722} INFO - Setting next_dagrun for tutorial_taskflow_api to None, run_after=None
[2023-11-28T00:55:22.845+0000] {processor.py:179} INFO - Processing /usr/local/lib/python3.10/dist-packages/airflow/example_dags/tutorial_taskflow_api.py took 0.066 seconds
[2023-11-28T00:55:55.112+0000] {processor.py:157} INFO - Started process (PID=5128) to work on /usr/local/lib/python3.10/dist-packages/airflow/example_dags/tutorial_taskflow_api.py
[2023-11-28T00:55:55.117+0000] {processor.py:829} INFO - Processing file /usr/local/lib/python3.10/dist-packages/airflow/example_dags/tutorial_taskflow_api.py for tasks to queue
[2023-11-28T00:55:55.118+0000] {logging_mixin.py:154} INFO - [2023-11-28T00:55:55.118+0000] {dagbag.py:536} INFO - Filling up the DagBag from /usr/local/lib/python3.10/dist-packages/airflow/example_dags/tutorial_taskflow_api.py
[2023-11-28T00:55:55.134+0000] {processor.py:839} INFO - DAG(s) dict_keys(['tutorial_taskflow_api']) retrieved from /usr/local/lib/python3.10/dist-packages/airflow/example_dags/tutorial_taskflow_api.py
[2023-11-28T00:55:55.169+0000] {logging_mixin.py:154} INFO - [2023-11-28T00:55:55.168+0000] {dag.py:2941} INFO - Sync 1 DAGs
[2023-11-28T00:55:55.198+0000] {logging_mixin.py:154} INFO - [2023-11-28T00:55:55.197+0000] {dag.py:3722} INFO - Setting next_dagrun for tutorial_taskflow_api to None, run_after=None
[2023-11-28T00:55:55.230+0000] {processor.py:179} INFO - Processing /usr/local/lib/python3.10/dist-packages/airflow/example_dags/tutorial_taskflow_api.py took 0.122 seconds
[2023-11-28T00:56:25.587+0000] {processor.py:157} INFO - Started process (PID=5335) to work on /usr/local/lib/python3.10/dist-packages/airflow/example_dags/tutorial_taskflow_api.py
[2023-11-28T00:56:25.589+0000] {processor.py:829} INFO - Processing file /usr/local/lib/python3.10/dist-packages/airflow/example_dags/tutorial_taskflow_api.py for tasks to queue
[2023-11-28T00:56:25.590+0000] {logging_mixin.py:154} INFO - [2023-11-28T00:56:25.589+0000] {dagbag.py:536} INFO - Filling up the DagBag from /usr/local/lib/python3.10/dist-packages/airflow/example_dags/tutorial_taskflow_api.py
[2023-11-28T00:56:25.597+0000] {processor.py:839} INFO - DAG(s) dict_keys(['tutorial_taskflow_api']) retrieved from /usr/local/lib/python3.10/dist-packages/airflow/example_dags/tutorial_taskflow_api.py
[2023-11-28T00:56:25.614+0000] {logging_mixin.py:154} INFO - [2023-11-28T00:56:25.614+0000] {dag.py:2941} INFO - Sync 1 DAGs
[2023-11-28T00:56:25.626+0000] {logging_mixin.py:154} INFO - [2023-11-28T00:56:25.626+0000] {dag.py:3722} INFO - Setting next_dagrun for tutorial_taskflow_api to None, run_after=None
[2023-11-28T00:56:25.649+0000] {processor.py:179} INFO - Processing /usr/local/lib/python3.10/dist-packages/airflow/example_dags/tutorial_taskflow_api.py took 0.065 seconds
[2023-11-28T00:56:57.159+0000] {processor.py:157} INFO - Started process (PID=5368) to work on /usr/local/lib/python3.10/dist-packages/airflow/example_dags/tutorial_taskflow_api.py
[2023-11-28T00:56:57.160+0000] {processor.py:829} INFO - Processing file /usr/local/lib/python3.10/dist-packages/airflow/example_dags/tutorial_taskflow_api.py for tasks to queue
[2023-11-28T00:56:57.161+0000] {logging_mixin.py:154} INFO - [2023-11-28T00:56:57.161+0000] {dagbag.py:536} INFO - Filling up the DagBag from /usr/local/lib/python3.10/dist-packages/airflow/example_dags/tutorial_taskflow_api.py
[2023-11-28T00:56:57.169+0000] {processor.py:839} INFO - DAG(s) dict_keys(['tutorial_taskflow_api']) retrieved from /usr/local/lib/python3.10/dist-packages/airflow/example_dags/tutorial_taskflow_api.py
[2023-11-28T00:56:57.186+0000] {logging_mixin.py:154} INFO - [2023-11-28T00:56:57.186+0000] {dag.py:2941} INFO - Sync 1 DAGs
[2023-11-28T00:56:57.199+0000] {logging_mixin.py:154} INFO - [2023-11-28T00:56:57.198+0000] {dag.py:3722} INFO - Setting next_dagrun for tutorial_taskflow_api to None, run_after=None
[2023-11-28T00:56:57.222+0000] {processor.py:179} INFO - Processing /usr/local/lib/python3.10/dist-packages/airflow/example_dags/tutorial_taskflow_api.py took 0.066 seconds
[2023-11-28T00:57:29.169+0000] {processor.py:157} INFO - Started process (PID=5403) to work on /usr/local/lib/python3.10/dist-packages/airflow/example_dags/tutorial_taskflow_api.py
[2023-11-28T00:57:29.170+0000] {processor.py:829} INFO - Processing file /usr/local/lib/python3.10/dist-packages/airflow/example_dags/tutorial_taskflow_api.py for tasks to queue
[2023-11-28T00:57:29.171+0000] {logging_mixin.py:154} INFO - [2023-11-28T00:57:29.171+0000] {dagbag.py:536} INFO - Filling up the DagBag from /usr/local/lib/python3.10/dist-packages/airflow/example_dags/tutorial_taskflow_api.py
[2023-11-28T00:57:29.178+0000] {processor.py:839} INFO - DAG(s) dict_keys(['tutorial_taskflow_api']) retrieved from /usr/local/lib/python3.10/dist-packages/airflow/example_dags/tutorial_taskflow_api.py
[2023-11-28T00:57:29.195+0000] {logging_mixin.py:154} INFO - [2023-11-28T00:57:29.195+0000] {dag.py:2941} INFO - Sync 1 DAGs
[2023-11-28T00:57:29.207+0000] {logging_mixin.py:154} INFO - [2023-11-28T00:57:29.206+0000] {dag.py:3722} INFO - Setting next_dagrun for tutorial_taskflow_api to None, run_after=None
[2023-11-28T00:57:29.228+0000] {processor.py:179} INFO - Processing /usr/local/lib/python3.10/dist-packages/airflow/example_dags/tutorial_taskflow_api.py took 0.063 seconds
[2023-11-28T00:58:00.180+0000] {processor.py:157} INFO - Started process (PID=5434) to work on /usr/local/lib/python3.10/dist-packages/airflow/example_dags/tutorial_taskflow_api.py
[2023-11-28T00:58:00.182+0000] {processor.py:829} INFO - Processing file /usr/local/lib/python3.10/dist-packages/airflow/example_dags/tutorial_taskflow_api.py for tasks to queue
[2023-11-28T00:58:00.183+0000] {logging_mixin.py:154} INFO - [2023-11-28T00:58:00.182+0000] {dagbag.py:536} INFO - Filling up the DagBag from /usr/local/lib/python3.10/dist-packages/airflow/example_dags/tutorial_taskflow_api.py
[2023-11-28T00:58:00.195+0000] {processor.py:839} INFO - DAG(s) dict_keys(['tutorial_taskflow_api']) retrieved from /usr/local/lib/python3.10/dist-packages/airflow/example_dags/tutorial_taskflow_api.py
[2023-11-28T00:58:00.214+0000] {logging_mixin.py:154} INFO - [2023-11-28T00:58:00.214+0000] {dag.py:2941} INFO - Sync 1 DAGs
[2023-11-28T00:58:00.229+0000] {logging_mixin.py:154} INFO - [2023-11-28T00:58:00.229+0000] {dag.py:3722} INFO - Setting next_dagrun for tutorial_taskflow_api to None, run_after=None
[2023-11-28T00:58:00.263+0000] {processor.py:179} INFO - Processing /usr/local/lib/python3.10/dist-packages/airflow/example_dags/tutorial_taskflow_api.py took 0.089 seconds
[2023-11-28T00:58:31.123+0000] {processor.py:157} INFO - Started process (PID=5466) to work on /usr/local/lib/python3.10/dist-packages/airflow/example_dags/tutorial_taskflow_api.py
[2023-11-28T00:58:31.124+0000] {processor.py:829} INFO - Processing file /usr/local/lib/python3.10/dist-packages/airflow/example_dags/tutorial_taskflow_api.py for tasks to queue
[2023-11-28T00:58:31.125+0000] {logging_mixin.py:154} INFO - [2023-11-28T00:58:31.124+0000] {dagbag.py:536} INFO - Filling up the DagBag from /usr/local/lib/python3.10/dist-packages/airflow/example_dags/tutorial_taskflow_api.py
[2023-11-28T00:58:31.132+0000] {processor.py:839} INFO - DAG(s) dict_keys(['tutorial_taskflow_api']) retrieved from /usr/local/lib/python3.10/dist-packages/airflow/example_dags/tutorial_taskflow_api.py
[2023-11-28T00:58:31.148+0000] {logging_mixin.py:154} INFO - [2023-11-28T00:58:31.148+0000] {dag.py:2941} INFO - Sync 1 DAGs
[2023-11-28T00:58:31.161+0000] {logging_mixin.py:154} INFO - [2023-11-28T00:58:31.161+0000] {dag.py:3722} INFO - Setting next_dagrun for tutorial_taskflow_api to None, run_after=None
[2023-11-28T00:58:31.183+0000] {processor.py:179} INFO - Processing /usr/local/lib/python3.10/dist-packages/airflow/example_dags/tutorial_taskflow_api.py took 0.064 seconds
[2023-11-28T00:59:02.111+0000] {processor.py:157} INFO - Started process (PID=5498) to work on /usr/local/lib/python3.10/dist-packages/airflow/example_dags/tutorial_taskflow_api.py
[2023-11-28T00:59:02.113+0000] {processor.py:829} INFO - Processing file /usr/local/lib/python3.10/dist-packages/airflow/example_dags/tutorial_taskflow_api.py for tasks to queue
[2023-11-28T00:59:02.114+0000] {logging_mixin.py:154} INFO - [2023-11-28T00:59:02.113+0000] {dagbag.py:536} INFO - Filling up the DagBag from /usr/local/lib/python3.10/dist-packages/airflow/example_dags/tutorial_taskflow_api.py
[2023-11-28T00:59:02.121+0000] {processor.py:839} INFO - DAG(s) dict_keys(['tutorial_taskflow_api']) retrieved from /usr/local/lib/python3.10/dist-packages/airflow/example_dags/tutorial_taskflow_api.py
[2023-11-28T00:59:02.139+0000] {logging_mixin.py:154} INFO - [2023-11-28T00:59:02.138+0000] {dag.py:2941} INFO - Sync 1 DAGs
[2023-11-28T00:59:02.152+0000] {logging_mixin.py:154} INFO - [2023-11-28T00:59:02.152+0000] {dag.py:3722} INFO - Setting next_dagrun for tutorial_taskflow_api to None, run_after=None
[2023-11-28T00:59:02.176+0000] {processor.py:179} INFO - Processing /usr/local/lib/python3.10/dist-packages/airflow/example_dags/tutorial_taskflow_api.py took 0.069 seconds
[2023-11-28T00:59:33.054+0000] {processor.py:157} INFO - Started process (PID=5531) to work on /usr/local/lib/python3.10/dist-packages/airflow/example_dags/tutorial_taskflow_api.py
[2023-11-28T00:59:33.055+0000] {processor.py:829} INFO - Processing file /usr/local/lib/python3.10/dist-packages/airflow/example_dags/tutorial_taskflow_api.py for tasks to queue
[2023-11-28T00:59:33.056+0000] {logging_mixin.py:154} INFO - [2023-11-28T00:59:33.056+0000] {dagbag.py:536} INFO - Filling up the DagBag from /usr/local/lib/python3.10/dist-packages/airflow/example_dags/tutorial_taskflow_api.py
[2023-11-28T00:59:33.063+0000] {processor.py:839} INFO - DAG(s) dict_keys(['tutorial_taskflow_api']) retrieved from /usr/local/lib/python3.10/dist-packages/airflow/example_dags/tutorial_taskflow_api.py
[2023-11-28T00:59:33.081+0000] {logging_mixin.py:154} INFO - [2023-11-28T00:59:33.081+0000] {dag.py:2941} INFO - Sync 1 DAGs
[2023-11-28T00:59:33.093+0000] {logging_mixin.py:154} INFO - [2023-11-28T00:59:33.093+0000] {dag.py:3722} INFO - Setting next_dagrun for tutorial_taskflow_api to None, run_after=None
[2023-11-28T00:59:33.117+0000] {processor.py:179} INFO - Processing /usr/local/lib/python3.10/dist-packages/airflow/example_dags/tutorial_taskflow_api.py took 0.067 seconds
[2023-11-28T01:00:15.616+0000] {processor.py:157} INFO - Started process (PID=5575) to work on /usr/local/lib/python3.10/dist-packages/airflow/example_dags/tutorial_taskflow_api.py
[2023-11-28T01:00:15.618+0000] {processor.py:829} INFO - Processing file /usr/local/lib/python3.10/dist-packages/airflow/example_dags/tutorial_taskflow_api.py for tasks to queue
[2023-11-28T01:00:15.619+0000] {logging_mixin.py:154} INFO - [2023-11-28T01:00:15.618+0000] {dagbag.py:536} INFO - Filling up the DagBag from /usr/local/lib/python3.10/dist-packages/airflow/example_dags/tutorial_taskflow_api.py
[2023-11-28T01:00:15.626+0000] {processor.py:839} INFO - DAG(s) dict_keys(['tutorial_taskflow_api']) retrieved from /usr/local/lib/python3.10/dist-packages/airflow/example_dags/tutorial_taskflow_api.py
[2023-11-28T01:00:15.644+0000] {logging_mixin.py:154} INFO - [2023-11-28T01:00:15.643+0000] {dag.py:2941} INFO - Sync 1 DAGs
[2023-11-28T01:00:15.656+0000] {logging_mixin.py:154} INFO - [2023-11-28T01:00:15.656+0000] {dag.py:3722} INFO - Setting next_dagrun for tutorial_taskflow_api to None, run_after=None
[2023-11-28T01:00:15.679+0000] {processor.py:179} INFO - Processing /usr/local/lib/python3.10/dist-packages/airflow/example_dags/tutorial_taskflow_api.py took 0.066 seconds
[2023-11-28T01:01:00.912+0000] {processor.py:157} INFO - Started process (PID=5621) to work on /usr/local/lib/python3.10/dist-packages/airflow/example_dags/tutorial_taskflow_api.py
[2023-11-28T01:01:00.913+0000] {processor.py:829} INFO - Processing file /usr/local/lib/python3.10/dist-packages/airflow/example_dags/tutorial_taskflow_api.py for tasks to queue
[2023-11-28T01:01:00.914+0000] {logging_mixin.py:154} INFO - [2023-11-28T01:01:00.914+0000] {dagbag.py:536} INFO - Filling up the DagBag from /usr/local/lib/python3.10/dist-packages/airflow/example_dags/tutorial_taskflow_api.py
[2023-11-28T01:01:00.922+0000] {processor.py:839} INFO - DAG(s) dict_keys(['tutorial_taskflow_api']) retrieved from /usr/local/lib/python3.10/dist-packages/airflow/example_dags/tutorial_taskflow_api.py
[2023-11-28T01:01:00.939+0000] {logging_mixin.py:154} INFO - [2023-11-28T01:01:00.939+0000] {dag.py:2941} INFO - Sync 1 DAGs
[2023-11-28T01:01:00.952+0000] {logging_mixin.py:154} INFO - [2023-11-28T01:01:00.952+0000] {dag.py:3722} INFO - Setting next_dagrun for tutorial_taskflow_api to None, run_after=None
[2023-11-28T01:01:00.974+0000] {processor.py:179} INFO - Processing /usr/local/lib/python3.10/dist-packages/airflow/example_dags/tutorial_taskflow_api.py took 0.066 seconds
[2023-11-28T01:01:45.550+0000] {processor.py:157} INFO - Started process (PID=5668) to work on /usr/local/lib/python3.10/dist-packages/airflow/example_dags/tutorial_taskflow_api.py
[2023-11-28T01:01:45.551+0000] {processor.py:829} INFO - Processing file /usr/local/lib/python3.10/dist-packages/airflow/example_dags/tutorial_taskflow_api.py for tasks to queue
[2023-11-28T01:01:45.552+0000] {logging_mixin.py:154} INFO - [2023-11-28T01:01:45.552+0000] {dagbag.py:536} INFO - Filling up the DagBag from /usr/local/lib/python3.10/dist-packages/airflow/example_dags/tutorial_taskflow_api.py
[2023-11-28T01:01:45.560+0000] {processor.py:839} INFO - DAG(s) dict_keys(['tutorial_taskflow_api']) retrieved from /usr/local/lib/python3.10/dist-packages/airflow/example_dags/tutorial_taskflow_api.py
[2023-11-28T01:01:45.577+0000] {logging_mixin.py:154} INFO - [2023-11-28T01:01:45.577+0000] {dag.py:2941} INFO - Sync 1 DAGs
[2023-11-28T01:01:45.590+0000] {logging_mixin.py:154} INFO - [2023-11-28T01:01:45.590+0000] {dag.py:3722} INFO - Setting next_dagrun for tutorial_taskflow_api to None, run_after=None
[2023-11-28T01:01:45.614+0000] {processor.py:179} INFO - Processing /usr/local/lib/python3.10/dist-packages/airflow/example_dags/tutorial_taskflow_api.py took 0.067 seconds
[2023-11-28T01:02:30.497+0000] {processor.py:157} INFO - Started process (PID=5715) to work on /usr/local/lib/python3.10/dist-packages/airflow/example_dags/tutorial_taskflow_api.py
[2023-11-28T01:02:30.499+0000] {processor.py:829} INFO - Processing file /usr/local/lib/python3.10/dist-packages/airflow/example_dags/tutorial_taskflow_api.py for tasks to queue
[2023-11-28T01:02:30.500+0000] {logging_mixin.py:154} INFO - [2023-11-28T01:02:30.499+0000] {dagbag.py:536} INFO - Filling up the DagBag from /usr/local/lib/python3.10/dist-packages/airflow/example_dags/tutorial_taskflow_api.py
[2023-11-28T01:02:30.507+0000] {processor.py:839} INFO - DAG(s) dict_keys(['tutorial_taskflow_api']) retrieved from /usr/local/lib/python3.10/dist-packages/airflow/example_dags/tutorial_taskflow_api.py
[2023-11-28T01:02:30.525+0000] {logging_mixin.py:154} INFO - [2023-11-28T01:02:30.524+0000] {dag.py:2941} INFO - Sync 1 DAGs
[2023-11-28T01:02:30.537+0000] {logging_mixin.py:154} INFO - [2023-11-28T01:02:30.537+0000] {dag.py:3722} INFO - Setting next_dagrun for tutorial_taskflow_api to None, run_after=None
[2023-11-28T01:02:30.560+0000] {processor.py:179} INFO - Processing /usr/local/lib/python3.10/dist-packages/airflow/example_dags/tutorial_taskflow_api.py took 0.067 seconds
[2023-11-28T01:03:14.659+0000] {processor.py:157} INFO - Started process (PID=5760) to work on /usr/local/lib/python3.10/dist-packages/airflow/example_dags/tutorial_taskflow_api.py
[2023-11-28T01:03:14.661+0000] {processor.py:829} INFO - Processing file /usr/local/lib/python3.10/dist-packages/airflow/example_dags/tutorial_taskflow_api.py for tasks to queue
[2023-11-28T01:03:14.662+0000] {logging_mixin.py:154} INFO - [2023-11-28T01:03:14.661+0000] {dagbag.py:536} INFO - Filling up the DagBag from /usr/local/lib/python3.10/dist-packages/airflow/example_dags/tutorial_taskflow_api.py
[2023-11-28T01:03:14.669+0000] {processor.py:839} INFO - DAG(s) dict_keys(['tutorial_taskflow_api']) retrieved from /usr/local/lib/python3.10/dist-packages/airflow/example_dags/tutorial_taskflow_api.py
[2023-11-28T01:03:14.686+0000] {logging_mixin.py:154} INFO - [2023-11-28T01:03:14.686+0000] {dag.py:2941} INFO - Sync 1 DAGs
[2023-11-28T01:03:14.699+0000] {logging_mixin.py:154} INFO - [2023-11-28T01:03:14.699+0000] {dag.py:3722} INFO - Setting next_dagrun for tutorial_taskflow_api to None, run_after=None
[2023-11-28T01:03:14.724+0000] {processor.py:179} INFO - Processing /usr/local/lib/python3.10/dist-packages/airflow/example_dags/tutorial_taskflow_api.py took 0.068 seconds
[2023-11-28T01:03:45.202+0000] {processor.py:157} INFO - Started process (PID=5906) to work on /usr/local/lib/python3.10/dist-packages/airflow/example_dags/tutorial_taskflow_api.py
[2023-11-28T01:03:45.203+0000] {processor.py:829} INFO - Processing file /usr/local/lib/python3.10/dist-packages/airflow/example_dags/tutorial_taskflow_api.py for tasks to queue
[2023-11-28T01:03:45.204+0000] {logging_mixin.py:154} INFO - [2023-11-28T01:03:45.203+0000] {dagbag.py:536} INFO - Filling up the DagBag from /usr/local/lib/python3.10/dist-packages/airflow/example_dags/tutorial_taskflow_api.py
[2023-11-28T01:03:45.211+0000] {processor.py:839} INFO - DAG(s) dict_keys(['tutorial_taskflow_api']) retrieved from /usr/local/lib/python3.10/dist-packages/airflow/example_dags/tutorial_taskflow_api.py
[2023-11-28T01:03:45.229+0000] {logging_mixin.py:154} INFO - [2023-11-28T01:03:45.229+0000] {dag.py:2941} INFO - Sync 1 DAGs
[2023-11-28T01:03:45.242+0000] {logging_mixin.py:154} INFO - [2023-11-28T01:03:45.242+0000] {dag.py:3722} INFO - Setting next_dagrun for tutorial_taskflow_api to None, run_after=None
[2023-11-28T01:03:45.265+0000] {processor.py:179} INFO - Processing /usr/local/lib/python3.10/dist-packages/airflow/example_dags/tutorial_taskflow_api.py took 0.067 seconds
[2023-11-28T01:04:15.386+0000] {processor.py:157} INFO - Started process (PID=5937) to work on /usr/local/lib/python3.10/dist-packages/airflow/example_dags/tutorial_taskflow_api.py
[2023-11-28T01:04:15.389+0000] {processor.py:829} INFO - Processing file /usr/local/lib/python3.10/dist-packages/airflow/example_dags/tutorial_taskflow_api.py for tasks to queue
[2023-11-28T01:04:15.390+0000] {logging_mixin.py:154} INFO - [2023-11-28T01:04:15.389+0000] {dagbag.py:536} INFO - Filling up the DagBag from /usr/local/lib/python3.10/dist-packages/airflow/example_dags/tutorial_taskflow_api.py
[2023-11-28T01:04:15.397+0000] {processor.py:839} INFO - DAG(s) dict_keys(['tutorial_taskflow_api']) retrieved from /usr/local/lib/python3.10/dist-packages/airflow/example_dags/tutorial_taskflow_api.py
[2023-11-28T01:04:15.414+0000] {logging_mixin.py:154} INFO - [2023-11-28T01:04:15.414+0000] {dag.py:2941} INFO - Sync 1 DAGs
[2023-11-28T01:04:15.427+0000] {logging_mixin.py:154} INFO - [2023-11-28T01:04:15.427+0000] {dag.py:3722} INFO - Setting next_dagrun for tutorial_taskflow_api to None, run_after=None
[2023-11-28T01:04:15.449+0000] {processor.py:179} INFO - Processing /usr/local/lib/python3.10/dist-packages/airflow/example_dags/tutorial_taskflow_api.py took 0.067 seconds
[2023-11-28T01:04:58.931+0000] {processor.py:157} INFO - Started process (PID=5983) to work on /usr/local/lib/python3.10/dist-packages/airflow/example_dags/tutorial_taskflow_api.py
[2023-11-28T01:04:58.933+0000] {processor.py:829} INFO - Processing file /usr/local/lib/python3.10/dist-packages/airflow/example_dags/tutorial_taskflow_api.py for tasks to queue
[2023-11-28T01:04:58.934+0000] {logging_mixin.py:154} INFO - [2023-11-28T01:04:58.933+0000] {dagbag.py:536} INFO - Filling up the DagBag from /usr/local/lib/python3.10/dist-packages/airflow/example_dags/tutorial_taskflow_api.py
[2023-11-28T01:04:58.941+0000] {processor.py:839} INFO - DAG(s) dict_keys(['tutorial_taskflow_api']) retrieved from /usr/local/lib/python3.10/dist-packages/airflow/example_dags/tutorial_taskflow_api.py
[2023-11-28T01:04:58.957+0000] {logging_mixin.py:154} INFO - [2023-11-28T01:04:58.957+0000] {dag.py:2941} INFO - Sync 1 DAGs
[2023-11-28T01:04:58.969+0000] {logging_mixin.py:154} INFO - [2023-11-28T01:04:58.969+0000] {dag.py:3722} INFO - Setting next_dagrun for tutorial_taskflow_api to None, run_after=None
[2023-11-28T01:04:58.991+0000] {processor.py:179} INFO - Processing /usr/local/lib/python3.10/dist-packages/airflow/example_dags/tutorial_taskflow_api.py took 0.063 seconds
[2023-11-28T01:05:43.372+0000] {processor.py:157} INFO - Started process (PID=6030) to work on /usr/local/lib/python3.10/dist-packages/airflow/example_dags/tutorial_taskflow_api.py
[2023-11-28T01:05:43.373+0000] {processor.py:829} INFO - Processing file /usr/local/lib/python3.10/dist-packages/airflow/example_dags/tutorial_taskflow_api.py for tasks to queue
[2023-11-28T01:05:43.374+0000] {logging_mixin.py:154} INFO - [2023-11-28T01:05:43.374+0000] {dagbag.py:536} INFO - Filling up the DagBag from /usr/local/lib/python3.10/dist-packages/airflow/example_dags/tutorial_taskflow_api.py
[2023-11-28T01:05:43.382+0000] {processor.py:839} INFO - DAG(s) dict_keys(['tutorial_taskflow_api']) retrieved from /usr/local/lib/python3.10/dist-packages/airflow/example_dags/tutorial_taskflow_api.py
[2023-11-28T01:05:43.399+0000] {logging_mixin.py:154} INFO - [2023-11-28T01:05:43.399+0000] {dag.py:2941} INFO - Sync 1 DAGs
[2023-11-28T01:05:43.412+0000] {logging_mixin.py:154} INFO - [2023-11-28T01:05:43.412+0000] {dag.py:3722} INFO - Setting next_dagrun for tutorial_taskflow_api to None, run_after=None
[2023-11-28T01:05:43.438+0000] {processor.py:179} INFO - Processing /usr/local/lib/python3.10/dist-packages/airflow/example_dags/tutorial_taskflow_api.py took 0.069 seconds
[2023-11-28T01:06:16.045+0000] {processor.py:157} INFO - Started process (PID=6062) to work on /usr/local/lib/python3.10/dist-packages/airflow/example_dags/tutorial_taskflow_api.py
[2023-11-28T01:06:16.047+0000] {processor.py:829} INFO - Processing file /usr/local/lib/python3.10/dist-packages/airflow/example_dags/tutorial_taskflow_api.py for tasks to queue
[2023-11-28T01:06:16.048+0000] {logging_mixin.py:154} INFO - [2023-11-28T01:06:16.047+0000] {dagbag.py:536} INFO - Filling up the DagBag from /usr/local/lib/python3.10/dist-packages/airflow/example_dags/tutorial_taskflow_api.py
[2023-11-28T01:06:16.055+0000] {processor.py:839} INFO - DAG(s) dict_keys(['tutorial_taskflow_api']) retrieved from /usr/local/lib/python3.10/dist-packages/airflow/example_dags/tutorial_taskflow_api.py
[2023-11-28T01:06:16.072+0000] {logging_mixin.py:154} INFO - [2023-11-28T01:06:16.071+0000] {dag.py:2941} INFO - Sync 1 DAGs
[2023-11-28T01:06:16.083+0000] {logging_mixin.py:154} INFO - [2023-11-28T01:06:16.083+0000] {dag.py:3722} INFO - Setting next_dagrun for tutorial_taskflow_api to None, run_after=None
[2023-11-28T01:06:16.108+0000] {processor.py:179} INFO - Processing /usr/local/lib/python3.10/dist-packages/airflow/example_dags/tutorial_taskflow_api.py took 0.067 seconds
[2023-11-28T01:07:00.591+0000] {processor.py:157} INFO - Started process (PID=6108) to work on /usr/local/lib/python3.10/dist-packages/airflow/example_dags/tutorial_taskflow_api.py
[2023-11-28T01:07:00.593+0000] {processor.py:829} INFO - Processing file /usr/local/lib/python3.10/dist-packages/airflow/example_dags/tutorial_taskflow_api.py for tasks to queue
[2023-11-28T01:07:00.594+0000] {logging_mixin.py:154} INFO - [2023-11-28T01:07:00.593+0000] {dagbag.py:536} INFO - Filling up the DagBag from /usr/local/lib/python3.10/dist-packages/airflow/example_dags/tutorial_taskflow_api.py
[2023-11-28T01:07:00.601+0000] {processor.py:839} INFO - DAG(s) dict_keys(['tutorial_taskflow_api']) retrieved from /usr/local/lib/python3.10/dist-packages/airflow/example_dags/tutorial_taskflow_api.py
[2023-11-28T01:07:00.618+0000] {logging_mixin.py:154} INFO - [2023-11-28T01:07:00.618+0000] {dag.py:2941} INFO - Sync 1 DAGs
[2023-11-28T01:07:00.630+0000] {logging_mixin.py:154} INFO - [2023-11-28T01:07:00.629+0000] {dag.py:3722} INFO - Setting next_dagrun for tutorial_taskflow_api to None, run_after=None
[2023-11-28T01:07:00.652+0000] {processor.py:179} INFO - Processing /usr/local/lib/python3.10/dist-packages/airflow/example_dags/tutorial_taskflow_api.py took 0.065 seconds
[2023-11-28T01:07:34.580+0000] {processor.py:157} INFO - Started process (PID=6142) to work on /usr/local/lib/python3.10/dist-packages/airflow/example_dags/tutorial_taskflow_api.py
[2023-11-28T01:07:34.580+0000] {processor.py:829} INFO - Processing file /usr/local/lib/python3.10/dist-packages/airflow/example_dags/tutorial_taskflow_api.py for tasks to queue
[2023-11-28T01:07:34.581+0000] {logging_mixin.py:154} INFO - [2023-11-28T01:07:34.581+0000] {dagbag.py:536} INFO - Filling up the DagBag from /usr/local/lib/python3.10/dist-packages/airflow/example_dags/tutorial_taskflow_api.py
[2023-11-28T01:07:34.589+0000] {processor.py:839} INFO - DAG(s) dict_keys(['tutorial_taskflow_api']) retrieved from /usr/local/lib/python3.10/dist-packages/airflow/example_dags/tutorial_taskflow_api.py
[2023-11-28T01:07:34.606+0000] {logging_mixin.py:154} INFO - [2023-11-28T01:07:34.606+0000] {dag.py:2941} INFO - Sync 1 DAGs
[2023-11-28T01:07:34.618+0000] {logging_mixin.py:154} INFO - [2023-11-28T01:07:34.618+0000] {dag.py:3722} INFO - Setting next_dagrun for tutorial_taskflow_api to None, run_after=None
[2023-11-28T01:07:34.641+0000] {processor.py:179} INFO - Processing /usr/local/lib/python3.10/dist-packages/airflow/example_dags/tutorial_taskflow_api.py took 0.065 seconds
[2023-11-28T01:08:06.405+0000] {processor.py:157} INFO - Started process (PID=6175) to work on /usr/local/lib/python3.10/dist-packages/airflow/example_dags/tutorial_taskflow_api.py
[2023-11-28T01:08:06.407+0000] {processor.py:829} INFO - Processing file /usr/local/lib/python3.10/dist-packages/airflow/example_dags/tutorial_taskflow_api.py for tasks to queue
[2023-11-28T01:08:06.408+0000] {logging_mixin.py:154} INFO - [2023-11-28T01:08:06.408+0000] {dagbag.py:536} INFO - Filling up the DagBag from /usr/local/lib/python3.10/dist-packages/airflow/example_dags/tutorial_taskflow_api.py
[2023-11-28T01:08:06.415+0000] {processor.py:839} INFO - DAG(s) dict_keys(['tutorial_taskflow_api']) retrieved from /usr/local/lib/python3.10/dist-packages/airflow/example_dags/tutorial_taskflow_api.py
[2023-11-28T01:08:06.432+0000] {logging_mixin.py:154} INFO - [2023-11-28T01:08:06.432+0000] {dag.py:2941} INFO - Sync 1 DAGs
[2023-11-28T01:08:06.445+0000] {logging_mixin.py:154} INFO - [2023-11-28T01:08:06.444+0000] {dag.py:3722} INFO - Setting next_dagrun for tutorial_taskflow_api to None, run_after=None
[2023-11-28T01:08:06.468+0000] {processor.py:179} INFO - Processing /usr/local/lib/python3.10/dist-packages/airflow/example_dags/tutorial_taskflow_api.py took 0.066 seconds
[2023-11-28T01:08:38.976+0000] {processor.py:157} INFO - Started process (PID=6210) to work on /usr/local/lib/python3.10/dist-packages/airflow/example_dags/tutorial_taskflow_api.py
[2023-11-28T01:08:38.978+0000] {processor.py:829} INFO - Processing file /usr/local/lib/python3.10/dist-packages/airflow/example_dags/tutorial_taskflow_api.py for tasks to queue
[2023-11-28T01:08:38.979+0000] {logging_mixin.py:154} INFO - [2023-11-28T01:08:38.978+0000] {dagbag.py:536} INFO - Filling up the DagBag from /usr/local/lib/python3.10/dist-packages/airflow/example_dags/tutorial_taskflow_api.py
[2023-11-28T01:08:38.986+0000] {processor.py:839} INFO - DAG(s) dict_keys(['tutorial_taskflow_api']) retrieved from /usr/local/lib/python3.10/dist-packages/airflow/example_dags/tutorial_taskflow_api.py
[2023-11-28T01:08:39.004+0000] {logging_mixin.py:154} INFO - [2023-11-28T01:08:39.003+0000] {dag.py:2941} INFO - Sync 1 DAGs
[2023-11-28T01:08:39.017+0000] {logging_mixin.py:154} INFO - [2023-11-28T01:08:39.017+0000] {dag.py:3722} INFO - Setting next_dagrun for tutorial_taskflow_api to None, run_after=None
[2023-11-28T01:08:39.042+0000] {processor.py:179} INFO - Processing /usr/local/lib/python3.10/dist-packages/airflow/example_dags/tutorial_taskflow_api.py took 0.069 seconds
[2023-11-28T01:09:20.110+0000] {processor.py:157} INFO - Started process (PID=6254) to work on /usr/local/lib/python3.10/dist-packages/airflow/example_dags/tutorial_taskflow_api.py
[2023-11-28T01:09:20.112+0000] {processor.py:829} INFO - Processing file /usr/local/lib/python3.10/dist-packages/airflow/example_dags/tutorial_taskflow_api.py for tasks to queue
[2023-11-28T01:09:20.113+0000] {logging_mixin.py:154} INFO - [2023-11-28T01:09:20.112+0000] {dagbag.py:536} INFO - Filling up the DagBag from /usr/local/lib/python3.10/dist-packages/airflow/example_dags/tutorial_taskflow_api.py
[2023-11-28T01:09:20.120+0000] {processor.py:839} INFO - DAG(s) dict_keys(['tutorial_taskflow_api']) retrieved from /usr/local/lib/python3.10/dist-packages/airflow/example_dags/tutorial_taskflow_api.py
[2023-11-28T01:09:20.137+0000] {logging_mixin.py:154} INFO - [2023-11-28T01:09:20.137+0000] {dag.py:2941} INFO - Sync 1 DAGs
[2023-11-28T01:09:20.150+0000] {logging_mixin.py:154} INFO - [2023-11-28T01:09:20.149+0000] {dag.py:3722} INFO - Setting next_dagrun for tutorial_taskflow_api to None, run_after=None
[2023-11-28T01:09:20.172+0000] {processor.py:179} INFO - Processing /usr/local/lib/python3.10/dist-packages/airflow/example_dags/tutorial_taskflow_api.py took 0.065 seconds
[2023-11-28T01:09:51.228+0000] {processor.py:157} INFO - Started process (PID=6286) to work on /usr/local/lib/python3.10/dist-packages/airflow/example_dags/tutorial_taskflow_api.py
[2023-11-28T01:09:51.228+0000] {processor.py:829} INFO - Processing file /usr/local/lib/python3.10/dist-packages/airflow/example_dags/tutorial_taskflow_api.py for tasks to queue
[2023-11-28T01:09:51.229+0000] {logging_mixin.py:154} INFO - [2023-11-28T01:09:51.229+0000] {dagbag.py:536} INFO - Filling up the DagBag from /usr/local/lib/python3.10/dist-packages/airflow/example_dags/tutorial_taskflow_api.py
[2023-11-28T01:09:51.236+0000] {processor.py:839} INFO - DAG(s) dict_keys(['tutorial_taskflow_api']) retrieved from /usr/local/lib/python3.10/dist-packages/airflow/example_dags/tutorial_taskflow_api.py
[2023-11-28T01:09:51.253+0000] {logging_mixin.py:154} INFO - [2023-11-28T01:09:51.253+0000] {dag.py:2941} INFO - Sync 1 DAGs
[2023-11-28T01:09:51.265+0000] {logging_mixin.py:154} INFO - [2023-11-28T01:09:51.265+0000] {dag.py:3722} INFO - Setting next_dagrun for tutorial_taskflow_api to None, run_after=None
[2023-11-28T01:09:51.287+0000] {processor.py:179} INFO - Processing /usr/local/lib/python3.10/dist-packages/airflow/example_dags/tutorial_taskflow_api.py took 0.063 seconds
[2023-11-28T01:10:22.349+0000] {processor.py:157} INFO - Started process (PID=6319) to work on /usr/local/lib/python3.10/dist-packages/airflow/example_dags/tutorial_taskflow_api.py
[2023-11-28T01:10:22.350+0000] {processor.py:829} INFO - Processing file /usr/local/lib/python3.10/dist-packages/airflow/example_dags/tutorial_taskflow_api.py for tasks to queue
[2023-11-28T01:10:22.351+0000] {logging_mixin.py:154} INFO - [2023-11-28T01:10:22.351+0000] {dagbag.py:536} INFO - Filling up the DagBag from /usr/local/lib/python3.10/dist-packages/airflow/example_dags/tutorial_taskflow_api.py
[2023-11-28T01:10:22.359+0000] {processor.py:839} INFO - DAG(s) dict_keys(['tutorial_taskflow_api']) retrieved from /usr/local/lib/python3.10/dist-packages/airflow/example_dags/tutorial_taskflow_api.py
[2023-11-28T01:10:22.377+0000] {logging_mixin.py:154} INFO - [2023-11-28T01:10:22.376+0000] {dag.py:2941} INFO - Sync 1 DAGs
[2023-11-28T01:10:22.389+0000] {logging_mixin.py:154} INFO - [2023-11-28T01:10:22.389+0000] {dag.py:3722} INFO - Setting next_dagrun for tutorial_taskflow_api to None, run_after=None
[2023-11-28T01:10:22.412+0000] {processor.py:179} INFO - Processing /usr/local/lib/python3.10/dist-packages/airflow/example_dags/tutorial_taskflow_api.py took 0.067 seconds
[2023-11-28T01:10:53.357+0000] {processor.py:157} INFO - Started process (PID=6350) to work on /usr/local/lib/python3.10/dist-packages/airflow/example_dags/tutorial_taskflow_api.py
[2023-11-28T01:10:53.358+0000] {processor.py:829} INFO - Processing file /usr/local/lib/python3.10/dist-packages/airflow/example_dags/tutorial_taskflow_api.py for tasks to queue
[2023-11-28T01:10:53.359+0000] {logging_mixin.py:154} INFO - [2023-11-28T01:10:53.359+0000] {dagbag.py:536} INFO - Filling up the DagBag from /usr/local/lib/python3.10/dist-packages/airflow/example_dags/tutorial_taskflow_api.py
[2023-11-28T01:10:53.366+0000] {processor.py:839} INFO - DAG(s) dict_keys(['tutorial_taskflow_api']) retrieved from /usr/local/lib/python3.10/dist-packages/airflow/example_dags/tutorial_taskflow_api.py
[2023-11-28T01:10:53.383+0000] {logging_mixin.py:154} INFO - [2023-11-28T01:10:53.383+0000] {dag.py:2941} INFO - Sync 1 DAGs
[2023-11-28T01:10:53.396+0000] {logging_mixin.py:154} INFO - [2023-11-28T01:10:53.395+0000] {dag.py:3722} INFO - Setting next_dagrun for tutorial_taskflow_api to None, run_after=None
[2023-11-28T01:10:53.419+0000] {processor.py:179} INFO - Processing /usr/local/lib/python3.10/dist-packages/airflow/example_dags/tutorial_taskflow_api.py took 0.066 seconds
[2023-11-28T01:11:25.379+0000] {processor.py:157} INFO - Started process (PID=6383) to work on /usr/local/lib/python3.10/dist-packages/airflow/example_dags/tutorial_taskflow_api.py
[2023-11-28T01:11:25.380+0000] {processor.py:829} INFO - Processing file /usr/local/lib/python3.10/dist-packages/airflow/example_dags/tutorial_taskflow_api.py for tasks to queue
[2023-11-28T01:11:25.381+0000] {logging_mixin.py:154} INFO - [2023-11-28T01:11:25.381+0000] {dagbag.py:536} INFO - Filling up the DagBag from /usr/local/lib/python3.10/dist-packages/airflow/example_dags/tutorial_taskflow_api.py
[2023-11-28T01:11:25.388+0000] {processor.py:839} INFO - DAG(s) dict_keys(['tutorial_taskflow_api']) retrieved from /usr/local/lib/python3.10/dist-packages/airflow/example_dags/tutorial_taskflow_api.py
[2023-11-28T01:11:25.405+0000] {logging_mixin.py:154} INFO - [2023-11-28T01:11:25.405+0000] {dag.py:2941} INFO - Sync 1 DAGs
[2023-11-28T01:11:25.418+0000] {logging_mixin.py:154} INFO - [2023-11-28T01:11:25.417+0000] {dag.py:3722} INFO - Setting next_dagrun for tutorial_taskflow_api to None, run_after=None
[2023-11-28T01:11:25.440+0000] {processor.py:179} INFO - Processing /usr/local/lib/python3.10/dist-packages/airflow/example_dags/tutorial_taskflow_api.py took 0.065 seconds
[2023-11-28T01:12:10.670+0000] {processor.py:157} INFO - Started process (PID=6429) to work on /usr/local/lib/python3.10/dist-packages/airflow/example_dags/tutorial_taskflow_api.py
[2023-11-28T01:12:10.671+0000] {processor.py:829} INFO - Processing file /usr/local/lib/python3.10/dist-packages/airflow/example_dags/tutorial_taskflow_api.py for tasks to queue
[2023-11-28T01:12:10.672+0000] {logging_mixin.py:154} INFO - [2023-11-28T01:12:10.672+0000] {dagbag.py:536} INFO - Filling up the DagBag from /usr/local/lib/python3.10/dist-packages/airflow/example_dags/tutorial_taskflow_api.py
[2023-11-28T01:12:10.679+0000] {processor.py:839} INFO - DAG(s) dict_keys(['tutorial_taskflow_api']) retrieved from /usr/local/lib/python3.10/dist-packages/airflow/example_dags/tutorial_taskflow_api.py
[2023-11-28T01:12:10.697+0000] {logging_mixin.py:154} INFO - [2023-11-28T01:12:10.697+0000] {dag.py:2941} INFO - Sync 1 DAGs
[2023-11-28T01:12:10.710+0000] {logging_mixin.py:154} INFO - [2023-11-28T01:12:10.710+0000] {dag.py:3722} INFO - Setting next_dagrun for tutorial_taskflow_api to None, run_after=None
[2023-11-28T01:12:10.735+0000] {processor.py:179} INFO - Processing /usr/local/lib/python3.10/dist-packages/airflow/example_dags/tutorial_taskflow_api.py took 0.068 seconds
[2023-11-28T01:12:54.262+0000] {processor.py:157} INFO - Started process (PID=6476) to work on /usr/local/lib/python3.10/dist-packages/airflow/example_dags/tutorial_taskflow_api.py
[2023-11-28T01:12:54.263+0000] {processor.py:829} INFO - Processing file /usr/local/lib/python3.10/dist-packages/airflow/example_dags/tutorial_taskflow_api.py for tasks to queue
[2023-11-28T01:12:54.264+0000] {logging_mixin.py:154} INFO - [2023-11-28T01:12:54.264+0000] {dagbag.py:536} INFO - Filling up the DagBag from /usr/local/lib/python3.10/dist-packages/airflow/example_dags/tutorial_taskflow_api.py
[2023-11-28T01:12:54.271+0000] {processor.py:839} INFO - DAG(s) dict_keys(['tutorial_taskflow_api']) retrieved from /usr/local/lib/python3.10/dist-packages/airflow/example_dags/tutorial_taskflow_api.py
[2023-11-28T01:12:54.289+0000] {logging_mixin.py:154} INFO - [2023-11-28T01:12:54.289+0000] {dag.py:2941} INFO - Sync 1 DAGs
[2023-11-28T01:12:54.302+0000] {logging_mixin.py:154} INFO - [2023-11-28T01:12:54.302+0000] {dag.py:3722} INFO - Setting next_dagrun for tutorial_taskflow_api to None, run_after=None
[2023-11-28T01:12:54.323+0000] {processor.py:179} INFO - Processing /usr/local/lib/python3.10/dist-packages/airflow/example_dags/tutorial_taskflow_api.py took 0.065 seconds
[2023-11-28T01:13:39.576+0000] {processor.py:157} INFO - Started process (PID=6521) to work on /usr/local/lib/python3.10/dist-packages/airflow/example_dags/tutorial_taskflow_api.py
[2023-11-28T01:13:39.577+0000] {processor.py:829} INFO - Processing file /usr/local/lib/python3.10/dist-packages/airflow/example_dags/tutorial_taskflow_api.py for tasks to queue
[2023-11-28T01:13:39.578+0000] {logging_mixin.py:154} INFO - [2023-11-28T01:13:39.578+0000] {dagbag.py:536} INFO - Filling up the DagBag from /usr/local/lib/python3.10/dist-packages/airflow/example_dags/tutorial_taskflow_api.py
[2023-11-28T01:13:39.585+0000] {processor.py:839} INFO - DAG(s) dict_keys(['tutorial_taskflow_api']) retrieved from /usr/local/lib/python3.10/dist-packages/airflow/example_dags/tutorial_taskflow_api.py
[2023-11-28T01:13:39.602+0000] {logging_mixin.py:154} INFO - [2023-11-28T01:13:39.602+0000] {dag.py:2941} INFO - Sync 1 DAGs
[2023-11-28T01:13:39.615+0000] {logging_mixin.py:154} INFO - [2023-11-28T01:13:39.615+0000] {dag.py:3722} INFO - Setting next_dagrun for tutorial_taskflow_api to None, run_after=None
[2023-11-28T01:13:39.638+0000] {processor.py:179} INFO - Processing /usr/local/lib/python3.10/dist-packages/airflow/example_dags/tutorial_taskflow_api.py took 0.066 seconds
[2023-11-28T01:14:13.829+0000] {processor.py:157} INFO - Started process (PID=6557) to work on /usr/local/lib/python3.10/dist-packages/airflow/example_dags/tutorial_taskflow_api.py
[2023-11-28T01:14:13.832+0000] {processor.py:829} INFO - Processing file /usr/local/lib/python3.10/dist-packages/airflow/example_dags/tutorial_taskflow_api.py for tasks to queue
[2023-11-28T01:14:13.833+0000] {logging_mixin.py:154} INFO - [2023-11-28T01:14:13.832+0000] {dagbag.py:536} INFO - Filling up the DagBag from /usr/local/lib/python3.10/dist-packages/airflow/example_dags/tutorial_taskflow_api.py
[2023-11-28T01:14:13.840+0000] {processor.py:839} INFO - DAG(s) dict_keys(['tutorial_taskflow_api']) retrieved from /usr/local/lib/python3.10/dist-packages/airflow/example_dags/tutorial_taskflow_api.py
[2023-11-28T01:14:13.857+0000] {logging_mixin.py:154} INFO - [2023-11-28T01:14:13.857+0000] {dag.py:2941} INFO - Sync 1 DAGs
[2023-11-28T01:14:13.870+0000] {logging_mixin.py:154} INFO - [2023-11-28T01:14:13.870+0000] {dag.py:3722} INFO - Setting next_dagrun for tutorial_taskflow_api to None, run_after=None
[2023-11-28T01:14:13.893+0000] {processor.py:179} INFO - Processing /usr/local/lib/python3.10/dist-packages/airflow/example_dags/tutorial_taskflow_api.py took 0.068 seconds
[2023-11-28T01:14:52.312+0000] {processor.py:157} INFO - Started process (PID=6602) to work on /usr/local/lib/python3.10/dist-packages/airflow/example_dags/tutorial_taskflow_api.py
[2023-11-28T01:14:52.314+0000] {processor.py:829} INFO - Processing file /usr/local/lib/python3.10/dist-packages/airflow/example_dags/tutorial_taskflow_api.py for tasks to queue
[2023-11-28T01:14:52.315+0000] {logging_mixin.py:154} INFO - [2023-11-28T01:14:52.315+0000] {dagbag.py:536} INFO - Filling up the DagBag from /usr/local/lib/python3.10/dist-packages/airflow/example_dags/tutorial_taskflow_api.py
[2023-11-28T01:14:52.341+0000] {processor.py:839} INFO - DAG(s) dict_keys(['tutorial_taskflow_api']) retrieved from /usr/local/lib/python3.10/dist-packages/airflow/example_dags/tutorial_taskflow_api.py
[2023-11-28T01:14:52.354+0000] {logging_mixin.py:154} INFO - [2023-11-28T01:14:52.353+0000] {dag.py:2941} INFO - Sync 1 DAGs
[2023-11-28T01:14:52.385+0000] {logging_mixin.py:154} INFO - [2023-11-28T01:14:52.380+0000] {dag.py:3722} INFO - Setting next_dagrun for tutorial_taskflow_api to None, run_after=None
[2023-11-28T01:14:52.425+0000] {processor.py:179} INFO - Processing /usr/local/lib/python3.10/dist-packages/airflow/example_dags/tutorial_taskflow_api.py took 0.116 seconds
[2023-11-28T01:15:39.231+0000] {processor.py:157} INFO - Started process (PID=6654) to work on /usr/local/lib/python3.10/dist-packages/airflow/example_dags/tutorial_taskflow_api.py
[2023-11-28T01:15:39.232+0000] {processor.py:829} INFO - Processing file /usr/local/lib/python3.10/dist-packages/airflow/example_dags/tutorial_taskflow_api.py for tasks to queue
[2023-11-28T01:15:39.233+0000] {logging_mixin.py:154} INFO - [2023-11-28T01:15:39.233+0000] {dagbag.py:536} INFO - Filling up the DagBag from /usr/local/lib/python3.10/dist-packages/airflow/example_dags/tutorial_taskflow_api.py
[2023-11-28T01:15:39.240+0000] {processor.py:839} INFO - DAG(s) dict_keys(['tutorial_taskflow_api']) retrieved from /usr/local/lib/python3.10/dist-packages/airflow/example_dags/tutorial_taskflow_api.py
[2023-11-28T01:15:39.257+0000] {logging_mixin.py:154} INFO - [2023-11-28T01:15:39.257+0000] {dag.py:2941} INFO - Sync 1 DAGs
[2023-11-28T01:15:39.269+0000] {logging_mixin.py:154} INFO - [2023-11-28T01:15:39.269+0000] {dag.py:3722} INFO - Setting next_dagrun for tutorial_taskflow_api to None, run_after=None
[2023-11-28T01:15:39.292+0000] {processor.py:179} INFO - Processing /usr/local/lib/python3.10/dist-packages/airflow/example_dags/tutorial_taskflow_api.py took 0.065 seconds
[2023-11-28T01:16:22.926+0000] {processor.py:157} INFO - Started process (PID=6699) to work on /usr/local/lib/python3.10/dist-packages/airflow/example_dags/tutorial_taskflow_api.py
[2023-11-28T01:16:22.928+0000] {processor.py:829} INFO - Processing file /usr/local/lib/python3.10/dist-packages/airflow/example_dags/tutorial_taskflow_api.py for tasks to queue
[2023-11-28T01:16:22.929+0000] {logging_mixin.py:154} INFO - [2023-11-28T01:16:22.928+0000] {dagbag.py:536} INFO - Filling up the DagBag from /usr/local/lib/python3.10/dist-packages/airflow/example_dags/tutorial_taskflow_api.py
[2023-11-28T01:16:22.936+0000] {processor.py:839} INFO - DAG(s) dict_keys(['tutorial_taskflow_api']) retrieved from /usr/local/lib/python3.10/dist-packages/airflow/example_dags/tutorial_taskflow_api.py
[2023-11-28T01:16:22.953+0000] {logging_mixin.py:154} INFO - [2023-11-28T01:16:22.952+0000] {dag.py:2941} INFO - Sync 1 DAGs
[2023-11-28T01:16:22.965+0000] {logging_mixin.py:154} INFO - [2023-11-28T01:16:22.965+0000] {dag.py:3722} INFO - Setting next_dagrun for tutorial_taskflow_api to None, run_after=None
[2023-11-28T01:16:22.987+0000] {processor.py:179} INFO - Processing /usr/local/lib/python3.10/dist-packages/airflow/example_dags/tutorial_taskflow_api.py took 0.064 seconds
[2023-11-28T01:16:54.988+0000] {processor.py:157} INFO - Started process (PID=6737) to work on /usr/local/lib/python3.10/dist-packages/airflow/example_dags/tutorial_taskflow_api.py
[2023-11-28T01:16:54.990+0000] {processor.py:829} INFO - Processing file /usr/local/lib/python3.10/dist-packages/airflow/example_dags/tutorial_taskflow_api.py for tasks to queue
[2023-11-28T01:16:54.991+0000] {logging_mixin.py:154} INFO - [2023-11-28T01:16:54.990+0000] {dagbag.py:536} INFO - Filling up the DagBag from /usr/local/lib/python3.10/dist-packages/airflow/example_dags/tutorial_taskflow_api.py
[2023-11-28T01:16:54.998+0000] {processor.py:839} INFO - DAG(s) dict_keys(['tutorial_taskflow_api']) retrieved from /usr/local/lib/python3.10/dist-packages/airflow/example_dags/tutorial_taskflow_api.py
[2023-11-28T01:16:55.017+0000] {logging_mixin.py:154} INFO - [2023-11-28T01:16:55.017+0000] {dag.py:2941} INFO - Sync 1 DAGs
[2023-11-28T01:16:55.030+0000] {logging_mixin.py:154} INFO - [2023-11-28T01:16:55.029+0000] {dag.py:3722} INFO - Setting next_dagrun for tutorial_taskflow_api to None, run_after=None
[2023-11-28T01:16:55.053+0000] {processor.py:179} INFO - Processing /usr/local/lib/python3.10/dist-packages/airflow/example_dags/tutorial_taskflow_api.py took 0.068 seconds
[2023-11-28T01:17:26.520+0000] {processor.py:157} INFO - Started process (PID=6772) to work on /usr/local/lib/python3.10/dist-packages/airflow/example_dags/tutorial_taskflow_api.py
[2023-11-28T01:17:26.521+0000] {processor.py:829} INFO - Processing file /usr/local/lib/python3.10/dist-packages/airflow/example_dags/tutorial_taskflow_api.py for tasks to queue
[2023-11-28T01:17:26.522+0000] {logging_mixin.py:154} INFO - [2023-11-28T01:17:26.522+0000] {dagbag.py:536} INFO - Filling up the DagBag from /usr/local/lib/python3.10/dist-packages/airflow/example_dags/tutorial_taskflow_api.py
[2023-11-28T01:17:26.530+0000] {processor.py:839} INFO - DAG(s) dict_keys(['tutorial_taskflow_api']) retrieved from /usr/local/lib/python3.10/dist-packages/airflow/example_dags/tutorial_taskflow_api.py
[2023-11-28T01:17:26.546+0000] {logging_mixin.py:154} INFO - [2023-11-28T01:17:26.546+0000] {dag.py:2941} INFO - Sync 1 DAGs
[2023-11-28T01:17:26.558+0000] {logging_mixin.py:154} INFO - [2023-11-28T01:17:26.558+0000] {dag.py:3722} INFO - Setting next_dagrun for tutorial_taskflow_api to None, run_after=None
[2023-11-28T01:17:26.580+0000] {processor.py:179} INFO - Processing /usr/local/lib/python3.10/dist-packages/airflow/example_dags/tutorial_taskflow_api.py took 0.064 seconds
[2023-11-28T01:17:59.740+0000] {processor.py:157} INFO - Started process (PID=6806) to work on /usr/local/lib/python3.10/dist-packages/airflow/example_dags/tutorial_taskflow_api.py
[2023-11-28T01:17:59.742+0000] {processor.py:829} INFO - Processing file /usr/local/lib/python3.10/dist-packages/airflow/example_dags/tutorial_taskflow_api.py for tasks to queue
[2023-11-28T01:17:59.742+0000] {logging_mixin.py:154} INFO - [2023-11-28T01:17:59.742+0000] {dagbag.py:536} INFO - Filling up the DagBag from /usr/local/lib/python3.10/dist-packages/airflow/example_dags/tutorial_taskflow_api.py
[2023-11-28T01:17:59.750+0000] {processor.py:839} INFO - DAG(s) dict_keys(['tutorial_taskflow_api']) retrieved from /usr/local/lib/python3.10/dist-packages/airflow/example_dags/tutorial_taskflow_api.py
[2023-11-28T01:17:59.767+0000] {logging_mixin.py:154} INFO - [2023-11-28T01:17:59.766+0000] {dag.py:2941} INFO - Sync 1 DAGs
[2023-11-28T01:17:59.779+0000] {logging_mixin.py:154} INFO - [2023-11-28T01:17:59.779+0000] {dag.py:3722} INFO - Setting next_dagrun for tutorial_taskflow_api to None, run_after=None
[2023-11-28T01:17:59.801+0000] {processor.py:179} INFO - Processing /usr/local/lib/python3.10/dist-packages/airflow/example_dags/tutorial_taskflow_api.py took 0.065 seconds
[2023-11-28T01:18:41.658+0000] {processor.py:157} INFO - Started process (PID=6849) to work on /usr/local/lib/python3.10/dist-packages/airflow/example_dags/tutorial_taskflow_api.py
[2023-11-28T01:18:41.659+0000] {processor.py:829} INFO - Processing file /usr/local/lib/python3.10/dist-packages/airflow/example_dags/tutorial_taskflow_api.py for tasks to queue
[2023-11-28T01:18:41.660+0000] {logging_mixin.py:154} INFO - [2023-11-28T01:18:41.659+0000] {dagbag.py:536} INFO - Filling up the DagBag from /usr/local/lib/python3.10/dist-packages/airflow/example_dags/tutorial_taskflow_api.py
[2023-11-28T01:18:41.667+0000] {processor.py:839} INFO - DAG(s) dict_keys(['tutorial_taskflow_api']) retrieved from /usr/local/lib/python3.10/dist-packages/airflow/example_dags/tutorial_taskflow_api.py
[2023-11-28T01:18:41.684+0000] {logging_mixin.py:154} INFO - [2023-11-28T01:18:41.684+0000] {dag.py:2941} INFO - Sync 1 DAGs
[2023-11-28T01:18:41.696+0000] {logging_mixin.py:154} INFO - [2023-11-28T01:18:41.696+0000] {dag.py:3722} INFO - Setting next_dagrun for tutorial_taskflow_api to None, run_after=None
[2023-11-28T01:18:41.719+0000] {processor.py:179} INFO - Processing /usr/local/lib/python3.10/dist-packages/airflow/example_dags/tutorial_taskflow_api.py took 0.065 seconds
[2023-11-28T01:19:13.084+0000] {processor.py:157} INFO - Started process (PID=6883) to work on /usr/local/lib/python3.10/dist-packages/airflow/example_dags/tutorial_taskflow_api.py
[2023-11-28T01:19:13.085+0000] {processor.py:829} INFO - Processing file /usr/local/lib/python3.10/dist-packages/airflow/example_dags/tutorial_taskflow_api.py for tasks to queue
[2023-11-28T01:19:13.086+0000] {logging_mixin.py:154} INFO - [2023-11-28T01:19:13.085+0000] {dagbag.py:536} INFO - Filling up the DagBag from /usr/local/lib/python3.10/dist-packages/airflow/example_dags/tutorial_taskflow_api.py
[2023-11-28T01:19:13.093+0000] {processor.py:839} INFO - DAG(s) dict_keys(['tutorial_taskflow_api']) retrieved from /usr/local/lib/python3.10/dist-packages/airflow/example_dags/tutorial_taskflow_api.py
[2023-11-28T01:19:13.110+0000] {logging_mixin.py:154} INFO - [2023-11-28T01:19:13.110+0000] {dag.py:2941} INFO - Sync 1 DAGs
[2023-11-28T01:19:13.122+0000] {logging_mixin.py:154} INFO - [2023-11-28T01:19:13.122+0000] {dag.py:3722} INFO - Setting next_dagrun for tutorial_taskflow_api to None, run_after=None
[2023-11-28T01:19:13.148+0000] {processor.py:179} INFO - Processing /usr/local/lib/python3.10/dist-packages/airflow/example_dags/tutorial_taskflow_api.py took 0.067 seconds
