[2023-11-28T00:44:17.343+0000] {processor.py:157} INFO - Started process (PID=3396) to work on /usr/local/lib/python3.10/dist-packages/airflow/example_dags/tutorial.py
[2023-11-28T00:44:17.344+0000] {processor.py:829} INFO - Processing file /usr/local/lib/python3.10/dist-packages/airflow/example_dags/tutorial.py for tasks to queue
[2023-11-28T00:44:17.345+0000] {logging_mixin.py:154} INFO - [2023-11-28T00:44:17.344+0000] {dagbag.py:536} INFO - Filling up the DagBag from /usr/local/lib/python3.10/dist-packages/airflow/example_dags/tutorial.py
[2023-11-28T00:44:17.355+0000] {processor.py:839} INFO - DAG(s) dict_keys(['tutorial']) retrieved from /usr/local/lib/python3.10/dist-packages/airflow/example_dags/tutorial.py
[2023-11-28T00:44:17.483+0000] {logging_mixin.py:154} INFO - [2023-11-28T00:44:17.483+0000] {manager.py:499} INFO - Created Permission View: %s
[2023-11-28T00:44:17.500+0000] {logging_mixin.py:154} INFO - [2023-11-28T00:44:17.499+0000] {manager.py:499} INFO - Created Permission View: %s
[2023-11-28T00:44:17.555+0000] {logging_mixin.py:154} INFO - [2023-11-28T00:44:17.555+0000] {manager.py:499} INFO - Created Permission View: %s
[2023-11-28T00:44:17.556+0000] {logging_mixin.py:154} INFO - [2023-11-28T00:44:17.556+0000] {dag.py:2941} INFO - Sync 1 DAGs
[2023-11-28T00:44:17.568+0000] {logging_mixin.py:154} INFO - [2023-11-28T00:44:17.568+0000] {dag.py:2963} INFO - Creating ORM DAG for tutorial
[2023-11-28T00:44:17.583+0000] {logging_mixin.py:154} INFO - [2023-11-28T00:44:17.583+0000] {dag.py:3722} INFO - Setting next_dagrun for tutorial to 2023-11-27T00:44:17.582907+00:00, run_after=2023-11-28T00:44:17.582907+00:00
[2023-11-28T00:44:17.627+0000] {processor.py:179} INFO - Processing /usr/local/lib/python3.10/dist-packages/airflow/example_dags/tutorial.py took 0.287 seconds
[2023-11-28T00:45:12.297+0000] {processor.py:157} INFO - Started process (PID=3527) to work on /usr/local/lib/python3.10/dist-packages/airflow/example_dags/tutorial.py
[2023-11-28T00:45:12.299+0000] {processor.py:829} INFO - Processing file /usr/local/lib/python3.10/dist-packages/airflow/example_dags/tutorial.py for tasks to queue
[2023-11-28T00:45:12.300+0000] {logging_mixin.py:154} INFO - [2023-11-28T00:45:12.299+0000] {dagbag.py:536} INFO - Filling up the DagBag from /usr/local/lib/python3.10/dist-packages/airflow/example_dags/tutorial.py
[2023-11-28T00:45:12.308+0000] {processor.py:839} INFO - DAG(s) dict_keys(['tutorial']) retrieved from /usr/local/lib/python3.10/dist-packages/airflow/example_dags/tutorial.py
[2023-11-28T00:45:12.325+0000] {logging_mixin.py:154} INFO - [2023-11-28T00:45:12.324+0000] {dag.py:2941} INFO - Sync 1 DAGs
[2023-11-28T00:45:12.345+0000] {logging_mixin.py:154} INFO - [2023-11-28T00:45:12.345+0000] {dag.py:3722} INFO - Setting next_dagrun for tutorial to 2023-11-27T00:45:12.345208+00:00, run_after=2023-11-28T00:45:12.345208+00:00
[2023-11-28T00:45:12.368+0000] {processor.py:179} INFO - Processing /usr/local/lib/python3.10/dist-packages/airflow/example_dags/tutorial.py took 0.074 seconds
[2023-11-28T00:45:53.038+0000] {processor.py:157} INFO - Started process (PID=3578) to work on /usr/local/lib/python3.10/dist-packages/airflow/example_dags/tutorial.py
[2023-11-28T00:45:53.039+0000] {processor.py:829} INFO - Processing file /usr/local/lib/python3.10/dist-packages/airflow/example_dags/tutorial.py for tasks to queue
[2023-11-28T00:45:53.040+0000] {logging_mixin.py:154} INFO - [2023-11-28T00:45:53.040+0000] {dagbag.py:536} INFO - Filling up the DagBag from /usr/local/lib/python3.10/dist-packages/airflow/example_dags/tutorial.py
[2023-11-28T00:45:53.048+0000] {processor.py:839} INFO - DAG(s) dict_keys(['tutorial']) retrieved from /usr/local/lib/python3.10/dist-packages/airflow/example_dags/tutorial.py
[2023-11-28T00:45:53.066+0000] {logging_mixin.py:154} INFO - [2023-11-28T00:45:53.065+0000] {dag.py:2941} INFO - Sync 1 DAGs
[2023-11-28T00:45:53.087+0000] {logging_mixin.py:154} INFO - [2023-11-28T00:45:53.087+0000] {dag.py:3722} INFO - Setting next_dagrun for tutorial to 2023-11-27T00:45:53.087271+00:00, run_after=2023-11-28T00:45:53.087271+00:00
[2023-11-28T00:45:53.116+0000] {processor.py:179} INFO - Processing /usr/local/lib/python3.10/dist-packages/airflow/example_dags/tutorial.py took 0.082 seconds
[2023-11-28T00:46:33.818+0000] {processor.py:157} INFO - Started process (PID=3623) to work on /usr/local/lib/python3.10/dist-packages/airflow/example_dags/tutorial.py
[2023-11-28T00:46:33.820+0000] {processor.py:829} INFO - Processing file /usr/local/lib/python3.10/dist-packages/airflow/example_dags/tutorial.py for tasks to queue
[2023-11-28T00:46:33.821+0000] {logging_mixin.py:154} INFO - [2023-11-28T00:46:33.820+0000] {dagbag.py:536} INFO - Filling up the DagBag from /usr/local/lib/python3.10/dist-packages/airflow/example_dags/tutorial.py
[2023-11-28T00:46:33.828+0000] {processor.py:839} INFO - DAG(s) dict_keys(['tutorial']) retrieved from /usr/local/lib/python3.10/dist-packages/airflow/example_dags/tutorial.py
[2023-11-28T00:46:33.845+0000] {logging_mixin.py:154} INFO - [2023-11-28T00:46:33.845+0000] {dag.py:2941} INFO - Sync 1 DAGs
[2023-11-28T00:46:33.867+0000] {logging_mixin.py:154} INFO - [2023-11-28T00:46:33.867+0000] {dag.py:3722} INFO - Setting next_dagrun for tutorial to 2023-11-27T00:46:33.866809+00:00, run_after=2023-11-28T00:46:33.866809+00:00
[2023-11-28T00:46:33.890+0000] {processor.py:179} INFO - Processing /usr/local/lib/python3.10/dist-packages/airflow/example_dags/tutorial.py took 0.074 seconds
[2023-11-28T00:47:16.961+0000] {processor.py:157} INFO - Started process (PID=3671) to work on /usr/local/lib/python3.10/dist-packages/airflow/example_dags/tutorial.py
[2023-11-28T00:47:16.962+0000] {processor.py:829} INFO - Processing file /usr/local/lib/python3.10/dist-packages/airflow/example_dags/tutorial.py for tasks to queue
[2023-11-28T00:47:16.963+0000] {logging_mixin.py:154} INFO - [2023-11-28T00:47:16.963+0000] {dagbag.py:536} INFO - Filling up the DagBag from /usr/local/lib/python3.10/dist-packages/airflow/example_dags/tutorial.py
[2023-11-28T00:47:16.971+0000] {processor.py:839} INFO - DAG(s) dict_keys(['tutorial']) retrieved from /usr/local/lib/python3.10/dist-packages/airflow/example_dags/tutorial.py
[2023-11-28T00:47:16.987+0000] {logging_mixin.py:154} INFO - [2023-11-28T00:47:16.987+0000] {dag.py:2941} INFO - Sync 1 DAGs
[2023-11-28T00:47:17.007+0000] {logging_mixin.py:154} INFO - [2023-11-28T00:47:17.007+0000] {dag.py:3722} INFO - Setting next_dagrun for tutorial to 2023-11-27T00:47:17.007338+00:00, run_after=2023-11-28T00:47:17.007338+00:00
[2023-11-28T00:47:17.029+0000] {processor.py:179} INFO - Processing /usr/local/lib/python3.10/dist-packages/airflow/example_dags/tutorial.py took 0.071 seconds
[2023-11-28T00:48:02.395+0000] {processor.py:157} INFO - Started process (PID=3719) to work on /usr/local/lib/python3.10/dist-packages/airflow/example_dags/tutorial.py
[2023-11-28T00:48:02.396+0000] {processor.py:829} INFO - Processing file /usr/local/lib/python3.10/dist-packages/airflow/example_dags/tutorial.py for tasks to queue
[2023-11-28T00:48:02.397+0000] {logging_mixin.py:154} INFO - [2023-11-28T00:48:02.397+0000] {dagbag.py:536} INFO - Filling up the DagBag from /usr/local/lib/python3.10/dist-packages/airflow/example_dags/tutorial.py
[2023-11-28T00:48:02.405+0000] {processor.py:839} INFO - DAG(s) dict_keys(['tutorial']) retrieved from /usr/local/lib/python3.10/dist-packages/airflow/example_dags/tutorial.py
[2023-11-28T00:48:02.423+0000] {logging_mixin.py:154} INFO - [2023-11-28T00:48:02.423+0000] {dag.py:2941} INFO - Sync 1 DAGs
[2023-11-28T00:48:02.446+0000] {logging_mixin.py:154} INFO - [2023-11-28T00:48:02.446+0000] {dag.py:3722} INFO - Setting next_dagrun for tutorial to 2023-11-27T00:48:02.446065+00:00, run_after=2023-11-28T00:48:02.446065+00:00
[2023-11-28T00:48:02.469+0000] {processor.py:179} INFO - Processing /usr/local/lib/python3.10/dist-packages/airflow/example_dags/tutorial.py took 0.078 seconds
[2023-11-28T00:48:34.453+0000] {processor.py:157} INFO - Started process (PID=3752) to work on /usr/local/lib/python3.10/dist-packages/airflow/example_dags/tutorial.py
[2023-11-28T00:48:34.454+0000] {processor.py:829} INFO - Processing file /usr/local/lib/python3.10/dist-packages/airflow/example_dags/tutorial.py for tasks to queue
[2023-11-28T00:48:34.455+0000] {logging_mixin.py:154} INFO - [2023-11-28T00:48:34.455+0000] {dagbag.py:536} INFO - Filling up the DagBag from /usr/local/lib/python3.10/dist-packages/airflow/example_dags/tutorial.py
[2023-11-28T00:48:34.462+0000] {processor.py:839} INFO - DAG(s) dict_keys(['tutorial']) retrieved from /usr/local/lib/python3.10/dist-packages/airflow/example_dags/tutorial.py
[2023-11-28T00:48:34.479+0000] {logging_mixin.py:154} INFO - [2023-11-28T00:48:34.479+0000] {dag.py:2941} INFO - Sync 1 DAGs
[2023-11-28T00:48:34.500+0000] {logging_mixin.py:154} INFO - [2023-11-28T00:48:34.500+0000] {dag.py:3722} INFO - Setting next_dagrun for tutorial to 2023-11-27T00:48:34.499874+00:00, run_after=2023-11-28T00:48:34.499874+00:00
[2023-11-28T00:48:34.524+0000] {processor.py:179} INFO - Processing /usr/local/lib/python3.10/dist-packages/airflow/example_dags/tutorial.py took 0.074 seconds
[2023-11-28T00:49:18.121+0000] {processor.py:157} INFO - Started process (PID=3798) to work on /usr/local/lib/python3.10/dist-packages/airflow/example_dags/tutorial.py
[2023-11-28T00:49:18.123+0000] {processor.py:829} INFO - Processing file /usr/local/lib/python3.10/dist-packages/airflow/example_dags/tutorial.py for tasks to queue
[2023-11-28T00:49:18.124+0000] {logging_mixin.py:154} INFO - [2023-11-28T00:49:18.123+0000] {dagbag.py:536} INFO - Filling up the DagBag from /usr/local/lib/python3.10/dist-packages/airflow/example_dags/tutorial.py
[2023-11-28T00:49:18.131+0000] {processor.py:839} INFO - DAG(s) dict_keys(['tutorial']) retrieved from /usr/local/lib/python3.10/dist-packages/airflow/example_dags/tutorial.py
[2023-11-28T00:49:18.148+0000] {logging_mixin.py:154} INFO - [2023-11-28T00:49:18.148+0000] {dag.py:2941} INFO - Sync 1 DAGs
[2023-11-28T00:49:18.169+0000] {logging_mixin.py:154} INFO - [2023-11-28T00:49:18.169+0000] {dag.py:3722} INFO - Setting next_dagrun for tutorial to 2023-11-27T00:49:18.168885+00:00, run_after=2023-11-28T00:49:18.168885+00:00
[2023-11-28T00:49:18.193+0000] {processor.py:179} INFO - Processing /usr/local/lib/python3.10/dist-packages/airflow/example_dags/tutorial.py took 0.076 seconds
[2023-11-28T00:50:03.559+0000] {processor.py:157} INFO - Started process (PID=3845) to work on /usr/local/lib/python3.10/dist-packages/airflow/example_dags/tutorial.py
[2023-11-28T00:50:03.561+0000] {processor.py:829} INFO - Processing file /usr/local/lib/python3.10/dist-packages/airflow/example_dags/tutorial.py for tasks to queue
[2023-11-28T00:50:03.562+0000] {logging_mixin.py:154} INFO - [2023-11-28T00:50:03.561+0000] {dagbag.py:536} INFO - Filling up the DagBag from /usr/local/lib/python3.10/dist-packages/airflow/example_dags/tutorial.py
[2023-11-28T00:50:03.569+0000] {processor.py:839} INFO - DAG(s) dict_keys(['tutorial']) retrieved from /usr/local/lib/python3.10/dist-packages/airflow/example_dags/tutorial.py
[2023-11-28T00:50:03.588+0000] {logging_mixin.py:154} INFO - [2023-11-28T00:50:03.588+0000] {dag.py:2941} INFO - Sync 1 DAGs
[2023-11-28T00:50:03.612+0000] {logging_mixin.py:154} INFO - [2023-11-28T00:50:03.611+0000] {dag.py:3722} INFO - Setting next_dagrun for tutorial to 2023-11-27T00:50:03.611533+00:00, run_after=2023-11-28T00:50:03.611533+00:00
[2023-11-28T00:50:03.663+0000] {processor.py:179} INFO - Processing /usr/local/lib/python3.10/dist-packages/airflow/example_dags/tutorial.py took 0.108 seconds
[2023-11-28T00:50:35.089+0000] {processor.py:157} INFO - Started process (PID=3877) to work on /usr/local/lib/python3.10/dist-packages/airflow/example_dags/tutorial.py
[2023-11-28T00:50:35.090+0000] {processor.py:829} INFO - Processing file /usr/local/lib/python3.10/dist-packages/airflow/example_dags/tutorial.py for tasks to queue
[2023-11-28T00:50:35.091+0000] {logging_mixin.py:154} INFO - [2023-11-28T00:50:35.091+0000] {dagbag.py:536} INFO - Filling up the DagBag from /usr/local/lib/python3.10/dist-packages/airflow/example_dags/tutorial.py
[2023-11-28T00:50:35.099+0000] {processor.py:839} INFO - DAG(s) dict_keys(['tutorial']) retrieved from /usr/local/lib/python3.10/dist-packages/airflow/example_dags/tutorial.py
[2023-11-28T00:50:35.116+0000] {logging_mixin.py:154} INFO - [2023-11-28T00:50:35.115+0000] {dag.py:2941} INFO - Sync 1 DAGs
[2023-11-28T00:50:35.136+0000] {logging_mixin.py:154} INFO - [2023-11-28T00:50:35.136+0000] {dag.py:3722} INFO - Setting next_dagrun for tutorial to 2023-11-27T00:50:35.136376+00:00, run_after=2023-11-28T00:50:35.136376+00:00
[2023-11-28T00:50:35.158+0000] {processor.py:179} INFO - Processing /usr/local/lib/python3.10/dist-packages/airflow/example_dags/tutorial.py took 0.072 seconds
[2023-11-28T00:51:07.660+0000] {processor.py:157} INFO - Started process (PID=3910) to work on /usr/local/lib/python3.10/dist-packages/airflow/example_dags/tutorial.py
[2023-11-28T00:51:07.661+0000] {processor.py:829} INFO - Processing file /usr/local/lib/python3.10/dist-packages/airflow/example_dags/tutorial.py for tasks to queue
[2023-11-28T00:51:07.662+0000] {logging_mixin.py:154} INFO - [2023-11-28T00:51:07.661+0000] {dagbag.py:536} INFO - Filling up the DagBag from /usr/local/lib/python3.10/dist-packages/airflow/example_dags/tutorial.py
[2023-11-28T00:51:07.669+0000] {processor.py:839} INFO - DAG(s) dict_keys(['tutorial']) retrieved from /usr/local/lib/python3.10/dist-packages/airflow/example_dags/tutorial.py
[2023-11-28T00:51:07.686+0000] {logging_mixin.py:154} INFO - [2023-11-28T00:51:07.686+0000] {dag.py:2941} INFO - Sync 1 DAGs
[2023-11-28T00:51:07.707+0000] {logging_mixin.py:154} INFO - [2023-11-28T00:51:07.707+0000] {dag.py:3722} INFO - Setting next_dagrun for tutorial to 2023-11-27T00:51:07.707109+00:00, run_after=2023-11-28T00:51:07.707109+00:00
[2023-11-28T00:51:07.730+0000] {processor.py:179} INFO - Processing /usr/local/lib/python3.10/dist-packages/airflow/example_dags/tutorial.py took 0.073 seconds
[2023-11-28T00:51:53.923+0000] {processor.py:157} INFO - Started process (PID=3958) to work on /usr/local/lib/python3.10/dist-packages/airflow/example_dags/tutorial.py
[2023-11-28T00:51:53.925+0000] {processor.py:829} INFO - Processing file /usr/local/lib/python3.10/dist-packages/airflow/example_dags/tutorial.py for tasks to queue
[2023-11-28T00:51:53.926+0000] {logging_mixin.py:154} INFO - [2023-11-28T00:51:53.925+0000] {dagbag.py:536} INFO - Filling up the DagBag from /usr/local/lib/python3.10/dist-packages/airflow/example_dags/tutorial.py
[2023-11-28T00:51:53.933+0000] {processor.py:839} INFO - DAG(s) dict_keys(['tutorial']) retrieved from /usr/local/lib/python3.10/dist-packages/airflow/example_dags/tutorial.py
[2023-11-28T00:51:53.950+0000] {logging_mixin.py:154} INFO - [2023-11-28T00:51:53.949+0000] {dag.py:2941} INFO - Sync 1 DAGs
[2023-11-28T00:51:53.970+0000] {logging_mixin.py:154} INFO - [2023-11-28T00:51:53.970+0000] {dag.py:3722} INFO - Setting next_dagrun for tutorial to 2023-11-27T00:51:53.970136+00:00, run_after=2023-11-28T00:51:53.970136+00:00
[2023-11-28T00:51:53.992+0000] {processor.py:179} INFO - Processing /usr/local/lib/python3.10/dist-packages/airflow/example_dags/tutorial.py took 0.072 seconds
[2023-11-28T00:52:37.837+0000] {processor.py:157} INFO - Started process (PID=4348) to work on /usr/local/lib/python3.10/dist-packages/airflow/example_dags/tutorial.py
[2023-11-28T00:52:37.838+0000] {processor.py:829} INFO - Processing file /usr/local/lib/python3.10/dist-packages/airflow/example_dags/tutorial.py for tasks to queue
[2023-11-28T00:52:37.839+0000] {logging_mixin.py:154} INFO - [2023-11-28T00:52:37.839+0000] {dagbag.py:536} INFO - Filling up the DagBag from /usr/local/lib/python3.10/dist-packages/airflow/example_dags/tutorial.py
[2023-11-28T00:52:37.846+0000] {processor.py:839} INFO - DAG(s) dict_keys(['tutorial']) retrieved from /usr/local/lib/python3.10/dist-packages/airflow/example_dags/tutorial.py
[2023-11-28T00:52:37.862+0000] {logging_mixin.py:154} INFO - [2023-11-28T00:52:37.862+0000] {dag.py:2941} INFO - Sync 1 DAGs
[2023-11-28T00:52:37.883+0000] {logging_mixin.py:154} INFO - [2023-11-28T00:52:37.883+0000] {dag.py:3722} INFO - Setting next_dagrun for tutorial to 2023-11-27T00:52:37.882985+00:00, run_after=2023-11-28T00:52:37.882985+00:00
[2023-11-28T00:52:37.905+0000] {processor.py:179} INFO - Processing /usr/local/lib/python3.10/dist-packages/airflow/example_dags/tutorial.py took 0.071 seconds
[2023-11-28T00:53:09.953+0000] {processor.py:157} INFO - Started process (PID=4420) to work on /usr/local/lib/python3.10/dist-packages/airflow/example_dags/tutorial.py
[2023-11-28T00:53:09.954+0000] {processor.py:829} INFO - Processing file /usr/local/lib/python3.10/dist-packages/airflow/example_dags/tutorial.py for tasks to queue
[2023-11-28T00:53:09.955+0000] {logging_mixin.py:154} INFO - [2023-11-28T00:53:09.954+0000] {dagbag.py:536} INFO - Filling up the DagBag from /usr/local/lib/python3.10/dist-packages/airflow/example_dags/tutorial.py
[2023-11-28T00:53:09.962+0000] {processor.py:839} INFO - DAG(s) dict_keys(['tutorial']) retrieved from /usr/local/lib/python3.10/dist-packages/airflow/example_dags/tutorial.py
[2023-11-28T00:53:09.979+0000] {logging_mixin.py:154} INFO - [2023-11-28T00:53:09.979+0000] {dag.py:2941} INFO - Sync 1 DAGs
[2023-11-28T00:53:10.002+0000] {logging_mixin.py:154} INFO - [2023-11-28T00:53:10.001+0000] {dag.py:3722} INFO - Setting next_dagrun for tutorial to 2023-11-27T00:53:10.001044+00:00, run_after=2023-11-28T00:53:10.001044+00:00
[2023-11-28T00:53:10.031+0000] {processor.py:179} INFO - Processing /usr/local/lib/python3.10/dist-packages/airflow/example_dags/tutorial.py took 0.081 seconds
[2023-11-28T00:53:40.958+0000] {processor.py:157} INFO - Started process (PID=4597) to work on /usr/local/lib/python3.10/dist-packages/airflow/example_dags/tutorial.py
[2023-11-28T00:53:40.959+0000] {processor.py:829} INFO - Processing file /usr/local/lib/python3.10/dist-packages/airflow/example_dags/tutorial.py for tasks to queue
[2023-11-28T00:53:40.960+0000] {logging_mixin.py:154} INFO - [2023-11-28T00:53:40.960+0000] {dagbag.py:536} INFO - Filling up the DagBag from /usr/local/lib/python3.10/dist-packages/airflow/example_dags/tutorial.py
[2023-11-28T00:53:40.967+0000] {processor.py:839} INFO - DAG(s) dict_keys(['tutorial']) retrieved from /usr/local/lib/python3.10/dist-packages/airflow/example_dags/tutorial.py
[2023-11-28T00:53:40.984+0000] {logging_mixin.py:154} INFO - [2023-11-28T00:53:40.984+0000] {dag.py:2941} INFO - Sync 1 DAGs
[2023-11-28T00:53:41.006+0000] {logging_mixin.py:154} INFO - [2023-11-28T00:53:41.006+0000] {dag.py:3722} INFO - Setting next_dagrun for tutorial to 2023-11-27T00:53:41.006412+00:00, run_after=2023-11-28T00:53:41.006412+00:00
[2023-11-28T00:53:41.030+0000] {processor.py:179} INFO - Processing /usr/local/lib/python3.10/dist-packages/airflow/example_dags/tutorial.py took 0.076 seconds
[2023-11-28T00:54:12.932+0000] {processor.py:157} INFO - Started process (PID=4866) to work on /usr/local/lib/python3.10/dist-packages/airflow/example_dags/tutorial.py
[2023-11-28T00:54:12.933+0000] {processor.py:829} INFO - Processing file /usr/local/lib/python3.10/dist-packages/airflow/example_dags/tutorial.py for tasks to queue
[2023-11-28T00:54:12.934+0000] {logging_mixin.py:154} INFO - [2023-11-28T00:54:12.933+0000] {dagbag.py:536} INFO - Filling up the DagBag from /usr/local/lib/python3.10/dist-packages/airflow/example_dags/tutorial.py
[2023-11-28T00:54:12.941+0000] {processor.py:839} INFO - DAG(s) dict_keys(['tutorial']) retrieved from /usr/local/lib/python3.10/dist-packages/airflow/example_dags/tutorial.py
[2023-11-28T00:54:12.958+0000] {logging_mixin.py:154} INFO - [2023-11-28T00:54:12.958+0000] {dag.py:2941} INFO - Sync 1 DAGs
[2023-11-28T00:54:12.980+0000] {logging_mixin.py:154} INFO - [2023-11-28T00:54:12.979+0000] {dag.py:3722} INFO - Setting next_dagrun for tutorial to 2023-11-27T00:54:12.979503+00:00, run_after=2023-11-28T00:54:12.979503+00:00
[2023-11-28T00:54:13.002+0000] {processor.py:179} INFO - Processing /usr/local/lib/python3.10/dist-packages/airflow/example_dags/tutorial.py took 0.074 seconds
[2023-11-28T00:54:53.629+0000] {processor.py:157} INFO - Started process (PID=4922) to work on /usr/local/lib/python3.10/dist-packages/airflow/example_dags/tutorial.py
[2023-11-28T00:54:53.630+0000] {processor.py:829} INFO - Processing file /usr/local/lib/python3.10/dist-packages/airflow/example_dags/tutorial.py for tasks to queue
[2023-11-28T00:54:53.631+0000] {logging_mixin.py:154} INFO - [2023-11-28T00:54:53.631+0000] {dagbag.py:536} INFO - Filling up the DagBag from /usr/local/lib/python3.10/dist-packages/airflow/example_dags/tutorial.py
[2023-11-28T00:54:53.639+0000] {processor.py:839} INFO - DAG(s) dict_keys(['tutorial']) retrieved from /usr/local/lib/python3.10/dist-packages/airflow/example_dags/tutorial.py
[2023-11-28T00:54:53.655+0000] {logging_mixin.py:154} INFO - [2023-11-28T00:54:53.654+0000] {dag.py:2941} INFO - Sync 1 DAGs
[2023-11-28T00:54:53.675+0000] {logging_mixin.py:154} INFO - [2023-11-28T00:54:53.675+0000] {dag.py:3722} INFO - Setting next_dagrun for tutorial to 2023-11-27T00:54:53.674814+00:00, run_after=2023-11-28T00:54:53.674814+00:00
[2023-11-28T00:54:53.696+0000] {processor.py:179} INFO - Processing /usr/local/lib/python3.10/dist-packages/airflow/example_dags/tutorial.py took 0.071 seconds
[2023-11-28T00:55:39.064+0000] {processor.py:157} INFO - Started process (PID=4970) to work on /usr/local/lib/python3.10/dist-packages/airflow/example_dags/tutorial.py
[2023-11-28T00:55:39.065+0000] {processor.py:829} INFO - Processing file /usr/local/lib/python3.10/dist-packages/airflow/example_dags/tutorial.py for tasks to queue
[2023-11-28T00:55:39.066+0000] {logging_mixin.py:154} INFO - [2023-11-28T00:55:39.066+0000] {dagbag.py:536} INFO - Filling up the DagBag from /usr/local/lib/python3.10/dist-packages/airflow/example_dags/tutorial.py
[2023-11-28T00:55:39.073+0000] {processor.py:839} INFO - DAG(s) dict_keys(['tutorial']) retrieved from /usr/local/lib/python3.10/dist-packages/airflow/example_dags/tutorial.py
[2023-11-28T00:55:39.090+0000] {logging_mixin.py:154} INFO - [2023-11-28T00:55:39.090+0000] {dag.py:2941} INFO - Sync 1 DAGs
[2023-11-28T00:55:39.111+0000] {logging_mixin.py:154} INFO - [2023-11-28T00:55:39.111+0000] {dag.py:3722} INFO - Setting next_dagrun for tutorial to 2023-11-27T00:55:39.111329+00:00, run_after=2023-11-28T00:55:39.111329+00:00
[2023-11-28T00:55:39.134+0000] {processor.py:179} INFO - Processing /usr/local/lib/python3.10/dist-packages/airflow/example_dags/tutorial.py took 0.074 seconds
[2023-11-28T00:56:10.594+0000] {processor.py:157} INFO - Started process (PID=5308) to work on /usr/local/lib/python3.10/dist-packages/airflow/example_dags/tutorial.py
[2023-11-28T00:56:10.594+0000] {processor.py:829} INFO - Processing file /usr/local/lib/python3.10/dist-packages/airflow/example_dags/tutorial.py for tasks to queue
[2023-11-28T00:56:10.595+0000] {logging_mixin.py:154} INFO - [2023-11-28T00:56:10.595+0000] {dagbag.py:536} INFO - Filling up the DagBag from /usr/local/lib/python3.10/dist-packages/airflow/example_dags/tutorial.py
[2023-11-28T00:56:10.603+0000] {processor.py:839} INFO - DAG(s) dict_keys(['tutorial']) retrieved from /usr/local/lib/python3.10/dist-packages/airflow/example_dags/tutorial.py
[2023-11-28T00:56:10.620+0000] {logging_mixin.py:154} INFO - [2023-11-28T00:56:10.619+0000] {dag.py:2941} INFO - Sync 1 DAGs
[2023-11-28T00:56:10.641+0000] {logging_mixin.py:154} INFO - [2023-11-28T00:56:10.640+0000] {dag.py:3722} INFO - Setting next_dagrun for tutorial to 2023-11-27T00:56:10.640616+00:00, run_after=2023-11-28T00:56:10.640616+00:00
[2023-11-28T00:56:10.663+0000] {processor.py:179} INFO - Processing /usr/local/lib/python3.10/dist-packages/airflow/example_dags/tutorial.py took 0.073 seconds
[2023-11-28T00:56:42.241+0000] {processor.py:157} INFO - Started process (PID=5352) to work on /usr/local/lib/python3.10/dist-packages/airflow/example_dags/tutorial.py
[2023-11-28T00:56:42.243+0000] {processor.py:829} INFO - Processing file /usr/local/lib/python3.10/dist-packages/airflow/example_dags/tutorial.py for tasks to queue
[2023-11-28T00:56:42.244+0000] {logging_mixin.py:154} INFO - [2023-11-28T00:56:42.244+0000] {dagbag.py:536} INFO - Filling up the DagBag from /usr/local/lib/python3.10/dist-packages/airflow/example_dags/tutorial.py
[2023-11-28T00:56:42.252+0000] {processor.py:839} INFO - DAG(s) dict_keys(['tutorial']) retrieved from /usr/local/lib/python3.10/dist-packages/airflow/example_dags/tutorial.py
[2023-11-28T00:56:42.268+0000] {logging_mixin.py:154} INFO - [2023-11-28T00:56:42.268+0000] {dag.py:2941} INFO - Sync 1 DAGs
[2023-11-28T00:56:42.289+0000] {logging_mixin.py:154} INFO - [2023-11-28T00:56:42.289+0000] {dag.py:3722} INFO - Setting next_dagrun for tutorial to 2023-11-27T00:56:42.289068+00:00, run_after=2023-11-28T00:56:42.289068+00:00
[2023-11-28T00:56:42.312+0000] {processor.py:179} INFO - Processing /usr/local/lib/python3.10/dist-packages/airflow/example_dags/tutorial.py took 0.074 seconds
[2023-11-28T00:57:13.720+0000] {processor.py:157} INFO - Started process (PID=5387) to work on /usr/local/lib/python3.10/dist-packages/airflow/example_dags/tutorial.py
[2023-11-28T00:57:13.722+0000] {processor.py:829} INFO - Processing file /usr/local/lib/python3.10/dist-packages/airflow/example_dags/tutorial.py for tasks to queue
[2023-11-28T00:57:13.723+0000] {logging_mixin.py:154} INFO - [2023-11-28T00:57:13.722+0000] {dagbag.py:536} INFO - Filling up the DagBag from /usr/local/lib/python3.10/dist-packages/airflow/example_dags/tutorial.py
[2023-11-28T00:57:13.730+0000] {processor.py:839} INFO - DAG(s) dict_keys(['tutorial']) retrieved from /usr/local/lib/python3.10/dist-packages/airflow/example_dags/tutorial.py
[2023-11-28T00:57:13.747+0000] {logging_mixin.py:154} INFO - [2023-11-28T00:57:13.746+0000] {dag.py:2941} INFO - Sync 1 DAGs
[2023-11-28T00:57:13.768+0000] {logging_mixin.py:154} INFO - [2023-11-28T00:57:13.768+0000] {dag.py:3722} INFO - Setting next_dagrun for tutorial to 2023-11-27T00:57:13.767777+00:00, run_after=2023-11-28T00:57:13.767777+00:00
[2023-11-28T00:57:13.790+0000] {processor.py:179} INFO - Processing /usr/local/lib/python3.10/dist-packages/airflow/example_dags/tutorial.py took 0.074 seconds
[2023-11-28T00:57:44.718+0000] {processor.py:157} INFO - Started process (PID=5419) to work on /usr/local/lib/python3.10/dist-packages/airflow/example_dags/tutorial.py
[2023-11-28T00:57:44.719+0000] {processor.py:829} INFO - Processing file /usr/local/lib/python3.10/dist-packages/airflow/example_dags/tutorial.py for tasks to queue
[2023-11-28T00:57:44.720+0000] {logging_mixin.py:154} INFO - [2023-11-28T00:57:44.720+0000] {dagbag.py:536} INFO - Filling up the DagBag from /usr/local/lib/python3.10/dist-packages/airflow/example_dags/tutorial.py
[2023-11-28T00:57:44.727+0000] {processor.py:839} INFO - DAG(s) dict_keys(['tutorial']) retrieved from /usr/local/lib/python3.10/dist-packages/airflow/example_dags/tutorial.py
[2023-11-28T00:57:44.744+0000] {logging_mixin.py:154} INFO - [2023-11-28T00:57:44.743+0000] {dag.py:2941} INFO - Sync 1 DAGs
[2023-11-28T00:57:44.764+0000] {logging_mixin.py:154} INFO - [2023-11-28T00:57:44.764+0000] {dag.py:3722} INFO - Setting next_dagrun for tutorial to 2023-11-27T00:57:44.764350+00:00, run_after=2023-11-28T00:57:44.764350+00:00
[2023-11-28T00:57:44.796+0000] {processor.py:179} INFO - Processing /usr/local/lib/python3.10/dist-packages/airflow/example_dags/tutorial.py took 0.082 seconds
[2023-11-28T00:58:16.446+0000] {processor.py:157} INFO - Started process (PID=5451) to work on /usr/local/lib/python3.10/dist-packages/airflow/example_dags/tutorial.py
[2023-11-28T00:58:16.446+0000] {processor.py:829} INFO - Processing file /usr/local/lib/python3.10/dist-packages/airflow/example_dags/tutorial.py for tasks to queue
[2023-11-28T00:58:16.447+0000] {logging_mixin.py:154} INFO - [2023-11-28T00:58:16.447+0000] {dagbag.py:536} INFO - Filling up the DagBag from /usr/local/lib/python3.10/dist-packages/airflow/example_dags/tutorial.py
[2023-11-28T00:58:16.455+0000] {processor.py:839} INFO - DAG(s) dict_keys(['tutorial']) retrieved from /usr/local/lib/python3.10/dist-packages/airflow/example_dags/tutorial.py
[2023-11-28T00:58:16.471+0000] {logging_mixin.py:154} INFO - [2023-11-28T00:58:16.471+0000] {dag.py:2941} INFO - Sync 1 DAGs
[2023-11-28T00:58:16.492+0000] {logging_mixin.py:154} INFO - [2023-11-28T00:58:16.491+0000] {dag.py:3722} INFO - Setting next_dagrun for tutorial to 2023-11-27T00:58:16.491704+00:00, run_after=2023-11-28T00:58:16.491704+00:00
[2023-11-28T00:58:16.515+0000] {processor.py:179} INFO - Processing /usr/local/lib/python3.10/dist-packages/airflow/example_dags/tutorial.py took 0.073 seconds
[2023-11-28T00:59:03.263+0000] {processor.py:157} INFO - Started process (PID=5499) to work on /usr/local/lib/python3.10/dist-packages/airflow/example_dags/tutorial.py
[2023-11-28T00:59:03.264+0000] {processor.py:829} INFO - Processing file /usr/local/lib/python3.10/dist-packages/airflow/example_dags/tutorial.py for tasks to queue
[2023-11-28T00:59:03.265+0000] {logging_mixin.py:154} INFO - [2023-11-28T00:59:03.265+0000] {dagbag.py:536} INFO - Filling up the DagBag from /usr/local/lib/python3.10/dist-packages/airflow/example_dags/tutorial.py
[2023-11-28T00:59:03.273+0000] {processor.py:839} INFO - DAG(s) dict_keys(['tutorial']) retrieved from /usr/local/lib/python3.10/dist-packages/airflow/example_dags/tutorial.py
[2023-11-28T00:59:03.290+0000] {logging_mixin.py:154} INFO - [2023-11-28T00:59:03.290+0000] {dag.py:2941} INFO - Sync 1 DAGs
[2023-11-28T00:59:03.311+0000] {logging_mixin.py:154} INFO - [2023-11-28T00:59:03.311+0000] {dag.py:3722} INFO - Setting next_dagrun for tutorial to 2023-11-27T00:59:03.311073+00:00, run_after=2023-11-28T00:59:03.311073+00:00
[2023-11-28T00:59:03.335+0000] {processor.py:179} INFO - Processing /usr/local/lib/python3.10/dist-packages/airflow/example_dags/tutorial.py took 0.075 seconds
[2023-11-28T00:59:48.026+0000] {processor.py:157} INFO - Started process (PID=5545) to work on /usr/local/lib/python3.10/dist-packages/airflow/example_dags/tutorial.py
[2023-11-28T00:59:48.027+0000] {processor.py:829} INFO - Processing file /usr/local/lib/python3.10/dist-packages/airflow/example_dags/tutorial.py for tasks to queue
[2023-11-28T00:59:48.028+0000] {logging_mixin.py:154} INFO - [2023-11-28T00:59:48.028+0000] {dagbag.py:536} INFO - Filling up the DagBag from /usr/local/lib/python3.10/dist-packages/airflow/example_dags/tutorial.py
[2023-11-28T00:59:48.035+0000] {processor.py:839} INFO - DAG(s) dict_keys(['tutorial']) retrieved from /usr/local/lib/python3.10/dist-packages/airflow/example_dags/tutorial.py
[2023-11-28T00:59:48.053+0000] {logging_mixin.py:154} INFO - [2023-11-28T00:59:48.052+0000] {dag.py:2941} INFO - Sync 1 DAGs
[2023-11-28T00:59:48.075+0000] {logging_mixin.py:154} INFO - [2023-11-28T00:59:48.075+0000] {dag.py:3722} INFO - Setting next_dagrun for tutorial to 2023-11-27T00:59:48.074747+00:00, run_after=2023-11-28T00:59:48.074747+00:00
[2023-11-28T00:59:48.098+0000] {processor.py:179} INFO - Processing /usr/local/lib/python3.10/dist-packages/airflow/example_dags/tutorial.py took 0.076 seconds
[2023-11-28T01:00:29.805+0000] {processor.py:157} INFO - Started process (PID=5589) to work on /usr/local/lib/python3.10/dist-packages/airflow/example_dags/tutorial.py
[2023-11-28T01:00:29.807+0000] {processor.py:829} INFO - Processing file /usr/local/lib/python3.10/dist-packages/airflow/example_dags/tutorial.py for tasks to queue
[2023-11-28T01:00:29.808+0000] {logging_mixin.py:154} INFO - [2023-11-28T01:00:29.807+0000] {dagbag.py:536} INFO - Filling up the DagBag from /usr/local/lib/python3.10/dist-packages/airflow/example_dags/tutorial.py
[2023-11-28T01:00:29.815+0000] {processor.py:839} INFO - DAG(s) dict_keys(['tutorial']) retrieved from /usr/local/lib/python3.10/dist-packages/airflow/example_dags/tutorial.py
[2023-11-28T01:00:29.832+0000] {logging_mixin.py:154} INFO - [2023-11-28T01:00:29.832+0000] {dag.py:2941} INFO - Sync 1 DAGs
[2023-11-28T01:00:29.854+0000] {logging_mixin.py:154} INFO - [2023-11-28T01:00:29.854+0000] {dag.py:3722} INFO - Setting next_dagrun for tutorial to 2023-11-27T01:00:29.854187+00:00, run_after=2023-11-28T01:00:29.854187+00:00
[2023-11-28T01:00:29.878+0000] {processor.py:179} INFO - Processing /usr/local/lib/python3.10/dist-packages/airflow/example_dags/tutorial.py took 0.076 seconds
[2023-11-28T01:01:02.066+0000] {processor.py:157} INFO - Started process (PID=5622) to work on /usr/local/lib/python3.10/dist-packages/airflow/example_dags/tutorial.py
[2023-11-28T01:01:02.067+0000] {processor.py:829} INFO - Processing file /usr/local/lib/python3.10/dist-packages/airflow/example_dags/tutorial.py for tasks to queue
[2023-11-28T01:01:02.068+0000] {logging_mixin.py:154} INFO - [2023-11-28T01:01:02.067+0000] {dagbag.py:536} INFO - Filling up the DagBag from /usr/local/lib/python3.10/dist-packages/airflow/example_dags/tutorial.py
[2023-11-28T01:01:02.075+0000] {processor.py:839} INFO - DAG(s) dict_keys(['tutorial']) retrieved from /usr/local/lib/python3.10/dist-packages/airflow/example_dags/tutorial.py
[2023-11-28T01:01:02.093+0000] {logging_mixin.py:154} INFO - [2023-11-28T01:01:02.093+0000] {dag.py:2941} INFO - Sync 1 DAGs
[2023-11-28T01:01:02.116+0000] {logging_mixin.py:154} INFO - [2023-11-28T01:01:02.116+0000] {dag.py:3722} INFO - Setting next_dagrun for tutorial to 2023-11-27T01:01:02.116127+00:00, run_after=2023-11-28T01:01:02.116127+00:00
[2023-11-28T01:01:02.140+0000] {processor.py:179} INFO - Processing /usr/local/lib/python3.10/dist-packages/airflow/example_dags/tutorial.py took 0.078 seconds
[2023-11-28T01:01:46.690+0000] {processor.py:157} INFO - Started process (PID=5669) to work on /usr/local/lib/python3.10/dist-packages/airflow/example_dags/tutorial.py
[2023-11-28T01:01:46.692+0000] {processor.py:829} INFO - Processing file /usr/local/lib/python3.10/dist-packages/airflow/example_dags/tutorial.py for tasks to queue
[2023-11-28T01:01:46.693+0000] {logging_mixin.py:154} INFO - [2023-11-28T01:01:46.693+0000] {dagbag.py:536} INFO - Filling up the DagBag from /usr/local/lib/python3.10/dist-packages/airflow/example_dags/tutorial.py
[2023-11-28T01:01:46.700+0000] {processor.py:839} INFO - DAG(s) dict_keys(['tutorial']) retrieved from /usr/local/lib/python3.10/dist-packages/airflow/example_dags/tutorial.py
[2023-11-28T01:01:46.717+0000] {logging_mixin.py:154} INFO - [2023-11-28T01:01:46.716+0000] {dag.py:2941} INFO - Sync 1 DAGs
[2023-11-28T01:01:46.737+0000] {logging_mixin.py:154} INFO - [2023-11-28T01:01:46.737+0000] {dag.py:3722} INFO - Setting next_dagrun for tutorial to 2023-11-27T01:01:46.737095+00:00, run_after=2023-11-28T01:01:46.737095+00:00
[2023-11-28T01:01:46.761+0000] {processor.py:179} INFO - Processing /usr/local/lib/python3.10/dist-packages/airflow/example_dags/tutorial.py took 0.074 seconds
[2023-11-28T01:02:32.033+0000] {processor.py:157} INFO - Started process (PID=5717) to work on /usr/local/lib/python3.10/dist-packages/airflow/example_dags/tutorial.py
[2023-11-28T01:02:32.038+0000] {processor.py:829} INFO - Processing file /usr/local/lib/python3.10/dist-packages/airflow/example_dags/tutorial.py for tasks to queue
[2023-11-28T01:02:32.039+0000] {logging_mixin.py:154} INFO - [2023-11-28T01:02:32.039+0000] {dagbag.py:536} INFO - Filling up the DagBag from /usr/local/lib/python3.10/dist-packages/airflow/example_dags/tutorial.py
[2023-11-28T01:02:32.046+0000] {processor.py:839} INFO - DAG(s) dict_keys(['tutorial']) retrieved from /usr/local/lib/python3.10/dist-packages/airflow/example_dags/tutorial.py
[2023-11-28T01:02:32.064+0000] {logging_mixin.py:154} INFO - [2023-11-28T01:02:32.064+0000] {dag.py:2941} INFO - Sync 1 DAGs
[2023-11-28T01:02:32.088+0000] {logging_mixin.py:154} INFO - [2023-11-28T01:02:32.087+0000] {dag.py:3722} INFO - Setting next_dagrun for tutorial to 2023-11-27T01:02:32.087603+00:00, run_after=2023-11-28T01:02:32.087603+00:00
[2023-11-28T01:02:32.112+0000] {processor.py:179} INFO - Processing /usr/local/lib/python3.10/dist-packages/airflow/example_dags/tutorial.py took 0.083 seconds
[2023-11-28T01:03:16.953+0000] {processor.py:157} INFO - Started process (PID=5762) to work on /usr/local/lib/python3.10/dist-packages/airflow/example_dags/tutorial.py
[2023-11-28T01:03:16.954+0000] {processor.py:829} INFO - Processing file /usr/local/lib/python3.10/dist-packages/airflow/example_dags/tutorial.py for tasks to queue
[2023-11-28T01:03:16.955+0000] {logging_mixin.py:154} INFO - [2023-11-28T01:03:16.955+0000] {dagbag.py:536} INFO - Filling up the DagBag from /usr/local/lib/python3.10/dist-packages/airflow/example_dags/tutorial.py
[2023-11-28T01:03:16.962+0000] {processor.py:839} INFO - DAG(s) dict_keys(['tutorial']) retrieved from /usr/local/lib/python3.10/dist-packages/airflow/example_dags/tutorial.py
[2023-11-28T01:03:16.979+0000] {logging_mixin.py:154} INFO - [2023-11-28T01:03:16.979+0000] {dag.py:2941} INFO - Sync 1 DAGs
[2023-11-28T01:03:17.000+0000] {logging_mixin.py:154} INFO - [2023-11-28T01:03:16.999+0000] {dag.py:3722} INFO - Setting next_dagrun for tutorial to 2023-11-27T01:03:16.999701+00:00, run_after=2023-11-28T01:03:16.999701+00:00
[2023-11-28T01:03:17.024+0000] {processor.py:179} INFO - Processing /usr/local/lib/python3.10/dist-packages/airflow/example_dags/tutorial.py took 0.075 seconds
[2023-11-28T01:04:01.115+0000] {processor.py:157} INFO - Started process (PID=5922) to work on /usr/local/lib/python3.10/dist-packages/airflow/example_dags/tutorial.py
[2023-11-28T01:04:01.116+0000] {processor.py:829} INFO - Processing file /usr/local/lib/python3.10/dist-packages/airflow/example_dags/tutorial.py for tasks to queue
[2023-11-28T01:04:01.117+0000] {logging_mixin.py:154} INFO - [2023-11-28T01:04:01.117+0000] {dagbag.py:536} INFO - Filling up the DagBag from /usr/local/lib/python3.10/dist-packages/airflow/example_dags/tutorial.py
[2023-11-28T01:04:01.124+0000] {processor.py:839} INFO - DAG(s) dict_keys(['tutorial']) retrieved from /usr/local/lib/python3.10/dist-packages/airflow/example_dags/tutorial.py
[2023-11-28T01:04:01.141+0000] {logging_mixin.py:154} INFO - [2023-11-28T01:04:01.141+0000] {dag.py:2941} INFO - Sync 1 DAGs
[2023-11-28T01:04:01.164+0000] {logging_mixin.py:154} INFO - [2023-11-28T01:04:01.163+0000] {dag.py:3722} INFO - Setting next_dagrun for tutorial to 2023-11-27T01:04:01.163590+00:00, run_after=2023-11-28T01:04:01.163590+00:00
[2023-11-28T01:04:01.188+0000] {processor.py:179} INFO - Processing /usr/local/lib/python3.10/dist-packages/airflow/example_dags/tutorial.py took 0.077 seconds
[2023-11-28T01:04:32.030+0000] {processor.py:157} INFO - Started process (PID=5954) to work on /usr/local/lib/python3.10/dist-packages/airflow/example_dags/tutorial.py
[2023-11-28T01:04:32.032+0000] {processor.py:829} INFO - Processing file /usr/local/lib/python3.10/dist-packages/airflow/example_dags/tutorial.py for tasks to queue
[2023-11-28T01:04:32.033+0000] {logging_mixin.py:154} INFO - [2023-11-28T01:04:32.032+0000] {dagbag.py:536} INFO - Filling up the DagBag from /usr/local/lib/python3.10/dist-packages/airflow/example_dags/tutorial.py
[2023-11-28T01:04:32.040+0000] {processor.py:839} INFO - DAG(s) dict_keys(['tutorial']) retrieved from /usr/local/lib/python3.10/dist-packages/airflow/example_dags/tutorial.py
[2023-11-28T01:04:32.058+0000] {logging_mixin.py:154} INFO - [2023-11-28T01:04:32.057+0000] {dag.py:2941} INFO - Sync 1 DAGs
[2023-11-28T01:04:32.079+0000] {logging_mixin.py:154} INFO - [2023-11-28T01:04:32.079+0000] {dag.py:3722} INFO - Setting next_dagrun for tutorial to 2023-11-27T01:04:32.079412+00:00, run_after=2023-11-28T01:04:32.079412+00:00
[2023-11-28T01:04:32.105+0000] {processor.py:179} INFO - Processing /usr/local/lib/python3.10/dist-packages/airflow/example_dags/tutorial.py took 0.078 seconds
[2023-11-28T01:05:13.095+0000] {processor.py:157} INFO - Started process (PID=5999) to work on /usr/local/lib/python3.10/dist-packages/airflow/example_dags/tutorial.py
[2023-11-28T01:05:13.097+0000] {processor.py:829} INFO - Processing file /usr/local/lib/python3.10/dist-packages/airflow/example_dags/tutorial.py for tasks to queue
[2023-11-28T01:05:13.098+0000] {logging_mixin.py:154} INFO - [2023-11-28T01:05:13.097+0000] {dagbag.py:536} INFO - Filling up the DagBag from /usr/local/lib/python3.10/dist-packages/airflow/example_dags/tutorial.py
[2023-11-28T01:05:13.105+0000] {processor.py:839} INFO - DAG(s) dict_keys(['tutorial']) retrieved from /usr/local/lib/python3.10/dist-packages/airflow/example_dags/tutorial.py
[2023-11-28T01:05:13.123+0000] {logging_mixin.py:154} INFO - [2023-11-28T01:05:13.123+0000] {dag.py:2941} INFO - Sync 1 DAGs
[2023-11-28T01:05:13.146+0000] {logging_mixin.py:154} INFO - [2023-11-28T01:05:13.145+0000] {dag.py:3722} INFO - Setting next_dagrun for tutorial to 2023-11-27T01:05:13.145504+00:00, run_after=2023-11-28T01:05:13.145504+00:00
[2023-11-28T01:05:13.169+0000] {processor.py:179} INFO - Processing /usr/local/lib/python3.10/dist-packages/airflow/example_dags/tutorial.py took 0.082 seconds
[2023-11-28T01:05:45.269+0000] {processor.py:157} INFO - Started process (PID=6032) to work on /usr/local/lib/python3.10/dist-packages/airflow/example_dags/tutorial.py
[2023-11-28T01:05:45.271+0000] {processor.py:829} INFO - Processing file /usr/local/lib/python3.10/dist-packages/airflow/example_dags/tutorial.py for tasks to queue
[2023-11-28T01:05:45.272+0000] {logging_mixin.py:154} INFO - [2023-11-28T01:05:45.271+0000] {dagbag.py:536} INFO - Filling up the DagBag from /usr/local/lib/python3.10/dist-packages/airflow/example_dags/tutorial.py
[2023-11-28T01:05:45.279+0000] {processor.py:839} INFO - DAG(s) dict_keys(['tutorial']) retrieved from /usr/local/lib/python3.10/dist-packages/airflow/example_dags/tutorial.py
[2023-11-28T01:05:45.296+0000] {logging_mixin.py:154} INFO - [2023-11-28T01:05:45.296+0000] {dag.py:2941} INFO - Sync 1 DAGs
[2023-11-28T01:05:45.317+0000] {logging_mixin.py:154} INFO - [2023-11-28T01:05:45.317+0000] {dag.py:3722} INFO - Setting next_dagrun for tutorial to 2023-11-27T01:05:45.317028+00:00, run_after=2023-11-28T01:05:45.317028+00:00
[2023-11-28T01:05:45.339+0000] {processor.py:179} INFO - Processing /usr/local/lib/python3.10/dist-packages/airflow/example_dags/tutorial.py took 0.073 seconds
[2023-11-28T01:06:17.395+0000] {processor.py:157} INFO - Started process (PID=6064) to work on /usr/local/lib/python3.10/dist-packages/airflow/example_dags/tutorial.py
[2023-11-28T01:06:17.396+0000] {processor.py:829} INFO - Processing file /usr/local/lib/python3.10/dist-packages/airflow/example_dags/tutorial.py for tasks to queue
[2023-11-28T01:06:17.396+0000] {logging_mixin.py:154} INFO - [2023-11-28T01:06:17.396+0000] {dagbag.py:536} INFO - Filling up the DagBag from /usr/local/lib/python3.10/dist-packages/airflow/example_dags/tutorial.py
[2023-11-28T01:06:17.404+0000] {processor.py:839} INFO - DAG(s) dict_keys(['tutorial']) retrieved from /usr/local/lib/python3.10/dist-packages/airflow/example_dags/tutorial.py
[2023-11-28T01:06:17.421+0000] {logging_mixin.py:154} INFO - [2023-11-28T01:06:17.421+0000] {dag.py:2941} INFO - Sync 1 DAGs
[2023-11-28T01:06:17.442+0000] {logging_mixin.py:154} INFO - [2023-11-28T01:06:17.442+0000] {dag.py:3722} INFO - Setting next_dagrun for tutorial to 2023-11-27T01:06:17.442432+00:00, run_after=2023-11-28T01:06:17.442432+00:00
[2023-11-28T01:06:17.465+0000] {processor.py:179} INFO - Processing /usr/local/lib/python3.10/dist-packages/airflow/example_dags/tutorial.py took 0.074 seconds
[2023-11-28T01:07:02.526+0000] {processor.py:157} INFO - Started process (PID=6110) to work on /usr/local/lib/python3.10/dist-packages/airflow/example_dags/tutorial.py
[2023-11-28T01:07:02.527+0000] {processor.py:829} INFO - Processing file /usr/local/lib/python3.10/dist-packages/airflow/example_dags/tutorial.py for tasks to queue
[2023-11-28T01:07:02.528+0000] {logging_mixin.py:154} INFO - [2023-11-28T01:07:02.528+0000] {dagbag.py:536} INFO - Filling up the DagBag from /usr/local/lib/python3.10/dist-packages/airflow/example_dags/tutorial.py
[2023-11-28T01:07:02.535+0000] {processor.py:839} INFO - DAG(s) dict_keys(['tutorial']) retrieved from /usr/local/lib/python3.10/dist-packages/airflow/example_dags/tutorial.py
[2023-11-28T01:07:02.552+0000] {logging_mixin.py:154} INFO - [2023-11-28T01:07:02.551+0000] {dag.py:2941} INFO - Sync 1 DAGs
[2023-11-28T01:07:02.573+0000] {logging_mixin.py:154} INFO - [2023-11-28T01:07:02.573+0000] {dag.py:3722} INFO - Setting next_dagrun for tutorial to 2023-11-27T01:07:02.572965+00:00, run_after=2023-11-28T01:07:02.572965+00:00
[2023-11-28T01:07:02.597+0000] {processor.py:179} INFO - Processing /usr/local/lib/python3.10/dist-packages/airflow/example_dags/tutorial.py took 0.075 seconds
[2023-11-28T01:07:36.025+0000] {processor.py:157} INFO - Started process (PID=6144) to work on /usr/local/lib/python3.10/dist-packages/airflow/example_dags/tutorial.py
[2023-11-28T01:07:36.026+0000] {processor.py:829} INFO - Processing file /usr/local/lib/python3.10/dist-packages/airflow/example_dags/tutorial.py for tasks to queue
[2023-11-28T01:07:36.027+0000] {logging_mixin.py:154} INFO - [2023-11-28T01:07:36.027+0000] {dagbag.py:536} INFO - Filling up the DagBag from /usr/local/lib/python3.10/dist-packages/airflow/example_dags/tutorial.py
[2023-11-28T01:07:36.034+0000] {processor.py:839} INFO - DAG(s) dict_keys(['tutorial']) retrieved from /usr/local/lib/python3.10/dist-packages/airflow/example_dags/tutorial.py
[2023-11-28T01:07:36.051+0000] {logging_mixin.py:154} INFO - [2023-11-28T01:07:36.051+0000] {dag.py:2941} INFO - Sync 1 DAGs
[2023-11-28T01:07:36.073+0000] {logging_mixin.py:154} INFO - [2023-11-28T01:07:36.072+0000] {dag.py:3722} INFO - Setting next_dagrun for tutorial to 2023-11-27T01:07:36.072655+00:00, run_after=2023-11-28T01:07:36.072655+00:00
[2023-11-28T01:07:36.097+0000] {processor.py:179} INFO - Processing /usr/local/lib/python3.10/dist-packages/airflow/example_dags/tutorial.py took 0.075 seconds
[2023-11-28T01:08:08.334+0000] {processor.py:157} INFO - Started process (PID=6177) to work on /usr/local/lib/python3.10/dist-packages/airflow/example_dags/tutorial.py
[2023-11-28T01:08:08.335+0000] {processor.py:829} INFO - Processing file /usr/local/lib/python3.10/dist-packages/airflow/example_dags/tutorial.py for tasks to queue
[2023-11-28T01:08:08.336+0000] {logging_mixin.py:154} INFO - [2023-11-28T01:08:08.336+0000] {dagbag.py:536} INFO - Filling up the DagBag from /usr/local/lib/python3.10/dist-packages/airflow/example_dags/tutorial.py
[2023-11-28T01:08:08.344+0000] {processor.py:839} INFO - DAG(s) dict_keys(['tutorial']) retrieved from /usr/local/lib/python3.10/dist-packages/airflow/example_dags/tutorial.py
[2023-11-28T01:08:08.361+0000] {logging_mixin.py:154} INFO - [2023-11-28T01:08:08.361+0000] {dag.py:2941} INFO - Sync 1 DAGs
[2023-11-28T01:08:08.382+0000] {logging_mixin.py:154} INFO - [2023-11-28T01:08:08.382+0000] {dag.py:3722} INFO - Setting next_dagrun for tutorial to 2023-11-27T01:08:08.382112+00:00, run_after=2023-11-28T01:08:08.382112+00:00
[2023-11-28T01:08:08.405+0000] {processor.py:179} INFO - Processing /usr/local/lib/python3.10/dist-packages/airflow/example_dags/tutorial.py took 0.075 seconds
[2023-11-28T01:08:40.393+0000] {processor.py:157} INFO - Started process (PID=6212) to work on /usr/local/lib/python3.10/dist-packages/airflow/example_dags/tutorial.py
[2023-11-28T01:08:40.394+0000] {processor.py:829} INFO - Processing file /usr/local/lib/python3.10/dist-packages/airflow/example_dags/tutorial.py for tasks to queue
[2023-11-28T01:08:40.395+0000] {logging_mixin.py:154} INFO - [2023-11-28T01:08:40.395+0000] {dagbag.py:536} INFO - Filling up the DagBag from /usr/local/lib/python3.10/dist-packages/airflow/example_dags/tutorial.py
[2023-11-28T01:08:40.402+0000] {processor.py:839} INFO - DAG(s) dict_keys(['tutorial']) retrieved from /usr/local/lib/python3.10/dist-packages/airflow/example_dags/tutorial.py
[2023-11-28T01:08:40.419+0000] {logging_mixin.py:154} INFO - [2023-11-28T01:08:40.419+0000] {dag.py:2941} INFO - Sync 1 DAGs
[2023-11-28T01:08:40.441+0000] {logging_mixin.py:154} INFO - [2023-11-28T01:08:40.441+0000] {dag.py:3722} INFO - Setting next_dagrun for tutorial to 2023-11-27T01:08:40.441400+00:00, run_after=2023-11-28T01:08:40.441400+00:00
[2023-11-28T01:08:40.465+0000] {processor.py:179} INFO - Processing /usr/local/lib/python3.10/dist-packages/airflow/example_dags/tutorial.py took 0.075 seconds
[2023-11-28T01:09:21.593+0000] {processor.py:157} INFO - Started process (PID=6257) to work on /usr/local/lib/python3.10/dist-packages/airflow/example_dags/tutorial.py
[2023-11-28T01:09:21.595+0000] {processor.py:829} INFO - Processing file /usr/local/lib/python3.10/dist-packages/airflow/example_dags/tutorial.py for tasks to queue
[2023-11-28T01:09:21.596+0000] {logging_mixin.py:154} INFO - [2023-11-28T01:09:21.595+0000] {dagbag.py:536} INFO - Filling up the DagBag from /usr/local/lib/python3.10/dist-packages/airflow/example_dags/tutorial.py
[2023-11-28T01:09:21.603+0000] {processor.py:839} INFO - DAG(s) dict_keys(['tutorial']) retrieved from /usr/local/lib/python3.10/dist-packages/airflow/example_dags/tutorial.py
[2023-11-28T01:09:21.621+0000] {logging_mixin.py:154} INFO - [2023-11-28T01:09:21.620+0000] {dag.py:2941} INFO - Sync 1 DAGs
[2023-11-28T01:09:21.643+0000] {logging_mixin.py:154} INFO - [2023-11-28T01:09:21.643+0000] {dag.py:3722} INFO - Setting next_dagrun for tutorial to 2023-11-27T01:09:21.642935+00:00, run_after=2023-11-28T01:09:21.642935+00:00
[2023-11-28T01:09:21.668+0000] {processor.py:179} INFO - Processing /usr/local/lib/python3.10/dist-packages/airflow/example_dags/tutorial.py took 0.079 seconds
[2023-11-28T01:10:06.892+0000] {processor.py:157} INFO - Started process (PID=6303) to work on /usr/local/lib/python3.10/dist-packages/airflow/example_dags/tutorial.py
[2023-11-28T01:10:06.894+0000] {processor.py:829} INFO - Processing file /usr/local/lib/python3.10/dist-packages/airflow/example_dags/tutorial.py for tasks to queue
[2023-11-28T01:10:06.895+0000] {logging_mixin.py:154} INFO - [2023-11-28T01:10:06.894+0000] {dagbag.py:536} INFO - Filling up the DagBag from /usr/local/lib/python3.10/dist-packages/airflow/example_dags/tutorial.py
[2023-11-28T01:10:06.902+0000] {processor.py:839} INFO - DAG(s) dict_keys(['tutorial']) retrieved from /usr/local/lib/python3.10/dist-packages/airflow/example_dags/tutorial.py
[2023-11-28T01:10:06.919+0000] {logging_mixin.py:154} INFO - [2023-11-28T01:10:06.919+0000] {dag.py:2941} INFO - Sync 1 DAGs
[2023-11-28T01:10:06.942+0000] {logging_mixin.py:154} INFO - [2023-11-28T01:10:06.941+0000] {dag.py:3722} INFO - Setting next_dagrun for tutorial to 2023-11-27T01:10:06.941629+00:00, run_after=2023-11-28T01:10:06.941629+00:00
[2023-11-28T01:10:06.966+0000] {processor.py:179} INFO - Processing /usr/local/lib/python3.10/dist-packages/airflow/example_dags/tutorial.py took 0.077 seconds
[2023-11-28T01:10:37.903+0000] {processor.py:157} INFO - Started process (PID=6334) to work on /usr/local/lib/python3.10/dist-packages/airflow/example_dags/tutorial.py
[2023-11-28T01:10:37.903+0000] {processor.py:829} INFO - Processing file /usr/local/lib/python3.10/dist-packages/airflow/example_dags/tutorial.py for tasks to queue
[2023-11-28T01:10:37.904+0000] {logging_mixin.py:154} INFO - [2023-11-28T01:10:37.904+0000] {dagbag.py:536} INFO - Filling up the DagBag from /usr/local/lib/python3.10/dist-packages/airflow/example_dags/tutorial.py
[2023-11-28T01:10:37.912+0000] {processor.py:839} INFO - DAG(s) dict_keys(['tutorial']) retrieved from /usr/local/lib/python3.10/dist-packages/airflow/example_dags/tutorial.py
[2023-11-28T01:10:37.929+0000] {logging_mixin.py:154} INFO - [2023-11-28T01:10:37.929+0000] {dag.py:2941} INFO - Sync 1 DAGs
[2023-11-28T01:10:37.950+0000] {logging_mixin.py:154} INFO - [2023-11-28T01:10:37.950+0000] {dag.py:3722} INFO - Setting next_dagrun for tutorial to 2023-11-27T01:10:37.950152+00:00, run_after=2023-11-28T01:10:37.950152+00:00
[2023-11-28T01:10:37.973+0000] {processor.py:179} INFO - Processing /usr/local/lib/python3.10/dist-packages/airflow/example_dags/tutorial.py took 0.074 seconds
[2023-11-28T01:11:11.072+0000] {processor.py:157} INFO - Started process (PID=6368) to work on /usr/local/lib/python3.10/dist-packages/airflow/example_dags/tutorial.py
[2023-11-28T01:11:11.073+0000] {processor.py:829} INFO - Processing file /usr/local/lib/python3.10/dist-packages/airflow/example_dags/tutorial.py for tasks to queue
[2023-11-28T01:11:11.074+0000] {logging_mixin.py:154} INFO - [2023-11-28T01:11:11.074+0000] {dagbag.py:536} INFO - Filling up the DagBag from /usr/local/lib/python3.10/dist-packages/airflow/example_dags/tutorial.py
[2023-11-28T01:11:11.082+0000] {processor.py:839} INFO - DAG(s) dict_keys(['tutorial']) retrieved from /usr/local/lib/python3.10/dist-packages/airflow/example_dags/tutorial.py
[2023-11-28T01:11:11.099+0000] {logging_mixin.py:154} INFO - [2023-11-28T01:11:11.098+0000] {dag.py:2941} INFO - Sync 1 DAGs
[2023-11-28T01:11:11.120+0000] {logging_mixin.py:154} INFO - [2023-11-28T01:11:11.119+0000] {dag.py:3722} INFO - Setting next_dagrun for tutorial to 2023-11-27T01:11:11.119670+00:00, run_after=2023-11-28T01:11:11.119670+00:00
[2023-11-28T01:11:11.144+0000] {processor.py:179} INFO - Processing /usr/local/lib/python3.10/dist-packages/airflow/example_dags/tutorial.py took 0.076 seconds
[2023-11-28T01:11:55.086+0000] {processor.py:157} INFO - Started process (PID=6414) to work on /usr/local/lib/python3.10/dist-packages/airflow/example_dags/tutorial.py
[2023-11-28T01:11:55.087+0000] {processor.py:829} INFO - Processing file /usr/local/lib/python3.10/dist-packages/airflow/example_dags/tutorial.py for tasks to queue
[2023-11-28T01:11:55.088+0000] {logging_mixin.py:154} INFO - [2023-11-28T01:11:55.088+0000] {dagbag.py:536} INFO - Filling up the DagBag from /usr/local/lib/python3.10/dist-packages/airflow/example_dags/tutorial.py
[2023-11-28T01:11:55.096+0000] {processor.py:839} INFO - DAG(s) dict_keys(['tutorial']) retrieved from /usr/local/lib/python3.10/dist-packages/airflow/example_dags/tutorial.py
[2023-11-28T01:11:55.114+0000] {logging_mixin.py:154} INFO - [2023-11-28T01:11:55.113+0000] {dag.py:2941} INFO - Sync 1 DAGs
[2023-11-28T01:11:55.136+0000] {logging_mixin.py:154} INFO - [2023-11-28T01:11:55.136+0000] {dag.py:3722} INFO - Setting next_dagrun for tutorial to 2023-11-27T01:11:55.135807+00:00, run_after=2023-11-28T01:11:55.135807+00:00
[2023-11-28T01:11:55.158+0000] {processor.py:179} INFO - Processing /usr/local/lib/python3.10/dist-packages/airflow/example_dags/tutorial.py took 0.076 seconds
[2023-11-28T01:12:27.269+0000] {processor.py:157} INFO - Started process (PID=6447) to work on /usr/local/lib/python3.10/dist-packages/airflow/example_dags/tutorial.py
[2023-11-28T01:12:27.269+0000] {processor.py:829} INFO - Processing file /usr/local/lib/python3.10/dist-packages/airflow/example_dags/tutorial.py for tasks to queue
[2023-11-28T01:12:27.270+0000] {logging_mixin.py:154} INFO - [2023-11-28T01:12:27.270+0000] {dagbag.py:536} INFO - Filling up the DagBag from /usr/local/lib/python3.10/dist-packages/airflow/example_dags/tutorial.py
[2023-11-28T01:12:27.277+0000] {processor.py:839} INFO - DAG(s) dict_keys(['tutorial']) retrieved from /usr/local/lib/python3.10/dist-packages/airflow/example_dags/tutorial.py
[2023-11-28T01:12:27.294+0000] {logging_mixin.py:154} INFO - [2023-11-28T01:12:27.294+0000] {dag.py:2941} INFO - Sync 1 DAGs
[2023-11-28T01:12:27.316+0000] {logging_mixin.py:154} INFO - [2023-11-28T01:12:27.315+0000] {dag.py:3722} INFO - Setting next_dagrun for tutorial to 2023-11-27T01:12:27.315741+00:00, run_after=2023-11-28T01:12:27.315741+00:00
[2023-11-28T01:12:27.339+0000] {processor.py:179} INFO - Processing /usr/local/lib/python3.10/dist-packages/airflow/example_dags/tutorial.py took 0.074 seconds
[2023-11-28T01:13:08.570+0000] {processor.py:157} INFO - Started process (PID=6491) to work on /usr/local/lib/python3.10/dist-packages/airflow/example_dags/tutorial.py
[2023-11-28T01:13:08.571+0000] {processor.py:829} INFO - Processing file /usr/local/lib/python3.10/dist-packages/airflow/example_dags/tutorial.py for tasks to queue
[2023-11-28T01:13:08.572+0000] {logging_mixin.py:154} INFO - [2023-11-28T01:13:08.572+0000] {dagbag.py:536} INFO - Filling up the DagBag from /usr/local/lib/python3.10/dist-packages/airflow/example_dags/tutorial.py
[2023-11-28T01:13:08.580+0000] {processor.py:839} INFO - DAG(s) dict_keys(['tutorial']) retrieved from /usr/local/lib/python3.10/dist-packages/airflow/example_dags/tutorial.py
[2023-11-28T01:13:08.597+0000] {logging_mixin.py:154} INFO - [2023-11-28T01:13:08.596+0000] {dag.py:2941} INFO - Sync 1 DAGs
[2023-11-28T01:13:08.618+0000] {logging_mixin.py:154} INFO - [2023-11-28T01:13:08.618+0000] {dag.py:3722} INFO - Setting next_dagrun for tutorial to 2023-11-27T01:13:08.617921+00:00, run_after=2023-11-28T01:13:08.617921+00:00
[2023-11-28T01:13:08.641+0000] {processor.py:179} INFO - Processing /usr/local/lib/python3.10/dist-packages/airflow/example_dags/tutorial.py took 0.074 seconds
[2023-11-28T01:13:40.973+0000] {processor.py:157} INFO - Started process (PID=6523) to work on /usr/local/lib/python3.10/dist-packages/airflow/example_dags/tutorial.py
[2023-11-28T01:13:40.974+0000] {processor.py:829} INFO - Processing file /usr/local/lib/python3.10/dist-packages/airflow/example_dags/tutorial.py for tasks to queue
[2023-11-28T01:13:40.975+0000] {logging_mixin.py:154} INFO - [2023-11-28T01:13:40.974+0000] {dagbag.py:536} INFO - Filling up the DagBag from /usr/local/lib/python3.10/dist-packages/airflow/example_dags/tutorial.py
[2023-11-28T01:13:40.982+0000] {processor.py:839} INFO - DAG(s) dict_keys(['tutorial']) retrieved from /usr/local/lib/python3.10/dist-packages/airflow/example_dags/tutorial.py
[2023-11-28T01:13:40.998+0000] {logging_mixin.py:154} INFO - [2023-11-28T01:13:40.998+0000] {dag.py:2941} INFO - Sync 1 DAGs
[2023-11-28T01:13:41.020+0000] {logging_mixin.py:154} INFO - [2023-11-28T01:13:41.020+0000] {dag.py:3722} INFO - Setting next_dagrun for tutorial to 2023-11-27T01:13:41.019861+00:00, run_after=2023-11-28T01:13:41.019861+00:00
[2023-11-28T01:13:41.044+0000] {processor.py:179} INFO - Processing /usr/local/lib/python3.10/dist-packages/airflow/example_dags/tutorial.py took 0.075 seconds
[2023-11-28T01:14:15.671+0000] {processor.py:157} INFO - Started process (PID=6559) to work on /usr/local/lib/python3.10/dist-packages/airflow/example_dags/tutorial.py
[2023-11-28T01:14:15.672+0000] {processor.py:829} INFO - Processing file /usr/local/lib/python3.10/dist-packages/airflow/example_dags/tutorial.py for tasks to queue
[2023-11-28T01:14:15.673+0000] {logging_mixin.py:154} INFO - [2023-11-28T01:14:15.672+0000] {dagbag.py:536} INFO - Filling up the DagBag from /usr/local/lib/python3.10/dist-packages/airflow/example_dags/tutorial.py
[2023-11-28T01:14:15.680+0000] {processor.py:839} INFO - DAG(s) dict_keys(['tutorial']) retrieved from /usr/local/lib/python3.10/dist-packages/airflow/example_dags/tutorial.py
[2023-11-28T01:14:15.697+0000] {logging_mixin.py:154} INFO - [2023-11-28T01:14:15.697+0000] {dag.py:2941} INFO - Sync 1 DAGs
[2023-11-28T01:14:15.718+0000] {logging_mixin.py:154} INFO - [2023-11-28T01:14:15.718+0000] {dag.py:3722} INFO - Setting next_dagrun for tutorial to 2023-11-27T01:14:15.718493+00:00, run_after=2023-11-28T01:14:15.718493+00:00
[2023-11-28T01:14:15.742+0000] {processor.py:179} INFO - Processing /usr/local/lib/python3.10/dist-packages/airflow/example_dags/tutorial.py took 0.075 seconds
[2023-11-28T01:14:54.742+0000] {processor.py:157} INFO - Started process (PID=6605) to work on /usr/local/lib/python3.10/dist-packages/airflow/example_dags/tutorial.py
[2023-11-28T01:14:54.745+0000] {processor.py:829} INFO - Processing file /usr/local/lib/python3.10/dist-packages/airflow/example_dags/tutorial.py for tasks to queue
[2023-11-28T01:14:54.746+0000] {logging_mixin.py:154} INFO - [2023-11-28T01:14:54.746+0000] {dagbag.py:536} INFO - Filling up the DagBag from /usr/local/lib/python3.10/dist-packages/airflow/example_dags/tutorial.py
[2023-11-28T01:14:54.757+0000] {processor.py:839} INFO - DAG(s) dict_keys(['tutorial']) retrieved from /usr/local/lib/python3.10/dist-packages/airflow/example_dags/tutorial.py
[2023-11-28T01:14:54.765+0000] {logging_mixin.py:154} INFO - [2023-11-28T01:14:54.765+0000] {dag.py:2941} INFO - Sync 1 DAGs
[2023-11-28T01:14:54.786+0000] {logging_mixin.py:154} INFO - [2023-11-28T01:14:54.786+0000] {dag.py:3722} INFO - Setting next_dagrun for tutorial to 2023-11-27T01:14:54.786349+00:00, run_after=2023-11-28T01:14:54.786349+00:00
[2023-11-28T01:14:54.813+0000] {processor.py:179} INFO - Processing /usr/local/lib/python3.10/dist-packages/airflow/example_dags/tutorial.py took 0.075 seconds
[2023-11-28T01:15:41.511+0000] {processor.py:157} INFO - Started process (PID=6656) to work on /usr/local/lib/python3.10/dist-packages/airflow/example_dags/tutorial.py
[2023-11-28T01:15:41.512+0000] {processor.py:829} INFO - Processing file /usr/local/lib/python3.10/dist-packages/airflow/example_dags/tutorial.py for tasks to queue
[2023-11-28T01:15:41.513+0000] {logging_mixin.py:154} INFO - [2023-11-28T01:15:41.513+0000] {dagbag.py:536} INFO - Filling up the DagBag from /usr/local/lib/python3.10/dist-packages/airflow/example_dags/tutorial.py
[2023-11-28T01:15:41.520+0000] {processor.py:839} INFO - DAG(s) dict_keys(['tutorial']) retrieved from /usr/local/lib/python3.10/dist-packages/airflow/example_dags/tutorial.py
[2023-11-28T01:15:41.537+0000] {logging_mixin.py:154} INFO - [2023-11-28T01:15:41.537+0000] {dag.py:2941} INFO - Sync 1 DAGs
[2023-11-28T01:15:41.560+0000] {logging_mixin.py:154} INFO - [2023-11-28T01:15:41.559+0000] {dag.py:3722} INFO - Setting next_dagrun for tutorial to 2023-11-27T01:15:41.559554+00:00, run_after=2023-11-28T01:15:41.559554+00:00
[2023-11-28T01:15:41.584+0000] {processor.py:179} INFO - Processing /usr/local/lib/python3.10/dist-packages/airflow/example_dags/tutorial.py took 0.076 seconds
[2023-11-28T01:16:24.518+0000] {processor.py:157} INFO - Started process (PID=6701) to work on /usr/local/lib/python3.10/dist-packages/airflow/example_dags/tutorial.py
[2023-11-28T01:16:24.519+0000] {processor.py:829} INFO - Processing file /usr/local/lib/python3.10/dist-packages/airflow/example_dags/tutorial.py for tasks to queue
[2023-11-28T01:16:24.520+0000] {logging_mixin.py:154} INFO - [2023-11-28T01:16:24.520+0000] {dagbag.py:536} INFO - Filling up the DagBag from /usr/local/lib/python3.10/dist-packages/airflow/example_dags/tutorial.py
[2023-11-28T01:16:24.528+0000] {processor.py:839} INFO - DAG(s) dict_keys(['tutorial']) retrieved from /usr/local/lib/python3.10/dist-packages/airflow/example_dags/tutorial.py
[2023-11-28T01:16:24.545+0000] {logging_mixin.py:154} INFO - [2023-11-28T01:16:24.545+0000] {dag.py:2941} INFO - Sync 1 DAGs
[2023-11-28T01:16:24.567+0000] {logging_mixin.py:154} INFO - [2023-11-28T01:16:24.567+0000] {dag.py:3722} INFO - Setting next_dagrun for tutorial to 2023-11-27T01:16:24.567211+00:00, run_after=2023-11-28T01:16:24.567211+00:00
[2023-11-28T01:16:24.590+0000] {processor.py:179} INFO - Processing /usr/local/lib/python3.10/dist-packages/airflow/example_dags/tutorial.py took 0.076 seconds
[2023-11-28T01:16:56.768+0000] {processor.py:157} INFO - Started process (PID=6739) to work on /usr/local/lib/python3.10/dist-packages/airflow/example_dags/tutorial.py
[2023-11-28T01:16:56.770+0000] {processor.py:829} INFO - Processing file /usr/local/lib/python3.10/dist-packages/airflow/example_dags/tutorial.py for tasks to queue
[2023-11-28T01:16:56.771+0000] {logging_mixin.py:154} INFO - [2023-11-28T01:16:56.770+0000] {dagbag.py:536} INFO - Filling up the DagBag from /usr/local/lib/python3.10/dist-packages/airflow/example_dags/tutorial.py
[2023-11-28T01:16:56.778+0000] {processor.py:839} INFO - DAG(s) dict_keys(['tutorial']) retrieved from /usr/local/lib/python3.10/dist-packages/airflow/example_dags/tutorial.py
[2023-11-28T01:16:56.796+0000] {logging_mixin.py:154} INFO - [2023-11-28T01:16:56.795+0000] {dag.py:2941} INFO - Sync 1 DAGs
[2023-11-28T01:16:56.817+0000] {logging_mixin.py:154} INFO - [2023-11-28T01:16:56.817+0000] {dag.py:3722} INFO - Setting next_dagrun for tutorial to 2023-11-27T01:16:56.817463+00:00, run_after=2023-11-28T01:16:56.817463+00:00
[2023-11-28T01:16:56.841+0000] {processor.py:179} INFO - Processing /usr/local/lib/python3.10/dist-packages/airflow/example_dags/tutorial.py took 0.076 seconds
[2023-11-28T01:17:44.361+0000] {processor.py:157} INFO - Started process (PID=6789) to work on /usr/local/lib/python3.10/dist-packages/airflow/example_dags/tutorial.py
[2023-11-28T01:17:44.362+0000] {processor.py:829} INFO - Processing file /usr/local/lib/python3.10/dist-packages/airflow/example_dags/tutorial.py for tasks to queue
[2023-11-28T01:17:44.363+0000] {logging_mixin.py:154} INFO - [2023-11-28T01:17:44.362+0000] {dagbag.py:536} INFO - Filling up the DagBag from /usr/local/lib/python3.10/dist-packages/airflow/example_dags/tutorial.py
[2023-11-28T01:17:44.370+0000] {processor.py:839} INFO - DAG(s) dict_keys(['tutorial']) retrieved from /usr/local/lib/python3.10/dist-packages/airflow/example_dags/tutorial.py
[2023-11-28T01:17:44.387+0000] {logging_mixin.py:154} INFO - [2023-11-28T01:17:44.387+0000] {dag.py:2941} INFO - Sync 1 DAGs
[2023-11-28T01:17:44.409+0000] {logging_mixin.py:154} INFO - [2023-11-28T01:17:44.409+0000] {dag.py:3722} INFO - Setting next_dagrun for tutorial to 2023-11-27T01:17:44.408807+00:00, run_after=2023-11-28T01:17:44.408807+00:00
[2023-11-28T01:17:44.432+0000] {processor.py:179} INFO - Processing /usr/local/lib/python3.10/dist-packages/airflow/example_dags/tutorial.py took 0.075 seconds
[2023-11-28T01:18:26.484+0000] {processor.py:157} INFO - Started process (PID=6834) to work on /usr/local/lib/python3.10/dist-packages/airflow/example_dags/tutorial.py
[2023-11-28T01:18:26.485+0000] {processor.py:829} INFO - Processing file /usr/local/lib/python3.10/dist-packages/airflow/example_dags/tutorial.py for tasks to queue
[2023-11-28T01:18:26.486+0000] {logging_mixin.py:154} INFO - [2023-11-28T01:18:26.486+0000] {dagbag.py:536} INFO - Filling up the DagBag from /usr/local/lib/python3.10/dist-packages/airflow/example_dags/tutorial.py
[2023-11-28T01:18:26.493+0000] {processor.py:839} INFO - DAG(s) dict_keys(['tutorial']) retrieved from /usr/local/lib/python3.10/dist-packages/airflow/example_dags/tutorial.py
[2023-11-28T01:18:26.510+0000] {logging_mixin.py:154} INFO - [2023-11-28T01:18:26.510+0000] {dag.py:2941} INFO - Sync 1 DAGs
[2023-11-28T01:18:26.530+0000] {logging_mixin.py:154} INFO - [2023-11-28T01:18:26.530+0000] {dag.py:3722} INFO - Setting next_dagrun for tutorial to 2023-11-27T01:18:26.530053+00:00, run_after=2023-11-28T01:18:26.530053+00:00
[2023-11-28T01:18:26.552+0000] {processor.py:179} INFO - Processing /usr/local/lib/python3.10/dist-packages/airflow/example_dags/tutorial.py took 0.071 seconds
[2023-11-28T01:18:58.046+0000] {processor.py:157} INFO - Started process (PID=6867) to work on /usr/local/lib/python3.10/dist-packages/airflow/example_dags/tutorial.py
[2023-11-28T01:18:58.048+0000] {processor.py:829} INFO - Processing file /usr/local/lib/python3.10/dist-packages/airflow/example_dags/tutorial.py for tasks to queue
[2023-11-28T01:18:58.048+0000] {logging_mixin.py:154} INFO - [2023-11-28T01:18:58.048+0000] {dagbag.py:536} INFO - Filling up the DagBag from /usr/local/lib/python3.10/dist-packages/airflow/example_dags/tutorial.py
[2023-11-28T01:18:58.056+0000] {processor.py:839} INFO - DAG(s) dict_keys(['tutorial']) retrieved from /usr/local/lib/python3.10/dist-packages/airflow/example_dags/tutorial.py
[2023-11-28T01:18:58.073+0000] {logging_mixin.py:154} INFO - [2023-11-28T01:18:58.072+0000] {dag.py:2941} INFO - Sync 1 DAGs
[2023-11-28T01:18:58.093+0000] {logging_mixin.py:154} INFO - [2023-11-28T01:18:58.093+0000] {dag.py:3722} INFO - Setting next_dagrun for tutorial to 2023-11-27T01:18:58.093224+00:00, run_after=2023-11-28T01:18:58.093224+00:00
[2023-11-28T01:18:58.118+0000] {processor.py:179} INFO - Processing /usr/local/lib/python3.10/dist-packages/airflow/example_dags/tutorial.py took 0.075 seconds
[2023-11-28T01:19:41.695+0000] {processor.py:157} INFO - Started process (PID=7032) to work on /usr/local/lib/python3.10/dist-packages/airflow/example_dags/tutorial.py
[2023-11-28T01:19:41.697+0000] {processor.py:829} INFO - Processing file /usr/local/lib/python3.10/dist-packages/airflow/example_dags/tutorial.py for tasks to queue
[2023-11-28T01:19:41.698+0000] {logging_mixin.py:154} INFO - [2023-11-28T01:19:41.697+0000] {dagbag.py:536} INFO - Filling up the DagBag from /usr/local/lib/python3.10/dist-packages/airflow/example_dags/tutorial.py
[2023-11-28T01:19:41.705+0000] {processor.py:839} INFO - DAG(s) dict_keys(['tutorial']) retrieved from /usr/local/lib/python3.10/dist-packages/airflow/example_dags/tutorial.py
[2023-11-28T01:19:41.721+0000] {logging_mixin.py:154} INFO - [2023-11-28T01:19:41.721+0000] {dag.py:2941} INFO - Sync 1 DAGs
[2023-11-28T01:19:41.742+0000] {logging_mixin.py:154} INFO - [2023-11-28T01:19:41.742+0000] {dag.py:3722} INFO - Setting next_dagrun for tutorial to 2023-11-27T01:19:41.742164+00:00, run_after=2023-11-28T01:19:41.742164+00:00
[2023-11-28T01:19:41.768+0000] {processor.py:179} INFO - Processing /usr/local/lib/python3.10/dist-packages/airflow/example_dags/tutorial.py took 0.076 seconds
