[2023-11-28T00:44:18.728+0000] {processor.py:157} INFO - Started process (PID=3397) to work on /usr/local/lib/python3.10/dist-packages/airflow/example_dags/tutorial_dag.py
[2023-11-28T00:44:18.730+0000] {processor.py:829} INFO - Processing file /usr/local/lib/python3.10/dist-packages/airflow/example_dags/tutorial_dag.py for tasks to queue
[2023-11-28T00:44:18.731+0000] {logging_mixin.py:154} INFO - [2023-11-28T00:44:18.730+0000] {dagbag.py:536} INFO - Filling up the DagBag from /usr/local/lib/python3.10/dist-packages/airflow/example_dags/tutorial_dag.py
[2023-11-28T00:44:18.741+0000] {processor.py:839} INFO - DAG(s) dict_keys(['tutorial_dag']) retrieved from /usr/local/lib/python3.10/dist-packages/airflow/example_dags/tutorial_dag.py
[2023-11-28T00:44:18.953+0000] {logging_mixin.py:154} INFO - [2023-11-28T00:44:18.952+0000] {manager.py:499} INFO - Created Permission View: %s
[2023-11-28T00:44:19.052+0000] {logging_mixin.py:154} INFO - [2023-11-28T00:44:19.052+0000] {manager.py:499} INFO - Created Permission View: %s
[2023-11-28T00:44:19.085+0000] {logging_mixin.py:154} INFO - [2023-11-28T00:44:19.084+0000] {manager.py:499} INFO - Created Permission View: %s
[2023-11-28T00:44:19.086+0000] {logging_mixin.py:154} INFO - [2023-11-28T00:44:19.086+0000] {dag.py:2941} INFO - Sync 1 DAGs
[2023-11-28T00:44:19.177+0000] {logging_mixin.py:154} INFO - [2023-11-28T00:44:19.176+0000] {dag.py:2963} INFO - Creating ORM DAG for tutorial_dag
[2023-11-28T00:44:19.177+0000] {logging_mixin.py:154} INFO - [2023-11-28T00:44:19.177+0000] {dag.py:3722} INFO - Setting next_dagrun for tutorial_dag to None, run_after=None
[2023-11-28T00:44:19.204+0000] {processor.py:179} INFO - Processing /usr/local/lib/python3.10/dist-packages/airflow/example_dags/tutorial_dag.py took 0.479 seconds
[2023-11-28T00:45:13.450+0000] {processor.py:157} INFO - Started process (PID=3528) to work on /usr/local/lib/python3.10/dist-packages/airflow/example_dags/tutorial_dag.py
[2023-11-28T00:45:13.451+0000] {processor.py:829} INFO - Processing file /usr/local/lib/python3.10/dist-packages/airflow/example_dags/tutorial_dag.py for tasks to queue
[2023-11-28T00:45:13.452+0000] {logging_mixin.py:154} INFO - [2023-11-28T00:45:13.452+0000] {dagbag.py:536} INFO - Filling up the DagBag from /usr/local/lib/python3.10/dist-packages/airflow/example_dags/tutorial_dag.py
[2023-11-28T00:45:13.459+0000] {processor.py:839} INFO - DAG(s) dict_keys(['tutorial_dag']) retrieved from /usr/local/lib/python3.10/dist-packages/airflow/example_dags/tutorial_dag.py
[2023-11-28T00:45:13.477+0000] {logging_mixin.py:154} INFO - [2023-11-28T00:45:13.477+0000] {dag.py:2941} INFO - Sync 1 DAGs
[2023-11-28T00:45:13.490+0000] {logging_mixin.py:154} INFO - [2023-11-28T00:45:13.490+0000] {dag.py:3722} INFO - Setting next_dagrun for tutorial_dag to None, run_after=None
[2023-11-28T00:45:13.515+0000] {processor.py:179} INFO - Processing /usr/local/lib/python3.10/dist-packages/airflow/example_dags/tutorial_dag.py took 0.068 seconds
[2023-11-28T00:45:53.514+0000] {processor.py:157} INFO - Started process (PID=3579) to work on /usr/local/lib/python3.10/dist-packages/airflow/example_dags/tutorial_dag.py
[2023-11-28T00:45:53.515+0000] {processor.py:829} INFO - Processing file /usr/local/lib/python3.10/dist-packages/airflow/example_dags/tutorial_dag.py for tasks to queue
[2023-11-28T00:45:53.516+0000] {logging_mixin.py:154} INFO - [2023-11-28T00:45:53.516+0000] {dagbag.py:536} INFO - Filling up the DagBag from /usr/local/lib/python3.10/dist-packages/airflow/example_dags/tutorial_dag.py
[2023-11-28T00:45:53.523+0000] {processor.py:839} INFO - DAG(s) dict_keys(['tutorial_dag']) retrieved from /usr/local/lib/python3.10/dist-packages/airflow/example_dags/tutorial_dag.py
[2023-11-28T00:45:53.540+0000] {logging_mixin.py:154} INFO - [2023-11-28T00:45:53.540+0000] {dag.py:2941} INFO - Sync 1 DAGs
[2023-11-28T00:45:53.552+0000] {logging_mixin.py:154} INFO - [2023-11-28T00:45:53.552+0000] {dag.py:3722} INFO - Setting next_dagrun for tutorial_dag to None, run_after=None
[2023-11-28T00:45:53.574+0000] {processor.py:179} INFO - Processing /usr/local/lib/python3.10/dist-packages/airflow/example_dags/tutorial_dag.py took 0.063 seconds
[2023-11-28T00:46:34.784+0000] {processor.py:157} INFO - Started process (PID=3624) to work on /usr/local/lib/python3.10/dist-packages/airflow/example_dags/tutorial_dag.py
[2023-11-28T00:46:34.785+0000] {processor.py:829} INFO - Processing file /usr/local/lib/python3.10/dist-packages/airflow/example_dags/tutorial_dag.py for tasks to queue
[2023-11-28T00:46:34.786+0000] {logging_mixin.py:154} INFO - [2023-11-28T00:46:34.786+0000] {dagbag.py:536} INFO - Filling up the DagBag from /usr/local/lib/python3.10/dist-packages/airflow/example_dags/tutorial_dag.py
[2023-11-28T00:46:34.792+0000] {processor.py:839} INFO - DAG(s) dict_keys(['tutorial_dag']) retrieved from /usr/local/lib/python3.10/dist-packages/airflow/example_dags/tutorial_dag.py
[2023-11-28T00:46:34.809+0000] {logging_mixin.py:154} INFO - [2023-11-28T00:46:34.809+0000] {dag.py:2941} INFO - Sync 1 DAGs
[2023-11-28T00:46:34.821+0000] {logging_mixin.py:154} INFO - [2023-11-28T00:46:34.821+0000] {dag.py:3722} INFO - Setting next_dagrun for tutorial_dag to None, run_after=None
[2023-11-28T00:46:34.844+0000] {processor.py:179} INFO - Processing /usr/local/lib/python3.10/dist-packages/airflow/example_dags/tutorial_dag.py took 0.063 seconds
[2023-11-28T00:47:17.492+0000] {processor.py:157} INFO - Started process (PID=3672) to work on /usr/local/lib/python3.10/dist-packages/airflow/example_dags/tutorial_dag.py
[2023-11-28T00:47:17.494+0000] {processor.py:829} INFO - Processing file /usr/local/lib/python3.10/dist-packages/airflow/example_dags/tutorial_dag.py for tasks to queue
[2023-11-28T00:47:17.494+0000] {logging_mixin.py:154} INFO - [2023-11-28T00:47:17.494+0000] {dagbag.py:536} INFO - Filling up the DagBag from /usr/local/lib/python3.10/dist-packages/airflow/example_dags/tutorial_dag.py
[2023-11-28T00:47:17.501+0000] {processor.py:839} INFO - DAG(s) dict_keys(['tutorial_dag']) retrieved from /usr/local/lib/python3.10/dist-packages/airflow/example_dags/tutorial_dag.py
[2023-11-28T00:47:17.518+0000] {logging_mixin.py:154} INFO - [2023-11-28T00:47:17.518+0000] {dag.py:2941} INFO - Sync 1 DAGs
[2023-11-28T00:47:17.531+0000] {logging_mixin.py:154} INFO - [2023-11-28T00:47:17.531+0000] {dag.py:3722} INFO - Setting next_dagrun for tutorial_dag to None, run_after=None
[2023-11-28T00:47:17.554+0000] {processor.py:179} INFO - Processing /usr/local/lib/python3.10/dist-packages/airflow/example_dags/tutorial_dag.py took 0.066 seconds
[2023-11-28T00:48:03.548+0000] {processor.py:157} INFO - Started process (PID=3720) to work on /usr/local/lib/python3.10/dist-packages/airflow/example_dags/tutorial_dag.py
[2023-11-28T00:48:03.550+0000] {processor.py:829} INFO - Processing file /usr/local/lib/python3.10/dist-packages/airflow/example_dags/tutorial_dag.py for tasks to queue
[2023-11-28T00:48:03.551+0000] {logging_mixin.py:154} INFO - [2023-11-28T00:48:03.550+0000] {dagbag.py:536} INFO - Filling up the DagBag from /usr/local/lib/python3.10/dist-packages/airflow/example_dags/tutorial_dag.py
[2023-11-28T00:48:03.558+0000] {processor.py:839} INFO - DAG(s) dict_keys(['tutorial_dag']) retrieved from /usr/local/lib/python3.10/dist-packages/airflow/example_dags/tutorial_dag.py
[2023-11-28T00:48:03.576+0000] {logging_mixin.py:154} INFO - [2023-11-28T00:48:03.576+0000] {dag.py:2941} INFO - Sync 1 DAGs
[2023-11-28T00:48:03.588+0000] {logging_mixin.py:154} INFO - [2023-11-28T00:48:03.588+0000] {dag.py:3722} INFO - Setting next_dagrun for tutorial_dag to None, run_after=None
[2023-11-28T00:48:03.614+0000] {processor.py:179} INFO - Processing /usr/local/lib/python3.10/dist-packages/airflow/example_dags/tutorial_dag.py took 0.070 seconds
[2023-11-28T00:48:47.830+0000] {processor.py:157} INFO - Started process (PID=3766) to work on /usr/local/lib/python3.10/dist-packages/airflow/example_dags/tutorial_dag.py
[2023-11-28T00:48:47.832+0000] {processor.py:829} INFO - Processing file /usr/local/lib/python3.10/dist-packages/airflow/example_dags/tutorial_dag.py for tasks to queue
[2023-11-28T00:48:47.832+0000] {logging_mixin.py:154} INFO - [2023-11-28T00:48:47.832+0000] {dagbag.py:536} INFO - Filling up the DagBag from /usr/local/lib/python3.10/dist-packages/airflow/example_dags/tutorial_dag.py
[2023-11-28T00:48:47.839+0000] {processor.py:839} INFO - DAG(s) dict_keys(['tutorial_dag']) retrieved from /usr/local/lib/python3.10/dist-packages/airflow/example_dags/tutorial_dag.py
[2023-11-28T00:48:47.856+0000] {logging_mixin.py:154} INFO - [2023-11-28T00:48:47.856+0000] {dag.py:2941} INFO - Sync 1 DAGs
[2023-11-28T00:48:47.869+0000] {logging_mixin.py:154} INFO - [2023-11-28T00:48:47.868+0000] {dag.py:3722} INFO - Setting next_dagrun for tutorial_dag to None, run_after=None
[2023-11-28T00:48:47.891+0000] {processor.py:179} INFO - Processing /usr/local/lib/python3.10/dist-packages/airflow/example_dags/tutorial_dag.py took 0.065 seconds
[2023-11-28T00:49:32.217+0000] {processor.py:157} INFO - Started process (PID=3812) to work on /usr/local/lib/python3.10/dist-packages/airflow/example_dags/tutorial_dag.py
[2023-11-28T00:49:32.218+0000] {processor.py:829} INFO - Processing file /usr/local/lib/python3.10/dist-packages/airflow/example_dags/tutorial_dag.py for tasks to queue
[2023-11-28T00:49:32.219+0000] {logging_mixin.py:154} INFO - [2023-11-28T00:49:32.219+0000] {dagbag.py:536} INFO - Filling up the DagBag from /usr/local/lib/python3.10/dist-packages/airflow/example_dags/tutorial_dag.py
[2023-11-28T00:49:32.226+0000] {processor.py:839} INFO - DAG(s) dict_keys(['tutorial_dag']) retrieved from /usr/local/lib/python3.10/dist-packages/airflow/example_dags/tutorial_dag.py
[2023-11-28T00:49:32.243+0000] {logging_mixin.py:154} INFO - [2023-11-28T00:49:32.243+0000] {dag.py:2941} INFO - Sync 1 DAGs
[2023-11-28T00:49:32.256+0000] {logging_mixin.py:154} INFO - [2023-11-28T00:49:32.255+0000] {dag.py:3722} INFO - Setting next_dagrun for tutorial_dag to None, run_after=None
[2023-11-28T00:49:32.278+0000] {processor.py:179} INFO - Processing /usr/local/lib/python3.10/dist-packages/airflow/example_dags/tutorial_dag.py took 0.064 seconds
[2023-11-28T00:50:04.805+0000] {processor.py:157} INFO - Started process (PID=3846) to work on /usr/local/lib/python3.10/dist-packages/airflow/example_dags/tutorial_dag.py
[2023-11-28T00:50:04.807+0000] {processor.py:829} INFO - Processing file /usr/local/lib/python3.10/dist-packages/airflow/example_dags/tutorial_dag.py for tasks to queue
[2023-11-28T00:50:04.808+0000] {logging_mixin.py:154} INFO - [2023-11-28T00:50:04.807+0000] {dagbag.py:536} INFO - Filling up the DagBag from /usr/local/lib/python3.10/dist-packages/airflow/example_dags/tutorial_dag.py
[2023-11-28T00:50:04.813+0000] {processor.py:839} INFO - DAG(s) dict_keys(['tutorial_dag']) retrieved from /usr/local/lib/python3.10/dist-packages/airflow/example_dags/tutorial_dag.py
[2023-11-28T00:50:04.831+0000] {logging_mixin.py:154} INFO - [2023-11-28T00:50:04.831+0000] {dag.py:2941} INFO - Sync 1 DAGs
[2023-11-28T00:50:04.844+0000] {logging_mixin.py:154} INFO - [2023-11-28T00:50:04.844+0000] {dag.py:3722} INFO - Setting next_dagrun for tutorial_dag to None, run_after=None
[2023-11-28T00:50:04.867+0000] {processor.py:179} INFO - Processing /usr/local/lib/python3.10/dist-packages/airflow/example_dags/tutorial_dag.py took 0.065 seconds
[2023-11-28T00:50:50.844+0000] {processor.py:157} INFO - Started process (PID=3893) to work on /usr/local/lib/python3.10/dist-packages/airflow/example_dags/tutorial_dag.py
[2023-11-28T00:50:50.846+0000] {processor.py:829} INFO - Processing file /usr/local/lib/python3.10/dist-packages/airflow/example_dags/tutorial_dag.py for tasks to queue
[2023-11-28T00:50:50.847+0000] {logging_mixin.py:154} INFO - [2023-11-28T00:50:50.846+0000] {dagbag.py:536} INFO - Filling up the DagBag from /usr/local/lib/python3.10/dist-packages/airflow/example_dags/tutorial_dag.py
[2023-11-28T00:50:50.853+0000] {processor.py:839} INFO - DAG(s) dict_keys(['tutorial_dag']) retrieved from /usr/local/lib/python3.10/dist-packages/airflow/example_dags/tutorial_dag.py
[2023-11-28T00:50:50.870+0000] {logging_mixin.py:154} INFO - [2023-11-28T00:50:50.870+0000] {dag.py:2941} INFO - Sync 1 DAGs
[2023-11-28T00:50:50.883+0000] {logging_mixin.py:154} INFO - [2023-11-28T00:50:50.882+0000] {dag.py:3722} INFO - Setting next_dagrun for tutorial_dag to None, run_after=None
[2023-11-28T00:50:50.905+0000] {processor.py:179} INFO - Processing /usr/local/lib/python3.10/dist-packages/airflow/example_dags/tutorial_dag.py took 0.064 seconds
[2023-11-28T00:51:22.356+0000] {processor.py:157} INFO - Started process (PID=3926) to work on /usr/local/lib/python3.10/dist-packages/airflow/example_dags/tutorial_dag.py
[2023-11-28T00:51:22.357+0000] {processor.py:829} INFO - Processing file /usr/local/lib/python3.10/dist-packages/airflow/example_dags/tutorial_dag.py for tasks to queue
[2023-11-28T00:51:22.358+0000] {logging_mixin.py:154} INFO - [2023-11-28T00:51:22.358+0000] {dagbag.py:536} INFO - Filling up the DagBag from /usr/local/lib/python3.10/dist-packages/airflow/example_dags/tutorial_dag.py
[2023-11-28T00:51:22.364+0000] {processor.py:839} INFO - DAG(s) dict_keys(['tutorial_dag']) retrieved from /usr/local/lib/python3.10/dist-packages/airflow/example_dags/tutorial_dag.py
[2023-11-28T00:51:22.381+0000] {logging_mixin.py:154} INFO - [2023-11-28T00:51:22.381+0000] {dag.py:2941} INFO - Sync 1 DAGs
[2023-11-28T00:51:22.394+0000] {logging_mixin.py:154} INFO - [2023-11-28T00:51:22.394+0000] {dag.py:3722} INFO - Setting next_dagrun for tutorial_dag to None, run_after=None
[2023-11-28T00:51:22.417+0000] {processor.py:179} INFO - Processing /usr/local/lib/python3.10/dist-packages/airflow/example_dags/tutorial_dag.py took 0.064 seconds
[2023-11-28T00:51:54.079+0000] {processor.py:157} INFO - Started process (PID=3959) to work on /usr/local/lib/python3.10/dist-packages/airflow/example_dags/tutorial_dag.py
[2023-11-28T00:51:54.081+0000] {processor.py:829} INFO - Processing file /usr/local/lib/python3.10/dist-packages/airflow/example_dags/tutorial_dag.py for tasks to queue
[2023-11-28T00:51:54.082+0000] {logging_mixin.py:154} INFO - [2023-11-28T00:51:54.081+0000] {dagbag.py:536} INFO - Filling up the DagBag from /usr/local/lib/python3.10/dist-packages/airflow/example_dags/tutorial_dag.py
[2023-11-28T00:51:54.088+0000] {processor.py:839} INFO - DAG(s) dict_keys(['tutorial_dag']) retrieved from /usr/local/lib/python3.10/dist-packages/airflow/example_dags/tutorial_dag.py
[2023-11-28T00:51:54.105+0000] {logging_mixin.py:154} INFO - [2023-11-28T00:51:54.104+0000] {dag.py:2941} INFO - Sync 1 DAGs
[2023-11-28T00:51:54.116+0000] {logging_mixin.py:154} INFO - [2023-11-28T00:51:54.116+0000] {dag.py:3722} INFO - Setting next_dagrun for tutorial_dag to None, run_after=None
[2023-11-28T00:51:54.140+0000] {processor.py:179} INFO - Processing /usr/local/lib/python3.10/dist-packages/airflow/example_dags/tutorial_dag.py took 0.064 seconds
[2023-11-28T00:52:38.977+0000] {processor.py:157} INFO - Started process (PID=4349) to work on /usr/local/lib/python3.10/dist-packages/airflow/example_dags/tutorial_dag.py
[2023-11-28T00:52:38.979+0000] {processor.py:829} INFO - Processing file /usr/local/lib/python3.10/dist-packages/airflow/example_dags/tutorial_dag.py for tasks to queue
[2023-11-28T00:52:38.979+0000] {logging_mixin.py:154} INFO - [2023-11-28T00:52:38.979+0000] {dagbag.py:536} INFO - Filling up the DagBag from /usr/local/lib/python3.10/dist-packages/airflow/example_dags/tutorial_dag.py
[2023-11-28T00:52:38.986+0000] {processor.py:839} INFO - DAG(s) dict_keys(['tutorial_dag']) retrieved from /usr/local/lib/python3.10/dist-packages/airflow/example_dags/tutorial_dag.py
[2023-11-28T00:52:39.002+0000] {logging_mixin.py:154} INFO - [2023-11-28T00:52:39.002+0000] {dag.py:2941} INFO - Sync 1 DAGs
[2023-11-28T00:52:39.014+0000] {logging_mixin.py:154} INFO - [2023-11-28T00:52:39.014+0000] {dag.py:3722} INFO - Setting next_dagrun for tutorial_dag to None, run_after=None
[2023-11-28T00:52:39.038+0000] {processor.py:179} INFO - Processing /usr/local/lib/python3.10/dist-packages/airflow/example_dags/tutorial_dag.py took 0.064 seconds
[2023-11-28T00:53:11.095+0000] {processor.py:157} INFO - Started process (PID=4421) to work on /usr/local/lib/python3.10/dist-packages/airflow/example_dags/tutorial_dag.py
[2023-11-28T00:53:11.096+0000] {processor.py:829} INFO - Processing file /usr/local/lib/python3.10/dist-packages/airflow/example_dags/tutorial_dag.py for tasks to queue
[2023-11-28T00:53:11.097+0000] {logging_mixin.py:154} INFO - [2023-11-28T00:53:11.096+0000] {dagbag.py:536} INFO - Filling up the DagBag from /usr/local/lib/python3.10/dist-packages/airflow/example_dags/tutorial_dag.py
[2023-11-28T00:53:11.102+0000] {processor.py:839} INFO - DAG(s) dict_keys(['tutorial_dag']) retrieved from /usr/local/lib/python3.10/dist-packages/airflow/example_dags/tutorial_dag.py
[2023-11-28T00:53:11.120+0000] {logging_mixin.py:154} INFO - [2023-11-28T00:53:11.120+0000] {dag.py:2941} INFO - Sync 1 DAGs
[2023-11-28T00:53:11.133+0000] {logging_mixin.py:154} INFO - [2023-11-28T00:53:11.133+0000] {dag.py:3722} INFO - Setting next_dagrun for tutorial_dag to None, run_after=None
[2023-11-28T00:53:11.156+0000] {processor.py:179} INFO - Processing /usr/local/lib/python3.10/dist-packages/airflow/example_dags/tutorial_dag.py took 0.064 seconds
[2023-11-28T00:53:56.915+0000] {processor.py:157} INFO - Started process (PID=4814) to work on /usr/local/lib/python3.10/dist-packages/airflow/example_dags/tutorial_dag.py
[2023-11-28T00:53:56.917+0000] {processor.py:829} INFO - Processing file /usr/local/lib/python3.10/dist-packages/airflow/example_dags/tutorial_dag.py for tasks to queue
[2023-11-28T00:53:56.918+0000] {logging_mixin.py:154} INFO - [2023-11-28T00:53:56.917+0000] {dagbag.py:536} INFO - Filling up the DagBag from /usr/local/lib/python3.10/dist-packages/airflow/example_dags/tutorial_dag.py
[2023-11-28T00:53:56.923+0000] {processor.py:839} INFO - DAG(s) dict_keys(['tutorial_dag']) retrieved from /usr/local/lib/python3.10/dist-packages/airflow/example_dags/tutorial_dag.py
[2023-11-28T00:53:56.940+0000] {logging_mixin.py:154} INFO - [2023-11-28T00:53:56.940+0000] {dag.py:2941} INFO - Sync 1 DAGs
[2023-11-28T00:53:56.954+0000] {logging_mixin.py:154} INFO - [2023-11-28T00:53:56.953+0000] {dag.py:3722} INFO - Setting next_dagrun for tutorial_dag to None, run_after=None
[2023-11-28T00:53:56.976+0000] {processor.py:179} INFO - Processing /usr/local/lib/python3.10/dist-packages/airflow/example_dags/tutorial_dag.py took 0.064 seconds
[2023-11-28T00:54:40.367+0000] {processor.py:157} INFO - Started process (PID=4908) to work on /usr/local/lib/python3.10/dist-packages/airflow/example_dags/tutorial_dag.py
[2023-11-28T00:54:40.368+0000] {processor.py:829} INFO - Processing file /usr/local/lib/python3.10/dist-packages/airflow/example_dags/tutorial_dag.py for tasks to queue
[2023-11-28T00:54:40.369+0000] {logging_mixin.py:154} INFO - [2023-11-28T00:54:40.369+0000] {dagbag.py:536} INFO - Filling up the DagBag from /usr/local/lib/python3.10/dist-packages/airflow/example_dags/tutorial_dag.py
[2023-11-28T00:54:40.375+0000] {processor.py:839} INFO - DAG(s) dict_keys(['tutorial_dag']) retrieved from /usr/local/lib/python3.10/dist-packages/airflow/example_dags/tutorial_dag.py
[2023-11-28T00:54:40.393+0000] {logging_mixin.py:154} INFO - [2023-11-28T00:54:40.393+0000] {dag.py:2941} INFO - Sync 1 DAGs
[2023-11-28T00:54:40.406+0000] {logging_mixin.py:154} INFO - [2023-11-28T00:54:40.406+0000] {dag.py:3722} INFO - Setting next_dagrun for tutorial_dag to None, run_after=None
[2023-11-28T00:54:40.430+0000] {processor.py:179} INFO - Processing /usr/local/lib/python3.10/dist-packages/airflow/example_dags/tutorial_dag.py took 0.067 seconds
[2023-11-28T00:55:24.673+0000] {processor.py:157} INFO - Started process (PID=4954) to work on /usr/local/lib/python3.10/dist-packages/airflow/example_dags/tutorial_dag.py
[2023-11-28T00:55:24.674+0000] {processor.py:829} INFO - Processing file /usr/local/lib/python3.10/dist-packages/airflow/example_dags/tutorial_dag.py for tasks to queue
[2023-11-28T00:55:24.675+0000] {logging_mixin.py:154} INFO - [2023-11-28T00:55:24.675+0000] {dagbag.py:536} INFO - Filling up the DagBag from /usr/local/lib/python3.10/dist-packages/airflow/example_dags/tutorial_dag.py
[2023-11-28T00:55:24.681+0000] {processor.py:839} INFO - DAG(s) dict_keys(['tutorial_dag']) retrieved from /usr/local/lib/python3.10/dist-packages/airflow/example_dags/tutorial_dag.py
[2023-11-28T00:55:24.698+0000] {logging_mixin.py:154} INFO - [2023-11-28T00:55:24.698+0000] {dag.py:2941} INFO - Sync 1 DAGs
[2023-11-28T00:55:24.710+0000] {logging_mixin.py:154} INFO - [2023-11-28T00:55:24.710+0000] {dag.py:3722} INFO - Setting next_dagrun for tutorial_dag to None, run_after=None
[2023-11-28T00:55:24.734+0000] {processor.py:179} INFO - Processing /usr/local/lib/python3.10/dist-packages/airflow/example_dags/tutorial_dag.py took 0.064 seconds
[2023-11-28T00:55:56.562+0000] {processor.py:157} INFO - Started process (PID=5137) to work on /usr/local/lib/python3.10/dist-packages/airflow/example_dags/tutorial_dag.py
[2023-11-28T00:55:56.564+0000] {processor.py:829} INFO - Processing file /usr/local/lib/python3.10/dist-packages/airflow/example_dags/tutorial_dag.py for tasks to queue
[2023-11-28T00:55:56.565+0000] {logging_mixin.py:154} INFO - [2023-11-28T00:55:56.564+0000] {dagbag.py:536} INFO - Filling up the DagBag from /usr/local/lib/python3.10/dist-packages/airflow/example_dags/tutorial_dag.py
[2023-11-28T00:55:56.571+0000] {processor.py:839} INFO - DAG(s) dict_keys(['tutorial_dag']) retrieved from /usr/local/lib/python3.10/dist-packages/airflow/example_dags/tutorial_dag.py
[2023-11-28T00:55:56.588+0000] {logging_mixin.py:154} INFO - [2023-11-28T00:55:56.588+0000] {dag.py:2941} INFO - Sync 1 DAGs
[2023-11-28T00:55:56.601+0000] {logging_mixin.py:154} INFO - [2023-11-28T00:55:56.601+0000] {dag.py:3722} INFO - Setting next_dagrun for tutorial_dag to None, run_after=None
[2023-11-28T00:55:56.625+0000] {processor.py:179} INFO - Processing /usr/local/lib/python3.10/dist-packages/airflow/example_dags/tutorial_dag.py took 0.066 seconds
[2023-11-28T00:56:42.819+0000] {processor.py:157} INFO - Started process (PID=5354) to work on /usr/local/lib/python3.10/dist-packages/airflow/example_dags/tutorial_dag.py
[2023-11-28T00:56:42.821+0000] {processor.py:829} INFO - Processing file /usr/local/lib/python3.10/dist-packages/airflow/example_dags/tutorial_dag.py for tasks to queue
[2023-11-28T00:56:42.822+0000] {logging_mixin.py:154} INFO - [2023-11-28T00:56:42.821+0000] {dagbag.py:536} INFO - Filling up the DagBag from /usr/local/lib/python3.10/dist-packages/airflow/example_dags/tutorial_dag.py
[2023-11-28T00:56:42.827+0000] {processor.py:839} INFO - DAG(s) dict_keys(['tutorial_dag']) retrieved from /usr/local/lib/python3.10/dist-packages/airflow/example_dags/tutorial_dag.py
[2023-11-28T00:56:42.845+0000] {logging_mixin.py:154} INFO - [2023-11-28T00:56:42.845+0000] {dag.py:2941} INFO - Sync 1 DAGs
[2023-11-28T00:56:42.858+0000] {logging_mixin.py:154} INFO - [2023-11-28T00:56:42.858+0000] {dag.py:3722} INFO - Setting next_dagrun for tutorial_dag to None, run_after=None
[2023-11-28T00:56:42.880+0000] {processor.py:179} INFO - Processing /usr/local/lib/python3.10/dist-packages/airflow/example_dags/tutorial_dag.py took 0.064 seconds
[2023-11-28T00:57:14.870+0000] {processor.py:157} INFO - Started process (PID=5388) to work on /usr/local/lib/python3.10/dist-packages/airflow/example_dags/tutorial_dag.py
[2023-11-28T00:57:14.871+0000] {processor.py:829} INFO - Processing file /usr/local/lib/python3.10/dist-packages/airflow/example_dags/tutorial_dag.py for tasks to queue
[2023-11-28T00:57:14.872+0000] {logging_mixin.py:154} INFO - [2023-11-28T00:57:14.872+0000] {dagbag.py:536} INFO - Filling up the DagBag from /usr/local/lib/python3.10/dist-packages/airflow/example_dags/tutorial_dag.py
[2023-11-28T00:57:14.878+0000] {processor.py:839} INFO - DAG(s) dict_keys(['tutorial_dag']) retrieved from /usr/local/lib/python3.10/dist-packages/airflow/example_dags/tutorial_dag.py
[2023-11-28T00:57:14.895+0000] {logging_mixin.py:154} INFO - [2023-11-28T00:57:14.895+0000] {dag.py:2941} INFO - Sync 1 DAGs
[2023-11-28T00:57:14.907+0000] {logging_mixin.py:154} INFO - [2023-11-28T00:57:14.907+0000] {dag.py:3722} INFO - Setting next_dagrun for tutorial_dag to None, run_after=None
[2023-11-28T00:57:14.931+0000] {processor.py:179} INFO - Processing /usr/local/lib/python3.10/dist-packages/airflow/example_dags/tutorial_dag.py took 0.064 seconds
[2023-11-28T00:58:01.420+0000] {processor.py:157} INFO - Started process (PID=5435) to work on /usr/local/lib/python3.10/dist-packages/airflow/example_dags/tutorial_dag.py
[2023-11-28T00:58:01.422+0000] {processor.py:829} INFO - Processing file /usr/local/lib/python3.10/dist-packages/airflow/example_dags/tutorial_dag.py for tasks to queue
[2023-11-28T00:58:01.422+0000] {logging_mixin.py:154} INFO - [2023-11-28T00:58:01.422+0000] {dagbag.py:536} INFO - Filling up the DagBag from /usr/local/lib/python3.10/dist-packages/airflow/example_dags/tutorial_dag.py
[2023-11-28T00:58:01.429+0000] {processor.py:839} INFO - DAG(s) dict_keys(['tutorial_dag']) retrieved from /usr/local/lib/python3.10/dist-packages/airflow/example_dags/tutorial_dag.py
[2023-11-28T00:58:01.446+0000] {logging_mixin.py:154} INFO - [2023-11-28T00:58:01.446+0000] {dag.py:2941} INFO - Sync 1 DAGs
[2023-11-28T00:58:01.459+0000] {logging_mixin.py:154} INFO - [2023-11-28T00:58:01.459+0000] {dag.py:3722} INFO - Setting next_dagrun for tutorial_dag to None, run_after=None
[2023-11-28T00:58:01.485+0000] {processor.py:179} INFO - Processing /usr/local/lib/python3.10/dist-packages/airflow/example_dags/tutorial_dag.py took 0.069 seconds
[2023-11-28T00:58:46.568+0000] {processor.py:157} INFO - Started process (PID=5482) to work on /usr/local/lib/python3.10/dist-packages/airflow/example_dags/tutorial_dag.py
[2023-11-28T00:58:46.570+0000] {processor.py:829} INFO - Processing file /usr/local/lib/python3.10/dist-packages/airflow/example_dags/tutorial_dag.py for tasks to queue
[2023-11-28T00:58:46.571+0000] {logging_mixin.py:154} INFO - [2023-11-28T00:58:46.570+0000] {dagbag.py:536} INFO - Filling up the DagBag from /usr/local/lib/python3.10/dist-packages/airflow/example_dags/tutorial_dag.py
[2023-11-28T00:58:46.577+0000] {processor.py:839} INFO - DAG(s) dict_keys(['tutorial_dag']) retrieved from /usr/local/lib/python3.10/dist-packages/airflow/example_dags/tutorial_dag.py
[2023-11-28T00:58:46.593+0000] {logging_mixin.py:154} INFO - [2023-11-28T00:58:46.593+0000] {dag.py:2941} INFO - Sync 1 DAGs
[2023-11-28T00:58:46.605+0000] {logging_mixin.py:154} INFO - [2023-11-28T00:58:46.605+0000] {dag.py:3722} INFO - Setting next_dagrun for tutorial_dag to None, run_after=None
[2023-11-28T00:58:46.626+0000] {processor.py:179} INFO - Processing /usr/local/lib/python3.10/dist-packages/airflow/example_dags/tutorial_dag.py took 0.061 seconds
[2023-11-28T00:59:19.085+0000] {processor.py:157} INFO - Started process (PID=5515) to work on /usr/local/lib/python3.10/dist-packages/airflow/example_dags/tutorial_dag.py
[2023-11-28T00:59:19.086+0000] {processor.py:829} INFO - Processing file /usr/local/lib/python3.10/dist-packages/airflow/example_dags/tutorial_dag.py for tasks to queue
[2023-11-28T00:59:19.086+0000] {logging_mixin.py:154} INFO - [2023-11-28T00:59:19.086+0000] {dagbag.py:536} INFO - Filling up the DagBag from /usr/local/lib/python3.10/dist-packages/airflow/example_dags/tutorial_dag.py
[2023-11-28T00:59:19.092+0000] {processor.py:839} INFO - DAG(s) dict_keys(['tutorial_dag']) retrieved from /usr/local/lib/python3.10/dist-packages/airflow/example_dags/tutorial_dag.py
[2023-11-28T00:59:19.109+0000] {logging_mixin.py:154} INFO - [2023-11-28T00:59:19.109+0000] {dag.py:2941} INFO - Sync 1 DAGs
[2023-11-28T00:59:19.120+0000] {logging_mixin.py:154} INFO - [2023-11-28T00:59:19.120+0000] {dag.py:3722} INFO - Setting next_dagrun for tutorial_dag to None, run_after=None
[2023-11-28T00:59:19.142+0000] {processor.py:179} INFO - Processing /usr/local/lib/python3.10/dist-packages/airflow/example_dags/tutorial_dag.py took 0.060 seconds
[2023-11-28T01:00:02.600+0000] {processor.py:157} INFO - Started process (PID=5561) to work on /usr/local/lib/python3.10/dist-packages/airflow/example_dags/tutorial_dag.py
[2023-11-28T01:00:02.602+0000] {processor.py:829} INFO - Processing file /usr/local/lib/python3.10/dist-packages/airflow/example_dags/tutorial_dag.py for tasks to queue
[2023-11-28T01:00:02.603+0000] {logging_mixin.py:154} INFO - [2023-11-28T01:00:02.603+0000] {dagbag.py:536} INFO - Filling up the DagBag from /usr/local/lib/python3.10/dist-packages/airflow/example_dags/tutorial_dag.py
[2023-11-28T01:00:02.609+0000] {processor.py:839} INFO - DAG(s) dict_keys(['tutorial_dag']) retrieved from /usr/local/lib/python3.10/dist-packages/airflow/example_dags/tutorial_dag.py
[2023-11-28T01:00:02.627+0000] {logging_mixin.py:154} INFO - [2023-11-28T01:00:02.627+0000] {dag.py:2941} INFO - Sync 1 DAGs
[2023-11-28T01:00:02.639+0000] {logging_mixin.py:154} INFO - [2023-11-28T01:00:02.639+0000] {dag.py:3722} INFO - Setting next_dagrun for tutorial_dag to None, run_after=None
[2023-11-28T01:00:02.662+0000] {processor.py:179} INFO - Processing /usr/local/lib/python3.10/dist-packages/airflow/example_dags/tutorial_dag.py took 0.065 seconds
[2023-11-28T01:00:46.613+0000] {processor.py:157} INFO - Started process (PID=5606) to work on /usr/local/lib/python3.10/dist-packages/airflow/example_dags/tutorial_dag.py
[2023-11-28T01:00:46.615+0000] {processor.py:829} INFO - Processing file /usr/local/lib/python3.10/dist-packages/airflow/example_dags/tutorial_dag.py for tasks to queue
[2023-11-28T01:00:46.616+0000] {logging_mixin.py:154} INFO - [2023-11-28T01:00:46.615+0000] {dagbag.py:536} INFO - Filling up the DagBag from /usr/local/lib/python3.10/dist-packages/airflow/example_dags/tutorial_dag.py
[2023-11-28T01:00:46.621+0000] {processor.py:839} INFO - DAG(s) dict_keys(['tutorial_dag']) retrieved from /usr/local/lib/python3.10/dist-packages/airflow/example_dags/tutorial_dag.py
[2023-11-28T01:00:46.639+0000] {logging_mixin.py:154} INFO - [2023-11-28T01:00:46.638+0000] {dag.py:2941} INFO - Sync 1 DAGs
[2023-11-28T01:00:46.651+0000] {logging_mixin.py:154} INFO - [2023-11-28T01:00:46.651+0000] {dag.py:3722} INFO - Setting next_dagrun for tutorial_dag to None, run_after=None
[2023-11-28T01:00:46.674+0000] {processor.py:179} INFO - Processing /usr/local/lib/python3.10/dist-packages/airflow/example_dags/tutorial_dag.py took 0.065 seconds
[2023-11-28T01:01:30.968+0000] {processor.py:157} INFO - Started process (PID=5653) to work on /usr/local/lib/python3.10/dist-packages/airflow/example_dags/tutorial_dag.py
[2023-11-28T01:01:30.971+0000] {processor.py:829} INFO - Processing file /usr/local/lib/python3.10/dist-packages/airflow/example_dags/tutorial_dag.py for tasks to queue
[2023-11-28T01:01:30.972+0000] {logging_mixin.py:154} INFO - [2023-11-28T01:01:30.971+0000] {dagbag.py:536} INFO - Filling up the DagBag from /usr/local/lib/python3.10/dist-packages/airflow/example_dags/tutorial_dag.py
[2023-11-28T01:01:30.978+0000] {processor.py:839} INFO - DAG(s) dict_keys(['tutorial_dag']) retrieved from /usr/local/lib/python3.10/dist-packages/airflow/example_dags/tutorial_dag.py
[2023-11-28T01:01:30.995+0000] {logging_mixin.py:154} INFO - [2023-11-28T01:01:30.995+0000] {dag.py:2941} INFO - Sync 1 DAGs
[2023-11-28T01:01:31.008+0000] {logging_mixin.py:154} INFO - [2023-11-28T01:01:31.008+0000] {dag.py:3722} INFO - Setting next_dagrun for tutorial_dag to None, run_after=None
[2023-11-28T01:01:31.033+0000] {processor.py:179} INFO - Processing /usr/local/lib/python3.10/dist-packages/airflow/example_dags/tutorial_dag.py took 0.068 seconds
[2023-11-28T01:02:15.251+0000] {processor.py:157} INFO - Started process (PID=5699) to work on /usr/local/lib/python3.10/dist-packages/airflow/example_dags/tutorial_dag.py
[2023-11-28T01:02:15.252+0000] {processor.py:829} INFO - Processing file /usr/local/lib/python3.10/dist-packages/airflow/example_dags/tutorial_dag.py for tasks to queue
[2023-11-28T01:02:15.253+0000] {logging_mixin.py:154} INFO - [2023-11-28T01:02:15.252+0000] {dagbag.py:536} INFO - Filling up the DagBag from /usr/local/lib/python3.10/dist-packages/airflow/example_dags/tutorial_dag.py
[2023-11-28T01:02:15.259+0000] {processor.py:839} INFO - DAG(s) dict_keys(['tutorial_dag']) retrieved from /usr/local/lib/python3.10/dist-packages/airflow/example_dags/tutorial_dag.py
[2023-11-28T01:02:15.276+0000] {logging_mixin.py:154} INFO - [2023-11-28T01:02:15.276+0000] {dag.py:2941} INFO - Sync 1 DAGs
[2023-11-28T01:02:15.288+0000] {logging_mixin.py:154} INFO - [2023-11-28T01:02:15.287+0000] {dag.py:3722} INFO - Setting next_dagrun for tutorial_dag to None, run_after=None
[2023-11-28T01:02:15.310+0000] {processor.py:179} INFO - Processing /usr/local/lib/python3.10/dist-packages/airflow/example_dags/tutorial_dag.py took 0.063 seconds
[2023-11-28T01:02:59.206+0000] {processor.py:157} INFO - Started process (PID=5745) to work on /usr/local/lib/python3.10/dist-packages/airflow/example_dags/tutorial_dag.py
[2023-11-28T01:02:59.208+0000] {processor.py:829} INFO - Processing file /usr/local/lib/python3.10/dist-packages/airflow/example_dags/tutorial_dag.py for tasks to queue
[2023-11-28T01:02:59.209+0000] {logging_mixin.py:154} INFO - [2023-11-28T01:02:59.208+0000] {dagbag.py:536} INFO - Filling up the DagBag from /usr/local/lib/python3.10/dist-packages/airflow/example_dags/tutorial_dag.py
[2023-11-28T01:02:59.214+0000] {processor.py:839} INFO - DAG(s) dict_keys(['tutorial_dag']) retrieved from /usr/local/lib/python3.10/dist-packages/airflow/example_dags/tutorial_dag.py
[2023-11-28T01:02:59.232+0000] {logging_mixin.py:154} INFO - [2023-11-28T01:02:59.231+0000] {dag.py:2941} INFO - Sync 1 DAGs
[2023-11-28T01:02:59.244+0000] {logging_mixin.py:154} INFO - [2023-11-28T01:02:59.244+0000] {dag.py:3722} INFO - Setting next_dagrun for tutorial_dag to None, run_after=None
[2023-11-28T01:02:59.270+0000] {processor.py:179} INFO - Processing /usr/local/lib/python3.10/dist-packages/airflow/example_dags/tutorial_dag.py took 0.067 seconds
[2023-11-28T01:03:30.115+0000] {processor.py:157} INFO - Started process (PID=5777) to work on /usr/local/lib/python3.10/dist-packages/airflow/example_dags/tutorial_dag.py
[2023-11-28T01:03:30.116+0000] {processor.py:829} INFO - Processing file /usr/local/lib/python3.10/dist-packages/airflow/example_dags/tutorial_dag.py for tasks to queue
[2023-11-28T01:03:30.117+0000] {logging_mixin.py:154} INFO - [2023-11-28T01:03:30.117+0000] {dagbag.py:536} INFO - Filling up the DagBag from /usr/local/lib/python3.10/dist-packages/airflow/example_dags/tutorial_dag.py
[2023-11-28T01:03:30.123+0000] {processor.py:839} INFO - DAG(s) dict_keys(['tutorial_dag']) retrieved from /usr/local/lib/python3.10/dist-packages/airflow/example_dags/tutorial_dag.py
[2023-11-28T01:03:30.141+0000] {logging_mixin.py:154} INFO - [2023-11-28T01:03:30.140+0000] {dag.py:2941} INFO - Sync 1 DAGs
[2023-11-28T01:03:30.153+0000] {logging_mixin.py:154} INFO - [2023-11-28T01:03:30.153+0000] {dag.py:3722} INFO - Setting next_dagrun for tutorial_dag to None, run_after=None
[2023-11-28T01:03:30.176+0000] {processor.py:179} INFO - Processing /usr/local/lib/python3.10/dist-packages/airflow/example_dags/tutorial_dag.py took 0.065 seconds
[2023-11-28T01:04:15.899+0000] {processor.py:157} INFO - Started process (PID=5938) to work on /usr/local/lib/python3.10/dist-packages/airflow/example_dags/tutorial_dag.py
[2023-11-28T01:04:15.901+0000] {processor.py:829} INFO - Processing file /usr/local/lib/python3.10/dist-packages/airflow/example_dags/tutorial_dag.py for tasks to queue
[2023-11-28T01:04:15.902+0000] {logging_mixin.py:154} INFO - [2023-11-28T01:04:15.902+0000] {dagbag.py:536} INFO - Filling up the DagBag from /usr/local/lib/python3.10/dist-packages/airflow/example_dags/tutorial_dag.py
[2023-11-28T01:04:15.908+0000] {processor.py:839} INFO - DAG(s) dict_keys(['tutorial_dag']) retrieved from /usr/local/lib/python3.10/dist-packages/airflow/example_dags/tutorial_dag.py
[2023-11-28T01:04:15.926+0000] {logging_mixin.py:154} INFO - [2023-11-28T01:04:15.925+0000] {dag.py:2941} INFO - Sync 1 DAGs
[2023-11-28T01:04:15.939+0000] {logging_mixin.py:154} INFO - [2023-11-28T01:04:15.938+0000] {dag.py:3722} INFO - Setting next_dagrun for tutorial_dag to None, run_after=None
[2023-11-28T01:04:15.963+0000] {processor.py:179} INFO - Processing /usr/local/lib/python3.10/dist-packages/airflow/example_dags/tutorial_dag.py took 0.067 seconds
[2023-11-28T01:05:00.089+0000] {processor.py:157} INFO - Started process (PID=5984) to work on /usr/local/lib/python3.10/dist-packages/airflow/example_dags/tutorial_dag.py
[2023-11-28T01:05:00.091+0000] {processor.py:829} INFO - Processing file /usr/local/lib/python3.10/dist-packages/airflow/example_dags/tutorial_dag.py for tasks to queue
[2023-11-28T01:05:00.092+0000] {logging_mixin.py:154} INFO - [2023-11-28T01:05:00.091+0000] {dagbag.py:536} INFO - Filling up the DagBag from /usr/local/lib/python3.10/dist-packages/airflow/example_dags/tutorial_dag.py
[2023-11-28T01:05:00.101+0000] {processor.py:839} INFO - DAG(s) dict_keys(['tutorial_dag']) retrieved from /usr/local/lib/python3.10/dist-packages/airflow/example_dags/tutorial_dag.py
[2023-11-28T01:05:00.129+0000] {logging_mixin.py:154} INFO - [2023-11-28T01:05:00.129+0000] {dag.py:2941} INFO - Sync 1 DAGs
[2023-11-28T01:05:00.148+0000] {logging_mixin.py:154} INFO - [2023-11-28T01:05:00.148+0000] {dag.py:3722} INFO - Setting next_dagrun for tutorial_dag to None, run_after=None
[2023-11-28T01:05:00.213+0000] {processor.py:179} INFO - Processing /usr/local/lib/python3.10/dist-packages/airflow/example_dags/tutorial_dag.py took 0.128 seconds
[2023-11-28T01:05:46.410+0000] {processor.py:157} INFO - Started process (PID=6033) to work on /usr/local/lib/python3.10/dist-packages/airflow/example_dags/tutorial_dag.py
[2023-11-28T01:05:46.411+0000] {processor.py:829} INFO - Processing file /usr/local/lib/python3.10/dist-packages/airflow/example_dags/tutorial_dag.py for tasks to queue
[2023-11-28T01:05:46.412+0000] {logging_mixin.py:154} INFO - [2023-11-28T01:05:46.411+0000] {dagbag.py:536} INFO - Filling up the DagBag from /usr/local/lib/python3.10/dist-packages/airflow/example_dags/tutorial_dag.py
[2023-11-28T01:05:46.418+0000] {processor.py:839} INFO - DAG(s) dict_keys(['tutorial_dag']) retrieved from /usr/local/lib/python3.10/dist-packages/airflow/example_dags/tutorial_dag.py
[2023-11-28T01:05:46.436+0000] {logging_mixin.py:154} INFO - [2023-11-28T01:05:46.436+0000] {dag.py:2941} INFO - Sync 1 DAGs
[2023-11-28T01:05:46.450+0000] {logging_mixin.py:154} INFO - [2023-11-28T01:05:46.449+0000] {dag.py:3722} INFO - Setting next_dagrun for tutorial_dag to None, run_after=None
[2023-11-28T01:05:46.473+0000] {processor.py:179} INFO - Processing /usr/local/lib/python3.10/dist-packages/airflow/example_dags/tutorial_dag.py took 0.067 seconds
[2023-11-28T01:06:31.624+0000] {processor.py:157} INFO - Started process (PID=6079) to work on /usr/local/lib/python3.10/dist-packages/airflow/example_dags/tutorial_dag.py
[2023-11-28T01:06:31.626+0000] {processor.py:829} INFO - Processing file /usr/local/lib/python3.10/dist-packages/airflow/example_dags/tutorial_dag.py for tasks to queue
[2023-11-28T01:06:31.627+0000] {logging_mixin.py:154} INFO - [2023-11-28T01:06:31.626+0000] {dagbag.py:536} INFO - Filling up the DagBag from /usr/local/lib/python3.10/dist-packages/airflow/example_dags/tutorial_dag.py
[2023-11-28T01:06:31.633+0000] {processor.py:839} INFO - DAG(s) dict_keys(['tutorial_dag']) retrieved from /usr/local/lib/python3.10/dist-packages/airflow/example_dags/tutorial_dag.py
[2023-11-28T01:06:31.651+0000] {logging_mixin.py:154} INFO - [2023-11-28T01:06:31.651+0000] {dag.py:2941} INFO - Sync 1 DAGs
[2023-11-28T01:06:31.664+0000] {logging_mixin.py:154} INFO - [2023-11-28T01:06:31.663+0000] {dag.py:3722} INFO - Setting next_dagrun for tutorial_dag to None, run_after=None
[2023-11-28T01:06:31.687+0000] {processor.py:179} INFO - Processing /usr/local/lib/python3.10/dist-packages/airflow/example_dags/tutorial_dag.py took 0.067 seconds
[2023-11-28T01:07:17.538+0000] {processor.py:157} INFO - Started process (PID=6125) to work on /usr/local/lib/python3.10/dist-packages/airflow/example_dags/tutorial_dag.py
[2023-11-28T01:07:17.539+0000] {processor.py:829} INFO - Processing file /usr/local/lib/python3.10/dist-packages/airflow/example_dags/tutorial_dag.py for tasks to queue
[2023-11-28T01:07:17.540+0000] {logging_mixin.py:154} INFO - [2023-11-28T01:07:17.539+0000] {dagbag.py:536} INFO - Filling up the DagBag from /usr/local/lib/python3.10/dist-packages/airflow/example_dags/tutorial_dag.py
[2023-11-28T01:07:17.545+0000] {processor.py:839} INFO - DAG(s) dict_keys(['tutorial_dag']) retrieved from /usr/local/lib/python3.10/dist-packages/airflow/example_dags/tutorial_dag.py
[2023-11-28T01:07:17.563+0000] {logging_mixin.py:154} INFO - [2023-11-28T01:07:17.562+0000] {dag.py:2941} INFO - Sync 1 DAGs
[2023-11-28T01:07:17.575+0000] {logging_mixin.py:154} INFO - [2023-11-28T01:07:17.575+0000] {dag.py:3722} INFO - Setting next_dagrun for tutorial_dag to None, run_after=None
[2023-11-28T01:07:17.597+0000] {processor.py:179} INFO - Processing /usr/local/lib/python3.10/dist-packages/airflow/example_dags/tutorial_dag.py took 0.063 seconds
[2023-11-28T01:07:50.029+0000] {processor.py:157} INFO - Started process (PID=6158) to work on /usr/local/lib/python3.10/dist-packages/airflow/example_dags/tutorial_dag.py
[2023-11-28T01:07:50.030+0000] {processor.py:829} INFO - Processing file /usr/local/lib/python3.10/dist-packages/airflow/example_dags/tutorial_dag.py for tasks to queue
[2023-11-28T01:07:50.031+0000] {logging_mixin.py:154} INFO - [2023-11-28T01:07:50.030+0000] {dagbag.py:536} INFO - Filling up the DagBag from /usr/local/lib/python3.10/dist-packages/airflow/example_dags/tutorial_dag.py
[2023-11-28T01:07:50.037+0000] {processor.py:839} INFO - DAG(s) dict_keys(['tutorial_dag']) retrieved from /usr/local/lib/python3.10/dist-packages/airflow/example_dags/tutorial_dag.py
[2023-11-28T01:07:50.055+0000] {logging_mixin.py:154} INFO - [2023-11-28T01:07:50.055+0000] {dag.py:2941} INFO - Sync 1 DAGs
[2023-11-28T01:07:50.068+0000] {logging_mixin.py:154} INFO - [2023-11-28T01:07:50.068+0000] {dag.py:3722} INFO - Setting next_dagrun for tutorial_dag to None, run_after=None
[2023-11-28T01:07:50.093+0000] {processor.py:179} INFO - Processing /usr/local/lib/python3.10/dist-packages/airflow/example_dags/tutorial_dag.py took 0.068 seconds
[2023-11-28T01:08:23.320+0000] {processor.py:157} INFO - Started process (PID=6192) to work on /usr/local/lib/python3.10/dist-packages/airflow/example_dags/tutorial_dag.py
[2023-11-28T01:08:23.322+0000] {processor.py:829} INFO - Processing file /usr/local/lib/python3.10/dist-packages/airflow/example_dags/tutorial_dag.py for tasks to queue
[2023-11-28T01:08:23.322+0000] {logging_mixin.py:154} INFO - [2023-11-28T01:08:23.322+0000] {dagbag.py:536} INFO - Filling up the DagBag from /usr/local/lib/python3.10/dist-packages/airflow/example_dags/tutorial_dag.py
[2023-11-28T01:08:23.328+0000] {processor.py:839} INFO - DAG(s) dict_keys(['tutorial_dag']) retrieved from /usr/local/lib/python3.10/dist-packages/airflow/example_dags/tutorial_dag.py
[2023-11-28T01:08:23.346+0000] {logging_mixin.py:154} INFO - [2023-11-28T01:08:23.345+0000] {dag.py:2941} INFO - Sync 1 DAGs
[2023-11-28T01:08:23.358+0000] {logging_mixin.py:154} INFO - [2023-11-28T01:08:23.358+0000] {dag.py:3722} INFO - Setting next_dagrun for tutorial_dag to None, run_after=None
[2023-11-28T01:08:23.381+0000] {processor.py:179} INFO - Processing /usr/local/lib/python3.10/dist-packages/airflow/example_dags/tutorial_dag.py took 0.065 seconds
[2023-11-28T01:09:05.978+0000] {processor.py:157} INFO - Started process (PID=6239) to work on /usr/local/lib/python3.10/dist-packages/airflow/example_dags/tutorial_dag.py
[2023-11-28T01:09:05.980+0000] {processor.py:829} INFO - Processing file /usr/local/lib/python3.10/dist-packages/airflow/example_dags/tutorial_dag.py for tasks to queue
[2023-11-28T01:09:05.980+0000] {logging_mixin.py:154} INFO - [2023-11-28T01:09:05.980+0000] {dagbag.py:536} INFO - Filling up the DagBag from /usr/local/lib/python3.10/dist-packages/airflow/example_dags/tutorial_dag.py
[2023-11-28T01:09:05.986+0000] {processor.py:839} INFO - DAG(s) dict_keys(['tutorial_dag']) retrieved from /usr/local/lib/python3.10/dist-packages/airflow/example_dags/tutorial_dag.py
[2023-11-28T01:09:06.006+0000] {logging_mixin.py:154} INFO - [2023-11-28T01:09:06.006+0000] {dag.py:2941} INFO - Sync 1 DAGs
[2023-11-28T01:09:06.020+0000] {logging_mixin.py:154} INFO - [2023-11-28T01:09:06.019+0000] {dag.py:3722} INFO - Setting next_dagrun for tutorial_dag to None, run_after=None
[2023-11-28T01:09:06.044+0000] {processor.py:179} INFO - Processing /usr/local/lib/python3.10/dist-packages/airflow/example_dags/tutorial_dag.py took 0.069 seconds
[2023-11-28T01:09:52.587+0000] {processor.py:157} INFO - Started process (PID=6288) to work on /usr/local/lib/python3.10/dist-packages/airflow/example_dags/tutorial_dag.py
[2023-11-28T01:09:52.588+0000] {processor.py:829} INFO - Processing file /usr/local/lib/python3.10/dist-packages/airflow/example_dags/tutorial_dag.py for tasks to queue
[2023-11-28T01:09:52.589+0000] {logging_mixin.py:154} INFO - [2023-11-28T01:09:52.589+0000] {dagbag.py:536} INFO - Filling up the DagBag from /usr/local/lib/python3.10/dist-packages/airflow/example_dags/tutorial_dag.py
[2023-11-28T01:09:52.595+0000] {processor.py:839} INFO - DAG(s) dict_keys(['tutorial_dag']) retrieved from /usr/local/lib/python3.10/dist-packages/airflow/example_dags/tutorial_dag.py
[2023-11-28T01:09:52.613+0000] {logging_mixin.py:154} INFO - [2023-11-28T01:09:52.613+0000] {dag.py:2941} INFO - Sync 1 DAGs
[2023-11-28T01:09:52.626+0000] {logging_mixin.py:154} INFO - [2023-11-28T01:09:52.625+0000] {dag.py:3722} INFO - Setting next_dagrun for tutorial_dag to None, run_after=None
[2023-11-28T01:09:52.649+0000] {processor.py:179} INFO - Processing /usr/local/lib/python3.10/dist-packages/airflow/example_dags/tutorial_dag.py took 0.066 seconds
[2023-11-28T01:10:39.057+0000] {processor.py:157} INFO - Started process (PID=6335) to work on /usr/local/lib/python3.10/dist-packages/airflow/example_dags/tutorial_dag.py
[2023-11-28T01:10:39.060+0000] {processor.py:829} INFO - Processing file /usr/local/lib/python3.10/dist-packages/airflow/example_dags/tutorial_dag.py for tasks to queue
[2023-11-28T01:10:39.061+0000] {logging_mixin.py:154} INFO - [2023-11-28T01:10:39.060+0000] {dagbag.py:536} INFO - Filling up the DagBag from /usr/local/lib/python3.10/dist-packages/airflow/example_dags/tutorial_dag.py
[2023-11-28T01:10:39.067+0000] {processor.py:839} INFO - DAG(s) dict_keys(['tutorial_dag']) retrieved from /usr/local/lib/python3.10/dist-packages/airflow/example_dags/tutorial_dag.py
[2023-11-28T01:10:39.084+0000] {logging_mixin.py:154} INFO - [2023-11-28T01:10:39.084+0000] {dag.py:2941} INFO - Sync 1 DAGs
[2023-11-28T01:10:39.097+0000] {logging_mixin.py:154} INFO - [2023-11-28T01:10:39.097+0000] {dag.py:3722} INFO - Setting next_dagrun for tutorial_dag to None, run_after=None
[2023-11-28T01:10:39.122+0000] {processor.py:179} INFO - Processing /usr/local/lib/python3.10/dist-packages/airflow/example_dags/tutorial_dag.py took 0.068 seconds
[2023-11-28T01:11:12.212+0000] {processor.py:157} INFO - Started process (PID=6369) to work on /usr/local/lib/python3.10/dist-packages/airflow/example_dags/tutorial_dag.py
[2023-11-28T01:11:12.213+0000] {processor.py:829} INFO - Processing file /usr/local/lib/python3.10/dist-packages/airflow/example_dags/tutorial_dag.py for tasks to queue
[2023-11-28T01:11:12.214+0000] {logging_mixin.py:154} INFO - [2023-11-28T01:11:12.214+0000] {dagbag.py:536} INFO - Filling up the DagBag from /usr/local/lib/python3.10/dist-packages/airflow/example_dags/tutorial_dag.py
[2023-11-28T01:11:12.220+0000] {processor.py:839} INFO - DAG(s) dict_keys(['tutorial_dag']) retrieved from /usr/local/lib/python3.10/dist-packages/airflow/example_dags/tutorial_dag.py
[2023-11-28T01:11:12.238+0000] {logging_mixin.py:154} INFO - [2023-11-28T01:11:12.238+0000] {dag.py:2941} INFO - Sync 1 DAGs
[2023-11-28T01:11:12.251+0000] {logging_mixin.py:154} INFO - [2023-11-28T01:11:12.251+0000] {dag.py:3722} INFO - Setting next_dagrun for tutorial_dag to None, run_after=None
[2023-11-28T01:11:12.275+0000] {processor.py:179} INFO - Processing /usr/local/lib/python3.10/dist-packages/airflow/example_dags/tutorial_dag.py took 0.067 seconds
[2023-11-28T01:11:56.239+0000] {processor.py:157} INFO - Started process (PID=6415) to work on /usr/local/lib/python3.10/dist-packages/airflow/example_dags/tutorial_dag.py
[2023-11-28T01:11:56.240+0000] {processor.py:829} INFO - Processing file /usr/local/lib/python3.10/dist-packages/airflow/example_dags/tutorial_dag.py for tasks to queue
[2023-11-28T01:11:56.241+0000] {logging_mixin.py:154} INFO - [2023-11-28T01:11:56.241+0000] {dagbag.py:536} INFO - Filling up the DagBag from /usr/local/lib/python3.10/dist-packages/airflow/example_dags/tutorial_dag.py
[2023-11-28T01:11:56.247+0000] {processor.py:839} INFO - DAG(s) dict_keys(['tutorial_dag']) retrieved from /usr/local/lib/python3.10/dist-packages/airflow/example_dags/tutorial_dag.py
[2023-11-28T01:11:56.265+0000] {logging_mixin.py:154} INFO - [2023-11-28T01:11:56.265+0000] {dag.py:2941} INFO - Sync 1 DAGs
[2023-11-28T01:11:56.277+0000] {logging_mixin.py:154} INFO - [2023-11-28T01:11:56.277+0000] {dag.py:3722} INFO - Setting next_dagrun for tutorial_dag to None, run_after=None
[2023-11-28T01:11:56.301+0000] {processor.py:179} INFO - Processing /usr/local/lib/python3.10/dist-packages/airflow/example_dags/tutorial_dag.py took 0.066 seconds
[2023-11-28T01:12:40.120+0000] {processor.py:157} INFO - Started process (PID=6462) to work on /usr/local/lib/python3.10/dist-packages/airflow/example_dags/tutorial_dag.py
[2023-11-28T01:12:40.121+0000] {processor.py:829} INFO - Processing file /usr/local/lib/python3.10/dist-packages/airflow/example_dags/tutorial_dag.py for tasks to queue
[2023-11-28T01:12:40.122+0000] {logging_mixin.py:154} INFO - [2023-11-28T01:12:40.122+0000] {dagbag.py:536} INFO - Filling up the DagBag from /usr/local/lib/python3.10/dist-packages/airflow/example_dags/tutorial_dag.py
[2023-11-28T01:12:40.128+0000] {processor.py:839} INFO - DAG(s) dict_keys(['tutorial_dag']) retrieved from /usr/local/lib/python3.10/dist-packages/airflow/example_dags/tutorial_dag.py
[2023-11-28T01:12:40.147+0000] {logging_mixin.py:154} INFO - [2023-11-28T01:12:40.146+0000] {dag.py:2941} INFO - Sync 1 DAGs
[2023-11-28T01:12:40.159+0000] {logging_mixin.py:154} INFO - [2023-11-28T01:12:40.159+0000] {dag.py:3722} INFO - Setting next_dagrun for tutorial_dag to None, run_after=None
[2023-11-28T01:12:40.182+0000] {processor.py:179} INFO - Processing /usr/local/lib/python3.10/dist-packages/airflow/example_dags/tutorial_dag.py took 0.066 seconds
[2023-11-28T01:13:22.872+0000] {processor.py:157} INFO - Started process (PID=6505) to work on /usr/local/lib/python3.10/dist-packages/airflow/example_dags/tutorial_dag.py
[2023-11-28T01:13:22.874+0000] {processor.py:829} INFO - Processing file /usr/local/lib/python3.10/dist-packages/airflow/example_dags/tutorial_dag.py for tasks to queue
[2023-11-28T01:13:22.875+0000] {logging_mixin.py:154} INFO - [2023-11-28T01:13:22.874+0000] {dagbag.py:536} INFO - Filling up the DagBag from /usr/local/lib/python3.10/dist-packages/airflow/example_dags/tutorial_dag.py
[2023-11-28T01:13:22.880+0000] {processor.py:839} INFO - DAG(s) dict_keys(['tutorial_dag']) retrieved from /usr/local/lib/python3.10/dist-packages/airflow/example_dags/tutorial_dag.py
[2023-11-28T01:13:22.898+0000] {logging_mixin.py:154} INFO - [2023-11-28T01:13:22.897+0000] {dag.py:2941} INFO - Sync 1 DAGs
[2023-11-28T01:13:22.910+0000] {logging_mixin.py:154} INFO - [2023-11-28T01:13:22.910+0000] {dag.py:3722} INFO - Setting next_dagrun for tutorial_dag to None, run_after=None
[2023-11-28T01:13:22.932+0000] {processor.py:179} INFO - Processing /usr/local/lib/python3.10/dist-packages/airflow/example_dags/tutorial_dag.py took 0.064 seconds
[2023-11-28T01:13:57.415+0000] {processor.py:157} INFO - Started process (PID=6539) to work on /usr/local/lib/python3.10/dist-packages/airflow/example_dags/tutorial_dag.py
[2023-11-28T01:13:57.416+0000] {processor.py:829} INFO - Processing file /usr/local/lib/python3.10/dist-packages/airflow/example_dags/tutorial_dag.py for tasks to queue
[2023-11-28T01:13:57.417+0000] {logging_mixin.py:154} INFO - [2023-11-28T01:13:57.417+0000] {dagbag.py:536} INFO - Filling up the DagBag from /usr/local/lib/python3.10/dist-packages/airflow/example_dags/tutorial_dag.py
[2023-11-28T01:13:57.423+0000] {processor.py:839} INFO - DAG(s) dict_keys(['tutorial_dag']) retrieved from /usr/local/lib/python3.10/dist-packages/airflow/example_dags/tutorial_dag.py
[2023-11-28T01:13:57.441+0000] {logging_mixin.py:154} INFO - [2023-11-28T01:13:57.440+0000] {dag.py:2941} INFO - Sync 1 DAGs
[2023-11-28T01:13:57.454+0000] {logging_mixin.py:154} INFO - [2023-11-28T01:13:57.454+0000] {dag.py:3722} INFO - Setting next_dagrun for tutorial_dag to None, run_after=None
[2023-11-28T01:13:57.476+0000] {processor.py:179} INFO - Processing /usr/local/lib/python3.10/dist-packages/airflow/example_dags/tutorial_dag.py took 0.065 seconds
[2023-11-28T01:14:31.843+0000] {processor.py:157} INFO - Started process (PID=6576) to work on /usr/local/lib/python3.10/dist-packages/airflow/example_dags/tutorial_dag.py
[2023-11-28T01:14:31.845+0000] {processor.py:829} INFO - Processing file /usr/local/lib/python3.10/dist-packages/airflow/example_dags/tutorial_dag.py for tasks to queue
[2023-11-28T01:14:31.846+0000] {logging_mixin.py:154} INFO - [2023-11-28T01:14:31.845+0000] {dagbag.py:536} INFO - Filling up the DagBag from /usr/local/lib/python3.10/dist-packages/airflow/example_dags/tutorial_dag.py
[2023-11-28T01:14:31.851+0000] {processor.py:839} INFO - DAG(s) dict_keys(['tutorial_dag']) retrieved from /usr/local/lib/python3.10/dist-packages/airflow/example_dags/tutorial_dag.py
[2023-11-28T01:14:31.869+0000] {logging_mixin.py:154} INFO - [2023-11-28T01:14:31.869+0000] {dag.py:2941} INFO - Sync 1 DAGs
[2023-11-28T01:14:31.881+0000] {logging_mixin.py:154} INFO - [2023-11-28T01:14:31.881+0000] {dag.py:3722} INFO - Setting next_dagrun for tutorial_dag to None, run_after=None
[2023-11-28T01:14:31.904+0000] {processor.py:179} INFO - Processing /usr/local/lib/python3.10/dist-packages/airflow/example_dags/tutorial_dag.py took 0.064 seconds
[2023-11-28T01:14:55.881+0000] {processor.py:157} INFO - Started process (PID=6608) to work on /usr/local/lib/python3.10/dist-packages/airflow/example_dags/tutorial_dag.py
[2023-11-28T01:14:55.883+0000] {processor.py:829} INFO - Processing file /usr/local/lib/python3.10/dist-packages/airflow/example_dags/tutorial_dag.py for tasks to queue
[2023-11-28T01:14:55.883+0000] {logging_mixin.py:154} INFO - [2023-11-28T01:14:55.883+0000] {dagbag.py:536} INFO - Filling up the DagBag from /usr/local/lib/python3.10/dist-packages/airflow/example_dags/tutorial_dag.py
[2023-11-28T01:14:55.893+0000] {processor.py:839} INFO - DAG(s) dict_keys(['tutorial_dag']) retrieved from /usr/local/lib/python3.10/dist-packages/airflow/example_dags/tutorial_dag.py
[2023-11-28T01:14:55.901+0000] {logging_mixin.py:154} INFO - [2023-11-28T01:14:55.901+0000] {dag.py:2941} INFO - Sync 1 DAGs
[2023-11-28T01:14:55.914+0000] {logging_mixin.py:154} INFO - [2023-11-28T01:14:55.914+0000] {dag.py:3722} INFO - Setting next_dagrun for tutorial_dag to None, run_after=None
[2023-11-28T01:14:55.938+0000] {processor.py:179} INFO - Processing /usr/local/lib/python3.10/dist-packages/airflow/example_dags/tutorial_dag.py took 0.060 seconds
[2023-11-28T01:15:42.651+0000] {processor.py:157} INFO - Started process (PID=6657) to work on /usr/local/lib/python3.10/dist-packages/airflow/example_dags/tutorial_dag.py
[2023-11-28T01:15:42.652+0000] {processor.py:829} INFO - Processing file /usr/local/lib/python3.10/dist-packages/airflow/example_dags/tutorial_dag.py for tasks to queue
[2023-11-28T01:15:42.653+0000] {logging_mixin.py:154} INFO - [2023-11-28T01:15:42.653+0000] {dagbag.py:536} INFO - Filling up the DagBag from /usr/local/lib/python3.10/dist-packages/airflow/example_dags/tutorial_dag.py
[2023-11-28T01:15:42.659+0000] {processor.py:839} INFO - DAG(s) dict_keys(['tutorial_dag']) retrieved from /usr/local/lib/python3.10/dist-packages/airflow/example_dags/tutorial_dag.py
[2023-11-28T01:15:42.676+0000] {logging_mixin.py:154} INFO - [2023-11-28T01:15:42.676+0000] {dag.py:2941} INFO - Sync 1 DAGs
[2023-11-28T01:15:42.689+0000] {logging_mixin.py:154} INFO - [2023-11-28T01:15:42.688+0000] {dag.py:3722} INFO - Setting next_dagrun for tutorial_dag to None, run_after=None
[2023-11-28T01:15:42.734+0000] {processor.py:179} INFO - Processing /usr/local/lib/python3.10/dist-packages/airflow/example_dags/tutorial_dag.py took 0.087 seconds
[2023-11-28T01:16:25.669+0000] {processor.py:157} INFO - Started process (PID=6702) to work on /usr/local/lib/python3.10/dist-packages/airflow/example_dags/tutorial_dag.py
[2023-11-28T01:16:25.670+0000] {processor.py:829} INFO - Processing file /usr/local/lib/python3.10/dist-packages/airflow/example_dags/tutorial_dag.py for tasks to queue
[2023-11-28T01:16:25.671+0000] {logging_mixin.py:154} INFO - [2023-11-28T01:16:25.670+0000] {dagbag.py:536} INFO - Filling up the DagBag from /usr/local/lib/python3.10/dist-packages/airflow/example_dags/tutorial_dag.py
[2023-11-28T01:16:25.677+0000] {processor.py:839} INFO - DAG(s) dict_keys(['tutorial_dag']) retrieved from /usr/local/lib/python3.10/dist-packages/airflow/example_dags/tutorial_dag.py
[2023-11-28T01:16:25.695+0000] {logging_mixin.py:154} INFO - [2023-11-28T01:16:25.695+0000] {dag.py:2941} INFO - Sync 1 DAGs
[2023-11-28T01:16:25.708+0000] {logging_mixin.py:154} INFO - [2023-11-28T01:16:25.708+0000] {dag.py:3722} INFO - Setting next_dagrun for tutorial_dag to None, run_after=None
[2023-11-28T01:16:25.731+0000] {processor.py:179} INFO - Processing /usr/local/lib/python3.10/dist-packages/airflow/example_dags/tutorial_dag.py took 0.066 seconds
[2023-11-28T01:17:10.695+0000] {processor.py:157} INFO - Started process (PID=6756) to work on /usr/local/lib/python3.10/dist-packages/airflow/example_dags/tutorial_dag.py
[2023-11-28T01:17:10.696+0000] {processor.py:829} INFO - Processing file /usr/local/lib/python3.10/dist-packages/airflow/example_dags/tutorial_dag.py for tasks to queue
[2023-11-28T01:17:10.697+0000] {logging_mixin.py:154} INFO - [2023-11-28T01:17:10.697+0000] {dagbag.py:536} INFO - Filling up the DagBag from /usr/local/lib/python3.10/dist-packages/airflow/example_dags/tutorial_dag.py
[2023-11-28T01:17:10.703+0000] {processor.py:839} INFO - DAG(s) dict_keys(['tutorial_dag']) retrieved from /usr/local/lib/python3.10/dist-packages/airflow/example_dags/tutorial_dag.py
[2023-11-28T01:17:10.721+0000] {logging_mixin.py:154} INFO - [2023-11-28T01:17:10.720+0000] {dag.py:2941} INFO - Sync 1 DAGs
[2023-11-28T01:17:10.733+0000] {logging_mixin.py:154} INFO - [2023-11-28T01:17:10.733+0000] {dag.py:3722} INFO - Setting next_dagrun for tutorial_dag to None, run_after=None
[2023-11-28T01:17:10.764+0000] {processor.py:179} INFO - Processing /usr/local/lib/python3.10/dist-packages/airflow/example_dags/tutorial_dag.py took 0.073 seconds
[2023-11-28T01:17:44.760+0000] {processor.py:157} INFO - Started process (PID=6790) to work on /usr/local/lib/python3.10/dist-packages/airflow/example_dags/tutorial_dag.py
[2023-11-28T01:17:44.761+0000] {processor.py:829} INFO - Processing file /usr/local/lib/python3.10/dist-packages/airflow/example_dags/tutorial_dag.py for tasks to queue
[2023-11-28T01:17:44.762+0000] {logging_mixin.py:154} INFO - [2023-11-28T01:17:44.761+0000] {dagbag.py:536} INFO - Filling up the DagBag from /usr/local/lib/python3.10/dist-packages/airflow/example_dags/tutorial_dag.py
[2023-11-28T01:17:44.768+0000] {processor.py:839} INFO - DAG(s) dict_keys(['tutorial_dag']) retrieved from /usr/local/lib/python3.10/dist-packages/airflow/example_dags/tutorial_dag.py
[2023-11-28T01:17:44.785+0000] {logging_mixin.py:154} INFO - [2023-11-28T01:17:44.785+0000] {dag.py:2941} INFO - Sync 1 DAGs
[2023-11-28T01:17:44.797+0000] {logging_mixin.py:154} INFO - [2023-11-28T01:17:44.797+0000] {dag.py:3722} INFO - Setting next_dagrun for tutorial_dag to None, run_after=None
[2023-11-28T01:17:44.819+0000] {processor.py:179} INFO - Processing /usr/local/lib/python3.10/dist-packages/airflow/example_dags/tutorial_dag.py took 0.063 seconds
[2023-11-28T01:18:27.624+0000] {processor.py:157} INFO - Started process (PID=6835) to work on /usr/local/lib/python3.10/dist-packages/airflow/example_dags/tutorial_dag.py
[2023-11-28T01:18:27.625+0000] {processor.py:829} INFO - Processing file /usr/local/lib/python3.10/dist-packages/airflow/example_dags/tutorial_dag.py for tasks to queue
[2023-11-28T01:18:27.626+0000] {logging_mixin.py:154} INFO - [2023-11-28T01:18:27.626+0000] {dagbag.py:536} INFO - Filling up the DagBag from /usr/local/lib/python3.10/dist-packages/airflow/example_dags/tutorial_dag.py
[2023-11-28T01:18:27.632+0000] {processor.py:839} INFO - DAG(s) dict_keys(['tutorial_dag']) retrieved from /usr/local/lib/python3.10/dist-packages/airflow/example_dags/tutorial_dag.py
[2023-11-28T01:18:27.649+0000] {logging_mixin.py:154} INFO - [2023-11-28T01:18:27.649+0000] {dag.py:2941} INFO - Sync 1 DAGs
[2023-11-28T01:18:27.661+0000] {logging_mixin.py:154} INFO - [2023-11-28T01:18:27.661+0000] {dag.py:3722} INFO - Setting next_dagrun for tutorial_dag to None, run_after=None
[2023-11-28T01:18:27.684+0000] {processor.py:179} INFO - Processing /usr/local/lib/python3.10/dist-packages/airflow/example_dags/tutorial_dag.py took 0.063 seconds
[2023-11-28T01:18:59.187+0000] {processor.py:157} INFO - Started process (PID=6868) to work on /usr/local/lib/python3.10/dist-packages/airflow/example_dags/tutorial_dag.py
[2023-11-28T01:18:59.188+0000] {processor.py:829} INFO - Processing file /usr/local/lib/python3.10/dist-packages/airflow/example_dags/tutorial_dag.py for tasks to queue
[2023-11-28T01:18:59.189+0000] {logging_mixin.py:154} INFO - [2023-11-28T01:18:59.188+0000] {dagbag.py:536} INFO - Filling up the DagBag from /usr/local/lib/python3.10/dist-packages/airflow/example_dags/tutorial_dag.py
[2023-11-28T01:18:59.194+0000] {processor.py:839} INFO - DAG(s) dict_keys(['tutorial_dag']) retrieved from /usr/local/lib/python3.10/dist-packages/airflow/example_dags/tutorial_dag.py
[2023-11-28T01:18:59.212+0000] {logging_mixin.py:154} INFO - [2023-11-28T01:18:59.212+0000] {dag.py:2941} INFO - Sync 1 DAGs
[2023-11-28T01:18:59.224+0000] {logging_mixin.py:154} INFO - [2023-11-28T01:18:59.224+0000] {dag.py:3722} INFO - Setting next_dagrun for tutorial_dag to None, run_after=None
[2023-11-28T01:18:59.246+0000] {processor.py:179} INFO - Processing /usr/local/lib/python3.10/dist-packages/airflow/example_dags/tutorial_dag.py took 0.063 seconds
[2023-11-28T01:19:42.835+0000] {processor.py:157} INFO - Started process (PID=7033) to work on /usr/local/lib/python3.10/dist-packages/airflow/example_dags/tutorial_dag.py
[2023-11-28T01:19:42.837+0000] {processor.py:829} INFO - Processing file /usr/local/lib/python3.10/dist-packages/airflow/example_dags/tutorial_dag.py for tasks to queue
[2023-11-28T01:19:42.838+0000] {logging_mixin.py:154} INFO - [2023-11-28T01:19:42.837+0000] {dagbag.py:536} INFO - Filling up the DagBag from /usr/local/lib/python3.10/dist-packages/airflow/example_dags/tutorial_dag.py
[2023-11-28T01:19:42.844+0000] {processor.py:839} INFO - DAG(s) dict_keys(['tutorial_dag']) retrieved from /usr/local/lib/python3.10/dist-packages/airflow/example_dags/tutorial_dag.py
[2023-11-28T01:19:42.861+0000] {logging_mixin.py:154} INFO - [2023-11-28T01:19:42.861+0000] {dag.py:2941} INFO - Sync 1 DAGs
[2023-11-28T01:19:42.874+0000] {logging_mixin.py:154} INFO - [2023-11-28T01:19:42.874+0000] {dag.py:3722} INFO - Setting next_dagrun for tutorial_dag to None, run_after=None
[2023-11-28T01:19:42.898+0000] {processor.py:179} INFO - Processing /usr/local/lib/python3.10/dist-packages/airflow/example_dags/tutorial_dag.py took 0.066 seconds
