[2023-11-28T00:44:22.277+0000] {processor.py:157} INFO - Started process (PID=3404) to work on /usr/local/lib/python3.10/dist-packages/airflow/example_dags/plugins/workday.py
[2023-11-28T00:44:22.278+0000] {processor.py:829} INFO - Processing file /usr/local/lib/python3.10/dist-packages/airflow/example_dags/plugins/workday.py for tasks to queue
[2023-11-28T00:44:22.278+0000] {logging_mixin.py:154} INFO - [2023-11-28T00:44:22.278+0000] {dagbag.py:536} INFO - Filling up the DagBag from /usr/local/lib/python3.10/dist-packages/airflow/example_dags/plugins/workday.py
[2023-11-28T00:44:22.281+0000] {logging_mixin.py:154} INFO - [2023-11-28T00:44:22.281+0000] {workday.py:36} WARNING - Could not import pandas. Holidays will not be considered.
[2023-11-28T00:44:22.282+0000] {processor.py:841} WARNING - No viable dags retrieved from /usr/local/lib/python3.10/dist-packages/airflow/example_dags/plugins/workday.py
[2023-11-28T00:44:22.292+0000] {processor.py:179} INFO - Processing /usr/local/lib/python3.10/dist-packages/airflow/example_dags/plugins/workday.py took 0.019 seconds
[2023-11-28T00:45:15.813+0000] {processor.py:157} INFO - Started process (PID=3531) to work on /usr/local/lib/python3.10/dist-packages/airflow/example_dags/plugins/workday.py
[2023-11-28T00:45:15.814+0000] {processor.py:829} INFO - Processing file /usr/local/lib/python3.10/dist-packages/airflow/example_dags/plugins/workday.py for tasks to queue
[2023-11-28T00:45:15.815+0000] {logging_mixin.py:154} INFO - [2023-11-28T00:45:15.814+0000] {dagbag.py:536} INFO - Filling up the DagBag from /usr/local/lib/python3.10/dist-packages/airflow/example_dags/plugins/workday.py
[2023-11-28T00:45:15.818+0000] {logging_mixin.py:154} INFO - [2023-11-28T00:45:15.818+0000] {workday.py:36} WARNING - Could not import pandas. Holidays will not be considered.
[2023-11-28T00:45:15.818+0000] {processor.py:841} WARNING - No viable dags retrieved from /usr/local/lib/python3.10/dist-packages/airflow/example_dags/plugins/workday.py
[2023-11-28T00:45:15.829+0000] {processor.py:179} INFO - Processing /usr/local/lib/python3.10/dist-packages/airflow/example_dags/plugins/workday.py took 0.020 seconds
[2023-11-28T00:45:56.250+0000] {processor.py:157} INFO - Started process (PID=3582) to work on /usr/local/lib/python3.10/dist-packages/airflow/example_dags/plugins/workday.py
[2023-11-28T00:45:56.251+0000] {processor.py:829} INFO - Processing file /usr/local/lib/python3.10/dist-packages/airflow/example_dags/plugins/workday.py for tasks to queue
[2023-11-28T00:45:56.252+0000] {logging_mixin.py:154} INFO - [2023-11-28T00:45:56.252+0000] {dagbag.py:536} INFO - Filling up the DagBag from /usr/local/lib/python3.10/dist-packages/airflow/example_dags/plugins/workday.py
[2023-11-28T00:45:56.255+0000] {logging_mixin.py:154} INFO - [2023-11-28T00:45:56.255+0000] {workday.py:36} WARNING - Could not import pandas. Holidays will not be considered.
[2023-11-28T00:45:56.256+0000] {processor.py:841} WARNING - No viable dags retrieved from /usr/local/lib/python3.10/dist-packages/airflow/example_dags/plugins/workday.py
[2023-11-28T00:45:56.266+0000] {processor.py:179} INFO - Processing /usr/local/lib/python3.10/dist-packages/airflow/example_dags/plugins/workday.py took 0.019 seconds
[2023-11-28T00:46:37.964+0000] {processor.py:157} INFO - Started process (PID=3627) to work on /usr/local/lib/python3.10/dist-packages/airflow/example_dags/plugins/workday.py
[2023-11-28T00:46:37.966+0000] {processor.py:829} INFO - Processing file /usr/local/lib/python3.10/dist-packages/airflow/example_dags/plugins/workday.py for tasks to queue
[2023-11-28T00:46:37.967+0000] {logging_mixin.py:154} INFO - [2023-11-28T00:46:37.966+0000] {dagbag.py:536} INFO - Filling up the DagBag from /usr/local/lib/python3.10/dist-packages/airflow/example_dags/plugins/workday.py
[2023-11-28T00:46:37.970+0000] {logging_mixin.py:154} INFO - [2023-11-28T00:46:37.969+0000] {workday.py:36} WARNING - Could not import pandas. Holidays will not be considered.
[2023-11-28T00:46:37.970+0000] {processor.py:841} WARNING - No viable dags retrieved from /usr/local/lib/python3.10/dist-packages/airflow/example_dags/plugins/workday.py
[2023-11-28T00:46:37.980+0000] {processor.py:179} INFO - Processing /usr/local/lib/python3.10/dist-packages/airflow/example_dags/plugins/workday.py took 0.019 seconds
[2023-11-28T00:47:20.916+0000] {processor.py:157} INFO - Started process (PID=3675) to work on /usr/local/lib/python3.10/dist-packages/airflow/example_dags/plugins/workday.py
[2023-11-28T00:47:20.917+0000] {processor.py:829} INFO - Processing file /usr/local/lib/python3.10/dist-packages/airflow/example_dags/plugins/workday.py for tasks to queue
[2023-11-28T00:47:20.918+0000] {logging_mixin.py:154} INFO - [2023-11-28T00:47:20.918+0000] {dagbag.py:536} INFO - Filling up the DagBag from /usr/local/lib/python3.10/dist-packages/airflow/example_dags/plugins/workday.py
[2023-11-28T00:47:20.921+0000] {logging_mixin.py:154} INFO - [2023-11-28T00:47:20.921+0000] {workday.py:36} WARNING - Could not import pandas. Holidays will not be considered.
[2023-11-28T00:47:20.922+0000] {processor.py:841} WARNING - No viable dags retrieved from /usr/local/lib/python3.10/dist-packages/airflow/example_dags/plugins/workday.py
[2023-11-28T00:47:20.933+0000] {processor.py:179} INFO - Processing /usr/local/lib/python3.10/dist-packages/airflow/example_dags/plugins/workday.py took 0.020 seconds
[2023-11-28T00:48:06.971+0000] {processor.py:157} INFO - Started process (PID=3723) to work on /usr/local/lib/python3.10/dist-packages/airflow/example_dags/plugins/workday.py
[2023-11-28T00:48:06.973+0000] {processor.py:829} INFO - Processing file /usr/local/lib/python3.10/dist-packages/airflow/example_dags/plugins/workday.py for tasks to queue
[2023-11-28T00:48:06.974+0000] {logging_mixin.py:154} INFO - [2023-11-28T00:48:06.973+0000] {dagbag.py:536} INFO - Filling up the DagBag from /usr/local/lib/python3.10/dist-packages/airflow/example_dags/plugins/workday.py
[2023-11-28T00:48:06.977+0000] {logging_mixin.py:154} INFO - [2023-11-28T00:48:06.977+0000] {workday.py:36} WARNING - Could not import pandas. Holidays will not be considered.
[2023-11-28T00:48:06.977+0000] {processor.py:841} WARNING - No viable dags retrieved from /usr/local/lib/python3.10/dist-packages/airflow/example_dags/plugins/workday.py
[2023-11-28T00:48:06.988+0000] {processor.py:179} INFO - Processing /usr/local/lib/python3.10/dist-packages/airflow/example_dags/plugins/workday.py took 0.020 seconds
[2023-11-28T00:48:51.157+0000] {processor.py:157} INFO - Started process (PID=3769) to work on /usr/local/lib/python3.10/dist-packages/airflow/example_dags/plugins/workday.py
[2023-11-28T00:48:51.158+0000] {processor.py:829} INFO - Processing file /usr/local/lib/python3.10/dist-packages/airflow/example_dags/plugins/workday.py for tasks to queue
[2023-11-28T00:48:51.159+0000] {logging_mixin.py:154} INFO - [2023-11-28T00:48:51.158+0000] {dagbag.py:536} INFO - Filling up the DagBag from /usr/local/lib/python3.10/dist-packages/airflow/example_dags/plugins/workday.py
[2023-11-28T00:48:51.162+0000] {logging_mixin.py:154} INFO - [2023-11-28T00:48:51.162+0000] {workday.py:36} WARNING - Could not import pandas. Holidays will not be considered.
[2023-11-28T00:48:51.162+0000] {processor.py:841} WARNING - No viable dags retrieved from /usr/local/lib/python3.10/dist-packages/airflow/example_dags/plugins/workday.py
[2023-11-28T00:48:51.173+0000] {processor.py:179} INFO - Processing /usr/local/lib/python3.10/dist-packages/airflow/example_dags/plugins/workday.py took 0.019 seconds
[2023-11-28T00:49:35.076+0000] {processor.py:157} INFO - Started process (PID=3815) to work on /usr/local/lib/python3.10/dist-packages/airflow/example_dags/plugins/workday.py
[2023-11-28T00:49:35.078+0000] {processor.py:829} INFO - Processing file /usr/local/lib/python3.10/dist-packages/airflow/example_dags/plugins/workday.py for tasks to queue
[2023-11-28T00:49:35.079+0000] {logging_mixin.py:154} INFO - [2023-11-28T00:49:35.078+0000] {dagbag.py:536} INFO - Filling up the DagBag from /usr/local/lib/python3.10/dist-packages/airflow/example_dags/plugins/workday.py
[2023-11-28T00:49:35.082+0000] {logging_mixin.py:154} INFO - [2023-11-28T00:49:35.082+0000] {workday.py:36} WARNING - Could not import pandas. Holidays will not be considered.
[2023-11-28T00:49:35.082+0000] {processor.py:841} WARNING - No viable dags retrieved from /usr/local/lib/python3.10/dist-packages/airflow/example_dags/plugins/workday.py
[2023-11-28T00:49:35.093+0000] {processor.py:179} INFO - Processing /usr/local/lib/python3.10/dist-packages/airflow/example_dags/plugins/workday.py took 0.020 seconds
[2023-11-28T00:50:20.315+0000] {processor.py:157} INFO - Started process (PID=3863) to work on /usr/local/lib/python3.10/dist-packages/airflow/example_dags/plugins/workday.py
[2023-11-28T00:50:20.316+0000] {processor.py:829} INFO - Processing file /usr/local/lib/python3.10/dist-packages/airflow/example_dags/plugins/workday.py for tasks to queue
[2023-11-28T00:50:20.317+0000] {logging_mixin.py:154} INFO - [2023-11-28T00:50:20.317+0000] {dagbag.py:536} INFO - Filling up the DagBag from /usr/local/lib/python3.10/dist-packages/airflow/example_dags/plugins/workday.py
[2023-11-28T00:50:20.320+0000] {logging_mixin.py:154} INFO - [2023-11-28T00:50:20.320+0000] {workday.py:36} WARNING - Could not import pandas. Holidays will not be considered.
[2023-11-28T00:50:20.321+0000] {processor.py:841} WARNING - No viable dags retrieved from /usr/local/lib/python3.10/dist-packages/airflow/example_dags/plugins/workday.py
[2023-11-28T00:50:20.331+0000] {processor.py:179} INFO - Processing /usr/local/lib/python3.10/dist-packages/airflow/example_dags/plugins/workday.py took 0.019 seconds
[2023-11-28T00:51:08.813+0000] {processor.py:157} INFO - Started process (PID=3911) to work on /usr/local/lib/python3.10/dist-packages/airflow/example_dags/plugins/workday.py
[2023-11-28T00:51:08.814+0000] {processor.py:829} INFO - Processing file /usr/local/lib/python3.10/dist-packages/airflow/example_dags/plugins/workday.py for tasks to queue
[2023-11-28T00:51:08.815+0000] {logging_mixin.py:154} INFO - [2023-11-28T00:51:08.815+0000] {dagbag.py:536} INFO - Filling up the DagBag from /usr/local/lib/python3.10/dist-packages/airflow/example_dags/plugins/workday.py
[2023-11-28T00:51:08.818+0000] {logging_mixin.py:154} INFO - [2023-11-28T00:51:08.818+0000] {workday.py:36} WARNING - Could not import pandas. Holidays will not be considered.
[2023-11-28T00:51:08.819+0000] {processor.py:841} WARNING - No viable dags retrieved from /usr/local/lib/python3.10/dist-packages/airflow/example_dags/plugins/workday.py
[2023-11-28T00:51:08.830+0000] {processor.py:179} INFO - Processing /usr/local/lib/python3.10/dist-packages/airflow/example_dags/plugins/workday.py took 0.021 seconds
[2023-11-28T00:51:55.235+0000] {processor.py:157} INFO - Started process (PID=3960) to work on /usr/local/lib/python3.10/dist-packages/airflow/example_dags/plugins/workday.py
[2023-11-28T00:51:55.236+0000] {processor.py:829} INFO - Processing file /usr/local/lib/python3.10/dist-packages/airflow/example_dags/plugins/workday.py for tasks to queue
[2023-11-28T00:51:55.237+0000] {logging_mixin.py:154} INFO - [2023-11-28T00:51:55.237+0000] {dagbag.py:536} INFO - Filling up the DagBag from /usr/local/lib/python3.10/dist-packages/airflow/example_dags/plugins/workday.py
[2023-11-28T00:51:55.240+0000] {logging_mixin.py:154} INFO - [2023-11-28T00:51:55.240+0000] {workday.py:36} WARNING - Could not import pandas. Holidays will not be considered.
[2023-11-28T00:51:55.240+0000] {processor.py:841} WARNING - No viable dags retrieved from /usr/local/lib/python3.10/dist-packages/airflow/example_dags/plugins/workday.py
[2023-11-28T00:51:55.251+0000] {processor.py:179} INFO - Processing /usr/local/lib/python3.10/dist-packages/airflow/example_dags/plugins/workday.py took 0.019 seconds
[2023-11-28T00:52:40.118+0000] {processor.py:157} INFO - Started process (PID=4350) to work on /usr/local/lib/python3.10/dist-packages/airflow/example_dags/plugins/workday.py
[2023-11-28T00:52:40.120+0000] {processor.py:829} INFO - Processing file /usr/local/lib/python3.10/dist-packages/airflow/example_dags/plugins/workday.py for tasks to queue
[2023-11-28T00:52:40.121+0000] {logging_mixin.py:154} INFO - [2023-11-28T00:52:40.120+0000] {dagbag.py:536} INFO - Filling up the DagBag from /usr/local/lib/python3.10/dist-packages/airflow/example_dags/plugins/workday.py
[2023-11-28T00:52:40.124+0000] {logging_mixin.py:154} INFO - [2023-11-28T00:52:40.124+0000] {workday.py:36} WARNING - Could not import pandas. Holidays will not be considered.
[2023-11-28T00:52:40.124+0000] {processor.py:841} WARNING - No viable dags retrieved from /usr/local/lib/python3.10/dist-packages/airflow/example_dags/plugins/workday.py
[2023-11-28T00:52:40.135+0000] {processor.py:179} INFO - Processing /usr/local/lib/python3.10/dist-packages/airflow/example_dags/plugins/workday.py took 0.021 seconds
[2023-11-28T00:53:27.126+0000] {processor.py:157} INFO - Started process (PID=4507) to work on /usr/local/lib/python3.10/dist-packages/airflow/example_dags/plugins/workday.py
[2023-11-28T00:53:27.127+0000] {processor.py:829} INFO - Processing file /usr/local/lib/python3.10/dist-packages/airflow/example_dags/plugins/workday.py for tasks to queue
[2023-11-28T00:53:27.128+0000] {logging_mixin.py:154} INFO - [2023-11-28T00:53:27.128+0000] {dagbag.py:536} INFO - Filling up the DagBag from /usr/local/lib/python3.10/dist-packages/airflow/example_dags/plugins/workday.py
[2023-11-28T00:53:27.131+0000] {logging_mixin.py:154} INFO - [2023-11-28T00:53:27.131+0000] {workday.py:36} WARNING - Could not import pandas. Holidays will not be considered.
[2023-11-28T00:53:27.132+0000] {processor.py:841} WARNING - No viable dags retrieved from /usr/local/lib/python3.10/dist-packages/airflow/example_dags/plugins/workday.py
[2023-11-28T00:53:27.142+0000] {processor.py:179} INFO - Processing /usr/local/lib/python3.10/dist-packages/airflow/example_dags/plugins/workday.py took 0.020 seconds
[2023-11-28T00:54:13.512+0000] {processor.py:157} INFO - Started process (PID=4867) to work on /usr/local/lib/python3.10/dist-packages/airflow/example_dags/plugins/workday.py
[2023-11-28T00:54:13.513+0000] {processor.py:829} INFO - Processing file /usr/local/lib/python3.10/dist-packages/airflow/example_dags/plugins/workday.py for tasks to queue
[2023-11-28T00:54:13.514+0000] {logging_mixin.py:154} INFO - [2023-11-28T00:54:13.514+0000] {dagbag.py:536} INFO - Filling up the DagBag from /usr/local/lib/python3.10/dist-packages/airflow/example_dags/plugins/workday.py
[2023-11-28T00:54:13.517+0000] {logging_mixin.py:154} INFO - [2023-11-28T00:54:13.517+0000] {workday.py:36} WARNING - Could not import pandas. Holidays will not be considered.
[2023-11-28T00:54:13.518+0000] {processor.py:841} WARNING - No viable dags retrieved from /usr/local/lib/python3.10/dist-packages/airflow/example_dags/plugins/workday.py
[2023-11-28T00:54:13.528+0000] {processor.py:179} INFO - Processing /usr/local/lib/python3.10/dist-packages/airflow/example_dags/plugins/workday.py took 0.020 seconds
[2023-11-28T00:54:54.356+0000] {processor.py:157} INFO - Started process (PID=4923) to work on /usr/local/lib/python3.10/dist-packages/airflow/example_dags/plugins/workday.py
[2023-11-28T00:54:54.357+0000] {processor.py:829} INFO - Processing file /usr/local/lib/python3.10/dist-packages/airflow/example_dags/plugins/workday.py for tasks to queue
[2023-11-28T00:54:54.358+0000] {logging_mixin.py:154} INFO - [2023-11-28T00:54:54.357+0000] {dagbag.py:536} INFO - Filling up the DagBag from /usr/local/lib/python3.10/dist-packages/airflow/example_dags/plugins/workday.py
[2023-11-28T00:54:54.361+0000] {logging_mixin.py:154} INFO - [2023-11-28T00:54:54.360+0000] {workday.py:36} WARNING - Could not import pandas. Holidays will not be considered.
[2023-11-28T00:54:54.361+0000] {processor.py:841} WARNING - No viable dags retrieved from /usr/local/lib/python3.10/dist-packages/airflow/example_dags/plugins/workday.py
[2023-11-28T00:54:54.371+0000] {processor.py:179} INFO - Processing /usr/local/lib/python3.10/dist-packages/airflow/example_dags/plugins/workday.py took 0.019 seconds
[2023-11-28T00:55:41.109+0000] {processor.py:157} INFO - Started process (PID=4972) to work on /usr/local/lib/python3.10/dist-packages/airflow/example_dags/plugins/workday.py
[2023-11-28T00:55:41.110+0000] {processor.py:829} INFO - Processing file /usr/local/lib/python3.10/dist-packages/airflow/example_dags/plugins/workday.py for tasks to queue
[2023-11-28T00:55:41.111+0000] {logging_mixin.py:154} INFO - [2023-11-28T00:55:41.111+0000] {dagbag.py:536} INFO - Filling up the DagBag from /usr/local/lib/python3.10/dist-packages/airflow/example_dags/plugins/workday.py
[2023-11-28T00:55:41.114+0000] {logging_mixin.py:154} INFO - [2023-11-28T00:55:41.114+0000] {workday.py:36} WARNING - Could not import pandas. Holidays will not be considered.
[2023-11-28T00:55:41.115+0000] {processor.py:841} WARNING - No viable dags retrieved from /usr/local/lib/python3.10/dist-packages/airflow/example_dags/plugins/workday.py
[2023-11-28T00:55:41.125+0000] {processor.py:179} INFO - Processing /usr/local/lib/python3.10/dist-packages/airflow/example_dags/plugins/workday.py took 0.020 seconds
[2023-11-28T00:56:26.730+0000] {processor.py:157} INFO - Started process (PID=5336) to work on /usr/local/lib/python3.10/dist-packages/airflow/example_dags/plugins/workday.py
[2023-11-28T00:56:26.731+0000] {processor.py:829} INFO - Processing file /usr/local/lib/python3.10/dist-packages/airflow/example_dags/plugins/workday.py for tasks to queue
[2023-11-28T00:56:26.732+0000] {logging_mixin.py:154} INFO - [2023-11-28T00:56:26.732+0000] {dagbag.py:536} INFO - Filling up the DagBag from /usr/local/lib/python3.10/dist-packages/airflow/example_dags/plugins/workday.py
[2023-11-28T00:56:26.735+0000] {logging_mixin.py:154} INFO - [2023-11-28T00:56:26.735+0000] {workday.py:36} WARNING - Could not import pandas. Holidays will not be considered.
[2023-11-28T00:56:26.736+0000] {processor.py:841} WARNING - No viable dags retrieved from /usr/local/lib/python3.10/dist-packages/airflow/example_dags/plugins/workday.py
[2023-11-28T00:56:26.746+0000] {processor.py:179} INFO - Processing /usr/local/lib/python3.10/dist-packages/airflow/example_dags/plugins/workday.py took 0.020 seconds
[2023-11-28T00:57:00.559+0000] {processor.py:157} INFO - Started process (PID=5371) to work on /usr/local/lib/python3.10/dist-packages/airflow/example_dags/plugins/workday.py
[2023-11-28T00:57:00.561+0000] {processor.py:829} INFO - Processing file /usr/local/lib/python3.10/dist-packages/airflow/example_dags/plugins/workday.py for tasks to queue
[2023-11-28T00:57:00.561+0000] {logging_mixin.py:154} INFO - [2023-11-28T00:57:00.561+0000] {dagbag.py:536} INFO - Filling up the DagBag from /usr/local/lib/python3.10/dist-packages/airflow/example_dags/plugins/workday.py
[2023-11-28T00:57:00.565+0000] {logging_mixin.py:154} INFO - [2023-11-28T00:57:00.564+0000] {workday.py:36} WARNING - Could not import pandas. Holidays will not be considered.
[2023-11-28T00:57:00.565+0000] {processor.py:841} WARNING - No viable dags retrieved from /usr/local/lib/python3.10/dist-packages/airflow/example_dags/plugins/workday.py
[2023-11-28T00:57:00.575+0000] {processor.py:179} INFO - Processing /usr/local/lib/python3.10/dist-packages/airflow/example_dags/plugins/workday.py took 0.019 seconds
[2023-11-28T00:57:46.595+0000] {processor.py:157} INFO - Started process (PID=5421) to work on /usr/local/lib/python3.10/dist-packages/airflow/example_dags/plugins/workday.py
[2023-11-28T00:57:46.597+0000] {processor.py:829} INFO - Processing file /usr/local/lib/python3.10/dist-packages/airflow/example_dags/plugins/workday.py for tasks to queue
[2023-11-28T00:57:46.599+0000] {logging_mixin.py:154} INFO - [2023-11-28T00:57:46.598+0000] {dagbag.py:536} INFO - Filling up the DagBag from /usr/local/lib/python3.10/dist-packages/airflow/example_dags/plugins/workday.py
[2023-11-28T00:57:46.602+0000] {logging_mixin.py:154} INFO - [2023-11-28T00:57:46.602+0000] {workday.py:36} WARNING - Could not import pandas. Holidays will not be considered.
[2023-11-28T00:57:46.602+0000] {processor.py:841} WARNING - No viable dags retrieved from /usr/local/lib/python3.10/dist-packages/airflow/example_dags/plugins/workday.py
[2023-11-28T00:57:46.613+0000] {processor.py:179} INFO - Processing /usr/local/lib/python3.10/dist-packages/airflow/example_dags/plugins/workday.py took 0.021 seconds
[2023-11-28T00:58:33.412+0000] {processor.py:157} INFO - Started process (PID=5468) to work on /usr/local/lib/python3.10/dist-packages/airflow/example_dags/plugins/workday.py
[2023-11-28T00:58:33.413+0000] {processor.py:829} INFO - Processing file /usr/local/lib/python3.10/dist-packages/airflow/example_dags/plugins/workday.py for tasks to queue
[2023-11-28T00:58:33.414+0000] {logging_mixin.py:154} INFO - [2023-11-28T00:58:33.414+0000] {dagbag.py:536} INFO - Filling up the DagBag from /usr/local/lib/python3.10/dist-packages/airflow/example_dags/plugins/workday.py
[2023-11-28T00:58:33.417+0000] {logging_mixin.py:154} INFO - [2023-11-28T00:58:33.417+0000] {workday.py:36} WARNING - Could not import pandas. Holidays will not be considered.
[2023-11-28T00:58:33.418+0000] {processor.py:841} WARNING - No viable dags retrieved from /usr/local/lib/python3.10/dist-packages/airflow/example_dags/plugins/workday.py
[2023-11-28T00:58:33.428+0000] {processor.py:179} INFO - Processing /usr/local/lib/python3.10/dist-packages/airflow/example_dags/plugins/workday.py took 0.020 seconds
[2023-11-28T00:59:21.365+0000] {processor.py:157} INFO - Started process (PID=5517) to work on /usr/local/lib/python3.10/dist-packages/airflow/example_dags/plugins/workday.py
[2023-11-28T00:59:21.366+0000] {processor.py:829} INFO - Processing file /usr/local/lib/python3.10/dist-packages/airflow/example_dags/plugins/workday.py for tasks to queue
[2023-11-28T00:59:21.367+0000] {logging_mixin.py:154} INFO - [2023-11-28T00:59:21.367+0000] {dagbag.py:536} INFO - Filling up the DagBag from /usr/local/lib/python3.10/dist-packages/airflow/example_dags/plugins/workday.py
[2023-11-28T00:59:21.370+0000] {logging_mixin.py:154} INFO - [2023-11-28T00:59:21.370+0000] {workday.py:36} WARNING - Could not import pandas. Holidays will not be considered.
[2023-11-28T00:59:21.370+0000] {processor.py:841} WARNING - No viable dags retrieved from /usr/local/lib/python3.10/dist-packages/airflow/example_dags/plugins/workday.py
[2023-11-28T00:59:21.381+0000] {processor.py:179} INFO - Processing /usr/local/lib/python3.10/dist-packages/airflow/example_dags/plugins/workday.py took 0.020 seconds
[2023-11-28T01:00:04.158+0000] {processor.py:157} INFO - Started process (PID=5563) to work on /usr/local/lib/python3.10/dist-packages/airflow/example_dags/plugins/workday.py
[2023-11-28T01:00:04.159+0000] {processor.py:829} INFO - Processing file /usr/local/lib/python3.10/dist-packages/airflow/example_dags/plugins/workday.py for tasks to queue
[2023-11-28T01:00:04.160+0000] {logging_mixin.py:154} INFO - [2023-11-28T01:00:04.160+0000] {dagbag.py:536} INFO - Filling up the DagBag from /usr/local/lib/python3.10/dist-packages/airflow/example_dags/plugins/workday.py
[2023-11-28T01:00:04.163+0000] {logging_mixin.py:154} INFO - [2023-11-28T01:00:04.163+0000] {workday.py:36} WARNING - Could not import pandas. Holidays will not be considered.
[2023-11-28T01:00:04.164+0000] {processor.py:841} WARNING - No viable dags retrieved from /usr/local/lib/python3.10/dist-packages/airflow/example_dags/plugins/workday.py
[2023-11-28T01:00:04.175+0000] {processor.py:179} INFO - Processing /usr/local/lib/python3.10/dist-packages/airflow/example_dags/plugins/workday.py took 0.020 seconds
[2023-11-28T01:00:48.893+0000] {processor.py:157} INFO - Started process (PID=5608) to work on /usr/local/lib/python3.10/dist-packages/airflow/example_dags/plugins/workday.py
[2023-11-28T01:00:48.894+0000] {processor.py:829} INFO - Processing file /usr/local/lib/python3.10/dist-packages/airflow/example_dags/plugins/workday.py for tasks to queue
[2023-11-28T01:00:48.895+0000] {logging_mixin.py:154} INFO - [2023-11-28T01:00:48.895+0000] {dagbag.py:536} INFO - Filling up the DagBag from /usr/local/lib/python3.10/dist-packages/airflow/example_dags/plugins/workday.py
[2023-11-28T01:00:48.898+0000] {logging_mixin.py:154} INFO - [2023-11-28T01:00:48.898+0000] {workday.py:36} WARNING - Could not import pandas. Holidays will not be considered.
[2023-11-28T01:00:48.898+0000] {processor.py:841} WARNING - No viable dags retrieved from /usr/local/lib/python3.10/dist-packages/airflow/example_dags/plugins/workday.py
[2023-11-28T01:00:48.909+0000] {processor.py:179} INFO - Processing /usr/local/lib/python3.10/dist-packages/airflow/example_dags/plugins/workday.py took 0.019 seconds
[2023-11-28T01:01:32.969+0000] {processor.py:157} INFO - Started process (PID=5655) to work on /usr/local/lib/python3.10/dist-packages/airflow/example_dags/plugins/workday.py
[2023-11-28T01:01:32.971+0000] {processor.py:829} INFO - Processing file /usr/local/lib/python3.10/dist-packages/airflow/example_dags/plugins/workday.py for tasks to queue
[2023-11-28T01:01:32.972+0000] {logging_mixin.py:154} INFO - [2023-11-28T01:01:32.971+0000] {dagbag.py:536} INFO - Filling up the DagBag from /usr/local/lib/python3.10/dist-packages/airflow/example_dags/plugins/workday.py
[2023-11-28T01:01:32.975+0000] {logging_mixin.py:154} INFO - [2023-11-28T01:01:32.975+0000] {workday.py:36} WARNING - Could not import pandas. Holidays will not be considered.
[2023-11-28T01:01:32.975+0000] {processor.py:841} WARNING - No viable dags retrieved from /usr/local/lib/python3.10/dist-packages/airflow/example_dags/plugins/workday.py
[2023-11-28T01:01:32.986+0000] {processor.py:179} INFO - Processing /usr/local/lib/python3.10/dist-packages/airflow/example_dags/plugins/workday.py took 0.020 seconds
[2023-11-28T01:02:16.892+0000] {processor.py:157} INFO - Started process (PID=5701) to work on /usr/local/lib/python3.10/dist-packages/airflow/example_dags/plugins/workday.py
[2023-11-28T01:02:16.895+0000] {processor.py:829} INFO - Processing file /usr/local/lib/python3.10/dist-packages/airflow/example_dags/plugins/workday.py for tasks to queue
[2023-11-28T01:02:16.896+0000] {logging_mixin.py:154} INFO - [2023-11-28T01:02:16.896+0000] {dagbag.py:536} INFO - Filling up the DagBag from /usr/local/lib/python3.10/dist-packages/airflow/example_dags/plugins/workday.py
[2023-11-28T01:02:16.899+0000] {logging_mixin.py:154} INFO - [2023-11-28T01:02:16.899+0000] {workday.py:36} WARNING - Could not import pandas. Holidays will not be considered.
[2023-11-28T01:02:16.900+0000] {processor.py:841} WARNING - No viable dags retrieved from /usr/local/lib/python3.10/dist-packages/airflow/example_dags/plugins/workday.py
[2023-11-28T01:02:16.911+0000] {processor.py:179} INFO - Processing /usr/local/lib/python3.10/dist-packages/airflow/example_dags/plugins/workday.py took 0.023 seconds
[2023-11-28T01:03:01.241+0000] {processor.py:157} INFO - Started process (PID=5747) to work on /usr/local/lib/python3.10/dist-packages/airflow/example_dags/plugins/workday.py
[2023-11-28T01:03:01.242+0000] {processor.py:829} INFO - Processing file /usr/local/lib/python3.10/dist-packages/airflow/example_dags/plugins/workday.py for tasks to queue
[2023-11-28T01:03:01.243+0000] {logging_mixin.py:154} INFO - [2023-11-28T01:03:01.243+0000] {dagbag.py:536} INFO - Filling up the DagBag from /usr/local/lib/python3.10/dist-packages/airflow/example_dags/plugins/workday.py
[2023-11-28T01:03:01.246+0000] {logging_mixin.py:154} INFO - [2023-11-28T01:03:01.246+0000] {workday.py:36} WARNING - Could not import pandas. Holidays will not be considered.
[2023-11-28T01:03:01.247+0000] {processor.py:841} WARNING - No viable dags retrieved from /usr/local/lib/python3.10/dist-packages/airflow/example_dags/plugins/workday.py
[2023-11-28T01:03:01.257+0000] {processor.py:179} INFO - Processing /usr/local/lib/python3.10/dist-packages/airflow/example_dags/plugins/workday.py took 0.020 seconds
[2023-11-28T01:03:46.713+0000] {processor.py:157} INFO - Started process (PID=5908) to work on /usr/local/lib/python3.10/dist-packages/airflow/example_dags/plugins/workday.py
[2023-11-28T01:03:46.714+0000] {processor.py:829} INFO - Processing file /usr/local/lib/python3.10/dist-packages/airflow/example_dags/plugins/workday.py for tasks to queue
[2023-11-28T01:03:46.715+0000] {logging_mixin.py:154} INFO - [2023-11-28T01:03:46.715+0000] {dagbag.py:536} INFO - Filling up the DagBag from /usr/local/lib/python3.10/dist-packages/airflow/example_dags/plugins/workday.py
[2023-11-28T01:03:46.718+0000] {logging_mixin.py:154} INFO - [2023-11-28T01:03:46.718+0000] {workday.py:36} WARNING - Could not import pandas. Holidays will not be considered.
[2023-11-28T01:03:46.719+0000] {processor.py:841} WARNING - No viable dags retrieved from /usr/local/lib/python3.10/dist-packages/airflow/example_dags/plugins/workday.py
[2023-11-28T01:03:46.729+0000] {processor.py:179} INFO - Processing /usr/local/lib/python3.10/dist-packages/airflow/example_dags/plugins/workday.py took 0.020 seconds
[2023-11-28T01:04:33.582+0000] {processor.py:157} INFO - Started process (PID=5956) to work on /usr/local/lib/python3.10/dist-packages/airflow/example_dags/plugins/workday.py
[2023-11-28T01:04:33.584+0000] {processor.py:829} INFO - Processing file /usr/local/lib/python3.10/dist-packages/airflow/example_dags/plugins/workday.py for tasks to queue
[2023-11-28T01:04:33.585+0000] {logging_mixin.py:154} INFO - [2023-11-28T01:04:33.584+0000] {dagbag.py:536} INFO - Filling up the DagBag from /usr/local/lib/python3.10/dist-packages/airflow/example_dags/plugins/workday.py
[2023-11-28T01:04:33.588+0000] {logging_mixin.py:154} INFO - [2023-11-28T01:04:33.588+0000] {workday.py:36} WARNING - Could not import pandas. Holidays will not be considered.
[2023-11-28T01:04:33.588+0000] {processor.py:841} WARNING - No viable dags retrieved from /usr/local/lib/python3.10/dist-packages/airflow/example_dags/plugins/workday.py
[2023-11-28T01:04:33.599+0000] {processor.py:179} INFO - Processing /usr/local/lib/python3.10/dist-packages/airflow/example_dags/plugins/workday.py took 0.020 seconds
[2023-11-28T01:05:15.384+0000] {processor.py:157} INFO - Started process (PID=6001) to work on /usr/local/lib/python3.10/dist-packages/airflow/example_dags/plugins/workday.py
[2023-11-28T01:05:15.385+0000] {processor.py:829} INFO - Processing file /usr/local/lib/python3.10/dist-packages/airflow/example_dags/plugins/workday.py for tasks to queue
[2023-11-28T01:05:15.386+0000] {logging_mixin.py:154} INFO - [2023-11-28T01:05:15.386+0000] {dagbag.py:536} INFO - Filling up the DagBag from /usr/local/lib/python3.10/dist-packages/airflow/example_dags/plugins/workday.py
[2023-11-28T01:05:15.390+0000] {logging_mixin.py:154} INFO - [2023-11-28T01:05:15.390+0000] {workday.py:36} WARNING - Could not import pandas. Holidays will not be considered.
[2023-11-28T01:05:15.390+0000] {processor.py:841} WARNING - No viable dags retrieved from /usr/local/lib/python3.10/dist-packages/airflow/example_dags/plugins/workday.py
[2023-11-28T01:05:15.401+0000] {processor.py:179} INFO - Processing /usr/local/lib/python3.10/dist-packages/airflow/example_dags/plugins/workday.py took 0.021 seconds
[2023-11-28T01:06:01.952+0000] {processor.py:157} INFO - Started process (PID=6048) to work on /usr/local/lib/python3.10/dist-packages/airflow/example_dags/plugins/workday.py
[2023-11-28T01:06:01.954+0000] {processor.py:829} INFO - Processing file /usr/local/lib/python3.10/dist-packages/airflow/example_dags/plugins/workday.py for tasks to queue
[2023-11-28T01:06:01.954+0000] {logging_mixin.py:154} INFO - [2023-11-28T01:06:01.954+0000] {dagbag.py:536} INFO - Filling up the DagBag from /usr/local/lib/python3.10/dist-packages/airflow/example_dags/plugins/workday.py
[2023-11-28T01:06:01.958+0000] {logging_mixin.py:154} INFO - [2023-11-28T01:06:01.958+0000] {workday.py:36} WARNING - Could not import pandas. Holidays will not be considered.
[2023-11-28T01:06:01.958+0000] {processor.py:841} WARNING - No viable dags retrieved from /usr/local/lib/python3.10/dist-packages/airflow/example_dags/plugins/workday.py
[2023-11-28T01:06:01.969+0000] {processor.py:179} INFO - Processing /usr/local/lib/python3.10/dist-packages/airflow/example_dags/plugins/workday.py took 0.020 seconds
[2023-11-28T01:06:45.924+0000] {processor.py:157} INFO - Started process (PID=6094) to work on /usr/local/lib/python3.10/dist-packages/airflow/example_dags/plugins/workday.py
[2023-11-28T01:06:45.926+0000] {processor.py:829} INFO - Processing file /usr/local/lib/python3.10/dist-packages/airflow/example_dags/plugins/workday.py for tasks to queue
[2023-11-28T01:06:45.927+0000] {logging_mixin.py:154} INFO - [2023-11-28T01:06:45.926+0000] {dagbag.py:536} INFO - Filling up the DagBag from /usr/local/lib/python3.10/dist-packages/airflow/example_dags/plugins/workday.py
[2023-11-28T01:06:45.930+0000] {logging_mixin.py:154} INFO - [2023-11-28T01:06:45.930+0000] {workday.py:36} WARNING - Could not import pandas. Holidays will not be considered.
[2023-11-28T01:06:45.930+0000] {processor.py:841} WARNING - No viable dags retrieved from /usr/local/lib/python3.10/dist-packages/airflow/example_dags/plugins/workday.py
[2023-11-28T01:06:45.941+0000] {processor.py:179} INFO - Processing /usr/local/lib/python3.10/dist-packages/airflow/example_dags/plugins/workday.py took 0.020 seconds
[2023-11-28T01:07:20.961+0000] {processor.py:157} INFO - Started process (PID=6128) to work on /usr/local/lib/python3.10/dist-packages/airflow/example_dags/plugins/workday.py
[2023-11-28T01:07:20.963+0000] {processor.py:829} INFO - Processing file /usr/local/lib/python3.10/dist-packages/airflow/example_dags/plugins/workday.py for tasks to queue
[2023-11-28T01:07:20.964+0000] {logging_mixin.py:154} INFO - [2023-11-28T01:07:20.963+0000] {dagbag.py:536} INFO - Filling up the DagBag from /usr/local/lib/python3.10/dist-packages/airflow/example_dags/plugins/workday.py
[2023-11-28T01:07:20.967+0000] {logging_mixin.py:154} INFO - [2023-11-28T01:07:20.967+0000] {workday.py:36} WARNING - Could not import pandas. Holidays will not be considered.
[2023-11-28T01:07:20.967+0000] {processor.py:841} WARNING - No viable dags retrieved from /usr/local/lib/python3.10/dist-packages/airflow/example_dags/plugins/workday.py
[2023-11-28T01:07:20.978+0000] {processor.py:179} INFO - Processing /usr/local/lib/python3.10/dist-packages/airflow/example_dags/plugins/workday.py took 0.020 seconds
[2023-11-28T01:08:09.486+0000] {processor.py:157} INFO - Started process (PID=6178) to work on /usr/local/lib/python3.10/dist-packages/airflow/example_dags/plugins/workday.py
[2023-11-28T01:08:09.488+0000] {processor.py:829} INFO - Processing file /usr/local/lib/python3.10/dist-packages/airflow/example_dags/plugins/workday.py for tasks to queue
[2023-11-28T01:08:09.489+0000] {logging_mixin.py:154} INFO - [2023-11-28T01:08:09.488+0000] {dagbag.py:536} INFO - Filling up the DagBag from /usr/local/lib/python3.10/dist-packages/airflow/example_dags/plugins/workday.py
[2023-11-28T01:08:09.492+0000] {logging_mixin.py:154} INFO - [2023-11-28T01:08:09.491+0000] {workday.py:36} WARNING - Could not import pandas. Holidays will not be considered.
[2023-11-28T01:08:09.492+0000] {processor.py:841} WARNING - No viable dags retrieved from /usr/local/lib/python3.10/dist-packages/airflow/example_dags/plugins/workday.py
[2023-11-28T01:08:09.502+0000] {processor.py:179} INFO - Processing /usr/local/lib/python3.10/dist-packages/airflow/example_dags/plugins/workday.py took 0.020 seconds
[2023-11-28T01:08:53.075+0000] {processor.py:157} INFO - Started process (PID=6225) to work on /usr/local/lib/python3.10/dist-packages/airflow/example_dags/plugins/workday.py
[2023-11-28T01:08:53.077+0000] {processor.py:829} INFO - Processing file /usr/local/lib/python3.10/dist-packages/airflow/example_dags/plugins/workday.py for tasks to queue
[2023-11-28T01:08:53.078+0000] {logging_mixin.py:154} INFO - [2023-11-28T01:08:53.077+0000] {dagbag.py:536} INFO - Filling up the DagBag from /usr/local/lib/python3.10/dist-packages/airflow/example_dags/plugins/workday.py
[2023-11-28T01:08:53.081+0000] {logging_mixin.py:154} INFO - [2023-11-28T01:08:53.081+0000] {workday.py:36} WARNING - Could not import pandas. Holidays will not be considered.
[2023-11-28T01:08:53.081+0000] {processor.py:841} WARNING - No viable dags retrieved from /usr/local/lib/python3.10/dist-packages/airflow/example_dags/plugins/workday.py
[2023-11-28T01:08:53.092+0000] {processor.py:179} INFO - Processing /usr/local/lib/python3.10/dist-packages/airflow/example_dags/plugins/workday.py took 0.020 seconds
[2023-11-28T01:09:35.326+0000] {processor.py:157} INFO - Started process (PID=6270) to work on /usr/local/lib/python3.10/dist-packages/airflow/example_dags/plugins/workday.py
[2023-11-28T01:09:35.327+0000] {processor.py:829} INFO - Processing file /usr/local/lib/python3.10/dist-packages/airflow/example_dags/plugins/workday.py for tasks to queue
[2023-11-28T01:09:35.328+0000] {logging_mixin.py:154} INFO - [2023-11-28T01:09:35.328+0000] {dagbag.py:536} INFO - Filling up the DagBag from /usr/local/lib/python3.10/dist-packages/airflow/example_dags/plugins/workday.py
[2023-11-28T01:09:35.331+0000] {logging_mixin.py:154} INFO - [2023-11-28T01:09:35.331+0000] {workday.py:36} WARNING - Could not import pandas. Holidays will not be considered.
[2023-11-28T01:09:35.331+0000] {processor.py:841} WARNING - No viable dags retrieved from /usr/local/lib/python3.10/dist-packages/airflow/example_dags/plugins/workday.py
[2023-11-28T01:09:35.342+0000] {processor.py:179} INFO - Processing /usr/local/lib/python3.10/dist-packages/airflow/example_dags/plugins/workday.py took 0.020 seconds
[2023-11-28T01:10:08.047+0000] {processor.py:157} INFO - Started process (PID=6304) to work on /usr/local/lib/python3.10/dist-packages/airflow/example_dags/plugins/workday.py
[2023-11-28T01:10:08.048+0000] {processor.py:829} INFO - Processing file /usr/local/lib/python3.10/dist-packages/airflow/example_dags/plugins/workday.py for tasks to queue
[2023-11-28T01:10:08.049+0000] {logging_mixin.py:154} INFO - [2023-11-28T01:10:08.049+0000] {dagbag.py:536} INFO - Filling up the DagBag from /usr/local/lib/python3.10/dist-packages/airflow/example_dags/plugins/workday.py
[2023-11-28T01:10:08.052+0000] {logging_mixin.py:154} INFO - [2023-11-28T01:10:08.052+0000] {workday.py:36} WARNING - Could not import pandas. Holidays will not be considered.
[2023-11-28T01:10:08.053+0000] {processor.py:841} WARNING - No viable dags retrieved from /usr/local/lib/python3.10/dist-packages/airflow/example_dags/plugins/workday.py
[2023-11-28T01:10:08.063+0000] {processor.py:179} INFO - Processing /usr/local/lib/python3.10/dist-packages/airflow/example_dags/plugins/workday.py took 0.019 seconds
[2023-11-28T01:10:54.510+0000] {processor.py:157} INFO - Started process (PID=6351) to work on /usr/local/lib/python3.10/dist-packages/airflow/example_dags/plugins/workday.py
[2023-11-28T01:10:54.512+0000] {processor.py:829} INFO - Processing file /usr/local/lib/python3.10/dist-packages/airflow/example_dags/plugins/workday.py for tasks to queue
[2023-11-28T01:10:54.513+0000] {logging_mixin.py:154} INFO - [2023-11-28T01:10:54.513+0000] {dagbag.py:536} INFO - Filling up the DagBag from /usr/local/lib/python3.10/dist-packages/airflow/example_dags/plugins/workday.py
[2023-11-28T01:10:54.517+0000] {logging_mixin.py:154} INFO - [2023-11-28T01:10:54.516+0000] {workday.py:36} WARNING - Could not import pandas. Holidays will not be considered.
[2023-11-28T01:10:54.517+0000] {processor.py:841} WARNING - No viable dags retrieved from /usr/local/lib/python3.10/dist-packages/airflow/example_dags/plugins/workday.py
[2023-11-28T01:10:54.527+0000] {processor.py:179} INFO - Processing /usr/local/lib/python3.10/dist-packages/airflow/example_dags/plugins/workday.py took 0.021 seconds
[2023-11-28T01:11:27.895+0000] {processor.py:157} INFO - Started process (PID=6386) to work on /usr/local/lib/python3.10/dist-packages/airflow/example_dags/plugins/workday.py
[2023-11-28T01:11:27.897+0000] {processor.py:829} INFO - Processing file /usr/local/lib/python3.10/dist-packages/airflow/example_dags/plugins/workday.py for tasks to queue
[2023-11-28T01:11:27.897+0000] {logging_mixin.py:154} INFO - [2023-11-28T01:11:27.897+0000] {dagbag.py:536} INFO - Filling up the DagBag from /usr/local/lib/python3.10/dist-packages/airflow/example_dags/plugins/workday.py
[2023-11-28T01:11:27.901+0000] {logging_mixin.py:154} INFO - [2023-11-28T01:11:27.900+0000] {workday.py:36} WARNING - Could not import pandas. Holidays will not be considered.
[2023-11-28T01:11:27.902+0000] {processor.py:841} WARNING - No viable dags retrieved from /usr/local/lib/python3.10/dist-packages/airflow/example_dags/plugins/workday.py
[2023-11-28T01:11:27.922+0000] {processor.py:179} INFO - Processing /usr/local/lib/python3.10/dist-packages/airflow/example_dags/plugins/workday.py took 0.030 seconds
[2023-11-28T01:12:14.102+0000] {processor.py:157} INFO - Started process (PID=6432) to work on /usr/local/lib/python3.10/dist-packages/airflow/example_dags/plugins/workday.py
[2023-11-28T01:12:14.104+0000] {processor.py:829} INFO - Processing file /usr/local/lib/python3.10/dist-packages/airflow/example_dags/plugins/workday.py for tasks to queue
[2023-11-28T01:12:14.105+0000] {logging_mixin.py:154} INFO - [2023-11-28T01:12:14.105+0000] {dagbag.py:536} INFO - Filling up the DagBag from /usr/local/lib/python3.10/dist-packages/airflow/example_dags/plugins/workday.py
[2023-11-28T01:12:14.108+0000] {logging_mixin.py:154} INFO - [2023-11-28T01:12:14.108+0000] {workday.py:36} WARNING - Could not import pandas. Holidays will not be considered.
[2023-11-28T01:12:14.109+0000] {processor.py:841} WARNING - No viable dags retrieved from /usr/local/lib/python3.10/dist-packages/airflow/example_dags/plugins/workday.py
[2023-11-28T01:12:14.119+0000] {processor.py:179} INFO - Processing /usr/local/lib/python3.10/dist-packages/airflow/example_dags/plugins/workday.py took 0.020 seconds
[2023-11-28T01:12:57.120+0000] {processor.py:157} INFO - Started process (PID=6479) to work on /usr/local/lib/python3.10/dist-packages/airflow/example_dags/plugins/workday.py
[2023-11-28T01:12:57.121+0000] {processor.py:829} INFO - Processing file /usr/local/lib/python3.10/dist-packages/airflow/example_dags/plugins/workday.py for tasks to queue
[2023-11-28T01:12:57.122+0000] {logging_mixin.py:154} INFO - [2023-11-28T01:12:57.122+0000] {dagbag.py:536} INFO - Filling up the DagBag from /usr/local/lib/python3.10/dist-packages/airflow/example_dags/plugins/workday.py
[2023-11-28T01:12:57.125+0000] {logging_mixin.py:154} INFO - [2023-11-28T01:12:57.125+0000] {workday.py:36} WARNING - Could not import pandas. Holidays will not be considered.
[2023-11-28T01:12:57.126+0000] {processor.py:841} WARNING - No viable dags retrieved from /usr/local/lib/python3.10/dist-packages/airflow/example_dags/plugins/workday.py
[2023-11-28T01:12:57.136+0000] {processor.py:179} INFO - Processing /usr/local/lib/python3.10/dist-packages/airflow/example_dags/plugins/workday.py took 0.019 seconds
[2023-11-28T01:13:43.576+0000] {processor.py:157} INFO - Started process (PID=6526) to work on /usr/local/lib/python3.10/dist-packages/airflow/example_dags/plugins/workday.py
[2023-11-28T01:13:43.577+0000] {processor.py:829} INFO - Processing file /usr/local/lib/python3.10/dist-packages/airflow/example_dags/plugins/workday.py for tasks to queue
[2023-11-28T01:13:43.578+0000] {logging_mixin.py:154} INFO - [2023-11-28T01:13:43.578+0000] {dagbag.py:536} INFO - Filling up the DagBag from /usr/local/lib/python3.10/dist-packages/airflow/example_dags/plugins/workday.py
[2023-11-28T01:13:43.581+0000] {logging_mixin.py:154} INFO - [2023-11-28T01:13:43.581+0000] {workday.py:36} WARNING - Could not import pandas. Holidays will not be considered.
[2023-11-28T01:13:43.582+0000] {processor.py:841} WARNING - No viable dags retrieved from /usr/local/lib/python3.10/dist-packages/airflow/example_dags/plugins/workday.py
[2023-11-28T01:13:43.592+0000] {processor.py:179} INFO - Processing /usr/local/lib/python3.10/dist-packages/airflow/example_dags/plugins/workday.py took 0.020 seconds
[2023-11-28T01:14:18.544+0000] {processor.py:157} INFO - Started process (PID=6562) to work on /usr/local/lib/python3.10/dist-packages/airflow/example_dags/plugins/workday.py
[2023-11-28T01:14:18.545+0000] {processor.py:829} INFO - Processing file /usr/local/lib/python3.10/dist-packages/airflow/example_dags/plugins/workday.py for tasks to queue
[2023-11-28T01:14:18.546+0000] {logging_mixin.py:154} INFO - [2023-11-28T01:14:18.546+0000] {dagbag.py:536} INFO - Filling up the DagBag from /usr/local/lib/python3.10/dist-packages/airflow/example_dags/plugins/workday.py
[2023-11-28T01:14:18.549+0000] {logging_mixin.py:154} INFO - [2023-11-28T01:14:18.549+0000] {workday.py:36} WARNING - Could not import pandas. Holidays will not be considered.
[2023-11-28T01:14:18.550+0000] {processor.py:841} WARNING - No viable dags retrieved from /usr/local/lib/python3.10/dist-packages/airflow/example_dags/plugins/workday.py
[2023-11-28T01:14:18.560+0000] {processor.py:179} INFO - Processing /usr/local/lib/python3.10/dist-packages/airflow/example_dags/plugins/workday.py took 0.020 seconds
[2023-11-28T01:14:59.312+0000] {processor.py:157} INFO - Started process (PID=6613) to work on /usr/local/lib/python3.10/dist-packages/airflow/example_dags/plugins/workday.py
[2023-11-28T01:14:59.314+0000] {processor.py:829} INFO - Processing file /usr/local/lib/python3.10/dist-packages/airflow/example_dags/plugins/workday.py for tasks to queue
[2023-11-28T01:14:59.314+0000] {logging_mixin.py:154} INFO - [2023-11-28T01:14:59.314+0000] {dagbag.py:536} INFO - Filling up the DagBag from /usr/local/lib/python3.10/dist-packages/airflow/example_dags/plugins/workday.py
[2023-11-28T01:14:59.317+0000] {logging_mixin.py:154} INFO - [2023-11-28T01:14:59.317+0000] {workday.py:36} WARNING - Could not import pandas. Holidays will not be considered.
[2023-11-28T01:14:59.318+0000] {processor.py:841} WARNING - No viable dags retrieved from /usr/local/lib/python3.10/dist-packages/airflow/example_dags/plugins/workday.py
[2023-11-28T01:14:59.328+0000] {processor.py:179} INFO - Processing /usr/local/lib/python3.10/dist-packages/airflow/example_dags/plugins/workday.py took 0.020 seconds
[2023-11-28T01:15:44.381+0000] {processor.py:157} INFO - Started process (PID=6660) to work on /usr/local/lib/python3.10/dist-packages/airflow/example_dags/plugins/workday.py
[2023-11-28T01:15:44.382+0000] {processor.py:829} INFO - Processing file /usr/local/lib/python3.10/dist-packages/airflow/example_dags/plugins/workday.py for tasks to queue
[2023-11-28T01:15:44.383+0000] {logging_mixin.py:154} INFO - [2023-11-28T01:15:44.383+0000] {dagbag.py:536} INFO - Filling up the DagBag from /usr/local/lib/python3.10/dist-packages/airflow/example_dags/plugins/workday.py
[2023-11-28T01:15:44.386+0000] {logging_mixin.py:154} INFO - [2023-11-28T01:15:44.386+0000] {workday.py:36} WARNING - Could not import pandas. Holidays will not be considered.
[2023-11-28T01:15:44.387+0000] {processor.py:841} WARNING - No viable dags retrieved from /usr/local/lib/python3.10/dist-packages/airflow/example_dags/plugins/workday.py
[2023-11-28T01:15:44.398+0000] {processor.py:179} INFO - Processing /usr/local/lib/python3.10/dist-packages/airflow/example_dags/plugins/workday.py took 0.021 seconds
[2023-11-28T01:16:29.091+0000] {processor.py:157} INFO - Started process (PID=6705) to work on /usr/local/lib/python3.10/dist-packages/airflow/example_dags/plugins/workday.py
[2023-11-28T01:16:29.093+0000] {processor.py:829} INFO - Processing file /usr/local/lib/python3.10/dist-packages/airflow/example_dags/plugins/workday.py for tasks to queue
[2023-11-28T01:16:29.094+0000] {logging_mixin.py:154} INFO - [2023-11-28T01:16:29.093+0000] {dagbag.py:536} INFO - Filling up the DagBag from /usr/local/lib/python3.10/dist-packages/airflow/example_dags/plugins/workday.py
[2023-11-28T01:16:29.097+0000] {logging_mixin.py:154} INFO - [2023-11-28T01:16:29.097+0000] {workday.py:36} WARNING - Could not import pandas. Holidays will not be considered.
[2023-11-28T01:16:29.097+0000] {processor.py:841} WARNING - No viable dags retrieved from /usr/local/lib/python3.10/dist-packages/airflow/example_dags/plugins/workday.py
[2023-11-28T01:16:29.108+0000] {processor.py:179} INFO - Processing /usr/local/lib/python3.10/dist-packages/airflow/example_dags/plugins/workday.py took 0.020 seconds
[2023-11-28T01:17:13.361+0000] {processor.py:157} INFO - Started process (PID=6759) to work on /usr/local/lib/python3.10/dist-packages/airflow/example_dags/plugins/workday.py
[2023-11-28T01:17:13.363+0000] {processor.py:829} INFO - Processing file /usr/local/lib/python3.10/dist-packages/airflow/example_dags/plugins/workday.py for tasks to queue
[2023-11-28T01:17:13.364+0000] {logging_mixin.py:154} INFO - [2023-11-28T01:17:13.363+0000] {dagbag.py:536} INFO - Filling up the DagBag from /usr/local/lib/python3.10/dist-packages/airflow/example_dags/plugins/workday.py
[2023-11-28T01:17:13.367+0000] {logging_mixin.py:154} INFO - [2023-11-28T01:17:13.367+0000] {workday.py:36} WARNING - Could not import pandas. Holidays will not be considered.
[2023-11-28T01:17:13.367+0000] {processor.py:841} WARNING - No viable dags retrieved from /usr/local/lib/python3.10/dist-packages/airflow/example_dags/plugins/workday.py
[2023-11-28T01:17:13.378+0000] {processor.py:179} INFO - Processing /usr/local/lib/python3.10/dist-packages/airflow/example_dags/plugins/workday.py took 0.020 seconds
[2023-11-28T01:17:48.194+0000] {processor.py:157} INFO - Started process (PID=6793) to work on /usr/local/lib/python3.10/dist-packages/airflow/example_dags/plugins/workday.py
[2023-11-28T01:17:48.195+0000] {processor.py:829} INFO - Processing file /usr/local/lib/python3.10/dist-packages/airflow/example_dags/plugins/workday.py for tasks to queue
[2023-11-28T01:17:48.196+0000] {logging_mixin.py:154} INFO - [2023-11-28T01:17:48.196+0000] {dagbag.py:536} INFO - Filling up the DagBag from /usr/local/lib/python3.10/dist-packages/airflow/example_dags/plugins/workday.py
[2023-11-28T01:17:48.199+0000] {logging_mixin.py:154} INFO - [2023-11-28T01:17:48.199+0000] {workday.py:36} WARNING - Could not import pandas. Holidays will not be considered.
[2023-11-28T01:17:48.200+0000] {processor.py:841} WARNING - No viable dags retrieved from /usr/local/lib/python3.10/dist-packages/airflow/example_dags/plugins/workday.py
[2023-11-28T01:17:48.211+0000] {processor.py:179} INFO - Processing /usr/local/lib/python3.10/dist-packages/airflow/example_dags/plugins/workday.py took 0.020 seconds
[2023-11-28T01:18:30.640+0000] {processor.py:157} INFO - Started process (PID=6838) to work on /usr/local/lib/python3.10/dist-packages/airflow/example_dags/plugins/workday.py
[2023-11-28T01:18:30.642+0000] {processor.py:829} INFO - Processing file /usr/local/lib/python3.10/dist-packages/airflow/example_dags/plugins/workday.py for tasks to queue
[2023-11-28T01:18:30.643+0000] {logging_mixin.py:154} INFO - [2023-11-28T01:18:30.642+0000] {dagbag.py:536} INFO - Filling up the DagBag from /usr/local/lib/python3.10/dist-packages/airflow/example_dags/plugins/workday.py
[2023-11-28T01:18:30.646+0000] {logging_mixin.py:154} INFO - [2023-11-28T01:18:30.645+0000] {workday.py:36} WARNING - Could not import pandas. Holidays will not be considered.
[2023-11-28T01:18:30.646+0000] {processor.py:841} WARNING - No viable dags retrieved from /usr/local/lib/python3.10/dist-packages/airflow/example_dags/plugins/workday.py
[2023-11-28T01:18:30.656+0000] {processor.py:179} INFO - Processing /usr/local/lib/python3.10/dist-packages/airflow/example_dags/plugins/workday.py took 0.019 seconds
[2023-11-28T01:19:17.092+0000] {processor.py:157} INFO - Started process (PID=6887) to work on /usr/local/lib/python3.10/dist-packages/airflow/example_dags/plugins/workday.py
[2023-11-28T01:19:17.093+0000] {processor.py:829} INFO - Processing file /usr/local/lib/python3.10/dist-packages/airflow/example_dags/plugins/workday.py for tasks to queue
[2023-11-28T01:19:17.094+0000] {logging_mixin.py:154} INFO - [2023-11-28T01:19:17.093+0000] {dagbag.py:536} INFO - Filling up the DagBag from /usr/local/lib/python3.10/dist-packages/airflow/example_dags/plugins/workday.py
[2023-11-28T01:19:17.097+0000] {logging_mixin.py:154} INFO - [2023-11-28T01:19:17.097+0000] {workday.py:36} WARNING - Could not import pandas. Holidays will not be considered.
[2023-11-28T01:19:17.097+0000] {processor.py:841} WARNING - No viable dags retrieved from /usr/local/lib/python3.10/dist-packages/airflow/example_dags/plugins/workday.py
[2023-11-28T01:19:17.108+0000] {processor.py:179} INFO - Processing /usr/local/lib/python3.10/dist-packages/airflow/example_dags/plugins/workday.py took 0.020 seconds
