[2023-11-28T00:44:19.761+0000] {processor.py:157} INFO - Started process (PID=3398) to work on /usr/local/lib/python3.10/dist-packages/airflow/example_dags/subdags/subdag.py
[2023-11-28T00:44:19.762+0000] {processor.py:829} INFO - Processing file /usr/local/lib/python3.10/dist-packages/airflow/example_dags/subdags/subdag.py for tasks to queue
[2023-11-28T00:44:19.763+0000] {logging_mixin.py:154} INFO - [2023-11-28T00:44:19.762+0000] {dagbag.py:536} INFO - Filling up the DagBag from /usr/local/lib/python3.10/dist-packages/airflow/example_dags/subdags/subdag.py
[2023-11-28T00:44:19.765+0000] {processor.py:841} WARNING - No viable dags retrieved from /usr/local/lib/python3.10/dist-packages/airflow/example_dags/subdags/subdag.py
[2023-11-28T00:44:19.864+0000] {processor.py:179} INFO - Processing /usr/local/lib/python3.10/dist-packages/airflow/example_dags/subdags/subdag.py took 0.107 seconds
[2023-11-28T00:45:14.591+0000] {processor.py:157} INFO - Started process (PID=3529) to work on /usr/local/lib/python3.10/dist-packages/airflow/example_dags/subdags/subdag.py
[2023-11-28T00:45:14.592+0000] {processor.py:829} INFO - Processing file /usr/local/lib/python3.10/dist-packages/airflow/example_dags/subdags/subdag.py for tasks to queue
[2023-11-28T00:45:14.593+0000] {logging_mixin.py:154} INFO - [2023-11-28T00:45:14.593+0000] {dagbag.py:536} INFO - Filling up the DagBag from /usr/local/lib/python3.10/dist-packages/airflow/example_dags/subdags/subdag.py
[2023-11-28T00:45:14.596+0000] {processor.py:841} WARNING - No viable dags retrieved from /usr/local/lib/python3.10/dist-packages/airflow/example_dags/subdags/subdag.py
[2023-11-28T00:45:14.609+0000] {processor.py:179} INFO - Processing /usr/local/lib/python3.10/dist-packages/airflow/example_dags/subdags/subdag.py took 0.022 seconds
[2023-11-28T00:45:54.664+0000] {processor.py:157} INFO - Started process (PID=3580) to work on /usr/local/lib/python3.10/dist-packages/airflow/example_dags/subdags/subdag.py
[2023-11-28T00:45:54.666+0000] {processor.py:829} INFO - Processing file /usr/local/lib/python3.10/dist-packages/airflow/example_dags/subdags/subdag.py for tasks to queue
[2023-11-28T00:45:54.666+0000] {logging_mixin.py:154} INFO - [2023-11-28T00:45:54.666+0000] {dagbag.py:536} INFO - Filling up the DagBag from /usr/local/lib/python3.10/dist-packages/airflow/example_dags/subdags/subdag.py
[2023-11-28T00:45:54.669+0000] {processor.py:841} WARNING - No viable dags retrieved from /usr/local/lib/python3.10/dist-packages/airflow/example_dags/subdags/subdag.py
[2023-11-28T00:45:54.679+0000] {processor.py:179} INFO - Processing /usr/local/lib/python3.10/dist-packages/airflow/example_dags/subdags/subdag.py took 0.018 seconds
[2023-11-28T00:46:35.934+0000] {processor.py:157} INFO - Started process (PID=3625) to work on /usr/local/lib/python3.10/dist-packages/airflow/example_dags/subdags/subdag.py
[2023-11-28T00:46:35.936+0000] {processor.py:829} INFO - Processing file /usr/local/lib/python3.10/dist-packages/airflow/example_dags/subdags/subdag.py for tasks to queue
[2023-11-28T00:46:35.937+0000] {logging_mixin.py:154} INFO - [2023-11-28T00:46:35.937+0000] {dagbag.py:536} INFO - Filling up the DagBag from /usr/local/lib/python3.10/dist-packages/airflow/example_dags/subdags/subdag.py
[2023-11-28T00:46:35.940+0000] {processor.py:841} WARNING - No viable dags retrieved from /usr/local/lib/python3.10/dist-packages/airflow/example_dags/subdags/subdag.py
[2023-11-28T00:46:35.950+0000] {processor.py:179} INFO - Processing /usr/local/lib/python3.10/dist-packages/airflow/example_dags/subdags/subdag.py took 0.020 seconds
[2023-11-28T00:47:18.635+0000] {processor.py:157} INFO - Started process (PID=3673) to work on /usr/local/lib/python3.10/dist-packages/airflow/example_dags/subdags/subdag.py
[2023-11-28T00:47:18.637+0000] {processor.py:829} INFO - Processing file /usr/local/lib/python3.10/dist-packages/airflow/example_dags/subdags/subdag.py for tasks to queue
[2023-11-28T00:47:18.638+0000] {logging_mixin.py:154} INFO - [2023-11-28T00:47:18.637+0000] {dagbag.py:536} INFO - Filling up the DagBag from /usr/local/lib/python3.10/dist-packages/airflow/example_dags/subdags/subdag.py
[2023-11-28T00:47:18.640+0000] {processor.py:841} WARNING - No viable dags retrieved from /usr/local/lib/python3.10/dist-packages/airflow/example_dags/subdags/subdag.py
[2023-11-28T00:47:18.651+0000] {processor.py:179} INFO - Processing /usr/local/lib/python3.10/dist-packages/airflow/example_dags/subdags/subdag.py took 0.019 seconds
[2023-11-28T00:48:04.688+0000] {processor.py:157} INFO - Started process (PID=3721) to work on /usr/local/lib/python3.10/dist-packages/airflow/example_dags/subdags/subdag.py
[2023-11-28T00:48:04.690+0000] {processor.py:829} INFO - Processing file /usr/local/lib/python3.10/dist-packages/airflow/example_dags/subdags/subdag.py for tasks to queue
[2023-11-28T00:48:04.691+0000] {logging_mixin.py:154} INFO - [2023-11-28T00:48:04.690+0000] {dagbag.py:536} INFO - Filling up the DagBag from /usr/local/lib/python3.10/dist-packages/airflow/example_dags/subdags/subdag.py
[2023-11-28T00:48:04.693+0000] {processor.py:841} WARNING - No viable dags retrieved from /usr/local/lib/python3.10/dist-packages/airflow/example_dags/subdags/subdag.py
[2023-11-28T00:48:04.704+0000] {processor.py:179} INFO - Processing /usr/local/lib/python3.10/dist-packages/airflow/example_dags/subdags/subdag.py took 0.019 seconds
[2023-11-28T00:48:48.861+0000] {processor.py:157} INFO - Started process (PID=3767) to work on /usr/local/lib/python3.10/dist-packages/airflow/example_dags/subdags/subdag.py
[2023-11-28T00:48:48.863+0000] {processor.py:829} INFO - Processing file /usr/local/lib/python3.10/dist-packages/airflow/example_dags/subdags/subdag.py for tasks to queue
[2023-11-28T00:48:48.863+0000] {logging_mixin.py:154} INFO - [2023-11-28T00:48:48.863+0000] {dagbag.py:536} INFO - Filling up the DagBag from /usr/local/lib/python3.10/dist-packages/airflow/example_dags/subdags/subdag.py
[2023-11-28T00:48:48.866+0000] {processor.py:841} WARNING - No viable dags retrieved from /usr/local/lib/python3.10/dist-packages/airflow/example_dags/subdags/subdag.py
[2023-11-28T00:48:48.877+0000] {processor.py:179} INFO - Processing /usr/local/lib/python3.10/dist-packages/airflow/example_dags/subdags/subdag.py took 0.019 seconds
[2023-11-28T00:49:33.269+0000] {processor.py:157} INFO - Started process (PID=3813) to work on /usr/local/lib/python3.10/dist-packages/airflow/example_dags/subdags/subdag.py
[2023-11-28T00:49:33.270+0000] {processor.py:829} INFO - Processing file /usr/local/lib/python3.10/dist-packages/airflow/example_dags/subdags/subdag.py for tasks to queue
[2023-11-28T00:49:33.271+0000] {logging_mixin.py:154} INFO - [2023-11-28T00:49:33.271+0000] {dagbag.py:536} INFO - Filling up the DagBag from /usr/local/lib/python3.10/dist-packages/airflow/example_dags/subdags/subdag.py
[2023-11-28T00:49:33.273+0000] {processor.py:841} WARNING - No viable dags retrieved from /usr/local/lib/python3.10/dist-packages/airflow/example_dags/subdags/subdag.py
[2023-11-28T00:49:33.285+0000] {processor.py:179} INFO - Processing /usr/local/lib/python3.10/dist-packages/airflow/example_dags/subdags/subdag.py took 0.019 seconds
[2023-11-28T00:50:18.803+0000] {processor.py:157} INFO - Started process (PID=3861) to work on /usr/local/lib/python3.10/dist-packages/airflow/example_dags/subdags/subdag.py
[2023-11-28T00:50:18.805+0000] {processor.py:829} INFO - Processing file /usr/local/lib/python3.10/dist-packages/airflow/example_dags/subdags/subdag.py for tasks to queue
[2023-11-28T00:50:18.806+0000] {logging_mixin.py:154} INFO - [2023-11-28T00:50:18.805+0000] {dagbag.py:536} INFO - Filling up the DagBag from /usr/local/lib/python3.10/dist-packages/airflow/example_dags/subdags/subdag.py
[2023-11-28T00:50:18.808+0000] {processor.py:841} WARNING - No viable dags retrieved from /usr/local/lib/python3.10/dist-packages/airflow/example_dags/subdags/subdag.py
[2023-11-28T00:50:18.819+0000] {processor.py:179} INFO - Processing /usr/local/lib/python3.10/dist-packages/airflow/example_dags/subdags/subdag.py took 0.019 seconds
[2023-11-28T00:50:51.987+0000] {processor.py:157} INFO - Started process (PID=3894) to work on /usr/local/lib/python3.10/dist-packages/airflow/example_dags/subdags/subdag.py
[2023-11-28T00:50:51.988+0000] {processor.py:829} INFO - Processing file /usr/local/lib/python3.10/dist-packages/airflow/example_dags/subdags/subdag.py for tasks to queue
[2023-11-28T00:50:51.989+0000] {logging_mixin.py:154} INFO - [2023-11-28T00:50:51.989+0000] {dagbag.py:536} INFO - Filling up the DagBag from /usr/local/lib/python3.10/dist-packages/airflow/example_dags/subdags/subdag.py
[2023-11-28T00:50:51.991+0000] {processor.py:841} WARNING - No viable dags retrieved from /usr/local/lib/python3.10/dist-packages/airflow/example_dags/subdags/subdag.py
[2023-11-28T00:50:52.002+0000] {processor.py:179} INFO - Processing /usr/local/lib/python3.10/dist-packages/airflow/example_dags/subdags/subdag.py took 0.019 seconds
[2023-11-28T00:51:38.045+0000] {processor.py:157} INFO - Started process (PID=3941) to work on /usr/local/lib/python3.10/dist-packages/airflow/example_dags/subdags/subdag.py
[2023-11-28T00:51:38.047+0000] {processor.py:829} INFO - Processing file /usr/local/lib/python3.10/dist-packages/airflow/example_dags/subdags/subdag.py for tasks to queue
[2023-11-28T00:51:38.047+0000] {logging_mixin.py:154} INFO - [2023-11-28T00:51:38.047+0000] {dagbag.py:536} INFO - Filling up the DagBag from /usr/local/lib/python3.10/dist-packages/airflow/example_dags/subdags/subdag.py
[2023-11-28T00:51:38.050+0000] {processor.py:841} WARNING - No viable dags retrieved from /usr/local/lib/python3.10/dist-packages/airflow/example_dags/subdags/subdag.py
[2023-11-28T00:51:38.060+0000] {processor.py:179} INFO - Processing /usr/local/lib/python3.10/dist-packages/airflow/example_dags/subdags/subdag.py took 0.018 seconds
[2023-11-28T00:52:09.534+0000] {processor.py:157} INFO - Started process (PID=3977) to work on /usr/local/lib/python3.10/dist-packages/airflow/example_dags/subdags/subdag.py
[2023-11-28T00:52:09.535+0000] {processor.py:829} INFO - Processing file /usr/local/lib/python3.10/dist-packages/airflow/example_dags/subdags/subdag.py for tasks to queue
[2023-11-28T00:52:09.536+0000] {logging_mixin.py:154} INFO - [2023-11-28T00:52:09.535+0000] {dagbag.py:536} INFO - Filling up the DagBag from /usr/local/lib/python3.10/dist-packages/airflow/example_dags/subdags/subdag.py
[2023-11-28T00:52:09.538+0000] {processor.py:841} WARNING - No viable dags retrieved from /usr/local/lib/python3.10/dist-packages/airflow/example_dags/subdags/subdag.py
[2023-11-28T00:52:09.548+0000] {processor.py:179} INFO - Processing /usr/local/lib/python3.10/dist-packages/airflow/example_dags/subdags/subdag.py took 0.018 seconds
[2023-11-28T00:52:56.015+0000] {processor.py:157} INFO - Started process (PID=4406) to work on /usr/local/lib/python3.10/dist-packages/airflow/example_dags/subdags/subdag.py
[2023-11-28T00:52:56.017+0000] {processor.py:829} INFO - Processing file /usr/local/lib/python3.10/dist-packages/airflow/example_dags/subdags/subdag.py for tasks to queue
[2023-11-28T00:52:56.018+0000] {logging_mixin.py:154} INFO - [2023-11-28T00:52:56.017+0000] {dagbag.py:536} INFO - Filling up the DagBag from /usr/local/lib/python3.10/dist-packages/airflow/example_dags/subdags/subdag.py
[2023-11-28T00:52:56.020+0000] {processor.py:841} WARNING - No viable dags retrieved from /usr/local/lib/python3.10/dist-packages/airflow/example_dags/subdags/subdag.py
[2023-11-28T00:52:56.031+0000] {processor.py:179} INFO - Processing /usr/local/lib/python3.10/dist-packages/airflow/example_dags/subdags/subdag.py took 0.019 seconds
[2023-11-28T00:53:42.097+0000] {processor.py:157} INFO - Started process (PID=4600) to work on /usr/local/lib/python3.10/dist-packages/airflow/example_dags/subdags/subdag.py
[2023-11-28T00:53:42.098+0000] {processor.py:829} INFO - Processing file /usr/local/lib/python3.10/dist-packages/airflow/example_dags/subdags/subdag.py for tasks to queue
[2023-11-28T00:53:42.099+0000] {logging_mixin.py:154} INFO - [2023-11-28T00:53:42.099+0000] {dagbag.py:536} INFO - Filling up the DagBag from /usr/local/lib/python3.10/dist-packages/airflow/example_dags/subdags/subdag.py
[2023-11-28T00:53:42.102+0000] {processor.py:841} WARNING - No viable dags retrieved from /usr/local/lib/python3.10/dist-packages/airflow/example_dags/subdags/subdag.py
[2023-11-28T00:53:42.113+0000] {processor.py:179} INFO - Processing /usr/local/lib/python3.10/dist-packages/airflow/example_dags/subdags/subdag.py took 0.019 seconds
[2023-11-28T00:54:25.065+0000] {processor.py:157} INFO - Started process (PID=4893) to work on /usr/local/lib/python3.10/dist-packages/airflow/example_dags/subdags/subdag.py
[2023-11-28T00:54:25.066+0000] {processor.py:829} INFO - Processing file /usr/local/lib/python3.10/dist-packages/airflow/example_dags/subdags/subdag.py for tasks to queue
[2023-11-28T00:54:25.067+0000] {logging_mixin.py:154} INFO - [2023-11-28T00:54:25.067+0000] {dagbag.py:536} INFO - Filling up the DagBag from /usr/local/lib/python3.10/dist-packages/airflow/example_dags/subdags/subdag.py
[2023-11-28T00:54:25.069+0000] {processor.py:841} WARNING - No viable dags retrieved from /usr/local/lib/python3.10/dist-packages/airflow/example_dags/subdags/subdag.py
[2023-11-28T00:54:25.080+0000] {processor.py:179} INFO - Processing /usr/local/lib/python3.10/dist-packages/airflow/example_dags/subdags/subdag.py took 0.018 seconds
[2023-11-28T00:55:07.634+0000] {processor.py:157} INFO - Started process (PID=4937) to work on /usr/local/lib/python3.10/dist-packages/airflow/example_dags/subdags/subdag.py
[2023-11-28T00:55:07.635+0000] {processor.py:829} INFO - Processing file /usr/local/lib/python3.10/dist-packages/airflow/example_dags/subdags/subdag.py for tasks to queue
[2023-11-28T00:55:07.636+0000] {logging_mixin.py:154} INFO - [2023-11-28T00:55:07.635+0000] {dagbag.py:536} INFO - Filling up the DagBag from /usr/local/lib/python3.10/dist-packages/airflow/example_dags/subdags/subdag.py
[2023-11-28T00:55:07.638+0000] {processor.py:841} WARNING - No viable dags retrieved from /usr/local/lib/python3.10/dist-packages/airflow/example_dags/subdags/subdag.py
[2023-11-28T00:55:07.649+0000] {processor.py:179} INFO - Processing /usr/local/lib/python3.10/dist-packages/airflow/example_dags/subdags/subdag.py took 0.019 seconds
[2023-11-28T00:55:40.204+0000] {processor.py:157} INFO - Started process (PID=4971) to work on /usr/local/lib/python3.10/dist-packages/airflow/example_dags/subdags/subdag.py
[2023-11-28T00:55:40.205+0000] {processor.py:829} INFO - Processing file /usr/local/lib/python3.10/dist-packages/airflow/example_dags/subdags/subdag.py for tasks to queue
[2023-11-28T00:55:40.206+0000] {logging_mixin.py:154} INFO - [2023-11-28T00:55:40.205+0000] {dagbag.py:536} INFO - Filling up the DagBag from /usr/local/lib/python3.10/dist-packages/airflow/example_dags/subdags/subdag.py
[2023-11-28T00:55:40.208+0000] {processor.py:841} WARNING - No viable dags retrieved from /usr/local/lib/python3.10/dist-packages/airflow/example_dags/subdags/subdag.py
[2023-11-28T00:55:40.219+0000] {processor.py:179} INFO - Processing /usr/local/lib/python3.10/dist-packages/airflow/example_dags/subdags/subdag.py took 0.018 seconds
[2023-11-28T00:56:11.733+0000] {processor.py:157} INFO - Started process (PID=5309) to work on /usr/local/lib/python3.10/dist-packages/airflow/example_dags/subdags/subdag.py
[2023-11-28T00:56:11.734+0000] {processor.py:829} INFO - Processing file /usr/local/lib/python3.10/dist-packages/airflow/example_dags/subdags/subdag.py for tasks to queue
[2023-11-28T00:56:11.735+0000] {logging_mixin.py:154} INFO - [2023-11-28T00:56:11.735+0000] {dagbag.py:536} INFO - Filling up the DagBag from /usr/local/lib/python3.10/dist-packages/airflow/example_dags/subdags/subdag.py
[2023-11-28T00:56:11.738+0000] {processor.py:841} WARNING - No viable dags retrieved from /usr/local/lib/python3.10/dist-packages/airflow/example_dags/subdags/subdag.py
[2023-11-28T00:56:11.748+0000] {processor.py:179} INFO - Processing /usr/local/lib/python3.10/dist-packages/airflow/example_dags/subdags/subdag.py took 0.019 seconds
[2023-11-28T00:56:58.269+0000] {processor.py:157} INFO - Started process (PID=5369) to work on /usr/local/lib/python3.10/dist-packages/airflow/example_dags/subdags/subdag.py
[2023-11-28T00:56:58.270+0000] {processor.py:829} INFO - Processing file /usr/local/lib/python3.10/dist-packages/airflow/example_dags/subdags/subdag.py for tasks to queue
[2023-11-28T00:56:58.271+0000] {logging_mixin.py:154} INFO - [2023-11-28T00:56:58.270+0000] {dagbag.py:536} INFO - Filling up the DagBag from /usr/local/lib/python3.10/dist-packages/airflow/example_dags/subdags/subdag.py
[2023-11-28T00:56:58.273+0000] {processor.py:841} WARNING - No viable dags retrieved from /usr/local/lib/python3.10/dist-packages/airflow/example_dags/subdags/subdag.py
[2023-11-28T00:56:58.284+0000] {processor.py:179} INFO - Processing /usr/local/lib/python3.10/dist-packages/airflow/example_dags/subdags/subdag.py took 0.018 seconds
[2023-11-28T00:57:30.318+0000] {processor.py:157} INFO - Started process (PID=5404) to work on /usr/local/lib/python3.10/dist-packages/airflow/example_dags/subdags/subdag.py
[2023-11-28T00:57:30.319+0000] {processor.py:829} INFO - Processing file /usr/local/lib/python3.10/dist-packages/airflow/example_dags/subdags/subdag.py for tasks to queue
[2023-11-28T00:57:30.320+0000] {logging_mixin.py:154} INFO - [2023-11-28T00:57:30.319+0000] {dagbag.py:536} INFO - Filling up the DagBag from /usr/local/lib/python3.10/dist-packages/airflow/example_dags/subdags/subdag.py
[2023-11-28T00:57:30.322+0000] {processor.py:841} WARNING - No viable dags retrieved from /usr/local/lib/python3.10/dist-packages/airflow/example_dags/subdags/subdag.py
[2023-11-28T00:57:30.333+0000] {processor.py:179} INFO - Processing /usr/local/lib/python3.10/dist-packages/airflow/example_dags/subdags/subdag.py took 0.019 seconds
[2023-11-28T00:58:17.025+0000] {processor.py:157} INFO - Started process (PID=5452) to work on /usr/local/lib/python3.10/dist-packages/airflow/example_dags/subdags/subdag.py
[2023-11-28T00:58:17.027+0000] {processor.py:829} INFO - Processing file /usr/local/lib/python3.10/dist-packages/airflow/example_dags/subdags/subdag.py for tasks to queue
[2023-11-28T00:58:17.027+0000] {logging_mixin.py:154} INFO - [2023-11-28T00:58:17.027+0000] {dagbag.py:536} INFO - Filling up the DagBag from /usr/local/lib/python3.10/dist-packages/airflow/example_dags/subdags/subdag.py
[2023-11-28T00:58:17.030+0000] {processor.py:841} WARNING - No viable dags retrieved from /usr/local/lib/python3.10/dist-packages/airflow/example_dags/subdags/subdag.py
[2023-11-28T00:58:17.042+0000] {processor.py:179} INFO - Processing /usr/local/lib/python3.10/dist-packages/airflow/example_dags/subdags/subdag.py took 0.021 seconds
[2023-11-28T00:59:04.403+0000] {processor.py:157} INFO - Started process (PID=5500) to work on /usr/local/lib/python3.10/dist-packages/airflow/example_dags/subdags/subdag.py
[2023-11-28T00:59:04.404+0000] {processor.py:829} INFO - Processing file /usr/local/lib/python3.10/dist-packages/airflow/example_dags/subdags/subdag.py for tasks to queue
[2023-11-28T00:59:04.405+0000] {logging_mixin.py:154} INFO - [2023-11-28T00:59:04.404+0000] {dagbag.py:536} INFO - Filling up the DagBag from /usr/local/lib/python3.10/dist-packages/airflow/example_dags/subdags/subdag.py
[2023-11-28T00:59:04.407+0000] {processor.py:841} WARNING - No viable dags retrieved from /usr/local/lib/python3.10/dist-packages/airflow/example_dags/subdags/subdag.py
[2023-11-28T00:59:04.418+0000] {processor.py:179} INFO - Processing /usr/local/lib/python3.10/dist-packages/airflow/example_dags/subdags/subdag.py took 0.019 seconds
[2023-11-28T00:59:48.360+0000] {processor.py:157} INFO - Started process (PID=5546) to work on /usr/local/lib/python3.10/dist-packages/airflow/example_dags/subdags/subdag.py
[2023-11-28T00:59:48.362+0000] {processor.py:829} INFO - Processing file /usr/local/lib/python3.10/dist-packages/airflow/example_dags/subdags/subdag.py for tasks to queue
[2023-11-28T00:59:48.363+0000] {logging_mixin.py:154} INFO - [2023-11-28T00:59:48.362+0000] {dagbag.py:536} INFO - Filling up the DagBag from /usr/local/lib/python3.10/dist-packages/airflow/example_dags/subdags/subdag.py
[2023-11-28T00:59:48.365+0000] {processor.py:841} WARNING - No viable dags retrieved from /usr/local/lib/python3.10/dist-packages/airflow/example_dags/subdags/subdag.py
[2023-11-28T00:59:48.375+0000] {processor.py:179} INFO - Processing /usr/local/lib/python3.10/dist-packages/airflow/example_dags/subdags/subdag.py took 0.018 seconds
[2023-11-28T01:00:30.959+0000] {processor.py:157} INFO - Started process (PID=5590) to work on /usr/local/lib/python3.10/dist-packages/airflow/example_dags/subdags/subdag.py
[2023-11-28T01:00:30.961+0000] {processor.py:829} INFO - Processing file /usr/local/lib/python3.10/dist-packages/airflow/example_dags/subdags/subdag.py for tasks to queue
[2023-11-28T01:00:30.961+0000] {logging_mixin.py:154} INFO - [2023-11-28T01:00:30.961+0000] {dagbag.py:536} INFO - Filling up the DagBag from /usr/local/lib/python3.10/dist-packages/airflow/example_dags/subdags/subdag.py
[2023-11-28T01:00:30.964+0000] {processor.py:841} WARNING - No viable dags retrieved from /usr/local/lib/python3.10/dist-packages/airflow/example_dags/subdags/subdag.py
[2023-11-28T01:00:30.976+0000] {processor.py:179} INFO - Processing /usr/local/lib/python3.10/dist-packages/airflow/example_dags/subdags/subdag.py took 0.020 seconds
[2023-11-28T01:01:16.744+0000] {processor.py:157} INFO - Started process (PID=5638) to work on /usr/local/lib/python3.10/dist-packages/airflow/example_dags/subdags/subdag.py
[2023-11-28T01:01:16.745+0000] {processor.py:829} INFO - Processing file /usr/local/lib/python3.10/dist-packages/airflow/example_dags/subdags/subdag.py for tasks to queue
[2023-11-28T01:01:16.746+0000] {logging_mixin.py:154} INFO - [2023-11-28T01:01:16.746+0000] {dagbag.py:536} INFO - Filling up the DagBag from /usr/local/lib/python3.10/dist-packages/airflow/example_dags/subdags/subdag.py
[2023-11-28T01:01:16.749+0000] {processor.py:841} WARNING - No viable dags retrieved from /usr/local/lib/python3.10/dist-packages/airflow/example_dags/subdags/subdag.py
[2023-11-28T01:01:16.761+0000] {processor.py:179} INFO - Processing /usr/local/lib/python3.10/dist-packages/airflow/example_dags/subdags/subdag.py took 0.020 seconds
[2023-11-28T01:02:00.260+0000] {processor.py:157} INFO - Started process (PID=5683) to work on /usr/local/lib/python3.10/dist-packages/airflow/example_dags/subdags/subdag.py
[2023-11-28T01:02:00.261+0000] {processor.py:829} INFO - Processing file /usr/local/lib/python3.10/dist-packages/airflow/example_dags/subdags/subdag.py for tasks to queue
[2023-11-28T01:02:00.262+0000] {logging_mixin.py:154} INFO - [2023-11-28T01:02:00.262+0000] {dagbag.py:536} INFO - Filling up the DagBag from /usr/local/lib/python3.10/dist-packages/airflow/example_dags/subdags/subdag.py
[2023-11-28T01:02:00.265+0000] {processor.py:841} WARNING - No viable dags retrieved from /usr/local/lib/python3.10/dist-packages/airflow/example_dags/subdags/subdag.py
[2023-11-28T01:02:00.276+0000] {processor.py:179} INFO - Processing /usr/local/lib/python3.10/dist-packages/airflow/example_dags/subdags/subdag.py took 0.021 seconds
[2023-11-28T01:02:33.173+0000] {processor.py:157} INFO - Started process (PID=5718) to work on /usr/local/lib/python3.10/dist-packages/airflow/example_dags/subdags/subdag.py
[2023-11-28T01:02:33.174+0000] {processor.py:829} INFO - Processing file /usr/local/lib/python3.10/dist-packages/airflow/example_dags/subdags/subdag.py for tasks to queue
[2023-11-28T01:02:33.175+0000] {logging_mixin.py:154} INFO - [2023-11-28T01:02:33.175+0000] {dagbag.py:536} INFO - Filling up the DagBag from /usr/local/lib/python3.10/dist-packages/airflow/example_dags/subdags/subdag.py
[2023-11-28T01:02:33.178+0000] {processor.py:841} WARNING - No viable dags retrieved from /usr/local/lib/python3.10/dist-packages/airflow/example_dags/subdags/subdag.py
[2023-11-28T01:02:33.188+0000] {processor.py:179} INFO - Processing /usr/local/lib/python3.10/dist-packages/airflow/example_dags/subdags/subdag.py took 0.019 seconds
[2023-11-28T01:03:18.098+0000] {processor.py:157} INFO - Started process (PID=5763) to work on /usr/local/lib/python3.10/dist-packages/airflow/example_dags/subdags/subdag.py
[2023-11-28T01:03:18.099+0000] {processor.py:829} INFO - Processing file /usr/local/lib/python3.10/dist-packages/airflow/example_dags/subdags/subdag.py for tasks to queue
[2023-11-28T01:03:18.100+0000] {logging_mixin.py:154} INFO - [2023-11-28T01:03:18.100+0000] {dagbag.py:536} INFO - Filling up the DagBag from /usr/local/lib/python3.10/dist-packages/airflow/example_dags/subdags/subdag.py
[2023-11-28T01:03:18.103+0000] {processor.py:841} WARNING - No viable dags retrieved from /usr/local/lib/python3.10/dist-packages/airflow/example_dags/subdags/subdag.py
[2023-11-28T01:03:18.114+0000] {processor.py:179} INFO - Processing /usr/local/lib/python3.10/dist-packages/airflow/example_dags/subdags/subdag.py took 0.019 seconds
[2023-11-28T01:04:02.011+0000] {processor.py:157} INFO - Started process (PID=5923) to work on /usr/local/lib/python3.10/dist-packages/airflow/example_dags/subdags/subdag.py
[2023-11-28T01:04:02.012+0000] {processor.py:829} INFO - Processing file /usr/local/lib/python3.10/dist-packages/airflow/example_dags/subdags/subdag.py for tasks to queue
[2023-11-28T01:04:02.013+0000] {logging_mixin.py:154} INFO - [2023-11-28T01:04:02.013+0000] {dagbag.py:536} INFO - Filling up the DagBag from /usr/local/lib/python3.10/dist-packages/airflow/example_dags/subdags/subdag.py
[2023-11-28T01:04:02.016+0000] {processor.py:841} WARNING - No viable dags retrieved from /usr/local/lib/python3.10/dist-packages/airflow/example_dags/subdags/subdag.py
[2023-11-28T01:04:02.027+0000] {processor.py:179} INFO - Processing /usr/local/lib/python3.10/dist-packages/airflow/example_dags/subdags/subdag.py took 0.020 seconds
[2023-11-28T01:04:44.965+0000] {processor.py:157} INFO - Started process (PID=5969) to work on /usr/local/lib/python3.10/dist-packages/airflow/example_dags/subdags/subdag.py
[2023-11-28T01:04:44.966+0000] {processor.py:829} INFO - Processing file /usr/local/lib/python3.10/dist-packages/airflow/example_dags/subdags/subdag.py for tasks to queue
[2023-11-28T01:04:44.967+0000] {logging_mixin.py:154} INFO - [2023-11-28T01:04:44.967+0000] {dagbag.py:536} INFO - Filling up the DagBag from /usr/local/lib/python3.10/dist-packages/airflow/example_dags/subdags/subdag.py
[2023-11-28T01:04:44.969+0000] {processor.py:841} WARNING - No viable dags retrieved from /usr/local/lib/python3.10/dist-packages/airflow/example_dags/subdags/subdag.py
[2023-11-28T01:04:44.980+0000] {processor.py:179} INFO - Processing /usr/local/lib/python3.10/dist-packages/airflow/example_dags/subdags/subdag.py took 0.018 seconds
[2023-11-28T01:05:28.649+0000] {processor.py:157} INFO - Started process (PID=6015) to work on /usr/local/lib/python3.10/dist-packages/airflow/example_dags/subdags/subdag.py
[2023-11-28T01:05:28.651+0000] {processor.py:829} INFO - Processing file /usr/local/lib/python3.10/dist-packages/airflow/example_dags/subdags/subdag.py for tasks to queue
[2023-11-28T01:05:28.652+0000] {logging_mixin.py:154} INFO - [2023-11-28T01:05:28.651+0000] {dagbag.py:536} INFO - Filling up the DagBag from /usr/local/lib/python3.10/dist-packages/airflow/example_dags/subdags/subdag.py
[2023-11-28T01:05:28.654+0000] {processor.py:841} WARNING - No viable dags retrieved from /usr/local/lib/python3.10/dist-packages/airflow/example_dags/subdags/subdag.py
[2023-11-28T01:05:28.665+0000] {processor.py:179} INFO - Processing /usr/local/lib/python3.10/dist-packages/airflow/example_dags/subdags/subdag.py took 0.019 seconds
[2023-11-28T01:05:59.659+0000] {processor.py:157} INFO - Started process (PID=6046) to work on /usr/local/lib/python3.10/dist-packages/airflow/example_dags/subdags/subdag.py
[2023-11-28T01:05:59.660+0000] {processor.py:829} INFO - Processing file /usr/local/lib/python3.10/dist-packages/airflow/example_dags/subdags/subdag.py for tasks to queue
[2023-11-28T01:05:59.661+0000] {logging_mixin.py:154} INFO - [2023-11-28T01:05:59.661+0000] {dagbag.py:536} INFO - Filling up the DagBag from /usr/local/lib/python3.10/dist-packages/airflow/example_dags/subdags/subdag.py
[2023-11-28T01:05:59.664+0000] {processor.py:841} WARNING - No viable dags retrieved from /usr/local/lib/python3.10/dist-packages/airflow/example_dags/subdags/subdag.py
[2023-11-28T01:05:59.675+0000] {processor.py:179} INFO - Processing /usr/local/lib/python3.10/dist-packages/airflow/example_dags/subdags/subdag.py took 0.019 seconds
[2023-11-28T01:06:32.764+0000] {processor.py:157} INFO - Started process (PID=6080) to work on /usr/local/lib/python3.10/dist-packages/airflow/example_dags/subdags/subdag.py
[2023-11-28T01:06:32.765+0000] {processor.py:829} INFO - Processing file /usr/local/lib/python3.10/dist-packages/airflow/example_dags/subdags/subdag.py for tasks to queue
[2023-11-28T01:06:32.766+0000] {logging_mixin.py:154} INFO - [2023-11-28T01:06:32.766+0000] {dagbag.py:536} INFO - Filling up the DagBag from /usr/local/lib/python3.10/dist-packages/airflow/example_dags/subdags/subdag.py
[2023-11-28T01:06:32.768+0000] {processor.py:841} WARNING - No viable dags retrieved from /usr/local/lib/python3.10/dist-packages/airflow/example_dags/subdags/subdag.py
[2023-11-28T01:06:32.779+0000] {processor.py:179} INFO - Processing /usr/local/lib/python3.10/dist-packages/airflow/example_dags/subdags/subdag.py took 0.018 seconds
[2023-11-28T01:07:18.682+0000] {processor.py:157} INFO - Started process (PID=6126) to work on /usr/local/lib/python3.10/dist-packages/airflow/example_dags/subdags/subdag.py
[2023-11-28T01:07:18.684+0000] {processor.py:829} INFO - Processing file /usr/local/lib/python3.10/dist-packages/airflow/example_dags/subdags/subdag.py for tasks to queue
[2023-11-28T01:07:18.685+0000] {logging_mixin.py:154} INFO - [2023-11-28T01:07:18.684+0000] {dagbag.py:536} INFO - Filling up the DagBag from /usr/local/lib/python3.10/dist-packages/airflow/example_dags/subdags/subdag.py
[2023-11-28T01:07:18.687+0000] {processor.py:841} WARNING - No viable dags retrieved from /usr/local/lib/python3.10/dist-packages/airflow/example_dags/subdags/subdag.py
[2023-11-28T01:07:18.698+0000] {processor.py:179} INFO - Processing /usr/local/lib/python3.10/dist-packages/airflow/example_dags/subdags/subdag.py took 0.019 seconds
[2023-11-28T01:07:51.169+0000] {processor.py:157} INFO - Started process (PID=6159) to work on /usr/local/lib/python3.10/dist-packages/airflow/example_dags/subdags/subdag.py
[2023-11-28T01:07:51.170+0000] {processor.py:829} INFO - Processing file /usr/local/lib/python3.10/dist-packages/airflow/example_dags/subdags/subdag.py for tasks to queue
[2023-11-28T01:07:51.171+0000] {logging_mixin.py:154} INFO - [2023-11-28T01:07:51.170+0000] {dagbag.py:536} INFO - Filling up the DagBag from /usr/local/lib/python3.10/dist-packages/airflow/example_dags/subdags/subdag.py
[2023-11-28T01:07:51.173+0000] {processor.py:841} WARNING - No viable dags retrieved from /usr/local/lib/python3.10/dist-packages/airflow/example_dags/subdags/subdag.py
[2023-11-28T01:07:51.184+0000] {processor.py:179} INFO - Processing /usr/local/lib/python3.10/dist-packages/airflow/example_dags/subdags/subdag.py took 0.019 seconds
[2023-11-28T01:08:23.790+0000] {processor.py:157} INFO - Started process (PID=6193) to work on /usr/local/lib/python3.10/dist-packages/airflow/example_dags/subdags/subdag.py
[2023-11-28T01:08:23.792+0000] {processor.py:829} INFO - Processing file /usr/local/lib/python3.10/dist-packages/airflow/example_dags/subdags/subdag.py for tasks to queue
[2023-11-28T01:08:23.793+0000] {logging_mixin.py:154} INFO - [2023-11-28T01:08:23.792+0000] {dagbag.py:536} INFO - Filling up the DagBag from /usr/local/lib/python3.10/dist-packages/airflow/example_dags/subdags/subdag.py
[2023-11-28T01:08:23.795+0000] {processor.py:841} WARNING - No viable dags retrieved from /usr/local/lib/python3.10/dist-packages/airflow/example_dags/subdags/subdag.py
[2023-11-28T01:08:23.806+0000] {processor.py:179} INFO - Processing /usr/local/lib/python3.10/dist-packages/airflow/example_dags/subdags/subdag.py took 0.019 seconds
[2023-11-28T01:09:07.123+0000] {processor.py:157} INFO - Started process (PID=6240) to work on /usr/local/lib/python3.10/dist-packages/airflow/example_dags/subdags/subdag.py
[2023-11-28T01:09:07.124+0000] {processor.py:829} INFO - Processing file /usr/local/lib/python3.10/dist-packages/airflow/example_dags/subdags/subdag.py for tasks to queue
[2023-11-28T01:09:07.125+0000] {logging_mixin.py:154} INFO - [2023-11-28T01:09:07.125+0000] {dagbag.py:536} INFO - Filling up the DagBag from /usr/local/lib/python3.10/dist-packages/airflow/example_dags/subdags/subdag.py
[2023-11-28T01:09:07.128+0000] {processor.py:841} WARNING - No viable dags retrieved from /usr/local/lib/python3.10/dist-packages/airflow/example_dags/subdags/subdag.py
[2023-11-28T01:09:07.139+0000] {processor.py:179} INFO - Processing /usr/local/lib/python3.10/dist-packages/airflow/example_dags/subdags/subdag.py took 0.019 seconds
[2023-11-28T01:09:53.727+0000] {processor.py:157} INFO - Started process (PID=6289) to work on /usr/local/lib/python3.10/dist-packages/airflow/example_dags/subdags/subdag.py
[2023-11-28T01:09:53.729+0000] {processor.py:829} INFO - Processing file /usr/local/lib/python3.10/dist-packages/airflow/example_dags/subdags/subdag.py for tasks to queue
[2023-11-28T01:09:53.730+0000] {logging_mixin.py:154} INFO - [2023-11-28T01:09:53.729+0000] {dagbag.py:536} INFO - Filling up the DagBag from /usr/local/lib/python3.10/dist-packages/airflow/example_dags/subdags/subdag.py
[2023-11-28T01:09:53.732+0000] {processor.py:841} WARNING - No viable dags retrieved from /usr/local/lib/python3.10/dist-packages/airflow/example_dags/subdags/subdag.py
[2023-11-28T01:09:53.743+0000] {processor.py:179} INFO - Processing /usr/local/lib/python3.10/dist-packages/airflow/example_dags/subdags/subdag.py took 0.020 seconds
[2023-11-28T01:10:40.202+0000] {processor.py:157} INFO - Started process (PID=6336) to work on /usr/local/lib/python3.10/dist-packages/airflow/example_dags/subdags/subdag.py
[2023-11-28T01:10:40.205+0000] {processor.py:829} INFO - Processing file /usr/local/lib/python3.10/dist-packages/airflow/example_dags/subdags/subdag.py for tasks to queue
[2023-11-28T01:10:40.206+0000] {logging_mixin.py:154} INFO - [2023-11-28T01:10:40.206+0000] {dagbag.py:536} INFO - Filling up the DagBag from /usr/local/lib/python3.10/dist-packages/airflow/example_dags/subdags/subdag.py
[2023-11-28T01:10:40.209+0000] {processor.py:841} WARNING - No viable dags retrieved from /usr/local/lib/python3.10/dist-packages/airflow/example_dags/subdags/subdag.py
[2023-11-28T01:10:40.220+0000] {processor.py:179} INFO - Processing /usr/local/lib/python3.10/dist-packages/airflow/example_dags/subdags/subdag.py took 0.021 seconds
[2023-11-28T01:11:26.518+0000] {processor.py:157} INFO - Started process (PID=6384) to work on /usr/local/lib/python3.10/dist-packages/airflow/example_dags/subdags/subdag.py
[2023-11-28T01:11:26.519+0000] {processor.py:829} INFO - Processing file /usr/local/lib/python3.10/dist-packages/airflow/example_dags/subdags/subdag.py for tasks to queue
[2023-11-28T01:11:26.520+0000] {logging_mixin.py:154} INFO - [2023-11-28T01:11:26.520+0000] {dagbag.py:536} INFO - Filling up the DagBag from /usr/local/lib/python3.10/dist-packages/airflow/example_dags/subdags/subdag.py
[2023-11-28T01:11:26.523+0000] {processor.py:841} WARNING - No viable dags retrieved from /usr/local/lib/python3.10/dist-packages/airflow/example_dags/subdags/subdag.py
[2023-11-28T01:11:26.534+0000] {processor.py:179} INFO - Processing /usr/local/lib/python3.10/dist-packages/airflow/example_dags/subdags/subdag.py took 0.020 seconds
[2023-11-28T01:12:11.821+0000] {processor.py:157} INFO - Started process (PID=6430) to work on /usr/local/lib/python3.10/dist-packages/airflow/example_dags/subdags/subdag.py
[2023-11-28T01:12:11.822+0000] {processor.py:829} INFO - Processing file /usr/local/lib/python3.10/dist-packages/airflow/example_dags/subdags/subdag.py for tasks to queue
[2023-11-28T01:12:11.823+0000] {logging_mixin.py:154} INFO - [2023-11-28T01:12:11.823+0000] {dagbag.py:536} INFO - Filling up the DagBag from /usr/local/lib/python3.10/dist-packages/airflow/example_dags/subdags/subdag.py
[2023-11-28T01:12:11.826+0000] {processor.py:841} WARNING - No viable dags retrieved from /usr/local/lib/python3.10/dist-packages/airflow/example_dags/subdags/subdag.py
[2023-11-28T01:12:11.836+0000] {processor.py:179} INFO - Processing /usr/local/lib/python3.10/dist-packages/airflow/example_dags/subdags/subdag.py took 0.019 seconds
[2023-11-28T01:12:55.402+0000] {processor.py:157} INFO - Started process (PID=6477) to work on /usr/local/lib/python3.10/dist-packages/airflow/example_dags/subdags/subdag.py
[2023-11-28T01:12:55.403+0000] {processor.py:829} INFO - Processing file /usr/local/lib/python3.10/dist-packages/airflow/example_dags/subdags/subdag.py for tasks to queue
[2023-11-28T01:12:55.405+0000] {logging_mixin.py:154} INFO - [2023-11-28T01:12:55.404+0000] {dagbag.py:536} INFO - Filling up the DagBag from /usr/local/lib/python3.10/dist-packages/airflow/example_dags/subdags/subdag.py
[2023-11-28T01:12:55.407+0000] {processor.py:841} WARNING - No viable dags retrieved from /usr/local/lib/python3.10/dist-packages/airflow/example_dags/subdags/subdag.py
[2023-11-28T01:12:55.418+0000] {processor.py:179} INFO - Processing /usr/local/lib/python3.10/dist-packages/airflow/example_dags/subdags/subdag.py took 0.019 seconds
[2023-11-28T01:13:42.115+0000] {processor.py:157} INFO - Started process (PID=6524) to work on /usr/local/lib/python3.10/dist-packages/airflow/example_dags/subdags/subdag.py
[2023-11-28T01:13:42.117+0000] {processor.py:829} INFO - Processing file /usr/local/lib/python3.10/dist-packages/airflow/example_dags/subdags/subdag.py for tasks to queue
[2023-11-28T01:13:42.118+0000] {logging_mixin.py:154} INFO - [2023-11-28T01:13:42.118+0000] {dagbag.py:536} INFO - Filling up the DagBag from /usr/local/lib/python3.10/dist-packages/airflow/example_dags/subdags/subdag.py
[2023-11-28T01:13:42.121+0000] {processor.py:841} WARNING - No viable dags retrieved from /usr/local/lib/python3.10/dist-packages/airflow/example_dags/subdags/subdag.py
[2023-11-28T01:13:42.132+0000] {processor.py:179} INFO - Processing /usr/local/lib/python3.10/dist-packages/airflow/example_dags/subdags/subdag.py took 0.021 seconds
[2023-11-28T01:14:16.617+0000] {processor.py:157} INFO - Started process (PID=6560) to work on /usr/local/lib/python3.10/dist-packages/airflow/example_dags/subdags/subdag.py
[2023-11-28T01:14:16.619+0000] {processor.py:829} INFO - Processing file /usr/local/lib/python3.10/dist-packages/airflow/example_dags/subdags/subdag.py for tasks to queue
[2023-11-28T01:14:16.619+0000] {logging_mixin.py:154} INFO - [2023-11-28T01:14:16.619+0000] {dagbag.py:536} INFO - Filling up the DagBag from /usr/local/lib/python3.10/dist-packages/airflow/example_dags/subdags/subdag.py
[2023-11-28T01:14:16.622+0000] {processor.py:841} WARNING - No viable dags retrieved from /usr/local/lib/python3.10/dist-packages/airflow/example_dags/subdags/subdag.py
[2023-11-28T01:14:16.632+0000] {processor.py:179} INFO - Processing /usr/local/lib/python3.10/dist-packages/airflow/example_dags/subdags/subdag.py took 0.019 seconds
[2023-11-28T01:14:57.023+0000] {processor.py:157} INFO - Started process (PID=6611) to work on /usr/local/lib/python3.10/dist-packages/airflow/example_dags/subdags/subdag.py
[2023-11-28T01:14:57.024+0000] {processor.py:829} INFO - Processing file /usr/local/lib/python3.10/dist-packages/airflow/example_dags/subdags/subdag.py for tasks to queue
[2023-11-28T01:14:57.025+0000] {logging_mixin.py:154} INFO - [2023-11-28T01:14:57.024+0000] {dagbag.py:536} INFO - Filling up the DagBag from /usr/local/lib/python3.10/dist-packages/airflow/example_dags/subdags/subdag.py
[2023-11-28T01:14:57.027+0000] {processor.py:841} WARNING - No viable dags retrieved from /usr/local/lib/python3.10/dist-packages/airflow/example_dags/subdags/subdag.py
[2023-11-28T01:14:57.039+0000] {processor.py:179} INFO - Processing /usr/local/lib/python3.10/dist-packages/airflow/example_dags/subdags/subdag.py took 0.020 seconds
[2023-11-28T01:15:42.802+0000] {processor.py:157} INFO - Started process (PID=6658) to work on /usr/local/lib/python3.10/dist-packages/airflow/example_dags/subdags/subdag.py
[2023-11-28T01:15:42.803+0000] {processor.py:829} INFO - Processing file /usr/local/lib/python3.10/dist-packages/airflow/example_dags/subdags/subdag.py for tasks to queue
[2023-11-28T01:15:42.804+0000] {logging_mixin.py:154} INFO - [2023-11-28T01:15:42.804+0000] {dagbag.py:536} INFO - Filling up the DagBag from /usr/local/lib/python3.10/dist-packages/airflow/example_dags/subdags/subdag.py
[2023-11-28T01:15:42.807+0000] {processor.py:841} WARNING - No viable dags retrieved from /usr/local/lib/python3.10/dist-packages/airflow/example_dags/subdags/subdag.py
[2023-11-28T01:15:42.818+0000] {processor.py:179} INFO - Processing /usr/local/lib/python3.10/dist-packages/airflow/example_dags/subdags/subdag.py took 0.020 seconds
[2023-11-28T01:16:26.809+0000] {processor.py:157} INFO - Started process (PID=6703) to work on /usr/local/lib/python3.10/dist-packages/airflow/example_dags/subdags/subdag.py
[2023-11-28T01:16:26.813+0000] {processor.py:829} INFO - Processing file /usr/local/lib/python3.10/dist-packages/airflow/example_dags/subdags/subdag.py for tasks to queue
[2023-11-28T01:16:26.814+0000] {logging_mixin.py:154} INFO - [2023-11-28T01:16:26.814+0000] {dagbag.py:536} INFO - Filling up the DagBag from /usr/local/lib/python3.10/dist-packages/airflow/example_dags/subdags/subdag.py
[2023-11-28T01:16:26.817+0000] {processor.py:841} WARNING - No viable dags retrieved from /usr/local/lib/python3.10/dist-packages/airflow/example_dags/subdags/subdag.py
[2023-11-28T01:16:26.829+0000] {processor.py:179} INFO - Processing /usr/local/lib/python3.10/dist-packages/airflow/example_dags/subdags/subdag.py took 0.024 seconds
[2023-11-28T01:17:11.071+0000] {processor.py:157} INFO - Started process (PID=6757) to work on /usr/local/lib/python3.10/dist-packages/airflow/example_dags/subdags/subdag.py
[2023-11-28T01:17:11.072+0000] {processor.py:829} INFO - Processing file /usr/local/lib/python3.10/dist-packages/airflow/example_dags/subdags/subdag.py for tasks to queue
[2023-11-28T01:17:11.073+0000] {logging_mixin.py:154} INFO - [2023-11-28T01:17:11.073+0000] {dagbag.py:536} INFO - Filling up the DagBag from /usr/local/lib/python3.10/dist-packages/airflow/example_dags/subdags/subdag.py
[2023-11-28T01:17:11.076+0000] {processor.py:841} WARNING - No viable dags retrieved from /usr/local/lib/python3.10/dist-packages/airflow/example_dags/subdags/subdag.py
[2023-11-28T01:17:11.086+0000] {processor.py:179} INFO - Processing /usr/local/lib/python3.10/dist-packages/airflow/example_dags/subdags/subdag.py took 0.019 seconds
[2023-11-28T01:17:45.903+0000] {processor.py:157} INFO - Started process (PID=6791) to work on /usr/local/lib/python3.10/dist-packages/airflow/example_dags/subdags/subdag.py
[2023-11-28T01:17:45.905+0000] {processor.py:829} INFO - Processing file /usr/local/lib/python3.10/dist-packages/airflow/example_dags/subdags/subdag.py for tasks to queue
[2023-11-28T01:17:45.905+0000] {logging_mixin.py:154} INFO - [2023-11-28T01:17:45.905+0000] {dagbag.py:536} INFO - Filling up the DagBag from /usr/local/lib/python3.10/dist-packages/airflow/example_dags/subdags/subdag.py
[2023-11-28T01:17:45.908+0000] {processor.py:841} WARNING - No viable dags retrieved from /usr/local/lib/python3.10/dist-packages/airflow/example_dags/subdags/subdag.py
[2023-11-28T01:17:45.918+0000] {processor.py:179} INFO - Processing /usr/local/lib/python3.10/dist-packages/airflow/example_dags/subdags/subdag.py took 0.019 seconds
[2023-11-28T01:18:28.350+0000] {processor.py:157} INFO - Started process (PID=6836) to work on /usr/local/lib/python3.10/dist-packages/airflow/example_dags/subdags/subdag.py
[2023-11-28T01:18:28.351+0000] {processor.py:829} INFO - Processing file /usr/local/lib/python3.10/dist-packages/airflow/example_dags/subdags/subdag.py for tasks to queue
[2023-11-28T01:18:28.352+0000] {logging_mixin.py:154} INFO - [2023-11-28T01:18:28.352+0000] {dagbag.py:536} INFO - Filling up the DagBag from /usr/local/lib/python3.10/dist-packages/airflow/example_dags/subdags/subdag.py
[2023-11-28T01:18:28.355+0000] {processor.py:841} WARNING - No viable dags retrieved from /usr/local/lib/python3.10/dist-packages/airflow/example_dags/subdags/subdag.py
[2023-11-28T01:18:28.365+0000] {processor.py:179} INFO - Processing /usr/local/lib/python3.10/dist-packages/airflow/example_dags/subdags/subdag.py took 0.018 seconds
[2023-11-28T01:19:14.798+0000] {processor.py:157} INFO - Started process (PID=6885) to work on /usr/local/lib/python3.10/dist-packages/airflow/example_dags/subdags/subdag.py
[2023-11-28T01:19:14.799+0000] {processor.py:829} INFO - Processing file /usr/local/lib/python3.10/dist-packages/airflow/example_dags/subdags/subdag.py for tasks to queue
[2023-11-28T01:19:14.800+0000] {logging_mixin.py:154} INFO - [2023-11-28T01:19:14.800+0000] {dagbag.py:536} INFO - Filling up the DagBag from /usr/local/lib/python3.10/dist-packages/airflow/example_dags/subdags/subdag.py
[2023-11-28T01:19:14.803+0000] {processor.py:841} WARNING - No viable dags retrieved from /usr/local/lib/python3.10/dist-packages/airflow/example_dags/subdags/subdag.py
[2023-11-28T01:19:14.814+0000] {processor.py:179} INFO - Processing /usr/local/lib/python3.10/dist-packages/airflow/example_dags/subdags/subdag.py took 0.019 seconds
