[2023-12-03T18:47:08.033+0000] {taskinstance.py:1159} INFO - Dependencies all met for dep_context=non-requeueable deps ti=<TaskInstance: zillow_analytics_dag.tsk_transfer_s3_to_redshift manual__2023-12-03T18:41:27.943540+00:00 [queued]>
[2023-12-03T18:47:08.041+0000] {taskinstance.py:1159} INFO - Dependencies all met for dep_context=requeueable deps ti=<TaskInstance: zillow_analytics_dag.tsk_transfer_s3_to_redshift manual__2023-12-03T18:41:27.943540+00:00 [queued]>
[2023-12-03T18:47:08.041+0000] {taskinstance.py:1361} INFO - Starting attempt 1 of 3
[2023-12-03T18:47:08.056+0000] {taskinstance.py:1382} INFO - Executing <Task(S3ToRedshiftOperator): tsk_transfer_s3_to_redshift> on 2023-12-03 18:41:27.943540+00:00
[2023-12-03T18:47:08.061+0000] {standard_task_runner.py:57} INFO - Started process 46890 to run task
[2023-12-03T18:47:08.064+0000] {standard_task_runner.py:84} INFO - Running: ['airflow', 'tasks', 'run', 'zillow_analytics_dag', 'tsk_transfer_s3_to_redshift', 'manual__2023-12-03T18:41:27.943540+00:00', '--job-id', '128', '--raw', '--subdir', '/home/ubuntu/airflow/dags', '--cfg-path', '/tmp/tmp6k_cqlog']
[2023-12-03T18:47:08.066+0000] {standard_task_runner.py:85} INFO - Job 128: Subtask tsk_transfer_s3_to_redshift
[2023-12-03T18:47:08.101+0000] {task_command.py:416} INFO - Running <TaskInstance: zillow_analytics_dag.tsk_transfer_s3_to_redshift manual__2023-12-03T18:41:27.943540+00:00 [running]> on host ip-172-31-24-255.us-west-2.compute.internal
[2023-12-03T18:47:08.176+0000] {taskinstance.py:1662} INFO - Exporting env vars: AIRFLOW_CTX_DAG_EMAIL='myemail@domain.com' AIRFLOW_CTX_DAG_OWNER='airflow' AIRFLOW_CTX_DAG_ID='zillow_analytics_dag' AIRFLOW_CTX_TASK_ID='tsk_transfer_s3_to_redshift' AIRFLOW_CTX_EXECUTION_DATE='2023-12-03T18:41:27.943540+00:00' AIRFLOW_CTX_TRY_NUMBER='1' AIRFLOW_CTX_DAG_RUN_ID='manual__2023-12-03T18:41:27.943540+00:00'
[2023-12-03T18:47:08.181+0000] {base.py:73} INFO - Using connection ID 'aws_s3_conn' for task execution.
[2023-12-03T18:47:08.184+0000] {base.py:73} INFO - Using connection ID 'aws_s3_conn' for task execution.
[2023-12-03T18:47:08.184+0000] {connection_wrapper.py:378} INFO - AWS Connection (conn_id='aws_s3_conn', conn_type='aws') credentials retrieved from login and password.
[2023-12-03T18:47:08.196+0000] {s3_to_redshift.py:192} INFO - Executing COPY command...
[2023-12-03T18:47:08.199+0000] {base.py:73} INFO - Using connection ID 'conn_id_redshift' for task execution.
[2023-12-03T18:47:09.051+0000] {sql.py:418} INFO - Running statement: 
                    COPY PUBLIC.zillowdata 
                    FROM 's3://myawsbucket-new/response_data_03122023184635.csv'
                    credentials
                    'aws_access_key_id=AKIA3DHIOLRUR45NCZ37;aws_secret_access_key=***'
                    
                    csv IGNOREHEADER 1;
        , parameters: None
[2023-12-03T18:47:09.733+0000] {s3_to_redshift.py:197} INFO - COPY command complete...
[2023-12-03T18:47:09.739+0000] {taskinstance.py:1400} INFO - Marking task as SUCCESS. dag_id=zillow_analytics_dag, task_id=tsk_transfer_s3_to_redshift, execution_date=20231203T184127, start_date=20231203T184708, end_date=20231203T184709
[2023-12-03T18:47:09.762+0000] {local_task_job_runner.py:228} INFO - Task exited with return code 0
[2023-12-03T18:47:09.775+0000] {taskinstance.py:2778} INFO - 0 downstream tasks scheduled from follow-on schedule check
