2023-12-01 19:30:51.053 [info] Extension host with pid 39752 started
2023-12-01 19:30:51.111 [info] Lock '/home/ubuntu/.vscode-server/data/User/workspaceStorage/e6a9c30d3afb5f68f7fed902b5d825d5/vscode.lock': Lock acquired.
2023-12-01 19:30:51.460 [info] ExtensionService#_doActivateExtension vscode.ipynb, startup: false, activationEvent: 'onNotebookSerializer:jupyter-notebook'
2023-12-01 19:30:51.466 [info] ExtensionService#_doActivateExtension vscode.emmet, startup: false, activationEvent: 'onLanguage'
2023-12-01 19:30:51.893 [info] ExtensionService#_doActivateExtension ms-python.python, startup: false, activationEvent: 'onLanguage:python'
2023-12-01 19:30:52.291 [info] ExtensionService#_doActivateExtension vscode.git-base, startup: true, activationEvent: '*', root cause: vscode.git
2023-12-01 19:30:53.262 [info] ExtensionService#_doActivateExtension vscode.git, startup: true, activationEvent: '*'
2023-12-01 19:30:53.262 [info] ExtensionService#_doActivateExtension vscode.github, startup: true, activationEvent: '*'
2023-12-01 19:30:53.786 [info] ExtensionService#_doActivateExtension ms-python.vscode-pylance, startup: false, activationEvent: 'onLanguage:python'
2023-12-01 19:30:54.432 [info] Eager extensions activated
2023-12-01 19:30:54.433 [info] ExtensionService#_doActivateExtension vscode.debug-auto-launch, startup: false, activationEvent: 'onStartupFinished'
2023-12-01 19:30:54.434 [info] ExtensionService#_doActivateExtension vscode.merge-conflict, startup: false, activationEvent: 'onStartupFinished'
2023-12-01 22:33:45.062 [info] Extension host terminating: renderer disconnected for too long (1)
2023-12-01 22:33:45.063 [info] Lock '/home/ubuntu/.vscode-server/data/User/workspaceStorage/e6a9c30d3afb5f68f7fed902b5d825d5/vscode.lock': Marking the lockfile as scheduled to be released in 6000 ms.
2023-12-01 22:33:45.089 [error] TypeError: e.clear is not a function
	at _.cleanUp (/home/ubuntu/.vscode-server/extensions/ms-python.python-2023.20.0/out/client/extension.js:2:2412859)
	at _.shutdown (/home/ubuntu/.vscode-server/extensions/ms-python.python-2023.20.0/out/client/extension.js:2:2412035)
	at _.stop (/home/ubuntu/.vscode-server/extensions/ms-python.python-2023.20.0/out/client/extension.js:2:2411463)
	at _.stop (/home/ubuntu/.vscode-server/extensions/ms-python.python-2023.20.0/out/client/extension.js:2:2577851)
	at Object.stop (/home/ubuntu/.vscode-server/extensions/ms-python.python-2023.20.0/out/client/extension.js:2:52694)
	at Object.stop (/home/ubuntu/.vscode-server/extensions/ms-python.vscode-pylance-2023.11.10/dist/extension.bundle.js:1:167359)
	at _0x245439.<computed>._stopClient (/home/ubuntu/.vscode-server/extensions/ms-python.vscode-pylance-2023.11.10/dist/extension.bundle.js:1:110667)
	at _0x245439.<computed>._createNewRequest (/home/ubuntu/.vscode-server/extensions/ms-python.vscode-pylance-2023.11.10/dist/extension.bundle.js:1:110246)
	at runNextTicks (node:internal/process/task_queues:60:5)
	at listOnTimeout (node:internal/timers:538:9)
	at process.processTimers (node:internal/timers:512:7)
2023-12-01 22:33:45.089 [error] TypeError: e.clear is not a function
	at _.cleanUp (/home/ubuntu/.vscode-server/extensions/ms-python.python-2023.20.0/out/client/extension.js:2:2412859)
	at _.shutdown (/home/ubuntu/.vscode-server/extensions/ms-python.python-2023.20.0/out/client/extension.js:2:2412035)
	at _.stop (/home/ubuntu/.vscode-server/extensions/ms-python.python-2023.20.0/out/client/extension.js:2:2411463)
	at _.stop (/home/ubuntu/.vscode-server/extensions/ms-python.python-2023.20.0/out/client/extension.js:2:2577851)
	at Object.stop (/home/ubuntu/.vscode-server/extensions/ms-python.python-2023.20.0/out/client/extension.js:2:52694)
	at Object.stop (/home/ubuntu/.vscode-server/extensions/ms-python.vscode-pylance-2023.11.10/dist/extension.bundle.js:1:167359)
	at _0x245439.<computed>._stopClient (/home/ubuntu/.vscode-server/extensions/ms-python.vscode-pylance-2023.11.10/dist/extension.bundle.js:1:110667)
	at _0x245439.<computed>._createNewRequest (/home/ubuntu/.vscode-server/extensions/ms-python.vscode-pylance-2023.11.10/dist/extension.bundle.js:1:110246)
	at runNextTicks (node:internal/process/task_queues:60:5)
	at listOnTimeout (node:internal/timers:538:9)
	at process.processTimers (node:internal/timers:512:7)
2023-12-01 22:33:45.089 [info] Extension host with pid 39752 exiting with code 0
